Brightmere Windbridge Stonefair Seamoor Northwynne Westvale Seamoor Esterash Windbridge Morwall Orbarrow Verthedge Ironshore Orbarrow Fieldedge Clearnesse Stonefair Esterash Brightrock Rosegate Redlake Valhaven Greyice Mallowway Irondeer Greyice Ironriver Newmill Deephedge Newby Erilyn Mallowbridge Blackbush Wolflea Redwell Bushgate Wolflea Southpine Erilyn Summermage Clearland Erilyn Silverbarrow Westerlight Erilyn Violetley Newby Flowermill Ostwynne Wellmage Freymere Wooddell Southwheat Wellmage Wooddell Shoreburn Violetfay Goldwyvern Corbank Icenesse Greensummer Snowsage Northriver Orfort Oldmoor Butterway Bluedale Goldcrest Foxvale Applecastle Snowsage Foxvale Northriver Oakmere Wellbank Corbank Wellmage Lightmere Esterfall Ostwynne Ironriver Eastcastle Starryhill Fairice Eriwall Snowshore Woodice Greenshore Springfox Mistshore Greenshore Eastcastle Woodice Eriwall Fairsage Dellwyn Silverwitch Silverlea Mallowness Freyview Bluelake Fogland Foxhaven Buttermead Janholt Freyview Westmill Butterbush Bluedell Highmont Stoneglass Courtwall Bluedell Freyview Newley Flowerfield Bluewyn Courtcastle Coldville Courtedge Rosemill Butterhill Morwald Courtedge Courtcastle Eastcastle Strongfall Marbleiron Wildemarsh Windbridge Lochmage Brightmere
50
Marbleiron Marbleiron
Courtcastle Courtcastle
Ironriver Ironriver
Courtwall Courtwall
Morwald Morwald
Clearnesse Clearnesse
Valhaven Valhaven
Buttermead Buttermead
Violetley Violetley
Westvale Westvale
Woodice Woodice
Esterfall Esterfall
Eriwall Eriwall
Goldwyvern Goldwyvern
Newby Newby
Foxvale Foxvale
Morwall Morwall
Oakmere Oakmere
Foxhaven Foxhaven
Freyview Freyview
Ironshore Ironshore
Oldmoor Oldmoor
Dellwyn Dellwyn
Butterbush Butterbush
Corbank Corbank
Esterash Esterash
Stonefair Stonefair
Westerlight Westerlight
Clearland Clearland
Bushgate Bushgate
Brightmere Brightmere
Stoneglass Stoneglass
Wildemarsh Wildemarsh
Wellmage Wellmage
Snowshore Snowshore
Irondeer Irondeer
Lightmere Lightmere
Southwheat Southwheat
Westmill Westmill
Lochmage Lochmage
Shoreburn Shoreburn
Erilyn Erilyn
Eastcastle Eastcastle
Rosemill Rosemill
Wolflea Wolflea
Greenshore Greenshore
Bluedell Bluedell
Newley Newley
Fairsage Fairsage
Greyice Greyice
