Shoreburn Bluelake Strongcrest Greyston Bluelake Redlake Mistwick Westmill Northwynne Freymere Prybourne Rosebeech Buttermead Freymere Fairice Bluewyn Linville Morwald Fogmarsh Applecastle Violetfay Redfox Morwald Clearland Deephedge Marblehaven Courtwall Valtown Fallwilde Courtwall Flowerfield Mallowbridge Ironriver Rosemill Newmill Hollowwynne Orwyn Butterhill Lochmage Hollowwynne Stoneglass Newmill Ironriver Ironshore Fairfort Deephedge Westerhedge Irondeer Freyview Newby Irondeer Ostham Clearland Aldley Newwolf Eastcastle Woodice Icebridge Shadowhaven Valhaven Wellbank Janholt Highhaven Wellbank Coldedge Wildemill Northmount Mormead Eriwall Wolflea Windkeep Valhaven Starryhill Ostwynne Dellwyn Mistshore Icebridge Mallowway Woodice Aldley Greygrass Shadowgrass Goldsea Corhill Freyville Southpine Icenesse Icecoast Deephollow Southpine Shadowgrass Bluedale Goldsea Greygrass Silverlea Deerdell Bysummer Foxvale Deerdell Rosemoor Silverwitch Valwald Wayhill Silverlea Corwald Butterway Silverlea Rosemist Esterash Butterway Seamoor Aelmoor Merrowwall Flowermill Aelmoor Stonecrystal Windbridge Foxhaven Stonecrystal Bluewyn Brightelf Stonewolf Strongdell Brightmere Stonewolf Eastwald Courtbush Butterbush Rosegate Fairsage Strongfall Bluebeech Westvale Coastport Blackbush Fieldedge Clearnesse Blackbush Lightkeep Courtedge Coldville Stonemarble Esterfall Courtedge Springfalcon Esterfall Rosegate Orbarrow Butterbush Fogland Brightrock Wildemarsh Fogland Oakmere Greensummer Orfort Oakmere Courtbush Redby Eastwald Marbleiron Wellmage Wildespell Cormeadow Wellmage Stoneiron Iceelf Bellhollow Starrywolf Wellwick Violetrose Starrywolf Silverbarrow Iceley Snowshore Silverbarrow Shadowmaple Highwell Bellhollow Courtcastle Highwell Morwall Linville Fairice Cleargrass Strongford Meadowhollow Deercastle Strongford Fallden Mistwick Ironhedge Pinepond Redwell Erilyn Whiteelf Shorebarrow Winterland Blackburn Rosefalcon Winternesse Blackburn Shorebarrow Springburn Osttown Ostcliff Aelhurst Goldcrest Lightmere Lochcourt Stonefair Goldcrest Aelbush Wintershore Mallowness Greyice Snowsage Hollowham Goldwyvern Snowsage Barrowdale Newley Wintershore Snowwinter Springfox Springburn Highmont Shorebarrow Violetley Crystalsage Verthedge Osttown Wooddell Oldmoor Osttown Southwheat Greymill Roseacre Greenshore Bluedell Aldbay Pryland Rosebridge Bluedell Corbank Bushgate Vertbay Westerlight Windcliff Bushgate Westerlight Fallden Northriver Pinepond Rockmount Springwynne Wintercourt Summermage Ironhedge Redlake Greencliff Shoreburn
100
Marbleiron Marbleiron
Courtcastle Courtcastle
Ironriver Ironriver
Courtwall Courtwall
Morwald Morwald
Clearnesse Clearnesse
Valhaven Valhaven
Buttermead Buttermead
Violetley Violetley
Westvale Westvale
Woodice Woodice
Esterfall Esterfall
Eriwall Eriwall
Goldwyvern Goldwyvern
Newby Newby
Foxvale Foxvale
Morwall Morwall
Oakmere Oakmere
Foxhaven Foxhaven
Freyview Freyview
Ironshore Ironshore
Oldmoor Oldmoor
Dellwyn Dellwyn
Butterbush Butterbush
Corbank Corbank
Esterash Esterash
Stonefair Stonefair
Westerlight Westerlight
Clearland Clearland
Bushgate Bushgate
Brightmere Brightmere
Stoneglass Stoneglass
Wildemarsh Wildemarsh
Wellmage Wellmage
Snowshore Snowshore
Irondeer Irondeer
Lightmere Lightmere
Southwheat Southwheat
Westmill Westmill
Lochmage Lochmage
Shoreburn Shoreburn
Erilyn Erilyn
Eastcastle Eastcastle
Rosemill Rosemill
Wolflea Wolflea
Greenshore Greenshore
Bluedell Bluedell
Newley Newley
Fairsage Fairsage
Greyice Greyice
Greensummer Greensummer
Southpine Southpine
Ostwynne Ostwynne
Violetfay Violetfay
Northwynne Northwynne
Redlake Redlake
Butterway Butterway
Brightrock Brightrock
Fogland Fogland
Silverwitch Silverwitch
Butterhill Butterhill
Deephedge Deephedge
Flowerfield Flowerfield
Coldville Coldville
Mallowbridge Mallowbridge
Blackbush Blackbush
Bluewyn Bluewyn
Silverbarrow Silverbarrow
Rosegate Rosegate
Freymere Freymere
Newmill Newmill
Icenesse Icenesse
Mallowness Mallowness
Fieldedge Fieldedge
Verthedge Verthedge
Highmont Highmont
Mistshore Mistshore
Applecastle Applecastle
Bluedale Bluedale
Orbarrow Orbarrow
Strongfall Strongfall
Silverlea Silverlea
Mallowway Mallowway
Flowermill Flowermill
Seamoor Seamoor
Northriver Northriver
Starryhill Starryhill
Wooddell Wooddell
Wellbank Wellbank
Janholt Janholt
Bluelake Bluelake
Orfort Orfort
Redwell Redwell
Springfox Springfox
Summermage Summermage
Goldcrest Goldcrest
Courtedge Courtedge
Fairice Fairice
Snowsage Snowsage
Windbridge Windbridge
