FacultyClub Durham HealthServices BanwayBuilding TAAP Warren PacificFilmArchive TAAP MathLibrary Investigative MartinezCommons PhysicsLibrary NorthGate OptometryLibrary Library NorthGate UniversityHouse SproulPlaza FoundersRock CesarChavez Giauque SutardjaDai StudentUnion EarthLibrary CesarChavez OBrien Koshland MelvinLaboratory Campbell FPF Underhill UpperHearstParking HearstFountain StowPlaza CareerCenter HearstFountain EthnicLibrary HearstFieldAnnex Sproul AquaticCenter AnthropologyLibrary Sproul SimpsonCenter BancroftLibrary AndersenAuditorium Stephens Morrison UpperHearstParking Underhill FPF Birge Wellman MaxwellField WooHonFai Wellman Bowles Stanley AlumniHouse VisualCenter MLK CITRIS Soda AlumniHouse MediaCenter Stanley BioscienceLibrary Hilgard HearstGreekTheatre LawSchool SEAsianLibrary Hildebrand Senior SpringerGateway DonnerLaboratory Hildebrand SocialLibrary Etcheverry MLK LeConte MediaCenter IdaHouse ArtHistoryLibrary Durant BancroftDance NewspapersLibrary LawrenceofScience BancroftDance Evans BrainImagingCenter Bechtel EnergyBuilding McCone Unit3 BerkeleyWayWest Jacobs Manville Unit3 HearstGym Davis LatinAmerican FoxCottage Davis EnergyBuilding McCone Mulford Latimer MSRI EngineeringLibrary Boalt Latimer Mulford Evans Spieker MartinezCommons BerkeleyLawLibrary VLSB HealthServices EarthquakeLibrary FacultyClub Wheeler Cheit IRLE FacultyClub
49
FacultyClub FacultyClub
BioscienceLibrary BioscienceLibrary
SutardjaDai SutardjaDai
Etcheverry Etcheverry
SproulPlaza SproulPlaza
Hilgard Hilgard
StudentUnion StudentUnion
EarthquakeLibrary EarthquakeLibrary
UniversityHouse UniversityHouse
LawrenceofScience LawrenceofScience
Jacobs Pimentel Jacobs
Mulford Mulford
CareerCenter CareerCenter
HearstGym HearstGym
Durham Durham
OBrien OBrien
Library Library
Spieker Spieker
FPF FPF
PacificFilmArchive PacificFilmArchive
BrainImagingCenter BrainImagingCenter
Morrison Morrison
Wheeler Wheeler
Cheit Cheit
Manville Manville
Koshland Koshland
Investigative Investigative
EarthLibrary EarthLibrary
EnergyBuilding EnergyBuilding
MediaCenter MediaCenter
StowPlaza StowPlaza
MartinezCommons MartinezCommons
MelvinLaboratory MelvinLaboratory
BancroftDance BancroftDance
AndersenAuditorium AndersenAuditorium
Unit3 Unit3
AnthropologyLibrary AnthropologyLibrary
Stephens Stephens
McCone InternationalHouse
OptometryLibrary OptometryLibrary
IRLE IRLE
SpringerGateway SpringerGateway
DonnerLaboratory DonnerLaboratory
ArtHistoryLibrary ArtHistoryLibrary
Sproul Sproul
Birge Birge
CITRIS CITRIS
NewspapersLibrary NewspapersLibrary
Warren Warren
