FacultyClub MLK Moses SoutheastAsian Minor EnvDesignLibrary BrainImagingCenter SocialLibrary Barrows Gilman Morgan LBNL EastAsianLibrary HealthServices LBNL McLaughlin PhysicsLibrary EastAsianLibrary Evans MoffittLibrary Wheeler SpaceLab ChildCenter Soda SpaceLab VLSBAddition CareerCenter Wheeler LiKaShingCenter Wellman FSM Haas FoundersRock InsectaryGreenhouse RegionalLibrary Lewis Blackwell Jacobs OptometryLibrary CesarChavez UniversityHouse OxfordResearchUnit Warren Haas Durant FSM Blum JuliaMorgan SharedServices Wellman Simon EnergyBuilding IdaHouse VLSB GoldmanSchool HearstFountain Stanley Jacobs BioscienceLibrary InsectaryGreenhouse SEAsianLibrary FoundersRock EngineeringLibrary GraduateServices NatrLaboratory DataLab CounselingLibrary LeConte Campbell IRLE WestGate BAMPFA IRLE SpringerGateway LeConte RecreationalSports OBrien Stephens Classof54Gate Birge CounselingLibrary DoeMemorialLibrary 1914Fountain HaasClubhouse BerkeleyWayWest NatrLaboratory LatinAmerican BerkeleyWayWest Unit3 HaasClubhouse WomensFacultyClub Durham ArtHistoryLibrary AlumniHouse EastGate ArtHistoryLibrary Boalt LawSchool MSRI Boalt McCone VisitorCenter HearstFieldAnnex NewspapersLibrary AnthropologyLibrary StudentUnion MemorialStadium StowPlaza AnnaHeadAlumnae UCBExtension HearstGreekTheatre Unit1 Hilgard Haviland HaasPavilion Anthony Archaeological PEERLibrary HaasPavilion Hilgard DonnerLaboratory Cory MediaCenter UpperHearstParking InnovationStudio PacificFilmArchive MartinezCommons MemorialPool Demography VisualCenter Tan SummerSession MaxwellField Wurster Latimer SimpsonCenter Wurster PublicAffairs FoxCottage TennisCenter Davis InternationalHouse Tan AndersenAuditorium VisualCenter Eshleman Cheit PacificFilmArchive Barker BancroftParking StowPlaza UCBExtension Foothill Hertz EthnicLibrary Architects Senior EthnicLibrary Parking ChildStudyCenter MusicLibrary LudwigsFountain University LowerHearstParking ChanningBowditch LudwigsFountain MelvinLaboratory ChanningBowditch Investigative Hesse GPB Tang Etcheverry JacksonHouse Underhill LowerHearstParking EarthLibrary TAAP Giannini Manville TAAP TheGlade HearstGym Unit2 Pimentel HearstGym BusinessLibrary NorthGate EarthLibrary Underhill KoretVisitorCenter SproulPlaza LawrenceofScience StudentUnion Sproul BanwayBuilding Zellerbach HearstMining BerkeleyLawLibrary CITRIS OldArtGallery Kroeber ClarkKerrCampus Extension Cal1CardOffice ClarkKerrCampus EllsworthParking Kroeber Spieker Extension South PhilosophyLibrary CalvinLaboratory Giauque BancroftDance Cleary PhilosophyLibrary Mulford Hildebrand EllsworthParking MathLibrary Koshland SatherGate MSRI AquaticCenter GreekTheatre Campanile Chou AquaticCenter Bowles Bechtel WooHonFai BrainImagingCenter Minor Moses MLK BancroftLibrary Library FPF SutardjaDai BancroftLibrary EarthquakeLibrary RSSBuilding Morrison Stern EarthquakeLibrary FacultyClub
100
FacultyClub FacultyClub
BioscienceLibrary BioscienceLibrary
SutardjaDai SutardjaDai
Etcheverry Etcheverry
SproulPlaza SproulPlaza
Hilgard Hilgard
StudentUnion StudentUnion
EarthquakeLibrary EarthquakeLibrary
UniversityHouse UniversityHouse
LawrenceofScience LawrenceofScience
Pimentel Pimentel
Mulford Mulford
CareerCenter CareerCenter
HearstGym HearstGym
Durham Durham
OBrien OBrien
Library Library
Spieker Spieker
FPF FPF
PacificFilmArchive PacificFilmArchive
BrainImagingCenter BrainImagingCenter
Morrison Morrison
Wheeler Wheeler
Cheit Cheit
Manville Manville
Koshland Koshland
Jacobs Jacobs
Investigative Investigative
EarthLibrary EarthLibrary
EnergyBuilding EnergyBuilding
MediaCenter MediaCenter
StowPlaza StowPlaza
MartinezCommons MartinezCommons
MelvinLaboratory MelvinLaboratory
BancroftDance BancroftDance
AndersenAuditorium AndersenAuditorium
Unit3 Unit3
AnthropologyLibrary AnthropologyLibrary
Stephens Stephens
InternationalHouse InternationalHouse
OptometryLibrary OptometryLibrary
IRLE IRLE
SpringerGateway SpringerGateway
DonnerLaboratory DonnerLaboratory
ArtHistoryLibrary ArtHistoryLibrary
Sproul Sproul
Birge Birge
CITRIS CITRIS
NewspapersLibrary NewspapersLibrary
Warren Warren
PhysicsLibrary PhysicsLibrary
CesarChavez CesarChavez
BerkeleyWayWest BerkeleyWayWest
MSRI MSRI
HealthServices HealthServices
WooHonFai WooHonFai
TAAP TAAP
MathLibrary MathLibrary
AquaticCenter AquaticCenter
UpperHearstParking UpperHearstParking
Evans Evans
BancroftLibrary BancroftLibrary
HearstFieldAnnex HearstFieldAnnex
HearstFountain HearstFountain
BerkeleyLawLibrary BerkeleyLawLibrary
Underhill Underhill
Campbell Campbell
Davis Davis
NorthGate NorthGate
Giauque Giauque
AlumniHouse AlumniHouse
Bowles Bowles
Wellman Wellman
VLSB VLSB
Senior Senior
Stanley Stanley
SocialLibrary SocialLibrary
EastAsianLibrary EastAsianLibrary
SimpsonCenter SimpsonCenter
EthnicLibrary EthnicLibrary
FoxCottage FoxCottage
Hildebrand Hildebrand
MaxwellField MaxwellField
SEAsianLibrary SEAsianLibrary
IdaHouse IdaHouse
Bechtel Bechtel
BanwayBuilding BanwayBuilding
EngineeringLibrary EngineeringLibrary
Durant Durant
Soda Soda
McCone McCone
LatinAmerican LatinAmerican
VisualCenter VisualCenter
LawSchool LawSchool
LeConte LeConte
HearstGreekTheatre HearstGreekTheatre
MLK MLK
Boalt Boalt
Latimer Latimer
FoundersRock FoundersRock
