0 169 115 9 192 189 60 112 88 117 31 158 86 116 99 86 44 80 135 44 31 60 148 27 161 196 151 161 27 32 50 76 161 105 42 176 51 145 122 157 181 32 42 95 157 2 3 131 126 13 133 146 97 199 198 26 133 13 3 4 29 123 197 4 22 39 23 66 165 180 171 8 11 30 8 10 138 22 10 8 33 170 111 104 173 110 94 104 173 47 111 170 33 36 160 168 136 174 183 12 17 142 87 185 187 114 66 58 114 140 187 185 190 193 178 49 106 96 137 91 96 178 144 175 49 93 68 108 77 79 48 1 77 40 108 49 63 17 55 15 81 89 83 41 89 15 177 195 119 143 132 84 17 49 178 35 153 109 37 121 59 67 59 179 28 18 67 71 73 125 182 139 150 34 72 139 103 125 46 45 70 7 35 45 6 118 154 186 25 21 14 62 147 118 6 35 74 128 113 52 128 172 120 24 5 52 9 60 155 194 129 20 9 127 102 100 65 102 124 82 130 54 82 19 107 56 85 38 61 19 127 152 98 78 69 43 184 166 156 43 78 167 162 64 124 16 19 56 9 20 0
91
3 3
8 8
13 13
15 15
17 17
18 18
19 19
25 25
26 26
32 32
33 33
35 35
38 38
42 42
44 44
46 46
47 47
48 48
49 49
51 51
52 52
55 55
56 56
58 58
60 60
64 64
65 65
67 67 149
69 69
71 71
73 73
74 74
82 75 82 191
76 76
77 77
80 80
83 83
85 85 92
87 87
88 88
7 90 141
91 91
93 93
94 94
96 96
97 97
99 99
102 102
103 103
105 105
106 106
112 112
113 113
114 114
117 117 134
119 119
120 120
123 123
124 124
131 131
132 132
133 133
135 135
136 136
139 139
140 140
143 143
145 145
148 148
153 153
154 154
155 155
158 158
161 161 188
162 162
167 167
168 168
169 169
170 170
171 171
172 172
173 173
174 174
175 175
177 177
178 178
180 180
181 181
195 195
197 197
199 199
