1 15 8 98 89 18 48 85 39 18 35 23 68 15 69 59 19 38 53 59 94 49 42 46 26 46 42 90 29 69 15 31 67 56 44 71 84 28 66 55 40 60 13 12 22 55 66 28 41 27 28 18 44 95 51 20 33 83 32 82 6 82 32 33 4 52 25 99 3 92 3 96 16 99 3 35 18 48 18 89 36 88 9 43 100 43 9 65 1
41
15 2 15
3 3
4 4 50
6 5 6
56 7
8 8
9 9
92 10
48 11 48
12 12
13 13
43 14 43
16 16
89 17
18 18
19 19
20 20
53 21
22 22 47
23 23
44 24 44
25 25
26 26 37
27 27
28 28
29 29
66 30
31 31
32 32
33 33 34
35 35
36 36
38 38
39 39
40 40
41 41
42 42
100 45
46 46
49 49
51 51
