33 20 100 20 100 20 73 87 80 32 6 81 6 32 89 14 63 66 27 66 63 14 97 14 89 32 38 69 38 37 79 36 53 71 53 36 99 36 79 37 38 52 38 69 67 54 67 69 49 7 82 39 16 94 16 31 60 86 33 20 73 42 93 22 93 42 83 98 91 46 91 98 13 32 80 9 10 90 10 9 3 92 35 5 43 26 76 64 86 33
34
22 2 22
5 5
7 7
97 8 97
9 9
10 10
100 11 95 100
63 12 17 63
13 13
20 15 20
99 19
27 23
94 25 47 94
26 26
16 29
54 30 54
31 31
69 34 69 88
35 35 50
82 40 82
42 42
71 48
37 51
52 52 65
67 57 67
60 60
81 61
64 64
90 68
46 75
79 79
80 80
86 86
89 89
