K AL DC AY EF GM CT AY CQ FJ E AY FC ED GA R GH H T DN FL DE EJ AW GP GL AU DY R DC BR GE AX AL CK EZ CV CK DX AN EY FB BP EY D FZ C FZ AK DE H BM AZ EQ FF DJ GK BJ AZ H EL AK DG BD GT ET C AI P BQ Q FR FK Y GB FN DS DM X FN Y FR CG S FR CN EH CF CN BG Y GJ FG CM CJ AO CI BC CA CP BZ CP B FD DO EN CE CA Z EE EV CL DW CB FI BI FQ AC BS CC DU AL FY O BU AB BA AQ EU BA AQ FA BI AC W O AC FO BB I BI BE GU FT AJ EW AT BE BC N P ES FU CR L Y BH DR GV FT BK GC BO EA BN EX AA ED ER CD BK BN Q BE G BT M DA CS J FV GD DV CP GO J AF DI J DT DP DB GR BW EO AE EU GR DH GS AR EM FM GI FS FM CO J AF DV BY DD AG BV A FP AH M FX DR DQ F AP CU EC GQ DZ EC AV GN U AP FW AS F FH G EP GF ED AD BX GG K
95
A A
B B
C C
D D
E E
F F
G G
H H
I I
J J
K K
L L
M M
N N
O O AM
P P
Q Q
R R
S S
T T
U U
BZ V BZ
W W
X X
Y Y
Z Z
AA AA
AB AB
AC AC
AD AD
AE AE
AF AF
AG AG
AH AH
AI AI
AJ AJ
AK AK
AL AL
AN AN
AO AO
AP AP
AQ AQ
AR AR
AS AS
AT AT
AU AU
AV AV
AW AW
AX AX
AY AY
AZ AZ
BA BA
BB BB
BC BC
BD BD
BE BE
CC BF CC
BG BG
BH BH
BI BI
BJ BJ
BK BK
BR BL BR CH
BM BM
BN BN
BO BO
BP BP
BQ BQ
BS BS
BT BT
BU BU
BV BV
BW BW
BX BX
BY BY
CA CA
CB CB
CD CD
CE CE
CF CF
CG CG
CI CI
CJ CJ
CK CK
CL CL
CM CM
CN CN
CO CO
CP CP
CQ CQ
CR CR
CS CS
CT CT
CU CU
CV CV
