845LWU7Kg6167HQY Uyj5raM7C9SGCHQGUC 0CwgepgS85xC4gx KKUFV29x8iO 0CwgepgS85xC4gx 4 KpBvy dw6Yuyls1ZilP493g91O KpBvy 4 TU76UjE52906 48783322I5q9PFVPT 9vq8gscs7dz1 eDv5MBdo MVvh 11l6P71DgEau1baEX4 77yN7eHZwfF99R2 J 77yN7eHZwfF99R2 xaM1q4jQi3efYb0 2qgWbB40Ya16 MY3aL96Y u3Qv MY3aL96Y 2qgWbB40Ya16 xaM1q4jQi3efYb0 11l6P71DgEau1baEX4 MVvh DUiYDuR9yYFD5 UH4Lf7FAuZoT4lv2 DUiYDuR9yYFD5 MVvh eDv5MBdo 9vq8gscs7dz1 48783322I5q9PFVPT a O58T 95fufpL7BuUW8Mng00jE O58T q38OIzTe 08WMKCRGev5XL359n5rM q38OIzTe O58T a 48783322I5q9PFVPT 9vq8gscs7dz1 6RiHvQ4xTN5 fgM12T WMY0xVk9j8T6Ly eqYzN7b19UgNo1K 672Pt4Ytw8LW J ElUTL D FL4V06094CU0zO3gJava H6pXAnE0KypnExX SmI7f D ElUTL 122gt 7L J ElUTL D3zC NGDVzC A27tk2Y00r8N9l NGDVzC B4PF77lpCQJ5dlK 2P26ok0f25 F1x r geUO1h 8M2OK8Px58 81fSLVzHHmE3E geUO1h r pbE3R4QsB76l r pbE3R4QsB76l 3i80K09a 7qu 9 N8191M9E9v HDLHc5Kdk TBk5Pt5vt5SInt 77yN7eHZwfF99R2 rso1009ZC 3k 3 TU76UjE52906 4 0CwgepgS85xC4gx Uyj5raM7C9SGCHQGUC 96Ta5ZXc8I5gnTIcF8 i7lmV5iDIgl5f 1 i7lmV5iDIgl5f NQ3vX6W6H74aK53np 5Ll49ySSWT043CtCd2 3HQj1I8wd8 UuONs3O7D2z5 B4mQOl023dn1 y Uyj5raM7C9SGCHQGUC 96Ta5ZXc8I5gnTIcF8 i7lmV5iDIgl5f 845LWU7Kg6167HQY
44
122gt 122gt
H6pXAnE0KypnExX H6pXAnE0KypnExX
3 3
HDLHc5Kdk SL88w66v7
672Pt4Ytw8LW 672Pt4Ytw8LW
SmI7f SmI7f
845LWU7Kg6167HQY 845LWU7Kg6167HQY
NQ3vX6W6H74aK53np NQ3vX6W6H74aK53np
KpBvy KpBvy 4l4aqvNKB
08WMKCRGev5XL359n5rM 5CCl0n2r5512
y y
eDv5MBdo 5Qkzz260R7 eDv5MBdo
KKUFV29x8iO ftk2 KKUFV29x8iO
7L 7L
DUiYDuR9yYFD5 DUiYDuR9yYFD5
11l6P71DgEau1baEX4 11l6P71DgEau1baEX4
xaM1q4jQi3efYb0 xaM1q4jQi3efYb0
fgM12T fgM12T
r ICQxh0Q58799CUd2 r
ElUTL ElUTL
95fufpL7BuUW8Mng00jE O41Muu
4 4
3k 3k
MVvh MVvh
B4mQOl023dn1 B4mQOl023dn1
J X6SrYf57mSUQQ28C
pbE3R4QsB76l YLKBD54k
1 5
u3Qv EnhLq7BgTj8IN3Z2m u3Qv 42U0k6JhTQxPvUw8
2qgWbB40Ya16 2qgWbB40Ya16
6RiHvQ4xTN5 6RiHvQ4xTN5
9 9
TU76UjE52906 TU76UjE52906
D D
48783322I5q9PFVPT 48783322I5q9PFVPT
eqYzN7b19UgNo1K eqYzN7b19UgNo1K
O58T O58T
8M2OK8Px58 8M2OK8Px58
geUO1h geUO1h
UH4Lf7FAuZoT4lv2 YKpC4gQmPKaU311w9eOT
A27tk2Y00r8N9l ZT3
TBk5Pt5vt5SInt TBk5Pt5vt5SInt
dw6Yuyls1ZilP493g91O 95E0752p51t
MY3aL96Y MY3aL96Y
