loc0 loc76 loc23 loc99 loc47 loc25 loc97 loc99 loc64 loc12 loc7 loc47 loc99 loc94 loc73 loc84 loc23 loc99 loc47 loc25 loc81 loc4 loc65 loc67 loc13 loc28 loc84 loc14 loc44 loc79 loc13 loc67 loc4 loc42 loc67 loc4 loc81 loc25 loc46 loc71 loc90 loc62 loc45 loc43 loc91 loc49 loc50 loc96 loc50 loc56 loc63 loc99 loc92 loc24 loc74 loc58 loc43 loc49 loc33 loc48 loc63 loc56 loc35 loc45 loc62 loc60 loc95 loc20 loc46 loc71 loc78 loc9 loc88 loc8 loc5 loc6 loc61 loc78 loc71 loc93 loc72 loc87 loc2 loc1 loc53 loc30 loc22 loc30 loc37 loc59 loc98 loc70 loc98 loc3 loc98 loc75 loc58 loc68 loc80 loc86 loc68 loc81 loc25 loc83 loc54 loc82 loc68 loc86 loc89 loc15 loc55 loc17 loc89 loc15 loc23 loc0
35
loc6 loc6
loc7 loc7
loc8 loc8
loc62 loc16 loc62
loc20 loc20
loc94 loc21
loc23 loc23
loc24 loc24
loc25 loc25
loc93 loc26 loc93
loc28 loc28
loc70 loc29
loc91 loc31 loc39 loc91
loc33 loc33
loc22 loc34
loc35 loc35
loc96 loc40
loc42 loc42
loc45 loc45
loc48 loc48
loc49 loc49
loc3 loc51
loc68 loc52
loc54 loc54
loc61 loc61
loc65 loc65
loc86 loc69 loc86
loc72 loc72
loc75 loc75
loc79 loc79
loc81 loc81
loc84 loc84
loc88 loc88
loc90 loc90
loc99 loc99
