a0 a3 f2 f1 d1 c8 d1 c8 c6 c7 i2 g0 c6 c8 d1 f1 f2 a3 c0 c1 a4 a5 a6 a7 a8 a9 d6 i9 d6 a9 a8 a7 a8 a9 d0 c2 a3 a0 a1 a0 h5 a0 j3 a0 a1 b1 j6 c4 g3 d3 d2 d4 e1 d4 h1 g8 h1 d4 d2 d3 g3 j1 e9 j7 g9 j2 f8 g9 j7 e9 j1 g3 e6 e7 i1 e5 e3 i1 e7 e6 g3 c4 j6 b1 a1 a0 j3 a0 c9 e8 c9 a0 b9 b6 b7 a2 b9 a0 b6 b7 i0 i3 i6 h2 b4 a0 h5 a0
35
a1 b0 b2 b3
b1 b1
b4 b4
a0 b5
b6 b6
b7 b7 b8 d5
b9 b9
c0 c0
c1 c1
c2 c2
i9 c3
c4 c4
c6 c5 c6
c7 c7
c8 c8
c9 c9
d0 d0
d1 d1
d2 d2
d3 d3
d4 d4
d6 d6 d8
e8 d7 e8
a7 d9
e1 e0 e1
h5 e2 e4
e3 e3
e5 e5
e6 e6
e7 e7
e9 e9
j3 f0 f3
f1 f1
f2 f2
g8 f4
