69 176 7 122 16 36 7 144 90 13 29 182 13 70 108 2 43 26 68 2 83 24 20 150 2 120 32 2 23 199 187 2 24 119 67 2 126 78 26 2 13 155 2 55 160 2 45 3 79 4 154 183 4 186 10 148 159 10 184 179 10 186 4 124 44 4 164 189 4 109 134 4 35 37 4 82 172 4 190 3 57 171 3 133 91 11 147 146 11 15 3 21 8 130 12 197 181 12 163 8 170 25 56 170 118 1 38 156 1 61 87 1 158 180 1 128 46 1 64 103 19 59 1 92 0 102 17 42 48 0 195 51 0 157 143 0 22 178 6 165 81 6 88 72 6 71 89 6 74 125 6 9 194 177 9 18 105 9 140 73 18 9 41 60 14 129 99 14 98 6 123 63 6 80 106 6 166 153 6 162 0 111 168 0 113 101 7 152 173 7 66 138 7 76 196 7 135 115 7 39 136 8 94 62 8 167 27 117 142 28 3 198 49 15 185 3 110 161 11 107 3 190 4 191 33 5 132 84 5 192 97 11 137 145 3 50 34 3 58 174 3 121 5 54 121 21 77 8 39 7 69
73
1 1 30 31 149
2 2
5 5
11 11 104 112
14 14
16 16
24 24
25 25
26 26
27 27
33 33
36 36
37 37
44 44
46 46
50 50
51 51
4 52
9 53
56 56
58 58
59 59
63 63
64 64
71 71
72 72
74 74
77 77
80 80
81 81
82 82
83 83
87 87
90 90
97 97
99 99
8 100
101 101
106 106
110 110
113 113
115 115
117 117
118 118
119 119
121 121
7 127 131
128 128
132 132
133 133
134 134
135 135
146 146
147 147
148 148
150 150
158 158
160 160
162 162
163 163
165 165
166 166
171 171
185 185
186 186
0 188 193
190 190
191 191
192 192
194 194
195 195
197 197
198 198
