22 3 97 75 3 49 98 3 38 53 5 95 11 5 19 46 5 60 3 78 36 3 99 2 54 1 52 82 1 51 4 87 85 14 77 64 14 61 3 96 7 48 4 14 1 73 44 12 1 63 2 42 70 6 83 9 8 47 65 8 9 62 0 28 79 13 81 0 21 17 72 0 74 10 32 57 10 59 9 55 33 15 20 62 56 0 93 45 0 66 13 27 80 2 76 91 2 88 0 37 10 92 16 26 1 67 5 22
35
2 2 43
5 5
6 6
12 12
15 15
16 16
19 19
21 21
7 23
8 29 69 90
0 31
32 32
36 36
1 39 58
3 41 89
42 42
46 46
47 47
53 53
55 55
59 59
65 65
66 66
72 72
73 73
74 74
75 75
78 78
79 79
83 83
85 85
87 87
93 93
95 95
97 97
