AA AC AA AB AG BC BK FE DZ EC EE EF EN EQ EN EF EE EC EB EA EI EA EB EC EE EF EL EW EX EW EL EF EE ED EE EC DZ FE BK BC AG BA AG AB AE AO AE AB AG BC AG BB AG AZ AG AB AG BC BK FE DZ EC EB EA EB EC DX EC EE EF EH EJ EH EF EE EC DZ FE BK BC AG AB AH BN BS BN AH BM BP CE BW CE BP BM AH AB AE AO AE AB AA AC AA DT CX AN AD AN CY AN AD AN CY AN AD DN CT AM CW AM CV AM CW AM CT DN AD AN CX DT AA
32
AA AA
AB AB AF
AC AC AJ
AD AD AK AL
AE AE
AG AG
AH AH
BW AI
AM AM
AN AN
AO AO AP AQ
EJ EZ
EH FA
EI FB
EA FC
EX EY EX
AZ BD
BA BE BF BG
BB BH BI
BC BJ
BK BK
BS FF
CW DP DQ
CV DR
CX DS DU
DT DT
CY DV DW
DX DX DY
DZ DZ
EN EN
EQ EO
ED EP
