LL VX UR LG VX AD YR VX LJ NF KC XA LJ VY VE RU CP VE GE IY NM EW IY HX NO QI HA KV NO IY VE VX OM JA KF XK FG PN OV AG FG EF DM FG HN BR FG OV RG BD JP DR LW UU SO ED KL CF ED UU JP RG TD BE TK SK BE RG SX GT AL SX QN EQ SX TV XU YK OD XU RG AU XE BI AU OM XT EC OM RH JA OW BM HL FM BM OM TX WS FL SB WS TH EY IW TH NT VC TH NZ YT RB NZ AW YU NZ DU IV NZ FT JD FO OK JD XN NZ HG AH OS RY RL AR OO RL KK JR RL NZ QP VX CO LL
37
RL RL
TH TH
FG FG
WS WS
KV KV
UU UU
JA JA
BM BM
XU XU
XN XN
SB SB
QI QI
JR JR
BR BR
NF NF
DM DM
GE GE
EQ EQ
YK YK
VY VY
TV TV
DU DU
XK XK
FM FM
AR AR
AW AW
NT NT
EF EF
HN HN
HA HA
YT YT
KL KL
EC EC
EY EY
TK TK
XT XT
QN QN
