0 31 4 19 39 19 4 31 51 34 42 55 14 55 42 34 51 16 8 95 9 89 17 70 12 74 57 8 16 51 31 4 21 89 64 2 69 38 77 38 69 78 2 61 27 2 20 97 37 97 72 68 22 68 11 68 72 75 62 24 25 65 83 65 83 49 40 75 72 35 28 35 70 35 28 33 59 80 85 80 98 23 33 59 7 1 10 81 92 5 89 34 51 24 66 6 84 0
38
1 1
2 2 26
37 3 37
4 4 47
5 5
6 6
7 7
8 8
9 9
10 10
11 11 18
12 12
14 13 14
69 15
16 16
17 17
19 19
20 20
21 21
22 22 29
23 23
24 24
25 25
27 27 50
28 28 30
31 31 43
85 32
33 33
34 34 44
35 35
77 36
38 38
39 39 45
40 40
83 41
42 42 48
65 46
49 49
