0 144 157 16 113 16 24 94 130 52 133 4 74 171 44 179 113 16 24 173 126 143 193 49 48 155 111 155 196 141 49 48 155 196 18 32 18 196 82 22 62 83 62 140 124 181 120 125 174 25 6 21 168 181 124 40 64 11 124 140 62 12 62 150 164 156 162 140 124 198 132 95 192 7 59 174 53 151 53 174 125 174 59 7 195 7 192 76 114 29 39 86 139 37 139 86 106 156 164 150 67 91 121 188 167 160 167 110 167 188 87 24 94 138 63 88 90 116 117 116 90 3 104 31 80 173 126 36 126 173 80 109 123 72 177 72 123 45 56 122 41 147 35 78 111 187 97 194 66 169 135 145 34 185 153 137 20 145 58 103 100 34 145 135 5 65 123 45 148 45 123 109 80 131 199 53 151 60 183 170 9 98 8 98 9 30 176 30 113 16 157 144 0
81
113 1 15 99
0 2
3 3
4 4
5 5
6 6
7 7
8 8 38
9 9
12 10 12
11 11
106 13 50
121 14
16 16 93
125 17 28
18 18
41 19 41
20 20
21 21
22 22
117 23
24 24
25 25
110 26
144 27
29 29
30 30
31 31
32 32 77
177 33 92
34 34
35 35
36 36 46
37 37 47
39 39
40 40
176 42
132 43
44 44
45 45
48 48
49 49
59 51 59
52 52
53 53 54
151 55
56 56
195 57
58 58
60 60
100 61 73 100
62 62
63 63
64 64
65 65
66 66
67 67
83 68 83
157 69
111 70 75
80 71 80
72 72
74 74
76 76
78 78
160 79
140 81
82 82
169 84
148 85
86 86
87 87
88 88
167 89
90 90
91 91
94 94
95 95
120 96
97 97
98 98
