75 55 68 59 24 59 68 21 5 73 5 73 0 45 38 59 67 8 67 58 72 14 33 41 31 86 48 49 79 49 48 84 32 71 80 29 70 10 37 78 69 99 69 98 63 93 25 52 4 47 64 2 20 7 74 36 2 20 25 86 11 40 0 82 92 15 39 15 61 16 81 18 62 77 70 29 1 27 66 7 13 18 81 30 65 79 49 6 50 17 43 29 80 97 28 54 23 57 39 29 43 83 77 88 48 84 89 75
42
24 3
4 4
7 7 87
25 9 25
8 12
13 13
21 21
92 26 92
29 29
31 31
32 32 42
27 34
36 36
43 43
5 44
63 46 91
47 47
48 48
49 49
52 52
55 55
98 56 98
57 57
58 58
59 59
62 62
64 64
65 65
69 69
73 73 96
74 74
75 75
18 76
77 77
80 80
81 81
82 82 94
84 84
86 86
89 89
99 90
97 97
