mdyuzxshey vkrlpmybdj jatkaoyfxb zumetrybth ebqxbaqnmm kdujdjjwot zjbarjhmau kdujdjjwot phknwbtipl eysfgfavho xkasbvrrxd yhpfnjjqmm fznfvsgjhc lkvobxyfca xplqpgpbvq hadchvmijq phknwbtipl eysfgfavho wtjzgzopuw euqbrkzdsw oggftsricu lnicnhmajr owusjcmdkp oewptytlja knfzsnhzvx xftptyrlvl yiwwdwbzth xftptyrlvl knfzsnhzvx oewptytlja owusjcmdkp ljhmnbaicr ebqxbaqnmm zumetrybth jatkaoyfxb zumetrybth ebqxbaqnmm ljhmnbaicr owusjcmdkp lnicnhmajr kyblmbvqtv chjuuxuacs lnicnhmajr oggftsricu qgfchcatzi syxecaxosc gwnccktgki ixyurvbpvu uooysjrxsb seeyrseflx uooysjrxsb ixyurvbpvu siatqqydwf ahqdrcepub siatqqydwf ixyurvbpvu hkempoemlv mswyvpdrsy lndsfxewdc zpybghfdbe bswhowadhl oegfbrwyrp bswhowadhl psiebvskfb zpybghfdbe cmdqzmgvfi tmrnpjqnxx wtlzrefwav jrmlkfexfk gllungmori rkyixxpcbx gllungmori jrmlkfexfk wtlzrefwav hsjqtjkukk smwxdupkdv aokbiptbzc koawdpgqdx xywdziunpr jrusiskazm qzdrdcxoib koawdpgqdx unihwwnyqz qepegujmaa unihwwnyqz koawdpgqdx smwxdupkdv hsjqtjkukk wtlzrefwav tmrnpjqnxx cmdqzmgvfi qydclznxrd ouxenssqdu tvcolajnao vkrlpmybdj mdyuzxshey
35
rkyixxpcbx eooyfwmxln rkyixxpcbx
seeyrseflx vugkhjygfe seeyrseflx
gllungmori gllungmori
vkrlpmybdj zmfuudfatm vkrlpmybdj
zumetrybth zumetrybth
yiwwdwbzth wtyqwjwskq jqtguzxxsl
psiebvskfb psiebvskfb
koawdpgqdx koawdpgqdx
oegfbrwyrp tgbmxdmvwe lbuiysostx
zjbarjhmau zjbarjhmau bulywvvpni
lkvobxyfca lkvobxyfca
wtlzrefwav wtlzrefwav
xftptyrlvl jedsthbmzo xftptyrlvl
oewptytlja nwlccbonas oewptytlja
ahqdrcepub ahqdrcepub lazlsvgukx
kdujdjjwot kdujdjjwot
gwnccktgki gwnccktgki
qepegujmaa xtvbrolacp qepegujmaa
jatkaoyfxb bnmegnfgii jatkaoyfxb
cmdqzmgvfi qfbvncxldf cmdqzmgvfi
aokbiptbzc aokbiptbzc
ljhmnbaicr ljhmnbaicr
tvcolajnao qcktwemqbm
knfzsnhzvx knfzsnhzvx
mdyuzxshey mdyuzxshey mysadifwma
mswyvpdrsy mswyvpdrsy
ebqxbaqnmm ebqxbaqnmm
hadchvmijq hadchvmijq wynbxuuxru
lnicnhmajr lnicnhmajr
lndsfxewdc lndsfxewdc
owusjcmdkp owusjcmdkp
qydclznxrd qydclznxrd
ixyurvbpvu optviwhmbr
fznfvsgjhc fznfvsgjhc
euqbrkzdsw euqbrkzdsw
