lVOvaZXqjnb1QiPN4SL LxrqIj6vUJmAulbGEsz 6yczq9OEfSPk2s1GodH WMcq9fQKeLJk5Y0CDTR pBC7kb6YvcSm2XysuzG CgrHnsmUEaKbL2Bu9fI PmQXT3OGFtJDs9diWZV wVe6HY1xINUrGjoPvBR 5VbntkgFqTX8w9sYai2 H73qxghnr8SspNjtPW5 K7nbuQS5FWTkmHyhi69 asp20NJKvZUtDiW1Trx ctr2CvsehWx0ENY16wO DQw9naPXAhyUOL6tvVl 1V4PG7oEw2rS9xRO3Bj 7aRmJfDh4vEt258Ai9L d6UiSTzYoMpXGw48gAD bf47z98om5ZMUVORjG0 Sz9FxGJ7CPMEbUovXQq lZ2Ga35MbPOtokD1gF0 cbGv0lH2ekt7XznaK9Q ejNRIidB4gvrEPnTV8U QKaVhgAPN7MzZXkIJif tmubz8TR6MEqo04GaXQ rqNcZ8MUzDE3H2ekKJp tmubz8TR6MEqo04GaXQ QKaVhgAPN7MzZXkIJif ejNRIidB4gvrEPnTV8U cbGv0lH2ekt7XznaK9Q lZ2Ga35MbPOtokD1gF0 Sz9FxGJ7CPMEbUovXQq bf47z98om5ZMUVORjG0 d6UiSTzYoMpXGw48gAD 7aRmJfDh4vEt258Ai9L 1V4PG7oEw2rS9xRO3Bj DQw9naPXAhyUOL6tvVl ctr2CvsehWx0ENY16wO asp20NJKvZUtDiW1Trx ctr2CvsehWx0ENY16wO DQw9naPXAhyUOL6tvVl 1V4PG7oEw2rS9xRO3Bj 7aRmJfDh4vEt258Ai9L d6UiSTzYoMpXGw48gAD bf47z98om5ZMUVORjG0 Sz9FxGJ7CPMEbUovXQq lZ2Ga35MbPOtokD1gF0 cbGv0lH2ekt7XznaK9Q ejNRIidB4gvrEPnTV8U QKaVhgAPN7MzZXkIJif tmubz8TR6MEqo04GaXQ rqNcZ8MUzDE3H2ekKJp xgwVF2QIT3hvcbajUW6 W2RbIBa65g3kqx0jcnz 6oNswnF1cJhOzlWLC8Z Zo80ElJk9ieDrNjYvm2 1rohJL7paNV60dkwHy5 W2RbIBa65g3kqx0jcnz ZyzOgrvJLwMcx1a2Epj S3RnaUX1VOgTWKz9hbE ydR9gWXJkKALx6CwnN5 YLmOiXFGB7JosQNtI95 mpUD6RfHyeQOtYhIdaP Dp1cxCTaBumI7LFG9yR 0FXL28QbGfmzgHyvnMD vFfwkYMLZqi2uNenlj8 vEbpxhNR9ImsTgyqFO2 ZyzOgrvJLwMcx1a2Epj Wlgb46rPaXLDOZeuAk8 SufhLJOiCtkMF6HlyGg M1yAedBWD0aOQKUkTj8 EVhZUkuHSmAlJMtdINf QxOibWH820XNYpq3tLs SufhLJOiCtkMF6HlyGg Z2Oqdnc0MfDeAKGTu48 jM95rTCpteGDZ0BkxHz 4AqQ5YUNTrIBzKiPea7 6sf0XjAagZLqR4CJPlD FlotE1H9ncziVfSk3RL CDEvtaSiF17w8zo2Aey UTh5uxcaOEdINJHjKt8 DmkWNycnQS4XZxvM1rf 4CF9Rq7EKgAduij0sG3 CDEvtaSiF17w8zo2Aey 0Vca3FbEMRi5AQDsO6n r7lSNvA6nm9JpW8THBj eVptTkzJDKPoSRbwfs0 Yi7NLz6vyjKXEpMDWSZ r7lSNvA6nm9JpW8THBj U5dFVbnKu6iAo4sPWQY CDEvtaSiF17w8zo2Aey FlotE1H9ncziVfSk3RL Bu8WOrVsJFcCQXm29Ue VtpXbQuGP9Wqv0OxRMo L6i2mJWwCPlub7GeUYN Z2Oqdnc0MfDeAKGTu48 QxOibWH820XNYpq3tLs xQmgW0nsTLYUtEPFkAV niqhpIvmWlXDfoxR306 FAMBezib3NQgOGjoTWc Mg6pyiPn23XZN5TYhWu gkpL5fD3ElFtx1WROvh tmubz8TR6MEqo04GaXQ rqNcZ8MUzDE3H2ekKJp tmubz8TR6MEqo04GaXQ QKaVhgAPN7MzZXkIJif ejNRIidB4gvrEPnTV8U cbGv0lH2ekt7XznaK9Q lZ2Ga35MbPOtokD1gF0 Sz9FxGJ7CPMEbUovXQq lZ2Ga35MbPOtokD1gF0 cbGv0lH2ekt7XznaK9Q ejNRIidB4gvrEPnTV8U QKaVhgAPN7MzZXkIJif tmubz8TR6MEqo04GaXQ rqNcZ8MUzDE3H2ekKJp tmubz8TR6MEqo04GaXQ QKaVhgAPN7MzZXkIJif ejNRIidB4gvrEPnTV8U cbGv0lH2ekt7XznaK9Q lZ2Ga35MbPOtokD1gF0 Sz9FxGJ7CPMEbUovXQq bf47z98om5ZMUVORjG0 d6UiSTzYoMpXGw48gAD bf47z98om5ZMUVORjG0 niqhpIvmWlXDfoxR306 0T9maM1SwOgrVn4YzoH tmubz8TR6MEqo04GaXQ rqNcZ8MUzDE3H2ekKJp tmubz8TR6MEqo04GaXQ QKaVhgAPN7MzZXkIJif tmubz8TR6MEqo04GaXQ rqNcZ8MUzDE3H2ekKJp tmubz8TR6MEqo04GaXQ QKaVhgAPN7MzZXkIJif ejNRIidB4gvrEPnTV8U cbGv0lH2ekt7XznaK9Q lZ2Ga35MbPOtokD1gF0 Sz9FxGJ7CPMEbUovXQq bf47z98om5ZMUVORjG0 d6UiSTzYoMpXGw48gAD 7aRmJfDh4vEt258Ai9L 1V4PG7oEw2rS9xRO3Bj DQw9naPXAhyUOL6tvVl ctr2CvsehWx0ENY16wO asp20NJKvZUtDiW1Trx K7nbuQS5FWTkmHyhi69 H73qxghnr8SspNjtPW5 5VbntkgFqTX8w9sYai2 wVe6HY1xINUrGjoPvBR PmQXT3OGFtJDs9diWZV wVe6HY1xINUrGjoPvBR 5VbntkgFqTX8w9sYai2 H73qxghnr8SspNjtPW5 K7nbuQS5FWTkmHyhi69 asp20NJKvZUtDiW1Trx ctr2CvsehWx0ENY16wO DQw9naPXAhyUOL6tvVl 1V4PG7oEw2rS9xRO3Bj 7aRmJfDh4vEt258Ai9L d6UiSTzYoMpXGw48gAD bf47z98om5ZMUVORjG0 Sz9FxGJ7CPMEbUovXQq lZ2Ga35MbPOtokD1gF0 cbGv0lH2ekt7XznaK9Q ejNRIidB4gvrEPnTV8U QKaVhgAPN7MzZXkIJif tmubz8TR6MEqo04GaXQ rqNcZ8MUzDE3H2ekKJp tmubz8TR6MEqo04GaXQ QKaVhgAPN7MzZXkIJif ejNRIidB4gvrEPnTV8U cbGv0lH2ekt7XznaK9Q lZ2Ga35MbPOtokD1gF0 Sz9FxGJ7CPMEbUovXQq bf47z98om5ZMUVORjG0 d6UiSTzYoMpXGw48gAD 7aRmJfDh4vEt258Ai9L 1V4PG7oEw2rS9xRO3Bj DQw9naPXAhyUOL6tvVl ctr2CvsehWx0ENY16wO asp20NJKvZUtDiW1Trx K7nbuQS5FWTkmHyhi69 asp20NJKvZUtDiW1Trx ctr2CvsehWx0ENY16wO DQw9naPXAhyUOL6tvVl ctr2CvsehWx0ENY16wO asp20NJKvZUtDiW1Trx K7nbuQS5FWTkmHyhi69 H73qxghnr8SspNjtPW5 5VbntkgFqTX8w9sYai2 wVe6HY1xINUrGjoPvBR PmQXT3OGFtJDs9diWZV CgrHnsmUEaKbL2Bu9fI pBC7kb6YvcSm2XysuzG WMcq9fQKeLJk5Y0CDTR 6yczq9OEfSPk2s1GodH LxrqIj6vUJmAulbGEsz lVOvaZXqjnb1QiPN4SL
25
lVOvaZXqjnb1QiPN4SL lVOvaZXqjnb1QiPN4SL
LxrqIj6vUJmAulbGEsz LxrqIj6vUJmAulbGEsz
6yczq9OEfSPk2s1GodH 6yczq9OEfSPk2s1GodH
WMcq9fQKeLJk5Y0CDTR WMcq9fQKeLJk5Y0CDTR
pBC7kb6YvcSm2XysuzG pBC7kb6YvcSm2XysuzG
CgrHnsmUEaKbL2Bu9fI CgrHnsmUEaKbL2Bu9fI
PmQXT3OGFtJDs9diWZV PmQXT3OGFtJDs9diWZV PMi5mGhrzJqWAYD3BHv
wVe6HY1xINUrGjoPvBR wVe6HY1xINUrGjoPvBR
5VbntkgFqTX8w9sYai2 5VbntkgFqTX8w9sYai2
H73qxghnr8SspNjtPW5 H73qxghnr8SspNjtPW5
K7nbuQS5FWTkmHyhi69 K7nbuQS5FWTkmHyhi69 bWTReYw0BhlvS4MOVfL
asp20NJKvZUtDiW1Trx asp20NJKvZUtDiW1Trx ofc35ZL6ED4Qs9nYgtu
ctr2CvsehWx0ENY16wO ctr2CvsehWx0ENY16wO
DQw9naPXAhyUOL6tvVl DQw9naPXAhyUOL6tvVl yReNFSdk9pj46IBuJlD
1V4PG7oEw2rS9xRO3Bj 1V4PG7oEw2rS9xRO3Bj
7aRmJfDh4vEt258Ai9L 7aRmJfDh4vEt258Ai9L
d6UiSTzYoMpXGw48gAD d6UiSTzYoMpXGw48gAD 7ylUw023cBhQYobkz4m
bf47z98om5ZMUVORjG0 bf47z98om5ZMUVORjG0 YioPekqCUnASaBF9NdH
Sz9FxGJ7CPMEbUovXQq Sz9FxGJ7CPMEbUovXQq 9TnE82lFzgSRfhLcjty
lZ2Ga35MbPOtokD1gF0 lZ2Ga35MbPOtokD1gF0
cbGv0lH2ekt7XznaK9Q cbGv0lH2ekt7XznaK9Q
ejNRIidB4gvrEPnTV8U ejNRIidB4gvrEPnTV8U
QKaVhgAPN7MzZXkIJif QKaVhgAPN7MzZXkIJif M5bN0l7KCxBwZvTjOzI UIJTGnEvaFfWoB4pReZ
tmubz8TR6MEqo04GaXQ tmubz8TR6MEqo04GaXQ
rqNcZ8MUzDE3H2ekKJp rqNcZ8MUzDE3H2ekKJp prEdKF8t2xfGRCWhIb6 q2hnSgjm30BKapPZH8v PjaGwqf8CSFyxQX6Tph gPuR31xAk9zvU6NTyj8 ZYgsVSN6W2mIfqFPXei qe0CW9YTfri5FH8nzhZ oarTSh6swBUepOyZfIL J3FvU9WXMbfo8m0ZhcD ZCNy86nGLY4wfo1cWje 9ZJNwSv0RBa6MeqIpmt WFoj1MI7y5B3zXtAgZ8 w94BKFb1ecikMGfS70L Dea9uc7gshQNXqSrGwR wG9ACiZlVUHDz67EehO zROkalGf12roedQWiBZ YkRo3m4NGhXuEbHLgis
