0 130 0 75 4 195 4 100 15 10 12 66 67 66 12 10 155 55 10 185 45 90 92 191 192 190 5 170 45 10 100 4 154 9 140 143 140 9 199 89 159 114 89 34 175 95 34 134 9 164 144 180 90 92 90 54 74 189 179 69 54 80 82 108 102 106 107 105 40 2 40 42 186 132 186 77 115 24 120 47 120 9 34 145 65 27 25 9 90 24 70 40 160 162 160 137 160 49 24 9 60 50 85 87 95 35 37 35 115 117 128 125 39 139 14 109 119 129 59 165 19 104 17 104 64 7 146 147 145 135 99 19 135 52 169 149 84 19 59 14 180 182 180 35 39 14 94 4 30 29 174 124 29 79 194 184 79 150 152 158 155 105 44 110 57 110 0 75 0
75
2 2 28
0 3
12 11 12
10 13
15 15
17 16 17
150 20
25 25
27 27 118
30 30 32
35 35 38
37 36 37
39 39
42 41 42
40 43
44 44
47 47 183
52 52
54 54
55 55 58
57 56 57
64 64
65 65 68
66 66
67 67 123
69 69
129 72 129
74 74
75 78
79 79
82 82
87 87
92 91 92
94 94
95 95
143 97
99 99
100 100
77 101 116
102 102
104 104
105 105
108 108
110 110 113
114 114
120 120 122
124 124
125 125
128 128
132 131 132 141
130 133
134 134
135 135 138
137 136
139 139
140 142
144 144
145 145 148
149 149
152 152
154 154
159 159
160 160
162 161
117 166 168
170 172
179 179
180 180
182 181 182
184 184
186 186
185 187
189 189
192 192
195 195 197
