loc0 loc94 loc77 loc86 loc32 loc67 loc94 loc14 loc67 loc2 loc86 loc50 loc68 loc59 loc47 loc83 loc92 loc74 loc56 loc92 loc11 loc65 loc82 loc19 loc55 loc73 loc1 loc82 loc46 loc65 loc14 loc86 loc23 loc95 loc41 loc98 loc8 loc89 loc62 loc80 loc44 loc89 loc17 loc80 loc71 loc53 loc35 loc79 loc16 loc61 loc88 loc87 loc78 loc96 loc51 loc15 loc69 loc42 loc87 loc24 loc88 loc7 loc78 loc15 loc60 loc33 loc57 loc12 loc93 loc84 loc39 loc66 loc75 loc48 loc66 loc31 loc85 loc34 loc52 loc97 loc43 loc70 loc22 loc76 loc58 loc31 loc85 loc84 loc30 loc75 loc3 loc63 loc90 loc45 loc63 loc81 loc45 loc54 loc18 loc99 loc72 loc64 loc99 loc27 loc63 loc99 loc72 loc91 loc4 loc58 loc13 loc76 loc0
42
loc1 loc1
loc2 loc2
loc3 loc3
loc4 loc4
loc86 loc5
loc60 loc6 loc21
loc7 loc7
loc8 loc8
loc54 loc9 loc36
loc82 loc10 loc28 loc37
loc11 loc11
loc12 loc12
loc13 loc13
loc14 loc14
loc15 loc15
loc16 loc16
loc17 loc17
loc18 loc18
loc19 loc19
loc65 loc20 loc29 loc38
loc22 loc22
loc23 loc23
loc24 loc24
loc53 loc25 loc26
loc27 loc27
loc30 loc30
loc31 loc31
loc32 loc32
loc33 loc33
loc34 loc34
loc35 loc35
loc39 loc39
loc58 loc40 loc49
loc41 loc41
loc42 loc42
loc43 loc43
loc44 loc44
loc45 loc45
loc46 loc46
loc47 loc47
loc48 loc48
loc50 loc50
