63 37 84 94 11 6 94 15 37 76 12 54 83 52 41 83 49 38 79 35 53 80 72 14 53 77 70 46 13 53 90 82 3 86 97 85 32 97 51 67 86 65 3 17 83 16 10 83 8 56 40 8 75 7 83 39 71 4 83 68 100 61 68 81 50 68 43 22 68 69 20 68 96 78 45 96 23 5 68 30 2 68 64 29 99 95 34 99 74 21 42 88 89 44 62 42 26 62 19 44 33 25 93 9 36 73 31 87 9 92 24 47 91 48 98 55 1 28 58 59 18 27 1 73 60 57 73 93 66 83 63
50
3 3
4 4
9 9
11 11
12 12
14 14
15 15
17 17
18 18
19 19
20 20
21 21
23 23
24 24
27 27
33 33
34 34
35 35
36 36
37 37
38 38
43 43
45 45
47 47
48 48
50 50
52 52
53 53
58 58
59 59
63 63
64 64
65 65
67 67
69 69
70 70
71 71
72 72
74 74
78 78
80 80
81 81
83 83
85 85
86 86
87 87
89 89
93 93
97 97
99 99
