10 50 181 183 185 50 187 184 50 181 180 179 178 177 176 175 174 173 172 171 170 169 168 167 166 165 164 163 162 161 160 159 158 157 156 155 154 153 152 151 150 149 148 147 146 145 144 143 142 141 140 139 138 137 136 135 134 133 132 131 130 129 128 127 126 125 124 123 122 121 120 119 118 117 116 115 114 113 112 111 110 109 108 107 106 50 10 22 24 23 31 25 26 21 24 18 17 16 10 50 51 52 53 54 55 56 57 58 59 60 198 194 195 197 60 199 196 60 61 62 63 64 65 66 67 68 69 70 71 72 73 74 75 76 77 78 79 80 81 82 83 84 85 86 87 88 89 90 91 92 93 94 95 96 97 98 99 100 101 102 103 104 105 193 55 192 188 189 190 55 191 50 10 5 27 3 4 2 1 4 44 20 0 19 37 7 28 30 19 14 13 29 15 12 14 11 42 34 33 41 40 43 36 40 32 33 7 6 9 35 38 8 9 39 47 0 49 46 0 48 45 0 4 10
87
1 1
2 2
3 3
5 5
6 6
7 7
8 8
11 11
12 12
15 15
21 21
22 22
23 23
25 25
29 29
32 32
34 34
35 35
36 36
37 37
38 38
39 39
41 41
42 42
43 43
51 51
52 52
53 53
54 54
56 56
57 57
58 58
59 59
61 61
62 62
63 63
64 64
66 66
67 67
68 68
69 69
71 71
72 72
73 73
74 74
76 76
77 77
78 78
79 79
81 81
82 82
83 83
84 84
86 86
87 87
88 88
89 89
91 91
92 92
93 93
94 94
96 96
97 97
98 98
99 99
101 101
102 102
103 103
104 104
106 106
107 107
108 108
109 109
111 111
112 112
184 184
185 185
50 186
187 187
190 190
191 191
192 192
193 193
196 196
197 197
198 198
199 199
