0 1 2 4 5 6 7 8 9 12 11 14 15 16 13 14 92 93 94 92 93 95 97 120 101 100 122 100 102 106 105 102 100 101 102 105 107 ViksNode 128 127 126 125 109 111 110 112 115 114 113 115 112 116 118 33 37 39 40 41 42 44 49 50 52 57 55 54 56 58 61 58 62 66 67 69 66 72 74 75 76 77 78 79 81 82 90 17 21 20 32 23 26 28 26 23 32 20 21 22 20 19 17 90 84 85 86 83 81 80 79 78 77 76 72 65 71 70 66 62 64 62 58 54 52 50 49 51 49 44 46 47 48 45 44 42 41 40 39 37 38 33 34 36 35 34 33 118 116 112 ViksNode 128 129 128 ViksNode 107 105 102 101 120 97 95 93 92 14 11 12 9 6 5 4 3 2 1 0
42
129 130
3 3
4 4
7 7
8 8
12 10
13 13
15 15
17 18
19 19
20 20
21 21
23 25
28 27 30
35 35
36 36
37 37
42 42 43
47 47
48 48
51 53
55 55
56 56
58 59
61 60
62 63
70 70
71 71
64 73
74 74
78 78
80 80
86 86
94 94
100 99
101 104
106 106
105 108
113 113
114 114
116 117
122 121 123
