0 1 2 5 6 9 11 14 15 16 13 14 33 37 39 40 41 42 44 46 47 48 45 44 49 51 49 50 52 54 58 61 58 56 54 55 57 52 54 58 62 63 64 62 66 69 67 66 72 76 77 78 79 81 82 90 17 21 20 32 23 26 28 26 23 32 22 21 20 32 24 23 32 20 21 17 18 19 17 90 84 85 86 83 81 80 79 78 77 76 72 65 71 70 66 62 58 54 52 50 49 44 42 41 40 39 37 38 33 34 36 35 34 33 14 11 12 11 9 6 5 2 4 5 6 7 8 9 12 9 6 5 4 3 2 1 0
32
3 3
4 4
7 7
8 8
12 10
13 13
15 15
18 18
19 19
20 20
21 21
23 25
28 27 30
35 35
36 36
37 37
42 42 43
47 47
48 48
51 53
55 55
56 56
58 59
61 60
63 63
70 70
71 71
64 73
72 74
78 78
80 80
86 86
