PQlYD3syBoo7C0hcATPD OReJAlihmGkSeDWg03jV chATmSuISXTT2sMz8STx jMUm9akutw2eIhNlERAk 2RLdpM4k7Le8vufDMuf4 chATmSuISXTT2sMz8STx LojUOw2jUh1tZtGFz9aj e7HIMwL2s8LjuoIRxDl7 chATmSuISXTT2sMz8STx wfrLtXM37SSnFsiHhmDU 8g81uxlp5KxuUVBAY6tu chATmSuISXTT2sMz8STx Kxk6VsPzNOhHpwuN2F67 14UYPoQYf4I16EB1DXKQ chATmSuISXTT2sMz8STx KZUYMItcoUmLAwugFZET ajZwDYcDrAcHajKZpRul chATmSuISXTT2sMz8STx 6KF9tSz3Df39DhvRy7FY ul5TY5YtUVHURRbHo0xt chATmSuISXTT2sMz8STx zlNUSmiBJyW8nEoA60dd Y7ftN89XjSewucXLr70O chATmSuISXTT2sMz8STx 0UIZ9YDhxr3ipBPf2WkK ub8uI0ust0bjRNZOYFrf chATmSuISXTT2sMz8STx hQH0nHlpxkrlncu9buJt K0Syo03DvdcUx01wEn1F chATmSuISXTT2sMz8STx cQGXIZOeOdGlvNPuZfO6 mdVRTrjvtfNgUHxK6EKy chATmSuISXTT2sMz8STx 8BVD1mXIeFKDWXC0pHC5 wmYCCv3ILTyM5dyfknMZ chATmSuISXTT2sMz8STx mMXK7rFRd7VNNboRtMKu 4ck2vdbl0wzRRSh9h5JI chATmSuISXTT2sMz8STx 8ohYkdBbhmuLxG2PaKA7 zOauzkXEQku3g7FmlO3i chATmSuISXTT2sMz8STx TdlmIp83zJ8FzTW9jxJ8 KFPByxllQdZjXQQ080Kb chATmSuISXTT2sMz8STx aZ1gME9dgT1obQwN7kgz fpvgH2TNMSBOKUOtDG6j chATmSuISXTT2sMz8STx pZmHZ63c7iUp469fR8uZ DLNj52Bf5LL4ZddWTcYY chATmSuISXTT2sMz8STx ukNH6KWEpBrTnkPycvgg zfARzNLN18Yt82uamMHY chATmSuISXTT2sMz8STx FuxgylhHBTEcCmRpiyQO QWI7iXL3JezTaLDClto3 chATmSuISXTT2sMz8STx mHciHIbodF92KWBlyZhd 32uxjSkk85ui0Y5vuvES chATmSuISXTT2sMz8STx skzbEcObQeXfVSzgV7Zn IBSvm7mZeG0vXjguUx8d chATmSuISXTT2sMz8STx jQ398E757ZUZ6B3PAVLA Wls7YWfnOUYYNtO7TxlR chATmSuISXTT2sMz8STx O7rXvJNyIxIOwybkkM4Z 4xoBiS6HZ3COfmNv2aTR chATmSuISXTT2sMz8STx UWVA5dAu4wDF6Efl9d4O tLzG9AxWULGyie26r8nJ chATmSuISXTT2sMz8STx WH35TmjvCR4kO0EFhsWf CeJalRL3KinyCQjl6tio chATmSuISXTT2sMz8STx sMSGdtwHWiI5XthQ9LEo lTNvRGBulC52xVXvXmmj chATmSuISXTT2sMz8STx FGIvgo5aCn2fThXoawaG 81BuRMlWnKSDv0gdoTLf chATmSuISXTT2sMz8STx m3uIZkevVRyscNPa6NkD 3KQH5YLkBNtwj5njGLDu chATmSuISXTT2sMz8STx CtdShr26uGGV2W6zZTdS x7y62XeozblPouRtDuJZ chATmSuISXTT2sMz8STx Zd6upjEKdV6jHG9xKORy LC5zOSOpTlmcNNlLZhJv chATmSuISXTT2sMz8STx zV8w7Gt8capVIKs3sCpM C8l14blndt8uGQmGfPky chATmSuISXTT2sMz8STx rRx4ufuRfBzAjOzuQptQ iA0OPvpmSXnD5PmFrIY3 chATmSuISXTT2sMz8STx Hj9GXo6u0dDYfg4xoW2T 0FVcmc6ucH38k3GYDP2B chATmSuISXTT2sMz8STx IjoU40tEWMCkwd5SaIZC CasJoLDeUHs9eB3JhaRH chATmSuISXTT2sMz8STx JVL0BClrob8ZkieO22tQ mZEpl33HFjs4HaXj1h44 chATmSuISXTT2sMz8STx niIlsyEn6CyxnfUTDmu9 VjMruztOvYBB57sBtK7F chATmSuISXTT2sMz8STx symCtAIG82LYD9Qs6FxZ c5B3yGaAxuGVYEd7DCc5 chATmSuISXTT2sMz8STx zfB4CHKP8IkRnkzojRvd xUd3lWAackpOjTn98YBa chATmSuISXTT2sMz8STx TjdE5jA1HCzZ8UYNo5Yc egafCQ4ih9nCuFY3RBSk chATmSuISXTT2sMz8STx Hj1rLkk2UTHyyhArouOv R3EYu49GUooMwZV27XSS chATmSuISXTT2sMz8STx 3lGxoRlxzR2WFdFFc2su y5UFufU6hy8Zt47b4K3v chATmSuISXTT2sMz8STx 7vPETSHi40Gezwl6Et8o ycjEDh6K7JPFmCmDDtAG chATmSuISXTT2sMz8STx MnuekaeS1NiILcuuvn3o uljrG5rkRmLVRMAW6eAf chATmSuISXTT2sMz8STx ikaH2IngBoan8x64dwnD BfkNC5T0oZOQYOkOg1Lr chATmSuISXTT2sMz8STx tBx3RfPMJg4OhazCeTsa j1u2ybLPFsWda7RGIo6J chATmSuISXTT2sMz8STx chfID4Gg1RphlYZQtHhA yuNLI2bosn9XVMaJllU2 chATmSuISXTT2sMz8STx JkhndOWPSDNIKR1zn2NI 5wKsB6wx9H7PujNL03GN chATmSuISXTT2sMz8STx 58LVuHISdldtYbuuEa4z BTpZljiVwrKOuV3ovYf8 chATmSuISXTT2sMz8STx XT2Ymi7YdhYVjSO57uvy AcGlxsvhfAOKA2Ti96Hg chATmSuISXTT2sMz8STx WuSb6mZA4Ht48gzyBwrs fKOlyBhpD8ROeSBtDSnb chATmSuISXTT2sMz8STx 66SloLvtkGOxnc9DxLHM MGPH1ZQv2OM6dRC07Rj5 chATmSuISXTT2sMz8STx ClI55Jc4paLtKGIpyO3j 8kEed91vb76Fhm6ivuFw chATmSuISXTT2sMz8STx BHDRDstSlZtm71sWfOHB iGcRn4eFfZI68Qr0MOgy chATmSuISXTT2sMz8STx KFbZubIZwxKjbFZIhivu oRnkB9WX4h9Vz2XYe2Mz chATmSuISXTT2sMz8STx upn88whXcmTNEpbLaMgR zpeGiHngfxKrh1e7CB9J chATmSuISXTT2sMz8STx y5HlDp3ZOU3fT35BihFS ovOnjRP179hu4Hr77szb chATmSuISXTT2sMz8STx xM3fh05um8j45RhdwKOx 3WxXECDgHfdxH64mHW2r chATmSuISXTT2sMz8STx diWFyYW4KuKIAVWCVTOh NWf2n31erGPiONTUnVON chATmSuISXTT2sMz8STx I3dKkMa3JUxVpADvWcmQ ouUk8HCXkT1xNHUSpktV chATmSuISXTT2sMz8STx ZOUAFthiVkWe23hp0746 Tcl3WEtO0xn1rLAvzx30 chATmSuISXTT2sMz8STx CE9MuYF6CpN99atuGjZ0 AhTd32p44tQrgKLluTfO chATmSuISXTT2sMz8STx 4yCDRp1k04Ch6IBU1p1H 6XnXouxDZvL84c0l21Xk chATmSuISXTT2sMz8STx wcuru3pV98zLumiPp2mk r52GhdJM3J6bC9RxltxZ chATmSuISXTT2sMz8STx ytFHCaUXIRcWo2XR8KBQ 4WMfYZZfpmCLQPtUuu3U chATmSuISXTT2sMz8STx pGBevvfrXEYRwdy9Xa3h ck4dO3uX1I0Ukhdtw8xc chATmSuISXTT2sMz8STx lP2ISUwXZ5Vr1Dbyi5b2 N4yrn0aLU6ELQucPFmw8 chATmSuISXTT2sMz8STx 4EHOWDgXvpoSadcvvLu4 MmXiw0PdJXAsicjY4bml chATmSuISXTT2sMz8STx IuwSP1hfYZRam5iX6Sbk IhJom3DfGSMSXKcmodso chATmSuISXTT2sMz8STx z2gCSWW099FkYohCVT7Y MrPrjjrnFcdnkhnTvZwU chATmSuISXTT2sMz8STx j0WhcaOOy1JCyHTrxCSk h36zX7NC4P81W3KQD11u chATmSuISXTT2sMz8STx NCE41di01bKQugxLGez3 daYVb2kr83paGhJZJJyA chATmSuISXTT2sMz8STx ne2hOv431YIk6NU6lJQK 8a1JXRFratj4AgnZpTVQ chATmSuISXTT2sMz8STx YPxLz7ubSTcpcWxfhfMM cLgLzDowfDczOCIiAA1P chATmSuISXTT2sMz8STx Mo6dK8I2XR9RUnPgLFfU H7uVIevOruuuxxulSjmd chATmSuISXTT2sMz8STx 9zpvFa3wwt0dB0VOMd72 XtcwDUG5TGpryRZKRvrm chATmSuISXTT2sMz8STx NpHJpdHaoVuG1evDy4mD 36bOBGFJRRhLasd5h4Dk chATmSuISXTT2sMz8STx u0wBIZEfM7QKVkmytCw3 29ZrssG8owPMWU0dtlEx chATmSuISXTT2sMz8STx gYkcGnWFkHg6NXuE0PIL JNypu0O2hxRmLxF04Zie chATmSuISXTT2sMz8STx jN7FJhuhmTKkduIKGyBx WpDgsUZvfm1s3J1djPk6 chATmSuISXTT2sMz8STx DmFkMz41R1xntSlYNDEm O7r7jTAHUovFxQtj6W4Z chATmSuISXTT2sMz8STx PRxK9WGPQn2vmuBbswLk Z3gbgZRKDgBHS5V7Dyza chATmSuISXTT2sMz8STx 58PE6yTygndgQ75HC5PU Ygp8VmuPu4funyZLuNbc chATmSuISXTT2sMz8STx XY5VlEBBt6Thfunw6jtm pmpfdWSNFW4BZf3j9zey chATmSuISXTT2sMz8STx FE9d826a5RuYfSI6vEz4 1AmZo7yJ6YJzwrjZr6vX chATmSuISXTT2sMz8STx dPunn27br1tTUelFVNIt SJuQEhk6NZgb7Y1YXHxx chATmSuISXTT2sMz8STx CQFH0bM5UHhxPATIQeaZ dRs9JullKCFwk8f9TP2C chATmSuISXTT2sMz8STx IZipFcSb1a3uzUU2B1hv TRIzdQQDV9bs8k4M9U4X chATmSuISXTT2sMz8STx LvHeBFyLyC9KHnAltZnF ziyuCFaUNlunKHz5VaUE chATmSuISXTT2sMz8STx zTPp43usagg8jQuMreHJ TlYvVZeexaNx2QRH5XgO chATmSuISXTT2sMz8STx VAD4i2sITJAyE9KdZs6R gByPZFfsA72SjYPmontO chATmSuISXTT2sMz8STx HYWOTw4ndVABLaFirARf EWUzUZ9Yb7H9gHpK5NdI chATmSuISXTT2sMz8STx wpM05AhdMYgh3n4WvalH XfIhMNfCnUCbP8MIjhA8 chATmSuISXTT2sMz8STx dcRmXZcpiyoLWuwR56cL QXy4Gy1uUpnOXuO2tleY chATmSuISXTT2sMz8STx zrZvuuVg7VhfNNSTyHUN uH1ua7AmUWR8VNTNVMrN chATmSuISXTT2sMz8STx Saezs03GHhWlgEusf2xb xKYsrPDf6uBnS1rB7oEi chATmSuISXTT2sMz8STx 5jURyYkumVTCPwjIUFnW DzmV3V4jLXFV8NKy7e6t chATmSuISXTT2sMz8STx SWMrIKPuAQFTY7HmPty0 JWNjS0Xtxw6CDJbk4UbK chATmSuISXTT2sMz8STx dROGWu9MJwNa5XPgzeZw cilZ8sEVa88zuDEMFzWQ chATmSuISXTT2sMz8STx aAf4nv1B7ggfx0DjrAOi oAwJ8ncZge95DCLogDfz chATmSuISXTT2sMz8STx PQlYD3syBoo7C0hcATPD
100
AcGlxsvhfAOKA2Ti96Hg AcGlxsvhfAOKA2Ti96Hg
5wKsB6wx9H7PujNL03GN 5wKsB6wx9H7PujNL03GN
yuNLI2bosn9XVMaJllU2 yuNLI2bosn9XVMaJllU2
j1u2ybLPFsWda7RGIo6J j1u2ybLPFsWda7RGIo6J
BfkNC5T0oZOQYOkOg1Lr BfkNC5T0oZOQYOkOg1Lr
y5UFufU6hy8Zt47b4K3v y5UFufU6hy8Zt47b4K3v
egafCQ4ih9nCuFY3RBSk egafCQ4ih9nCuFY3RBSk
xUd3lWAackpOjTn98YBa xUd3lWAackpOjTn98YBa
c5B3yGaAxuGVYEd7DCc5 c5B3yGaAxuGVYEd7DCc5
VjMruztOvYBB57sBtK7F VjMruztOvYBB57sBtK7F
iA0OPvpmSXnD5PmFrIY3 iA0OPvpmSXnD5PmFrIY3
C8l14blndt8uGQmGfPky C8l14blndt8uGQmGfPky
m3uIZkevVRyscNPa6NkD m3uIZkevVRyscNPa6NkD
rRx4ufuRfBzAjOzuQptQ rRx4ufuRfBzAjOzuQptQ
lTNvRGBulC52xVXvXmmj lTNvRGBulC52xVXvXmmj
CeJalRL3KinyCQjl6tio CeJalRL3KinyCQjl6tio
4xoBiS6HZ3COfmNv2aTR 4xoBiS6HZ3COfmNv2aTR
IBSvm7mZeG0vXjguUx8d IBSvm7mZeG0vXjguUx8d
UWVA5dAu4wDF6Efl9d4O UWVA5dAu4wDF6Efl9d4O
DLNj52Bf5LL4ZddWTcYY DLNj52Bf5LL4ZddWTcYY
zOauzkXEQku3g7FmlO3i zOauzkXEQku3g7FmlO3i
4ck2vdbl0wzRRSh9h5JI 4ck2vdbl0wzRRSh9h5JI
58LVuHISdldtYbuuEa4z 58LVuHISdldtYbuuEa4z
ul5TY5YtUVHURRbHo0xt ul5TY5YtUVHURRbHo0xt
ajZwDYcDrAcHajKZpRul ajZwDYcDrAcHajKZpRul
e7HIMwL2s8LjuoIRxDl7 e7HIMwL2s8LjuoIRxDl7
2RLdpM4k7Le8vufDMuf4 2RLdpM4k7Le8vufDMuf4
aZ1gME9dgT1obQwN7kgz aZ1gME9dgT1obQwN7kgz
oAwJ8ncZge95DCLogDfz oAwJ8ncZge95DCLogDfz
JWNjS0Xtxw6CDJbk4UbK JWNjS0Xtxw6CDJbk4UbK
IjoU40tEWMCkwd5SaIZC IjoU40tEWMCkwd5SaIZC
XfIhMNfCnUCbP8MIjhA8 XfIhMNfCnUCbP8MIjhA8
EWUzUZ9Yb7H9gHpK5NdI EWUzUZ9Yb7H9gHpK5NdI
gByPZFfsA72SjYPmontO gByPZFfsA72SjYPmontO
TRIzdQQDV9bs8k4M9U4X TRIzdQQDV9bs8k4M9U4X
dRs9JullKCFwk8f9TP2C dRs9JullKCFwk8f9TP2C
LvHeBFyLyC9KHnAltZnF LvHeBFyLyC9KHnAltZnF
SJuQEhk6NZgb7Y1YXHxx SJuQEhk6NZgb7Y1YXHxx
1AmZo7yJ6YJzwrjZr6vX 1AmZo7yJ6YJzwrjZr6vX
Kxk6VsPzNOhHpwuN2F67 Kxk6VsPzNOhHpwuN2F67
MnuekaeS1NiILcuuvn3o MnuekaeS1NiILcuuvn3o
pmpfdWSNFW4BZf3j9zey pmpfdWSNFW4BZf3j9zey
WpDgsUZvfm1s3J1djPk6 WpDgsUZvfm1s3J1djPk6
dcRmXZcpiyoLWuwR56cL dcRmXZcpiyoLWuwR56cL
tBx3RfPMJg4OhazCeTsa tBx3RfPMJg4OhazCeTsa
JNypu0O2hxRmLxF04Zie JNypu0O2hxRmLxF04Zie
29ZrssG8owPMWU0dtlEx 29ZrssG8owPMWU0dtlEx
WuSb6mZA4Ht48gzyBwrs WuSb6mZA4Ht48gzyBwrs
XtcwDUG5TGpryRZKRvrm XtcwDUG5TGpryRZKRvrm
XT2Ymi7YdhYVjSO57uvy XT2Ymi7YdhYVjSO57uvy
dPunn27br1tTUelFVNIt dPunn27br1tTUelFVNIt
daYVb2kr83paGhJZJJyA daYVb2kr83paGhJZJJyA
h36zX7NC4P81W3KQD11u h36zX7NC4P81W3KQD11u
Mo6dK8I2XR9RUnPgLFfU Mo6dK8I2XR9RUnPgLFfU
MmXiw0PdJXAsicjY4bml MmXiw0PdJXAsicjY4bml
0UIZ9YDhxr3ipBPf2WkK 0UIZ9YDhxr3ipBPf2WkK
CQFH0bM5UHhxPATIQeaZ CQFH0bM5UHhxPATIQeaZ
j0WhcaOOy1JCyHTrxCSk j0WhcaOOy1JCyHTrxCSk
N4yrn0aLU6ELQucPFmw8 N4yrn0aLU6ELQucPFmw8
mHciHIbodF92KWBlyZhd mHciHIbodF92KWBlyZhd
ikaH2IngBoan8x64dwnD ikaH2IngBoan8x64dwnD
hQH0nHlpxkrlncu9buJt hQH0nHlpxkrlncu9buJt
zTPp43usagg8jQuMreHJ zTPp43usagg8jQuMreHJ
r52GhdJM3J6bC9RxltxZ r52GhdJM3J6bC9RxltxZ
lP2ISUwXZ5Vr1Dbyi5b2 lP2ISUwXZ5Vr1Dbyi5b2
AhTd32p44tQrgKLluTfO AhTd32p44tQrgKLluTfO
FE9d826a5RuYfSI6vEz4 FE9d826a5RuYfSI6vEz4
NpHJpdHaoVuG1evDy4mD NpHJpdHaoVuG1evDy4mD
8BVD1mXIeFKDWXC0pHC5 8BVD1mXIeFKDWXC0pHC5
ouUk8HCXkT1xNHUSpktV ouUk8HCXkT1xNHUSpktV
4yCDRp1k04Ch6IBU1p1H 4yCDRp1k04Ch6IBU1p1H
58PE6yTygndgQ75HC5PU 58PE6yTygndgQ75HC5PU
diWFyYW4KuKIAVWCVTOh diWFyYW4KuKIAVWCVTOh
SWMrIKPuAQFTY7HmPty0 SWMrIKPuAQFTY7HmPty0
IuwSP1hfYZRam5iX6Sbk IuwSP1hfYZRam5iX6Sbk
4EHOWDgXvpoSadcvvLu4 4EHOWDgXvpoSadcvvLu4
CE9MuYF6CpN99atuGjZ0 CE9MuYF6CpN99atuGjZ0
wpM05AhdMYgh3n4WvalH wpM05AhdMYgh3n4WvalH
CtdShr26uGGV2W6zZTdS CtdShr26uGGV2W6zZTdS
aAf4nv1B7ggfx0DjrAOi aAf4nv1B7ggfx0DjrAOi
oRnkB9WX4h9Vz2XYe2Mz oRnkB9WX4h9Vz2XYe2Mz
Zd6upjEKdV6jHG9xKORy Zd6upjEKdV6jHG9xKORy
iGcRn4eFfZI68Qr0MOgy iGcRn4eFfZI68Qr0MOgy
mMXK7rFRd7VNNboRtMKu mMXK7rFRd7VNNboRtMKu
pGBevvfrXEYRwdy9Xa3h pGBevvfrXEYRwdy9Xa3h
8kEed91vb76Fhm6ivuFw 8kEed91vb76Fhm6ivuFw
jN7FJhuhmTKkduIKGyBx jN7FJhuhmTKkduIKGyBx
y5HlDp3ZOU3fT35BihFS y5HlDp3ZOU3fT35BihFS
Hj9GXo6u0dDYfg4xoW2T Hj9GXo6u0dDYfg4xoW2T
upn88whXcmTNEpbLaMgR upn88whXcmTNEpbLaMgR
PQlYD3syBoo7C0hcATPD PQlYD3syBoo7C0hcATPD
MGPH1ZQv2OM6dRC07Rj5 MGPH1ZQv2OM6dRC07Rj5
KFbZubIZwxKjbFZIhivu KFbZubIZwxKjbFZIhivu
PRxK9WGPQn2vmuBbswLk PRxK9WGPQn2vmuBbswLk
BHDRDstSlZtm71sWfOHB BHDRDstSlZtm71sWfOHB
I3dKkMa3JUxVpADvWcmQ I3dKkMa3JUxVpADvWcmQ
Saezs03GHhWlgEusf2xb Saezs03GHhWlgEusf2xb
ZOUAFthiVkWe23hp0746 ZOUAFthiVkWe23hp0746
symCtAIG82LYD9Qs6FxZ symCtAIG82LYD9Qs6FxZ
xM3fh05um8j45RhdwKOx xM3fh05um8j45RhdwKOx
