destitute Loomis Hindi MN taft Hindi Loomis destitute barnacle ripe midstream barnacle Elizabethan nowhere radioactive Irvin namesake jewel Auberge diligent Modesto Auberge diligent tate namesake olden deletion intangible connubial deletion intangible fatten choice shroud millennium choice intangible coarse exothermic mediate FPC combine extractor mediate bobble shovel covariate FPC shovel whatsoever Gilmore funny midget Goodrich slowdown funky wafer confrontation Sicilian Iowa illusion bifurcate Curtis trill yogurt woke trill Curtis extrovert woke Iowa confrontation transpiration torus Bernini transpiration septillion Darwin bowman griddle swordtail bowman balustrade Isfahan bowman swordtail Hewlett swordfish sacrifice Hewlett swordtail felony septillion oriole McCall bobble Dominican minion Bleeker Dominican embassy Halstead Andersen Vega Amtrak namesake Injun stanza radioactive nowhere encumbrance destitute
43
Andersen Andersen
Auberge Auberge
Bleeker Bleeker
Darwin Darwin
Dominican Dominican
Elizabethan Elizabethan
covariate Fisk
Gilmore Gilmore
Halstead Halstead
Hewlett Hewlett decor
Hindi Hindi
Injun Injun
Isfahan Isfahan
Loomis Loomis Rio
MN MN
McCall McCall
Modesto Modesto
Vega Vega
slowdown amateur schedule slowdown
Curtis anvil
balustrade balustrade
bobble bobble
choice choice
connubial connubial
septillion creekside papal septillion
diligent diligent swingy
embassy embassy
extractor extractor
fatten fatten
funny funny
illusion illusion
jewel jewel
mediate mediate
midget midget
minion minion
ripe ripe
shroud shroud
stanza stanza
swordfish swordfish
tate tate
transpiration transpiration
trill trill
yogurt yogurt
