exothermic brook Hewlett Bleeker midget tate coarse midget Bleeker amateur Bernini amateur Injun Curtis involuntary anvil whatsoever embroil anvil illusion barnacle schedule stanza Halstead embroil barnacle schedule extrovert sacrifice oriole confrontation combine trill shovel decor Irvin felony McCall swordtail Sicilian Irvin FPC namesake Dominican swordfish yogurt Dominican felony exothermic
21
McCall Andersen McCall
Bernini Bernini Tucson
Curtis Curtis
FPC FPC
Halstead Halstead
Injun Injun
brook Iowa
Irvin Irvin
amateur amateur
coarse coarse
combine combine
decor decor
extrovert extrovert
felony felony
midget lordosis midget
namesake namesake
sacrifice sacrifice
shovel shovel
swordfish swordfish wafer
trill trill
yogurt yogurt
