1 22 16 22 3 8 1 9 40 12 15 40 20 33 46 33 15 12 11 47 21 47 23 11 23 14 25 14 34 41 34 13 25 39 48 29 5 29 2 42 32 39 48 5 42 10 35 45 35 10 26 4 26 10 24 38 31 44 7 28 37 6 30 19 17 27 43 27 19 37 6 28 7 18 36 18 44 31 38 9 1
48
16 49
43 50
26 51
12 52
24 53
19 54
23 55
6 56
2 57
13 58
42 59
28 60
21 61
34 62
27 63
20 64
10 65
8 66
4 67
37 68
39 69
18 70
40 71
33 72
29 73
7 74
45 75
5 76
44 77
11 78
1 79
32 80
22 81
46 82
36 83
9 84
15 85
25 86
35 87
48 88
14 89
38 90
31 91
3 92
47 93
41 94
30 95
17 96
