1 1cG 1eX 3 1fD 1eX M x 1eX L K f Z K 1fC 1eN K r 1eK K 1eC 1dS K 1eX P I 1eO 1eX l 1aJ 1dC 1aY 1aJ Q 1dI 1aJ 1aM 1dE 2 1eX F N B 1eX D K 1eX 1eO 1eX j 1dF K 1dD B 1eM 1eX n B 1fE 1aJ 1eE 1bT 1aJ o s 1aJ 1aZ 1eH 1eX 7 1cU K 1eG 1cP K 1dX 1eX v 1dU 1eX 1eL 1dO 1eX 1eF 1aJ 1cJ K 1eV e Y J 2 1bW K 9 1aJ 1dK 1eX 1fG 1cX 1eX 1eS 1cR 1eX g 1bU K u 1bK K 1cM O 1aF 1cO 1eX 1cS 1cK 1eX h 1cH 1eX 1eW 1cD 1eX t 1eO 1bG K A 1aS 1eO U 1aO 1eO 1aL Y 1cV B H 1bD K 1bF 1bC K 1bB 1aP K 1eX W 1cA 1eX k 1aN K 1aT 1aK K 1dT 1bZ 1eX 1eD 1bY 1eX 1cY 1aG K 1bQ 1aB K 1eX 4 B 1aF 1eO Y 1dL 1bP 1eX 1bR 1bO 1eX 1eI 1bM 1eX 1cW 1bE 1eX 1bN K E B 1aW 1eX 1dR 1aJ 2 1aD 1aJ 1dV 1eO 1aV 1eX V 1aR 1eX 1
68
1 1
K 1aA 1aI 1aX 1cQ 1cZ 1dP 1eA
1aB 1aB
1aJ 1aC 1aE 1aJ 1aQ 1bL 1bX 1cE 1cF 1dH 1dY 1dZ 1eB
1aK 1aK
1aL 1aL
1aM 1aM
1aN 1aN
1aP 1aP
1aR 1aR
1aS 1aS
1aT 1aT
1eM 1aU
1aV 1aV
1aW 1aW
1aY 1aY
1aZ 1aZ
1eX 1bA 1bH 1bJ 1bS 1bV 1cB 1cC 1cI 1cN 1cT 1dA 1dJ 1dM 1dN 1dW 1eJ
1bB 1bB
1bC 1bC
1bD 1bD
1bE 1bE
1bF 1bF
1bG 1bG
1bK 1bK
1bM 1bM
1bN 1bN
1bO 1bO
1bP 1bP
1bQ 1bQ
1bR 1bR
1bT 1bT
1bU 1bU
1bW 1bW
1bY 1bY
1cD 1cD
1cG 1cG
1cH 1cH
1cJ 1cJ
1cK 1cK
1cO 1cO
1cP 1cP
1cR 1cR
1cS 1cS
1cU 1cU
1cV 1cV
1cW 1cW
1cX 1cX
1cY 1cY
1dC 1dC
1dD 1dD
1dE 1dE
1dF 1dF
1eO 1dG
1dI 1dI
1dK 1dK
1dO 1dO
1dR 1dR
1dS 1dS
1dT 1dT
1dV 1dV
1eC 1eC
1eD 1eD
1eE 1eE
1eF 1eF
1eG 1eG
1eH 1eH
1eI 1eI
