1 e 1aW l x e 1aL h l x d 1aI L m 1aI 1aX 1aO 1aI J U x j W e D 1aP 1aI N 1bL 1aI v K 1aI q w 1aI C F 1aI G 1bC 1aI 3 x 1bI x T 1bM x 1bI x a 1bH x l z 1bG 1aL 1bF x 9 1bE x 1bJ e P 1aV x 1bD 1aH x 6 1aS e x l o 1aR e 1bB 1aM 1bI x l 1aQ e E 1aD x B Y 1aL e 1aC x 3 1aI 1aK 1aE 1aI I e x 1
33
x 1aA 1aF 5 S
1aI 1aB 1aG 1aT 1aZ 1bA 7 H R V
1aC 1aC
1aD 1aD
1aL 1aJ 1aL 1aU A
1aK 1aK
1bI 1aN 1bI Q
1aQ 1aQ
1aR 1aR
1aV 1aV
1aW 1aW
1aX 1aX
e 1aY 8
1bB 1bB
1bC 1bC
1bF 1bF
1bG 1bG
1bH 1bH
l 1bK
1bL 1bL
1bM 1bM
9 9
B B
C C
E E
G G
I I
J J
K K
L L
N N
P P
T T
