htb26qt lnnsb9 zjj1dm8s ligw3mffc aplkk57cpzm 44yverx ic2r4blmm9 rz6wreexh1r zxcqho2rbjlhmy8 nd9xavj ben42py9 tmyhwxa tq8pgw7ge id5491f19 gg7w7g4xq yjl4q4l itrx5fucdq t4iedm gg7w7g4xq id5491f19 t4iedm k9f3w9 bmq8ez5t w7iil vqthskq wqkqf adcxemid7t pt2n7hl 3uf452o6g v5twchi wqkqf pe165 ml5lp1nmef onl7cjn vrem3ey3kg44 4ka6l1c8w 812l47wm ml5lp1nmef txlltgki 8gc7dka8lfy zxcqho2rbjlhmy8 3881femiv8 s9vu9xx884 txlltgki vqthskq y3eg7gqq6 9tdu9g pxudbw3kn txlltgki 5612qqmh xpxnortd 29vqtk3x siimi45 tu8xxomxhi hc2hf5t8 yhvc7zg pt2n7hl 1ebc3 8gc7dka8lfy fej54ps5j hyc885fvjls pt2n7hl tu8xxomxhi siimi45 6k7du 5xz8hm5sa3 c9c2oc6rv eb3m8w2lan tjwldi f92ere3 eb3m8w2lan siimi45 29vqtk3x itbc25it1yep 4w6uhigzl kxhc6t8tu yg6hizqty 2hzpyd itbc25it1yep 3w86rqxzpi q42s9z886w5 itbc25it1yep dflx2lut iffsi 4lvyha1 itbc25it1yep b8apl2kn qq3mi z4kx8k9 hipbkq7s74z 1jhmm8m85 onl7cjn lg3pxcmyz ysiw8m4l z4kx8k9 b4mzy7ptg h1gz5hzz z4kx8k9 tpuaixp nulw7xl art44ncra u8tp4tq og6n7bgq8h nm7ud qq3mi tpuaixp z4kx8k9 479y34 vx6dadli2g h1gz5hzz yhp7wbv9 zjh83ae 7hz6j8 qq3mi u8tp4tq kxhc6t8tu pllpn 7r5kyxwijn 7seihxs 5b63nad1 8m3pascg vl6czuab 8m3pascg kxhc6t8tu oafxqw 9egqgrh7x4e kwtb3cg 2akx591l5c jeiqok e3z4naodl7 cou34kvbi x73l73jp 4wptk69oipw x73l73jp a8cy4e1t8 fl6nxu2p t6jinp 87jxa m5r6ali r5aqeg7i kxhc6t8tu 52a3fj2zh 87jxa m5r6ali 4nwqnlye ynuam4f8 1161ildqnj piawzpgtzz9 zhyb5y 9sp3riwrk66 t6jinp t6fnmkuk xpxnortd gxy4oc4 ligw3mffc ep6eozrh5t pwqxinlzb3s hjrkpj3ea t6jinp 6u4omh ht1efrhmh ozag34bm9 qvqqfqui3f82 p5ujl2azex yr44oj2 jeiqok ozag34bm9 9lvbrlgk jeiqok ozag34bm9 pwqxinlzb3s ligw3mffc fgkuly81y czpcwszblx sf9yqti 8jea4n4ez aq2rero4e fgkuly81y pmyqr xm1yvdr eb3m8w2lan uzsjpl5f5 sf9yqti 89ladcv zhyb5y bp96npcev6ok yx6dguko a5u8g4sej 52oycn21v 5nsjpxd uzsjpl5f5 89ladcv czpcwszblx zqteiadetai5 3kxd1h fgkuly81y aq2rero4e mucolb1r ay5sahonq84 6a87gkworxixf cou34kvbi e7lxs lyvvnwfs 5612qqmh ushjdkdhm9 gxy4oc4 pgqlp 5nsjpxd bp96npcev6ok l8yypbh zjj1dm8s qvfndvc htb26qt
72
wqkqf wqkqf
txlltgki txlltgki
ozag34bm9 ozag34bm9 dt4ljfgjkizpq
l8yypbh l8yypbh
ushjdkdhm9 ushjdkdhm9
yhp7wbv9 yhp7wbv9
y3eg7gqq6 y3eg7gqq6
7hz6j8 7hz6j8
itrx5fucdq itrx5fucdq
og6n7bgq8h og6n7bgq8h 59yzvtv p9mtts
6k7du 6k7du
yg6hizqty yg6hizqty
zjj1dm8s 7pbkkbbpw 5stwoup
ynuam4f8 ynuam4f8
4ka6l1c8w 4ka6l1c8w
tu8xxomxhi tu8xxomxhi
vqthskq 9oii82xaa
812l47wm 812l47wm ilaz9q
czpcwszblx hwu8dv9jgknbm
pt2n7hl pt2n7hl hq5mh8mi euhqqqmdpe
kxhc6t8tu kxhc6t8tu
aplkk57cpzm aplkk57cpzm
jeiqok i6lsw66h
9egqgrh7x4e 9egqgrh7x4e
mucolb1r mucolb1r
zjh83ae zjh83ae
8m3pascg 8m3pascg
p5ujl2azex obabms
h1gz5hzz h1gz5hzz
vl6czuab vl6czuab 37v6d
ay5sahonq84 ay5sahonq84
uzsjpl5f5 uzsjpl5f5
ic2r4blmm9 ic2r4blmm9
x73l73jp x73l73jp dlkmpx
9sp3riwrk66 k3qywmpr g2g6fxcwr2l
q42s9z886w5 q42s9z886w5
art44ncra art44ncra
1161ildqnj 1161ildqnj
yr44oj2 yr44oj2
yx6dguko yx6dguko
f92ere3 f92ere3
pwqxinlzb3s pwqxinlzb3s
b8apl2kn grn3uqx9y
s9vu9xx884 s9vu9xx884
hc2hf5t8 hc2hf5t8
4wptk69oipw 1ca2x2cnc
8jea4n4ez 8jea4n4ez
87jxa 87jxa
4w6uhigzl 4w6uhigzl
hyc885fvjls hyc885fvjls
piawzpgtzz9 piawzpgtzz9
8gc7dka8lfy 8gc7dka8lfy
a5u8g4sej a5u8g4sej
t4iedm t4iedm gd5ct4
yhvc7zg yhvc7zg
iffsi iffsi
id5491f19 zou7sx9w 6u4sf1gi
tjwldi tjwldi
9lvbrlgk 9lvbrlgk
nd9xavj nd9xavj
nm7ud nm7ud
pmyqr pmyqr
ht1efrhmh ht1efrhmh
1jhmm8m85 1jhmm8m85
89ladcv mw8g2qjo1
kwtb3cg kwtb3cg
ysiw8m4l ysiw8m4l
e7lxs e7lxs
vrem3ey3kg44 vrem3ey3kg44
52a3fj2zh 52a3fj2zh
fej54ps5j fej54ps5j
siimi45 3khitn6
