3xgrfvks fcxnizqrra m5uyvxo2h ijgos1ws1o okbjywtq4zz9 bi2lbvodvw1 z4o91 8h7x6rt t42r85mht8ru pxtk2 4l424khddum 45bp6qh 4l424khddum 4418l7vdyv 2hmpo9x8v795 9gglvwpr5 r6auw1rlvrqo kr5jy4uyjt 4418l7vdyv d3y7jq ual3asit y6571 nbvknr lrleda ag29aqlop yz5iq 8evxiqgcp69n ou2rf1qhh d3y7jq a863i9u9 ual3asit ou2rf1qhh d3y7jq 4a7789n nlg58sjqg 4a7789n z4o91 fy2tqruz33b6 d5podyx2rn1o nlg58sjqg 4a7789n z4o91 vm4iv29w2k8 b9zxvj22sc ag29aqlop d8hwo5pi it92vprqk ifmqwyt6x it92vprqk 2hmpo9x8v795 uqc3avv5 ijgos1ws1o okbjywtq4zz9 dooatf4 nmvly1q bt3xcgwcd6c 3xgrfvks
20
m5uyvxo2h m5uyvxo2h
ag29aqlop ho87zq94a914a ag29aqlop
ifmqwyt6x 1huq1df ifmqwyt6x
kr5jy4uyjt kr5jy4uyjt
bt3xcgwcd6c bt3xcgwcd6c
d3y7jq d3y7jq
45bp6qh 45bp6qh 5ed169a5jrt
uqc3avv5 uqc3avv5
it92vprqk it92vprqk
dooatf4 dooatf4
d5podyx2rn1o d5podyx2rn1o
b9zxvj22sc b9zxvj22sc
ual3asit ual3asit
4418l7vdyv 4418l7vdyv
pxtk2 pxtk2
8evxiqgcp69n 8evxiqgcp69n
d8hwo5pi i3la5wvv4
lrleda lrleda
nbvknr nbvknr
4l424khddum 4l424khddum
