ZfI6StUliqd8YxBr0zVp iIGMVrFttQwSK537NlPz Nl2bc3MSn18o40GhzK2S 4gVQx4yn8gZ0TQBRafbQ Z6746tUNXH05XsKVq5bc sxZzRXnVfKw2KrspKPg1 Z38PT2VWeDoNiuh4rc0v Af4sQnaDf5G2yrOfmk45 QBaUzVWA62rnfcsnEShZ StkHQE53VtJb6hSwpApg uPH8PqQ15A2srqN6AFNi QUmdpeJNwq8Od3rclrVL Af4sQnaDf5G2yrOfmk45 Z38PT2VWeDoNiuh4rc0v sxZzRXnVfKw2KrspKPg1 Z6746tUNXH05XsKVq5bc B9cGlC4TxkeYqPQ0m71O PliCEYTca2VSVL723rNz 4yYsNk20bqSMlyASIn37 a5U0eplwXr4BNJCc524G 4yYsNk20bqSMlyASIn37 DAvuGg8yBm9dlM56DKBP ZTaw972zQDmYkMO6ISzN ip0vmcqzxYgrY2Mc3Bu9 zs8puphf0SbuOBS6XpM9 uYmver98TgwbkIsM8XgU gX6xMy6pWnenI68kwgcu 9Hcyk2NqhBwOpTXRywvA gj1PIUxoUprs5rKMLNpv gX6xMy6pWnenI68kwgcu uYmver98TgwbkIsM8XgU 5JVto9dbOz4Lu3AeAOZD mMagcNSN7U8s7oy3e0j4 5JVto9dbOz4Lu3AeAOZD QGzcn6XPemZ0IhmCJCmq gGXF4imn3IOLlYGD81XA ZBTm8fkarNXg3vLUAnt8 SI1jqone3x4IZwZ6qVW6 QGzcn6XPemZ0IhmCJCmq ufkSgxNAeRAXQFn3w6eB cC9SZGtAtirSBnbvLWzt MraBcGvDEL68zyTsBDgx BrKfKJuMlFXPiNrPkBbt ufkSgxNAeRAXQFn3w6eB A3GPaYX08iI4JOyjZOCJ zFahEplFbW4f2V6jQTmi WEpQsV1SPLNjRDFxWGJw 98jc4TOf5CFD5ooRLXKs SI1jqone3x4IZwZ6qVW6 4gVQx4yn8gZ0TQBRafbQ Z6746tUNXH05XsKVq5bc ZfI6StUliqd8YxBr0zVp
21
ip0vmcqzxYgrY2Mc3Bu9 ip0vmcqzxYgrY2Mc3Bu9 Fa64KRccvM4rqOgxBKtu
QUmdpeJNwq8Od3rclrVL QUmdpeJNwq8Od3rclrVL
Af4sQnaDf5G2yrOfmk45 RnnCc8OgQLqPe5HvvbS3 Af4sQnaDf5G2yrOfmk45
98jc4TOf5CFD5ooRLXKs 98jc4TOf5CFD5ooRLXKs
WEpQsV1SPLNjRDFxWGJw WEpQsV1SPLNjRDFxWGJw
ZBTm8fkarNXg3vLUAnt8 ZBTm8fkarNXg3vLUAnt8
a5U0eplwXr4BNJCc524G YzWX8RqUW0YPFsebUKYP
cC9SZGtAtirSBnbvLWzt cC9SZGtAtirSBnbvLWzt
gj1PIUxoUprs5rKMLNpv BFat56YSkekx77JCOMI4 gj1PIUxoUprs5rKMLNpv
SI1jqone3x4IZwZ6qVW6 SI1jqone3x4IZwZ6qVW6
uYmver98TgwbkIsM8XgU uYmver98TgwbkIsM8XgU
mMagcNSN7U8s7oy3e0j4 Hxhi6IYOb3B8uxHbGYVt mMagcNSN7U8s7oy3e0j4
QGzcn6XPemZ0IhmCJCmq QGzcn6XPemZ0IhmCJCmq
Z6746tUNXH05XsKVq5bc Z6746tUNXH05XsKVq5bc
zs8puphf0SbuOBS6XpM9 zs8puphf0SbuOBS6XpM9
gX6xMy6pWnenI68kwgcu gX6xMy6pWnenI68kwgcu
Z38PT2VWeDoNiuh4rc0v UoiNiYnewh16WNDFqvYW
QBaUzVWA62rnfcsnEShZ QBaUzVWA62rnfcsnEShZ
5JVto9dbOz4Lu3AeAOZD 5JVto9dbOz4Lu3AeAOZD
ZfI6StUliqd8YxBr0zVp ZfI6StUliqd8YxBr0zVp
gGXF4imn3IOLlYGD81XA gGXF4imn3IOLlYGD81XA
