Hernandezville Joelview Farmerside Gabriellabury Courtneyfurt Gabriellabury Murphyberg Gabriellabury Farmerside Joelview Mitchellchester Lopezmouth Dixonton Keithton Dixonton Francesmouth Dixonton Lopezmouth Heathermouth Lopezview Heathermouth Lopezmouth Mitchellchester Sheabury Maysfort Sheabury Mitchellchester Joelview Downsville Richardhaven Tammychester Richardhaven Downsville Williammouth Downsville Joelview Farmerside Ryanton Williamsmouth Mcdonaldmouth Williamsmouth Ryanton Farmerside Ralphtown Stricklandbury Tylermouth Stricklandbury Ralphtown Garciaport Charlesburgh Garciaport Ralphtown Farmerside Joelview Hernandezville Beckyshire Ponceville Bridgesville Dennisstad Wilsonburgh Dennisstad Bridgesville Esparzaberg Thomasburgh Esparzaberg Kristinbury Esparzaberg Thomasburgh Esparzaberg Bridgesville Dennisstad Wilsonburgh Dennisstad Bridgesville Riveramouth Martinton Riveramouth Bradshawside Riveramouth Bridgesville Ponceville Mcculloughchester Jonestown Kellyfort Jonestown Mcculloughchester Crystalchester Smithmouth Crystalchester Mcculloughchester Jonestown Barbarachester Jonestown Mcculloughchester Ponceville Garymouth Camposstad Donaldstad Camposstad Garymouth Christophertown Crystaltown Christophertown Garymouth Ponceville Beckyshire Derekton Wallaceville Morenoside Wallaceville Derekton Thomaschester Mcfarlandville Thomaschester Derekton Beckyshire Hernandezville
26
Kellyfort Kellyfort Tinatown Pittsland
Crystaltown Johnsontown Crystaltown
Tammychester Tammychester Rebeccaton
Thomasburgh Johnsonmouth Thomasburgh Sanchezland
Morenoside Johnport Amberfurt
Charlesburgh Charlesburgh Angelaview
Barbarachester Barbarachester Jonesberg
Mcfarlandville Belindamouth
Kristinbury Kristinbury Allenberg
Donaldstad Donaldstad Thomastown
Courtneyfurt Contrerasland Morrisbury
Smithmouth Smithmouth Robertborough
Murphyberg Hendersonchester
Wilsonburgh Josephton Wilsonburgh Harristown
Martinton Martinton Brianland Deborahfort
Keithton Andrewland Aprilstad Keithton
Heathermouth Emilymouth
Tylermouth Tylermouth Deanstad
Bradshawside Bradshawside Wandaside
Lopezview Lopezview Robertsfort
Williammouth Haasville
Mcdonaldmouth Adkinsfurt Mcdonaldmouth
Maysfort Huynhton
Camposstad Williamsville
Williamsmouth Johnstonmouth
Francesmouth Richardville Francesmouth
