A0 H4 G1 A0 H2 G0 A0 H3 F6 A0 J9 E7 A0 I8 E6 A0 J3 E3 A0 G2 E0 A0 G3 D9 A0 I0 D3 A0 E2 D2 A0 H6 D1 A0 J0 C5 A0 C9 C1 A0 I4 C0 A0 G4 B6 A0 F8 A4 J4 H5 A4 H0 F1 A4 B5 B3 A4 A0 A8 A7 I9 G9 A7 E8 B1 A2 J6 J1 A2 I7 F4 A2 H7 E9 A2 G5 E1 A2 J2 C7 A2 F5 B2 A2 I1 C4 A3 I5 F3 A3 H8 E5 A3 F2 E4 A3 D8 D5 A3 I2 D0 A3 F7 B9 A3 A9 A2 A0 D4 A1 H9 F9 A1 I6 F0 A1 J8 C8 A1 G7 C6 A1 H1 C3 A1 B8 B7 A1 I3 D7 B4 A1 G8 B0 A1 J7 J5 A6 A1 D6 A5 G6 C2 A5 A1 A0
50
A1 A1
A2 A2
A3 A3
A4 A4
A5 A5
A6 A6
A7 A7
A8 A8
A9 A9
B0 B0
B1 B1
B2 B2
B3 B3
B4 B4
B5 B5
B6 B6
B7 B7
B8 B8
B9 B9
C0 C0
C1 C1
C2 C2
C3 C3
C4 C4
C5 C5
C6 C6
C7 C7
C8 C8
C9 C9
D0 D0
D1 D1
D2 D2
D3 D3
D4 D4
D5 D5
D6 D6
D7 D7
D8 D8
D9 D9
E0 E0
E1 E1
E2 E2
E3 E3
E4 E4
E5 E5
E6 E6
E7 E7
E8 E8
E9 E9
F0 F0
