0 89 12 14 21 59 69 1 73 36 32 53 72 39 10 72 23 53 78 34 27 92 86 97 5 70 22 11 29 31 6 29 7 18 41 84 81 95 45 81 95 76 44 41 24 77 18 44 85 83 57 9 80 67 16 35 85 3 70 68 71 46 68 49 33 46 20 90 96 51 37 62 2 51 3 52 65 3 34 5 82 23 73 94 63 60 42 64 4 58 8 66 55 30 13 17 56 13 87 93 28 87 26 47 98 19 66 4 43 99 91 43 79 42 61 38 54 25 61 75 88 48 59 14 0
50
0 0
1 1
2 2
3 3
4 4
5 5
6 6
7 7
8 8
9 9
10 10
11 11
12 12
13 13
14 14
98 15
16 16
17 17
18 18
19 19
20 20
21 21
22 22
23 23
24 24
25 25
26 26
27 27
28 28
29 29
30 30
31 31
32 32
33 33
34 34
35 35
36 36
37 37
38 38
39 39
91 40
41 41
42 42
43 43
44 44
45 45
46 46
47 47
48 48
49 49
