0 73 39 123 189 25 57 60 112 54 187 49 54 60 4 57 34 132 119 193 90 55 119 132 121 78 118 36 78 34 50 64 139 7 50 123 126 94 197 184 186 15 194 61 122 28 194 72 33 76 84 24 168 52 9 195 199 104 176 173 85 1 69 58 1 173 44 134 62 12 53 20 81 105 175 107 149 11 175 120 138 114 120 27 96 67 56 79 149 144 159 143 196 174 87 196 106 198 5 74 141 154 146 43 183 80 154 117 3 125 154 80 141 21 93 50 190 158 137 10 160 71 10 198 5 41 75 5 12 16 156 155 110 102 155 70 182 5 59 97 31 140 145 124 111 145 66 86 140 68 2 31 59 32 30 8 196 17 79 107 26 65 91 98 77 150 133 161 65 98 47 22 142 180 188 135 51 148 165 51 142 47 13 51 100 169 171 127 178 163 131 172 116 131 24 177 82 29 177 147 89 24 46 109 191 24 6 9 83 108 101 192 40 83 176 128 179 153 92 179 99 151 185 38 162 45 157 42 151 128 164 19 128 35 176 170 167 28 185 115 103 130 33 15 64 88 23 0
96
0 0
1 1
2 2
3 3
4 4
5 5
6 6
7 7
8 8
9 9
10 10
11 11
12 12
13 13
78 14 78
15 15
16 16
17 17
87 18 87 95
19 19
20 20
21 21
22 22
23 23
24 24
25 25
26 26
27 27
28 28
29 29
30 30
31 31
32 32
33 33
34 34
35 35
36 36
170 37
38 38
39 39
40 40
41 41
42 42
43 43
44 44
45 45
46 46
47 47
139 48 63
49 49
50 50
51 51
52 52
53 53
54 54
55 55
56 56
57 57
58 58
59 59
60 60
61 61
62 62
64 64
65 65
66 66
67 67
68 68
69 69
70 70
71 71
72 72
73 73
74 74
75 75
76 76
77 77
79 79
80 80
81 81
82 82
83 83
84 84
85 85
86 86
88 88
89 89
90 90
91 91
92 92
93 93
94 94
96 96
97 97
98 98
99 99
