K BH FS GD GB S AY S ET GD CA AD B CA FQ FD BJ DV BF GR GL DP CM CC EY EO DE EV EG EP C DR FX CH EZ E CH FU FM DZ AB I DZ CN EV CI CY FN EG AG GG EI BZ CJ BR H CQ AU AO AR GM FG CZ AO AU GK FT H CJ FH CK DY BZ DY ES AF BD GC ED AE X DJ EE L BB CW CV AT CW ER L N AO GM BI CO FK EM EA FK DX DB CO FW P EC D FF BP FJ GJ P FJ FA D CX T DT EK AI DT DA GH DD FL AK BM DF CB BA FL BE BY DW DO FY BN DW AP FV W AX BO AP DW DO FE DW GP BA G AV AK BY FZ DD FI GO AQ AC V GO CG BW GA GI CU CT GF DL EQ FC CE EQ J Z DL Y GA DH DS AA DQ EW AJ BK DQ AA DS AN BU CS GN BS AN EB DC U DG DM DI DK BV DG EL GN AL F M GN BC BT CF BT M GN BL CP GL BF CP AW Q CL O A BG AZ O CL Q AH EU EX CD BH K
94
B B
G G
I I
L L
M M
P P
O R
T T
U U
V V
X X
Y Y
Z Z
AB AB
AF AF
AG AG
AH AH
AJ AJ
CF AM CF
AN AN
CL AS
AW AW
AX AX
BA BA
BB BB
BE BE
BF BF
BG BG
BI BI
BJ BJ
BL BL
BO BO
BP BP
BZ BQ
BR BR
DP BX DP
BY BY
CB CB
CE CE FP
CJ CJ
CK CK
CM CM
CQ CQ
CT CT
CW CW
CY CY
DB DB
DC DC
DG DG
DH DH
DI DI
DK DK
DR DR
DS DS
DV DV
DX DX
DZ DZ
EA EA
EC EC
ED ED
EG EG
FU EH FU
AY EJ
EK EK GE
EL EL
EM EM
FD EN FD
EO EO
EQ EQ
EU EU
EV EV
EZ EZ
FE FE
FG FG
FH FH
FI FI
FJ FJ
FM FM
AI FO
AU FR
FS FS
FV FV
FX FX
FZ FZ
GC GC
GD GD
GF GF
GG GG
GI GI
GJ GJ
GK GK
GL GL
GO GO
GR GR
