dldkilltnmhfepsteins msddkilllthepsteinfn dlfdkilltepsteinhnms killmdshdtnflepstein fthlkillnepsteindsdm killfhdndtlepsteinsm lepsteindnhstfdmkill dhsepsteintlkillmfnd epsteinhdkillltsmfdn mkilldlshdtfepsteinn lepsteindsmnhftdkill sdltmfepsteinhkilldn epsteindmshtfldnkill hsepsteinfkillnmddtl lmtsnfddepsteinkillh lsdfndepsteinmkillht fdmhkilllepsteintnsd mkilldlshdtfepsteinn epsteinhnkillsldfdmt dflhnepsteinsmdtkill fddsmepsteintnkillhl dhsepsteintlkillmfnd lepsteindsmnhftdkill epsteinldtnfmshdkill fdmtdepsteinkilllsnh mdkilllfdnstepsteinh lkillepsteintdshmfnd hdmndfepsteinstkilll smkillnepsteinfldthd tmfdhepsteinnslkilld epsteinhnkillsldfdmt fthlkillnepsteindsdm depsteinftndhmkillsl dhkillldsepsteintnmf fsepsteindkillhmtdln killhdfnsepsteinmltd mdkilllfdnstepsteinh ldepsteindhkilltsmfn dfdepsteintlnskillhm epsteinshlkilldmnfdt dkillnmhldstfepstein hdntepsteinkilllsdfm dkillnmhldstfepstein fsepsteindkillhmtdln dhkillldsepsteintnmf epsteinfsltkillnhddm fmltddhnepsteinskill mlepsteinskilldnftdh epsteintkillhndlfmds killmsfhdtlndepstein fdskillndtmepsteinlh killmdshdtnflepstein sdndhepsteinltkillfm dfkilllepsteinsnmhtd epsteindmshtfldnkill stmepsteinkillnhddlf hmndfkillslepsteintd nmkilllepsteintdsdfh hndsmfkilltldepstein hsepsteinfkillnmddtl smfhndepsteinkillltd tldmepsteindkillfhsn nmdhepsteinkilltfsld hsepsteinfkillnmddtl hepsteinnfmtlkilldds hsepsteinfkillnmddtl killshdlmftnepsteind sdndhepsteinltkillfm dkillfepsteinnhdmtls depsteinlfnmkilldsht tsmdepsteinkillhfdln lkilldtnmsepsteindfh dhmkillfdltnsepstein hdepsteinkillnfdlmts hdkillsndtepsteinmlf mltdhfdepsteinkillsn lkilldtnmsepsteindfh dhmkillfdltnsepstein hdepsteinkillnfdlmts dftkillhmldnepsteins hdepsteinkillnfdlmts dkillldfepsteintsmnh hdepsteinkillnfdlmts dftkillhmldnepsteins mshkillltdepsteinfdn sdepsteinhlmnkillfdt killsepsteindmtflhnd killfthnmsdlepsteind tsmdepsteinkillhfdln lkilldtnmsepsteindfh tdnfmdhepsteinslkill epsteintfhndkilllmsd tdnfmdhepsteinslkill fmtnkilldepsteindhsl killtdslhfdepsteinnm shfnmltepsteindkilld killdldepsteinmfsthn dkillnsepsteinfdmthl sfdntlkilldhmepstein hfskilldepsteinmndlt sfdntlkilldhmepstein epsteinfthkilldnslmd sfdntlkilldhmepstein dkillnsepsteinfdmthl killdldepsteinmfsthn smtepsteinkilldfnhdl sepsteindhmnltkillfd hnddkilltslmfepstein dmtlsfhnkilldepstein thdlskillnfdmepstein hnddkilltslmfepstein lkillfthdsepsteindnm nsepsteinfmdkillhldt lkillfthdsepsteindnm dtnkillsepsteinmdfhl sepsteindhmnltkillfd killhtdmdlnsfepstein nfltdmkillsdepsteinh mfndlsdepsteinhkillt dsftepsteindhkillmnl hlfdskilldnepsteintm killthsepsteindmlfdn hlfdskilldnepsteintm dsftepsteindhkillmnl mfndlsdepsteinhkillt smtepsteinkilldfnhdl killdldepsteinmfsthn shfnmltepsteindkilld nkillddfthsmepsteinl killtepsteinddhlmnsf dhmkillfdltnsepstein lkilldtnmsepsteindfh tsmdepsteinkillhfdln depsteinlfnmkilldsht tsmdepsteinkillhfdln lkilldtnmsepsteindfh tdnfmdhepsteinslkill fmtnkilldepsteindhsl killtdslhfdepsteinnm shfnmltepsteindkilld killdldepsteinmfsthn nepsteinfthdldmkills killfsdndhtmepsteinl nepsteinfthdldmkills killdldepsteinmfsthn nepsteinfthdldmkills fkillepsteinndmdlhts lntkillepsteinfsddhm dflstmkillepsteindhn killdepsteinmfltdshn dflstmkillepsteindhn lntkillepsteinfsddhm mhdskillldftnepstein nmkilldepsteinhtldsf ltfnsdhepsteinkilldm nmkilldepsteinhtldsf mhdskillldftnepstein lntkillepsteinfsddhm fdmtdepsteinkilllsnh lntkillepsteinfsddhm fkillepsteinndmdlhts dtsmdnlhfepsteinkill fkillepsteinndmdlhts nepsteinfthdldmkills lnepsteintdfmdshkill skillmfepsteinthddnl killepsteinfdlhdtnms ltnhmdepsteinfdskill ntmdhepsteinsdkillfl epsteinfthkilldnslmd smtepsteinkilldfnhdl sepsteindhmnltkillfd killhtdmdlnsfepstein hmdkilllnepsteinfsdt msepsteintlhnfkilldd sldhnfmtdkillepstein tepsteinhsdkillmldfn mshkillltdepsteinfdn sdepsteinhlmnkillfdt tdnfmdhepsteinslkill lkilldtnmsepsteindfh tsmdepsteinkillhfdln fepsteinnsdkillhdtml lmkillepsteintsndfhd hepsteinntdkillsdmfl lmkillepsteintsndfhd lhsntdepsteindkillmf tepsteinkilldflhnmsd ddkillnftsmhepsteinl shepsteinnkillftlddm tepsteinhsdkillmldfn sldhnfmtdkillepstein fhdmnepsteindkillslt nftmskilldldepsteinh fthlkillnepsteindsdm depsteinftndhmkillsl fhnmkillepsteinsdltd depsteinfmkillhdsnlt mdkillntepsteindfhsl tndskilldfepsteinmhl mdkillntepsteindfhsl depsteinfmkillhdsnlt fhnmkillepsteinsdltd depsteinftndhmkillsl fnkillddmtepsteinshl shdepsteinftkillnlmd fthlkillnepsteindsdm killmdshdtnflepstein dlfdkilltepsteinhnms msddkilllthepsteinfn dldkilltnmhfepsteins
77
fmltddhnepsteinskill fmltddhnepsteinskill
depsteinfmkillhdsnlt tdfkillslepsteinhdmn
nsepsteinfmdkillhldt hnskillepsteintfdmld
nfltdmkillsdepsteinh nfltdmkillsdepsteinh
dflstmkillepsteindhn lsmftnepsteinkillhdd dflstmkillepsteindhn
epsteinhnkillsldfdmt epsteinhnkillsldfdmt
dhkillldsepsteintnmf killtdmsdfhnepsteinl
dkillldfepsteintsmnh dlshdtepsteinnkillfm
mdkillntepsteindfhsl mdkillntepsteindfhsl dmldfhskillntepstein
tsmdepsteinkillhfdln tsmdepsteinkillhfdln
epsteintfhndkilllmsd tdkillepsteinsmhdfnl epsteintfhndkilllmsd
killtdslhfdepsteinnm killtdslhfdepsteinnm slepsteinkillfmddhtn
depsteinftndhmkillsl depsteinftndhmkillsl epsteindkilltlmnhsfd hepsteinnfdmlsdtkill
msepsteintlhnfkilldd msepsteintlhnfkilldd
lmkillepsteintsndfhd lmkillepsteintsndfhd ndshkilldmlepsteinft
killfthnmsdlepsteind killfthnmsdlepsteind
fhdmnepsteindkillslt fhdmnepsteindkillslt
fddsmepsteintnkillhl fddsmepsteintnkillhl
nmdhepsteinkilltfsld nmdhepsteinkilltfsld
ntmdhepsteinsdkillfl ntmdhepsteinsdkillfl
fdskillndtmepsteinlh fdskillndtmepsteinlh
ltfnsdhepsteinkilldm tepsteinmdfldhnskill ltfnsdhepsteinkilldm
mfndlsdepsteinhkillt killmfndshdtepsteinl
dhsepsteintlkillmfnd dhsepsteintlkillmfnd
msddkilllthepsteinfn msddkilllthepsteinfn
depsteinlfnmkilldsht tldkillhsfnmepsteind lhepsteintndkilldsmf depsteinlfnmkilldsht
killdldepsteinmfsthn killdldepsteinmfsthn dnldkillhmfstepstein
dsftepsteindhkillmnl sdlhfnmdepsteintkill
nftmskilldldepsteinh nftmskilldldepsteinh mdkillnlsdtepsteinhf
fsepsteindkillhmtdln skillthlfndepsteindm fsepsteindkillhmtdln epsteinlmkillfshnddt
epsteinfthkilldnslmd epsteinfthkilldnslmd
lepsteindnhstfdmkill lepsteindnhstfdmkill
epsteindmshtfldnkill epsteindmshtfldnkill
tndskilldfepsteinmhl dkillnmsfhtlepsteind tndskilldfepsteinmhl
killhtdmdlnsfepstein sndldftmkillepsteinh killhtdmdlnsfepstein
killdepsteinmfltdshn killdepsteinmfltdshn tsdnhkilllmepsteindf
dkillnmhldstfepstein dkillnmhldstfepstein
thdlskillnfdmepstein thdlskillnfdmepstein lepsteinkilldhfmstnd
dftkillhmldnepsteins mndtkillepsteindlfhs
lkillfthdsepsteindnm ndkillthdepsteinlsmf
hsepsteinfkillnmddtl hsepsteinfkillnmddtl
shfnmltepsteindkilld shfnmltepsteindkilld
fmtnkilldepsteindhsl fmtnkilldepsteindhsl mkillldnhepsteinstfd
killhdfnsepsteinmltd killhdfnsepsteinmltd
fkillepsteinndmdlhts mkillthfdlnepsteinds
sldhnfmtdkillepstein sldhnfmtdkillepstein
mkilldlshdtfepsteinn mkilldlshdtfepsteinn
dtnkillsepsteinmdfhl dtnkillsepsteinmdfhl
lkilldtnmsepsteindfh lkilldtnmsepsteindfh
fthlkillnepsteindsdm thnkillmddsepsteinfl
ldepsteindhkilltsmfn ldepsteindhkilltsmfn
dtsmdnlhfepsteinkill epsteinsnmflhtdkilld dtsmdnlhfepsteinkill
killfsdndhtmepsteinl hnsepsteinmkillfddtl
killthsepsteindmlfdn nepsteindhkillltmsfd depsteinslkillhdftmn killthsepsteindmlfdn
sdndhepsteinltkillfm sdndhepsteinltkillfm
fhnmkillepsteinsdltd fhnmkillepsteinsdltd
dfkilllepsteinsnmhtd dfkilllepsteinsnmhtd
killtepsteinddhlmnsf killtepsteinddhlmnsf
dlfdkilltepsteinhnms dlfdkilltepsteinhnms
epsteinldtnfmshdkill epsteinldtnfmshdkill
epsteinhdkillltsmfdn epsteinhdkillltsmfdn
hfskilldepsteinmndlt dhtepsteinkillsdflmn
hmndfkillslepsteintd hmndfkillslepsteintd
lhsntdepsteindkillmf lhsntdepsteindkillmf
dmtlsfhnkilldepstein dmtlsfhnkilldepstein
hepsteinnfmtlkilldds ldfsmnepsteinkilltdh
dhmkillfdltnsepstein dhmkillfdltnsepstein
hdntepsteinkilllsdfm mhkillepsteinddlfsnt
lkillepsteintdshmfnd lkillepsteintdshmfnd
hmdkilllnepsteinfsdt hmdkilllnepsteinfsdt
fdmtdepsteinkilllsnh fdmtdepsteinkilllsnh
skillmfepsteinthddnl skillmfepsteinthddnl
hepsteinntdkillsdmfl depsteintkilllnmsfdh hepsteinntdkillsdmfl
dfdepsteintlnskillhm dfdepsteintlnskillhm
mdkilllfdnstepsteinh mdkilllfdnstepsteinh
mhdskillldftnepstein mhdskillldftnepstein
tepsteinhsdkillmldfn tepsteinhsdkillmldfn
