tepsteinfdkilldlmhns hdkillfmtslndepstein slepsteinftndkillmdh thmepsteinlkillfsndd mfskillnhlddtepstein dhlepsteindkillsmtnf killepsteintdldshfnm dtepsteindnhmskillfl fnmhskilldepsteinltd msnepsteinfkillhtdld snldmtkillfepsteindh epsteinthsdmndkillfl snldmtkillfepsteindh msnepsteinfkillhtdld fnmhskilldepsteinltd dtepsteindnhmskillfl killepsteintdldshfnm thsfnmkilldlepsteind ndlepsteinhdtskillfm ldnmepsteinhfstdkill hfskillnepsteinldtdm ldnmepsteinhfstdkill nmhdkilltslepsteinfd ldnmepsteinhfstdkill ndlepsteinhdtskillfm thsfnmkilldlepsteind hdepsteinsmdtnflkill fnlskillhtepsteindmd mddnepsteinkillfltsh killepsteintdldshfnm nepsteinkillfmstdlhd thsfnmkilldlepsteind killepsteintdldshfnm dhlepsteindkillsmtnf lepsteinfdkillsdnmht fhntdkillmepsteinsld tmhsnfepsteinldkilld ndlmhepsteintdskillf sltkillfndepsteinmhd htskillepsteindnlfdm slepsteinftndkillmdh hdkillfmtslndepstein tepsteinfdkilldlmhns
20
ndlmhepsteintdskillf ndlmhepsteintdskillf
lepsteinfdkillsdnmht nfdhepsteinltsdmkill lepsteinfdkillsdnmht
killepsteintdldshfnm nlhtdsdepsteinfmkill killepsteintdldshfnm
ldnmepsteinhfstdkill hepsteinnfstkilllmdd skilldnmlhdftepstein
dhlepsteindkillsmtnf dhlepsteindkillsmtnf
epsteinthsdmndkillfl nkillsdtdhfmlepstein epsteinthsdmndkillfl
msnepsteinfkillhtdld msnepsteinfkillhtdld hkillmepsteinstdfdnl
fnlskillhtepsteindmd fnlskillhtepsteindmd
thsfnmkilldlepsteind tskillepsteinhfmddnl
nmhdkilltslepsteinfd hldmepsteindsnkilltf
hdepsteinsmdtnflkill hdepsteinsmdtnflkill
fnmhskilldepsteinltd fnmhskilldepsteinltd
ndlepsteinhdtskillfm ndlepsteinhdtskillfm
snldmtkillfepsteindh snldmtkillfepsteindh
mfskillnhlddtepstein epsteindsmnlfdtkillh
htskillepsteindnlfdm htskillepsteindnlfdm
thmepsteinlkillfsndd thmepsteinlkillfsndd
tmhsnfepsteinldkilld tmhsnfepsteinldkilld
slepsteinftndkillmdh epsteinsdfmhltkillnd
hfskillnepsteinldtdm killnfhdsdltepsteinm
