BatonRouge Bellevue Bloomington Buffalo AtlanticCity Anchorage Bellevue Burbank BelAir Bakersfield Berkeley Atlanta AppleValley Baltimore Barnstable Augusta Akron Aurora Aberdeen BonitaSprings Amarillo Anaheim BoiseCity Aberdeen Aurora Augusta Bethlehem Arlington Aurora Appleton Allentown Bremerton Albuquerque Boulder Boston Albuquerque Arvada Boise Antioch Alexandria Austin Athens Abilene Bremerton Asheville Barnstable Baltimore Asheville Burbank Bradenton Bellevue Bloomington Brownsville Bryan Birmingham AnnArbor Brownsville Bridgeport Beaumont Bellevue BatonRouge
24
Aberdeen Aberdeen
Abilene Abilene
Augusta Albany
Albuquerque Albuquerque
Amarillo Amarillo
Anchorage Anchorage
AnnArbor AnnArbor
Arvada Arvada
Atlanta Atlanta
AtlanticCity AtlanticCity
Aurora Aurora
Barnstable Barnstable
BatonRouge BatonRouge
Beaumont Beaumont
Berkeley Berkeley
Bethlehem Bethlehem
Birmingham Birmingham
BoiseCity BoiseCity
Boston Boston
Boulder Boulder
Bradenton Bradenton Cambridge
Bryan Bryan
Buffalo Buffalo
Burbank Burbank
