CorpusChristi Birmingham Erie Davenport Clarksville Chattanooga Boise Cincinnati Amarillo Boise Duluth Abilene Chattanooga Escondido Aurora Arlington Augusta Beaumont Detroit CostaMesa Bethlehem Detroit Austin Asheville BatonRouge Chesapeake BatonRouge Augusta Allentown Chandler ChulaVista DavidsonCounty Danbury Dayton Dallas Bridgeport Chicago Denton Bremerton Appleton Chicago ColoradoSprings DavidsonCounty Danbury BoiseCity Cleveland BoiseCity DaytonaBeach Billings BoiseCity Danbury Baltimore BoiseCity Bellevue Clearwater Charlotte Corona Bryan CollegeStation Boulder Clearwater Bradenton AnnArbor Berkeley Charlotte Columbus Albuquerque Berkeley Arvada Antioch Boulder Barnstable Clearwater Bellevue AtlanticCity Clearwater Bakersfield Canton Bradenton Atlanta Canton Columbia Buffalo Elizabeth Carrollton Buffalo Bloomington Cambridge Boston Albany Deltona Anchorage CathedralCity Anaheim Champaign Elkhart Anchorage BelAir Buffalo Davenport Anchorage Birmingham ElPaso Akron Aberdeen CoralSprings ClarkeCounty DalyCity Akron Concord BonitaSprings CedarRapids Burbank Alexandria CedarRapids Cary ElPaso CorpusChristi
47
Akron Akron
Albuquerque Albuquerque
Alexandria Alexandria
Amarillo Amarillo
Anaheim Anaheim
DavidsonCounty AppleValley
Appleton Appleton
Arvada Arvada
Asheville Asheville
Augusta Augusta
Austin Austin
Beaumont Beaumont
BelAir BelAir
Bloomington Bloomington
BoiseCity BoiseCity
BonitaSprings BonitaSprings
Boulder Boulder
Bremerton Bremerton
Bridgeport Bridgeport
Cleveland Brownsville
Bryan Bryan
Canton Canton
CorpusChristi CapeCoral CorpusChristi Downey
Carrollton Carrollton
CathedralCity CathedralCity
Champaign Champaign
Chandler Chandler
Bradenton Charleston
Chattanooga Chattanooga
Chicago Chicago
Cincinnati Cincinnati
Clearwater Clearwater
ColoradoSprings ColoradoSprings
Columbia Columbia
Columbus Columbus
Dallas Dallas
DalyCity DalyCity
Danbury Danbury
Davenport Davenport
Deltona Deltona
Denton Denton
Burbank Denver ElMonte
Chesapeake Durham
ElPaso ElPaso
Elizabeth Elizabeth
Elkhart Elkhart
Escondido Escondido
