location34 location59 location98 location19 location126 location88 location126 location117 location177 location28 location73 location177 location53 location92 location114 location60 location36 location7 location147 location62 location92 location182 location92 location196 location90 location2 location177 location156 location165 location40 location165 location155 location125 location165 location17 location4 location23 location4 location163 location30 location192 location183 location57 location56 location163 location30 location40 location165 location185 location165 location151 location83 location199 location63 location199 location83 location151 location183 location42 location1 location175 location99 location123 location95 location123 location140 location179 location72 location70 location8 location189 location93 location102 location173 location59 location89 location8 location189 location97 location41 location97 location99 location175 location1 location42 location183 location149 location61 location193 location44 location63 location134 location81 location32 location75 location153 location184 location71 location132 location108 location55 location174 location137 location153 location75 location79 location147 location117 location126 location172 location14 location75 location32 location109 location144 location109 location32 location104 location76 location104 location130 location51 location18 location142 location128 location188 location143 location108 location30 location163 location84 location26 location9 location79 location180 location79 location168 location181 location5 location116 location161 location122 location64 location79 location0 location113 location116 location86 location77 location116 location33 location186 location59 location138 location58 location142 location158 location142 location113 location33 location159 location135 location55 location106 location79 location19 location98 location59 location89 location176 location83 location160 location3 location89 location118 location87 location22 location163 location192 location34
68
location0 location0
location2 location2
location3 location3
location79 location6 location79 location96 location119
location9 location9
location63 location11 location54
location188 location12 location24 location188
location88 location15 location88
location17 location17
location126 location21 location139
location23 location23 location27
location28 location28
location34 location34
location185 location37
location41 location38
location158 location39 location158
location144 location45 location144
location128 location46
location14 location47
location182 location52
location55 location55
location59 location59 location167
location60 location60
location64 location64
location177 location68 location177 location187
location71 location71
location72 location72 location136
location76 location76 location111
location86 location86
location89 location89
location90 location90
location149 location91 location149
location92 location92 location170
location98 location98
location99 location99
location116 location103
location175 location105 location175
location156 location107
location109 location109
location114 location114
location123 location115 location121
location117 location117
location142 location120 location142
location122 location122
location125 location125
location130 location130
location95 location131
location132 location132
location134 location134
location135 location135
location137 location137
location140 location140
location143 location143
location151 location151
location155 location155 location162
location97 location157 location194
location159 location159
location161 location161
location163 location163
location180 location164 location180
location172 location172
location174 location174
location176 location176
location181 location181
location189 location189
location192 location192
location40 location197
location199 location199
