4HOMU ZRPB5 DL8LT 4HOMU DL8LT 4HSLO FRZVP WOEUE DL8LT DDXG0 KWADH F7QF4 PMFJ2 O9J47 Y4WG4 HV4Z2 XEEQB SYV5N HV4Z2 Y4WG4 O9J47 ZRPB5 61QWU 768ZF K92O5 YJ67U 4HSLO DL8LT X180A LIRLU 2C63O B7A2L PTADN 45JXE WCHWI UDYJK DOLRQ WCHWI UDYJK I91NY K50JQ 6OA3K CFGE5 FC0PR 796NN JKIP1 53Y1R K50JQ 68VRF 7U3JG 53Y1R 1X6L1 JF7TT DTPF4 TORQI LEBVZ OSJ7O ZZZQW LEBVZ L2PQE TCC7B JIVZP L08CW L2PQE JIVZP BELQC BU58G TI35I 6NY7T CM5WA 5ZO5F 1RS2N UW44H B3Y9E BZLKW M57K6 M0J6A TBPBM M1HJR NPDI9 7Y5B6 TBPBM OKGKQ A1QRL 1Y2CG WXZHF Q9MTE RVNGJ FDYXL G5JK6 P2H5X BJ8X0 P419D WI88U 1CTNO AN067 LLTLN 1CTNO EJSFK ELH5L B3Y9E M0J6A Y61KP 6VC3I SA6G0 4YS4G ZN2EP 4YS4G 52MNN UW44H VOCAC 1RS2N KJDC0 N9H3X RU85S HZHRA 945CN SWFWN Q02X6 Q5DAA SKPO7 ZZH8Z Q5DAA 0D2BR Q02X6 945CN 1RS2N 8A5FQ Q0T2T 4HSLO TBPBM ZHSBU M1HJR TBPBM RBP9F B3Y9E 58MIB IF7TL I0241 U2E9F 50J5H 0U9HU H3R1V 0U9HU KN0CP 0VPRW Z22CS KOYRV KN0CP 6ACGE 58MIB EJSFK G5JK6 ELH5L 4WDJE W2M5C ZA7S5 XKTHP W2M5C Q7FCL 4WDJE 2P5XR 4YD0G O580H 2P5XR BE5V8 6NY7T TI35I RAAD4 9O1IZ C5YOT 69BJO ICOAG 76HUN 8EXDQ PYPSO 76HUN QOBDK ZGZT5 AT3CI VHCFR ZGZT5 QOBDK 65FE1 SHOOM AT3CI ZGZT5 T9O11 HWKGJ UX00P V22SY FP2ST 4VNLG I5ALT V22SY KY9LT UX00P H1LTE OLLV9 W59L6 BVMDZ C45HH PTEKT H1LTE UX00P MC71K LKP22 EDK36 KY9LT UX00P LKP22 HWKGJ ZGZT5 H0BTZ 2KXWI RAAD4 TI35I BELQC 1F0YL TORQI DTPF4 9WSXC FMCVK PXCIN WBT4L VFR3Z 2BUI5 WBT4L 6WOBI 0GVOS 7GA8O WBT4L FMCVK 1X6L1 V8GEC YK7ZR C7WKJ OGHWH SL5A0 C7WKJ 4HOMU
92
L2PQE L2PQE
945CN 945CN
TORQI L2GJ5 TORQI
2C63O 2C63O
SYV5N SYV5N
768ZF 768ZF
RU85S RU85S
KOYRV KOYRV
XEEQB XEEQB
0U9HU KC9RF 0U9HU
ZN2EP ZN2EP IZESQ
45JXE 45JXE
UW44H UW44H
0D2BR 0D2BR
M1HJR M1HJR
LIRLU LIRLU
1F0YL 1F0YL
DOLRQ DOLRQ
50J5H 50J5H
HV4Z2 WP2MA
CFGE5 CFGE5
Q7FCL Q7FCL
0VPRW 0VPRW
SHOOM SHOOM
HWKGJ HWKGJ
6ACGE 6ACGE
DTPF4 DTPF4
7GA8O 7GA8O
7U3JG 7U3JG
BE5V8 BE5V8
61QWU TY0L7 61QWU
W2M5C W2M5C
SA6G0 SA6G0
WI88U WI88U EDSMH
ZHSBU ZHSBU
WOEUE DCHO3
RAAD4 RAAD4
FRZVP FRZVP
HZHRA HZHRA
53Y1R 53Y1R
TI35I TI35I
Y61KP Y61KP
9WSXC 9WSXC
C7WKJ C7WKJ OIPRN
P419D P419D
NPDI9 NPDI9
ZZH8Z ZZH8Z
IF7TL IF7TL
V22SY V22SY
PXCIN PXCIN
K50JQ K50JQ
4HOMU JXLE1
H1LTE H1LTE
PTADN PTADN
DDXG0 DDXG0
2BUI5 2BUI5
Q5DAA 3AIXW Q5DAA
1RS2N 1RS2N
H3R1V WZB33
4WDJE 4WDJE
8EXDQ 8EXDQ
VHCFR W2H22 VHCFR
9O1IZ FCYPJ
PYPSO PYPSO
CM5WA CM5WA
6WOBI 6WOBI
AT3CI AT3CI
SKPO7 SKPO7
ZRPB5 ZRPB5
T9O11 T9O11
LEBVZ LEBVZ
C45HH C45HH
69BJO 69BJO
ELH5L ELH5L
52MNN 52MNN
X180A X180A
OLLV9 OLLV9
WXZHF WXZHF
MC71K MC71K
BVMDZ BVMDZ
6OA3K 6OA3K
FC0PR FC0PR
UDYJK C8O6I
LLTLN LLTLN
A1QRL A1QRL
YJ67U YJ67U
V8GEC V8GEC
PMFJ2 PMFJ2
Z22CS 8CLEZ
TBPBM TBPBM
LKP22 LKP22
TCC7B TCC7B
