WNYCV K1ZSD 958FG VBSGD 2CPYE F07YB QSI1X 1UWW5 J2Z2N 94GUW 2PD2W 1XUNX 1NBGE XDKMD H796V EQWAL 42QVU KR27P B8UZ8 1ACIU DDBA4 WH9QK HHCET C0N2W 1ACIU XD7IR WJHGG QM4LH TFIM7 XBRKQ O0RCM WJHGG WH9QK LK2JB H7R17 WZTTJ F5YBY H7R17 5I6U4 XRQ65 H7R17 18R1B FS0ES J501P RN3DW OC0MN RFDQ4 CHXFM RN3DW N8QWY F8KPK XDKMD 2PD2W J2Z2N GAXPM J501P 639ON KGZCW L7EDB HZ80H BGJ6Q MB70R BGJ6Q BMC9X BGJ6Q MB70R 4O059 KGZCW HR8IA OE5TB RFDQ4 639ON GXYLV ZQLCY F8KPK RN3DW 2VG06 X8T63 KRLTG Z2GJ8 7CXN0 ULCTZ 2VG06 Y9N3G TNA9G 4ZK1T 2FT0Z NOBPR TNA9G KRLTG 77EY5 X8T63 URMBF RN3DW CHXFM 9HVLF FS0ES 18R1B UUOP5 XTUSM UGOIO CUG55 H8ZPW BC3W4 KB443 75H2N YMTTJ KB443 X2AM4 P3DJ7 1BUOS UDC3C TG5ZG 91RFG PQ40E EYREL QTZLJ FZ5DP PQ40E WZTTJ 18R1B 2CPYE UUOP5 WNYCV
46
XRQ65 XRQ65
OE5TB OE5TB
91RFG 91RFG
KB443 KB443
WH9QK XPFOM 65TK9
1BUOS 1BUOS
X2AM4 X2AM4
1XUNX BO3AW
18R1B 18R1B
GXYLV GXYLV
HR8IA HR8IA
ULCTZ ULCTZ
1NBGE 1NBGE
CUG55 CUG55
HHCET HHCET
7CXN0 7CXN0
EQWAL EQWAL
1ACIU 1ACIU
TG5ZG TG5ZG
QSI1X QSI1X
QTZLJ QTZLJ
77EY5 77EY5
5I6U4 5I6U4 V11OW 2KYXC
UGOIO UGOIO
UUOP5 UUOP5
BMC9X ZA57Z BMC9X
2FT0Z 2FT0Z
GAXPM GAXPM
B8UZ8 B8UZ8
XDKMD XDKMD
XD7IR XD7IR
9HVLF 9HVLF
YMTTJ YMTTJ
XBRKQ XBRKQ
H8ZPW H8ZPW
F5YBY F5YBY
K1ZSD K1ZSD
XTUSM XTUSM
KRLTG KRLTG
42QVU 42QVU
URMBF URMBF
1UWW5 1UWW5
EYREL EYREL
HZ80H HZ80H
WJHGG H212X
F07YB F07YB
