O2XJ9 SXCXT 2WIJP SKA5V ZCU97 XOPIR FOXDK SZKKG XOPIR HMYFI ZCU97 DYG9M SKA5V TC4MB N33WE 49CGM TC4MB PN6N5 KU8EX UOF89 2WIJP KU8EX Z6GW2 KPNHM MOOJF 1HTOE KPNHM DQTJ3 GNMDA PGY5W T5W7D JXXUO RQZSX VMBKR 45DYM KKZKB QQ4SP 45DYM RQZSX OLSL2 SXCXT 1P1UA IY314 TH1G8 QQ4SP EI5ZM BXL4N F8JE7 YGEXQ TH1G8 N6XF7 MV8NN GMOBL N6XF7 C821A YUMDY S1W7I 0JUN2 NV2VY 8D0H4 OLSL2 O2XJ9
25
KPNHM KPNHM
SZKKG SZKKG
S1W7I S1W7I
8D0H4 8D0H4
IY314 IY314
NV2VY NV2VY
DYG9M DYG9M
SXCXT SXCXT
SKA5V SKA5V
GNMDA GNMDA
JXXUO JXXUO
T5W7D T5W7D
49CGM 49CGM
0JUN2 0JUN2
TC4MB TC4MB
Z6GW2 Z6GW2
N6XF7 N6XF7
ZCU97 ZCU97
EI5ZM EI5ZM
RQZSX MXST9
TH1G8 MXX55
1P1UA 1P1UA
FOXDK FOXDK
XOPIR XOPIR
YGEXQ YGEXQ
