cy4fm YTtfA yMPWG C565q ZPM4o 3iQ53 F2nEN ZPM4o Ib5xu GHZOS Dkq13 7XIxZ di7h7 I2lfX g95ez P8Fbf 7Lw2B Ss744 lA2MC 7l0Vw Ss744 29Bwa dwc7b 9ZyoJ 29Bwa JrJcE C14Q6 29Bwa tao9t dwc7b 29Bwa 1H2uK 19YKC Xhpv3 AWuA9 EZzdy 27qFp AWuA9 NvAYI OoKEI mQvLs mY2cU OoKEI NvAYI wdXpe NvAYI 1H2uK 29Bwa di7h7 YTtfA yMPWG YTtfA X6hJp XmtJy YTtfA cy4fm
24
7XIxZ 7XIxZ kbRYl BoNoJ qt5AA Vjg5l C0eRL
NvAYI NvAYI 6ceXl EWhpw P3lE7 FnVf8
C565q C565q OFvld uWr4y LNh60 uT5W0
1H2uK 1H2uK 8aYYW
wdXpe wdXpe 8RNd8 w4BF1
OoKEI OoKEI
di7h7 di7h7
yMPWG yMPWG Cfmbw
tao9t tao9t
YTtfA KYsbm Iks3D hOy4D
AWuA9 nogr2 gk2cW jse5F
Xhpv3 Xhpv3
19YKC 19YKC dU1Ub
29Bwa yFKGt IjjWK 5rdYI zQjQm
7l0Vw 7l0Vw
F2nEN F2nEN
lA2MC lA2MC
Ss744 G6G4p
7Lw2B DCl5F rUUVt
3iQ53 3iQ53
GHZOS GHZOS
P8Fbf P8Fbf
X6hJp X6hJp
dwc7b vSPJ5
