0 92 45 197 198 197 27 194 3 65 30 104 103 165 166 30 34 103 59 103 104 30 189 139 96 140 96 71 1 65 60 64 35 112 35 113 172 22 58 3 142 191 5 192 191 192 143 60 144 15 164 2 88 149 196 23 109 110 17 110 109 21 76 86 14 93 14 116 25 115 25 116 14 93 154 21 12 178 122 94 121 94 122 178 12 21 109 23 118 50 118 23 196 149 88 148 195 8 67 85 137 188 187 136 85 67 2 88 2 164 163 100 43 100 49 183 130 95 131 19 16 13 49 13 4 28 6 131 184 20 24 132 95 56 97 125 180 179 33 186 134 91 133 185 33 185 133 91 78 31 78 91 78 31 107 168 167 106 31 78 91 66 41 181 127 77 127 181 41 79 11 51 7 146 80 146 194 146 80 146 7 51 153 26 11 79 41 160 161 0
80
100 100
43 101 102
103 103
104 104
59 105
106 106
107 107
31 108
109 109 169
110 110 170
17 111
112 112 171
113 113
35 114
115 115 173
116 116 174
25 117
118 118 175
50 119 120
121 121 177
122 122
94 123
97 124 126
125 125
127 127
77 128 129
130 130
131 131
132 132
133 133
134 134
91 135
136 136
137 137
85 138
139 139
140 140 190
96 141
142 142
143 143
144 144
80 145 147
146 146
148 148
149 149
88 150
51 151
198 152 198
153 153
154 154
93 155 156
92 157 158 159
160 160
161 161
0 162
163 163
164 164
165 165
166 166
167 167
168 168
172 172
2 176
178 178
179 179
180 180
181 181 182
183 183
184 184
185 185
186 186
187 187
188 188
189 189
191 191
192 192
194 193 194
195 195
196 196
197 197
