Soda Platano InternationalHouse Soda Jalisco Fenwick Soda Pomona MartinezMarina Soda SantaBarbara Gilroy Soda Amoeba Merced Soda Fontana Griffiths Soda Gregoire BotanicalGardens Soda TheHouse ICSI Soda GreekTheater LaColonia Soda Richmond Fruitvale Soda Whittier JackLondonSquare Soda POCHouse ClarkKerr Soda BAMPFA BC Soda WestOakland Unit1 Soda SantaRosa MainStacks Soda MarinHeadlands BWW Soda Hillside Haas Soda Rochdale Wheeler Soda TripleRock MemorialGlade Soda McCone Latimer Soda Davis Rockridge Mulford Davis Soda Sibley Dwinelle SouthGate CaffeStrada Dwinelle SanDiego CafeBlueDoor Dwinelle TheRoof Foothill Dwinelle VictoryPoint Blackwell Dwinelle Tuhuamixtel Morgan Dwinelle ThetaChi GBC Dwinelle Emeryville Evans Dwinelle Hollister Bechtel KehoeBeach LiKaShing Bechtel Dwinelle SatherGate Campanille Cory ChezPanisse MtDiablo Cory CasaDeChocolates RSF Cory LaMission Stephans Cory Jupiter Pimentel Cory SanJose Stanley Cory Etcheverry Mars PaloAlto Etcheverry GraduateBerkeley Inverness Etcheverry Ehrman TildenPark Etcheverry PeoplesPark DowntTownBerkeley Etcheverry Royston Ontario Etcheverry LosAngeles LosBanos Hearst Etcheverry Soda
24
Dwinelle DeltaDelta AlphaCentauri BayStreet Guadalajara Kips CREAM CafeTibet FantasticComics Riverside SigmaKappa
InternationalHouse InternationalHouse
Soda BerkeleyHillel BerkeleyHigh Venus Saturn Perris Upland Tijuana ElGrullo MexicoCity Myto Tang DKingGallery Sacramento Irvine ChiOmega
Jupiter Jupiter
Mars Mars
Gregoire Gregoire
Emeryville Emeryville
Pomona Pomona
Cory Compton SanBernardino Talpa Rasputin Tako Cancun AlphaChi
Davis Ashby Chino Tuxcacuesco
Fontana Fontana
Whittier Whittier
SouthGate SouthGate
SanDiego SanDiego
Jalisco Jalisco
Bechtel SanMiguel
Tuhuamixtel Tuhuamixtel
TripleRock TripleRock
BAMPFA BAMPFA
Platano Platano
SantaBarbara SantaBarbara
LosAngeles LosAngeles
VictoryPoint VictoryPoint
ChezPanisse ChezPanisse
