A29 A5 A57 A11 A21 A0 A71 A45 A91 A4 A31 A4 A91 A45 A71 A23 A48 A43 A52 A74 A83 A99 A93 A12 A53 A12 A59 A56 A22 A78 A24 A81 A28 A40 A94 A21 A0 A58 A14 A61 A55 A5 A57 A47 A18 A97 A13 A7 A61 A14 A32 A65 A54 A65 A0 A1 A88 A6 A15 A82 A75 A62 A67 A52 A74 A73 A19 A95 A76 A81 A72 A19 A73 A74 A52 A36 A75 A82 A35 A6 A30 A6 A35 A6 A88 A1 A0 A21 A94 A40 A25 A80 A21 A11 A57 A47 A57 A5 A29
38
A7 A2 A68 A77
A54 A3 A54
A6 A6
A48 A10
A12 A12 A16 A85
A13 A13
A14 A14
A15 A15
A18 A18
A30 A26 A30
A5 A27
A28 A28
A29 A29
A31 A31 A51
A32 A32
A81 A34
A35 A35 A96
A36 A36
A11 A38
A21 A39
A47 A47 A66
A52 A52
A53 A53 A90
A55 A55
A59 A59
A1 A60
A65 A65 A79
A67 A67
A73 A69 A73
A72 A72
A82 A82
A88 A88
A40 A89
A91 A91
A58 A92
A95 A95
A97 A97
A99 A99
