Soda 119 124 24 169 2 154 6 89 134 2 183 181 164 183 179 28 2 118 29 189 95 157 92 29 65 127 196 104 26 76 9 29 131 37 63 11 17 186 74 83 132 102 90 67 135 140 105 22 90 83 129 87 15 83 17 161 176 55 37 31 93 109 3 153 125 3 31 115 44 182 20 38 115 1 31 37 55 197 18 170 5 29 99 57 59 49 145 172 35 175 103 143 88 84 103 46 14 39 180 6 52 138 64 52 6 180 39 159 24 77 165 96 117 123 150 75 96 56 106 24 133 12 124 7 124 12 40 112 166 136 196 33 136 177 40 85 101 Soda 100 27 162 0 53 107 45 97 60 140 79 53 85 78 171 98 66 137 48 7 124 Soda 167 47 110 36 193 47 54 163 85 16 160 192 93 21 41 61 91 185 13 30 10 130 114 191 61 10 81 16 167 108 146 111 108 198 194 142 69 70 120 98 156 128 173 148 149 94 148 152 34 80 126 34 148 98 70 190 4 141 139 43 155 121 184 72 43 73 62 122 50 82 25 8 158 113 8 43 187 51 16 142 69 70 147 23 182 19 168 185 68 188 178 172 68 Soda
98
99 99
100 100
101 101
102 102
103 103
104 104
105 105
106 106
107 107
108 108
109 109
110 110
111 111
112 112
113 113
114 114
115 115
48 116
117 117
118 118
119 119
120 120
121 121
122 122
123 123
124 124
125 125
126 126
127 127
128 128
129 129
130 130
131 131
132 132
133 133
134 134
135 135
136 136
137 137
138 138
139 139
140 140
141 141
142 142
143 143
170 144 170
145 145
146 146
147 147
148 148
149 149
150 150
40 151 195
152 152
153 153
154 154
155 155
156 156
157 157
158 158
159 159
160 160
161 161
162 162
163 163
164 164
165 165
166 166
167 167
168 168
169 169
171 171
172 172
173 173
7 174
175 175
176 176
177 177
178 178
179 179
180 180
181 181
182 182
183 183
184 184
185 185
186 186
187 187
188 188
189 189
190 190
191 191
192 192
193 193
194 194
196 196
197 197
198 198
