90 127 145 55 18 89 197 11 0 118 157 187 28 55 177 128 73 187 6 192 59 14 163 15 23 164 21 101 14 159 180 33 83 104 152 175 11 0 138 12 182 96 12 117 146 47 167 196 6 175 11 197 89 75 88 198 84 53 121 150 166 123 142 67 75 52 85 39 106 194 149 168 176 125 27 82 25 136 61 130 188 199 2 105 188 87 185 128 130 71 189 60 5 158 193 191 155 193 189 100 70 91 186 108 64 63 119 97 184 181 140 16 63 171 76 165 129 34 74 24 148 68 76 91 40 133 169 3 164 170 135 58 135 69 133 142 66 81 40 190 19 141 128 103 125 92 154 31 8 161 137 31 8 53 31 94 178 174 95 122 41 34 13 174 143 175 34 13 160 65 5 151 93 54 126 178 120 109 62 172 156 9 42 56 109 62 30 86 183 132 10 144 49 162 119 108 50 200 90
28
189 189
97 97
190 190
12 12
84 84
82 82
149 20
135 135
58 48
10 10 113
169 169
55 55
191 191
132 132
167 167
59 59
133 133 51
70 70
50 195
88 88
91 91
125 125
81 81
6 6
89 89
101 101
93 93
54 54
