Soda 177 189 24 187 147 119 44 147 48 89 146 138 168 153 185 109 196 153 171 59 69 193 51 40 161 151 85 84 180 63 60 43 151 36 85 84 47 63 141 145 10 154 176 10 25 193 74 40 69 153 95 130 107 104 130 184 31 148 181 92 40 97 148 38 37 125 80 22 90 5 57 112 101 5 80 114 76 42 37 99 18 124 176 103 82 186 192 70 183 8 156 45 73 186 70 82 18 6 37 19 61 175 19 17 175 174 28 164 9 28 122 113 11 19 131 172 87 131 70 15 46 116 96 2 116 17 169 139 198 159 117 169 83 143 88 83 118 71 110 72 77 49 14 72 71 39 118 179 119 50 167 199 11 162 138 163 178 78 82 190 12 79 21 102 12 138 94 146 66 127 26 197 20 165 106 123 166 123 53 155 134 149 188 140 16 128 155 134 129 100 132 157 29 13 7 4 13 34 32 129 152 72 98 100 105 32 120 195 30 144 44 86 64 52 75 62 166 150 106 160 52 41 93 150 20 26 191 65 55 66 54 89 187 136 137 158 27 136 142 33 182 24 33 170 67 135 56 35 111 45 121 115 67 194 108 133 126 58 68 133 108 200 3 108 194 173 Soda
98
2 2
3 3
4 4
5 5
6 6
7 7
8 8
9 9
10 10
11 11
12 12
13 13
14 14
15 15
16 16
17 17
18 18
19 19
20 20
21 21
22 22
84 23 84
24 24
25 25
26 26
27 27
28 28
29 29
30 30
31 31
32 32
33 33
34 34
35 35
36 36
37 37
38 38
39 39
40 40
41 41
42 42
43 43
44 44
45 45
46 46
47 47
48 48
49 49
50 50
51 51
52 52
53 53
54 54
55 55
56 56
57 57
58 58
59 59
60 60
61 61
62 62
63 63
64 64
65 65
66 66
67 67
68 68
69 69
70 70
71 71
72 72 81
73 73
74 74
75 75
76 76
77 77
78 78
79 79
80 80
82 82
83 83
85 85
86 86
87 87
88 88
89 89
90 90
166 91
92 92
93 93
94 94
95 95
96 96
97 97
98 98
99 99
100 100
101 101
