Wurster Minnesota Dwinelle Barrows Campbell Blackwell Barrows Moffitt Donner Hesse California Salem Hesse Barrows Brain Missouri Moses Visitor Missouri Barrows Spieker Latimer Observatory Oregon Raleigh Latimer Kentucky Bancroft Montgomery Alaska Eshleman Montgomery Life Martin Montgomery Parking Maxwell Madison Montgomery Latimer Barrows Simon Lansing Barker Simon Recreational Wheeler Gilman Phoenix Florida Morgan Providence Cory Pitzer Baton Hazardous McLaughlin Hildebrand Silver Zellerbach Hildebrand Frank Maine Nevada Arkansas Maine Denver Frank Sutardja Florida Gayley Campanile North Gayley Frank Baton McLaughlin UC Idaho Juneau Indianapolis Class Topeka Honolulu Carson Class Pennsylvania Chvez Class Insectary Lincoln Stadium Class Honolulu Georgia Chan Tennessee Lewis Hartford Tennessee Iowa Anthony Ohio Charleston Anthony Warren Tennessee Memorial Goldman Kleeberger Alabama Sather Salt Alabama Massachusetts Des Boston Alabama Tennessee Montgomery Vermont Simpson Annapolis Montgomery Class Optometry Haste Hilgard Class Juneau Alumni Jacobs Soda Stanley Evans Soda Class Wurster
50
Wurster Wurster
Barrows Barrows
Class Class
Simon Simon
Hilgard Hilgard
Hesse Hesse
Visitor Visitor
Alabama Alabama
Montgomery Montgomery
Tennessee Tennessee
Kleeberger Kleeberger
Goldman Goldman
Moses Moses
Recreational Recreational
California California
Moffitt Moffitt
Blackwell Blackwell
Boston Boston
Indianapolis Indianapolis
Salem Salem
Brain Brain
Massachusetts Massachusetts
Spieker Spieker
Honolulu Honolulu
Maxwell Maxwell
Optometry Optometry
Raleigh Raleigh
Juneau Juneau
Observatory Observatory
Pennsylvania Pennsylvania
Parking Parking
Vermont Vermont
McLaughlin McLaughlin
Frank Frank
Pitzer Pitzer
Oregon Oregon
Stanley Stanley
Hazardous Hazardous
Chan Chan
Sutardja Sutardja
Idaho Idaho
Anthony Anthony
Simpson Simpson
Cory Cory
Gilman Gilman
Sather Sather
Florida Florida
North North
Nevada Nevada
Silver Silver
