Rhode McEnerney Olympia Kentucky Nebraska Donner University Arkansas Kentucky Grinnell Lawrence Martin Valley Lawrence Wurster Kentucky Ida Residence Kentucky Silver Michigan Kentucky Colorado Koshland Kentucky UC Harrisburg Kentucky Haviland Dwinelle Kentucky Hellman East Cheyenne Kentucky Senior Campbell Berkeley Davis Zellerbach South Natural Springer Wickson Cleary Bancroft Hawaii Cleary Salem Stadium Recreational Cleary Blackwell Warren Phoenix Energy Massachusetts Pennsylvania Energy Greenhouse Andersen Bechtel Greenhouse McLaughlin Eshleman Greenhouse Tallahassee West Montgomery Carson West Greenhouse Jefferson Golden Minnesota Little Golden Greenhouse Concord Cyclotron Stern Northwest Cyclotron Hartford Heating Des Etcheverry Heating Frankfort Wheeler Heating Greenhouse Witter Gilman Greenhouse Observatory Brain Iowa Bowles Blum Chvez Bowles Columbus California Florida Idaho California Hargrove Virginia California Bowles Greenhouse Martinez Old Tennessee Optometry Kansas Lower Optometry Bismarck Nashville Mathematical Optometry Hertz Giauque Optometry Tan Boston Optometry Maxwell Class Optometry Salt Insectary Wyoming Dover International Wyoming Springfield Providence Richmond Wyoming Optometry Banway Woo Optometry Maryland Delaware Lewis Maryland Topeka Sproul Boalt Simon Chan Illinois Simon Atlanta Memorial Simon Optometry Greenhouse Hearst Montana BART Greenhouse Krutch Connecticut Mulford Morgan Columbia Jones Edwards Columbia Doe Madison Foothill Durham Columbia Soda Faculty Police Utah Columbia Oklahoma Tang Columbia Greenhouse Denver Hesse Lincoln Jackson Denver Giannini Barrows Haste Morrison Giannini Trenton Denver Wisconsin Trenton Ishi Hazardous Goldman Durant Mississippi Goldman Eye Alabama Morrison Moffitt Maine Morrison Jacobs Alabama Goldman Boise Raleigh CNMAT Clark Unit Anthony CNMAT Greenhouse Warren Cleary Genetics Gayley Calvin Campanile New Chou Campanile Simpson Parking Alaska Campanile Santa Frank Campanile Albany Nevada Campanile Oregon Pitzer Campanile LeConte Fox Campanile Kroeber Lansing Sibley Kroeber Austin Indianapolis Kroeber Cory Moses Evans Augusta Botanical Kroeber Kleeberger Campanile Birge Baton Campanile Montpelier Genetics Campanile South Davis McCone Annapolis Kentucky University Life Rhode
100
Rhode Rhode
Olympia Olympia
Kentucky Kentucky
McEnerney McEnerney
Cheyenne Cheyenne
East East
University University
Valley Valley
Harrisburg Harrisburg
Hellman Hellman
Martin Martin
Donner Donner
Life Life
Campanile Campanile
Michigan Michigan
Baton Baton
Silver Silver
Moses Moses
Grinnell Grinnell
Cory Cory
CNMAT CNMAT
Cleary Cleary
Warren Warren
Nevada Nevada
Columbia Columbia
BART BART
Austin Austin
Blackwell Blackwell
Bowles Bowles
Tang Tang
Simpson Simpson
Oregon Oregon
Krutch Krutch
Florida Florida
LeConte LeConte
Simon Simon
Berkeley Berkeley
Brain Brain
Class Class
Heating Heating
Annapolis Annapolis
Jefferson Jefferson
Utah Utah
Durham Durham
Energy Energy
Pennsylvania Pennsylvania
Maryland Maryland
West West
Hawaii Hawaii
Edwards Edwards
Santa Santa
Salt Salt
Columbus Columbus
Wisconsin Wisconsin
Birge Birge
Mathematical Mathematical
Mississippi Mississippi
Lower Lower
Lansing Lansing
Clark Clark
Illinois Illinois
Montgomery Montgomery
Mulford Mulford
Madison Madison
Etcheverry Etcheverry
Richmond Richmond
Tennessee Tennessee
Maxwell Maxwell
Providence Providence
Chvez Chvez
Springer Springer
Observatory Observatory
Durant Durant
Little Little
Hertz Hertz
Police Police
Chou Chou
Bancroft Bancroft
Minnesota Minnesota
Hargrove Hargrove
Montana Montana
Moffitt Moffitt
Jones Jones
Hartford Hartford
Trenton Trenton
McLaughlin McLaughlin
Concord Concord
Sproul Sproul
Boalt Boalt
Stadium Stadium
Insectary Insectary
Foothill Foothill
Haste Haste
Jacobs Jacobs
Hearst Hearst
Morrison Morrison
International International
Barrows Barrows
Nashville Nashville
Topeka Topeka
