LeonieHill ChangiPoint SungeiKadut KampongUbi Shipyard NeeSoon OrangeGrove Tyersall DefuIndustrialPark OrangeGrove NeeSoon Shipyard KampongUbi WoodlandsSouth Gombak ConeyIsland CompassvaleTrafalgar Changi CompassvaleTrafalgar ConeyIsland Gombak WoodlandsSouth HougangCentral Outram InstitutionHill HougangCentral JurongWestCentral Sennett Outram MonksHill PasirRisCentralTown WaterwayEast GreenwoodPark Trafalgar Seletar ChangiBay PeoplesPark NorthEasternIslands Phillip Yishun ChangiBay TanglinHalt MandaiEstate TanglinHalt Guilin GreenwoodPark WaterwayEast PasirRisCentralTown KampongGlam MandaiEast Semakau Frankel FarrerPark WesternIslands Semakau SungeiRoad ClarkeQuay KampongGlam PasirRisCentralTown BishanEast ChoaChuKang Trafalgar Sentosa PasirRisPark Kranji NatureReserve Rochor Sentosa PasirRisPark SembawangSprings SungeiRoad KallangWay AnchorvaleBuangkok YioChuKang WestCoast Boulevard YioChuKang MandaiWest NorthCoast GeylangBahru Springleaf PasirPanjang2 TanjongRhu GeylangBahru YuhuaEast TanjongRhu PasirPanjang2 Cecil Pandan Woodgrove YishunCentral ClementiCentral YishunCentral PunggolTownCentre Townsville TheWharves Cecil SungeiRoad Novena TampinesWest PasirRisWestElias ChoaChuKangCentral LoyangEast Plab LoyangWest Mandai LoyangWest PasirRisWestElias TampinesWest StraitsView YioChuKangWest Novena Clementi YishunWest YewTee LiuFang Victoria SerangoonGarden Lavender Victoria Clementi Novena SingaporePolytechnic JooSengPayaLebar LeonieHill
48
PasirPanjang2 PasirPanjang2
YioChuKang YioChuKang
SungeiRoad SungeiRoad
FarrerPark FarrerPark
NorthCoast NorthCoast
Townsville Townsville
KallangWay KallangWay
Shipyard Shipyard
Yishun Yishun
Sennett Sennett
NeeSoon NeeSoon
Victoria Victoria
Boulevard Boulevard
PunggolTownCentre PunggolTownCentre
JurongWestCentral JurongWestCentral
Novena Novena
Changi Ridout
Guilin Guilin
DefuIndustrialPark DefuIndustrialPark
Springleaf Springleaf
SingaporePolytechnic SingaporePolytechnic
KampongGlam KampongGlam
MandaiEstate TuasBay
OrangeGrove OrangeGrove
MonksHill MonksHill
SembawangSprings SembawangSprings
ChoaChuKangCentral ChoaChuKangCentral
Tyersall Tyersall
SerangoonGarden SerangoonGarden
Phillip Phillip
Trafalgar Trafalgar
ClementiCentral ChangiWest ClementiCentral
ConeyIsland ConeyIsland
Semakau Semakau
SungeiKadut SungeiKadut
Woodgrove Woodgrove
GeylangBahru AirportRoad
MandaiWest MandaiWest
TanglinHalt TanglinHalt
Kranji Kranji
TampinesWest TampinesWest YuhuaWestBoonLay
GreenwoodPark GreenwoodPark
BishanEast BishanEast
Outram Outram
Mandai BukitBatokCentral
Sentosa Sentosa
AnchorvaleBuangkok AnchorvaleBuangkok
LoyangEast LoyangEast
