BukitBatokEast RiverValley SungeiRoad Simei BukitBatokEast LeonieHill JooKoon Sembawang BukitHoSwee KakiBukit Simei BukitBatokEast LeonieHill Gombak Redhill Gombak CityHall KampongGlam RobertsonQuay Sudong GaliBatuMandai CompassvaleTrafalgar Frankel SwissClub SembawangHills SimpangNorth Bendemeer NeeSoon AirportRoad Tyersall TanglinHalt Hillview Hillcrest Bayshore TanglinHalt AirportRoad Bendemeer PulauPunggolTimor Jelebu TanjongPagar SembawangHills GhimMoh Crawford Tengah GhimMoh Tengeh Frankel SwissClub Springleaf CityHall Gombak LowerSeletar SouthernGroup Boulevard Yishun CliffordPier Geylang TiongBahruStation BukitBatokEast
23
Frankel Frankel
Redhill Redhill PearlsHill
Sudong Sudong
Gombak DowntownCore
Sembawang Sembawang
SimpangNorth SimpangNorth
Tengeh Tengeh Safti
LeonieHill LeonieHill
LowerSeletar LowerSeletar
Simei Simei
Bayshore ChoaChuKang
TanjongPagar TanjongPagar
Tyersall Tyersall
JooKoon JooKoon
TiongBahruStation TiongBahruStation
SwissClub SwissClub
NeeSoon NeeSoon
GaliBatuMandai GaliBatuMandai
CityHall CityHall
RiverValley RiverValley
Hillcrest Hillcrest
GhimMoh GhimMoh
SungeiRoad SungeiRoad
