YuhuaEast TelokBlangahDrive Sennett SerangoonGarden SingaporeRiver PotongPasir TelokBlangahDrive CityHall Simpang Mandai ClementiCentral Midview UpperPayaLebar TagoreSindo SerangoonNorth Punggol Midview ClementiCentral Mandai PasirRis FloraDrive Geylang Mandai Simei Shipyard SembawangStraits OneTreeHill Trafalgar Matilda ClarkeQuay Shipyard TamanJurong ChangiPoint UpperThomson HongKah OneTreeHill Katong BoonTeck Katong EvertonPark ReservoirView PulauPunggolTimor Khatib SimpangNorth Paterson EvertonPark Crawford BoonTeck Clementi ClementiNorth SenokoSouth LoyangEast Kembangan YishunCentral Kangkar Saujana HougangCentral DefuIndustrialPark BoatQuay Saujana JurongRiver Northshore Hillcrest TanjongIrau FarrerCourt Aljunied TanjongIrau Kangkar BrasBasah FarrerPark SengkangTownCentre ChoaChuKang JurongRiver Kangkar LorongChuan SembawangStraits SwissClub WestCoast HougangEast Changi SembawangCentral NatureReserve ChangiWest GulBasin Plab EastCoast Sembawang Changi HougangEast JurongPort PeiChun DairyFarm Yunnan SenokoWest JooSengPayaLebar JurongPort TanglinHalt SembawangSprings MonksHill MandaiEast TanglinHalt JurongPort WaterwayEast SungeiRoad Kranji PangSua Bedok Kranji SungeiRoad Commonwealth Chatsworth Queenstown InstitutionHill Chatsworth Commonwealth WestCoast SouthernIslands Redhill MountEmily PayaLebarNorth Victoria Rochor PunggolField Victoria PayaLebar Bishan TiongBahru ShangriLa ConeyIsland PayaLebarNorth SembawangEast PayaLebarNorth MountEmily KebunBahru PasirPanjang1 YishunWest StraitsView Queensway BukitBatokWest PengSiang Tampines CliffordPier PasirRisDrive TohGuan PayaLebarEast MountPleasant PayaLebarEast MountEmily KebunBahru MountEmily Moulmein Redhill SouthernIslands Dunearn UluPandan YioChuKangEast PearlsHill Woodgrove Seletar Dunearn SembawangHills ChoaChuKangCentral MandaiEstate Bangkit SouthernIslands SembawangHills Dunearn SenokoNorth PasirPanjang2 BukitBatokSouth WoodlandsWest Northland Mountbatten PasirPanjang2 SenokoNorth KianTeck LittleIndia DhobyGhaut Cairnhill WoodlandsSouth KianTeck BukitTimah Port BayfrontSubzone PeoplesPark OrangeGrove Shipyard SembawangStraits PasirRis Mandai ClementiCentral Serangoon LowerSeletar BoonLayPlace ChengSan JurongWestCentral ClementiWest Anson PasirRis BedokNorth ChengSan Sengkang Brickworks KampongUbi TelokBlangahRise KallangWay BukitBatokEast PenjuruCrescent KallangWay TelokBlangahRise SungeiKadut ChinaSquare Sennett YuhuaEast
93
KampongUbi Sentosa
BedokNorth BedokNorth
SungeiKadut SungeiKadut
Geylang Geylang
PasirPanjang2 SerangoonCentral
BayfrontSubzone BayfrontSubzone
Port Port
PearlsHill PearlsHill
ClarkeQuay BedokSouth
Bangkit YioChuKang
Punggol Punggol
SembawangHills SembawangHills
Anson OneNorth AngMoKioTownCentre
EastCoast EastCoast
Moulmein Moulmein
BoatQuay BoatQuay
PeoplesPark PeoplesPark
MandaiEast MandaiEast
TiongBahru TuasBay TiongBahru
InstitutionHill InstitutionHill
BoonLayPlace BoonLayPlace
JurongWestCentral JurongWestCentral
TagoreSindo TagoreSindo
WaterwayEast WaterwayEast
SimpangNorth SimpangNorth AlexandraNorth
Kembangan Kembangan
Paterson Paterson
Matilda Matilda
JooSengPayaLebar JooSengPayaLebar
PunggolField PunggolField
SerangoonNorth SerangoonNorth
JurongPort JurongPort
LowerSeletar LowerSeletar
Dunearn KeatHong
SerangoonGarden SerangoonGarden
DairyFarm DairyFarm
KebunBahru KebunBahru
PasirRisDrive PasirRisDrive
SembawangEast TuasPromenade
Commonwealth KentRidge Commonwealth
WestCoast TuasNorthPioneer
Khatib Khatib
HongKah HongKah
BukitBatokSouth BukitBatokSouth
PulauPunggolTimor PulauPunggolTimor
ChinaSquare ChinaSquare
Shipyard Shipyard PasirRisPark
Sembawang Sembawang
Chatsworth Chatsworth
ChoaChuKang ChoaChuKang
Tampines Tampines
Sennett Sennett
CityHall CityHall
Mountbatten Mountbatten
PayaLebarEast PayaLebarEast Museum
OneTreeHill OneTreeHill
OrangeGrove OrangeGrove
DhobyGhaut DhobyGhaut
SingaporeRiver SingaporeRiver
ChangiWest ChangiWest
Aljunied Aljunied
Serangoon Serangoon
ReservoirView ReservoirView
BukitBatokWest BukitBatokWest
TohGuan TohGuan
PasirRis PasirRis
SembawangStraits SembawangStraits
SouthernIslands SouthernIslands HongKahNorth
DefuIndustrialPark DefuIndustrialPark
YishunWest RochorCanal
ClementiNorth ClementiNorth
PayaLebarNorth Tanglin
WoodlandsWest WoodlandsWest
Saujana Saujana
SungeiRoad SungeiRoad
MountEmily GeylangEast
HougangEast TampinesNorth
UluPandan UluPandan
Trafalgar Trafalgar
PeiChun PeiChun
Brickworks Brickworks
ChangiPoint ChangiPoint
TelokBlangahRise TelokBlangahRise
MountPleasant BenoiSector
Northland Northland
UpperThomson UpperThomson
YioChuKangEast YioChuKangEast
Cairnhill Cairnhill
EvertonPark EvertonPark
Mandai Mandai
KallangWay IstanaNegara
PangSua PangSua
HougangCentral HougangCentral
