F8 M5 P8 M7 M5 P8 O4 R8 O2 R3 J0 K9 E7 K9 C1 D4 L7 P8 O4 L1 C0 P0 R2 Q9 F4 A2 O8 H2 A2 I2 T9 M3 P5 S2 N1 H6 P5 M3 O7 B7 Q8 A8 G2 D3 C2 M2 C6 G6 E5 T9 N0 Q2 H8 D3 R7 J9 O9 A6 K2 J2 I0 J2 K2 A6 T5 T8 H0 I8 T8 L3 J6 O1 T2 O1 S0 D8 G9 N0 Q2 G6 L1 B2 T9 I2 G8 T0 Q0 F1 D6 A9 T0 G8 I2 B6 D2 I3 M1 H7 C4 T6 P9 S4 C4 B0 T6 N2 K3 A5 N5 E3 J5 E4 M1 I3 R0 S8 D0 S5 D0 C9 F3 C9 D0 C8 M6 A5 A1 D0 C8 C3 A7 Q6 N8 I7 C3 F8 O3 K8 L2 E9 L2 E1 J1 R7 O6 D7 D1 O6 R7 L3 J7 M9 Q3 L6 I4 F5 B4 N6 I6 B4 N9 C5 P6 A7 P6 T7 N2 J3 C5 P1 I9 M8 R2 Q3 P7 S7 N7 N6 B9 Q3 P7 T1 K7 C5 S1 N4 J8 B1 N9 B4 M9 J7 S9 S6 Q1 H1 R1 L0 E0 G0 Q4 M4 H1 P1 F0 J4 B3 Q7 A7 I9 R9 I5 B8 F8
88
N9 A0
A1 A1 K1
A2 A2
E7 A3 E7
A8 A8
A9 A9
B0 B0
B2 B2
B3 B3
B4 B4
C0 C0
C1 C1
C2 C2
C3 C3
C4 C4
C8 C8
D3 D3
D4 D4
L7 D5
D7 D7
D8 D8
E4 D9 E4
T2 E2
E3 E3
E5 E5
F3 E8
F1 F1
I4 F2 F9 I4
Q7 F6 Q7
G0 G0
S5 G1 S5
O6 G4
G6 G6
G9 G9
H0 H0
H1 H1
H2 H2
T0 H3 K5 T0
J5 H4
J7 H5
H6 H6
I0 I0
I2 I2
I3 I3
I6 I6
I8 I8
I9 I9
J0 J0
J1 J1
J2 J2 O5
K3 K3
E9 K6
L6 L6
K9 L9
Q9 M0
M5 M5
M6 M6
N0 N0
N1 N1
N2 N2
N4 N4
N6 N6
N7 N7
N8 N8
O1 O1
O2 O2
O3 O3
Q1 P2
P5 P5
P6 P6
P7 P7 Q5 R6
P9 P9
Q0 Q0
Q3 Q3
Q8 Q8
R0 R0
A7 R4
R8 R8
R9 R9
S0 S0
S2 S2
S7 S7
S8 S8
S9 S9
T1 T1
T5 T5
T8 T8
T9 T9
