Qwilfish Drampa Gengar Bounsweet Froakie Drampa Phanpy Lotad Amoonguss Lotad Skorupi Magnemite Yungoos Xerneas Wartortle Steenee Volcarona Magmar Phanpy Skiddo Skorupi Munna Swadloon Magnemite Weepinbell Escavalier Weezing Metapod Sandile Meloetta Inkay Meloetta Sandile Simisear Noibat Honedge Noibat Terrakion Scatterbug Tsareena Woobat Crawdaunt Metang Terrakion Politoed Dewpider Whismur Dewpider Kakuna Tornadus Politoed Terrakion Metang Terrakion Noibat Nincada Slowbro Simisear Noibat Skiddo Phanpy Magmar Wartortle Zekrom Paras Taillow Drapion Vullaby Jumpluff Vullaby Drapion Tropius Shellos Xerneas Shellos Tropius Qwilfish
50
Qwilfish Qwilfish
Simisear Simisear
Phanpy Phanpy
Terrakion Terrakion
Drapion Drapion
Meloetta Meloetta Porygon2
Volcarona Volcarona
Metang Slurpuff Metang
Skiddo Skiddo
Politoed Politoed
Tropius Tropius
Sandile Sandile
Magmar Magmar
Taillow Taillow
Slowbro Slowbro
Drampa Drampa
Noibat Noibat
Lotad Lotad
Scatterbug Scatterbug
Vullaby Vullaby
Inkay Inkay Vespiquen
Steenee Steenee
Tornadus Tornadus
Skorupi Skorupi
Dewpider Dewpider
Shellos Shellos
Metapod Metapod
Wartortle Wartortle
Crawdaunt Crawdaunt
Paras Paras
Froakie Froakie
Nincada Nincada Comfey Seaking
Gengar Gengar Tauros
Honedge Honedge
Amoonguss Amoonguss Stufful
Tsareena Tsareena Shellder
Jumpluff Jumpluff Plusle
Munna Munna
Kakuna Kakuna Treecko Lumineon
Magnemite Magnemite
Whismur Whismur Bastiodon
Xerneas Xerneas Wailord
Weezing Weezing
Zekrom Zekrom Conkeldurr
Woobat Woobat
Bounsweet Bounsweet
Weepinbell Weepinbell
Swadloon Swadloon
Yungoos Yungoos
Escavalier Escavalier
