DK BY AE DK EO BQ DD AJ CW HD GU CI DF AH DF CY EV EJ HD EO CN HD CY ER GR BX CZ FG BH GE DQ DR GH FL CQ FX BS GA GX AB BS GH DB FC HE GI AI CJ GY BE BS BT AU CE ER AU DO DT BN CC AN AF CZ FY GQ DC DX FY AE EE CU BM CP DW GW GM CP CL DX CS BE BA DC GS AS BK HB FZ AB GG FU HG AM CC FU AM FI HB DN FQ CR FW AD FQ CL CG DZ HE FC DB AU BH GE EB DL GK FH EA AL CX FH AC DE EP BZ BI BC BJ EP AC DU HA EW EK BO AR GZ FE AW GC BZ AR AW BK EX AQ ET DS GT EH FP FD EH EL FV EH CM FB AA EX EU DI AI GN CJ DZ GO CG DA HI FK FR DA EN CB FM ED BW DA CD FA EZ CD AY CO AV FS EG FT AO AG CF FS BU AV EG BL CF AK DG GL AZ DG EF DJ BP GJ BF BV DM AP BV BF FF HC CH CA HC CV GF GD EY CV BD EM GV DY BD CK ES HF EI DA CW BI CK AT CW DV AJ BG DK
91
AA AA
AB AB
AG AG
AK AK
AM AM
AN AN
AO AO
AT AT
AU AU
AV AV
AY AY
AZ AZ
BC BC
BE BE
BF BF
BH BH
BI BI
BL BL
BM BM
BP BP
CF BR
BV BV
BW BW
BZ BZ
CA CA
CC CC
CD CD
CE CE HJ
CG CG
CI CI
CK CK
CM CM
CP CP
CR CR
CS CS
HE CT HE
CU CU
CW CW
CX CX
CY CY
DB DB
DD DD
DE DE
DF DF
DI DI
DL DL
DM DM
DN DN
DO DO
FC DP
DT DT
DU DU
DX DX
DZ DZ
EA EA
EB EB
ED ED
EF EF
EL EL
EM EM
EN EN
EO EO FN
EP EP
BY EQ
ES ES
ET ET
EW EW
EY EY
FA FA
FB FB
FD FD
FG FG
FH FH
FP FP
FT FT
FW FW
FZ FZ
AH GB
GG GG
GN GN
GR GR
GT GT
GV GV
GX GX
GY GY
GZ GZ
HB HB
HC HC
HD HD
HF HF
HI HI
