AF AZ CT DI BY CX DE AR CT AZ BR AU AL AK DB DK BF AJ AP DK DB AK AS BY AO AT CS BN DJ DO AT AW CH AA AY BW AA AO BY BA AC CJ CD DF AV CG AG AQ BO DN CV BS DD BN DR AB AQ DN BD DQ DL CO DA DQ CP DG CB BB BI AE BC DC AE CK BX CC BA BU BK BP CW BM BP BK CY BB BX AH CB DT BD BA AS CL DP BZ DM AC CI AC BA BV CE BH DH BV DS CZ DV BT BJ CA CM AX AN BQ CU CQ CR AU BD DT DP DR AF
45
AA AA
AC AC BE
AS AD
AJ AJ
CG AM
AN AN
AO AO
AP AP
AU AU
AW AW
BB BB
BD BD
BF BF
BH BH
BI BI
BJ BJ
BM BM
BO BO
BQ BQ
BT BT
BV BV
BW BW
CC CC
CD CD
CE CE
CH CH
CI CI DU
CL CL
CM CM
CP CP
CQ CQ
CR CR
CS CS
CV CV
CY CY
CZ CZ
DD DD
DF DF
DG DG
DI DI
DN DN
DQ DQ
DS DS
DT DT
DV DV
