Soda CareerCenter VLSB HildebrandHall GoldmanPlaza OBrienHall Insectary GoldmanPlaza Dwinelle Insectary CareerCenter LowerSproulPlaza IshiCourt BarkerHall DoeMemorialLibrary HavilandHall NorthField FacultyGlade MulfordHall LewisHall HilgardHall GilmanHall LewisHall BancroftLibrary Moffitt BoaltHall MosesHall JacobsHall BoaltHall BancroftLibrary HilgardHall TangCenter EastGate GilmanHall AnthonyHall HearstGreekTheatre DavisHall BerkeleyArtMuseum ClarkKerrCampus MaxwellFamilyField Greenhouse CalvinLaboratory ClarkKerrCampus McConeHall CampbellHall EastAsianLibrary GianniniHall PimentelHall FoxCottage GianniniHall BerkeleyArtMuseum CalvinLaboratory MLK BowlesHall HertzHall HearstMiningCircle BowlesHall CNMAT HertzHall EtcheverryHall InternationalHouse FoundersRock AnthonyHall ChouHall Campanile AnthonyHall BerkeleyArtMuseum EvansDiamond BarrowsHall MinorHall DonnerLab ChanShunAuditorium MinorHallAddition MorganHall DurantHall HearstFieldAnnex FacultyClub ObservatoryHill EshlemanHall McLaughlinHall BanwayBldg EdwardsStadium LeConteHall PoliceUC EyeCenter CyclotronRd EdwardsStadium KoshlandHall BrainImagingCenter BerkeleyWayWest KoshlandHall ClearyHall EvansHall BotanicalGarden CaliforniaHall EdwardsStadium LevineFrickeField GoldmanField OldArtGallery Cory GoldmanField BarrowLane BARTStation BarrowsHall BarrowLane EvansDiamond FacultyClub KroeberHall HaasPavilion HesseHall LatimerHall RSF HaasPavilion HavilandHall AlumniHouse IshiCourt KrutchTheater McEnerneyHall BlackwellHall GiauqueHall OptometryClinic MorrisonHall GayleyRd GiauqueHall CheitHall NorthGateHall BirgeHall BlumHall CheitHall HaasPavilion AlumniHouse LowerSproulPlaza ResidenceHalls Soda
40
AlumniHouse AlumniHouse
AnthonyHall AnthonyHall
BancroftLibrary BancroftLibrary
BanwayBldg BanwayBldg
BarkerHall BarkerHall
BarrowLane BarrowLane
BarrowsHall BarrowsHall
BARTStation BARTStation
BerkeleyArtMuseum BerkeleyArtMuseum
BerkeleyWayWest BerkeleyWayWest
BirgeHall BirgeHall
BlackwellHall BlackwellHall
BlumHall BlumHall
BoaltHall BoaltHall
BotanicalGarden BotanicalGarden
BrainImagingCenter BrainImagingCenter
EastAsianLibrary EastAsianLibrary
CaliforniaHall CaliforniaHall
CalvinLaboratory CalvinLaboratory
Campanile Campanile
CampbellHall CampbellHall
CareerCenter CareerCenter
ChanShunAuditorium ChanShunAuditorium
VLSB VLSB
CheitHall CheitHall
ChouHall ChouHall
ClarkKerrCampus ClarkKerrCampus
CNMAT CNMAT
Cory Cory
CyclotronRd CyclotronRd
DavisHall DavisHall
DoeMemorialLibrary DoeMemorialLibrary
DonnerLab DonnerLab
DurantHall DurantHall
Dwinelle Dwinelle
EastGate EastGate
EdwardsStadium EdwardsStadium
EshlemanHall EshlemanHall
EtcheverryHall EtcheverryHall
EvansDiamond EvansDiamond
