Soda EtcheverryHall WicksonNaturalArea OptometryClinic Piedmont NorthField RSF VisitorCenter SeniorHall EshlemanHall VisitorCenter NorthField FacultyGlade Emeryville SproulPlaza FoxCottage FosterCity HertzHall Unit1 GrinnellNaturalArea HertzHall ChvezStudentCenter ChanShunAuditorium BarrowLane FosterCity Hayward Calistoga Moffitt BarkerHall VLSB FrankSchlessingerWay Belvedere PimentelHall BarkerHall UniversityHall Burlingame ZellerbachPlayhouse HargroveMusicLibrary NorthGateHall DonnerLab UniversityHall EyeCenter Hayward UniversityHall UCBerkeleyExtension BanwayBldg SanLeandro AlumniHouse Gilroy HalfMoonBay AlumniHouse BanwayBldg UniversityHouse Atherton ClarkKerrCampus AlumniHouse PaloAlto WursterHall Brentwood EdwardsStadium Greenhouse Brentwood Sebastopol TangCenter SanRamon MosesHall Hillsborough TangCenter ChouHall Belmont BerkeleyWayWest EastGate BancroftLibrary Larkspur HeatingPlantCentral CampbellHall Larkspur CyclotronRd CNMAT ChouHall EastGate CNMAT Dwinelle BerkeleyArtMuseum Cory Sausalito BerkeleyArtMuseum MartinezCommons WomenFacultyClub MLK LifeSciencesAddition SantaRosa BrainImagingCenter HildebrandHall MorganHall SpringerGateway HildebrandHall Antioch CaliforniaHall AnthonyHall Classof1914Fountain Antioch MinorHallAddition KleebergerFieldHouse StHelena MinorHallAddition FoundersRock GianniniHall SanMateo WarrenHall Albany SanRafael Fairfield IshiCourt Benicia Pacifica Unit2 PoliceUC Pacifica IshiCourt SanRafael SatherRd SanPablo HilgardHall Campbell Napa SatherRd GayleyRd PleasantHill Petaluma GayleyRd Lafayette WarrenHall GianniniHall ObservatoryHill OBrienHall CareerCenter JacobsHall ResidenceHalls Hercules SantaClara CalvinLaboratory HearstGreekTheatre GilmanHall EvansDiamond InternationalHouse GoldmanField GilmanHall SuisunCity HavilandHall McEnerneyHall WitterField SimpsonCenter WestCircle WitterField GoldmanPlaza SanFrancisco WheelerHall BirgeHall GoldmanField ResidenceHalls EastAsianLibrary Sonoma CareerCenter HearstMiningCircle DurantHall CareerCenter EastAsianLibrary SpiekerPlaza McConeHall TanHall Novato KroeberHall BoaltHall McConeHall Novato HesseHall BlumHall Pittsburg Novato Insectary BowlesHall BotanicalGarden Insectary SutardjaDaiHall SatherGate Campanile EvansHall SutardjaDaiHall LeConteHall MaxwellFamilyField LatimerHall ElCerrito MinorHall LatimerHall Campanile SutardjaDaiHall Healdsburg MLK Brisbane HellmanTennisComplex HaasPavilion MartinezCommons StanleyHall StadiumRimWay MemorialGladeandPool GiauqueHall Alameda Berkeley GiauqueHall Orinda McLaughlinHall OldArtGallery KoshlandHall WooHonFaiHall WellmanHall MountainView SternHall WellmanHall McLaughlinHall LowerSproulPlaza HearstFieldAnnex MorrisonHall BarrowsHall WestGate LewisHall BarrowsHall Oakley Orinda StanleyHall DavisHall BlackwellHall MartinezCommons SimonHall Pinole Oakland SproulHall AmericanCanyon ClearyHall KrutchTheater MulfordHall ZellerbachHall FairfaxNewark ClearyHall SimonHall SouthHall BARTStation SatherTower SouthHall MLK MartinezCommons Saratoga Hayward Unit3 FacultyClub UniversityHall LevineFrickeField HaasSchoolofBusiness Emeryville LegendsAquaticCenter Soda
70
MartinezCommons MartinezCommons
ChouHall ChouHall
GilmanHall GilmanHall
WestGate WestGate
ClarkKerrCampus ClarkKerrCampus
Albany Albany
GoldmanField GoldmanField
Fairfield Fairfield
Insectary Insectary
Orinda Orinda
StHelena StHelena
Hayward Hayward
WursterHall WursterHall
NorthGateHall NorthGateHall
HargroveMusicLibrary HargroveMusicLibrary
AnthonyHall AnthonyHall
Belmont Belmont
WheelerHall WheelerHall
WestCircle WestCircle
DonnerLab DonnerLab
Emeryville Emeryville
MinorHallAddition MinorHallAddition
HertzHall HertzHall
FrankSchlessingerWay FrankSchlessingerWay
SatherTower SatherTower
WellmanHall WellmanHall
Pittsburg Pittsburg
ZellerbachPlayhouse ZellerbachPlayhouse
BlumHall BlumHall
SternHall SternHall
PimentelHall PimentelHall
HearstGreekTheatre HearstGreekTheatre
Oakley Oakley
ClearyHall ClearyHall
MulfordHall MulfordHall
StadiumRimWay StadiumRimWay
Pinole Pinole
SanRamon SanRamon
Benicia Benicia
SproulPlaza SproulPlaza
Unit3 Unit3
BancroftLibrary BancroftLibrary
FoundersRock FoundersRock
Unit1 Unit1
EvansHall EvansHall
WicksonNaturalArea WicksonNaturalArea
Hillsborough Hillsborough
ZellerbachHall ZellerbachHall
WomenFacultyClub WomenFacultyClub
Pacifica Pacifica
LowerSproulPlaza LowerSproulPlaza
SanRafael SanRafael
KroeberHall KroeberHall
HearstMiningCircle HearstMiningCircle
CalvinLaboratory CalvinLaboratory
EtcheverryHall EtcheverryHall
BarkerHall BarkerHall
Campanile Campanile
Alameda Alameda
KleebergerFieldHouse KleebergerFieldHouse
Saratoga Saratoga
GiauqueHall GiauqueHall
SanPablo SanPablo
Cory Cory
Healdsburg Healdsburg
LewisHall LewisHall
IshiCourt IshiCourt
Brisbane Brisbane
EastGate EastGate
Piedmont Piedmont
