BerkeleyArtMuseumand HearstMiningCircle SummerSession BerkeleyArtMuseumand WheelerHall GeneticsandPlantBiol BerkeleyArtMuseumand HaasClubhouse WellmanHall BerkeleyArtMuseumand LowerHearstParkingSt LowerSproulPlaza BerkeleyArtMuseumand BirgeHall JonatansCrazyHouse BerkeleyArtMuseumand ClarkKerrCampus HearstMemorialMining BerkeleyArtMuseumand EshlemanHall CheitHall BerkeleyArtMuseumand MaxwellFamilyFieldan UpperHearstParkingSt BerkeleyArtMuseumand ChanningBowditchApar MartinezCommons BerkeleyArtMuseumand PimentelHall MathematicalSciences BerkeleyArtMuseumand SproulHall MosesHall BerkeleyArtMuseumand HenryHWheelerBrainIm EvansHall BerkeleyArtMuseumand ManvilleHall GilmanHall BerkeleyArtMuseumand AHammock OBrienHall BerkeleyArtMuseumand OfficeofPublicAffair StanleyHall BerkeleyArtMuseumand EarthquakeEngineerin Sebastians BerkeleyArtMuseumand GianniniHall PacificFilmArchiveBe BerkeleyArtMuseumand MinorHall TangCenter BerkeleyArtMuseumand KroeberHall UCBerkeleyExtension BerkeleyArtMuseumand WomensFacultyClub AcademicInnovationSt BerkeleyArtMuseumand CNMAT1750ArchSt StudentUnion BerkeleyArtMuseumand EdwardsTrackStadiumG CrescentSpringerGate BerkeleyArtMuseumand ValleyLifeSciencesBu McLaughlinHall BerkeleyArtMuseumand Unit1ResidentHall MariesHouse BerkeleyArtMuseumand IdaLouiseJacksonGrad TanHall BerkeleyArtMuseumand BowlesHall InsectaryGreenhouse BerkeleyArtMuseumand LeConteHall SimpsonCenterforStud BerkeleyArtMuseumand HaasPavilion NorthField BerkeleyArtMuseumand CampanileSatherTower MoffittLibrary BerkeleyArtMuseumand DonnerLaboratory LevineFrickeSoftball BerkeleyArtMuseumand CampusSharedServices Library BerkeleyArtMuseumand EastAsianLibrary LiKaShingCenter BerkeleyArtMuseumand EllsworthParkingStru BlackwellHall BerkeleyArtMuseumand CoryHall Demography BerkeleyArtMuseumand HertzHall GoldmanSchool BerkeleyArtMuseumand OldArtGallery WursterHall BerkeleyArtMuseumand MelvinCalvinLaborato AnnaHeadAlumnaeHall BerkeleyArtMuseumand SamsPad RecreationalSportsFa BerkeleyArtMuseumand UniversityHealthServ McConeHall BerkeleyArtMuseumand HearstFieldAnnex MemorialGlade BerkeleyArtMuseumand ZellerbachHall IRLE BerkeleyArtMuseumand CesarEChavezStudentC UniversityHouse BerkeleyArtMuseumand AlumniHouse WitterRugbyField BerkeleyArtMuseumand HaasSchoolofBusiness HellmanTennisCenter BerkeleyArtMuseumand SoutheastAsianStudie VisitorCenter BerkeleyArtMuseumand DavisHall MartinLutherKingJrSt BerkeleyArtMuseumand ClearyHall ChancellorsEsplanade BerkeleyArtMuseumand HearstGreekTheatre MinorHallAddition BerkeleyArtMuseumand Extension MulfordHall BerkeleyArtMuseumand CampbellHall SpiekerAquaticsCompl BerkeleyArtMuseumand BancroftDanceStudio WarrenHall BerkeleyArtMuseumand FallProgramforFreshm AndersenAuditorium BerkeleyArtMuseumand EastAsianStudiesInst BlumHall BerkeleyArtMuseumand LifeSciencesAddition SatherTower BerkeleyArtMuseumand GolbousPlace CalvinLaboratory BerkeleyArtMuseumand FacultyGlade ArchitectsEngineersA BerkeleyArtMuseumand DurantHall CITRIS BerkeleyArtMuseumand EvansDiamond BancroftLibrary BerkeleyArtMuseumand MorrisonHall LawSchool BerkeleyArtMuseumand BotanicalGarden NorthGateHall BerkeleyArtMuseumand
57
BerkeleyArtMuseumand BerkeleyArtMuseumand FoxCottage2350Bowdit KoshlandHall HavilandHall AnthonyHall LawrenceBerkeleyNati CaliforniaHall GoldmanField BarrowsHall KoretVisitorCenter PublicAffairsOfficeo InvestigativeReporti GraduateTheologicalU SutardjaDaiHall SimonHall FacultyClub CareerCenter NaturalResourcesLabo LatinAmericanStudies LegendsAquaticCenter LawrenceHallofScienc EnergyBiosciencesBui InternationalHouse ObservatoryHill MagnesCollectionofJe BanwayBuilding
LowerHearstParkingSt LowerHearstParkingSt
PacificFilmArchiveBe PacificFilmArchiveBe
Unit1ResidentHall Unit1ResidentHall
LeConteHall LeConteHall
EdwardsTrackStadiumG EdwardsTrackStadiumG
ArchitectsEngineersA ArchitectsEngineersA
CesarEChavezStudentC CesarEChavezStudentC
HenryHWheelerBrainIm HenryHWheelerBrainIm
NorthField NorthField
MartinezCommons MartinezCommons
AlumniHouse AlumniHouse
WarrenHall WarrenHall
AcademicInnovationSt AcademicInnovationSt
BowlesHall BowlesHall
Library Library
CheitHall CheitHall
AHammock AHammock
StanleyHall StanleyHall
LawSchool LawSchool
MaxwellFamilyFieldan MaxwellFamilyFieldan
HaasSchoolofBusiness HaasSchoolofBusiness
UniversityHouse UniversityHouse
MulfordHall MulfordHall
WellmanHall WellmanHall
ChancellorsEsplanade ChancellorsEsplanade
SatherTower SatherTower
FacultyGlade FacultyGlade
EastAsianStudiesInst EastAsianStudiesInst
ZellerbachHall ZellerbachHall
BancroftLibrary BancroftLibrary
SimpsonCenterforStud SimpsonCenterforStud
HearstMemorialMining HearstMemorialMining
MosesHall MosesHall
SpiekerAquaticsCompl SpiekerAquaticsCompl
EvansHall EvansHall
McConeHall McConeHall
GianniniHall GianniniHall
MorrisonHall MorrisonHall
McLaughlinHall McLaughlinHall
IRLE IRLE
UpperHearstParkingSt UpperHearstParkingSt
ClarkKerrCampus ClarkKerrCampus
ManvilleHall ManvilleHall
LiKaShingCenter LiKaShingCenter
Sebastians Sebastians
MathematicalSciences MathematicalSciences
EllsworthParkingStru EllsworthParkingStru
FallProgramforFreshm FallProgramforFreshm
GolbousPlace GolbousPlace
EvansDiamond EvansDiamond
CoryHall CoryHall
UniversityHealthServ UniversityHealthServ
BancroftDanceStudio BancroftDanceStudio
Demography Demography
MariesHouse MariesHouse
InsectaryGreenhouse InsectaryGreenhouse
