McLaughlinHall UnderhillParkingFaci GoldmanSchool McLaughlinHall HavilandHall Romeos McLaughlinHall BoaltHall GianniniHall McLaughlinHall CNMAT1750ArchSt NorthGateHall McLaughlinHall KoshlandHall CrescentSpringerGate McLaughlinHall OBrienHall EshlemanHall McLaughlinHall AnnaHeadAlumnaeHall Stradda McLaughlinHall ClearyHall AnthonyHall McLaughlinHall GiauqueHall FacultyGlade McLaughlinHall BlackwellHall Library McLaughlinHall OxfordResearchUnit LowerHearstParkingSt McLaughlinHall BancroftParkingStruc UniversityHealthServ McLaughlinHall KoretVisitorCenter EastAsianStudiesInst McLaughlinHall MelvinCalvinLaborato EtcheverryHall McLaughlinHall MagnesCollectionofJe Unit1ResidentHall McLaughlinHall HargroveMusicLibrary CheitHall McLaughlinHall WarrenHall HasteStreetChildDeve McLaughlinHall ResidentialStudentSe BotanicalGarden McLaughlinHall LifeSciencesAddition DwinelleHall McLaughlinHall SpiekerAquaticsCompl SamsPad McLaughlinHall PacificFilmArchiveBe DurantHall McLaughlinHall FoothillResidenceHal SummerSession McLaughlinHall MathematicalSciences CareerCenter GeneticsandPlantBiol McLaughlinHall
23
McLaughlinHall McLaughlinHall SimpsonCenterforStud LevineFrickeSoftball CampusSharedServices HertzHall EvansDiamond SeniorHall LegendsAquaticCenter RedwoodGroveBotanica UCBerkeleyExtension Unit3ResidentHall StephensHall GrinnellNaturalArea InsectaryGreenhouse BerkeleyArtMuseumand WitterRugbyField EnergyBiosciencesBui WomensFacultyClub StrawberryCanyonRecr KroeberHall RecreationalSportsFa MoffittLibrary JonesChildStudyCente PublicAffairsOfficeo ZellerbachHall VisitorCenter
BancroftParkingStruc BancroftParkingStruc
WarrenHall WarrenHall
BotanicalGarden BotanicalGarden
CareerCenter CareerCenter
EastAsianStudiesInst EastAsianStudiesInst
Library Library
GiauqueHall GiauqueHall
EshlemanHall EshlemanHall
FacultyGlade FacultyGlade
GianniniHall GianniniHall
MathematicalSciences MathematicalSciences
CNMAT1750ArchSt CNMAT1750ArchSt
DurantHall DurantHall
ResidentialStudentSe ResidentialStudentSe
HasteStreetChildDeve HasteStreetChildDeve
GoldmanSchool GoldmanSchool
MagnesCollectionofJe MagnesCollectionofJe
SpiekerAquaticsCompl SpiekerAquaticsCompl
EtcheverryHall EtcheverryHall
Romeos Romeos
AnnaHeadAlumnaeHall AnnaHeadAlumnaeHall
SamsPad SamsPad
