a ct ce a ci bw a ca br a cr bm a by bl a cf bf a bi az a cm av a bq as a bp an a bd ak a cj aj a be ag a bb ad a cd cu z a ah y a cg v a bc q a cl o a cs m a bu cp l a al k cq cn k a ax g a w u f a bx bz b co bn b bt au b ba ae b cv j b c bg ac c at h c b d bo bj d a
35
a a n x aa ai ap cb ch
d d
f f
b i p t am aq ar aw bk bs
j j
m m
o o
q q
w w
y y
z z
ae ae
al al
av av
ba ba
bd bd
be be
bg bg
bi bi
bl bl
bm bm
bp bp
bq bq
bt bt
bu bu
bw bw
bx bx
by by
ce ce
cg cg
cj cj
cm cm
cn cn
cp cp
cr cr
