a er ei a fz ee a gg ed a fn dr a dz dk a el de a eo db a fy da a gp ct a dq ch a ej cg a ek cc a fc bx a bz bw a fr bt a fb bo a cf bm a bu bk a ep bi a fg bh a ca bf a fs be a cv bd a dh bc a eq ba a cd az a bg au a cp at a dm ar a gm aq a eb am a dd al a eh ak a fx c fj aj a fp ad a bp x a fm v a dw t a gl s a ev o a av j a bq i a fh ax e a dx e ef d f eg cw f d a c gk em c et ds c fl bb c es ai c a cx b ew en b fe by b fa bs b ga ap b fu ah b ac ab b du r b ge q b cm n b fk m b fd l b dv k b fq g b a
65
a a h p w y aa ag bl br bv cl cu df dg dj dn ea eu ey ff fv gb gh gn
b b ae an cb ck cq do dt ec ex
c c u aw ci
e e
j j
k k
l l
m m
o o
t t
ab ab
ah ah
aj aj
ak ak
al al
ap ap
ar ar
az az
bb bb
bc bc
bd bd
bf bf
bi bi
bm bm
by by
bz bz
cd cd
ch ch
cp cp
d cs
ct ct
cv cv
de de
dm dm
dq dq
du du
dv dv
dx dx
ed ed
ee ee
eg eg
em em
en en
ep ep
eq eq
er er
et et
ev ev
ew ew
fa fa
fb fb
fd fd
fg fg
fh fh
fl fl
fn fn
fr fr
fs fs
fu fu
fy fy
fz fz
ga ga
gl gl
gm gm
gp gp
