Fizz Anivia Beastmaster CentaurWarrunner ShadowDemon Hecarim Volibear Kindred Shen TahmKench Hecarim Pantheon DeathProphet Timbersaw Ashe WitchDoctor ShadowDemon Pugna DragonKnight Magnus CentaurWarrunner Orianna LeBlanc ShadowFiend Necrophos Darius Tristana Vayne Darius Ziggs TreantProtector Ashe Maokai Chen Malzahar ChaosKnight Taric Io Spectre EarthSpirit Tailyah VelKoz Evelynn Tailyah Xayah Malzahar Ashe AncientApparition Maokai Kled Orianna Clinkz QueenofPain Orianna Bane Huskar Warlock Ahri Undying Warlock Viktor Illaoi Jinx Nunu Kassadin NaturesProphet Fiora Ivern OutworldDevourer Syndra Razor Swain Kassadin Razor Nunu Orianna Beastmaster FacelessVoid ChoGath TrollWarlord Xerath Elise Techies Xerath FacelessVoid Thresh Jayce Karma Illaoi Viktor JarvanIV Janna Lina Weaver Invoker Udyr Weaver Thresh Jayce Sona Alchemist Talon Necrophos Ezreal PhantomAssassin Sona DrowRanger Tusk Zeus Ekko Thresh FacelessVoid DrMundo Riki Singed Shen Rengar Teemo Sivir ArcWarden LoneDruid Cassiopeia SpiritBreaker Ivern Corki Lucian Cassiopeia Brewmaster Lifestealer EmberSpirit Venomancer Phoenix Rumble Tryndamere Doom SpiritBreaker CrystalMaiden Sniper Heimerdinger Azir Clockwerk Heimerdinger Annie Sniper Oracle Brand Leona Kayn Irelia Ryze Nami Kayn Vi LoneDruid Zilean Morgana Medusa Camille Fiddlesticks SkywrathMage Galio DarkSeer Lulu Jakiro Mirana KhaZix Nautilus Draven Morphling Veigar Nautilus AncientApparition Slardar Sven Soraka Zed Amumu Soraka Twitch Meepo ShadowShaman Urgot Trundle Nocturne Windranger Twitch Silencer Omniknight WinterWyvern Soraka Zed DarkSeer Nasus Silencer Tidehunter Akali Dazzle Mirana Wukong Camille Bloodseeker Fiddlesticks BountyHunter Medusa LoneDruid Bard Rammus ArcWarden Enigma TwistedFate Sivir Tiny Pudge Puck Aatrox Bard Vi Malphite Gragas Katarina KogMaw Leshrac Malphite MasterYi Gragas Slark Rubick Anivia Quinn NightStalker Poppy Quinn Vladimir Kennen Nidalee Katarina Anivia Earthshaker Fizz
87
BountyHunter BountyHunter
Talon Talon
Medusa Medusa
Rengar Rengar
Techies Techies
ShadowFiend ShadowFiend
WinterWyvern WinterWyvern
Malzahar Terrorblade Visage
Nasus Nasus
Fizz Fizz
Mirana Mirana
Leona Leona
Ekko Ekko
Oracle Oracle
Xayah Xayah
ShadowDemon ShadowDemon
Thresh Thresh
Sona Sona
Venomancer Venomancer
Nunu Nunu
Annie Annie
Lucian Lucian
Jayce Jayce
Warlock Warlock
Kennen Kennen
Amumu Amumu
Karma Karma
Chen Chen
Viktor Viktor
Kassadin Kassadin
Nidalee Nidalee
Beastmaster Beastmaster
Slardar Slardar
TrollWarlord TrollWarlord
Weaver Weaver
Sniper Sniper
Sven Sven
Vladimir Vladimir
Slark Yorick Slark
Ziggs Ziggs
SpiritBreaker SpiritBreaker
KhaZix KhaZix
ShadowShaman ShadowShaman
Vi Vi
Heimerdinger Heimerdinger
Rumble Rumble
VelKoz VelKoz
Puck Puck
Ryze Ryze
Cassiopeia Cassiopeia
NightStalker NightStalker
Azir Azir
Omniknight Omniknight
Kayn Kayn
Io StormSpirit
Orianna Orianna
Zilean Zilean
Brewmaster Brewmaster
Pantheon Pantheon
JarvanIV JarvanIV
Timbersaw Timbersaw
Janna Janna
Singed Singed
Jinx Jinx
TahmKench TahmKench
Undying Undying
Syndra Syndra
Quinn Quinn
Irelia Irelia
Rubick Rubick
Zed Zed
CentaurWarrunner CentaurWarrunner
Fiddlesticks Fiddlesticks
LoneDruid LoneDruid
Tiny Tiny
LeBlanc LeBlanc
DeathProphet DeathProphet
Kled Kled
Morphling Morphling
FacelessVoid FacelessVoid
Katarina Katarina
Huskar Huskar
Magnus Magnus
Tristana Tristana
Bane Bane
Gragas Gragas
Trundle Trundle
