Zeus Bloodseeker Lulu Twitch Jax Blitzcrank Visage Jax AncientApparition Nidalee Sion Nocturne Jax Olaf Rammus Kled Renekton Slardar Tidehunter Rammus TreantProtector Sven ElderTitan Skarner Lycan Sona Yorick Lycan TreantProtector Dazzle Blitzcrank EmberSpirit Tinker Shen Gragas Twitch Xayah Axe Mirana EarthSpirit Enchantress Leshrac Syndra Enchantress Katarina Syndra Sion Timbersaw Xayah Lulu Bloodseeker Zeus
20
Lulu Lulu
Shen Shen
Zeus Zeus
Syndra Syndra
Lycan Lycan
Nocturne Nocturne
Renekton Renekton
Sven Sven
Slardar Slardar
ElderTitan ElderTitan
Xayah Xayah
Axe Axe
Blitzcrank Blitzcrank
Timbersaw Braum
TreantProtector TreantProtector
Leshrac Leshrac
Twitch Twitch
EmberSpirit EmberSpirit
Dazzle Dazzle
Bloodseeker Bloodseeker
