6 199 198 197 196 199 192 193 195 192 190 199 6 11 24 30 42 55 67 66 63 62 68 64 60 66 67 73 80 96 92 96 103 109 100 107 102 104 106 105 103 111 113 110 117 112 118 115 112 114 111 124 128 127 120 121 122 125 121 128 129 123 126 124 133 143 158 168 172 189 180 183 189 180 186 184 182 187 181 184 188 189 172 178 174 170 175 179 170 176 172 168 163 167 166 165 161 167 160 162 164 168 158 159 158 150 155 151 157 150 154 153 150 151 158 143 144 147 145 142 140 147 149 140 147 146 143 133 139 132 138 137 130 139 134 135 133 124 111 103 96 94 99 98 94 92 96 93 90 95 91 90 96 80 84 81 86 87 81 80 82 88 80 73 70 77 75 71 79 72 78 74 73 67 55 58 57 53 55 51 50 54 52 55 42 30 39 38 36 30 42 40 43 49 48 44 40 41 46 49 40 42 30 31 37 35 34 39 38 32 33 30 24 28 26 23 25 27 21 20 29 22 20 24 11 15 13 14 17 12 18 10 12 19 16 14 13 15 11 6 5 2 6 8 0 4 1 3 6
90
0 0
1 1
4 4
2 7
8 8
10 10
14 14
15 15
18 18
19 19
20 20
21 21
23 23
26 26
31 31
36 36
38 38
39 39
40 40
41 41
46 46
48 48
50 50
51 51 59
57 57
60 60
62 62
63 63
64 65
67 69
74 74
75 75
77 77
78 78
79 79
81 81
80 85
87 87
88 88
90 90
95 95
92 97
98 98
102 101
105 105
106 106
107 107
109 109
112 112
113 113
114 114
115 115
118 118
120 120
125 125
126 126
128 128
129 129
130 130
132 132
134 134
137 137
139 139
144 144
145 145
146 146
143 148
149 149
150 150
159 152
153 153
157 157
163 163
164 164
166 166
167 167
170 170
176 176
172 177
178 178
179 179
181 181
182 182
180 185
186 186
187 187
190 190 191
197 194
196 196
198 198
