L16 L135 L73 L58 L18 L5 L152 L95 L19 L130 L15 L95 L154 L51 L17 L150 L104 L151 L126 L118 L107 L109 L50 L139 L13 L42 L59 L53 L110 L31 L59 L118 L90 L119 L80 L10 L125 L81 L38 L76 L13 L38 L134 L147 L21 L109 L13 L23 L11 L89 L13 L118 L88 L35 L106 L83 L111 L9 L104 L126 L84 L8 L54 L116 L8 L44 L77 L70 L36 L3 L96 L56 L3 L84 L114 L28 L52 L43 L12 L108 L37 L136 L28 L12 L79 L0 L45 L49 L131 L141 L48 L49 L97 L30 L14 L22 L153 L102 L62 L121 L24 L7 L6 L124 L62 L82 L117 L25 L82 L153 L148 L115 L85 L86 L112 L75 L86 L85 L74 L33 L115 L85 L94 L22 L41 L71 L72 L122 L13 L118 L105 L92 L32 L20 L120 L0 L113 L46 L57 L60 L145 L46 L67 L69 L79 L114 L140 L0 L120 L129 L34 L120 L146 L47 L45 L41 L103 L133 L98 L127 L123 L149 L143 L65 L40 L143 L4 L149 L63 L103 L61 L63 L27 L138 L73 L16
80
L130 L1 L130
L116 L2 L101
L4 L4
L5 L5
L7 L7
L8 L8
L9 L9
L11 L11
L12 L12
L16 L16
L18 L18
L20 L20
L21 L21
L22 L22
L24 L24
L27 L27
L28 L28
L6 L29 L93
L35 L35
L38 L38
L40 L40
L43 L43
L47 L47
L52 L52
L53 L53
L56 L56
L61 L61
L62 L62
L63 L63
L65 L65
L67 L67
L133 L68 L133 L144
L70 L70
L72 L72
L74 L74
L75 L75
L76 L76
L77 L77
L148 L78 L91
L79 L79 L100
L80 L80
L82 L82
L83 L83
L84 L84
L85 L85
L150 L87 L150
L89 L89
L90 L90
L92 L92
L94 L94
L95 L95
L73 L99
L103 L103
L104 L104
L106 L106
L107 L107
L109 L109
L110 L110
L114 L114
L119 L119
L124 L124
L125 L125
L126 L126
L120 L128
L129 L129
L131 L131
L134 L134
L138 L138
L139 L139
L140 L140
L141 L141
L37 L142
L143 L143
L145 L145
L146 L146
L147 L147
L149 L149
L151 L151
L152 L152
L153 L153
