5 179 174 178 177 176 175 174 179 5 11 17 23 22 18 23 29 35 41 47 53 52 48 49 50 51 53 47 46 42 43 44 45 47 41 35 29 24 28 27 26 25 24 29 35 30 34 33 32 31 30 34 35 41 36 40 39 38 37 36 40 41 47 53 59 65 71 77 83 78 82 81 80 79 78 82 83 77 71 70 66 67 68 69 71 65 63 62 61 60 64 65 59 58 57 56 55 54 59 65 71 77 72 76 75 74 73 72 77 83 89 95 101 107 113 119 125 120 124 125 131 137 143 141 140 139 138 143 149 148 147 146 145 144 149 155 153 152 151 150 155 161 167 173 172 171 170 169 168 173 167 162 166 165 164 163 162 167 161 156 160 159 158 157 156 161 155 154 150 155 149 143 142 138 143 137 136 135 134 133 132 137 131 130 129 128 127 126 131 125 123 122 121 120 125 119 114 118 117 116 115 114 119 113 112 111 110 109 108 113 107 101 100 96 101 107 102 106 105 104 103 102 106 107 101 99 98 97 96 101 95 94 90 95 89 84 88 87 86 85 84 89 95 90 91 92 93 95 89 83 77 71 65 59 53 47 41 35 29 23 21 20 19 18 23 17 12 16 15 14 13 12 16 17 11 10 9 8 7 6 11 5 4 3 2 1 0 5
90
0 0
1 1
2 2
3 3
4 4
6 6
7 7
8 8
9 9
10 10
12 12
13 13
14 14
15 15
16 16
18 18
19 19
20 20
21 21
22 22
24 24
25 25
26 26
27 27
28 28
30 30
31 31
32 32
33 33
34 34
36 36
37 37
38 38
39 39
40 40
42 42
43 43
44 44
45 45
46 46
48 48
49 49
50 50
51 51
52 52
54 54
55 55
56 56
57 57
58 58
60 60
61 61
62 62
63 63
64 64
66 66
67 67
68 68
69 69
70 70
72 72
73 73
74 74
75 75
76 76
78 78
79 79
80 80
81 81
82 82
84 84
85 85
86 86
87 87
88 88
90 90
91 91
92 92
93 93
94 94
96 96
97 97
98 98
99 99
100 100
102 102
103 103
104 104
105 105
106 106
