0 108 1 38 34 39 37 34 38 1 149 148 1 86 81 82 75 80 119 123 130 134 126 119 80 75 67 74 70 67 62 66 58 62 58 50 49 59 55 49 4 6 10 135 129 125 115 13 10 17 25 139 136 84 76 104 112 110 102 104 76 88 83 84 76 7 6 9 133 131 142 148 5 6 11 15 21 16 23 31 100 105 113 114 117 52 44 36 31 25 85 28 23 141 11 15 22 139 25 33 27 35 43 51 53 47 43 54 56 64 137 79 72 64 68 62 57 56 64 91 103 98 96 101 144 52 45 46 42 73 78 77 73 42 43 35 27 20 129 20 12 60 65 61 60 19 26 32 40 118 87 93 97 89 93 99 106 122 124 120 122 106 111 106 99 107 109 24 29 76 69 71 63 30 29 24 19 12 4 10 3 4 0 145 2 90 2 0
93
0 0
4 4
5 5
7 7
9 8 9
10 10
11 11 18
12 12
13 13
15 15 127
16 16
19 19
22 22
23 23
24 24
25 25
26 26
27 27
28 28
29 29
30 30
31 31
32 32
33 33
34 34
35 35
36 36
39 39
40 40
42 42
43 43
44 44
45 45
47 47
49 49
51 51
53 53
55 55
56 56 138
60 60
62 62 146
64 64
65 65
66 66
67 67
68 68
69 69
70 70
73 73
75 75 132
76 76
77 77
78 78
80 80
81 81
82 82
83 83
84 84
85 85
86 86
89 89
93 93
90 94 143
88 95
96 96
97 97
98 98
101 101
104 104
105 105
108 108
109 109
110 110
111 111
113 113
114 114
117 117
118 118
119 119
120 120
122 122
123 123
125 125
129 128
131 131
133 133
134 134
135 135
137 137
141 141
142 142
145 145
148 148
