1 77 70 65 93 96 28 96 63 62 60 57 97 60 57 37 27 28 83 15 35 62 94 72 23 9 39 9 71 61 64 18 16 45 46 86 44 43 46 64 22 46 45 52 48 87 8 13 22 63 84 58 40 67 20 90 85 24 49 90 12 67 99 76 99 98 54 26 7 41 82 17 56 38 17 51 7 63 47 7 95 62 33 6 7 47 80 91 5 19 36 29 91 88 31 34 80 11 25 79 66 25 100 1
44
1 1
20 2
13 3 55
5 5
6 6
7 7
8 8
9 9
12 12
39 14 39
16 16
17 17
19 19
57 21
26 26
28 28 42
29 29
33 33
35 35
40 40
41 41
45 45
49 49
11 50 81
91 53 91
58 58
61 61
62 62
63 63
64 64
67 67
76 68 76
71 71
72 72
93 73
77 77
82 82
83 83
85 85
87 87
90 90
94 94
99 99
100 100
