1 54 196 108 110 146 31 149 121 183 56 121 149 184 166 101 91 166 154 124 16 80 166 101 39 182 41 91 198 15 175 28 189 62 77 163 71 178 52 174 134 71 28 92 94 114 5 68 94 123 142 12 68 94 32 92 32 38 186 4 181 191 90 147 73 120 152 93 57 120 66 150 44 66 73 96 98 118 103 126 199 157 76 128 130 117 156 128 43 76 109 199 185 125 98 126 47 143 79 55 47 147 63 138 151 180 60 148 137 72 58 34 159 84 133 61 84 104 40 84 161 30 159 34 72 60 3 97 112 21 6 72 11 51 26 180 138 47 199 36 67 188 9 35 46 113 169 89 140 162 136 89 9 131 129 164 100 113 78 83 100 53 171 8 188 67 195 87 127 17 111 145 74 111 200 2 111 17 127 70 87 197 135 20 33 45 14 33 88 132 197 119 20 88 86 121 56 49 158 194 158 59 124 184 193 25 144 108 168 99 192 24 82 23 48 95 160 27 155 187 10 85 82 153 81 82 23 155 27 177 18 65 176 116 54 1
93
2 2
3 3
6 6 165
195 7
9 9
11 11
12 12
194 13
14 14
16 16
17 17
20 20
21 21
25 25
27 27
28 28
155 29 155
32 32
34 34
35 35
36 36
40 40
132 42 132
44 44
45 45
52 52
53 53
57 57
59 59
60 60
116 64 116
65 65
67 67
68 68
70 70
74 74
76 76
77 77
78 78
79 79
81 81
87 87
89 89
91 91 139 167
92 92
93 93
94 94
95 95
97 97
99 99
100 100
108 108
112 112
114 114
117 117
118 118
119 119
120 120
121 121
38 122
123 123
126 126
127 127
129 129
131 131
137 137
140 140
142 142
143 143
147 147
148 148
149 149
151 151
153 153
159 159
160 160
161 161
163 163
164 164
33 170
150 172 190
176 176
178 178
180 180
181 181
182 182
183 183
184 184
186 186
188 188
191 191
192 192
197 197
