187 86 156 141 37 59 37 121 18 67 138 50 31 9 117 140 65 183 64 65 174 64 95 58 159 157 19 53 35 137 165 194 167 33 130 139 189 193 54 189 89 54 97 135 14 20 21 90 105 21 192 106 149 6 152 106 163 111 106 6 12 143 25 6 149 169 190 134 154 194 16 165 74 129 160 39 69 1 26 0 171 69 146 114 146 41 93 180 96 137 35 157 159 58 126 34 197 24 168 60 127 82 101 28 116 184 57 28 127 81 123 150 148 123 81 60 24 34 61 65 100 181 124 133 122 71 22 109 22 71 181 128 124 75 128 102 175 142 50 196 99 118 47 67 99 7 38 87 36 145 177 98 66 98 172 144 52 188 191 136 178 161 49 77 49 188 11 113 104 155 164 78 166 186 2 30 173 166 104 52 144 119 8 91 179 125 110 179 145 38 7 68 162 185 32 185 199 195 63 195 199 3 29 153 88 151 94 4 29 153 51 88 103 141 156 187
87
2 2
6 6
7 7
8 8
9 9
12 12
59 13 59
123 15
18 18
124 23 124
29 29
30 30
32 32 45
33 33
36 36
39 39
41 41
37 42 120
69 44 69
47 47
63 48 63
52 52
53 53
54 54 55
58 58
65 65
67 67
68 68
199 70 199
71 71
173 72 173
117 73 117
78 78
114 79 114
189 80
82 82
157 83 157
86 86
87 87
89 89
90 90
101 92
93 93
94 94
95 95
97 97
77 107
21 108
109 109 131
110 110
111 111
119 119
126 126
127 127
128 128
149 132
133 133
134 134
136 136
140 140
142 142
146 146
148 148
150 150
152 152
153 153
154 154
156 156
160 160
161 161
162 162
163 163
164 164
165 165
166 166
169 169
171 171
172 172
175 175
159 176
180 180
181 181
183 183
184 184
190 190
191 191
196 196
