0 44 46 90 49 73 92 16 98 65 48 73 14 48 87 59 15 71 30 70 32 26 15 70 56 49 5 54 4 10 29 53 72 88 7 13 41 11 42 76 11 13 8 17 36 97 74 58 97 99 55 66 31 91 17 28 96 20 78 89 34 81 94 64 33 24 81 9 94 52 84 43 47 38 79 72 29 7 42 23 57 93 75 51 22 83 50 85 86 40 2 68 35 86 60 85 37 6 83 18 25 3 69 18 22 75 45 61 62 80 21 27 95 19 62 12 80 1 77 39 1 0
50
1 1
2 2
3 3
4 4
5 5
6 6
7 7
8 8
9 9
10 10
11 11
12 12
13 13
14 14
15 15
16 16
17 17
18 18
19 19
20 20
21 21
22 22
23 23
24 24
25 25
26 26
27 27
28 28
29 29
30 30
31 31
32 32
33 33
34 34
35 35
36 36
37 37
38 38
39 39
40 40
41 41
42 42
43 43
44 44
45 45
46 46
47 47
48 48
49 49
50 50
