0 18 85 100 103 37 49 22 19 37 149 20 49 98 12 98 137 11 86 81 101 11 123 108 67 104 106 60 90 112 60 180 170 114 173 105 180 28 170 10 67 123 76 176 32 15 132 9 41 119 9 142 47 89 88 115 124 4 141 182 125 196 143 150 39 38 143 35 125 42 77 95 167 185 181 187 82 8 82 40 189 188 183 191 17 36 121 61 53 174 120 53 54 7 36 33 179 36 171 17 62 13 188 186 181 117 97 169 198 165 93 193 136 158 64 118 116 45 74 138 1 184 153 71 87 131 161 139 168 2 162 30 87 161 44 66 1 74 27 116 64 148 160 128 75 55 177 195 50 177 65 198 130 110 169 56 111 147 140 99 147 34 79 56 46 190 146 134 5 178 16 190 48 16 113 31 129 133 159 166 24 73 144 24 31 172 83 155 91 58 155 122 70 156 84 154 68 14 72 6 14 107 175 197 109 70 197 92 69 83 3 26 94 57 51 199 29 163 52 127 157 126 192 164 126 63 192 43 135 23 152 151 59 29 103 78 25 21 194 0
98
1 1
2 2
3 3
4 4
5 5
6 6
7 7
8 8 96
9 9
10 10
11 11
12 12 80
13 13
14 14
15 15
16 16
17 17
18 18
19 19
20 20
21 21
22 22
23 23
24 24
25 25
26 26
27 27
28 28
29 29
30 30
31 31
32 32
33 33
34 34
35 35
36 36
37 37
38 38
39 39
40 40
41 41
42 42
43 43
44 44
45 45
46 46
47 47
48 48
49 49
50 50
51 51
52 52
53 53
54 54
55 55
56 56
57 57
58 58
59 59
60 60
61 61
62 62
63 63
64 64
65 65
66 66
67 67
68 68
69 69
70 70
71 71
72 72
73 73
74 74
75 75
76 76
77 77
78 78
79 79
81 81
82 82
83 83
84 84
85 85
86 86
87 87
88 88
89 89
90 90
91 91
92 92
93 93
94 94
95 95
97 97
98 98
99 99
100 100
