0 127 4 155 1 58 31 94 186 140 137 22 86 49 22 94 40 98 1 58 0 153 78 39 183 169 52 122 39 0 41 179 46 88 37 196 105 128 41 80 197 111 167 108 80 41 179 46 136 77 95 3 119 73 119 3 26 67 46 154 40 125 36 147 50 36 47 26 3 126 15 145 12 109 87 12 30 115 61 141 101 61 115 173 148 28 100 168 110 84 28 30 16 152 28 166 77 62 25 5 56 139 135 182 5 107 55 106 57 102 9 118 13 176 157 9 5 56 109 4 132 178 189 66 4 165 7 29 83 156 74 29 7 5 123 16 159 9 162 14 126 15 60 45 164 120 45 138 82 65 150 76 69 65 53 15 32 35 65 92 23 32 19 171 158 178 71 131 19 54 97 99 194 93 18 185 11 24 6 175 111 6 24 27 14 113 11 24 6 85 38 48 34 20 149 18 68 33 18 79 193 130 2 130 79 14 188 8 160 129 45 143 8 3 51 17 37 17 146 124 133 37 17 0
71
0 0
2 2 180
3 3 174
4 4
8 8 116
9 9
12 12
16 16
17 17
18 18
19 19 96
166 21
24 24 70
29 29
31 31
32 32
33 33
35 35
38 38
39 39 195
11 43 103
46 46
50 50
51 51
52 52
58 58
60 60
62 62
68 68
69 69
74 74
77 77
78 78
80 80
86 86
93 93
94 94
105 105
109 109
115 115
119 119
125 125
126 126
129 129
131 131
133 133
136 136
6 142 177 199
143 143
156 156
157 157
158 158
159 159
160 160
76 163
73 170
178 178
179 179
182 182
183 183
37 184
185 185
188 188
189 189
55 190
23 191
1 192
193 193
194 194
197 197
20 198
