0 18 44 25 47 49 26 13 85 41 93 79 42 63 42 68 40 36 65 17 31 69 21 51 37 40 21 81 46 3 96 24 39 30 34 22 43 92 83 55 82 83 56 1 55 14 20 23 89 71 78 52 1 95 62 7 1 30 3 81 2 26 72 5 50 80 59 8 70 60 27 91 90 32 11 32 4 64 30 86 35 58 57 84 54 6 9 35 4 60 8 13 25 29 94 5 28 67 73 29 53 29 0
37
0 0
2 2
3 3
8 8
17 10
11 11 45
58 15
85 19
21 21
22 22
23 23
24 24 88
25 25
28 28
29 29
5 33
40 40
41 41
42 42
43 43
47 47
35 48
56 56
60 60
4 61 77
64 64
65 65
67 67
71 71
7 74
79 79
80 80
82 82
91 91
93 93
94 94
96 96
