190 75 155 1 42 155 1 87 51 190 75 166 153 70 5 153 45 56 0 162 95 0 56 68 167 149 85 98 7 85 112 89 179 73 66 195 171 71 66 179 100 89 117 25 68 199 146 39 77 183 45 56 187 22 25 63 10 68 19 22 117 110 28 147 86 8 67 165 136 12 129 83 106 92 140 96 152 132 92 114 33 157 141 79 154 58 80 127 40 20 80 58 197 83 58 33 67 147 28 133 108 126 185 31 148 177 173 81 159 177 101 118 9 126 59 35 133 150 156 29 111 189 24 160 198 102 109 17 198 181 120 151 29 174 48 181 120 151 4 47 122 172 4 151 102 72 194 186 23 168 130 192 84 186 23 168 103 44 82 61 52 138 26 13 138 52 82 55 36 145 119 53 145 121 6 145 38 65 64 179 11 66 71 143 88 196 34 16 21 57 169 176 21 16 34 55 64 44 18 14 37 182 113 124 97 182 113 123 91 182 2 99 134 188 37 116 93 105 164 93 163 54 50 158 41 50 32 54 108 3 126 191 178 115 191 46 170 62 107 180 49 76 60 74 56 166 75 161 15 135 190
96
1 1 142
2 2
3 3
5 5
8 8
10 10
11 11
21 21
22 22
23 23
147 27
29 29
35 30
32 32
33 33
34 34
36 36
38 38
40 40
44 44
45 45
46 46
47 47
50 50
52 52
54 54
55 55
56 56
57 57
60 60
61 61
62 62
65 65
66 66
67 67
68 68
108 69 108
71 71
76 76
83 83
84 84
92 92
93 93
113 94 113
95 95
99 99
100 100
101 101
102 102
103 103
25 104
106 106
109 109
111 111
112 112
114 114
116 116
117 117
118 118
121 121
123 123
129 129
132 132
133 133
135 135
136 136
6 137
138 138
115 139
141 141
146 146 193
149 149
152 152
153 153
156 156
162 162
163 163
164 164
165 165
166 166
168 168
169 169
172 172
173 173
176 176
177 177
179 179
181 181
182 182
185 185
186 186
188 188
189 189
192 192
195 195
198 198
