61 48 59 77 92 53 77 94 49 28 35 10 28 79 30 95 94 18 11 49 90 21 52 91 70 32 91 60 68 78 51 76 64 20 83 56 1 83 20 31 47 20 83 1 88 57 60 43 57 51 86 3 19 97 73 7 19 97 36 37 15 29 91 8 0 69 39 0 8 91 52 42 96 71 33 71 90 82 11 26 45 54 99 72 98 75 58 98 54 38 80 74 40 16 80 14 62 24 50 67 84 13 24 50 67 2 27 25 94 87 12 34 22 4 89 22 34 22 12 77 81 66 77 61
45
1 1
2 2
3 3
4 4
12 5
34 6
8 8
10 10
11 11
14 14
15 15
82 17 82
25 25
26 26
28 28 65
30 30
31 31
32 32
33 33 63
35 35
36 36
37 37
39 39
40 40
42 42
92 44 92
48 48
51 51
57 57
58 58
60 60
67 67
69 69
70 70
72 72
73 73
74 74
76 76
80 80
83 83
97 85 97
86 86
90 90
91 91
98 98
