Loc1 Loc37 Loc76 Loc45 Loc88 Loc65 Loc53 Loc27 Loc92 Loc27 Loc4 Loc58 Loc26 Loc87 Loc16 Loc70 Loc52 Loc35 Loc77 Loc21 Loc48 Loc94 Loc4 Loc54 Loc38 Loc59 Loc10 Loc2 Loc7 Loc20 Loc7 Loc2 Loc11 Loc33 Loc37 Loc9 Loc21 Loc73 Loc55 Loc64 Loc43 Loc60 Loc47 Loc85 Loc21 Loc73 Loc3 Loc64 Loc55 Loc80 Loc67 Loc42 Loc55 Loc80 Loc75 Loc10 Loc34 Loc2 Loc31 Loc24 Loc79 Loc93 Loc71 Loc0 Loc31 Loc2 Loc34 Loc10 Loc75 Loc6 Loc94 Loc90 Loc18 Loc51 Loc50 Loc70 Loc16 Loc87 Loc4 Loc27 Loc53 Loc65 Loc69 Loc57 Loc72 Loc82 Loc74 Loc78 Loc56 Loc25 Loc44 Loc25 Loc56 Loc78 Loc32 Loc17 Loc84 Loc23 Loc65 Loc88 Loc5 Loc49 Loc37 Loc1
43
Loc0 Loc0
Loc2 Loc2
Loc3 Loc3 Loc29
Loc4 Loc4
Loc6 Loc6
Loc7 Loc7 Loc68
Loc9 Loc9
Loc10 Loc10
Loc11 Loc11
Loc92 Loc13 Loc92
Loc64 Loc15
Loc17 Loc17
Loc18 Loc18 Loc63 Loc98
Loc37 Loc19
Loc21 Loc21
Loc20 Loc22
Loc25 Loc25
Loc32 Loc32
Loc34 Loc34
Loc38 Loc38
Loc44 Loc41 Loc62
Loc42 Loc42
Loc43 Loc43
Loc45 Loc45
Loc16 Loc46
Loc47 Loc47
Loc49 Loc49
Loc50 Loc50
Loc52 Loc52
Loc53 Loc53
Loc55 Loc55
Loc56 Loc56
Loc65 Loc65 Loc81
Loc69 Loc69
Loc70 Loc70
Loc72 Loc72
Loc74 Loc74
Loc76 Loc76
Loc79 Loc79
Loc80 Loc80
Loc87 Loc87
Loc90 Loc90
Loc26 Loc91
