Loc1 Loc165 Loc121 Loc35 Loc121 Loc165 Loc161 Loc97 Loc79 Loc97 Loc73 Loc117 Loc95 Loc168 Loc194 Loc70 Loc78 Loc83 Loc88 Loc45 Loc168 Loc51 Loc108 Loc77 Loc100 Loc134 Loc130 Loc102 Loc118 Loc96 Loc47 Loc77 Loc108 Loc49 Loc60 Loc49 Loc108 Loc51 Loc168 Loc45 Loc161 Loc173 Loc185 Loc173 Loc107 Loc132 Loc21 Loc136 Loc19 Loc88 Loc159 Loc120 Loc191 Loc120 Loc159 Loc20 Loc86 Loc126 Loc86 Loc20 Loc87 Loc157 Loc172 Loc15 Loc136 Loc131 Loc193 Loc111 Loc196 Loc3 Loc65 Loc188 Loc141 Loc41 Loc144 Loc111 Loc196 Loc3 Loc196 Loc111 Loc176 Loc143 Loc118 Loc58 Loc174 Loc164 Loc119 Loc8 Loc14 Loc158 Loc36 Loc198 Loc8 Loc119 Loc164 Loc155 Loc74 Loc131 Loc144 Loc129 Loc91 Loc124 Loc151 Loc10 Loc103 Loc0 Loc91 Loc16 Loc135 Loc18 Loc135 Loc16 Loc127 Loc152 Loc171 Loc140 Loc39 Loc6 Loc39 Loc89 Loc57 Loc85 Loc133 Loc177 Loc139 Loc184 Loc29 Loc184 Loc167 Loc38 Loc122 Loc131 Loc144 Loc31 Loc192 Loc53 Loc43 Loc192 Loc31 Loc112 Loc29 Loc23 Loc33 Loc137 Loc101 Loc160 Loc183 Loc92 Loc183 Loc160 Loc187 Loc166 Loc112 Loc29 Loc112 Loc11 Loc2 Loc34 Loc59 Loc46 Loc187 Loc160 Loc101 Loc152 Loc127 Loc16 Loc175 Loc154 Loc82 Loc68 Loc17 Loc40 Loc13 Loc36 Loc150 Loc72 Loc98 Loc146 Loc90 Loc131 Loc128 Loc85 Loc81 Loc63 Loc93 Loc5 Loc165 Loc1
81
Loc1 Loc1
Loc3 Loc3 Loc64
Loc143 Loc4 Loc110
Loc5 Loc5
Loc6 Loc6 Loc115
Loc8 Loc8
Loc126 Loc12 Loc126
Loc13 Loc13
Loc15 Loc15
Loc18 Loc18 Loc50
Loc19 Loc19
Loc90 Loc22
Loc79 Loc26
Loc151 Loc28
Loc29 Loc29 Loc180
Loc31 Loc31 Loc76
Loc33 Loc33
Loc36 Loc36
Loc165 Loc37 Loc153
Loc38 Loc38
Loc39 Loc39
Loc150 Loc44 Loc150
Loc45 Loc45
Loc51 Loc51 Loc69
Loc164 Loc55 Loc164
Loc58 Loc58
Loc59 Loc59
Loc60 Loc60 Loc186
Loc78 Loc62
Loc63 Loc63
Loc16 Loc66
Loc68 Loc68 Loc99 Loc199
Loc70 Loc70
Loc72 Loc72
Loc73 Loc73
Loc82 Loc82
Loc83 Loc83
Loc85 Loc85
Loc87 Loc87
Loc89 Loc89
Loc91 Loc91
Loc92 Loc92 Loc106
Loc97 Loc97
Loc98 Loc98
Loc102 Loc102 Loc114
Loc127 Loc104 Loc127
Loc111 Loc111
Loc112 Loc112
Loc35 Loc113
Loc117 Loc117
Loc119 Loc119
Loc121 Loc121
Loc122 Loc122
Loc2 Loc123
Loc128 Loc128
Loc130 Loc130
Loc131 Loc131
Loc132 Loc132
Loc135 Loc135
Loc144 Loc144
Loc185 Loc145
Loc152 Loc152
Loc154 Loc154
Loc155 Loc155
Loc191 Loc156
Loc157 Loc157
Loc160 Loc160
Loc161 Loc161
Loc166 Loc166 Loc178
Loc167 Loc167
Loc196 Loc169 Loc196
Loc171 Loc171
Loc172 Loc172
Loc175 Loc175
Loc177 Loc177
Loc183 Loc183
Loc187 Loc187
Loc188 Loc188
Loc192 Loc192
Loc194 Loc194
Loc198 Loc198
