bw m ac az ak m i af d bj cg ba s bi h v bq be ag v ao g cc as aa av cp f aa q y j ch q bs ci cf co ab cf w ct e bf bn e bx p aw cv cr ap p ae bp bk l t ax ar ce bh ck cj bc bh z ca ah bd n bo o k by bt bu aj am bt k bo r bz cd br b bg cd bz r a ca ce bk bp ae w ab an c aq an u cm cl x bv cm cb u bl cq cu ad cn bb cu ad au cu bb ay ai m bw
50
b b
d d
f f
j j
k k
l l
n n
o o
p p
q q
r r
u u
w w
x x
z z
ac ac
ad ad
af af
ag ag
aj aj
g al
ao ao
ap ap
au au
av av
ax ax
az az
bd bd
bh bh
c bm
bo bo
bq bq
br br
bt bt
bw bw
bx bx
by by
bz bz
ca ca
cf cf
ch ch
ci ci
ck ck
cn cn
co co
cp cp
cq cq
cr cr
s cs
ct ct
