Liam Elias Isaiah Leo Aaron Nathan Cameron Jace Gavin Parker Aiden William Logan Austin Charles Gavin Jace Cameron Ryan Nathan Aaron Thomas Aaron Leo Colton Jaxson Brayden Adam Julian Adam Robert Hudson Carson Christian Luke Christopher Chase Hunter Theodore Nicholas Jordan Roman Maverick Cooper Adrian Cooper Maverick Roman Jordan Nicholas Theodore David Anthony Ezekiel Jose Owen Jose Sawyer Kayden John Sawyer Colton Levi Jonathan Levi Evan Josiah Eli Dominic Eli Josiah Evan Levi Chase Evan Josiah Benjamin Carter Ayden Jameson Jack Colton Jaxson Brayden Jaxson Joseph Mateo Gabriel Jaxon Isaac Mateo Alexander Mateo Joseph Isaiah Elias Liam
24
Liam Liam
Owen Noah Owen
William William
Thomas James
Logan Logan
Benjamin Benjamin
Alexander Mason Alexander
Adrian Elijah
Dominic Oliver
Roman Jacob
Eli Lucas Jackson Wyatt
Jaxson Michael
Brayden Ethan Samuel
Robert Daniel
Cooper Matthew
Aiden Aiden
Jonathan Henry
Joseph Joseph
David Sebastian David
Carter Carter
Adam Jayden
John John
Julian Dylan
Luke Luke
