zero one eight fifteen twentytwo twentynine thirtysix fortythree fortynine fortyeight fortyseven fortysix fortyfive fortyfour fortythree thirtysix fortytwo fortyone forty thirtynine thirtyeight thirtyseven thirtysix twentynine thirtyfive thirtyfour thirtythree thirtytwo thirtyone thirty twentynine twentytwo twentyeight twentyseven twentysix twentyfive twentyfour twentythree twentytwo fifteen twentyone twenty nineteen eighteen seventeen sixteen fifteen eight fourteen thirteen twelve eleven ten nine eight one zero
22
zero three five six seven
nine nine
eleven eleven
twelve twelve
thirteen thirteen
fourteen fourteen
fifteen fifteen
sixteen sixteen
eighteen eighteen
nineteen nineteen
twenty twenty
twentyfive twentyfive
thirtyone thirtyone
thirtytwo thirtytwo
thirtyfour thirtyfour
thirtyfive thirtyfive
thirtyseven thirtyseven
thirtyeight thirtyeight
forty forty
fortytwo fortytwo
fortyfive fortyfive
fortysix fortysix
