zero seven six zero seven fourteen eight fifteen twentyone twenty nineteen eighteen seventeen sixteen fifteen twentytwo twentyeight twentyseven twentysix twentyfive twentyfour twentythree twentytwo twentynine thirtyfive thirtyfour thirtythree thirtytwo thirtyone thirty twentynine thirtysix fortytwo fortyone forty thirtynine thirtyeight thirtyseven thirtysix fortythree fortynine fortyeight fortyseven fortysix fortyfive fortyfour fortythree fifty fiftysix fiftyfive fiftyfour fiftythree fiftytwo fiftyone fifty fiftyseven sixtythree sixtytwo sixtyone sixty fiftynine fiftyeight fiftyseven sixtyfour seventy sixtynine sixtyeight sixtyseven sixtysix sixtyfive sixtyfour seventyone seventyeight eightyfive ninetyone ninety eightynine eightyeight eightyseven eightysix eightyfive ninetytwo ninetyeight ninetyseven ninetysix ninetyfive ninetyfour ninetythree ninetytwo ninetyeight ninetyone eightyfour seventyeight seventynine eighty eightyone eightytwo eightythree eightyfour seventyseven seventyone seventytwo seventythree seventyfour seventyfive seventysix sixtynine sixtytwo fiftyfive fortyeight fortyone thirtyfour twentyseven twenty thirteen twelve eleven ten nine eight one zero
47
zero two three four five
six six
ten ten
twelve twelve
fourteen fourteen
fifteen fifteen
twenty twenty
twentytwo twentytwo
twentyfour twentyfour
twentyfive twentyfive
twentynine twentynine
thirty thirty
thirtythree thirtythree
thirtyfour thirtyfour
thirtyfive thirtyfive
thirtysix thirtysix
thirtyseven thirtyseven
thirtynine thirtynine
fortyfour fortyfour
fortyfive fortyfive
fortyseven fortyseven
fortyeight fortyeight
fifty fifty
fiftyone fiftyone
fiftythree fiftythree
fiftyfive fiftyfive
fiftyseven fiftyseven
sixty sixty
sixtyone sixtyone
sixtytwo sixtytwo
sixtyfive sixtyfive
sixtysix sixtysix
sixtyseven sixtyseven
sixtyeight sixtyeight
seventy seventy
seventyone seventyone
seventyfive seventyfive
seventyseven seventyseven
seventyeight seventyeight
seventynine seventynine
eightyone eightyone
eightytwo eightytwo
eightyfour eightyfour
eightyseven eightyseven
eightyeight eightyeight
eightynine eightynine
ninetyfive ninetyfive
