0 109 110 114 135 86 106 109 160 20 79 167 36 12 79 20 53 70 59 89 83 125 148 171 68 72 22 163 69 41 69 187 180 23 153 50 93 26 37 68 180 149 45 176 62 34 176 152 66 134 75 11 113 11 85 144 94 133 172 78 6 78 192 142 104 31 5 173 13 178 5 179 48 179 5 173 5 31 4 104 112 194 169 94 143 117 84 28 90 98 120 183 44 87 151 120 177 33 177 190 115 59 89 158 32 99 42 99 47 107 44 183 189 47 170 73 64 130 116 67 105 73 122 95 105 27 105 95 3 127 141 129 131 141 57 40 91 1 91 40 57 165 154 145 131 54 159 80 193 55 58 71 52 156 195 123 21 52 74 21 96 100 140 7 184 39 126 140 101 157 38 131 129 14 147 197 25 38 14 188 146 119 161 119 146 188 77 191 174 141 122 138 121 155 185 27 105 95 3 88 10 8 162 8 35 102 190 115 59 182 92 150 110 109 0
88
80 80
75 29 75
27 27 97
12 12
44 44
119 60
77 77
5 5 2
74 74
21 21
35 35
100 24
37 37
93 93
67 67
41 41 30
83 83
79 79
6 51 6
153 19 65
50 50
4 4
94 94
33 33 17
84 84
96 96 16
98 98
69 69
117 76
13 13
78 78
92 92
45 45
39 39 18
95 95
25 25
47 47
173 63
113 82
73 73
70 70
91 91
22 22
66 66
36 36
26 26
114 15
64 64
20 20
31 31
48 46 48
55 55
53 53
58 81 58
57 57
88 88
162 49
72 72
54 54
89 89
0 0
42 42
59 59
8 8
23 23
38 38
11 11
34 34
85 85
32 32
62 62
10 10
71 71
52 52
14 14
144 43
86 86
1 61 1
90 90
99 99
194 9
7 7
28 28
40 40
68 68
87 87
161 56
3 3
