0 52 96 71 76 81 74 91 82 19 82 97 13 69 25 56 34 25 69 13 98 70 67 97 65 63 45 40 85 40 97 19 31 81 76 79 28 47 2 78 20 78 30 37 42 29 26 12 53 57 99 12 29 16 17 72 16 92 87 22 87 24 55 48 18 36 24 12 53 62 24 93 94 64 61 39 64 94 93 94 51 2 78 8 43 8 78 96 88 23 6 88 52 75 73 52 58 38 58 14 58 52 0
40
43 43 10
70 11
2 2
25 25
19 35 19
20 20 41 4
38 9 46 38
34 34
14 33 14
93 32
36 36
22 21 22
30 30
8 8
45 45 49
17 7 17
13 13
12 12
37 37
85 44
40 40
42 42
47 47
31 31
69 3
97 1
26 26
52 27
23 23
6 6
29 29
78 5
56 15
24 24
28 28
48 48
39 39
0 0
18 18
16 16
