pump genetic glory slump talkative deprivation compromise polish statement valley rock tournament presence statement dark float skin quaint reject judicial fool reject skin operational novel election row novel genetic bear opposite discreet jelly pursuit novel anger pipe operational line sensitivity exercise separate sticky button racism ensure speech lump symbol separate distributor exercise freedom separate sentiment packet ground AIDS abortion tease affect soap packet resort sentiment ton sweet formulate impound differ preparation grudge lead mud resort exercise strong compromise distributor impound nap criminal moment nap go moment anniversary extend go flight linger sequence flight sit deprivation clock posture salesperson brain attractive admiration share salesperson plane clock prevent fitness set anniversary injury category fitness splurge plug parallel forest around parallel ghost final wage diagram precede extension appearance peasant advance hit leg tune hit connection projection hiccup cooperative Bible hierarchy innovation protect Bible feign bacon consideration achievement spell allow brain ideal mouse allow tip feign hallway vehicle consensus unanimous opposition hallway implication seller peanut pastel minor office pepper pedestrian flourish prospect pedestrian pepper minor coma few duck slam overlook incapable sex slam Mars literature dialect reflection satellite Mars thrust grimace Mars few inspector shed gloom depressed range privilege depressed shed performance title girl performance wife opposition pray terminal twitch incongruous terminal arise wing opposition descent ensure agenda physical spell cemetery agenda park wording gun ensure lemon aspect gun descent extension diagram ghost splurge voice sacrifice wear sketch lot irony sacrifice increase likely engineer control increase guideline button voice inquiry preoccupation need pump
77
row row
guideline guideline
impound impound
feign feign
mouse mouse
park park
minor minor
admiration admiration
diagram diagram
descent descent
button button
prospect prospect
affect affect
need need
overlook overlook
pump pump
privilege privilege
aspect aspect
go survival
parallel parallel
sacrifice sacrifice
mud mud
sit sit
packet packet
category category
ensure ensure
distributor distributor
line line
literature literature
gloom gloom
rock rock
appearance appearance
float float
tip tip
ghost ghost
pedestrian pedestrian nominate
plug plug
consideration consideration
range range
sex leadership
preoccupation preoccupation
wage wage
lemon lemon
sweet sweet
reflection reflection
unanimous unanimous
wear wear
sticky sticky
lot lot
anger anger
innovation innovation
ground ground
physical physical
pursuit pursuit
exercise exercise
pipe pipe
sentiment sentiment
hierarchy hierarchy
valley valley
judicial judicial
linger linger
depressed depressed
hallway hallway
attractive attractive
separate separate
engineer engineer
polish polish
title title
reject reject
pray pray
freedom freedom
genetic genetic
brain brain
forest forest
performance performance
protect fairy
formulate formulate
