188645 0FB66D FA567E EDC0CA FA567E 2EA2EE 2F1AB5 2EA2EE FA567E B833F0 657F93 24CE25 0D7DE7 657F93 B7B073 A7E9D9 DBDC9A A5CCB5 35FF16 E0E349 0801CC 9B0EC2 B3243F 7A7E10 1276AF B3243F 628AB2 D04F40 D9447D 825884 D9447D 4B39CA D9447D 61EDA9 E09D29 B0C7A5 35F60D 2C101C 35F60D 61EDA9 3ADA02 61EDA9 35F60D B86446 35F60D 31D332 DD2694 AD298D AE6906 784F83 7BF2B5 D443EB 7BF2B5 09A4FD ACB11D DF9F85 70146D 29B2A4 70146D 410DA1 298FDD 31D332 410DA1 70146D DF9F85 410DA1 298FDD 500783 35FF16 500783 103C70 EC05F7 D27DC1 6D778A 36D08C 567883 C98FE7 17A825 567883 143B88 44716B D27DC1 DDF3EB 7E5598 0FBCDC 7E5598 3B1041 3AA8C5 C0766C 7E5598 C0766C CEAE00 0FB66D 188645
41
35F60D AA8E14
A7E9D9 A7E9D9
7BF2B5 37F745
44716B 44716B
3ADA02 D5356A 3ADA02
0FBCDC 0A5C0E 0FBCDC
C98FE7 C98FE7
188645 188645
C0766C 07D80A
DBDC9A DBDC9A 994F93 94D700
DD2694 DD2694
628AB2 628AB2
2F1AB5 9B9BDD
D443EB D443EB D7CAF9
EC05F7 539A92 FD1783
2C101C CB09C0 2C101C
EDC0CA EF4D57
35FF16 800641
29B2A4 724A76 29B2A4
2EA2EE 84EBFF
825884 48C2D5
D04F40 D04F40
0D7DE7 E954F7 467AB7
6D778A 6D778A
70146D 7E18E9
7E5598 AFF8D1
3B1041 3B1041
09A4FD 8D0852
784F83 784F83
9B0EC2 9B0EC2
1276AF 1276AF
A5CCB5 A5CCB5
B86446 4FBDE1
B7B073 B7B073
E09D29 E09D29
ACB11D D01E6B
500783 500783
B833F0 B833F0
4B39CA 19FFAB
298FDD FF8D45
0FB66D 0FB66D
