F1E81B DD07FF 0A147B 6F492E B23A80 1977E0 E2CE9F E33276 EB719D D4A75D 1111F7 6B340B EB719D 8BFCAC BF6302 B23276 2BF7B5 CC6D2A 82A1F6 E0BEFC EC4D08 B7F75A 6CAF46 6B644E 6CAF46 685D1A AEFF96 DCE144 205E5C 04439C 099830 82A1F6 98C2CE 17BB75 F3EDB3 D1AE72 17BB75 E0BEFC 82A1F6 91A0DC 5A3862 3B4B53 D1967A 3B4B53 AD0427 94941B 5D0E2E 0CBC31 5D0E2E D2BE39 783751 ABD8FE 783751 846159 D6CC7A 846159 5BB557 1EC224 CB3924 BA32D6 55BAD2 4099A6 1EC224 846159 BA3320 90451D BA3320 13A782 A014A0 D8AAF4 8F17C0 D8AAF4 A014A0 06C557 A014A0 C63C0A EDF90E B75549 06C557 A014A0 A94B37 13A782 E80628 14B430 94A561 77A0B5 490F1E D2BE39 5D0E2E 0CBC31 5D0E2E 5EFED0 2595F1 5EFED0 112AE7 BB4908 112AE7 94A561 EAD0E3 112AE7 5D0E2E 580DB7 AD0427 205E5C BB40E6 AD0427 94941B 4A5708 086D53 9A8DF4 6B4619 CC9C14 6B4619 C3EF62 10520F 086D53 9A8DF4 191510 9A8DF4 086D53 10520F 48EA33 E63884 B27903 AEFF96 B27903 7BE8A9 C9AF85 9096DB 36590B 53C6C8 CF668A 53C6C8 36590B 9096DB C9AF85 7BE8A9 48EA33 099830 CC6D2A 5A3862 103724 B23276 612FAA 124C90 D4A75D 1111F7 A7D03E E33276 29D5D7 8015E0 1977E0 B23A80 E2CE9F 8C971D 8EBF8A 1D21D3 6825D4 3EDE7E EB8E2E A9F1B8 EB8E2E 1B337D C45E71 6B622D C45E71 1B337D 2CA4AD EB8E2E A9F1B8 24743A 5C7062 251939 24743A A9F1B8 6825D4 9D4968 F8EE67 BDE94D 79BC3D EE2A22 462226 79BC3D B69F55 79BC3D FB0EF2 0C73D8 86493E 4B3F8A 2924CB 1F842B 7E78F3 0C73D8 E81014 4B3F8A 7D997B 85D6DB 7D997B 85D6DB 230A7C 3C5D7A 2924CB BDE94D DE6899 2334E8 573788 FFFD4B 17779E 0A147B CD2CA7 DD07FF CDC6D4 40D10E 2CF818 CDC6D4 770D1A 5FD658 6C010A DD07FF 002274 DD07FF F1E81B
77
CF668A 614224
1B337D 7E1C6C
490F1E 490F1E
17779E 17779E
91A0DC 2FEDFB
6B622D 6B622D 5F4E43
8015E0 8015E0
1EC224 C4303B 293D59
6825D4 AE4A01 239994
230A7C 230A7C
C45E71 4A28BA
191510 305D33
0CBC31 E3C2C9 8F495E 0CBC31
EB719D 4CAD30
2595F1 8B6C2F 8B519F
D1967A D1967A 851F90
D4A75D D4A75D
086D53 61199E F33196
124C90 124C90
3B4B53 3B4B53
DE6899 DE6899
AEFF96 AEFF96 36C862
8BFCAC 8BFCAC
1F842B 1F842B
002274 C3B3E7 0F5860 D337F2
770D1A 770D1A
BB4908 E5E6C0 BB4908 C18C9B
E81014 E81014
462226 396D53
C3EF62 C3EF62
8F17C0 8F17C0 151BC9
90451D CEAC59 90451D
7E78F3 7E78F3
B69F55 2CCB19 B69F55
14B430 14B430
29D5D7 29D5D7
846159 6D51F4
4099A6 4099A6
6B340B 6B340B
B7F75A B7F75A
86493E 86493E
F1E81B F1E81B
CDC6D4 8417C8
CC9C14 A1F104 CC9C14
8EBF8A 8EBF8A
5C7062 5C7062
85D6DB 63361A 85D6DB
7D997B E51A66
ABD8FE 20EAE7 ABD8FE
53C6C8 7829D7
EB8E2E 14994D 596CF6
2BF7B5 2BF7B5
6B644E 813B05
36590B 66048A 36590B
A9F1B8 52C88C
E0BEFC 28F6D1
BB40E6 BB40E6
17BB75 47FACD
573788 573788
DCE144 DCE144
D6CC7A B47658 D6CC7A
685D1A 685D1A
06C557 93EBE3
5BB557 5BB557
EE2A22 4B97F1 59843B
C9AF85 C9AF85
FFFD4B FFFD4B
783751 783751
1111F7 6966D7
DD07FF 1E1095
7BE8A9 FFEEBD
9096DB 9096DB
E80628 E80628
77A0B5 77A0B5
4A5708 4A5708
94A561 94A561
5D0E2E 6E313C
