engine opportunity idea engine birth drawer engine step economy engine teaching argument engine tax song engine menu stranger source data stranger cabinet tooth stranger database meal stranger aspect reading stranger resolution mind stranger fishing area stranger exam wealth stranger camera flight stranger moment issue size stranger significance effort stranger error stranger extent measurement blood extent ability disaster extent conclusion gift extent satisfaction finding extent standard statement poetry statement passenger feature temperature statement extent girl information network exercise combination network tennis situation network age reputation volume tension reputation age network stranger extent feedback difference transportation equipment performance answer equipment engine
38
engine engine card business process speech engineering teacher chapter figure sport time bus worker singer departure buyer editor space
age age interaction emphasis member material accident beginning dirt ear variation understanding class
temperature temperature delivery dealer view
error error secretary eye
reputation reputation
extent police light tool leadership failure promotion problem beer two piano country town analyst war sympathy
significance significance
flight flight
menu menu
situation situation
girl girl
stranger politics office energy model side drawing money section difficulty
song song
network preparation series funeral director ratio education
equipment grandmother clothes
area area
mind mind
standard standard
moment moment
meal meal
tax tax
tension tension
drawer drawer
tooth tooth
feature choice
satisfaction satisfaction
aspect aspect
data data
poetry machine fact
measurement measurement
volume volume
idea idea
answer answer
birth birth
source source
performance performance
step step
teaching teaching
