maintenance wood driver maintenance presence fact maintenance church sign church competition improvement feature farmer hope scene farmer style nothing farmer action tool farmer complaint war farmer church volume bread rate chest career maintenance difficulty philosophy year future context price future standard reputation world inspection product description photo selection description income software average result software day decision software period obligation cause software income description reputation future chocolate rock sport chocolate future class beer patience class meaning speaker class population inspection class future maintenance
35
maintenance maintenance version depression movie salad wife resolution object example
future future sister
description description woman
sign sign role contract
career career
church church property
obligation obligation marketing
volume volume
reputation reputation
chest chest
cause cause
income income
philosophy philosophy
difficulty difficulty
war war
inspection inspection
bread bread
selection selection
feature feature
day day
price price
action action
photo photo
farmer account
beer beer
context context
complaint complaint
competition competition
driver driver
class economy focus
rate rate
average average
style style
population population
rock rock
