Bowles Calvin Bowles Mulford Latimer MLK Hearst Jacob TopDog Starbucks Chipotle Starbucks TopDog Fenwick TopDog Jacob Cory Stanley Moses SigmaOmicronPi Marugame Memorial Minor Bechtel Cory Bechtel Minor Memorial Maxwell Memorial Minor Bechtel Baker Strada Baker Bechtel Cory Stanley Campbell MemorialStadium Hargrove Tan Warren Tan Hargrove MemorialStadium Campbell Stanley LeConte Campanile Wurster McCone Spats Stonefire PiLambda Stonefire Spats McCone Wurster Campanile Lewis Wellman Moses RareTea Moses Stanley LeConte Campanile Bongo Artichokes Bongo Campanile LeConte Campanile Bongo Campanile LeConte VLSB Chez VLSB LeConte VLSB Boalt Kresge Boalt VLSB LeConte Stanley Moses Greek Unit2 Wolf Unit2 Milano Unit2 Greek Moses Stanley Cory Jacob Evan Moffitt Evan Blackwell McLaughlin Blackwell Evan Jacob Foothill Davis Hildebrand Davis Foothill Dwinelle HearstAnnex Dwinelle Haas Crossroads Lawrence UCTheatre Lawrence Crossroads Haas Dwinelle HearstAnnex Dwinelle Foothill Haviland Morgan Haviland Foothill Jacob Evan SigmaPhiOmega Evan Jacob Hertz CVStarr Unit3 CKerr Unit3 CVStarr Hertz Jacob Hearst MLK Latimer South Pimentel Stacks Pimentel South Latimer Edwards Latimer Mulford Bowles Calvin Bowles
50
Evan Evan
Foothill Foothill Unit1
Campbell Campbell Doe Koshland
Bechtel Birge Wilde
Campanile Campanile
Moses Moses
VLSB VLSB
Wellman Wellman Sutardja
Mulford Mulford Crescent
HearstAnnex HearstAnnex Lothlorien
LeConte RSF ALS
Haas Haas Pavilion
Boalt Boalt
Wurster Wurster Zellerbach
Blackwell Blackwell
Greek Greek
Maxwell Maxwell Barrows
Calvin Calvin Etcheverry Graduate
Kresge Kresge PeoplesPark Castro
Hildebrand Hildebrand YogurtPark
Morgan Morgan Martinez
Baker Baker Simons Daiso
Unit2 Unit2
Unit3 Unit3
CKerr CKerr WayWest Ridge
Stacks Stacks Sherman
Bowles LaVals
Bongo Bongo ShengKee
Memorial TacoBell AlphaSigmaPhi
Strada Strada RoseGarden
Edwards Edwards Easterly
Crossroads Crossroads
Davis Browns
Warren Safeway
RareTea Gypsys
MLK Rochdale
Moffitt Cloyne
Wolf Wolf StrawberryCreek
Spats Spats
Chipotle Chipotle MFoundry
Milano IndianRock
Chez NorthGate
Cory Extension
UCTheatre UCTheatre NCEM
Artichokes Cheeseboard
McLaughlin GenPlantBio
Fenwick Barker
SigmaPhiOmega BearFoodCourt
TopDog GammaPhiBeta
PiLambda PiLambda PiAlphaPhi
