aa bo ds by cw al cm cy dk de bv cj cy aq cf dj bj cf dm dt du dd do bs ct cr co ct aj br bi bh aj dc bs ak dg ce cq ak ac cq df bk ah dl ao bb cb au bb dp ay af bk ao bw bg aw bq bn dh ag di aw cn ag bn ae cz dq cu cd bp ax dq ch dv db bd ap dd cl dt am dd ck ab ba bx ad ci bl cx at av dn bc ca bz bc cc bt cs bu ai cs cp bm bc av bl an cg da az an aq bj cv al by bo dr bf be bo ar as aa
50
aa aa
ab ab
ac ac
ae ae
af af
ag ag
aj aj
ak ak
am am
ao ao
ap ap
at at
au au
ax ax
ay ay
az az
bb bb
bc bc
bd bd
be be
bf bf
bg bg
bj bj
bk bk
bl bl
bo bo
br br
bs bs
bu bu
bv bv
by by
cb cb
ce ce
cf cf
ch ch
cj cj
cl cl
cm cm
cs cs
ct ct
cy cy
db db
de de
df df
dg dg
dj dj
dk dk
dq dq
dr dr
dv dv
