1 45 5 85 31 5 32 35 87 14 5 6 34 26 6 59 18 6 44 43 74 9 94 11 65 61 11 77 9 93 27 68 49 46 27 9 6 5 7 26 43 21 4 71 69 4 52 7 47 29 15 7 4 91 3 53 48 3 17 79 42 17 8 78 30 8 72 22 8 17 3 25 60 58 25 2 96 89 2 66 50 2 80 23 1 24 98 86 20 1 90 16 1 54 13 99 38 13 12 55 88 28 12 13 1 10 100 83 10 51 40 10 1
35
1 1 63
6 6
10 10
11 11
12 12
13 13
16 16
17 17
20 20
21 21
22 22
23 23
24 24
25 25
27 27
29 29
5 36 75
40 40
42 42
45 45
50 50
54 54
61 61
71 71
72 72
74 74
3 76
77 77
83 83
87 87
89 89
90 90
91 91
93 93
100 100
