31 73 146 132 112 107 132 73 65 87 36 65 128 124 52 46 124 2 156 99 142 48 114 126 72 140 153 50 45 21 37 97 15 88 16 28 9 16 4 28 80 143 155 90 83 148 70 110 19 5 110 71 145 39 71 6 30 10 119 141 17 20 55 13 44 119 131 13 81 115 117 123 106 23 98 113 49 147 93 84 25 41 78 98 129 111 49 23 85 95 27 103 22 68 86 118 160 67 108 139 7 86 22 3 61 91 116 66 14 91 32 134 138 26 102 134 58 6 53 26 76 43 60 5 43 69 92 38 64 35 101 122 42 101 79 77 150 127 40 150 24 35 125 151 59 11 89 189 105 33 29 8 89 1 34 96 154 63 57 8 33 137 75 120 12 75 133 159 100 62 172 167 186 199 179 197 162 179 163 174 178 166 164 184 181 170 183 198 173 177 165 173 164 174 187 195 169 171 191 176 193 180 182 162 194 186 192 190 168 188 185 200 161 167 196 175 51 130 97 88 152 136 135 109 82 149 94 45 153 158 18 126 121 47 104 157 114 54 157 144 56 74 31
100
4 4
6 6
7 7
9 9
12 12
13 13
14 14
20 20
21 21
22 22
27 27
28 28
29 29
30 30
32 32
33 33
34 34
35 35
38 38
42 42
45 45
46 46
47 47
48 48
49 49
52 52
57 57
58 58
60 60
64 64
65 65
66 66
67 67
68 68
69 69
74 74
77 77
78 78
80 80
81 81
82 82
83 83
86 86
88 88
89 89
90 90
93 93
94 94
99 99
103 103
105 105
106 106
107 107
108 108
110 110
112 112
114 114
115 115
117 117
119 119
120 120
121 121
123 123
125 125
127 127
128 128
131 131
134 134
137 137
138 138
140 140
141 141
143 143
146 146
147 147
148 148
149 149
151 151
152 152
156 156
160 160
164 164
167 167
168 168
169 169
170 170
171 171
173 173
175 175
179 179
180 180
184 184
186 186
188 188
191 191
195 195
196 196
197 197
198 198
199 199
