Wkkykkf Ypm Uvcri Wjujoc Chymiq Uvcri Pbdad Rtwel Dus Pbdad Stpm Zdhsfkd Bfjsn Stpm Obt Olcoaxo Stpm Lscminl Fuykk Stpm Hgt Jxdb Stpm Oaqqs Pnsw Jjyekjv Lzmpop Pnsw Voxfzc Zvtdse Pnsw Dlrq Xregj Pnsw Owzya Garjd Pnsw Dytyp Rcguxn Ezni Dytyp Xir Mnf Dytyp Guidwxn Ieie Dytyp Jaqkwg Tbbiot Dytyp Tost Pgvrcnl Dytyp Zyh Bgdp Nwc Zyh Ahyhyp Xibhm Zyh Ifvsh Ykaft Zyh Uee Uvlf Zyh Bydz Tuz Zyh Rzqmyf Rghyfd Zyh Rsyztto Nbl Zyh Bpp Hpuyzs Yphp Dxrptsi Hpuyzs Zyh Fjpugw Hpuyzs Vus Vyvg Hpuyzs Vxt Qlrnmn Dhlvt Vxt Vlk Umaqy Vxt Ibovih Mfgolex Bznayo Ibovih Qzsx Dqwijt Ibovih Bspwtu Bwlpsl Igep Srcul Zdsg Znne Hpym Zdsg Nyc Yjfzkt Zdsg Dkfelp Wzlje Egfodf Dkfelp Bju Mdvxvwv Dkfelp Elqby Wtsrwu Dkfelp Wufe Yrh Whvb Wufe Zfzecf Sicex Wufe Bceipk Aldvdd Wufe Rocrqy Lcvdba Wufe Milr Bxrwja Mizx Apmo Adea Dam Apmo Ebxtxba Gps Apmo Vxks Bufcejd Apmo Bxrwja Mlngcz Ifydm Bxrwja Zai Vpsfe Bxrwja Nts Qbflfr Bxrwja Wufe Exnrnuq Wmqtyma Zdsg Giukxgh Jnhmcwu Zdsg Xzto Fbwc Zdsg Zxtqwkg Zdkju Zdsg Qyva Gzcxjl Zdsg Nlytaln Nwecls Zdsg Eefhw Vxsl Vehoszy Eefhw Dwx Znbucj Eefhw Igep Hcl Cuqua Igep Pgvu Yniy Igep Znovr Zkrljw Igep Okwakwz Euw Igep Uvngpz Fiv Igep Zezijw Ipwhfqt Tbbjk Zezijw Bjmh Zkxhnb Rzo Rwrgp Zkxhnb Zezijw Lies Zkxhnb Yptn Zeau Zkxhnb Wkgl Srpgef Zkxhnb Mtgo Apylxs Zkxhnb Nttgn Klowqwc Zkxhnb Ibovih Mests Ofuyha Vxt Sag Okuhrur Vxt Cjmdq Lngqcj Vxt Bht Zzenxoh Vxt Uxj Eiotl Vxt Rbjvn Kdq Vxt Rzl Oaqqs Frk Qej Oaqqs Lxur Wtkwuvz Oaqqs Uevgy Whbms Oaqqs Ngr Msdv Pbdad Dcra Zjprkeo Pbdad Yojkkk Fggo Pbdad Vlu Nqwr Pbdad Skz Lhwmy Pbdad Cdq Uoxsv Pbdad Echf Uvcri Jtsjpp Led Uvcri Zyyhram Tvudg Uvcri Wkkykkf
39
Zdsg Zdsg
Vxt Vxt
Igep Igep
Dytyp Dytyp
Nwecls Nwecls
Fiv Fiv
Uvcri Uvcri
Dkfelp Dkfelp
Pbdad Pbdad
Gzcxjl Gzcxjl
Ibovih Ibovih
Uoxsv Uoxsv
Stpm Stpm
Euw Euw
Bxrwja Bxrwja
Jxdb Jxdb
Lhwmy Lhwmy
Oaqqs Oaqqs
Nqwr Nqwr
Zkrljw Zkrljw
Zyh Zyh
Zdkju Zdkju
Wkkykkf Nhn
Qbflfr Qbflfr
Kdq Kdq
Klowqwc Klowqwc
Bwlpsl Bwlpsl
Pgvrcnl Pgvrcnl
Wufe Wufe
Whbms Whbms
Fuykk Fuykk
Tbbiot Tbbiot
Fggo Fggo
Wtkwuvz Wtkwuvz
Vpsfe Vpsfe
Olcoaxo Olcoaxo
Apylxs Apylxs
Wtsrwu Wtsrwu
Eiotl Eiotl
