A0 Y1 Q1 R2 I0 H3 D2 B1 S1 G1 K3 P3 Q0 D1 D0 G1 Z1 I0 B1 U1 L0 E1 E3 J3 B3 E3 I3 H1 M3 O0 K0 R1 N2 W1 L1 P1 R1 A1 F3 M0 O2 H0 M0 A1 N2 J2 Y0 S2 G0 B0 L3 U3 I1 V1 J1 T3 W2 I1 U2 U0 O3 W0 G3 S3 W0 Z0 Y2 R3 J0 T1 F2 X2 J0 U2 Y0 H2 G2 I2 Z2 G2 L2 V0 I3 V2 E2 C2 M2 A2 C1 M2 T0 E2 V3 N0 P0 T2 S0 O1 E0 T2 R0 Y0 V2 C3 M1 A3 F1 X0 V2 J3 N1 D3 Q3 F0 P2 C0 F0 N3 D3 K1 X1 K2 Q2 X1 B2 K1 Q1 A0
50
A0 A0
B0 B0
C0 C0
E0 E0
F0 F0
H0 H0
I0 I0
K0 K0
L0 L0
M0 M0
N0 N0
O0 O0
P0 P0
S0 S0
U0 U0
V0 V0
Z0 Z0
A1 A1
B1 B1
C1 C1
D1 D1
F1 F1
H1 H1
K1 K1
L1 L1
M1 M1
O1 O1
T1 T1
U1 U1
V1 V1
X1 X1
Z1 Z1
B2 B2
C2 C2
N2 N2
P2 P2
Q2 Q2
R2 R2
U2 U2
V2 V2
W2 W2
X2 X2
C3 C3
D3 D3
F3 F3
L3 L3
N3 N3
P3 P3
S3 S3
T3 T3
