142 121 137 48 137 66 106 66 44 88 121 137 66 110 43 111 90 143 77 160 108 148 46 4 174 3 91 181 153 139 154 191 154 1 100 163 8 163 100 1 154 139 153 139 153 181 18 103 6 128 68 192 68 152 68 128 122 64 122 128 6 17 171 63 149 26 0 26 149 63 171 135 171 140 180 125 194 37 172 52 134 52 178 195 178 52 134 14 9 28 103 18 181 153 139 145 72 27 147 27 72 145 139 153 181 91 3 174 3 51 166 162 155 58 130 175 34 100 1 154 94 16 193 60 78 186 78 60 193 16 177 126 140 126 164 59 21 59 164 126 140 171 63 131 35 182 176 40 116 179 116 98 12 197 38 118 93 151 144 17 171 63 149 22 185 5 115 39 132 187 85 103 28 9 136 47 136 9 33 9 92 9 28 103 85 103 18 181 153 181 151 93 83 188 137 121 142
50
140 129 140
3 3
4 4
33 133 33
47 7
137 137
179 141
14 14
144 144
145 145
16 16
21 21 157
192 150
22 22
153 23
151 151 167
139 30
195 158 195
8 31
191 159
34 34
35 35
38 38
39 39
152 41
44 44
174 174
46 46
48 48 76
177 177
178 178
181 181
0 183
186 55 186
58 58
60 60 124
63 63
64 64 69
197 197
92 70
77 77
85 89
90 90
91 91
93 93
135 97
106 106 127
108 108
115 115
121 121
