89 65 18 69 70 97 16 95 40 27 23 74 48 17 23 74 44 77 69 54 82 92 7 24 92 7 92 82 65 18 20 50 8 40 98 1 94 80 50 61 83 8 57 68 14 94 39 50 20 35 19 42 55 66 57 66 41 12 58 38 75 86 26 32 38 52 45 49 41 66 57 8 43 66 41 49 72 8 40 4 9 73 96 51 79 33 95 40 8 57 29 57 8 40 95 53 10 95 40 8 6 37 0 2 0 37 78 63 55 42 43 99 54 82 65 89
39
1 1
2 2 28 34
79 3
4 4
24 5 11 13 24 25
6 6
7 7 15
8 8
9 9
10 10
12 12
14 14
16 16
17 17
18 18
19 19
20 20
44 21 44
68 22
23 23
26 26
27 27
29 29 46
32 30 32
42 31 42
33 33
35 35
74 36
37 37
38 38
39 39
40 40
41 41
43 43
45 45
57 47
48 48
49 49
50 50
