Potrero Meyers Brookdale Calaveras Clayton Banning Sherman Balsdon Fiorini Sherman Santa Kern Laguna Home Delta Fremont Chinese Kentfield Huron Ames Campbell Old Carmel Richvale Kentfield Chinese Oceanside Merced Aguanga Smoke 18th Ramona Boulevard Colonnade Boulevard Ramona Yurok Linden Oildale 18th Balsdon Foothills Vista Moores Calaveras Elmira Garden Rossmoor Granite Warner Presidio Welden Calaveras Meyers Greenwood Potrero
24
Balsdon Balsdon
Calaveras Calaveras
Meyers Meyers
Colonnade Woffard All
Banning Banning
Laguna Laguna
Clayton Clayton
Ames Ames
Warner Warner
Carmel Carmel
Fiorini Fiorini
Oceanside Oceanside
Huron Ida
Potrero Potrero
Santa Santa
Richvale Richvale
Kentfield Hume
Smoke Smoke
Linden Linden
Fremont Fremont
Boulevard Boulevard
18th 18th
Chinese Chinese
Merced Merced
