Encanto Willow Woodbridge Welden All Rossmoor Vernon Garden Willow Chinese Sacramento Dayton Pumpkin Campbell Carmel Moores Sacramento Ida Fremont Granite Carnelian McAuley Colonnade Granite Fremont Ida Kentfield Balsdon Mission Mount Aguanga Beach Costa Smoke Mount Jane Mount Shafter Green Armstrong Oceanside 18th Brookdale Fiorini Huron Roseland Delta Merced Bangor Riverside Foothills Home Riverside Chittenden Alpaugh Merced Fiorini Warner Potrero Yurok Cabbage Warner Aguanga Armstrong Oceanside Old City Clayton San Presidio Clayton Cherokee Oildale Yubadocs Homestead South Coachella Boulevard Jane Los Calaveras Kern Beach Sherman Castle Pumpkin Marina Lost Forest Old Crafton Elmira Cypress Forest Marina Banning Clark Balsdon Quail Laguna Long Ramona Veterans Meyers Moccasin Balsdon Clark Ramona Beach Iowa Richvale Greenwood New Veterans Kern Coachella Portola Bangor Santa Helm Robertsville Vista Ames Jane Linden Helm Manzanita Homestead Yubadocs Oildale City Cherokee Bonita All Chinese Old Encanto
48
Jane Woffard Jane
Banning Banning
Laguna Laguna
Clayton Clayton
Ames Ames
Warner Warner
Kentfield Kentfield
Ramona Ramona
Santa Santa
Richvale Richvale
Kern Kern
Smoke Smoke
Garden Garden
Vista Vista
Delta Delta
Elmira Elmira
Presidio Presidio
Welden Welden
Sherman Sherman
All All
Chinese Chinese
Yurok Yurok
Foothills Foothills
Granite Granite
Quail Quail
City City
Los Los
Pumpkin Pumpkin
Riverside Riverside
McAuley McAuley Glencoe
Mount Mount
Armstrong Two
Homestead Homestead
Alpaugh Alpaugh
Woodbridge Woodbridge
Cypress Cypress
Cherokee Cherokee
Costa Costa
Encanto Encanto
Moccasin Moccasin
Vernon Vernon
Green Green
Shafter Shafter
Beach Beach
Forest Forest
Willow Willow
Cabbage Cabbage
Bonita Bonita
