Vernon Anaheim New Pacheco Willow South San City South Wallace Stanislaus Delta Durham Balboa Stanislaus Willow Wallace Alameda Donner Washington Richvale Bodad Costa Yucca Dutch Fremont Le Huron Cerro Temecula Delano Coulterville El Sulpizio La Rough Le Lebec Bodad Madera Richvale Bodad Mount Artesia Flying Castle Bakersfield Creston Pumpkin Hub Moores Creston Boulevard Lincoln Cherokee Carmel Vallecito Flinn Mecca Kentfield Flinn Collins Mecca Stone Forbestown Bandini Stone Mecca Butte Stone East Palomar Patrick Fiorini Aguanga Ellis Roseland Dulzura Midtown Hammer Bonita Capuchino Brundage Bell Bradley Princeton Palomar Winterhaven Brundage Bell Calexico Magic Escondido Smartsville Ophir Smith Magic Downtown Commonwealth California Skydive Beach California Skydive Roseland Dulzura Jane Patrick Ida Boulder Louis Cypress Glennville Ida East Chicken Susan Quail Terra Lebec Le Rough New Kaiser Rowland Civic Portola Rowland Veterans Clipper Ritter Commonwealth Foothills Yubadocs Warner Parchester Stanton Industry Warner Clipper Kaiser Hoffman Potrero Cabbage Northern Kaiser Antelope Timbuctoo Oildale Sherman Lost Northern Hoffman Clayton Tuxedo Fountain Cressey Livingston Buena Smoke Lake Ellis Coddingtown Escalon Yale Smoke Escondido Yurok Sequoia Sonoma Fullerton Manzanita Fountain Clayton Del Blue Three Sunny Strawberry Hume Blue Bonny Dayton Del Helm Tijuana Manker King Carmel Helm Sheep Meyers Industrial Garden Church Garden Jamul Presidio Cahuilla Ophir Anaheim Jamul Welwood Aptos Inaja Welwood Chowchilla Bristol Susan Yankee Singing Robertsville Stockdale All Bodfish Carnelian Stockdale Inaja Pleasant Cambridge Davis Olivehurst Santa Davenport Olivehurst Davis Vernon Hume Coachella Cudahy Newark Marshall Ames Fox Chittenden Armstrong Chinese Ames Jacumba Armstrong Louis Visalia Newark Saint Bangor Colonnade Glencoe Marina Vallecito Sacramento Visalia Davis Aptos Vernon
98
California California
Portola Portola
Cerro Cerro
Sunny Sunny
Forbestown Forbestown
Sherman Sherman
Terra Terra
Industry Industry
Balboa Balboa
Rough Rough
Capuchino Capuchino
Strawberry Strawberry
Veterans Veterans
Yankee Yankee
All All
Skydive Garcia
Wallace Wallace
Richvale Richvale
Sacramento Sacramento
Kaiser Kaiser
Donner Donner
Chittenden Chittenden
Yurok Alamo Yurok
Brundage Brundage
Hammer Hammer
Timbuctoo Timbuctoo
Bodad Bodad
Fullerton Fullerton
Stockdale Stockdale
Cypress Cypress
Dulzura Dulzura
Del Del
Clayton Clayton
Saint Saint
Armstrong Armstrong
Louis Crestmont Louis
Ritter Ritter
South South
Anaheim Anaheim
Hoffman Hoffman
Temecula Temecula
Delta Delta
Rowland Rowland
Mecca Mecca
Fox Fox
Roseland Roseland
Helm Helm
Industrial Industrial
Beach Beach
Lake Lake
Cambridge Cambridge
Blue Blue
Bonny Bonny
Bradley Bradley
Glencoe Glencoe
Smith Smith
Winterhaven Winterhaven
Buena Buena
Fiorini Fiorini
Bangor Bangor
Manker Manker
Pleasant Pleasant
Presidio Presidio
Tijuana Tijuana
Bell Bell
Quail Quail
Boulevard Grasslands
Flinn Flinn
Cudahy Cudahy
Moores Moores
Parchester Parchester
Stone Ramona
Davenport Davenport
Downtown Downtown
Church Calaveras
Costa Costa
Marshall Marshall
Coddingtown Coddingtown
Smoke Smoke
Collins Collins
Civic Civic
Le Le
Santa Santa
Cressey Cressey
Escalon Escalon
Robertsville Robertsville
Three Three
Warner Warner
Antelope Antelope
Potrero Potrero
Escondido Escondido
Huron Huron
Carmel Carmel
Tuxedo Woody
Sulpizio Sulpizio
Pacheco Pacheco
Bakersfield Bakersfield
Cabbage Cabbage
