Soda LeConte Foothill HavilandHall Dwinelle HavilandHall Foothill LeConte Etcheverry GiauqueHall AlumniHouse InternationalHouse MemorialStadium LawrenceHall GreekTheatre Doe UniversityVillage Doe Soda LeConte Etcheverry Unit2 DurantHall Blackwell Cory Gilman HilgardHall CaliforniaHall Barrows CanyonPool Moffit DavisHall SouthHall DavisHall Cory Campbell Unit3 Barrows CaliforniaHall HilgardHall Gilman Cory Blackwell BancroftLibrary Unit2 Etcheverry LeConte Wheeler BerkeleyWayWest Campanile Evans Campanile BerkeleyWayWest Soda
22
Evans Evans BAMPFA
Doe Doe
Dwinelle HearstMining Dwinelle
Wheeler Wheeler
Campanile Campanile
LeConte LeConte
Moffit Moffit
SouthHall SouthHall Unit1
Gilman Gilman
CaliforniaHall CaliforniaHall
UniversityVillage Bowles
BancroftLibrary BancroftLibrary
DurantHall DurantHall
DavisHall Stern
Campbell Campbell
GreekTheatre GreekTheatre
BerkeleyWayWest BerkeleyWayWest
LawrenceHall LawrenceHall
InternationalHouse InternationalHouse
Unit2 Unit2
Unit3 Unit3
Foothill Foothill
