Loc76 Loc11 Loc51 Loc25 Loc117 Loc138 Loc175 Loc198 Loc167 Loc46 Loc198 Loc94 Loc26 Loc117 Loc58 Loc154 Loc190 Loc87 Loc40 Loc190 Loc4 Loc154 Loc43 Loc132 Loc59 Loc55 Loc132 Loc44 Loc55 Loc129 Loc110 Loc63 Loc168 Loc20 Loc43 Loc50 Loc110 Loc98 Loc151 Loc14 Loc100 Loc9 Loc199 Loc139 Loc14 Loc180 Loc60 Loc14 Loc165 Loc47 Loc95 Loc145 Loc47 Loc17 Loc112 Loc192 Loc96 Loc112 Loc171 Loc3 Loc121 Loc140 Loc8 Loc17 Loc3 Loc121 Loc89 Loc174 Loc84 Loc196 Loc141 Loc127 Loc141 Loc66 Loc185 Loc181 Loc66 Loc99 Loc196 Loc115 Loc184 Loc97 Loc115 Loc66 Loc123 Loc93 Loc57 Loc41 Loc66 Loc10 Loc24 Loc73 Loc48 Loc155 Loc143 Loc48 Loc64 Loc24 Loc10 Loc0 Loc124 Loc130 Loc10 Loc121 Loc17 Loc28 Loc65 Loc72 Loc128 Loc177 Loc65 Loc163 Loc18 Loc92 Loc32 Loc109 Loc49 Loc166 Loc119 Loc0 Loc144 Loc7 Loc136 Loc39 Loc86 Loc105 Loc0 Loc70 Loc31 Loc78 Loc33 Loc176 Loc52 Loc31 Loc0 Loc107 Loc182 Loc37 Loc148 Loc2 Loc4 Loc29 Loc37 Loc182 Loc45 Loc179 Loc82 Loc166 Loc21 Loc116 Loc68 Loc146 Loc156 Loc170 Loc68 Loc108 Loc189 Loc9 Loc111 Loc186 Loc101 Loc178 Loc113 Loc22 Loc162 Loc101 Loc61 Loc118 Loc53 Loc69 Loc6 Loc160 Loc158 Loc169 Loc90 Loc161 Loc153 Loc36 Loc38 Loc77 Loc15 Loc90 Loc88 Loc158 Loc6 Loc118 Loc19 Loc85 Loc13 Loc150 Loc75 Loc164 Loc188 Loc75 Loc1 Loc193 Loc135 Loc90 Loc54 Loc172 Loc58 Loc183 Loc1 Loc134 Loc16 Loc71 Loc150 Loc147 Loc13 Loc159 Loc114 Loc197 Loc23 Loc56 Loc133 Loc102 Loc106 Loc27 Loc56 Loc114 Loc81 Loc142 Loc120 Loc137 Loc104 Loc120 Loc149 Loc79 Loc5 Loc152 Loc113 Loc5 Loc175 Loc191 Loc42 Loc175 Loc30 Loc42 Loc25 Loc173 Loc187 Loc83 Loc12 Loc11 Loc80 Loc76
95
Loc0 Loc0
Loc1 Loc1
Loc2 Loc2
Loc3 Loc3
Loc4 Loc4
Loc5 Loc5
Loc6 Loc6
Loc7 Loc7
Loc8 Loc8
Loc9 Loc9
Loc10 Loc10
Loc11 Loc11
Loc12 Loc12
Loc13 Loc13
Loc14 Loc14
Loc15 Loc15
Loc16 Loc16
Loc17 Loc17
Loc18 Loc18
Loc19 Loc19
Loc20 Loc20
Loc21 Loc21
Loc22 Loc22
Loc23 Loc23
Loc24 Loc24
Loc25 Loc25
Loc26 Loc26
Loc27 Loc27
Loc28 Loc28
Loc29 Loc29 Loc35
Loc30 Loc30
Loc31 Loc31
Loc32 Loc32
Loc33 Loc33
Loc60 Loc34 Loc60 Loc91
Loc36 Loc36
Loc37 Loc37 Loc62
Loc38 Loc38
Loc39 Loc39
Loc40 Loc40
Loc41 Loc41
Loc42 Loc42
Loc43 Loc43
Loc44 Loc44 Loc67
Loc45 Loc45
Loc46 Loc46
Loc47 Loc47
Loc48 Loc48
Loc49 Loc49
Loc50 Loc50
Loc51 Loc51
Loc52 Loc52
Loc53 Loc53
Loc54 Loc54
Loc55 Loc55
Loc56 Loc56
Loc57 Loc57
Loc58 Loc58
Loc59 Loc59
Loc61 Loc61
Loc63 Loc63
Loc64 Loc64
Loc65 Loc65
Loc66 Loc66
Loc68 Loc68
Loc69 Loc69
Loc70 Loc70
Loc71 Loc71
Loc72 Loc72
Loc73 Loc73
Loc127 Loc74
Loc75 Loc75
Loc76 Loc76
Loc77 Loc77
Loc78 Loc78
Loc79 Loc79
Loc80 Loc80
Loc81 Loc81
Loc82 Loc82
Loc83 Loc83
Loc84 Loc84
Loc85 Loc85
Loc86 Loc86
Loc87 Loc87
Loc88 Loc88
Loc89 Loc89
Loc90 Loc90
Loc92 Loc92
Loc93 Loc93
Loc94 Loc94
Loc95 Loc95
Loc96 Loc96
Loc97 Loc97
Loc98 Loc98
Loc99 Loc99
