Horse0 Poop43 Floppy64 Horse55 Towel28 Floppy64 Breakfast19 Soda57 Settings94 Running77 Ring97 Allergies3 Solar58 Ring97 Cat13 Water52 Laptop36 Allergies4 Laptop79 YouTube56 Ice26 Prints23 Ice30 Prints23 Website29 Shelf25 Whale22 System90 Flowers72 Dislike51 System90 Comics49 Dislike21 Post2 Rollers34 Websites17 Leash89 Websites17 Bird82 Whale22 Crab78 Rollers48 Book41 Male84 Leash68 Bird93 Water66 Toilet20 Towel12 Water66 Kitty92 Monster80 Leash68 Male84 Kitty14 Book41 Crab78 Urine76 Floppy63 Ice10 Towel12 Shoe87 Urine50 Soda95 Leash27 Allergies54 Printer75 Urine50 BBQ86 Trees96 Toilet1 Shoe46 Printer75 Allergies54 Monster71 Monster39 Leash27 Ring6 Settings33 Whale22 Water52 Running77 Breakfast42 Towel16 Settings94 Poop8 Urine73 Dislike60 Body99 Water83 Dislike70 Water83 Body99 Rollers18 Website24 Ice32 Robot9 Mail88 Website24 Floppy40 Ring45 Whale59 Printer53 Shower11 Poop43 Horse0
43
Horse0 Horse0 Breakfast74
Allergies3 Allergies3 Towel35 Flowers98
Allergies4 Allergies4
Shower11 Settings5 Shower11
Robot9 Robot9
Ice10 Ice10
Cat13 Cat13
Kitty14 Kitty14
Dislike21 Shower15 Plus62
Towel16 Towel16
Websites17 Websites17
Breakfast19 Breakfast19
Toilet20 Toilet20
Whale22 Whale22
Prints23 Prints23
Shelf25 Shelf25
Ice30 Ice30
Rollers34 Rollers34
Dislike70 Towel37
Leash89 Ice38 Websites81
Monster39 Monster39
Book41 Book41
Ring45 Ring45
Rollers48 Rollers48
Comics49 Comics49 Post61
Dislike51 Dislike51
Water52 Water52
Printer53 Printer53
Horse55 Horse55
Soda57 Soda57
Solar58 Solar58
Whale59 Whale59
Floppy63 Floppy63
Water66 Water66
Leash68 Leash68
Monster71 Monster71
Running77 Running77
Bird82 Bird82
Male84 Male84
BBQ86 BBQ86
Mail88 Mail88
Bird93 Bird93
Ring97 Ring97
