0 75 61 0 59 55 0 70 50 0 28 1 81 56 1 48 40 1 28 0 53 16 0 85 86 87 88 89 90 91 92 93 94 95 96 97 98 97 96 95 94 93 92 91 90 89 88 87 86 85 5 20 76 5 68 6 80 57 39 6 35 41 5 71 10 63 21 10 20 5 6 0 67 42 19 4 33 32 4 65 24 4 0 13 84 42 82 2 62 7 3 74 38 3 37 25 3 17 6 31 12 3 64 8 52 36 8 45 18 8 3 58 2 47 30 2 34 15 73 27 15 2 9 14 78 9 60 44 9 26 69 14 9 2 0
45
0 0
8 8
9 9
12 12 51
14 14
15 15
16 16
18 18
19 19
20 20
28 28
2 29 43 72
35 35
38 38
39 39
45 45
48 48
3 49
50 50
52 52
53 53
4 54 66
58 58
59 59
62 62
67 67
71 71
76 76
78 78
80 80
82 82
84 84
86 86
87 87
88 88
89 89
90 90
91 91
92 92
93 93
94 94
95 95
96 96
97 97
98 98 99
