kwlpn kfbqn nwfly otwen tqkro nwfly mjuiv pzeml jzbvh nwfly pzeml kfbqn fcqmz kanje yfxka rglwm pqyvz jahcg iltqx hpxog kwlpn usbaw jwlxv fotdz yajhi aoqwl qubze xbqma mycdr gcrle zyjtq angbz gamis uxlnj rnpya khvgq xlyui fotdz efnvq cjqms wopug euykz zekhd cjqms wopug wizsd xbuoj zyjtq gamis xpcfi iulxj kdgwl uxlnj jlmkx caglq izsvm qnbvz dmbln caglq sdjpu hvlcg jwlxv kwlpn
20
fotdz fotdz
pzeml pzeml
izsvm izsvm
yajhi yajhi
jlmkx jlmkx
gcrle gcrle
mjuiv mjuiv
tqkro tqkro
mycdr mycdr
kfbqn kfbqn
jzbvh jzbvh
qubze qubze
gamis gamis
jwlxv jwlxv
euykz euykz
kanje kanje
wopug qixvs
iltqx iltqx
hpxog hpxog
xpcfi xpcfi
