hdpxs wbvga pbqlk whqrj pwydx osxbc cihba dncuw oxitr cihba dncuw iwpol nzirf awhmz uzybk hoxir swpdc oclyb gdovn wcjeg zntkr tndwl rqenc sktfj tndwl sdqie jcqfl zadjy rjdai xzgdq qsmzo betwv mtcsd oaeyh rmahk rjdai qhibx cxajk evtgj ziskg bldws cxajk joztf tivko jcwpu kscoz xlrzc drojn pqzow qhvsb pgdnx kxmbi ynwvu wkbuf bfauz mhekz gufvs kjihy bfauz gufvs mhekz syoxv pgtfb btwzv tuhfw ypdnb fjdqi oxuqn rzvtg ayrgb tjake tdjvy xtzpg tjake mhuad xtzpg hulpb rdoqk wjond syoxf rdoqk stflc mkndy hulpb osvgp oewcd cxdes fjdqi zcjqx yqfdk ehqyk aoqtg bdevm ebwcp djbxa yqzit ebwcp xeylf uklga qckjp wdquv rjuxc tgeks lrqft tfcam xnpwq ktzce uiogl fqjsk sxdiu crlfe hwmzn ekgsc tmwdy nqtru ekgsc yvfsg pytwh gstwp mlibf rlumh nqtru hwmzn kbjmt fqjsk dkjro ohzfn iyuas egclu bwknx comrg axthi wotiq bwknx zgenl zxchm mvxup vgwoi axthi uhxyj uiogl lrqft wdquv yqtob glrpy dbjxw qzasm glrpy qhbyf lgcuf yazqf bigwn ymcfp jhlus xscoe zqjxb uklga ymcfp lnjxt nzack laqzs btwzv armnk tkwle olqfv armnk bkfuc olqfv pgqva yvbse evsbm lpudv gdnim mcwry tmaji lpudv yvbse cxdfu aqoyk maqho qbdwz wajol hgzbc dsean witul lvqun ostkf yxjgq aedvq xcvow yxjgq pihld mujil kzwah ramjo qpbmc wkbuf pfeuc kxmbi dpuzr qhvsb drojn ndszt myxlw vobqh ndszt gvfpj zntkr tudbo swpdc eatck uakjq qtdze utdhx qsmkj vcwfj lirzq bsvth htkwy frhgc lmwpk cgjda fairz sfizh cqsby kspyc jmahd pjzqm ahnds fjkwc jitgc qsmkj uakjq hoxir jrghb awhmz xbcew amfiz dwyai rchbw txcno whqrj pwydx hdpxs
99
oaeyh oaeyh
gufvs gufvs
rlumh rlumh
gdovn gdovn
oewcd oewcd
wkbuf wkbuf
yqtob yqtob
qsmkj qsmkj
cqsby cqsby
mujil mujil
wajol wajol
nqtru nqtru
mhekz mhekz
lmwpk lmwpk
uiogl uiogl
vobqh vobqh
zqjxb zqjxb
mhuad mhuad
qbdwz qbdwz
oxitr oxitr
qckjp qckjp
xlrzc xlrzc
hwmzn hwmzn
pihld pihld
xnpwq xnpwq
bdevm bdevm
wotiq wotiq
ypdnb ypdnb
tjake tjake
stflc stflc
pgqva pgqva
ebwcp ebwcp
yqfdk yqfdk
ymcfp ymcfp
yazqf yazqf
vgwoi vgwoi
bwknx bwknx
xcvow xcvow
amfiz amfiz
dbjxw dbjxw
dkjro dkjro
frhgc frhgc
jcwpu jcwpu
gdnim gdnim
evtgj evtgj
syoxv syoxv
cxdes cxdes
sxdiu sxdiu
mlibf mlibf
wcjeg wcjeg
cihba cihba wnelr
lpudv lpudv
ahnds ahnds
ehqyk ehqyk
jhlus jhlus
qpbmc qpbmc
iyuas iyuas
qhvsb qhvsb
tkwle tkwle
rzvtg rzvtg
yvbse yvbse
drojn drojn
oxuqn oxuqn
rchbw rchbw
uklga uklga
maqho maqho
joztf joztf
vcwfj vcwfj
osvgp osvgp
tmwdy tmwdy
utdhx utdhx
lnjxt lnjxt
wdquv wdquv
gstwp gstwp
aedvq aedvq
bsvth bsvth
ayrgb ayrgb
zcjqx zcjqx
armnk armnk
kzwah kzwah
btwzv btwzv
pytwh pytwh
qhibx qhibx
ktzce ktzce
kscoz kscoz
tndwl tndwl
ohzfn ohzfn
kjihy kjihy
rjuxc rjuxc
htkwy htkwy
rjdai rjdai
osxbc osxbc
fjdqi fjdqi
evsbm evsbm
cxajk cxajk
bkfuc bkfuc
mtcsd mtcsd
syoxf syoxf
zntkr zntkr
