hutmk qtcla ejulp otirh yiodb ejulp nohqc pyjhz cjfpu guxio hkdrv edkrj qtcla sqlhp omjfc uxtfk ugyls yzaje ejrpc lcghr tiyfv zsehb tyuep cursl xnysi fdciu uqimz hincx tiyfv dvkfe ybtpq vmgxh ofjku bquaw ounwr cgrwy axmwy aqzce tejxc jrfin xpyfh krhxf ljosi qdzgs krhxf hopbn uaicq cgrwy ofjku artvi abupm mzlsn spehv ynfag gizud spuoi kbshp kcley vczkh qtmld kcley ugamb iofdr qsarc dvkfe ejrpc lkcpj yzaje htfom rvhjg tqiky fswhz lsnhz mlfbi obwid nhaik mlfbi oscrv lskxo xintv coubd bfcvm lskxo xsbfo obwid nihqv misyc qzsba urlkt nqtby groqz ekogd qdbec snlmb misyc xeljy efjns bcrwj ijvuq efjns ijofp ywion bcrwj akxro bjyil gxdqt akxro kwgic ablxw rlfxc zbawl aflzx lnfiu csirk aeomh ablxw yaxts dowbf omjfc hutmk
40
aqzce aqzce
omjfc omjfc
oscrv oscrv
ywion ywion
yiodb yiodb
cursl cursl
yzaje yzaje
vczkh vczkh
yaxts yaxts
otirh otirh
aeomh aeomh
ijvuq ijvuq
ablxw ablxw
tyuep tyuep
axmwy axmwy
dowbf dowbf
rlfxc rlfxc
zsehb zsehb
xintv xintv
hopbn hopbn
xnysi xnysi
misyc misyc
ijofp ijofp
tejxc tejxc
ugyls ugyls
mzlsn mzlsn
lnfiu lnfiu
qdzgs qdzgs
vmgxh vmgxh
urlkt urlkt
bcrwj bcrwj
mlfbi mlfbi
lcghr lcghr
spuoi spuoi
coubd coubd
lsnhz lsnhz
xeljy xeljy
ugamb ugamb
gxdqt gxdqt
artvi artvi
