stop0 location34 location21 stop0 location19 location11 stop0 location36 location10 stop0 location18 location3 stop0 location31 stop52 stop0 location23 stop49 stop0 location33 stop61 stop0 stop83 stop23 stop0 stop58 stop21 stop0 stop78 stop15 stop0 stop50 stop12 stop0 stop8 stop0 stop59 stop5 stop0 stop2 location5 location4 stop2 location26 stop73 stop2 stop85 stop22 stop2 stop43 stop14 stop2 stop0 stop3 location20 stop71 stop3 stop77 location16 stop1 location7 location0 stop1 location22 stop90 stop1 location8 stop55 stop1 stop4 stop53 stop93 stop1 stop38 stop47 stop1 location17 stop6 stop1 stop0
31
stop1 stop1 stop7 stop56 stop57 stop28 stop86 stop92 stop46
stop2 stop2 stop62 stop80
stop4 stop4
stop5 stop5
stop6 stop6
stop15 stop15
stop0 stop18 stop19 stop30 stop84 stop39 stop91 stop70 stop31 stop79 stop99 stop32
stop21 stop21
stop22 stop22
stop23 stop23
stop58 stop58
stop47 stop47
stop8 stop65
stop61 stop61
stop93 stop93
stop3 stop69
stop78 stop78
stop85 stop85
stop55 stop55
stop71 stop71
stop77 stop77
stop59 stop59
stop53 stop53
stop49 stop49
stop38 stop38
stop52 stop52
stop90 stop90
stop73 stop73
stop50 stop50
stop43 stop43
stop83 stop83
