AndyandZeyu e5 d5 c5 j4 i5 f5 j4 h5 AndyandZeyu5 e5 g5 b5 AndyandZeyu i7 g7 e7 d7 h7 b7 c7 j6 i7 AndyandZeyu f0 e0 d0 AndyandZeyu0 j0 g0 AndyandZeyu0 i0 b0 f0 h0 c0 AndyandZeyu e d f c AndyandZeyu f3 d3 g3 j3 b3 c3 e3 j3 g3 h3 AndyandZeyu e4 b4 AndyandZeyu AndyandZeyu7 AndyandZeyu b4 i4 b4 AndyandZeyu d4 c4 g4 AndyandZeyu g8 f8 j8 j7 f8 c8 d8 b8 c8 h8 f8 AndyandZeyu j2 AndyandZeyu2 h2 f2 e2 i2 c2 d2 AndyandZeyu2 b2 AndyandZeyu h1 b1 c1 e1 f1 AndyandZeyu1 b1 i1 AndyandZeyu g6 AndyandZeyu6 j5 e6 d6 b6 AndyandZeyu6 j5 c6 AndyandZeyu6 AndyandZeyu c j c AndyandZeyu
38
f f
j g i j
AndyandZeyu h g1 j1 g2 f6 i6 f7 i8
f0 f0
g0 g0
h0 h0
i0 i0
j0 j0
f1 f1
h1 h1
i1 i1
f2 f2
h2 h2
i2 i2
j2 j2
f3 f3
g3 g3 i3
h3 h3
j3 j3
i4 f4 h4 i4
g4 g4
j4 j4
f5 f5
g5 g5
h5 h5
i5 i5
j5 j5
g6 g6
AndyandZeyu6 h6
j6 j6
g7 g7
h7 h7
i7 i7
j7 j7
f8 f8
g8 g8
h8 h8
j8 j8
