A TA2112NN TA1112NN A U12 S12 A TA712NN I12 A TA612NN TA222N A TA162N TA152N A TA112N TA82N A M12 TA12N A TA1312NN TA2N A TA412NN R2 A TA142N Q2 A TA22N H2 A TA192N TA241 A TA512NN TA141 A TA151 V1 A TA242N T1 A W1 S1 A A2 Q1 A P1 L1 A TB21 K1 A E2 J1 A TA191 I1 A TA62N D1 A G2 B1 A TA51 A1 A TA41 TA24 A X12 TA22 A TA31 TA20 A TA2012NN TA19 A TA6 TA5 A Y12 TA3 A TA12NN TA1 A TA171 TA A L2 Y A U2 H TA1412NN F X A TA232N S A TA32N R A H1 Q A TA1912NN P A T2 O A G A I V F A Q12 E X2 G1 E A D A12 B2 D R12 E TA112NN B H12 K2 B P12 I2 B TA122N TA231 B TA182N TA211 B W12 TA201 B TA42N TB11 B TA52N X1 B B12 N1 B TA91 F1 B G12 TA17 B F12 TA12 B N12 TA11 B W2 TA7 B Y2 T B W L B C TA1012NN K12 C TA212NN C12 C TA132N P2 C U1 O1 C TA71 M C B A
65
TA TA
TA1 TA1
A TA2 TA4 TA14 TA15 TA16 TA18 TA61 TA81 TA101 TA111 TA161 TA181 TA221 TA92N TA172N TA202N TA312NN TA1212NN TA1512NN TA1612NN TA1712NN TA1812NN TA2212NN TA2412NN
TA3 TA3
TA5 TA5
TA6 TA6
TA7 TA7
B TA8 TA13 TA23 TA121 TA131 TA72N TA212N TA812NN TA912NN TA2312NN
C TA9 TA10 TB1 TA102N
TA11 TA11
TA12 TA12
TA17 TA17
TA19 TA19
TA20 TA20
G TA21
TA22 TA22
TA24 TA24
TB11 TB11
TB21 TB21
TA31 TA31
TA41 TA41
TA51 TA51
TA71 TA71
TA91 TA91
TA141 TA141
TA151 TA151
TA171 TA171
TA191 TA191
TA201 TA201
TA211 TA211
TA231 TA231
TA241 TA241
TA2N TA2N
TA12N TA12N
TA22N TA22N
TA32N TA32N
TA42N TA42N
TA52N TA52N
TA62N TA62N
TA82N TA82N
TA112N TA112N
TA122N TA122N
TA132N TA132N
TA142N TA142N
TA152N TA152N
TA162N TA162N
TA182N TA182N
TA192N TA192N
TA222N TA222N
TA232N TA232N
TA242N TA242N
TA12NN TA12NN
TA112NN TA112NN
TA212NN TA212NN
TA412NN TA412NN
TA512NN TA512NN
TA612NN TA612NN
TA712NN TA712NN
TA1012NN TA1012NN
TA1112NN TA1112NN
TA1312NN TA1312NN
TA1412NN TA1412NN
TA1912NN TA1912NN
TA2012NN TA2012NN
TA2112NN TA2112NN
