IvOdahrtFwzZ zCWezcJmUGqs yVSfaizVeLPT LNoKVqXhLEzn evRMhyiHKGXv qMdmyWbGDdGe yVSfaizVeLPT KtoZVrQmJWki mgKEFEWheOqk yVSfaizVeLPT IvOdahrtFwzZ fblrDraNAUxK qMdmyWbGDdGe oOIjuHJcVRiV AEFrBHnTsTIs FenKhdsiadPr VZiXnxYZQNVo gOaXChSIRMdR rmWPWcGZXZMo FenKhdsiadPr VZiXnxYZQNVo DiKlonktcqTP WVsMYkBGdGiy XwPJYwaGcHxO OaFvNWZuTHit touUfboeiIya nxbMBCPhfQij yFQWQWtUUMle lznMKRYSMheH OIjApACwnyqG kBTyfVdYeRhI yFQWQWtUUMle YIFfrMiRNqqd hPSXtHMMyKAK NxxrxPgsnMqG nKmMbiEuiffc vfHFyZGRGvFq NxxrxPgsnMqG EOKLHvbbCToE vYrcfWFBiWlY JpwDMOwQmqOp PNaoBNxIbrgW GvyjKkGcUdcI XfSacrjXjxeP vfHFyZGRGvFq PiGAjicuPBgs vRfpxkfTkxRJ WnABnktZDxMx WHSGrQQrrotE KxsKsdmykxTa WRiugWLCujBI BdgcPRHAevMd RfMVccrsgetv KxsKsdmykxTa QFfSmYtuSTPl HCSFPVkAlsKL YIFfrMiRNqqd aSpDrTbKBytW geAceFJePWbe TglqUXfjbefC cnCYHfWEzHVB wHeDieHMYzAK ZPYnROAizafx LlIlpKJAPkkQ YyCbFndgmpDL uaSeXTkrhIdS lznMKRYSMheH eTrfywteWUJB ppfBOAvWYXyJ mvdksSctoMVi AoaIXEzdsCrm YyCbFndgmpDL TZmWJenJbEsV sFSBpaJxLpBT ZPYnROAizafx etbjZlqcYdPF PKHkuTHeRXhO ijesYrTHxMcg kzPlYxPdIHVo ypApeqMQPnQA nschEYWjrAsr PWbkkHsInEnz wHeDieHMYzAK iMiJLkYtEKFU oKIKkmsSWzmH wHeDieHMYzAK KxaXxWtllfGF cQFNlImsTWTM HOzyAfsDoQkb jXOmYlZmvqnI KpiCGGuakHIr UGahWpWtmUQn AQgpWBullbIi KpiCGGuakHIr OBeTLVdzIcuJ ubtvaUeVUfmV idefWDKaqcyp jXOmYlZmvqnI FLSRuaDcxhdD LTAwItzHPRQl qFGlIHDqKyPA FLSRuaDcxhdD JNoAmCxHcsYw AuldkFyUpsYo AJnswnydWveO TglqUXfjbefC RPXFDLrswDGU TTwdgXpOLyxF TglqUXfjbefC HVwGkspnDHbf RIFFwQFTnqDn dGbWKexeVDcw buPIQiRvirDG jXfRZxvlYeVi HVwGkspnDHbf AJnswnydWveO KIFXVOTzTwvk ynBAbhbIrUei TKKLChjfijhn FkNlSGMBOUbz qlMzHEurfTvO zcAOlsVDUDkc cQMSBGdRWmjB xIUhUxhCILsJ xPYMCFkusDSL sHrtHYtDRNZd JQPenlkqwStc xPYMCFkusDSL UHctRHiZQkpZ WUHzPIhaINNz uzYTzVwixczQ PwUziuAPbAPX tkrkUtkDqJLy WUHzPIhaINNz idefWDKaqcyp ocysUjOwnenm aXlcDzbXwAJW hLCSOZLNEdhX xXoCKkdkKAne nyTRNDRCsANl cRekprdsHHWw nyTRNDRCsANl lRgeGnDJBtMa tkrkUtkDqJLy TAclfZjkIgUg cxysDYemjhta VwnDoOCMNNaS AhJBAeSEuUkL cwlLlHKYSHkG EUIZeYDuGKec kYuPQHaafCxH cwlLlHKYSHkG qxhFFIUEfnzV YvLRANdegrdA ijfgIidkipEb ctZWqndwhbJm qxhFFIUEfnzV cwlLlHKYSHkG OoWDPDlyJyRc EUIZeYDuGKec SnErwRYEuFXf ygJsJPbdLfFP IcNVObbuvzWY SnErwRYEuFXf zypYDSZfKAvD lIUKVwoOnEyc FoZLfdSCJZDk EKWhDcEeEkGK dXlgwkdKhUmB IQvKLYGCcCbd awuknolWPSuP EKWhDcEeEkGK xIUhUxhCILsJ cQMSBGdRWmjB TKKLChjfijhn gXcuqckdTdIP ynBAbhbIrUei AuldkFyUpsYo iCJxwFELfPya sFSBpaJxLpBT yHOsEGOhjOLt cyrwHgrhPvZj JUgFfUYYdpcT iCJxwFELfPya BujzcwTOtypK PFpQuVVRxbvV gkTmCiZxFrJw EnxwoQoiuLow PFpQuVVRxbvV sTgUExIipvWV hzeJgpwlnaPA cpNycWVdmzHJ mZUBOQTZyXOM vkOqMvrCUWYf tFUGlRwdZPSe etjGizhQhrRW QDhUZstsJKtV DarYoJPRvpJy vkOqMvrCUWYf RGYiIUdVAiVL YGzazHdyrGCd IfTQNEFsiTgr uZQOmtLXDMXl LdhPogfUCfUq RsVDBpPbAfPa jXgKDXnEJsra etjGizhQhrRW nlzJUuBrsbXD dLJIzYxbuChF QxNjgiXciQma ybLCwZqVZKud IviCzjPvcCWR CridpdwZYWlJ ybLCwZqVZKud etjGizhQhrRW MaGBJGHdxMeh QZQElPdcHxru gJMLzBkWmUoV WWtfhwMSzfGW XUPTpPSzeKdd NMSHhfMtAJZb WWtfhwMSzfGW UYTxhnOtiPHB zOkfhFVfOKVi VNEqJngxzCUO EwXugPkGUVkm zOkfhFVfOKVi aSwTAVmQLJow gJMLzBkWmUoV YGzazHdyrGCd pjemGRILnFei RQBxIsRWzmfl YQysVrjIrQBg pjemGRILnFei RGYiIUdVAiVL sTgUExIipvWV SKbQkQUhqQEt FkNlSGMBOUbz WsLfQLsirtHk fiHhqLtPfdZy tARvBeqQDqSY HEwqlaeMfSzl xogpFjQUGEgg mZUBOQTZyXOM cpNycWVdmzHJ wXjNgGRCXYRl LpugZyvqxfmq cpNycWVdmzHJ hzeJgpwlnaPA WUqhotrexTBp IvOdahrtFwzZ
99
ZPYnROAizafx ZPYnROAizafx
fiHhqLtPfdZy fiHhqLtPfdZy
IQvKLYGCcCbd IQvKLYGCcCbd
ctZWqndwhbJm ctZWqndwhbJm
IcNVObbuvzWY IcNVObbuvzWY
pjemGRILnFei pjemGRILnFei
cpNycWVdmzHJ cpNycWVdmzHJ
ypApeqMQPnQA ypApeqMQPnQA
QZQElPdcHxru QZQElPdcHxru
qxhFFIUEfnzV qxhFFIUEfnzV
TZmWJenJbEsV TZmWJenJbEsV
EwXugPkGUVkm EwXugPkGUVkm
nlzJUuBrsbXD nlzJUuBrsbXD
AoaIXEzdsCrm AoaIXEzdsCrm
jXgKDXnEJsra jXgKDXnEJsra
TTwdgXpOLyxF TTwdgXpOLyxF
mZUBOQTZyXOM mZUBOQTZyXOM
vkOqMvrCUWYf vkOqMvrCUWYf
zypYDSZfKAvD zypYDSZfKAvD
mvdksSctoMVi mvdksSctoMVi
OIjApACwnyqG OIjApACwnyqG
mgKEFEWheOqk mgKEFEWheOqk
hLCSOZLNEdhX hLCSOZLNEdhX
EKWhDcEeEkGK EKWhDcEeEkGK
fblrDraNAUxK fblrDraNAUxK
gkTmCiZxFrJw gkTmCiZxFrJw
nxbMBCPhfQij nxbMBCPhfQij
UYTxhnOtiPHB UYTxhnOtiPHB
wXjNgGRCXYRl wXjNgGRCXYRl
HEwqlaeMfSzl HEwqlaeMfSzl
wHeDieHMYzAK wHeDieHMYzAK
QDhUZstsJKtV QDhUZstsJKtV
xXoCKkdkKAne xXoCKkdkKAne
yFQWQWtUUMle yFQWQWtUUMle
DiKlonktcqTP DiKlonktcqTP
qlMzHEurfTvO qlMzHEurfTvO
evRMhyiHKGXv evRMhyiHKGXv
oOIjuHJcVRiV oOIjuHJcVRiV
QFfSmYtuSTPl QFfSmYtuSTPl
cRekprdsHHWw quZcTYtpBjSn cRekprdsHHWw
KtoZVrQmJWki KtoZVrQmJWki
WWtfhwMSzfGW WWtfhwMSzfGW
zOkfhFVfOKVi zOkfhFVfOKVi
lznMKRYSMheH lznMKRYSMheH
aSpDrTbKBytW aSpDrTbKBytW
GvyjKkGcUdcI GvyjKkGcUdcI
lRgeGnDJBtMa lRgeGnDJBtMa
touUfboeiIya touUfboeiIya
ocysUjOwnenm ocysUjOwnenm
SKbQkQUhqQEt SKbQkQUhqQEt
WRiugWLCujBI WRiugWLCujBI
WsLfQLsirtHk WsLfQLsirtHk
AQgpWBullbIi AQgpWBullbIi
NMSHhfMtAJZb NMSHhfMtAJZb
ppfBOAvWYXyJ ppfBOAvWYXyJ
cQFNlImsTWTM cQFNlImsTWTM
HVwGkspnDHbf HVwGkspnDHbf
WHSGrQQrrotE WHSGrQQrrotE
EOKLHvbbCToE EOKLHvbbCToE
PFpQuVVRxbvV PFpQuVVRxbvV
RGYiIUdVAiVL RGYiIUdVAiVL
JpwDMOwQmqOp JpwDMOwQmqOp
WUqhotrexTBp WUqhotrexTBp
YGzazHdyrGCd YGzazHdyrGCd
qFGlIHDqKyPA qFGlIHDqKyPA
hPSXtHMMyKAK hPSXtHMMyKAK
LNoKVqXhLEzn LNoKVqXhLEzn
ubtvaUeVUfmV ubtvaUeVUfmV
yVSfaizVeLPT yVSfaizVeLPT
nschEYWjrAsr nschEYWjrAsr
dXlgwkdKhUmB dXlgwkdKhUmB
tARvBeqQDqSY tARvBeqQDqSY
QxNjgiXciQma QxNjgiXciQma
JNoAmCxHcsYw JNoAmCxHcsYw
YvLRANdegrdA YvLRANdegrdA
AhJBAeSEuUkL AhJBAeSEuUkL
sTgUExIipvWV sTgUExIipvWV
nyTRNDRCsANl nyTRNDRCsANl
IfTQNEFsiTgr IfTQNEFsiTgr
XwPJYwaGcHxO XwPJYwaGcHxO
aXlcDzbXwAJW aXlcDzbXwAJW
TglqUXfjbefC TglqUXfjbefC
jXOmYlZmvqnI jXOmYlZmvqnI
uzYTzVwixczQ uzYTzVwixczQ
WnABnktZDxMx WnABnktZDxMx
UGahWpWtmUQn UGahWpWtmUQn
gJMLzBkWmUoV gJMLzBkWmUoV
yHOsEGOhjOLt yHOsEGOhjOLt
gXcuqckdTdIP gXcuqckdTdIP
FkNlSGMBOUbz FkNlSGMBOUbz
zCWezcJmUGqs zCWezcJmUGqs
PKHkuTHeRXhO PKHkuTHeRXhO
ybLCwZqVZKud ybLCwZqVZKud
NxxrxPgsnMqG NxxrxPgsnMqG
oKIKkmsSWzmH oKIKkmsSWzmH
nKmMbiEuiffc nKmMbiEuiffc
RQBxIsRWzmfl RQBxIsRWzmfl
sFSBpaJxLpBT sFSBpaJxLpBT
zcAOlsVDUDkc zcAOlsVDUDkc
