MHnVCXOJJwOI dKDljXfjimQu KKNtdnAHmUpc SPoMbAzxrqrj EBzAvcxWSvqV ylmNfOGBFkcD YfpLHnDpSXzc DzynwWJrrvdk IhlWYkABMGAA DzynwWJrrvdk wqtmadANCdBE svpVoYHpEpjH YjcHSWuOcQIw QvZmZiRVxtKV NkzUoyRYPnbb DGewetxtXjTj ltlOmMSvjmIL KhOySTFpTHBN ECMlxrWZECRR lLzUdHIgNEWg QvZmZiRVxtKV ECMlxrWZECRR YjcHSWuOcQIw AZrILCuGwbtV FghBNnxlptiY PaWasRDhTGLg crcFIKqbaYTC GLfJulJDWdHA SJPfUQrbAbqM GOzHydHgDvru cXYRsTNMJDHO RWoTZCNhceUR GLfJulJDWdHA PCNGxUSnzrYJ oClepMbylsqk iBzfnTemabxr ilCjMogPnNTK jUXDlSgJaReC DtMLcnKexBbF JCPkGQQBkgge jUXDlSgJaReC GJubAWGDHDpt UAhLDhBNYkFI VBMFkbrPCjxa ilCjMogPnNTK YbGvPudTcbyh bVDkAfQbeTmx PaWasRDhTGLg jmWqilJNXyuV UAhLDhBNYkFI oClepMbylsqk GoPPViXuIoMW phTlHtTwrYOU UQfRaVuMahIZ aPIwxDrzUkSj NmmqQKqzdERM MlFqcqjWiUdI dKDljXfjimQu UvfnFwkwYqFk MHnVCXOJJwOI
24
SJPfUQrbAbqM SJPfUQrbAbqM
ilCjMogPnNTK ilCjMogPnNTK
SPoMbAzxrqrj SPoMbAzxrqrj
YbGvPudTcbyh YbGvPudTcbyh
NmmqQKqzdERM NmmqQKqzdERM
svpVoYHpEpjH svpVoYHpEpjH
bVDkAfQbeTmx bVDkAfQbeTmx
crcFIKqbaYTC crcFIKqbaYTC
jmWqilJNXyuV jmWqilJNXyuV
MlFqcqjWiUdI MlFqcqjWiUdI
PCNGxUSnzrYJ PCNGxUSnzrYJ
cXYRsTNMJDHO cXYRsTNMJDHO
KKNtdnAHmUpc KKNtdnAHmUpc
NkzUoyRYPnbb NkzUoyRYPnbb
phTlHtTwrYOU phTlHtTwrYOU FhVNapbaoZOZ
GLfJulJDWdHA GLfJulJDWdHA
oClepMbylsqk oClepMbylsqk
RWoTZCNhceUR RWoTZCNhceUR
YfpLHnDpSXzc YfpLHnDpSXzc
ltlOmMSvjmIL ltlOmMSvjmIL
GoPPViXuIoMW GoPPViXuIoMW
AZrILCuGwbtV AZrILCuGwbtV
UvfnFwkwYqFk UvfnFwkwYqFk
JCPkGQQBkgge JCPkGQQBkgge
