5 193 182 5 190 165 5 1 188 162 1 86 66 125 74 24 1 78 119 20 14 116 72 14 1 62 127 19 121 11 62 6 52 6 157 10 197 2 184 174 2 176 173 2 177 132 2 63 33 47 75 189 145 75 149 10 167 106 10 157 8 107 196 22 187 49 57 22 198 97 141 61 12 27 135 69 27 56 12 97 8 23 172 124 23 82 152 66 45 18 54 18 102 85 17 22 8 66 4 45 186 156 178 25 109 15 44 34 80 15 6 3 160 8 161 36 32 79 93 40 32 70 200 162 183 9 175 16 76 20 120 77 20 185 72 131 38 53 20 77 148 9 81 71 9 95 164 21 133 64 136 110 21 67 180 151 31 65 146 176 179 60 31 67 21 37 29 142 41 114 73 41 29 35 88 108 112 30 103 96 30 139 13 16 9 37 3 101 7 36 3 6 48 39 28 42 89 156 83 98 55 51 25 28 199 121 100 46 26 191 92 26 5
46
1 1
4 130 170 122
8 8 50
13 137 168
16 16
18 147
20 20
149 149
27 27
157 157
52 159
35 35
164 164
38 38
42 42
46 46
177 177
182 182
55 55
185 185
10 58
188 188
190 190
66 66
196 196
197 197
69 69
198 198
78 78
79 79
82 82
83 83
89 89
54 91
92 92
93 93
97 97
100 100
102 102
103 103
106 106
108 108
112 112
22 115
15 117
124 124
