0 26 47 86 21 29 71 75 29 38 2 51 42 3 96 62 45 43 30 90 4 90 8 14 65 49 85 1 17 73 65 84 9 84 65 14 64 2 70 22 2 51 42 31 91 50 77 19 87 48 52 27 68 82 18 83 68 24 69 18 83 74 27 95 92 95 89 54 16 92 23 13 39 11 93 7 39 11 98 13 32 55 5 67 99 12 53 61 97 34 56 6 41 5 99 78 72 33 72 20 0 47 88 28 66 0
44
0 0
1 1
3 3
5 5
6 6
7 7
9 9 60
11 11
12 12
13 13
14 14
22 15 44
23 23
24 24
27 27
29 29
31 31
34 34
53 37 53 81
39 39
41 41
42 42
48 48
50 50
52 52
55 55
56 56
4 58 94
61 61
62 62
26 63
64 64
65 65
67 67
69 69
71 71
77 77
91 79 91
82 82
83 83
84 84
87 87
97 97
99 99
