Leah Paula Javier David Carol Ruth Dylan Charles Stacey Lisa Ruth Christina April Rachel Katrina Jordan Dylan Tiffany Jordan Robert Vicki John Jon Kellie Robert Jeffrey Derrick Jennifer Carol Alexander Sonya Megan Shannon Alexander Abigail Meagan Jennifer Carol Kristie Russell Connie Michael Paula Kelly Russell Joshua Willie Shannon Gary Ryan Anthony Joshua Amanda Russell Leah
24
Russell Russell Brian
Carol Carol
Connie Adrian
Anthony Anthony
Amanda Amanda
Gary Gary
Lisa Lisa
Charles Jade
Paula Paula
David David
Dylan Dylan
Ruth Ruth
April April
Vicki Vicki
Jennifer Jennifer
Megan Megan
Javier Javier
Michael Michael
Ryan Ryan
Alexander Alexander
Jordan Jordan
Kelly Kelly
Rachel Rachel
Jon Jon
