Granbull PorygonZ Electrode PorygonZ Geodude Altaria Bagon Altaria Sylveon Noibat Magmar Furret Heliolisk Raichu Lycanroc Amoonguss Magikarp Amoonguss Stunfisk Amoonguss Wailord Qwilfish Wailord Rotom Swanna Lucario Floatzel Amoonguss Wailord Carnivine Mantine Gorebyss Lucario Swanna Conkeldurr Garchomp Haxorus Absol Spewpa Hitmontop Absol Lileep Rhyhorn Carbink Tirtouga Absol Swanna Lucario Zigzagoon Buizel Aipom Nuzleaf Staryu Flareon Geodude Relicanth Unown Kirlia Lunala Finneon Deoxys Staryu Machamp Happiny Machamp Serperior Binacle Exeggcute Torracat Lapras Furfrou Bronzor Mightyena Skrelp Glalie Skrelp Mightyena Tyrunt Charizard Volcanion Infernape Carbink Metagross Grumpig Budew Corsola Cyndaquil Volcanion Charizard Tyrunt Sentret Cradily Butterfree Cubone Fletchling Purrloin Fletchling Cubone Fletchling Probopass Sentret Tyrunt Furret Heliolisk Heatran Rockruff Whiscash Quilava Rufflet Crabominable Quilava Rufflet Quilava Whiscash Eelektrik Spiritomb Spearow Staravia Tsareena Gliscor Manaphy Linoone Spinda Mawile Glaceon Furfrou Elekid Pancham Mudsdale Greninja Oshawott Greninja Tsareena Masquerain Cosmog Smeargle Lampent Munna Rapidash Cascoon Krookodile Corphish Azurill Smeargle Staravia Tsareena Greninja Mudsdale Pancham Elekid Furfrou Trumbeak Mawile Spearow Eelektrik Chespin Parasect Lombre Parasect Chespin Metapod Parasect Torchic Illumise Whismur Deino Milotic Deino Swadloon Electrike Ivysaur Bidoof Politoed Klang Chatot Slakoth Ninjask Rufflet Quilava Lotad Mudkip Raikou Klang Politoed Bidoof Caterpie Swadloon Deino Whismur Illumise Chespin Heliolisk Gorebyss Lycanroc Ursaring Bulbasaur Typhlosion Bulbasaur Granbull
82
Tsareena Tsareena
Absol Absol
Unown Unown
Bronzor Roserade Bronzor
Aipom Dustox
Heatran Heatran
Butterfree Butterfree Beedrill
Altaria Ampharos Malamar
Spiritomb Spiritomb
Torchic Torchic
Cosmog Cosmog
Rufflet Arbok Rufflet
Cascoon Cascoon
Torracat Torracat
Typhlosion Chinchou Typhlosion
Azurill Crawdaunt
Slakoth Slakoth
Glalie Mimikyu Glalie
Happiny Happiny Magmortar
Quilava Quilava
Milotic Kangaskhan
Rockruff Rockruff
Sylveon Bonsly Sylveon
Grumpig Grumpig
Spinda Spinda
Oshawott Cinccino
Budew Budew
Mawile Mawile
Lampent Lampent
Greninja Greninja Torkoal
Buizel Buizel Jolteon
Mantine Mantine
Charizard Charizard
Gliscor Gliscor
Binacle Binacle
Relicanth Relicanth
Raichu Raichu
Cubone Cubone TypeNull
Krookodile Krookodile
Serperior Heatmor Serperior Bergmite
Swanna Swanna
Lombre Diggersby
Whiscash Whiscash
Metagross Metagross
Lunala Whimsicott
Lycanroc Lycanroc
Mightyena Mightyena
Qwilfish Floette
Magikarp Jirachi
Mudsdale Mudsdale Pidgeot
Stunfisk Darkrai
Bulbasaur Reuniclus
Machamp Remoraid Machamp
Magmar Magmar Blissey
Carbink Reshiram Carbink
Crabominable Crabominable
Bagon Charmander
Electrode Electrode Flygon
Amoonguss Golbat
Infernape Infernape
Hitmontop Hitmontop
Trumbeak Trumbeak
Flareon Goomy
Metapod Metapod
Corphish Corphish
Probopass Probopass
Lapras Lapras
Carnivine Carnivine
Exeggcute Exeggcute
Electrike Electrike
Ninjask Ninjask
PorygonZ PorygonZ
Lileep Lileep
Staravia Feraligatr
Floatzel Floatzel
Deoxys Deoxys
Chespin Chespin
Purrloin Luvdisc
Pancham Vivillon
Chatot Chatot
Nuzleaf Nuzleaf
Glaceon Skitty
