Florges Zoroark Zubat Zoroark Florges Vespiquen Persian Cofagrigus Celebi Heracross Bidoof Celebi Toxapex Celebi Bidoof Palossand Bouffalant Palossand Bidoof Piloswine Eelektrik Typhlosion Machoke Hippopotas Cherrim Lillipup Hakamoo Gastrodon Moltres Hoopa Hippopotas Machoke Hippopotas Hoopa Hakamoo Flaaffy Slugma Zapdos Shieldon Girafarig Palkia Flaaffy Palkia Roggenrola Palkia Hakamoo Buzzwole Hakamoo Lillipup Infernape Kricketune Purrloin Doublade Weepinbell Vespiquen Scolipede Pidgey Sentret Hitmonlee Doublade Carracosta Luxray Tsareena Florges Masquerain Minccino Dialga Snorunt Slugma Regice Chansey Pinsir Regice Chansey Tentacruel Caterpie Pichu Dialga Caterpie Cascoon Delibird Nuzleaf Nidoking Wailmer Delibird Purrloin Sentret Pidgey Bisharp Bayleef Furfrou Persian Vespiquen Florges Masquerain Drapion Genesect Cottonee Dusknoir Kricketot Genesect Drapion Caterpie Shaymin Snorlax Bewear Snorlax Celesteela Masquerain Florges
43
Weepinbell Weepinbell
Carracosta Carracosta
Roggenrola Yanmega
Purrloin Purrloin Poliwag
Machoke Timburr Machoke
Drapion Poliwrath
Sentret Sentret
Celesteela Celesteela
Flaaffy Omastar
Persian Persian
Pichu Pichu
Zapdos Zapdos
Toxapex Ralts
Bewear Togetic
Zubat Manectric Zubat
Lillipup Lillipup
Buzzwole Volbeat Buzzwole
Moltres Moltres
Shaymin Shaymin
Piloswine Piloswine
Gastrodon Gastrodon
Infernape Infernape
Kricketot Kricketot
Wailmer Primarina Wailmer Wormadam
Celebi Celebi
Florges Stufful Bergmite
Cherrim Cherrim
Delibird Delibird
Dusknoir Dusknoir
Tentacruel Tentacruel
Bidoof Bidoof
Regice Regice
Hitmonlee Hitmonlee
Tsareena Tsareena
Dialga Dialga
Doublade Aurorus
Bayleef Bayleef
Cascoon Cascoon
Scolipede Scolipede
Bouffalant Bouffalant
Hakamoo Hakamoo
Girafarig Girafarig
Bisharp Bisharp
