19 21 3 39 13 51 11 14 57 56 57 14 11 71 23 52 68 85 26 0 10 45 10 0 26 97 54 97 67 14 11 66 86 78 12 17 27 31 65 63 82 63 65 31 12 73 12 17 36 80 9 88 68 95 33 62 33 8 69 8 33 90 94 38 59 58 21 60 30 14 39 3 64 44 43 7 93 91 61 7 41 28 15 37 64 3 39 14 11 71 89 71 11 46 77 56 57 48 19
40
0 0
39 1 32 39
56 5
7 7
9 9 35 50 92
10 10
11 11
12 12 34
13 13
15 15
17 17
23 23
82 24
58 25 55 58
26 26
28 28
54 29 54
33 33
36 36
45 40 45
41 41
43 43
44 44
46 46
51 51
69 53
59 59
60 60
61 61
63 63
65 65
66 70
73 72
89 76
80 80
85 85
88 88
90 90
95 95
62 99
