0 23 84 3 16 12 65 89 62 52 85 6 43 96 97 44 71 63 29 19 33 28 1 41 92 29 15 71 44 20 71 63 66 40 58 40 57 61 34 50 21 61 34 92 67 30 10 87 8 90 79 26 45 99 93 96 48 81 18 51 64 51 18 51 78 59 17 56 73 72 22 72 80 75 35 17 42 33 70 95 43 36 96 17 82 38 4 25 11 83 11 23 86 23 9 39 54 37 0
42
63 63
30 30
82 60 82
39 39
8 8
11 74 11
18 76
9 9 88
61 61
6 6
85 85
64 2 64
45 45
58 91 58
48 48
96 96
28 28
72 27
73 53 73
95 95
84 84
38 38
83 47 83
92 92
65 65
22 68
35 35
90 90
43 43
40 40
23 23
16 16
56 56
86 86
26 46
81 81
71 71
50 50
44 31
97 97
80 80
66 66
