21 156 93 89 177 67 66 69 136 74 160 17 160 23 191 151 175 151 150 85 150 42 41 44 12 44 41 42 150 110 124 189 37 36 35 76 35 154 20 48 46 24 31 76 31 113 171 82 171 113 188 134 181 180 126 180 181 6 33 186 185 143 140 143 185 186 33 6 181 134 188 113 171 15 171 113 31 24 1 139 138 34 3 2 1 139 142 139 168 169 57 56 62 28 128 112 187 72 26 4 108 170 108 4 43 27 101 194 101 92 91 178 179 25 179 178 63 178 91 92 101 8 9 120 9 8 101 64 40 176 148 197 95 197 50 197 148 176 109 106 105 114 105 104 103 192 193 194 171 113 81 184 52 39 119 115 125 124 123 122 130 131 132 61 60 84 68 97 36 37 38 37 189 124 125 115 119 115 125 124 110 150 42 182 42 150 151 175 151 175 65 48 47 116 47 48 79 23 160 74 144 111 152 153 172 153 152 21 156 21
81
1 1
3 3
15 5 15
8 7
9 9
41 11 41
12 13
17 17 77
48 19
21 21
23 23
25 25 165
27 27
154 29
31 31
33 33 155
35 35
37 37
39 39
43 43 73
156 45
47 47
50 49
120 51
150 53
185 55 185
57 57
60 59
61 61
63 63 71 83
65 65
67 67
69 69
74 75
79 79
81 81
85 85 107
38 87
89 89
91 91
93 93
95 95 195
97 97
142 99 149
101 101
103 103
105 105
109 109
111 111
113 113
115 115
170 117
119 119 159
182 121
123 123
125 125 137
126 127
34 129
131 131
116 133
188 135
139 139
151 141 151
143 143 157
66 145
140 147
153 153
179 161 179
197 163 197
108 167
169 169
171 171
172 173
175 175
177 177
181 181
114 183
187 187
189 189
191 191
193 193
