68 63 64 37 36 37 64 17 82 80 76 55 56 27 25 84 23 22 43 42 58 42 43 78 83 40 83 53 44 53 83 78 61 89 90 30 24 74 86 74 34 18 34 74 24 93 75 2 75 93 41 93 75 94 11 94 49 21 49 94 4 52 5 52 45 65 22 43 78 77 78 89 81 38 12 26 1 64 17 82 80 47 42 43 91 43 91 50 37 64 63 68
34
1 1
2 3
5 5 15
44 7
81 9 81
11 11 69
77 13 77
17 17
18 19 95
21 21 97
23 23
25 25
27 27
40 29
75 31 75
34 33
36 35
37 37
58 39 85
41 41 71
43 43 57 79
45 45
47 47
49 49
53 51 53
55 55 59
61 61
63 63
65 65
91 67 73 91
83 83
86 87
89 89
93 93
