L27 L0 L65 L24 L0 L25 L23 L0 L44 L21 L0 L95 L20 L0 L99 L13 L0 L96 L11 L0 L62 L57 L10 L0 L12 L9 L0 L4 L17 L3 L66 L19 L3 L14 L39 L4 L3 L15 L1 L88 L68 L1 L64 L53 L1 L34 L26 L1 L51 L8 L1 L2 L90 L46 L2 L59 L40 L2 L37 L22 L2 L0 L98 L92 L0 L97 L85 L0 L79 L75 L0 L72 L71 L0 L83 L67 L0 L82 L50 L0 L58 L42 L0 L63 L41 L0 L47 L36 L0 L45 L31 L0 L76 L30 L0 L54 L27
31
L0 L0 L5 L18 L29 L38 L48 L52 L61 L77 L84 L94
L1 L1 L16 L33 L49 L80 L86 L91
L3 L3
L4 L6
L10 L10
L11 L11
L12 L12
L13 L13
L15 L15
L19 L19
L20 L20
L22 L22
L24 L24
L31 L31
L2 L35 L78 L87 L89
L36 L36
L40 L40
L42 L42
L45 L45
L50 L50
L58 L58
L63 L63
L66 L66
L72 L72
L76 L76
L83 L83
L85 L85
L92 L92
L95 L95
L96 L96
L97 L97
