L55 L5 L128 L105 L5 L18 L2 L98 L15 L2 L10 L44 L4 L188 L28 L4 L2 L5 L0 L180 L23 L3 L0 L1 L175 L158 L1 L125 L92 L1 L67 L43 L1 L88 L35 L1 L72 L189 L8 L1 L0 L195 L192 L0 L199 L163 L0 L156 L155 L0 L186 L149 L0 L170 L148 L0 L174 L131 L0 L124 L115 L0 L184 L106 L0 L197 L95 L0 L182 L90 L0 L117 L87 L0 L114 L80 L0 L143 L79 L0 L160 L77 L0 L168 L73 L0 L150 L70 L0 L109 L63 L0 L137 L58 L0 L185 L56 L0 L146 L53 L0 L118 L52 L0 L84 L49 L0 L171 L48 L0 L89 L46 L0 L93 L39 L0 L191 L38 L0 L31 L29 L0 L132 L24 L0 L103 L22 L0 L145 L20 L0 L130 L14 L0 L99 L13 L0 L154 L12 L0 L112 L11 L0 L86 L3 L65 L5 L75 L2 L111 L76 L2 L169 L74 L2 L164 L69 L2 L97 L59 L2 L64 L55
55
L0 L0 L16 L19 L30 L34 L36 L37 L41 L42 L45 L50 L54 L68 L71 L94 L96 L101 L104 L108 L119 L129 L141 L142 L144 L152 L159 L166 L167 L177 L178 L193 L196
L2 L2 L6 L134
L4 L4
L1 L7 L33 L47 L82 L102 L121 L127 L133 L136 L138 L139 L165 L190
L8 L8
L10 L10
L15 L15
L20 L20
L22 L22
L23 L23
L24 L24
L31 L31
L35 L35
L38 L38
L43 L43
L53 L53
L55 L55
L56 L56
L59 L59
L64 L64
L67 L67
L69 L69
L70 L70
L73 L73
L74 L74
L76 L76
L87 L87
L89 L89
L90 L90
L93 L93
L95 L95
L99 L99
L103 L103
L105 L105
L112 L112
L114 L114
L115 L115
L117 L117
L131 L131
L132 L132
L143 L143
L145 L145
L158 L158
L160 L160
L168 L168
L170 L170
L174 L174
L182 L182
L184 L184
L185 L185
L186 L186
L189 L189
L191 L191
L195 L195
L199 L199
