0 35 39 49 12 70 39 68 12 39 79 10 94 83 62 10 13 95 50 48 32 59 14 50 10 11 91 59 63 28 18 42 6 57 59 24 40 6 61 75 6 9 43 53 23 43 59 30 91 69 6 59 77 74 22 72 77 90 31 27 90 3 85 92 66 33 92 4 98 87 4 25 2 21 85 56 89 17 85 26 56 58 8 85 1 56 77 46 38 77 16 47 67 16 86 88 84 86 80 73 86 80 55 82 93 20 51 16 19 54 60 16 76 36 16 82 97 56 15 28 91 65 7 91 0
46
1 1
2 2
3 3
4 4
17 5 17
6 6 44
7 7
8 8
9 9
10 10
11 11
12 12
13 13
14 14
15 15
16 16
18 18
19 19
20 20
21 21
22 22
23 23
24 24
25 25
26 26
27 27
28 28
39 29 39
30 30
31 31
32 32
33 33
98 34
35 35
36 36
86 37
38 38
40 40
50 41 50
42 42
43 43
82 45
46 46
47 47
48 48
49 49
