Soda Canada Austria Dominican Denmark Algeria Antigua Bulgaria Guinea Guadeloupe Cabo Bulgaria Antarctica Guernsey Bhutan Egypt Belarus Cyprus Aruba Brunei Bhutan Guernsey Antarctica Honduras Indonesia Comoros Congo Bangladesh Eritrea Christmas Greenland Brunei Costa Greece Colombia Azerbaijan United Georgia Brazil Fiji Hungary Georgia Cameroon Cocos Grenada Argentina Fiji Brazil Dominica Georgia Costa Cambodia Czech Australia Djibouti Christmas Belize Guam Anguilla Angola Ghana Holy Denmark Hong Aruba Germany Bahamas Barbados Virgin India Burkina Guam Gambia Hong Armenia Virgin Cayman Cocos Burundi Colombia Falkland Barbados Andorra Burkina Guyana Chile Bonaire Central Aruba Hong Denmark Iceland Heard British El Croatia Cuba Brunei Bouvet Bosnia India Iceland Canada Soda
24
United United
Cambodia Cambodia
Aruba Aruba
Argentina Argentina
Antigua Antigua
Guam Guam
Fiji Bermuda Fiji
British China
Central Central
Australia Australia
Cocos Cocos
Angola Angola
Austria Austria
Bouvet Bouvet
Belize Belize
Czech Czech
Colombia Colombia
Cayman Cayman
Denmark Denmark
Guyana Guyana
Guadeloupe Guadeloupe
Egypt Egypt
Azerbaijan Botswana
Comoros Comoros
