FleaBottom TheAturanEmpire SatishVille IronIslands KingsLanding Olivanders RockofKuthian CrastersKeep HorneaterPeaks Vroengard Vintas HighGarden Yll MinistryofMagic Yll IronIslands Toperhagen Vintas HorneaterPeaks BorginBurkes Carvahall Ademre TheBoilingRock UtgardMountain Severen GringottsBank Batcave TheBoilingRock TheKrustyKrab TheBoilingRock UtgardMountain Severen TheVale Carvahall Aerodenn Carvahall TheSpine Carvahall Dagobah TheGreatDivide TheBurningPlains Olivanders RockofKuthian Urubaen Peterborough Dragonstone IronIslands SatishVille Trebon Urubaen RockofKuthian Snozgate TheAturanEmpire FleaBottom
22
Olivanders Olivanders
Vintas Vintas
Yll Yll
TheBoilingRock TheBoilingRock
TheBurningPlains TheBurningPlains
Batcave Batcave
SatishVille SatishVille Ebonfall
Aerodenn Eggmanland
TheVale TheVale
Trebon Trebon
IronIslands ShriekingShack
UtgardMountain UtgardMountain
TheGreatDivide TheGreatDivide
TheKrustyKrab Glimthain
FleaBottom Bobbingbourne
Carvahall Accrington Westopolis
MinistryofMagic MinistryofMagic Arkham
TheSpine Coalwatch
HighGarden HighGarden
Ademre Ademre
Urubaen Urubaen
GringottsBank GringottsBank
