Meckgue TheFingers CasterlyRock MountOlympus TheWhompingWillow Bellechulish Atlantas LeakyCauldron TheFae Keld WitheredHeath CasterlyRock ProBendingArena TheHogsHead Lorien ProBendingArena CasterlyRock KoralReef Essos TheGodswood Sanlow BubblegumKingdom Sanlow Essos Neddingtown RepublicCity Beldenn Grayburn Millingburg BikiniBottom Murkcairn BikiniBottom Millingburg Winterfell SerpantsPass Steeltown Naboo EarthKingdom Yunkai Vintas MadamMalkins Gizton Steeltown SerpantsPass Vexhollow RepublicCity TheEyrie Castamere TheVale Neddingtown FogofLostSouls RepublicCity Beldenn LakeLaogai Eggmanland TheWaystoneInn Eggmanland LakeLaogai VaultofSouls ShriekingShack ShatteredPlains Braavos Kinecardine EarthKingdom TheSpine ShatteredPlains Braavos JahKeved Ramshorn Omniverse Zootropolis ShatteredPlains ShriekingShack LakeLaogai Urubaen FlourishBlotts HorneaterPeaks VaultofSouls Meckgue
36
RepublicCity RepublicCity TreeofTime ZhaoFu MysticRuins
LakeLaogai LakeLaogai ThePrancingPony UtgardMountain
Gizton Gizton Netherfort Larcbost EasternAirTemple
TheWaystoneInn TheWaystoneInn Tartarus TheArcanum
Steeltown Steeltown
Lorien Lorien
ShatteredPlains ShatteredPlains
Braavos Braavos
SerpantsPass Ademre GooLagoon TheKrustyKrab
Essos Dagobah Meereen
BikiniBottom Carvahall
TheHogsHead TheHogsHead
KoralReef KoralReef
Meckgue Meckgue
Murkcairn Murkcairn Ellesmera
Yunkai Yunkai
EarthKingdom EarthKingdom
Sanlow Sanlow
TheVale TheVale
Keld Keld
Urubaen Urubaen
FlourishBlotts FlourishBlotts
Grayburn Grayburn
LeakyCauldron LeakyCauldron
Winterfell Winterfell
ShriekingShack TheUniversity
Neddingtown BeyondtheWall
Beldenn Beldenn
BubblegumKingdom TheBoilingRock
TheGodswood TheGodswood
FogofLostSouls Gotham
Vexhollow Vexhollow
VaultofSouls VaultofSouls
Castamere Castamere
TheSpine TheSpine
Kinecardine Kinecardine
