Essos Meckingbourne Peterborough ThePrancingPony Toffingburg Riverrun Tartarus Westeros Severen DiagonAlley Durnatel DiagonAlley Riverrun AirTempleIsland Riverrun Toffingburg Jakku Alderaan TheSpiritWorld Jakku TheWhompingWillow Karth Castamere Karth Castamere Karth Vexhollow TheFae Westopolis EasternAirTemple Jakku Ramshorn HighGarden TheGodswood Azkaban KnifesEdge TheCommonwealth HighGarden Accrington TheFae Atlantas Olivanders Soda Atlantas TheFae TheHogsHead FleaBottom TheWhompingWillow MenoaTree MinistryofMagic Toperhagen RepublicCity TheKrustyKrab Toperhagen TheFae Tralfamadore Aerodenn LakeLaogai Urubaen BaSingSe TheWall Urubaen Boatwright Beldenn Ademre Naboo Bobbingbourne ShriekingShack Naboo Arcmoor Dragonstone Valyria MountOlympus Naboo Urubaen TheFae Grayburn Peridrift TheEyrie Neddington BubblegumKingdom FlourishBlotts DothrakiSea Chrofall Peridrift TheEyrie Neverland TheFingers Alagaesia Alethkar WesternAirTemple Jakku CaveofTwoLovers Bellechulish Snozgate ZhaoFu Jakku Alethkar FogofLostSouls Millhagen Blagworth Barkamsted Endor TheSpine Prongdale SerpantsPass Prongdale FogofLostSouls Millhagen Blagworth Accrington MysticRuins RockofKuthian Duskhollow Millingburg Neddingtown Titferdenn Millingburg Yunkai LeakyCauldron Bellechulish Hogwarts Glimthain Ellesmera KoralReef LeakyCauldron Toffingburg Essos
60
Jakku Jakku TheUnderworld
Karth Karth Yll Newarre BeyondtheWall Carvahall
Toffingburg Toffingburg Lorien JahKeved Dubwall TheRiverStyx
Alethkar Alethkar Vintas Penketh TheBoilingRock WitheredHeath Arkham Arcwallow ShatteredPlains
HighGarden HighGarden Omashu Ivormere
TheFae TheFae Helgrind DuWeldenvarden
Peridrift Peridrift GooLagoon Blackwater
Castamere Castamere Batcave
Urubaen Urubaen
Toperhagen Toperhagen Lockinge TheReshiIsles TheVale
WesternAirTemple WesternAirTemple Winterfell
Riverrun Riverrun Steeltown
Atlantas Atlantas
MountOlympus MountOlympus CastleBlack
Duskhollow Duskhollow
Accrington Accrington
Chrofall Chrofall
TheEyrie TheEyrie
DiagonAlley DiagonAlley Shinovar
Valyria Valyria
ShriekingShack ShriekingShack
KnifesEdge KnifesEdge Meereen ProBendingArena
TheCommonwealth TheCommonwealth
Durnatel Grimbarrow Keld
TheSpine TheSpine
FlourishBlotts FlourishBlotts
LeakyCauldron Astapor TheGreatDivide
Dragonstone Dragonstone
TheWhompingWillow TheWhompingWillow
Yunkai Trebon SatishVille
Severen Severen
Bobbingbourne Bobbingbourne
Millingburg Azir Braavos
BaSingSe BaSingSe
Ademre Ademre
Hogwarts Hogwarts
AirTempleIsland Tarbean FireNation
TheKrustyKrab TheKrustyKrab
Boatwright Boatwright
TheSpiritWorld TheSpiritWorld
Aerodenn Aerodenn
Tartarus Tartarus
Alderaan Alderaan
Prongdale Sanlow TheChumBucket
TheWall JarrensOutpost Gizton
Barkamsted Barkamsted
Essos Essos
Westeros Westeros
RepublicCity RepublicCity
KoralReef Hogsmead Arrowcave
Millhagen BikiniBottom
Ellesmera Ellesmera
Neddington Neddington
Neddingtown Neddingtown
SerpantsPass Netherfort
Soda Soda
FleaBottom FleaBottom
CaveofTwoLovers CaveofTwoLovers
Endor Endor
TheGodswood TheGodswood
