21 107 110 165 97 110 13 142 107 54 153 174 21 77 2 44 146 118 134 94 19 112 179 106 155 23 189 33 117 5 10 180 193 86 61 35 40 180 124 176 111 17 119 178 78 96 75 178 78 163 122 144 151 184 22 151 9 133 84 72 89 109 100 137 72 53 27 58 29 147 195 31 27 89 199 158 66 91 148 82 83 114 65 169 150 187 181 65 169 32 16 120 162 60 14 120 64 74 197 55 95 149 49 74 69 64 39 34 3 162 43 52 161 47 161 42 15 194 136 81 88 76 136 130 18 164 63 6 130 185 68 123 143 183 160 123 183 156 4 42 15 98 108 36 168 41 115 1 79 26 125 66 26 67 154 25 70 20 87 104 138 87 99 113 20 85 62 57 166 140 141 198 116 50 172 50 38 105 145 182 24 85 198 46 177 93 92 11 196 12 8 196 139 11 175 135 131 186 190 188 171 56 188 11 135 92 152 71 126 144 191 167 129 163 101 102 129 167 90 73 132 30 10 33 59 80 159 19 94 134 128 44 48 174 21
94
2 2
47 7 47
10 10
14 14
15 15 127
16 16
17 17
18 18
20 20
21 21
23 23
24 24
27 27
29 29
30 30
31 31
32 32
34 34
36 36
142 37 121 142
38 38
40 40
42 42
25 45
46 46
48 48
49 49
12 51 103
53 53
54 54
56 56
60 60
61 61
62 62
64 64
68 68
72 72
74 74
75 75
78 78
81 81
82 82
87 87
88 88
90 90
91 91
95 95
96 96
97 97
100 100
102 102
105 105
108 108
114 114
115 115
116 116
118 118
119 119
120 120
122 122
125 125
130 130
131 131
133 133
134 134
135 135
136 136
137 137
139 139
144 144
146 146
147 147
149 149
151 151
152 152
154 154
156 156
159 159
160 160
163 163
167 167
168 168
169 169
172 170 172
176 176
177 177
178 178
180 180
184 184
186 186
188 188
190 190
194 194
196 196
