29 26 58 96 9 15 32 26 99 38 81 24 99 11 36 69 52 42 36 69 47 8 19 3 33 48 35 89 4 1 7 12 97 45 51 13 45 17 67 63 21 67 57 18 0 57 68 7 5 33 40 75 88 95 30 53 23 31 46 49 80 43 82 79 72 14 79 92 64 27 76 94 77 65 94 27 39 73 84 60 37 22 90 98 54 16 66 28 86 20 37 6 91 44 6 2 55 56 62 87 41 59 61 70 59 41 10 23 30 71 29
47
0 0
3 3
4 4
5 5
7 7
9 9
10 10
11 11
17 17
23 23
24 24
21 25
26 26
27 27
30 30
31 31
32 32
46 34 46 93
35 35
45 45
49 49
51 51
56 56
57 57
58 58
59 59
63 63
64 64
66 66
67 67
68 68
69 69 78
70 70
71 71
72 72
73 73
75 75
77 77
79 79
80 80
82 82
91 85
86 86
90 90
96 96
97 97
98 98
