1FoundersRock 190location 184location 1FoundersRock 196location 178location 1FoundersRock 181location 157location 1FoundersRock 151location 139location 1FoundersRock 175location 137location 1FoundersRock 169location 133location 1FoundersRock 145location 127location 1FoundersRock 188location 118location 1FoundersRock 160location 115location 1FoundersRock 199location 106location 1FoundersRock 109location 103location 1FoundersRock 136location 100location 1FoundersRock 121location 97location 1FoundersRock 94location 91location 1FoundersRock 86location 82location 1FoundersRock 88location 79SanFransisco 1FoundersRock 166location 73Wada 1FoundersRock 85location 70Stonefire 1FoundersRock 120location 69VarsityBerkeley 1FoundersRock 154location 67InternationalHouse 1FoundersRock 130location 61Unit1 1FoundersRock 112location 58NorthGate 1FoundersRock 64Blackwell 52California 1FoundersRock 172location 40Oaktown 1FoundersRock 46DoeLibrary 37OtherCoop 1FoundersRock 76CasaZimbabwe 35ChanningBowdwitch 1FoundersRock 171location 34Martinez 1FoundersRock 124location 31Hillegass 1FoundersRock 193location 28SodaHall 1FoundersRock 163location 25Foothill 1FoundersRock 49SatherGate 22Unit2 1FoundersRock 142location 19SouthHall 1FoundersRock 43FacultyClub 18NorthGate 1FoundersRock 55Hilgard 16Giannini 1FoundersRock 148location 13Durant 1FoundersRock 187location 122location 10Bridge 173location 20Ehrman 10Bridge 1FoundersRock 7SatherTower 110location 59SouthHall 7SatherTower 8Esplanade 80Oaktown 29VarsityBerkeley 8Esplanade 182location 197location 11HearstGymnasium 185location 155location 11HearstGymnasium 164location 113location 11HearstGymnasium 143location 104location 11HearstGymnasium 134location 92location 11HearstGymnasium 167location 74Martinez 11HearstGymnasium 95location 62Unit2 11HearstGymnasium 194location 53Durant 11HearstGymnasium 83location 44HearstGreekTheatre 11HearstGymnasium 65Foothill 32DeltaPhiEpsilon 11HearstGymnasium 125location 23Unit3 11HearstGymnasium 14Wellman 2UniversityHouse 192location 146location 2UniversityHouse 176location 141location 2UniversityHouse 191location 131location 2UniversityHouse 116location 107location 2UniversityHouse 101location 71Hillegass 2UniversityHouse 161location 56Giannini 2UniversityHouse 90location 39SanFransisco 2UniversityHouse 41FoundersRock 26ClarkKerr 2UniversityHouse 158location 5HearstMemorial 170location 102location 5HearstMemorial 119location 68SodaHall 5HearstMemorial 153location 17Wheeler 5HearstMemorial 2UniversityHouse 11HearstGymnasium 8Esplanade 12California 6DoeLibrary 144location 140location 6DoeLibrary 168location 138location 6DoeLibrary 177location 123location 6DoeLibrary 147location 117location 6DoeLibrary 129location 105location 6DoeLibrary 99location 93location 6DoeLibrary 150location 89location 6DoeLibrary 87location 84location 6DoeLibrary 135location 75ChanningBowdwitch 6DoeLibrary 189location 72DeltaPhiEpsilon 6DoeLibrary 78RajProperties 63Unit3 6DoeLibrary 195location 57Wheeler 6DoeLibrary 180location 54Wellman 6DoeLibrary 114location 48Esplanade 6DoeLibrary 159location 45HearstMemorial 6DoeLibrary 165location 42UniversityHouse 6DoeLibrary 198location 33Wada 6DoeLibrary 38RajProperties 27InternationalHouse 6DoeLibrary 24Blackwell 15Hilgard 6DoeLibrary 108location 3FacultyClub 156location 128location 3FacultyClub 96location 81location 3FacultyClub 111location 77OtherCoop 3FacultyClub 66ClarkKerr 60Ehrman 3FacultyClub 162location 51HearstGymnasium 3FacultyClub 186location 36CasaZimbabwe 3FacultyClub 126location 21Unit1 3FacultyClub 179location 9SatherGate 152location 50Bridge 9SatherGate 3FacultyClub 6DoeLibrary 174location 149location 4HearstGreekTheatre 183location 132location 4HearstGreekTheatre 98location 47SatherTower 4HearstGreekTheatre 200location 30Stonefire 4HearstGreekTheatre 1FoundersRock
50
130location 130location
132location 132location
6DoeLibrary 6DoeLibrary
7SatherTower 7SatherTower
8Esplanade 8Esplanade
9SatherGate 9SatherGate
10Bridge 10Bridge
135location 135location
138location 138location
140location 140location
144location 144location
145location 145location
150location 150location
155location 155location
156location 156location
160location 160location
162location 162location
165location 165location
168location 168location
170location 170location
46DoeLibrary 46DoeLibrary
47SatherTower 47SatherTower
48Esplanade 48Esplanade
49SatherGate 49SatherGate
50Bridge 50Bridge
174location 174location
175location 175location
180location 180location
185location 185location
186location 186location
190location 190location
192location 192location
195location 195location
198location 198location
200location 200location
84location 84location
85location 85location
90location 90location
95location 95location
96location 96location
100location 100location
102location 102location
105location 105location
108location 108location
110location 110location
114location 114location
115location 115location
120location 120location
125location 125location
126location 126location
