1FoundersRock 29VarsityBerkeley 24Blackwell 1FoundersRock 15Hilgard 9SatherGate 1FoundersRock 39SanFransisco 40Oaktown 1FoundersRock 14Wellman 28SodaHall 1FoundersRock 27InternationalHouse 25Foothill 1FoundersRock 12California 19SouthHall 1FoundersRock 2UniversityHouse 31Hillegass 38RajProperties 2UniversityHouse 36CasaZimbabwe 26ClarkKerr 2UniversityHouse 32DeltaPhiEpsilon 23Unit3 2UniversityHouse 21Unit1 20Ehrman 2UniversityHouse 35ChanningBowdwitch 18NorthGate 2UniversityHouse 16Giannini 17Wheeler 2UniversityHouse 6DoeLibrary 11HearstGymnasium 2UniversityHouse 33Wada 8Esplanade 2UniversityHouse 5HearstMemorial 3FacultyClub 2UniversityHouse 13Durant 1FoundersRock 30Stonefire 10Bridge 1FoundersRock 34Martinez 7SatherTower 1FoundersRock 22Unit2 4HearstGreekTheatre 1FoundersRock
25
16Giannini 16Giannini
17Wheeler 17Wheeler
18NorthGate 18NorthGate
19SouthHall 19SouthHall
20Ehrman 20Ehrman
21Unit1 21Unit1
22Unit2 22Unit2
23Unit3 23Unit3
24Blackwell 24Blackwell
25Foothill 25Foothill
26ClarkKerr 26ClarkKerr
27InternationalHouse 27InternationalHouse
28SodaHall 28SodaHall
29VarsityBerkeley 29VarsityBerkeley
30Stonefire 30Stonefire
31Hillegass 31Hillegass
32DeltaPhiEpsilon 32DeltaPhiEpsilon
33Wada 33Wada
34Martinez 34Martinez
35ChanningBowdwitch 35ChanningBowdwitch
36CasaZimbabwe 36CasaZimbabwe
1FoundersRock 37OtherCoop
38RajProperties 38RajProperties
39SanFransisco 39SanFransisco
40Oaktown 40Oaktown
