node0 node130 node184 node134 node112 node174 node24 node102 node32 node124 node132 node186 node60 node177 node47 node25 node16 node133 node8 node178 node22 node26 node180 node141 node66 node93 node180 node40 node179 node26 node51 node9 node8 node138 node119 node114 node166 node17 node104 node99 node140 node70 node176 node59 node70 node123 node15 node70 node28 node17 node166 node5 node43 node105 node38 node34 node105 node45 node5 node186 node78 node89 node11 node185 node6 node187 node101 node88 node151 node111 node37 node197 node163 node177 node155 node177 node163 node197 node109 node182 node197 node41 node161 node23 node151 node6 node111 node67 node169 node128 node20 node193 node20 node64 node152 node96 node152 node159 node36 node56 node181 node36 node82 node27 node158 node131 node148 node84 node48 node65 node120 node1 node61 node110 node118 node72 node65 node192 node106 node50 node65 node118 node175 node149 node154 node127 node4 node95 node77 node139 node113 node154 node149 node30 node115 node52 node144 node30 node143 node92 node57 node107 node173 node76 node107 node173 node3 node12 node14 node188 node53 node90 node12 node190 node172 node87 node131 node170 node85 node62 node87 node13 node31 node42 node147 node13 node117 node33 node68 node86 node83 node145 node42 node83 node126 node168 node46 node168 node46 node188 node12 node167 node173 node156 node76 node32 node102 node135 node24 node73 node199 node21 node112 node69 node71 node18 node136 node54 node81 node91 node108 node7 node18 node183 node196 node183 node137 node146 node79 node153 node74 node69 node112 node134 node184 node0 node191 node157 node162 node0
88
node197 node100 node197
node101 node101
node102 node102
node46 node103 node195
node104 node104 node189
node105 node105
node106 node106
node107 node107
node108 node108
node109 node109
node110 node110
node111 node111
node112 node112
node113 node113
node114 node114
node115 node115
node155 node116 node142 node155
node117 node117
node118 node118
node119 node119
node120 node120
node128 node121 node125 node128
node133 node122 node133
node123 node123
node124 node124
node126 node126
node127 node127
node196 node129 node196
node130 node130
node131 node131
node132 node132
node134 node134
node135 node135
node136 node136
node137 node137
node138 node138
node139 node139
node140 node140
node141 node141
node143 node143
node144 node144
node145 node145
node146 node146
node147 node147
node148 node148
node149 node149
node170 node150 node170
node151 node151
node152 node152
node153 node153
node154 node154
node156 node156
node157 node157
node158 node158
node159 node159
node99 node160
node161 node161
node162 node162
node163 node163
node1 node164
node30 node165
node166 node166
node167 node167
node168 node168 node198
node169 node169
node96 node171
node172 node172
node173 node173
node174 node174
node175 node175
node176 node176
node177 node177
node178 node178 node194
node179 node179
node180 node180
node181 node181
node182 node182
node183 node183
node184 node184
node185 node185
node186 node186
node187 node187
node188 node188
node190 node190
node191 node191
node192 node192
node193 node193
node199 node199
