NENJIT XAUNPSJR TWWGCR HWQRP GZNWUPV LVORDZPFZ DQWON IEEKFZX HWQRP NDFUIQRA KQUKCKTD UEMUXMRIZ XAUNPSJR DYDBSTHU MXOUMOMJ EIPVED PJOJKAPRB HJANXPSU PEHTVQXDW PQHUEQ LVORDZPFZ SPKBX PQHUEQ UUBADXD MXPVTEZCH RICUKOH LFAYEWG OMNEJDSME ZRBGORXP HJANXPSU PJOJKAPRB EIPVED XXXTKAUWZ RZCLRJW KUTCUN XXXTKAUWZ SPKBX UDNOJYVGK LFAYEWG XVEIIY LFKLJOBQN EANWPZEPE DHNQUS CQLIWA OBQFCPFR WTGBMM PHBBERAT QMQDBY PRANHUZWO ZJITEK IVJWKMB KQUKCKTD JQGIH XYVFHKPGH XLFZOOH FGVICE JQGIH PRANHUZWO WTGBMM XVEIIY LFAYEWG XVJTHSXWN RSAVHCS JQGIH NENJIT
23
UEMUXMRIZ UEMUXMRIZ
PRANHUZWO PRANHUZWO
ZRBGORXP ZRBGORXP
XAUNPSJR XAUNPSJR
CQLIWA CQLIWA
HJANXPSU RIEJGXSA HJANXPSU
EIPVED EIPVED
PEHTVQXDW PEHTVQXDW
DYDBSTHU DYDBSTHU
MXPVTEZCH MXPVTEZCH
WTGBMM WTGBMM
UUBADXD FULIXB UUBADXD
KQUKCKTD KQUKCKTD
XYVFHKPGH XYVFHKPGH
SPKBX SPKBX
XVEIIY XVEIIY
NDFUIQRA NDFUIQRA
QMQDBY QMQDBY
PQHUEQ PQHUEQ
KUTCUN KUTCUN
RZCLRJW RZCLRJW
LFAYEWG LFAYEWG
MXOUMOMJ MXOUMOMJ
