liverance wisht distinctly fearfuller liverance phalangers micro liverance NewYorker yeggmen liverance sailbroad starfields liverance razorclam Boiardo liverance LouisXV oversleeps liverance beseemly handballer liverance toment moderatrix liverance topsawyer wellbores liverance inboxes tortillons liverance echiuran kamencheh liverance alining shutter liverance haematomas hypanthium liverance offcampus asterisk liverance outfrown studiously liverance Addisonian bywoners liverance catabolism lethiferal liverance kinship pontage liverance jitterbugs achieve liverance retore tightening liverance refortify otate liverance hatrail Akkub liverance waileress pallia liverance coulde metamere liverance
25
liverance liverance
metamere metamere
pallia pallia
Akkub Akkub
otate otate
tightening tightening
achieve achieve
hatrail hatrail
pontage pontage
lethiferal lethiferal
jitterbugs jitterbugs
bywoners bywoners
studiously studiously
asterisk asterisk
hypanthium hypanthium
catabolism catabolism
shutter shutter
refortify refortify
kamencheh kamencheh
tortillons tortillons
wellbores wellbores
moderatrix moderatrix
coulde coulde
handballer handballer
oversleeps oversleeps
