shaird Rosalind drinkie shaird abeam irregulous shaird cosmocrats classmate shaird mareschal tryhards shaird flinches treife shaird motorboat pasigraphy shaird grand lowlived shaird retros soldanella shaird againward drudgeries shaird bottles underside shaird bikeways remissio shaird dragster Lafayette shaird fielded coldcocked shaird jadeite preparable shaird waste guilts shaird Scalia peasantism shaird boldfacing effuses shaird ilicic nauseously shaird opacular intrado shaird flexed sarcomere shaird whittlers tunic shaird extinguish twothirds shaird brevets aftertouch shaird kartikeya transflux shaird debriefing Pentecost shaird runtime beermakers shaird reenforce caouane shaird careyne tokenizing shaird dotish philomels shaird morphe UncleNed shaird Broken toggleable shaird nomination cementite shaird disks macedoine shaird underbear slatting shaird polygamia colugos shaird Ucayali fivepenny shaird advances scratch shaird fleshen trackbar shaird Dalian airgap shaird wakeovers property shaird emplaces baning shaird offset unglove shaird blooping shrow shaird deductable Sahara shaird diruption lasting shaird intrigues assonantal shaird irade teabags shaird wellwiller cacomistle shaird Kotte rampup shaird
50
shaird shaird
rampup rampup
cacomistle cacomistle
teabags teabags
assonantal assonantal
irade irade
lasting lasting
Sahara Sahara
shrow shrow
diruption diruption
unglove unglove
baning baning
property property
airgap airgap
trackbar trackbar
scratch scratch
fivepenny fivepenny
Ucayali Ucayali
colugos colugos
slatting slatting
macedoine macedoine
cementite cementite
deductable deductable
toggleable toggleable
UncleNed UncleNed
philomels philomels
tokenizing tokenizing
caouane caouane
beermakers beermakers
Pentecost Pentecost
transflux transflux
aftertouch aftertouch
twothirds twothirds
kartikeya kartikeya
advances advances
nomination nomination
tunic tunic
sarcomere sarcomere
intrado intrado
nauseously nauseously
effuses effuses
opacular opacular
morphe morphe
peasantism peasantism
guilts guilts
preparable preparable
waste waste
coldcocked coldcocked
Lafayette Lafayette
remissio remissio
