73 86 32 121 151 32 50 65 4 12 15 43 166 88 27 117 24 25 112 107 82 90 111 91 5 56 111 53 90 27 166 100 49 144 149 126 64 126 21 149 152 69 89 100 145 128 161 2 114 194 76 113 109 19 40 95 33 94 127 33 49 192 3 95 157 148 182 140 112 62 131 157 66 77 45 172 11 33 95 157 159 165 173 165 23 159 188 48 163 26 28 22 177 170 193 10 170 71 78 106 177 46 80 92 60 7 6 181 146 84 169 68 153 184 31 198 119 68 84 146 174 167 141 174 129 57 79 38 51 102 65 122 13 102 38 17 168 55 72 13 36 134 120 37 67 162 96 133 125 9 162 67 37 164 1 54 99 1 189 18 118 176 123 180 55 60 7 6 80 116 133 195 46 77 41 59 75 191 124 92 160 87 191 143 97 0 192 108 183 147 0 97 156 52 58 110 137 42 39 178 52 156 150 114 93 139 98 70 29 106 20 139 135 132 182 93 150 175 83 64 8 156 26 58 113 199 197 130 166 85 159 135 130 113 197 186 63 30 187 47 81 158 47 186 138 136 14 73
93
0 0 61
2 2
6 6
7 7 44
10 10
11 11
12 12
15 15
138 16 138 155
19 19
21 21
24 24
26 26 115
27 27
165 35
37 37
39 39
40 40
41 41
42 42
47 47
48 48
49 49
52 52
53 53
55 55
57 57
58 58
60 60
62 62
63 63
66 66
68 68
70 70
71 71
72 72
73 73
75 75
76 76
77 77
81 81
82 82
83 83
89 89
92 92
95 95
96 96
98 98
99 99
84 101
107 107
109 109
110 110
112 112
118 118
119 119
122 122
123 123
124 124
125 125
127 127
128 128
129 129
133 133
135 135
136 136
143 143
145 145
153 153
85 154
159 159
161 161
162 162 185
163 163
166 166
167 167
168 168
169 169
64 171
173 173 196
175 175
176 176
183 183
184 184
186 186
187 187
189 189
156 190
191 191
192 192
194 194
195 195
197 197
