0 32 12 0 21 10 0 1 37 35 1 38 7 1 6 0 4 18 5 3 76 42 53 44 42 49 58 69 100 80 87 145 142 123 121 159 156 121 157 151 121 129 175 160 195 193 160 191 184 160 183 172 160 174 166 160 169 165 162 186 178 167 162 165 161 189 176 161 185 171 161 165 160 168 198 164 160 175 129 134 139 123 136 124 123 121 126 120 154 149 120 148 143 120 144 138 120 132 131 120 150 130 120 128 155 127 120 141 146 122 147 135 122 125 120 126 121 145 87 116 80 108 95 80 115 88 80 87 113 88 84 80 118 112 82 80 81 117 109 81 114 106 81 99 98 81 83 107 93 83 81 80 100 69 41 77 62 41 73 46 50 45 41 40 78 65 40 66 63 40 72 55 40 61 54 40 70 51 40 52 64 43 40 42 76 3 2 36 28 2 3 1 0
28
3 3
5 5
138 138
141 141
2 14
143 143
146 146
147 147
0 19
1 23
162 162
58 58
42 60
160 192
66 66
198 198
70 70
84 84
87 87
82 89 101
81 91 92 103
100 100
109 109
115 115
117 117
120 120
126 126
127 127
