92 28 5 34 67 37 74 85 21 51 12 73 43 60 91 54 75 22 50 43 60 91 60 43 73 12 51 81 8 11 22 50 43 60 36 29 99 29 36 60 91 7 49 55 90 35 90 55 49 63 31 91 3 70 3 93 3 91 57 67 6 84 78 77 41 77 78 16 45 26 45 16 94 34 2 91 2 34 5 28 5 49 61 64 47 52 42 47 97 5 34 58 46 58 34 2 34 67 68 0 76 6 67 92
40
0 0
26 1
2 2 13
3 3
5 5
29 10 29
11 11
12 12
46 14 46
16 16
90 17 18 90
41 19
43 20
21 21
91 23
60 24
35 32 35
70 33 70
37 37
57 44 57
45 45
47 47
50 50
54 54
55 55
93 59 93
61 61
63 63
64 64
76 65 95
68 68
28 72
73 73
74 74
78 78
85 85
42 86
99 87
94 94
97 97
