aliquam cras sem aliquam aenean volutpat aliquam ut mi aliquam praesent tempus aliquam eu sed aliquam hendrerit malesuada aliquam diam netus aliquam ultrices porttitor euismod ultrices aliquam viverra urna aliquam adipiscing at aliquam pharetra eget aliquam sollicitudin purus aliquam senectus a aliquam leo quisque ultrices pretium in ultrices habitasse egestas ultrices imperdiet tristique ultrices amet habitant ultrices elit vitae ultrices placerat venenatis ultrices quis lectus ultrices pellentesque tellus ultrices sit duis ultrices porta scelerisque ultrices integer orci ultrices aliquam
22
aliquam sagittis semper mattis fames turpis lorem cursus mauris congue nisi maecenas vestibulum eros
ultrices condimentum et ultricies consectetur gravida platea suscipit enim ornare nec
lectus lectus
vitae vitae
habitant habitant
senectus senectus
malesuada malesuada
sed sed
mi mi
quis quis
adipiscing adipiscing
praesent praesent
habitasse habitasse
quisque quisque
ut ut
viverra viverra
cras cras
eu eu
placerat placerat
imperdiet imperdiet
euismod euismod
porttitor porttitor
