AAA ABA ACA ADA BAA BAB BAC BBC BCC BDC BDD BCD BBD BAD BAC BAB BBB BAB BAA BBA BCA BDA CAA CBA CCA CDA DAA DAB DAC DBC DCC DDC DDD DCD DBD DAD DAC DAB DBB DAB DAA DBA DCA DDA EAA EBA ECA EDA FAA FAB FBB FAB FAC FAD FBD FCD FBD FAD FAC FAB FAA EDA EDB EDC EDD ECD EBD EAD EAC EAB EBB EAB EAA EBA ECA EDA FAA FBA FCA FDA GAA GAB GAC GAB GBB GCB GDB GDC GDD GCD GBD GAD GAC GAB GAA GBA GCA GDA HAA HAB HAC HBC HCC HDC HDD HCD HBD HAD HAC HAB HBB HAB HAA HBA HCA HDA IAA IAB IAC IBC ICC IDC IDD ICD IBD IAD IAC IAB IBB IAB IAA IBA ICA IDA JAA JAB JAC JAD JBD JCD JBD JAD JAC JAB JBB JAB JAA JBA JCA JDA KAA KBA KCA KDA LAA LAB LAC LAD LBD LCD LBD LAD LAC LAB LBB LAB LAA KDA KCA KBA KAA KAB KAC KAD KBD KCD KBD KAD KAC KAB KBB KAB KAA JDA JCA JBA JAA IDA ICA IBA IAA HDA HCA HBA HAA GDA GCA GBA GAA FDA FCA FBA FAA EDA ECA EBA EAA DDA DCA DBA DAA CDA CDB CDC CDD CCD CBD CAD CAC CAB CBB CAB CAC CAB CAA BDA BCA BBA BAA ADA ADB ADC ADD ACD ABD AAD AAC AAB ABB AAB AAA
57
AAD AAD
IAD IAD
ABB ABB ACB
AAC ABC
IBB IBB ICB
IBC IBC
ACD ACD
ICD ICD
ADD ADD
IDD IDD
BAD BAD
JAD JAD
BBB BBB BCB
BBC BBC
JBB JBB JCB
JAC JBC
BCD BCD
JCD JCD JDD
BDD BDD
CAD CAD
KAD KAD
CBB CBB CCB
CAC CBC
KBB KBB KCB
KAC KBC
CCD CCD
KCD KCD KDD
CDD CDD
DAD DAD
LAD LAD
DBB DBB DCB
DBC DBC
LBB LBB LCB
LAC LBC
DCD DCD
LCD LCD LDD
DDD DDD
EAD EAD
EBB EBB ECB
EAC EBC
ECD ECD
EDD EDD
FAD FAD
FBB FBB FCB
FAC FBC
FCD FCD FDD
GAD GAD
GBB GBB
GAC GBC
GCB GCB
GCD GCD
GDD GDD
HAD HAD
HBB HBB HCB
HBC HBC
HCD HCD
HDD HDD
