Gastre Woodinville Linxia Paramount Balzan Liuzhou Daga Managua Moyobamba Midland Liuzhou Caen Indianola Lospalos Kindu Sholapur Daloa Derby Sholapur Scranton Benha Edinboro Caen Benha Bouar Matruh Karlskrona Comendador Triesen Destrnik Ralston Tsiigehtchic Pazardzhik Norcross Paramount Lamu Prattville Taltal Nongan Prattville Maidenhead Woodlake Pazardzhik Uppsala Kyrenia Triesen Dahuk Juliaca Paramount Polatsk Taungoo Faranah Kalgoorlie Winters Taungoo Kindu Trzin Bungoma Neryungri Malolos Polatsk Clay Cumming Polatsk Coronel Bell Pingtung Leo Langsa Bell Elkin Atbasar Jagodina Qarshi Kalgoorlie Palopo Bosilovo Smithfield Cocieri Juliaca Scottsdale Tukchi Hope Forteau Aasiaat Davis Cumming Miandrivazo Absecon Aasiaat Hope Algonquin Polevskoy Chepes Sambava Forteau Coatzacoalcos Polevskoy Palu Charlestown Mbandaka Narva Punakha Ralston Skikda Charlestown Gwadar Mokena Bovec Tukchi Kelowna Mbandaka Sandy Smithfield Cocieri Juliaca Triesen Dongola Punakha Baicheng Branson Visby Channahon Branson Luganville Visby Dongola Kyrenia Triesen Gastre
50
Palu Allahabad
Benha Benha
Cumming Cumming
Maidenhead Maidenhead
Kalgoorlie Kalgoorlie
Malolos Malolos
Bovec Bovec
Woodinville Woodinville
Tukchi Tukchi
Polevskoy Polevskoy
Scranton Scranton
Destrnik Destrnik
Charlestown Charlestown
Baicheng Baicheng
Clay Clay
Luganville Luganville
Coronel Coronel
Kindu Kindu
Chepes Chepes
Taungoo Taungoo
Channahon Channahon
Neryungri Neryungri
Narva Narva
Sambava Sambava
Winters Winters
Cocieri Cocieri
Kyrenia Kyrenia
Derby Derby
Visby Visby
Bosilovo Bosilovo
Dongola Dongola
Coatzacoalcos Coatzacoalcos
Bungoma Bungoma
Polatsk Polatsk
Aasiaat Aasiaat
Hope Hope
Branson Branson
Absecon Absecon
Gwadar Gwadar
Triesen Triesen
Juliaca Juliaca
Pingtung Pingtung
Scottsdale Scottsdale
Sholapur Sholapur
Daloa Daloa
Bell Bell
Caen Caen
Punakha Punakha
Leo Leo
Forteau Forteau
