Milton Harahan Kiruna Milton Thessalon Stawell Boosaaso Yevlax Tallaght Winnsboro Balyqshy Bridgeville Mauldin Keene Winnsboro Tallaght Palmyra Cranbrook Littlestown Yevlax Saratov Monee Esmeraldas Mauldin Kelang Siquijor Kigali Kanal Guaranda Siquijor Barabinsk Thessalon Morawa Stawell Swansboro Bonao Mold Lucena Clawson Pleasantville Totness Galesburg Mold Kanoya Zumpango Totness Plast Cooma Managua Makinsk Carnikava Agago Makinsk Rumuruti Nguigmi Luga Riverdale Kasaali Luga Ipatinga Nguigmi Scottsdale Tunapuna Tula Karur Piran Lukulu Sari Jeonju Samux Bangassou Somers Samux Relizane Worthington Magway Jeonju Koboko Saurimo Ninde Koboko Jambi Krasnoufimsk Jizan Jambi Heath Kardzhali Hengshui Esperance Koboko Crawfordsville Moorhead Aylesbury Progress Jacmel Isparta Busan Aylesbury Tabriz Tabuk Dunhuang Tabriz Tajarhi Sylvester Zadar Tajarhi Crawfordsville Winona Nusaybin Quime Bonao Mangalore Atyrau Eydhafushi Ankaran Plast Dhule Marsaskala Kirsanov Kamnik Obihiro Thames Misratah Obihiro Sofia Zicheng Morondava Zahedan Vinita Sofia Marsaskala Cooma Chancay Colombo Joliet Esik Bifoum Kigali Kerma Moanda Plainfield Opelousas Westmont Koronadal Westmont Nasir Salsk Blida Waldwick Tumen Salsk Plainfield Yambol Arras Dalby Yambol Zumpango Zwedru Socorro Pakalongan Dalby Multan Brigantine Chicago Multan Saurimo Brikama Abaza Serpukhov Carpinteria Burylbaytal Chengde Chicopee Heidelberg Chengde Lochbuie Skovorodino San Cochrane Wallington Serpukhov Toktogul Shu Kerma Skiatook Georgetown Aizawl Plast Magdeburg Kimba Zumpango Ancud Ushtobe Ihosy Kimba Shu Joliet Maidstone Bam Helotes Nashville Saraland Winona Madrid Helotes Berkley Shamva Pasadena Abadan Suez Bam Martin Maidstone Huron Jizan Rotorua Colombo Thulusdhoo Lublin Lodja Brooklyn Chancay Swansboro Bonao Zvezdnyy Iturama Campana Grovetown Ashtabula Trang Ashtabula Poltava Shuangyashan Milton
94
Tunapuna Tunapuna
Koboko Koboko
Wallington Wallington
Samux Cairo Samux
Pakalongan Pakalongan
Kiruna Kiruna
Campana Devine Campana
Heath Heath Kirovohrad
Multan Multan
Agago Agago
Nguigmi Nguigmi Kitamilo
Ihosy Ihosy
Skiatook Skiatook
Mauldin Mauldin
Harahan Harahan
Shu Shu
Nusaybin Nusaybin
Luga Luga
Kelang Kelang
Pasadena Pasadena
Madrid Madrid
Zumpango Zumpango
Zadar Zadar
Kanoya Kanoya
Aizawl Aizawl
Kerma Kerma
Tabriz Tabriz
Kasaali Kasaali
Trang Trang Hayden
Barabinsk Barabinsk
Dalby Dalby
Jizan Jizan
Totness Totness
Chicago Chicago
Marsaskala Marsaskala
Clawson Clawson
Burylbaytal Burylbaytal
Vinita Elburn
Pleasantville Pleasantville
Managua Managua
Milton Milton
Karur Karur
Cochrane Cochrane
Toktogul Toktogul
Scottsdale Scottsdale
Piran Piran
Ipatinga Ipatinga
Plast Plast
Cooma Cooma
Jambi Jambi
Winona Winona
Boosaaso Boosaaso
Crawfordsville Crawfordsville
Tabuk Tabuk
Sofia Sofia
Arras Arras
Chancay Chancay
Zicheng Zicheng
Esmeraldas Esmeraldas
Rumuruti Rumuruti
Yevlax Yevlax
Socorro Socorro
Moanda Moanda
Bonao Barddhaman Bonao
Shamva Shamva
Esik Esik
Berkley Berkley
Carnikava Carnikava
Jeonju Jeonju
Makinsk Makinsk
Ashtabula Ashtabula
Hengshui Hengshui
Kimba Kimba
Siquijor Siquijor
Salsk Salsk
Joliet Joliet
Moorhead Moorhead
Quime Quime
Littlestown Littlestown
San San
Sari Sari
Dunhuang Dunhuang
Plainfield Plainfield
Zvezdnyy Zvezdnyy
Koronadal Jerusalem
Tallaght Tallaght
Helotes Helotes
Martin Martin
Eydhafushi Eydhafushi
Lodja Lodja
Chicopee Chicopee
Morondava Morondava
Bam Bam
Keene Keene
