Wrightsville Massena Maywood Gevgelija Rauna Pljevlja Yei Niyala Metz Omagh Zanzibar Manjimup Hsinchu Zanzibar Gyumri Manta Pljevlja Ayacucho Seward Gevgelija Maywood Vidalia Gombe Praya Asti Progress Ayacucho Amiens Rivas Ayacucho Ljutomer Changde Bayonne Kaduna Necochea Leeuwarden Mzimba Gevgelija Brownsweg Orsha Francistown Elburn Rauna Coihaique Temirtau Metz Gemena Sayhut Olinda Temirtau Taganrog Coihaique Golubac Rauna Palopo Morden Irvington Zhongli Wrightsville
25
Leeuwarden Leeuwarden
Hsinchu Hsinchu
Irvington Irvington
Bayonne Bayonne
Rauna Rauna
Mzimba Mzimba
Gemena Gemena
Changde Changde
Golubac Golubac
Zanzibar Zanzibar
Rivas Rivas
Temirtau Temirtau
Ljutomer Ljutomer
Pljevlja Pljevlja
Progress Progress
Palopo Palopo
Asti Asti
Necochea Necochea
Sayhut Sayhut
Praya Praya
Metz Metz
Gevgelija Gevgelija
Ayacucho Ayacucho
Coihaique Coihaique
Maywood Maywood
