Soda Location15 Location20 Location113 Location1 Location58 Location50 Location22 Location109 Location22 Location156 Location1 Location58 Location53 Location58 Location63 Location148 Location81 Location57 Location88 Location60 Location12 Location120 Location32 Location120 Location12 Location180 Location6 Location189 Location106 Location110 Location134 Location6 Location16 Location6 Location16 Location48 Location7 Location75 Location2 Location49 Location13 Location179 Location14 Location29 Location14 Location179 Location97 Location28 Location96 Location66 Location93 Location66 Location96 Location28 Location151 Location43 Location122 Location0 Location145 Location100 Location55 Location81 Location155 Location64 Location21 Location27 Location82 Location27 Location115 Location19 Location99 Location19 Location68 Location19 Location27 Location0 Location145 Location14 Location191 Location11 Location89 Location39 Location55 Location39 Location89 Location11 Location74 Location26 Location121 Location52 Location144 Location65 Location62 Location126 Location62 Location65 Location144 Location52 Location121 Location40 Location121 Location46 Location26 Location74 Location11 Location10 Location77 Location78 Location165 Location1 Location58 Location170 Location54 Location174 Location2 Location112 Location41 Location123 Location189 Location184 Location75 Location187 Location163 Location176 Location38 Location24 Location159 Location13 Location188 Location33 Location143 Location17 Location135 Location9 Location158 Location175 Location49 Location13 Location187 Location35 Location182 Location43 Location133 Location13 Location187 Location30 Location141 Location23 Location146 Location103 Location149 Location174 Location2 Location49 Location70 Location61 Location67 Location61 Location42 Location120 Location72 Location105 Location30 Location4 Location160 Location18 Location15 Soda
71
Location0 Location0 Location131 Location190
Location1 Location1 Location132
Location109 Location3
Location176 Location8 Location176
Location9 Location9
Location10 Location10
Location11 Location11 Location125
Location12 Location12
Location16 Location16
Location19 Location19 Location25 Location164
Location27 Location27 Location168
Location28 Location28
Location29 Location29 Location181
Location30 Location30 Location34
Location32 Location32 Location116
Location33 Location33
Location145 Location36 Location145
Location38 Location38
Location39 Location39 Location119
Location40 Location40 Location162
Location41 Location41 Location102
Location42 Location42
Location43 Location43
Location46 Location46
Location48 Location48
Location49 Location49
Location50 Location50
Location99 Location56 Location99
Location57 Location57
Location60 Location60
Location62 Location62
Location64 Location64
Location70 Location70
Location72 Location72
Location74 Location74 Location87
Location75 Location75
Location88 Location88
Location89 Location89
Location96 Location90 Location101
Location93 Location104
Location105 Location105
Location112 Location112
Location113 Location113
Location115 Location115
Location66 Location118
Location120 Location120
Location123 Location123
Location82 Location127
Location67 Location128
Location17 Location129 Location172
Location134 Location134
Location135 Location135
Location68 Location142
Location143 Location143
Location144 Location144
Location126 Location147
Location149 Location149
Location151 Location151
Location53 Location154
Location158 Location158
Location163 Location163
Location55 Location173
Location179 Location179
Location180 Location180
Location182 Location182
Location184 Location184
Location187 Location187
Location188 Location188
Location189 Location189
Location191 Location191
Soda Soda
