Soda Location87 Location48 Location73 Location43 Location68 Location10 Location18 Location34 Location1 Location90 Location17 Location45 Location8 Location45 Location2 Location57 Location2 Location45 Location86 Location47 Location84 Location27 Location59 Location14 Location16 Location72 Location16 Location14 Location59 Location47 Location46 Location26 Location46 Location50 Location14 Location16 Location62 Location5 Location11 Location40 Location70 Location13 Location21 Location13 Location40 Location11 Location80 Location23 Location92 Location42 Location37 Location71 Location55 Location19 Location44 Location7 Location53 Location81 Location94 Location65 Location5 Location11 Location7 Location94 Location29 Location58 Location29 Location61 Location36 Location12 Location32 Location67 Location4 Location42 Location37 Location94 Location64 Location32 Location12 Location3 Location54 Location6 Location22 Location20 Location22 Location6 Location90 Location25 Soda
30
Location26 Location0 Location26
Location1 Location1
Location2 Location2
Location3 Location3
Location5 Location5
Location7 Location7
Location57 Location9 Location57
Location10 Location10
Location12 Location12
Location16 Location16
Location17 Location17 Location56
Location20 Location20 Location31
Location23 Location23
Location36 Location28
Location29 Location29
Location32 Location32 Location66
Location70 Location35 Location70 Location79
Location14 Location38
Location45 Location39 Location45
Location72 Location41 Location72
Location42 Location42
Location44 Location44
Location46 Location46
Location58 Location58 Location77
Location19 Location74
Location8 Location76
Location80 Location80
Location21 Location82
Location40 Location93
Location94 Location94
