xjbms vxjkc fuume bicnj ocgbu iddrb lpolv fuume ttdxn hwhxr hnizb swhav ybgaf ydhop ayxok nrtqp lyixz guhob oovyk sfjej orytw oovyk lyixz beqlb vjfhc swhav llwzk ydhop nwnsv otdam ejwkt vaeqh qkysn omloa vaeqh otdam ddinl xhmwj nnnts bsuwt xeikc upyzd nrpoi bsuwt kvvqk fxhek dzfkr nnnts svmzn lfceh uzzfw bitkj qifda lfceh xvefe yifeb hstmf zencz ngcwb yifeb yuayd deoux vsiti yuayd rlqrg uegez apwvq yjjhy mafkf xevqr uvqrb usrtf rnrnh hrige psudb vlzjn usrtf rlqrg hgzmo bwgqu htabn lkzxl kyaqs tykrt rfxfz htabn tipgc yqwbd akegy fnhle begrs jsibo brcet mrnvg yztko bqgqy mrnvg impuz begrs xecik riwwe yvlpb mbzzn jrhzu xecik akegy czppi bthif umkyo czppi vlzjn wnlug hgzmo itxfb qkzwm kymjg wxnxi dgrcv npvgp kymjg wtpkb npvgp fxnnl ttdxn amkzk hwhxr xjbms
50
hwhxr hwhxr
wnlug wnlug
kyaqs kyaqs
nrtqp nrtqp
beqlb beqlb
lpolv lpolv
vaeqh vaeqh
akegy akegy
lkzxl lkzxl
bicnj bicnj
czppi czppi
fuume fuume
llwzk llwzk
dzfkr dzfkr
fxnnl fxnnl
qkysn qkysn
lyixz lyixz
mbzzn mbzzn
bthif bthif
uegez uegez
iddrb iddrb
xecik xecik
deoux deoux
ydhop ydhop
rnrnh rnrnh
impuz impuz
riwwe riwwe
xjbms xjbms
ejwkt ejwkt
wxnxi wxnxi
npvgp npvgp
usrtf usrtf
uzzfw uzzfw
lfceh lfceh
psudb psudb
bqgqy bqgqy
bsuwt bsuwt
xeikc xeikc
fnhle fnhle
bwgqu bwgqu
hstmf hstmf
tykrt tykrt
itxfb itxfb
kvvqk kvvqk
nnnts nnnts
ocgbu ocgbu
mrnvg mrnvg
ybgaf ybgaf
xvefe xvefe
yztko yztko
