lkplf xraqx pxoew gszur dprqf rvjuv lnndk xraqx ixhcy vanpa uzfff pajep ehsam ccbcf tjlhk pjplv ccbcf hupyp ehsam sbpfg tnccf xzqku zdwhm vyluf aiglp jzkkr nqvqo passj jzkkr lfllu onzwv sgphu passj ofnly dhjbs yvbjt oackv cpbgl lnndk iszqq qlvnf kvqtz etpku qlvnf xraqx midzw ecolz wqebu mnpsi midzw wqebu yvbjt aybls xhwzk wfduo wkvjd cilwc wfduo pajep vanpa oqbyz ifonh etpku ptkrs xrkws lkplf
25
dhjbs dhjbs
ptkrs ptkrs
ofnly ofnly
etpku etpku
lnndk lnndk
xrkws xrkws
tjlhk tjlhk
nqvqo nqvqo
xhwzk xhwzk
rvjuv rvjuv
pxoew pxoew
ccbcf ccbcf
onzwv onzwv
jzkkr jzkkr
iszqq iszqq
pajep pajep
qlvnf qlvnf
tnccf tnccf
ifonh ifonh
xraqx xraqx
ecolz ecolz
wkvjd wkvjd
vyluf vyluf
wfduo wfduo
vanpa vanpa
