0 78 59 70 74 50 15 45 14 23 73 95 69 50 75 12 14 45 13 91 32 62 9 13 16 55 67 15 50 16 4 25 35 19 25 68 48 63 61 39 68 38 16 96 76 67 89 79 72 39 32 81 86 84 31 71 10 31 4 65 53 86 92 90 11 87 77 41 11 90 54 57 92 86 81 83 52 36 32 81 33 7 81 44 97 46 51 85 46 66 9 42 34 44 93 26 80 18 17 24 26 6 59 88 8 56 94 27 22 18 30 49 99 37 49 30 78 0
40
0 0
50 1
41 2 41
57 3
4 4
53 5 28
6 6
7 7
8 8
9 9
10 10
11 11
12 12
13 13
14 14
15 15
16 16
17 17
18 18
19 19
23 20 23
54 21
22 22
24 24
25 25
26 26
27 27
49 29
30 30
31 31
32 32
33 33
35 35
36 36
37 37
38 38
39 39
81 40
42 42
86 43
