0 52 49 101 92 112 15 40 101 87 193 154 130 79 113 175 169 130 117 91 175 9 113 7 5 189 69 65 53 36 167 181 146 103 14 135 118 150 60 4 127 123 71 177 161 48 177 82 142 6 146 5 55 152 109 193 173 55 56 28 111 26 129 111 96 85 62 78 64 160 83 38 84 64 76 192 128 163 100 183 137 36 156 176 125 151 148 130 165 42 165 8 15 120 130 34 21 125 176 116 157 120 63 158 141 178 187 190 86 160 187 104 93 151 173 13 119 93 151 94 125 21 115 24 21 39 88 95 194 20 17 95 54 17 66 37 47 195 16 10 106 37 46 41 35 66 45 89 59 3 99 50 32 3 59 67 139 123 28 81 122 139 57 82 134 147 172 74 167 2 59 114 196 41 72 77 140 152 80 179 149 179 145 27 23 188 77 131 168 25 158 73 180 197 73 174 138 33 68 102 51 58 130 68 73 121 19 55 124 19 136 98 171 132 62 98 153 31 132 62 146 90 171 170 70 186 11 132 0
74
0 0
92 1
2 2
3 3
4 4
5 5
6 6
7 7
8 8
9 9 44
10 10
11 11
151 12
13 13
14 14
15 15
16 16
17 17
194 18
19 19
20 20
21 21
42 22 42
23 23
24 24
25 25
26 26
27 27
28 28
174 29
181 30
31 31
32 32
33 33
34 34
35 35
36 36
37 37
38 38
39 39 61
41 41
149 43
45 45
46 46
47 47
48 48
49 49
50 50
51 51
52 52
53 53
54 54
55 55
56 56
57 57
58 58
59 59
60 60
62 62
63 63
64 64
65 65
66 66
67 67
68 68 75
69 69
70 70
71 71
72 72
73 73
74 74
76 76
77 77
78 78
