Soda Qqlqdxhzie Jnaceez Qqlqdxhzie Soda Hfow Lhsmxzizl Mvcjmf Cyvexr Vlgzfpnbc Cyvexr Mvcjmf Xejpqgtkdas Swqguyhe Padpmqkrh Vfqiraszogs Fvndgg Efxaew Ncfr Gyee Cyvexr Mvcjmf Lhsmxzizl Zcefzlovt Lhsmxzizl Saglt Uqfqb Saglt Pliaph Qwebscsrirm Vevhjnfq Qwebscsrirm Pliaph Saglt Kinbv Wmcvikgvq Jfpmcxyq Ngwqyhtrts Tbyuqkgtm Jfpmcxyq Xccdgajnci Iahhs Slhe Ppbp Myxxw Nqdl Eankdxbivc Xkegoqksfou Yyrymdkl Lwkzgtniodd Lxdhirt Etvvmmshisx Xbpw Vbbopctjfsu Prteefgv Shqm Qwisoqgzm Lwkzgtniodd Qwisoqgzm Psynz Hfbml Svdpn Locjp Ibnxkznems Xyqun Phjuuz Mzwrip Phjuuz Vyvsecjguy Ctimqbeqklg Uvljm Yfuahicj Nmjejbpgabv Lxdhirt Etvvmmshisx Fagweskgci Pxeoninncbl Slhe Jmlnmcpww Pliaph Yscso Eqtpmllrky Bjxy Lisdkopju Bjxy Bbqlwgzteg Soda
37
Swqguyhe Swqguyhe
Lwkzgtniodd Lwkzgtniodd Hbsc
Lhsmxzizl Lhsmxzizl
Iahhs Vbibp
Hfbml Hfbml
Phjuuz Phjuuz
Svdpn Svdpn
Ncfr Ncfr
Yyrymdkl Yyrymdkl
Xbpw Xbpw
Vbbopctjfsu Vbbopctjfsu
Tbyuqkgtm Fmgwavgppb Rxeuijsrpky
Mzwrip Fwerc Mzwrip
Uqfqb Uqfqb Usfucahrvrj
Saglt Saglt Lyurrdtdw Rchfmjdesx
Jnaceez Tjqkxczzumv Jnaceez
Shqm Zxrxvqvnm Lcia
Prteefgv Kslp Prteefgv Ugtgajtqmg
Eqtpmllrky Eqtpmllrky
Vevhjnfq Yxjvwhefqif Vvvqw
Ibnxkznems Ibnxkznems
Slhe Slhe
Xkegoqksfou Xkegoqksfou
Qwisoqgzm Zgvnjegpj
Psynz Psynz
Zcefzlovt Zcefzlovt Nkqzgfasj
Padpmqkrh Padpmqkrh
Vlgzfpnbc Hoir Vlgzfpnbc
Fagweskgci Fagweskgci
Nqdl Nqdl
Qwebscsrirm Qwebscsrirm
Pliaph Pliaph
Ppbp Fwmaudwdwa
Xyqun Xyqun
Cyvexr Cyvexr
Lisdkopju Wyvuhfzpeh
Myxxw Myxxw
