0 22 32 59 83 58 46 69 39 82 94 91 30 82 31 83 64 73 38 68 95 89 10 21 76 74 21 70 10 56 15 97 35 28 97 41 19 77 23 19 16 63 51 16 62 15 1 56 71 90 1 96 24 29 75 1 24 34 68 84 38 80 7 93 48 7 38 73 11 6 50 17 45 87 52 45 79 27 66 8 45 6 67 65 6 78 61 72 64 98 61 36 37 53 42 99 37 42 33 85 3 12 86 3 18 9 4 49 5 4 47 20 55 26 20 57 2 13 40 92 44 40 43 25 13 60 54 13 88 2 4 81 0 32 14 0
30
0 0
3 3
7 7
11 11
13 13
17 17
19 19
23 23
25 25
28 28
30 30
35 35
36 36
37 37
40 40
46 46
54 54
61 61
64 64
66 66
67 67
69 69
73 73
77 77
80 80
82 82
87 87
90 90
96 96
97 97
