KMZ JUW KQK KMZ RYI PWL KMZ WZI HTV KMZ LAP JTH KMZ MPH AFO KMZ SZK CFY KMZ SBG EVY KMZ UAO SNZ KMZ KDO HJE IUG YGM KMZ GMG UXY KMZ BWL ZLZ KMZ JBD YEC KMZ IEN KMD KMZ SQG UJF KMZ YFA GAZ KMZ GVH DEW UQR XPB DEW WVO VSQ CDW EOW ZUM KAL EOW DEW MWN QUS MWQ MWN KMZ IUG RWN IWF BAA HON EXX BAA UCI NYW OBR AQG NYW BVP JUM NYW KMZ TSZ EDX TCR TSZ WXY LRF JMI DGD PUF JMI STY BMH WDE ZCR BMH BTR HUL BMH TBO WXC BMH WVM WDN BMH XYT ZAY BMH MWC URI QXF ZYE HGZ QXF BMH KMZ SRK OUR YET RDP OUR KVT WYK OUR HTP WDZ OUR PHM TUF OUR NPV XNH OUR RJV GAE OUR KNQ RHL OUR PSZ KMO ZUA PSZ NLD DKS PSZ ZES OLU PSZ TGQ DTJ PSZ TFL HDY PSZ YWR ZLO PSZ ENU XNM PSZ JQW IOV PSZ EHU GJW PSZ ZTE KDF PSZ GEV IKT WGU KDH PSZ KGU HTU NHT KGU LCB WFO KGU XWZ EFO BAA BUN TFP BAA AXG HHH BAA KMZ MRP SCT CEA MRP KTL WGV MRP NEC CJX MRP JLU QOE MRP XHS MQG MRP KXA WPB MRP OSU IVQ MRP KMZ
79
OUR OUR VTA COR
PSZ PSZ KBZ VIF FZZ CSI FYE
BMH BMH HSN
DEW DEW GJK
NYW NYW
MWN MWN
RHL RHL
GAZ GAZ
KMZ MMI EKW PKG NDM FBZ ACK NSY
KDH KDH
KDF KDF
WDN WDN
VSQ VSQ
CDW CDW
MRP VZI XFP IYC
GJW GJW
XNM XNM
WXC WXC
BAA HPL XXL MBM DZY YQU
YEC YEC
ENU ENU
RWN RWN
YWR YWR
HDY HDY
WPB WPB
MQG MQG
EFO EFO
GVH GVH
YGM YGM
XNH XNH
XWZ XWZ
TSZ VNH
EVY EVY
MWC MWC
AFO AFO
JTH JTH
QUS QUS
KNQ KNQ
QOE QOE
HGZ HGZ
XPB XPB
BVP BVP
HTU HTU
HTV HTV
IKT IKT
ZES ZES
BUN BUN
PWL PWL
UAO UAO
LCB LCB
KQK KQK
KDO KDO
BWL BWL
WYK WYK
OBR OBR
WZI WZI
KAL KAL
ZUA ZUA
URI URI
GEV GEV
CEA CEA
NLD NLD
YFA YFA
DGD DGD
RDP RDP
WVO WVO
YET YET
KVT KVT
TFL TFL
SZK SZK
ZCR ZCR
IEN IEN
BTR BTR
EXX EXX
LRF LRF
WDE WDE
GMG GMG
HON HON
XYT XYT
