59 77 44 20 28 65 28 48 87 68 52 93 82 78 33 72 37 94 40 37 72 33 78 82 93 52 48 85 66 18 1 57 9 26 30 11 99 35 11 54 83 21 71 83 21 34 76 34 83 54 11 30 26 9 10 79 51 22 75 88 80 60 97 62 60 67 47 29 100 46 2 92 19 2 73 17 2 27 41 38 27 13 74 3 6 2 4 56 25 81 4 56 89 0 98 56 4 46 100 29 70 61 29 67 60 88 75 22 90 84 22 51 8 86 79 8 91 45 8 15 39 49 23 15 8 64 10 9 55 12 9 57 1 53 18 66 20 50 14 16 58 20 44 77 59
19
0 0
1 1
76 5
14 14
15 15
18 18 42
20 20
23 23
44 44
50 50
53 53
58 58
66 66
68 68
77 77
86 86
93 93
94 94
65 95
