m6 k7 c5 j0 z4 z7 c0 z4 n4 a0 f4 z2 l3 k1 b4 q0 b2 n8 w3 b1 b2 a3 a7 w3 b9 j9 h9 a3 a7 e9 q7 c9 m2 v3 r4 g6 d3 v3 c9 l4 n3 g0 v7 x5 c7 n3 d9 q5 z0 c8 d9 x0 b6 h2 x1 e6 h0 g5 h5 g5 x4 e6 j4 w9 l2 n7 l1 w2 j8 x8 k9 v1 m0 n6 f0 l9 d5 g4 v6 f9 e3 b5 l6 g3 f2 g2 h7 j5 g9 j6 g7 c3 g9 x2 f2 b5 d5 e2 r2 k5 m8 e2 w8 q3 v5 b0 w1 w6 h8 z8 e2 f0 k2 g4 e4 n1 c1 l1 a1 f3 l0 n5 c2 v2 m3 n9 r8 k0 x9 v2 k0 h7 m5 y0 q6 c4 e5 z5 d1 w7 j7 d1 f8 k8 e5 l7 d0 e5 m4 q8 w4 g8 z6 d2 m1 q9 d2 f7 b3 g8 x3 r3 a4 c4 e8 m9 d8 l0 w0 d7 a1 l1 q2 r0 v8 a8 v0 n7 a8 g1 z3 c6 l8 h6 q1 b7 d4 a5 z9 h3 j1 a5 n0 r1 e7 r1 n0 a6 x7 w5 e0 m7 j3 h1 r2 f5 r6 v4 z1 f5 a5 n7 b7 a5 l5 k4 f7 r9 r7 a2 l5 f1 b6 d9 l4 c0 x6 k3 z4 k7 m6
96
a0 a0
a1 a1
a5 a5
a6 a6
a8 a8
e3 a9 e3
b0 b0
b3 b3
q2 b8
b9 b9
c0 c0
c2 c2
c3 c3
c5 c5
c9 c9
d0 d0
d3 d3
d4 d4
d5 d5
h5 e1
e2 e2
e6 e6
e9 e9
f1 f1
f4 f4
f5 f5
k7 f6 k7
f7 f7
g0 g0
g2 g2
g6 g6
g8 g8
g9 g9
h1 h1
e7 h4 n2
h7 h7
h8 h8
h9 h9
j0 j0
j1 j1
f0 j2
j3 j3
j4 j4
j5 j5
j8 j8
j9 j9
k0 k0
k2 k2
k4 k4
k8 k8
k9 k9
z3 z3
z8 z8
z9 z9
x1 x1
x5 x5
x7 x7
x9 x9
v0 v0
v1 v1
v4 v4
v6 v6
n3 n3
n5 n5
n6 n6
n7 n7
n8 n8
m4 m4
m6 m6
m8 m8
l0 l0
l2 l2
l4 l4
l5 l5
l6 l6
l7 l7
l8 l8
q0 q0
q1 q1
q3 q3
h3 q4
q6 q6
q7 q7
q8 q8
w1 w1
w2 w2
w3 w3
w8 w8
w9 w9
r1 r1
r2 r2
r3 r3
r4 r4
r7 r7
r8 r8
y0 y0
