stop0 stop83 stop87 stop0 stop73 stop80 stop0 stop65 stop55 stop0 stop75 stop51 stop0 stop91 stop46 stop0 stop41 stop27 stop0 stop69 stop20 stop0 stop60 stop17 stop0 stop11 stop10 stop0 stop62 stop89 stop5 stop67 stop29 stop5 stop0 stop61 stop14 stop81 stop3 stop4 stop3 stop0 stop6 stop18 stop57 stop1 stop2 stop96 stop56 stop2 stop63 stop53 stop2 stop43 stop40 stop2 stop66 stop35 stop2 stop54 stop1 stop44 stop21 stop1 stop2 stop1 stop0
26
stop2 stop2 stop22 stop24
stop3 stop3 stop8 stop19 stop30
stop0 stop7 stop9 stop23 stop26 stop33 stop42 stop45 stop48 stop68 stop79 stop84 stop92 stop97 stop82 stop86
stop4 stop13 stop36
stop14 stop14
stop17 stop17
stop20 stop20
stop21 stop21
stop1 stop28 stop58 stop74 stop85
stop35 stop35
stop40 stop40
stop46 stop46
stop51 stop51
stop53 stop53
stop54 stop54
stop55 stop55
stop56 stop56
stop62 stop62
stop65 stop65
stop66 stop66
stop67 stop67
stop69 stop69
stop96 stop96
stop80 stop80
stop87 stop87
stop75 stop75
