0 116 10 13 21 13 173 153 173 122 89 85 117 89 196 56 7 78 144 119 37 188 196 89 81 37 145 182 166 60 49 199 25 79 62 47 46 148 127 47 160 30 91 109 124 106 73 102 124 64 72 150 50 90 45 26 143 109 50 90 45 90 66 179 129 44 65 102 124 138 160 47 62 58 33 25 4 97 139 97 147 186 42 77 155 110 35 51 105 51 35 110 130 28 77 155 110 164 185 35 36 5 170 178 190 43 11 178 115 61 136 55 181 134 184 113 191 108 118 95 83 134 184 113 98 192 98 87 198 1 70 126 88 180 6 96 169 126 87 98 59 87 17 181 52 55 136 61 121 15 23 101 174 14 40 172 40 31 133 154 19 12 157 27 142 29 57 39 161 120 159 146 195 146 158 19 12 34 99 140 162 22 75 151 135 16 177 16 135 171 128 80 193 38 193 111 187 71 68 7 117 13 18 0
87
13 13
97 97 69
139 48
31 31
87 87
95 95
81 81
44 44
17 17
177 74 67
29 29
40 40 94 92
4 4
21 21 82
25 25
16 16
85 85
88 88
6 6
161 86
68 68
43 93 43
75 75
38 53 38
50 50
0 3 0
70 70
61 61 9
58 58
19 19
60 60
64 64
33 33
73 73
46 46
80 80
14 14
52 52
42 42
83 83
99 99
49 49
34 34
65 65
27 27 41
22 22
79 79
18 18
5 5
1 1
15 15
55 55
153 2
172 84
51 20 32 51
157 54
37 37
66 66
62 62
10 10
28 28
56 56
71 71
78 78
90 90
192 24
47 47
12 12
7 7
59 59
98 98
72 72
45 45
23 23
39 63 39
57 57
35 35
36 36
89 89
105 8
30 30
26 26
96 96
11 11
195 76
77 77
91 91
