77 39 9 14 7 25 45 58 67 61 14 7 37 6 7 25 26 16 24 13 26 59 10 26 27 22 36 38 82 81 80 54 44 84 8 71 21 76 66 73 1 53 78 1 78 20 21 8 51 0 68 5 31 2 5 85 70 52 86 62 65 48 85 60 19 47 82 54 55 44 50 47 87 88 28 83 30 33 79 18 40 75 34 43 15 40 64 11 88 29 28 35 3 19 4 60 32 46 17 23 12 57 17 77
41
4 4
6 6
7 7
9 9
10 10
11 11
15 15
17 17
18 18
19 19
20 20
21 21
24 24
27 27
31 31
33 33
40 40
1 42
44 44
48 48
35 49
50 50
54 54
58 58
59 59
60 60 63
61 61
64 64
65 65
66 66
67 67
68 68
73 69
62 72
75 75
76 76
77 77
78 78
79 79
81 81
88 88
