144 58 133 96 60 145 177 129 179 45 33 131 103 134 52 87 103 42 76 131 33 176 1 45 142 97 145 184 26 120 49 9 121 69 119 187 91 119 51 69 141 25 18 141 68 69 5 100 121 162 7 160 128 138 7 99 95 161 8 152 185 71 95 79 139 8 75 175 149 39 48 23 188 150 23 175 166 102 37 113 182 156 130 186 35 140 143 106 140 31 106 173 178 86 164 126 21 78 54 4 78 86 27 156 85 118 104 148 67 137 84 159 147 41 159 70 56 74 167 124 84 157 108 43 24 108 146 154 61 111 77 98 6 77 61 137 168 67 170 181 83 174 116 83 101 163 171 82 59 183 36 163 53 101 12 34 72 12 180 57 81 107 90 151 172 14 30 151 169 90 89 46 81 66 122 123 114 112 44 114 88 132 73 80 153 32 105 3 122 135 32 40 80 16 22 62 13 55 115 110 65 2 94 155 165 66 123 17 10 185 92 136 117 0 63 64 49 127 9 109 120 60 158 11 28 11 47 144
71
128 128
130 130
3 3
131 131
132 132
133 133
7 7
8 8
136 136
11 11
13 13
14 14
141 141
16 16
142 142
18 18
28 19 28
147 147
21 21
24 24
152 152
156 156
157 157
158 158
159 159
165 165
39 39
169 169
42 42
43 43
44 44
170 170
174 174
47 47
49 49
51 51
53 53
183 183
187 187
188 188
62 62
64 64
66 66
67 67
70 70
74 74
75 75
76 76
78 78
79 79
83 83
87 87
88 88
90 90
92 92
162 93
95 95
99 99
104 104
106 106
107 107
108 108
110 110
112 112
114 114
119 119
120 120
122 122
124 124
126 126
127 127
