0 13 48 90 86 17 93 79 17 16 17 3 53 82 39 3 37 81 74 28 84 57 28 35 8 28 3 36 0 15 49 88 4 45 34 4 6 11 89 54 11 6 62 56 14 11 76 47 19 6 11 20 31 60 48 71 9 0 34 61 1 87 70 1 29 5 73 42 5 69 26 5 12 81 51 12 21 58 68 40 2 85 65 2 63 64 7 66 23 7 30 41 94 10 18 7 63 2 1 0
41
1 1
2 2
6 6 92
11 11
12 12 50
13 13
16 16 52
18 18 32 38
20 20
21 21
23 23
9 24 33
17 25
29 29
31 31
34 34
35 35
36 36
37 37
40 40
8 43 80
49 49
51 51
54 54
56 56
57 57
60 60
61 61
62 62
63 63
64 64
65 65
68 68
69 69
70 70
71 71
74 74
84 84
86 86
89 89
94 94
