0 187 21 86 26 70 25 103 0 150 89 0 124 75 0 98 95 5 174 112 5 128 49 24 5 51 0 92 2 138 120 2 133 102 2 126 83 2 97 73 2 93 59 2 29 188 158 29 55 2 155 34 140 106 17 7 195 168 7 110 143 11 183 173 11 176 82 11 80 65 11 41 139 28 11 54 7 58 13 31 52 10 194 171 10 172 108 10 31 7 19 152 74 19 39 19 7 12 104 30 12 79 20 123 117 20 12 7 34 2 61 3 36 160 125 9 193 145 9 156 99 9 87 3 154 63 3 192 106 78 1 147 88 1 71 60 1 109 47 1 164 42 1 131 167 6 180 151 6 165 170 66 6 1 40 3 36 37 42 44 38 27 2 15 181 100 15 175 57 15 48 153 32 177 175 132 33 35 32 15 4 178 122 4 15 22 119 45 22 43 69 135 166 18 64 21 0 56 8 159 14 141 129 14 148 8 115 26 14 8 18 94 62 25 16 105 68 16 23 107 91 23 16 0
87
1 1 142
2 2
5 5
10 10
11 11
12 12 186 189
13 13 77 130
14 14
21 21
22 22
23 23 136
24 24
26 26
27 27
28 28
29 29
30 30
31 31
34 34
35 35
38 38
39 39 46
42 42
44 44
45 45
47 47
49 49
7 50
51 51
52 52
56 56
59 59
62 62
63 63
64 64
66 66
17 67 146
68 68
71 71
36 72
73 73
6 76
78 78
79 79
82 82
8 85
87 87
91 91
93 93
94 94
97 97
99 99
100 100
4 101 149 163
103 103
104 104
105 105
108 108
110 110
115 115
120 120
3 121 162
126 126
25 127
131 131
132 132
133 133
139 139
140 140
141 141
143 143
150 150
152 152
155 155
164 164
168 168
170 170
172 172
175 175
177 177
178 178
9 179
183 183
192 192
193 193
194 194
195 195
