0 5 49 78 87 78 87 20 39 94 39 20 87 44 17 74 3 74 17 96 58 96 32 50 68 50 85 43 97 43 60 64 46 19 46 64 60 1 62 73 62 1 60 43 85 50 32 96 58 2 22 88 83 59 28 12 28 59 83 88 22 2 22 24 22 2 58 10 35 48 83 51 65 69 76 67 5 49 11 15 13 15 38 67 76 69 65 51 65 69 76 67 5 49 5 33 31 21 0
34
2 2 14
3 3 36
11 6 11
87 7 91
97 9
10 10
12 12 42
13 13 26
15 15
58 16 41 58
17 17
94 18
20 20 23
78 29
33 30
31 31
32 32
68 45 68
46 46
48 48
76 54 61
74 56 74
59 59 99
60 60 77
19 63 93
64 64
67 67
69 69
73 75
51 79 80
96 82
85 85
49 89
24 98
