0 60 194 192 183 142 88 34 59 142 49 96 51 76 28 122 155 65 122 9 127 20 70 71 53 179 188 178 179 106 119 190 74 111 90 171 156 181 177 4 37 111 18 84 112 96 84 103 145 48 97 48 103 160 118 54 10 160 149 66 81 131 81 69 38 81 63 11 112 12 119 18 111 90 4 181 49 44 159 109 47 44 109 107 99 187 27 157 55 133 33 165 55 14 91 116 82 32 128 82 91 14 99 107 189 139 101 123 144 101 15 125 147 8 197 92 110 180 176 92 140 68 92 176 57 139 73 8 87 189 139 57 105 124 130 153 154 167 153 163 130 166 198 134 64 20 155 40 109 29 36 129 29 104 83 164 61 104 29 182 162 168 126 162 100 45 199 151 52 199 5 100 41 1 3 158 102 115 193 102 158 98 120 191 172 80 191 120 79 98 75 158 86 94 2 114 30 2 86 13 170 50 192 141 67 77 25 67 35 141 95 161 138 186 136 173 121 135 174 150 135 196 19 62 17 19 196 39 17 85 71 185 121 67 25 89 108 23 89 25 67 95 195 24 25 26 152 132 24 0
97
0 0
2 2
4 4
39 6
8 8
10 10
12 12
14 14
163 16
18 18 42
20 20
69 22
24 24
26 26
28 28
30 30
32 32
34 34
36 36
38 38
40 40
44 44
139 46
48 48
50 50
52 52
54 54
92 56 92
104 58 104
60 60
62 62
64 64
66 66
68 68
70 70
177 72
74 74
76 76
171 78
80 80
82 82
84 84
86 86
88 88
90 90
94 94
96 96
98 98
100 100
102 102
106 106
108 108
110 110
112 112
114 114
116 116
118 118
120 120
122 122
124 124
126 126
128 128
130 130
132 132
134 134
136 136
138 138
140 140
142 142
144 144
97 146
19 148
150 150
152 152
154 154
156 156
158 158
160 160
162 162
164 164
166 166
168 168
170 170
172 172
174 174
176 176
178 178
180 180
182 182
131 184
186 186
188 188
190 190
192 192
194 194
196 196
198 198
