0 82 77 90 75 54 82 72 42 80 37 64 6 5 28 88 29 58 69 81 66 84 26 52 32 13 78 13 32 2 38 53 8 83 12 7 38 98 29 69 58 15 87 63 0 43 50 21 91 68 16 46 73 39 96 67 22 20 67 17 35 41 17 67 62 3 60 3 29 56 30 55 92 93 95 48 31 89 45 93 95 28 92 71 5 4 85 5 6 25 13 51 4 5 28 56 14 99 49 14 23 76 44 18 33 94 59 19 59 43 82 0 24 43 0
44
0 0 34
2 2
4 4
6 6
8 8
38 10 38
12 12
14 14
16 16
18 18
20 20
22 22
24 24
26 26
28 28
30 30
32 32 36
78 40 70 78
42 42
44 44
46 46
48 48
50 50
52 52
54 54
56 56
58 58
60 60
62 62
64 64
66 66
68 68
72 72
90 74 90
76 76
80 80
82 82
84 84
19 86
88 88
92 92
94 94
96 96
98 98
