Soda Zellerbach1 SutardjaDai1 Soda StadiumRim1 Campanile1 Soda HearstGymnasium1 Greenhouse1 Soda GoldmanPlaza1 Morgan1 Soda Mulford1 Hertz1 Soda Morrison1 Wheeler1 Soda Blackwell1 SproulPlaza1 Soda Cleary1 Senior1 Soda McLaughlin1 LifeSciences1 Soda Gilman1 GreekTheatre1 Soda HaasPavilion1 Etcheverry1 Soda Davis1 CalvinLaboratory1 Soda OBrien1 Boalt1 Soda Cory1 TangCenter Soda BancroftLibrary1 Stephens Soda Wellman1 StadiumRim Soda WooHonFai Sibley Soda WooHonFai1 McEnerney Soda Birge1 Latimer Soda Chou1 Durant Soda Sibley1 BancroftLibrary Soda Observatory1 Chvez Soda ClarkKerr1 Chou Soda HearstMiningCircle1 BotanicalGarden Soda Dwinelle1 Birge Soda MemorialStadium1 Evans Soda Warren1 Eshleman Soda Sproul1 Wurster Soda BotanicalGarden1 Wellman Soda Hildebrand1 MemorialStadium Soda SutardjaDai Insectary Soda Mulford HearstFieldAnnex Soda Koshland HaasPavilion Soda Giauque ClarkKerr Soda Gilman Blackwell Soda Koshland1 BarkerHall Soda BarkerHall1 Wheeler Soda Evans1 SproulPlaza Soda Hertz Senior Soda Campanile Observatory Soda Warren Moses Soda Morrison KrutchTheater Soda Cleary HearstMiningCircle Soda LeConte1 Haste Soda McEnerney1 Etcheverry Soda LeConte CalvinLaboratory LowerSproul1 Bechtel1 CalvinLaboratory VLSB1 LowerSproul CalvinLaboratory EastGate1 VLSB CalvinLaboratory Soda Cory Bechtel Haviland1 Stanley1 Bechtel HeatingPlant1 Simon1 Bechtel IshiCourt1 Bowles1 Bechtel Pimentel1 Stern1 Bechtel EdwardsStadium1 SatherGate Bechtel Lewis1 Pimentel Bechtel BarrowsHall1 IshiCourt Bechtel Campbell1 Haviland Bechtel Kroeber1 FoxCottage Bechtel SatherGate1 BarrowsHall Bechtel Tan McCone Bechtel NorthGate1 EdwardsStadium Bechtel Hilgard1 Campbell Bechtel Hilgard Cheit Bechtel Cheit DoeLibrary1 Boalt Kleeberger1 MLK1 Boalt Hargrove1 Minor Boalt CaliforniaHall1 Hesse Boalt Kleeberger Hargrove Boalt CaliforniaHall Pitzer Boalt Hesse1 DoeLibrary Boalt Soda1 MLK Boalt Soda
72
Bechtel Bechtel Bowles NorthGate Simon Stanley HeatingPlant Kroeber Lewis MemorialGlade WestGate Cheit1 Giannini1 Jacobs1 WestGate1
ClarkKerr ClarkKerr
DoeLibrary DoeLibrary
EdwardsStadium EdwardsStadium
Soda Foothill Morgan Blum GoldmanPlaza Greenhouse HearstGymnasium Davis Moffitt OBrien Sproul Zellerbach Haste1 KrutchTheater1 Moses1 Stephens1 TangCenter1
Gilman Gilman
HaasPavilion HaasPavilion
HearstFieldAnnex HearstFieldAnnex
Hertz Hertz
Insectary Insectary
Koshland Koshland
LeConte LeConte
McCone McCone
MemorialStadium MemorialStadium
Pitzer Pitzer
Tan Tan
Wellman Wellman
Wurster Wurster
Eshleman Eshleman
BarrowsHall BarrowsHall
Evans Evans
Birge Birge
FoxCottage FoxCottage
BotanicalGarden BotanicalGarden
Giauque Giauque
CaliforniaHall CaliforniaHall
Chou Chou
Chvez Chvez
Hargrove Hargrove
Campanile Campanile
Haviland Haviland
Cleary Cleary
BancroftLibrary BancroftLibrary
Hesse Hesse
Durant Durant
Hilgard Hilgard
CalvinLaboratory EastGate
IshiCourt IshiCourt
Kleeberger Kleeberger
Latimer Latimer
LowerSproul LowerSproul
McEnerney McEnerney
Minor Minor
Morrison Morrison
Mulford Mulford
Pimentel Pimentel
SatherGate SatherGate
Sibley Sibley
StadiumRim StadiumRim
Stephens Stephens
SutardjaDai SutardjaDai
TangCenter TangCenter
Warren Warren
WooHonFai WooHonFai
Soda1 Soda1
Bechtel1 Bechtel1
Boalt1 Boalt1
CalvinLaboratory1 CalvinLaboratory1
Cory1 Cory1
Dwinelle1 Dwinelle1
Etcheverry1 Etcheverry1
GreekTheatre1 GreekTheatre1
HearstMiningCircle1 HearstMiningCircle1
LifeSciences1 LifeSciences1
McLaughlin1 McLaughlin1
Hildebrand1 Hildebrand1
MLK1 MLK1
Observatory1 Observatory1
SutardjaDai1 SutardjaDai1
Warren1 Warren1
WooHonFai1 WooHonFai1
Zellerbach1 Zellerbach1
