Soda Wurster Pitzer Soda Morgan McCone Soda HaasPavilion EdwardsStadium Soda Foothill Bowles Soda Hertz Campbell Soda LeConte Wheeler Soda DoeLibrary SproulPlaza Soda Stanley Senior Soda Insectary Hildebrand Soda Tan Jacobs Soda MLK McLaughlin Soda Wellman HearstMiningCircle Soda Simon Giannini Soda Cheit Moses GreekTheatre Boalt Dwinelle Bechtel MemorialStadium ClarkKerr Bechtel KrutchTheater LifeSciences Bechtel VLSB Cory Bechtel Soda
21
Boalt Boalt
Cheit Cheit
Dwinelle Dwinelle
Giannini Giannini
Soda Haste Stern Blackwell Koshland
LifeSciences LifeSciences
Jacobs Jacobs
Hildebrand Hildebrand
Moses Moses
Senior Senior
Wheeler Wheeler
Bowles Bowles
DoeLibrary DoeLibrary
Foothill Foothill
HaasPavilion HaasPavilion
Hertz Hertz
McCone McCone
Morgan Morgan
Pitzer Pitzer
Stanley Stanley
Wellman Wellman
