71 37 60 44 53 92 82 46 22 1 73 79 80 63 50 21 95 81 84 43 48 43 99 25 30 36 2 36 30 25 99 7 87 61 75 19 74 20 88 41 31 41 88 83 88 41 84 43 99 6 32 55 93 77 58 66 62 45 94 15 75 61 39 3 28 97 28 3 16 11 16 3 14 54 14 3 39 52 86 89 86 56 68 56 86 18 27 73 26 47 67 90 85 52 86 18 27 9 65 9 27 73 26 47 67 42 70 57 98 34 98 22 46 82 92 53 44 60 37 91 37 71
44
9 0
2 2 33
83 5
6 6
7 7
47 10 47
11 11 35
97 13
15 15
18 18
19 19
21 21
34 24 69
26 26
28 28
16 29
30 30
36 36
48 38
39 39
41 41
42 42
45 45
54 49 54
50 50
53 53
55 55
89 59
60 60
61 61
91 64
65 65 96
66 66
70 70
74 74
77 77
68 78
79 79
84 84
85 85
87 87
88 88
94 94
95 95
