2 41 85 9 17 191 168 191 17 9 85 41 85 9 60 142 24 103 42 188 163 158 112 190 92 21 105 108 42 145 193 50 1 187 111 33 185 70 177 90 62 90 177 70 100 198 147 115 104 115 147 198 100 114 107 43 71 6 118 80 43 107 114 100 198 128 86 37 25 81 12 127 132 47 29 74 144 74 29 47 132 127 12 81 25 37 86 128 173 59 5 163 158 163 5 59 20 27 98 172 103 116 67 134 69 13 69 89 68 119 136 186 0 186 38 83 73 83 38 186 64 75 141 27 20 59 173 162 152 162 121 196 155 178 155 196 121 196 155 178 155 196 121 7 121 7 79 170 185 150 101 93 194 10 31 125 5 163 188 35 199 195 56 195 148 159 156 131 109 161 4 112 158 163 188 35 199 195 148 102 117 102 45 181 34 23 11 26 63 169 5 163 188 42 103 116 67 182 189 184 130 55 139 62 94 57 15 30 137 172 103 116 28 174 99 174 176 51 76 22 14 18 171 179 16 179 171 18 171 149 140 165 99 174 180 126 175 48 129 19 143 41 2 157 2
85
0 0 192
2 2
149 3 149
4 4
6 6
7 7
13 8 13 138
12 12
14 14
15 15
23 23
25 25
26 26
27 27
28 28
30 30
147 32
34 34
35 35
152 36
38 38 46
42 42
104 44
48 48
157 49 53 157
50 50
51 51
56 52 56
80 54 80
55 55
73 58 73
59 59
168 61
63 63
67 67
76 76
79 79
178 82 178
85 85
86 86
90 90 95
92 92
93 93
94 94
62 96
144 97 106
98 98
100 100
158 110 158
112 112
99 113
114 114
115 115
116 116
118 118
119 119
121 121
189 122 189
125 125
126 126
128 128
130 130
131 131
16 133
136 136
139 139
141 141
142 142
145 145
156 156
161 161
117 164
165 165
171 171
173 173
174 174
177 177
179 179
181 181
182 182
187 187
188 188
193 193
194 194
196 196
