stop0 location2 stop65 stop0 stop81 stop60 stop0 stop84 stop56 stop0 stop66 stop52 stop0 stop97 stop49 stop0 stop55 stop41 stop0 stop44 stop38 stop0 stop57 stop36 stop0 stop99 stop35 stop0 stop69 stop33 stop0 stop61 stop20 stop0 stop22 stop19 stop0 stop77 stop16 stop0 stop62 stop14 stop0 stop83 stop13 stop0 stop87 stop11 stop0 stop34 stop7 stop0 stop10 stop82 stop5 stop0 stop4 stop27 stop24 stop4 stop0 stop53 stop3 stop46 stop28 stop3 stop51 stop6 stop3 stop0 stop88 stop2 stop54 stop48 stop2 stop70 stop30 stop2 stop0 stop1 stop71 stop59 stop1 location1 stop26 stop1 stop94 stop18 stop1 stop32 stop17 stop1 stop72 stop15 stop1 stop95 stop12 stop1 stop80 stop9 stop1 stop0
34
stop0 stop0 stop8 stop23 stop43 stop50 stop67 stop75 stop78 stop90 stop85 stop96 stop93
stop1 stop1 stop37 stop42 stop73 stop89
stop2 stop2 stop79
stop4 stop4
stop5 stop5
stop7 stop7
stop9 stop9
stop12 stop12
stop15 stop15
stop16 stop16
stop18 stop18
stop19 stop19
stop27 stop27
stop28 stop28
stop6 stop29
stop30 stop30
stop33 stop33
stop35 stop35
stop38 stop38
stop44 stop44
stop46 stop46
stop52 stop52
stop60 stop60
stop61 stop61
stop62 stop62
stop65 stop65
stop70 stop70
stop77 stop77
stop80 stop80
stop81 stop81
stop95 stop95
stop94 stop94
stop99 stop99
stop87 stop87
