stop0 stop148 stop117 stop0 stop128 stop160 stop0 stop123 stop112 stop0 stop168 stop115 stop0 stop139 stop135 stop0 location1 stop96 stop0 stop82 stop73 stop0 stop164 stop58 stop0 stop163 stop56 stop0 stop54 stop53 stop0 stop133 stop42 stop0 stop120 stop39 stop0 stop77 stop32 stop0 stop33 stop28 stop0 stop143 stop26 stop0 stop78 stop25 stop0 stop80 stop23 stop0 stop154 stop11 stop0 stop67 stop8 stop0 stop2 location4 stop124 stop2 stop150 stop159 stop2 stop118 stop72 stop2 stop75 stop43 stop2 stop156 stop36 stop2 stop27 stop17 stop2 stop98 stop4 stop70 stop41 stop4 stop2 stop0 stop7 stop153 stop10 stop142 stop1 stop99 stop97 stop1 stop109 stop79 stop1 stop66 stop62 stop1 location2 stop51 stop1 stop140 stop44 stop1 stop64 stop31 stop1 stop55 stop22 stop1 stop94 stop12 stop1 stop68 stop10 stop1 stop111 stop9 stop1 stop5 stop103 stop129 stop5 stop134 stop24 stop5 stop1 stop3 stop1 stop0
46
stop0 stop0 stop16 stop37 stop47 stop48 stop59 stop63 stop76 stop88 stop89 stop92 stop100 stop161 stop102 stop137 stop167 stop127 stop141 stop108 stop169 stop105 stop121
stop1 stop1 stop13 stop14 stop57 stop145 stop158 stop147 stop101 stop138 stop113 stop144
stop2 stop2 stop52 stop69 stop122 stop149
stop3 stop3 stop6 stop38 stop116
stop7 stop7
stop8 stop8
stop9 stop9
stop10 stop10
stop23 stop23
stop33 stop33
stop36 stop36
stop41 stop41
stop43 stop43
stop44 stop44
stop4 stop50 stop166
stop51 stop51
stop54 stop54
stop55 stop55
stop56 stop56
stop67 stop67
stop68 stop68
stop70 stop70
stop72 stop72
stop75 stop75
stop77 stop77
stop82 stop82
stop97 stop97
stop98 stop98
stop99 stop99
stop133 stop133
stop135 stop135
stop118 stop118
stop115 stop115
stop143 stop143
stop140 stop140
stop154 stop154
stop112 stop112
stop129 stop129
stop160 stop160
stop156 stop156
stop117 stop117
stop163 stop163
stop159 stop159
stop139 stop139
stop128 stop128
stop124 stop124
