f uuu qq xxx ddd ppp oooo t ll ss ffff oo qqqqq j sss llllllll o cccccccc dddddddd rrr sss bbbbbbbb ww fffffff zzz uuuuu qqqqq mmmm cccccccc yyy a mmmm pppp gg eeee pppppppp d nnnn rrrr www ggggggg dd rrrrrr qqqqqqq cccccc eeeeeeee c w rr qqqqqq aaa rrrrrrr vvvv aaa p qqqqqq uu xxxxxx yyyyyyy n eee ttttt n lllllll bbbbbb ff jjjj wwww pp fff aaaaa pp q mmmmmmmm rrrrrrrr rrrrr aaaaaaa dddddd ggggg sssssss aaaaaaa lllllll ttttt hhhh ee hhh vvvvvv fffff cccccc rrrrrr jjjjjjj dd ddddddd ffffffff v sssss qqqq lllll kkk ssss sssss ccc s vv wwwwwww kkkkkk nnnnnnnn ggg iii nnnnnnnn pppppppp kkkkkk zzzzz yy qqqq ssssss llllll z m qq f
50
ssss ssss
aaaaa aaaaa
w w
uu uu
v v
p p
eeee eeee
dddddddd dddddddd
zzz zzz
ttttt ttttt
xxxxxx xxxxxx
f f
iii iii
nnnn nnnn
s s
uuuuu uuuuu
ff ff
ggggg ggggg
llllllll llllllll
ss ss
rrrrrr rrrrrr
rrrrrrrr rrrrrrrr
m m
xxx xxx
z z
qqqqqq qqqqqq
c c
hhhh hhhh
vvvv vvvv
bbbbbbbb bbbbbbbb
j j
sss sss
vv vv
qq qq
ggg ggg
ssssss ssssss
wwww wwww
qqqqqqq qqqqqqq
pp pp
lllll lllll
ffffffff ffffffff
llllll llllll
hhh hhh
fffffff fffffff
aaa aaa
jjjj jjjj
a a
q q
jjjjjjj jjjjjjj
wwwwwww wwwwwww
