ffffff uu uuu jj nn o x ffffff qqqqq jj nnn tt mmmm gg hhhhh qq hhhhhhhh cccccc ssss gggg ddddddd ccc cccccc pppp jjj gggg pppp xxxxxx zzzz ppp yyyyyy ooooo wwwww rrrrrrrr vvv llllllll llllll b pppppp llllllll xxxx wwww rr bbb p eeeeeee fff kkkkk fffffff g aa fffffff pppppppp h uuuuuu pppppp yyyy jjjjjjj kk wwwwwww yyyy yyyyy ss vvvvvv vvvvv k jjjjj kkk vvvvv ccccc ss rrrr iiiiiii lllllll eee i s z kkkkkkk aaaaaa zz iiii oooooooo gggggggg hhhhhhh wwwwww ee q gggggggg kkkkkkkk w mmmmmmm kkkkkkkk tttttt f eeeee mmm y ttttt ff y gggggg bbbbbb mmm qqqqqq ggggggg aaa vvvv dddddddd rrrrrrr iiiiii jjjjjj mm tttt v ffff eeee mm ssssss iiiiii ttttt zzz oooo llll c uuuuu sssssss ttt t aaaaaaaa ddd rrr nnnn e mmmmmmmm bbbbbbbb ggg kkkkkk ttt bbbbb qqq eeeeeeee sss mmmmm yyyyyyy aaaaaaa qqqq sss yy qqq sssssss oooooo iiiii pp oo www rrrrrr ccccccc xxxxxxx xx zzzzzz uuuuu oooo jjjjjjjj hhhh lll nnnnnnn iiii iiiiiiii kkkkkkk bb hhh nnnnnnnn z ppppp hh jjj cc uuuu kkkk cccccccc ooooooo kkkk gg ww vvvvvvv hhhhhh dddddd iii ooo dddddd eeeeee m r hhhhhh ppppppp vvvvvvv n xxx yyy tt xxx aaaaa nnnnnn fffff rrrrr j dd cccc d bbbbbbb bbbb zzzzz mmmmmm zzzzzzz zzzzz l bbbb sssss ttttttt ddddd a dddd vv jjjj u ddddd rrrrr ggggg qqqqqqq nnnnn ffffffff lllll qqqqqqq xxxxx ll aaaa qqqqqqqq ii ll uuuuuuu ffffff
100
pppppppp pppppppp
kkkk kkkk
o o
m m
xxxxxxx xxxxxxx
ggggg ggggg
yyyyyyy yyyyyyy
nnnnnn nnnnnn
xxxxx xxxxx
jjjj jjjj
qq qq
pppp pppp
xxxx xxxx
cc cc
mmmm mmmm
mmmmmmmm mmmmmmmm
bbbbbbbb bbbbbbbb
qqq qqq
fffff fffff
ssssss ssssss
lll lll
mm mm
eeeeee eeeeee
cccccc cccccc
sss sss
d d
iiiiiii iiiiiii
ccccccc ccccccc
kkkkkk kkkkkk
ffff ffff
jjj jjj
bbbbbbb bbbbbbb
vvv vvv
kkkkkkkk kkkkkkkk
yy yy
b b
eeee eeee
ttttttt ttttttt
x x
ffffff ffffff
eeeeeee eeeeeee
aaaaaa aaaaaa
uu uu
sssss sssss
ii ii
eeeee eeeee
nnn nnn
gggggggg gggggggg
dddd dddd
aaaaaaaa aaaaaaaa
aa aa
ooooo ooooo
tt tt
sssssss sssssss
hhh hhh
uuuuuu uuuuuu
aaaa aaaa
a a
llllll llllll
aaa aaa
lllllll lllllll
zzz zzz
j j
hhhhhhh hhhhhhh
ssss ssss
bbbbbb bbbbbb
ll ll
xxx xxx
rr rr
wwwww wwwww
vvvvvv vvvvvv
tttttt tttttt
s s
qqqqqq qqqqqq
hhhh hhhh
ee ee
rrrrrr rrrrrr
e e
uuuuuuu uuuuuuu
q q
wwww wwww
zzzzz zzzzz
oooooo oooooo
k k
ggggggg ggggggg
dd dd
vvvvv vvvvv
cccc cccc
rrrrr rrrrr
gggg gggg
ffffffff ffffffff
wwwwww wwwwww
llllllll llllllll
iiiiiiii iiiiiiii
tttt tttt
jjjjjj jjjjjj
ppppp ppppp
ttttt ttttt
oooooooo oooooooo
uuu uuu
