gggggggg bbbbb xxxx aaaa fff www lllllll fff mmm vvvv ccccc oooo qq kkkkkkkk uuuu hhhhhhh xxxxxxx ddd vvv pppppppp hhhhh qqqqqqqq ppp uuuu ttttt nnn xxx rr fffff w ffff qq w tt gggg jjjjjjj zzzzzzz ssssss bb jjjjjjj l iiiiii fffffff ddddd kkkkkkk qqqqqqq ii jjjjjjjj oooooooo kkkkkk jjjjjjjj ddddd zzzz aaaaaa a fffffff aaaaa lllllll cccccccc gggggggg
24
ddd ddd
gggggggg gggggggg
aaaaaa aaaaaa
jjjjjjj jjjjjjj
vvvv vvvv
ccccc ccccc
zzzzzzz zzzzzzz
gggg gggg
l l
xxxx xxxx
uuuu uuuu
qqqqqqq qqqqqqq
ppp ppp
a a
fffff fffff
fffffff fffffff
cccccccc cccccccc
oooooooo oooooooo
vvv vvv
ffff ffff
w w
tt tt
ttttt ttttt
kkkkkkk kkkkkkk
