99 68 96 82 46 82 96 53 3 61 18 76 81 31 81 76 18 61 3 61 18 63 18 61 3 6 89 99 68 96 82 46 41 56 9 72 45 72 71 72 9 95 35 99 68 11 88 36 37 36 21 98 79 10 22 7 34 61 69 92 67 24 1 15 1 24 23 58 43 17 8 2 33 48 33 16 78 29 78 39 93 30 75 5 75 30 93 39 78 40 19 23 58 43 58 23 19 90 68 99
39
29 0 29
1 1
2 2
3 3 13 20
99 4
5 5 32
6 6
7 7
8 8
9 9
10 10
11 11 42
81 12
15 14 15
16 16
17 17
18 18
19 19 26
21 21
22 22
23 23
24 24
45 25 45
71 27
37 28 37
30 30
31 31 38
33 33
34 34
35 35
36 36
39 39
40 40
41 41
43 43
89 44
46 46
48 47 48
63 49
