SueJosephGarza KennethShannonGardel PaulShaneSoldner SueJosephGarza JohnMarthaPriesmeyer MariaChristopherCast JessicaJohnSpells PamelaPageBullock BruceTeresaNelson HaleyKyleMurphy SueCourtneyOsgood CoraShaneAldana HaleyKyleMurphy BruceTeresaNelson FlorenceWarrenLong RickyLeahGriffin AnthonyDavidBrewer PatrickKristenWeakle RobertJefferyFish WilburnDavidMiller RobertDavidPhillips EduardoCharlesThomps WilburnDavidMiller RonaldRobertHughes RickyLeahGriffin JustinJavierToure SueJosephGarza BillyJoshuaBall ThomasLauraGray AshleyWilliamClarke JamesRodneyUpshaw GuyMinnieStewart DonaldDoloresKelly AlfredaKirstenMartin RebeccaAgnesHoward HenryMarkUutela KarenFrancesBachelor BruceMargaretIngwers RichardLawrenceEspos DonaldDoloresKelly MarkRobertIvey OllieGeorgeSova AnnaKyleChang CharlesKristineWhite FrankJennieBarker PhyllisJackWilson LuisHelenHughes MaryLindaKirkland PhyllisJackWilson JohnEdwardCaccavale MauriceRichardWillia BrianSarahCumming DanielWendyLundblad KarenFrancesBachelor PaulEvanRichard DarnellAliciaPeters BrianSarahCumming AndrewRobertEvins MartyDavidWill JerryAnnetteChilds MatthewLarryMeli ThomasAnnieRuiz DanielWendyLundblad JoseBerniceJohnston MelindaKennethAzar MatthewLarryMeli ChesterRosaPowell RalphLisaMiller CharlesNancySasser JoseBerniceJohnston MariaMarionSimons IraJimmyYang ThomasAnneNeave IolaElfriedaHemenway KennethPamelaManey JamiePatriciaSergi KathleenPaulCollins KennethPamelaManey JamesGladysMccullar KevinHaroldCyr PatrickKristenWeakle LucyBennyHaag WilburnDavidMiller RhondaAshlynMoore JamesJaredGonzalez MaryNancyLuke CarlWayneEdwards BrianSarahCumming AndrewRobertEvins BrianRolandAli LauraPhilipWinkler PatriciaBernardBrock EricWilliamHuffman WilliamMichaelBeckha LauraPhilipWinkler BrianRolandAli NathanKevinCorathers MarleneCarrieLeveren EugeniaKimberlyArauj WilliamGeorgeWilliam CrystalShermanVida AmyAnthonyGrayson EugeniaKimberlyArauj JamesRodneyUpshaw NathanKevinCorathers BrianRolandAli FrankJennieBarker MarkRobertIvey SueJosephGarza ElsieJosephPhelps JohnJoseJudd LillieKathleenCervan ElsieJosephPhelps HarryEarlGehl TeresaAllenFoss SueJosephGarza
35
PamelaPageBullock PamelaPageBullock
LauraPhilipWinkler LauraPhilipWinkler
MaryLindaKirkland MaryLindaKirkland
IraJimmyYang IraJimmyYang
KevinHaroldCyr KarenErmaJensen KevinHaroldCyr
ElsieJosephPhelps ElsieJosephPhelps
MariaChristopherCast MariaChristopherCast
BillyJoshuaBall FranciscoFrancesHarr
BrianRolandAli BrianRolandAli
NathanKevinCorathers NathanKevinCorathers
LillieKathleenCervan LillieKathleenCervan
MelindaKennethAzar MelindaKennethAzar
AnnaKyleChang ChristinaDanaGrant BrianLuzArce AnnaKyleChang
JessicaJohnSpells JessicaJohnSpells
PhyllisJackWilson PhyllisJackWilson
JohnJoseJudd JohnJoseJudd
AlfredaKirstenMartin AlfredaKirstenMartin
HaleyKyleMurphy LeroySandraLewis
ThomasAnnieRuiz ThomasAnnieRuiz
PaulEvanRichard PaulEvanRichard
WilliamGeorgeWilliam WilliamGeorgeWilliam
LucyBennyHaag LucyBennyHaag
CrystalShermanVida CrystalShermanVida
IolaElfriedaHemenway JohnDustinKenny
PatriciaBernardBrock PatriciaBernardBrock MarianLuluDiaz
LuisHelenHughes LuisHelenHughes
OllieGeorgeSova OllieGeorgeSova
WilburnDavidMiller WilburnDavidMiller
JamesJaredGonzalez JamesJaredGonzalez
KennethShannonGardel KennethShannonGardel
DarnellAliciaPeters DarnellAliciaPeters
PaulShaneSoldner PaulShaneSoldner
SueCourtneyOsgood SueCourtneyOsgood
DonaldDoloresKelly DonaldDoloresKelly
AshleyWilliamClarke AshleyWilliamClarke
