AlbertFredHaines MabelJamesMccormick HaroldDavidLawhorn JanelleEdwardEldridg HeidiMayJohnson JohnBrendaFuller JackieSharonScherrer TravisMichelleMeller JohnSaraBurnett SueStuartDavidson JanelleEdwardEldridg JuliusMargaretKim JackieSharonScherrer AdrieneKathleenShea AllysonFlorenceSprin MarkDianeDuchon CraigJohnLard KathleenJoseClark AllysonFlorenceSprin RobertaVirgieBullock RickyJamesBrumfield LillianJuanAncona JuliaMarySmith PerryJamesBennett JeffJohnBruton JimmySherryKish HowardKennethCollins RobertaVirgieBullock JuliaMarySmith LillianJuanAncona ManuelaJoseBailey WadeSonnyMcbride FrancisCarolHebb DianeElisePickett EdwardDennisStewart JoannCharlieWilkinso CeliaMaryBoone FerdinandLukeJackson StormyOllieYork JoshuaDelmarFellers JessicaChristopherHa ThomasEssieEwing HaroldDavidLawhorn TylerShawnBeasley JoshuaDelmarFellers StormyOllieYork FerdinandLukeJackson BradleyDeborahSaball StephenSheldonOrlean NormaGarryReyburn DominiqueWilliamRoss StephenSheldonOrlean AugustTamikaMason MabelJamesMccormick VivianRoyMartin RolandGregoryWatson SusanSalinaZimmerman WayneGlendaDozier EricJamesJuckett HenryBuddyMoore KathleenSherryDay EdwardErnestSinger AmyFloydTopper JenniferGeorgeKarr WalterAvaPorter AmyFloydTopper DeniceRobertHawkins WayneGlendaDozier RoxanneKathleenField CarmenEarnestCarter DonnaEricKonwinski ClaudeBobbyBaker KimMickeyCohen WillieJeraldStone RonaldEdnaArant KimMickeyCohen WayneGlendaDozier SusanSalinaZimmerman RolandGregoryWatson FerdinandLukeJackson CeliaMaryBoone DeniseBrunoWilliam NicholasThomasShivel JamesJordanZamora JeffJohnBruton NicholasThomasShivel DeniseBrunoWilliam PatriciaRichardSippe PatJasonAaberg LeeMillicentTauber TiffanyBeulahMattion PatJasonAaberg JoeJessicaShan KyleShawnHenry SandraJoyceVictorero JoeJessicaShan SandraJoyceVictorero WillieRobertSimon ChristopherJamesLuca PatJasonAaberg PatriciaRichardSippe AlmedaLourdesSimpson GlendaAmandaFields RosaPatrickYankey AlmedaLourdesSimpson PatriciaRichardSippe BrandonDeborahPinnoc DianeMargaretHammond DeniseBrunoWilliam ClaytonFredrickRicha CarlosTamikaStrand MichaelBillieRomriel CarmenEarnestCarter LuisCharlotteCollins TommyAmandaMartin ZacharyWarrenKarth CharlesDiannaProfitt AnnDeannaLarzazs MinnieLesleyPaulk CharlesDiannaProfitt AndrewSadieBennett JohnBrendaFuller CarmenEarnestCarter KelliChristopherBanu FriedaLindaMachesky AndrewSadieBennett CharlesDiannaProfitt MinnieLesleyPaulk GeorgeHenryVillar MichaelMarkHolloway WilliamRenateBaker ChelseaStevenRufe EricTammyScott MichaelMarkHolloway GeorgeHenryVillar DavidRaymondJohnson HowardAdolfoRobertso DenaJewellDavis DavidRaymondJohnson GeraldDominiqueFlowe GlennaMichaelBorden JoStephenMay ErikaLeslieBoyd DavidRaymondJohnson GeorgeHenryVillar HipolitoCandaceHunts MarkAnnetteHendrix ElishaMaryWojcik KevinKurtPope RichardGussieCarrell ElishaMaryWojcik ErvinJohnHall MarkAnnetteHendrix JuanitaPhilipParsons MadeleineLeoRoberson JenniferSabrinaElsto WilliamDavidGray DonaldYvonneWilliams JohnJoshuaAllen JaredEvelynJones MistyRobertKing GeorgeFelixClifton PatriciaRichardSippe JohnAlanMcalvain HollyJoanPhelps JimmyFlorTasson LaurelDwayneAnderson WinifredMarkRamos AndrewJeanPinson LaurelDwayneAnderson MabelCharleneGarcia MarthaJackRobinson KevinCharlesEvans RobertJosephNine MarthaJackRobinson GregoryMichaelWhitme StevenNeilNguyen DouglasColleenLara LaurelDwayneAnderson GloriaRuthRowland JaredEvelynJones JeremyJamesChavez GeraldLulaCaldwell JoseNelleHale JuanitaPhilipParsons LawrenceBarryHadden JosephAmandaMullen KimMickeyCohen KevinThomasHiggins JuanitaPhilipParsons MadeleineLeoRoberson WilliamDavidGray JaredEvelynJones MistyRobertKing DwainJoeFeldman RobinEvelynSimmons TiffanyBeulahMattion MargrettKennethJorda BernicePennyRiddick JimmyFlorTasson EricTinaPerea MarciaWalterKirschma JohnDarrellThomas JudeJanetHarcourt BernicePennyRiddick SandraHarryStewart RosaPatrickYankey AnneFrankPlaisted RonaldCarolynStoskop BeverlyJoyceWalker RandyBonnieBennett RonaldCarolynStoskop GeraldLulaCaldwell BernicePennyRiddick DorisJeffreyBinger RobertLauraMcadams ThomasRobertMccombs BernicePennyRiddick DwainJoeFeldman BrendaLenaHarris WilliamDanielleBell JoannCharlieWilkinso MabelJamesMccormick HollyJoanPhelps MaryJamesDavila JudyPearlineKaminski DianeElisePickett JennieDeniseMathews MaryLauriceWallace IrvingDougLabarge JamesJoanneHawn MaryLauriceWallace DianeElisePickett JoannCharlieWilkinso AlbertFredHaines
70
AlbertFredHaines AlbertFredHaines
WilliamDavidGray WilliamDavidGray
DeniseBrunoWilliam DeniseBrunoWilliam
GeorgeHenryVillar GeorgeHenryVillar
JoannCharlieWilkinso JoannCharlieWilkinso
DianeElisePickett DianeElisePickett
DwainJoeFeldman DwainJoeFeldman
RolandGregoryWatson RolandGregoryWatson
StormyOllieYork RobinStephenWebster MichaelElizabethWeav StormyOllieYork
FerdinandLukeJackson FerdinandLukeJackson GeorgeWilliamJackson
LillianJuanAncona LillianJuanAncona
EricTammyScott EricTammyScott
ManuelaJoseBailey ManuelaJoseBailey
WadeSonnyMcbride WadeSonnyMcbride
RonaldEdnaArant RonaldEdnaArant
BernicePennyRiddick BernicePennyRiddick
MarthaJackRobinson MarthaJackRobinson DebraJaneFitzgerald
MarciaWalterKirschma MarciaWalterKirschma
JudyPearlineKaminski JudyPearlineKaminski
MadeleineLeoRoberson JohnRichardSmith
StevenNeilNguyen StevenNeilNguyen
KathleenSherryDay KathleenSherryDay
PatJasonAaberg DeeAmandaBartley
MaryJamesDavila MaryJamesDavila
ClaudeBobbyBaker ClaudeBobbyBaker
JennieDeniseMathews KellyJohnnaOles
CarlosTamikaStrand StephenWilliamCoffma GaryCharlesHudson
JackieSharonScherrer JackieSharonScherrer
GlennaMichaelBorden GlennaMichaelBorden
NormaGarryReyburn CynthiaConnieWright
DorisJeffreyBinger DorisJeffreyBinger
MistyRobertKing MistyRobertKing JannaDavidCarranza
JosephAmandaMullen JosephAmandaMullen
JamesJordanZamora JamesJordanZamora
JohnBrendaFuller JohnBrendaFuller
JimmyFlorTasson JimmyFlorTasson
KathleenJoseClark KathleenJoseClark
JuliaMarySmith CherylMaryMorgan
JessicaChristopherHa JessicaChristopherHa
DianeMargaretHammond PeterJosephBarbee CassandraJaniceGlove
KevinThomasHiggins KevinThomasHiggins
MargrettKennethJorda BrettDominickSonnier
EdwardErnestSinger EdwardErnestSinger
LawrenceBarryHadden LawrenceBarryHadden
ZacharyWarrenKarth ZacharyWarrenKarth
EricJamesJuckett EricJamesJuckett
KelliChristopherBanu ElmerDemetriusLark LynnKennethChavez
HowardKennethCollins HowardKennethCollins
RickyJamesBrumfield RickyJamesBrumfield
TommyAmandaMartin TommyAmandaMartin
ChristopherJamesLuca MarkAngelaMccloud
MichaelMarkHolloway MichaelMarkHolloway
BradleyDeborahSaball BradleyDeborahSaball
ThomasEssieEwing ThomasEssieEwing
PerryJamesBennett PerryJamesBennett
JoeJessicaShan IsaacGregGargano
JudeJanetHarcourt JudeJanetHarcourt
JoStephenMay JoStephenMay
EdwardDennisStewart EdwardDennisStewart
KevinCharlesEvans KevinCharlesEvans
DenaJewellDavis DenaJewellDavis
HeidiMayJohnson HeidiMayJohnson
AnnDeannaLarzazs AnnDeannaLarzazs
MarkDianeDuchon MarkDianeDuchon
JeremyJamesChavez JeremyJamesChavez
CraigJohnLard CraigJohnLard
EricTinaPerea EricTinaPerea
RosaPatrickYankey RosaPatrickYankey
SandraHarryStewart SandraHarryStewart
TravisMichelleMeller TravisMichelleMeller
