Egsmith Blanworth Durnell Burfield Wywick Wychbeck Wywick Burfield Shaftbridge Watchavon Alfchester Whittree Wenside Alfchester Whittree Egsmith Waltditch Sodey Egavon Wychbourne Sudtree Wenwold Stainby Brackbrough Waltdon Sudwell Stapbeck Ashbourne Barnton Wychbourne Wenwold Sudtree Wychbourne Cookford Hornborough Chelmwang Wychsmith Farnsmith Cookford Chelmbeck Marlover Hurstlow Edgey Shaftbage Ashdown Edgey Hurstlow Marlover Wyborne Bromton Flitgrove Chelmbeck Cookford Wychbourne Barnton Shaftsted Egtree Southborne Edgwick Chelmden Horsmoor Horslow Durgrove Staplake Penborne Shaftbridge Burfield Durnell Blanworth Stainbrough Nortley Wetwick Sudwich Pemlow Watchcombe Pemlow Sudwich Ashbourne Barnton Egsmith
33
Chelmden Chelmden
Barnton Barnton
Sudtree Leathermere Sudtree
Chelmbeck Chelmbeck
Alfchester Alfchester
Wychsmith Wychsmith
Brackbrough Brackbrough
Nortley Nortley
Wychbourne Wychbourne Wychnell
Penborne Penborne
Egavon Egavon
Wywick Wywick
Chelmwang Chelmwang
Ashdown Ashdown
Shaftbridge Shaftbridge
Stainbrough Stainbrough
Stapbeck Stapbeck
Waltditch Waltditch
Wenside Wenside Burbourne
Wenwold Wenwold
Egtree Egtree
Stainby Stainby
Shaftbage Shaftbage
Staplake Staplake
Ashbourne Ashbourne
Watchcombe Wenbeck
Wychbeck Wychbeck
Cookford Cookford
Farnsmith Farnsmith
Flitgrove Flitgrove
Pemlow Pemlow
Edgey Edgey
Wetwick Wetwick
