Chelmbourne Wetborne Chelmbourne Edgwich Staintree Elgrove Staflow Rocktree Whitborough Rocktree Barnden Shrivlow Flitham Enbage Stainside Whitover Harthall Waltwood Whitborough Rocktree Barnden Shrivlow Flitham Kingssted Enbage Prestey Aldport Alfditch Burchester Shrivdon Pemwood Hornford Southbrough Stapmoor Burchester Alfditch Aldport Prestey Sudwich Enlow Maidenden Enlow Cleredon Staflow Elgrove Staintree Stapwell Pembage Alfby Leatherlow Alddown Barnham Alfcastle Egborne Alfcastle Egborne Barngrove Southstoke Alfwell Marlton Stapwold Hornbridge Nortmoor Stainfield Elside Whitavon Nortcastle Egcastle Melborne Sudworth Wenwang Edgchester Wenwang Sudworth Melborne Pemwold Elside Stainfield Wenden Kingsbrook Dartsted Brainwell Clerethorne Dartsted Edglow Egwood Southstoke Barngrove Hornley Barngrove Bracklow Sodside Pemwood Bracklow Leatherlow Sudgrove Southmere Sudgrove Leatherlow Alfby Stapwell Stafthorne Waltbrook Hurstworth Rocktree Elgrove Chelmbourne
45
Hornley Hornley Durditch
Pemwold Pemwold
Dartsted Dartsted
Bracklow Bracklow
Sudwich Sudwich
Stapmoor Stapmoor
Flitham Kingsley Flitham
Stapwell Stapwell
Sudworth Sudworth
Chelmbourne Shaftwich
Alfwell Aldhall Alfwell
Wenden Wenden
Edgchester Edgchester Horncester
Enlow Enlow
Elgrove Wenborough Elgrove
Southmere Southmere Stainhall Shrivside
Waltbrook Waltbrook
Whitover Whitover
Marlton Marlton
Clerethorne Stapthorne Barnside
Egborne Egborne Cookton
Cleredon Cleredon Wyhead
Stainside Stainside
Maidenden Hartbage
Wenwang Wenwang
Pemwood Pemwood
Prestey Prestey
Barnham Barnham
Wetborne Casford
Alfby Leatherlake Alfby
Whitborough Whitborough Horndown
Barngrove Prestdon
Hurstworth Hurstworth
Elside Elside
Enbage Enbage
Whitavon Whitavon
Shrivlow Shrivlow
Staflow Bursted Staflow
Rocktree Rocktree Cookbridge
Sodside Sodside
Staintree Staintree
Edgwich Edgwich
Southstoke Brainbridge
Egcastle Egcastle
Leatherlow Leatherlow
