AZ AU BM AO AS AY AU DT CI BS BR DQ BW BL DG CK AK CK DG CC AT CF BV CS CZ CV BA DE AJ CH BG CG CA AN CH AJ DE DP AT DN BX AH BO DF DH AD BE DF CB CY CB BU BO CX AV BP BX DM BY BP AV BP BC AP CA BH AL CN BD AE CE BQ BD AL BT AW DK DA CL DI BJ DS DI DQ CM BZ BK DV CO BI DV DC AG CQ AM AR AI CQ BF BZ DQ BR DK BM AX CI DT AZ
41
AK AA DL
AE AE
DF AF DB
AH AH
AI AI
AJ AJ
AL AL
AN AN
AO AO
AR AR
AS AS
AV AV CR
AX AX
BD BD
BE BE
BI BI
BJ BJ
BK BK
BL BL
BO BO
BP BP
BQ BQ
BS BS
BU BU CJ
BW BW
BX BX
CC CC
DV CD DV
CG CG CP
CK CK
CL CL
CN CN
CO CO
CY CT CY DO
CV CV
CZ CZ
DC DC
DT DD DT
DE DE
DM DM
DQ DQ
