FD EI EF FD CD AW EV HD HB CZ AR FD EF AF AU BG DI GP FW DO GP DF AS AE DD GO FC AQ CV CX CN CB CC GN BA CN CB EN FV DL CJ GE DN CF EN FL ER DN FL ER FN HM FY EZ DW GY DA ER HM EG BF BP DJ DW HC DV HC FJ GT CV HK HQ EX GU FQ FS GX FO EK CO BL FO EK DS GU GI CR EA FQ CE GX CS GD ES EM AV EQ AV EM HO BS HP EP DG FM CW GG FR GZ ED EO AP BD FX HR EB DB EY AD BZ AD DK HN FT BM HN DK AD EC HI FX DR AP FB CT GZ AL FR GG CW GF CW FM FA FH GM CP BR GJ ET FZ BN AZ GA CL BC DC FP GQ CY BW GQ BC GQ BE FP EJ AB FP EL BR GM BY HF GC FA CQ AM BK AI HO ES HE DD GB GO EH DP BO AG DE AO BT GV DX FE CM HH BB HL BT CM CG AG BV AC FE GH FK FG DM FK DU FG CA GH AC BV AU DP GK AU FD
91
AD AD
AF AF
AG AG
DB AJ DB
BZ AK BZ
AM AM
EQ AT
AU AU
AV AV
AW AW
CE AX DQ
AZ AZ
BA BA
BC BC DZ
BE BE
BF BF
BG BG
BK BK
BM BM
BN BN
BO BO
GG BQ
BT BT
BV BV
CA CA
CB CB
CC CC
CF CF
CG CG
GF CI GF
FE CK
CL CL
CO CO
CS CS
CT CT
FD CU
CW CW
DA DA
DC DC
DE DE
DF DF
ED DH GR
DI DI
DK DK
DM DM
DN DN
DP DP
DU DU
HH EE HH
EG EG
EJ EJ
EK EK
EL EL
EM EM FI GS
EN EN
EO EO
ER ER
ES ES
ET ET
CP EW
EX EX
EY EY
EZ EZ
FJ FJ
FM FM
FN FN
FO FO
FP FP
FR FR
FS FS
FT FT
AC FU
FV FV
FY FY
GA GA
GC GC
GD GD
GK GK
GN GN
GO GO
GP GP
GQ GQ
GX GX
GZ GZ
HB HB
HC HC
HD HD
HF HF
HO HO
HP HP
HR HR
