30 0 76 18 0 40 15 0 78 13 0 31 11 0 47 10 0 65 8 0 41 7 0 80 6 0 92 5 0 56 4 0 81 3 0 79 2 77 1 94 83 1 96 58 1 69 42 1 17 16 1 71 14 1 84 95 2 0 89 73 0 97 70 0 72 60 0 99 59 0 75 55 0 85 54 0 82 52 0 61 50 0 74 49 0 53 46 0 51 45 0 68 43 0 93 39 0 90 38 0 88 37 0 67 36 0 57 33 0 63 32 0 98 27 0 64 26 0 86 25 0 87 24 0 91 23 0 66 22 0 28 21 0 29 20 0 30
33
3 3
6 6
8 8
21 21
22 22
23 23
26 26
28 28
30 30
0 35 62
41 41
50 50
52 52
54 54
55 55
57 57
63 63
64 64
65 65
66 66
67 67
68 68
74 74
75 75
77 77
78 78
84 84
86 86
87 87
91 91
95 95
98 98
99 99
