x115 x0 x135 x27 x0 x37 x20 x0 x116 x13 x0 x80 x104 x7 x75 x22 x7 x0 x119 x6 x0 x3 x112 x93 x3 x118 x59 x3 x127 x50 x3 x132 x11 x3 x0 x2 x122 x114 x2 x139 x46 x2 x63 x99 x4 x98 x14 x4 x1 x121 x76 x1 x130 x73 x1 x79 x53 x1 x120 x45 x1 x69 x44 x1 x88 x8 x5 x1 x0 x129 x117 x0 x106 x89 x0 x111 x56 x0 x115
26
x0 x128 x136 x9 x15 x16 x17 x21 x26 x32 x33 x34 x38 x40 x54 x57 x58 x61 x62 x71 x84 x91 x92 x108 x109
x130 x130
x4 x4
x5 x5 x94
x1 x138 x41 x43 x48 x52 x64 x74 x81 x82 x103 x124
x11 x11
x13 x13
x20 x20
x27 x27
x44 x44
x50 x50
x53 x53
x59 x59
x69 x69
x73 x73
x75 x75
x76 x76
x2 x83
x89 x89
x98 x98
x106 x106
x111 x111
x114 x114
x122 x122
x3 x125
x127 x127
