Wolney Horndleside Reddingringey Nortditch Sodditch Brombrough Dartworth Sodditch Nortditch Reddingringey Sodden Nortditch Sodditch Brombrough Hamwich Hammensmith Rotsted Wendlethorne Ketthorne Southcompmere Bromwich Nortmansford Southcompmere Ketthorne Wendlethorne Rotsted Wendlethorne Ketthorne Southcompmere Bromwich Stapseyden Sistanwick Boothingtree Sistanwick Prestlake Stapseyden Sistanwick Boothingtree Edgfield Hannensworth Skellingstoke Watchsmith Endlesthorne Alddlesbasbridge Boothingwick Rockdenport Boothingwick Rockdenport Hanbasside Bootherbersted Elmsbasbridge Wendlerewick Dribbinglow Rockenborough Ribbendhead Toddlenell Blanavon Ennell Wolden Melwich Ennell Blanavon Ennell Wolden Horslake Brackavon Wycombe Sundlecombe Chedcastle Basserchester Chipbasfield Chedcastle Sundlecombe Wycombe Brackavon Alfcastle Horslake Brackavon Wycombe Sundlecombe Chedcastle Basserchester Cannell Camsreborough Braindlemere Ellensbrough Eggermoor Cheddenwang Marlwich Eggermoor Ellensbrough Braindlemere Camsreborough Reddennell Cannell Camsreborough Braindlemere Ellensbrough Eggermoor Cheddenwang Sudhead Pemsdown Wencester Windlesseywang Pendlesbascastle Endcastle Whitwood Marlborne Pendlesford Whitborough Camhampton Elmerdown Skelling Chilworth Wolbourne Braddlesreport Farnsmerbeck Hammingreport Camsmere Burglesbrook Soddlesbasbourne Braddleswick Sismith Clereshot Worringcompgrove Alddlesenbage Horndlehampton Falrensavon Suddingney Toddleborne Kettenwell Sundlesborne Staindlemansavon Chilmermere Penswick Ketworth Ciringover Aldlow Cammertree Reddlebershot Candleseyney Elsmith Sudderbage Camsted Suddlescester Sirengrove Worglesmernell Shrivgrove Sodham Durrenslow Flitcompwold Sunsseybrook Tipencester Camtree Reddlesley Chippingchester Ribblesremoor Skellerbury Rothensden Endover Wychringden Ensdown Chedwick Dribberbrough Melborne Camling Sudderwick Shaftport Falbaswood Siringbrook Skellingbaswold Skellingmansgrove Egwich Tippenside Chilhall Wolvingborne Tippenside Egwich Skellingmansgrove Skellingbaswold Siringbrook Falbaswood Chelmenthorne Shaftport Sudderwick Botbeck Camling Sudderwick Shaftport Falbaswood Siringbrook Leatherberlake Skellingbaswold Skellingmansgrove Elringlow Egwich Skellingmansgrove Skellingbaswold Siringbrook Falbaswood Shaftport Sudderwick Camling Melborne Dribberbrough Chedwick Ensdown Prestwood Chedwick Dribberbrough Melborne Emsbrook Dribberbrough Chedwick Ensdown Wychringden Rothensden Skellerbury Worrersted Ribblesremoor Chippingchester Hansside Reddlesley Camtree Sunsseybrook Flitcompwold Durrenslow Sodham Worglesmernell Sirengrove Camsted Sudderbage Suddendwell Elsmith Sudderbage Camsted Sudderbage Elsmith Candleseyney Cammertree Aldlow Tippendside Ciringover Ketworth Penswick Chilmermere Pendnell Staindlemansavon Sundlesborne Hammingdenden Kettenwell Toddleborne Suddingney Falrensavon Chelmsbertree Horndlehampton Alddlesenbage Sundtree Worringcompgrove Clereshot Hammermere Sismith Braddleswick Soddlesbasbourne Eghampton Braddleswick Soddlesbasbourne Burglesbrook Cirerdown Camsmere Hammingreport Farnsmerbeck Braddlesreport Suddendmansavon Wolbourne Braddlesreport Farnsmerbeck Braddlesreport Wolbourne Chilworth Emmingwell Skelling Elmerdown Camhampton Whitborough Wolverbury Pendlesford Whitborough Camhampton Emthorne Elmerdown Skelling Elmerdown Camhampton Whitborough Pendlesford Marlborne Endcastle Pendlesbascastle Windlesseywang Wencester Sudhead Cheddenwang Eggermoor Ellensbrough Braindlemere Camsreborough Cannell Basserchester Chedcastle Sundlecombe Wycombe Brackavon Horslake Wolden Ennell Blanavon Toddlenell Ribbendhead Dribbinglow Wendlerewick Bootherbersted Hanbasside Rockdenport Boothingwick Endlesthorne Watchsmith Hannensworth Edgfield Boothingtree Sistanwick Stapseyden Bromwich Southcompmere Ketthorne Wendlethorne Rotsted Hamwich Brombrough Sodditch Nortditch Reddingringey Horndleside Braindlemoor Wolney
55
Staindlemansavon Staindlemansavon
Braindlemoor Braindlemoor
Sodden Sodden
Brombrough Brombrough
Hamwich Hamwich
Penswick Tiphampton
Aldlow Aldlow
Cammertree Cammertree
Wendlethorne Chipcester
Bromwich Bromwich
Stapseyden Stapseyden
Suddendwell Suddendwell
Sirengrove Sirengrove
Worglesmernell Worglesmernell
Boothingtree Reddingbourne
Watchsmith Watchsmith
Endlesthorne Endlesthorne
Flitcompwold Bootbeck
Camtree Camtree
Reddlesley Reddlesley
Rockdenport Hampenlake
Wendlerewick Wendlerewick
Dribbinglow Dribbinglow
Worrersted Worrersted
Wychringden Wychringden
Ensdown Ensdown
Blanavon Egmanston
Wolden Wolden
Horslake Horslake
Emsbrook Emsbrook
Sudderwick Sudderwick
Shaftport Shaftport
Sundlecombe Meley
Basserchester Basserchester
Cannell Cannell
Leatherberlake Leatherberlake
Elringlow Elringlow
Chilhall Chilhall
Braindlemere Endingey
Cheddenwang Cheddenwang
Sudhead Sudhead
Pendlesbascastle Cirercompsted
Marlborne Marlborne
Pendlesford Pendlesford
Emthorne Emthorne
Chilworth Chilworth
Wolbourne Wolbourne
Farnsmerbeck Marlringlake
Burglesbrook Burglesbrook
Soddlesbasbourne Soddlesbasbourne
Hammermere Hammermere
Alddlesenbage Alddlesenbage
Horndlehampton Horndlehampton
Toddleborne Hannerley
Sundlesborne Sundlesborne
