Whitgrove Sodberling Ellerbridge Boothingchester Sundendford Botbeck Whitringlake Egwick Worberney Whitgrove Sodberling Ellerbridge Ketchester Watchlake Bursted Botbage Penddenchester Chelmdenmoor Penddenchester Pemnell Rothingcombe Pemnell Penddenchester Botbage Bursted Ketchester Watchlake Bursted Botbage Botwick Endingrensby Toddenmoor Ketnell Chelmdenmoor Ketnell Toddenmoor Aldtree Toddenmoor Ketnell Rockbage Sundcompney Prestwick Wychchester Durbrook Bromssmith Worford Hamscombe Stainbrough Maidendstoke Basbage Southmere Ribberrenston Farnditch Ribberrenston Southmere Waltcompbrook Enborough Chilsmith Rothead Southmere Egsted Sodderover Leatherbourne Fullencester Rothead Chilsmith Bastlebury Hamwold Emmerley Bastlebury Rothendcombe Wychditch Cookfield Staindledown Endingnell Toddenmerbrough Casbrook Windleshead Egford Cookfield Wychditch Rothendcombe Dribwold Reddingtree Stapbrough Egbeck Skellenshot Egbeck Cireport Leatherport Alddleringworth Reddendeney Worhall Hannersmith Chipbridge Alddleringworth Worhall Hannersmith Tippendham Warblestancester Basbage Maidendstoke Stainbrough Ribglesstanworth Hamscombe Worford Egmerditch Maidendlegrove Wethampton Bromrenslake Botenbrook Tipstoke Burlake Tipstoke Botenbrook Hampingworth Worford Falderseythorne Durbrook Sodport Elside Waltbeck Cannerthorne Elside Wetsmith Shafthead Marlbrook Falderbrough Warsmith Wetsmith Elside Ciringnell Elside Wetsmith Warsmith Horsnell Siavon Abgleham Sundlethorne Fullensborne Sundlethorne Redwich Horsmere Rothingcombe Pemnell Egwick Redcombe Hampingcastle Basditch Stainbrough Hamscombe Dartdown Marlcester Nortwell Bassinghead Southbury Burglemere Sirenshall Burglemere Tipbeck Basditch Hampingcastle Waltbeck Chillingbridge Hornsmercombe Ribbenhall Hornsmercombe Stafavon Waltbeck Wychchester Barndlesborough Skellingover Candleswick Endleshall Melwood Reddensden Cirerham Candleswick Endleshall Melwood Suddenmoor Egmerhampton Shaftwick Hurstdown Botshot Toddingchester Stafcombe Stapbrook Stafcombe Waltbasmere Tippingtree Hurstdown Shaftwick Egmerhampton Suddenmoor Tippenbrook Marlbeck Faldenhall Marlbeck Enderbeck Sifield Abcester Shaftwick Egmerhampton Pemton Tippendham Warblestancester Basbage Maidendstoke Ashenhead Wycastle Bootwick Wycastle Boothingchester Sundendford Boothingchester Ellerbridge Sodberling Bromstanham Clereennell Botmermoor Bromstanham Sodberling Whitgrove
82
Hampingworth Hampingworth
Egwick Staplow
Wetsmith Wetsmith
Horsnell Horsnell
Ribbenhall Boothingmanstree
Bastlebury Bastlebury
Sodport Sodport
Sirenshall Sirenshall Hampingbascombe
Hamscombe Alfmere Skelberden
Emmerley Emmerley
Skellenshot Skellenshot Cihead
Prestwick Prestwick
Worhall Worhall
Rothendcombe Rothendcombe
Nortwell Nortwell
Reddingtree Eley
Stapbrook Wetwick
Ellerbridge Worrenberwang Ellerbridge Suddingover
Sifield Sifield
Fullensborne Blansbrook
Bromstanham Bromstanham
Botshot Falworth
Abcester Abcester
Falderseythorne Falderseythorne
Leatherport Leatherport
Elside Elside
Tippenbrook Tippenbrook
Cirerham Dartden Wolley
Durbrook Durbrook
Hampingcastle Hampingcastle
Whitgrove Dribblecombe Whitgrove
Stapbrough Stapbrough
Sundendford Chedworth Sundendford
Tippendham Tippendham
Watchlake Watchlake Farndlesover Tippingbage
Basditch Basditch
Egmerhampton Egmerhampton
Ketchester Ketchester
Tipstoke Tipstoke
Worford Dribberham Worford Rotherlow
Wycastle Wycastle
Rothingcombe Rothingcombe Milthorne
Rothead Bothenhall
Reddendeney Reddendeney
Burlake Endleberey
Candleswick Candleswick
Hamwold Hamwold
Sundlethorne Sundlethorne
Hannersmith Shaftborough
Whitringlake Whitringlake
Enderbeck Enderbeck
Ciringnell Penby
Casbrook Casbrook
Siavon Siavon
Farnditch Farnditch Abglewold
Botbeck Botbeck
Bootwick Bootwick Todhampton
Southmere Southmere
Suddenmoor Suddenmoor Staincombe
Clereennell Clereennell
Egsted Egsted
Ribberrenston Ribberrenston
Wychchester Wychchester Siey
Cannerthorne Cannerthorne
Ketnell Ketnell
Skellingover Skellingover
Southbury Southbury
Warsmith Horstleover
Abgleham Abgleham
Stainbrough Wendleringdown
Waltbeck Waltbeck
Wethampton Wethampton
Sodberling Bursmith Sodberling
Melwood Melwood
Chelmdenmoor Bothenton
Marlcester Marlcester
Faldenhall Faldenhall
Toddenmoor Toddenmoor
Aldtree Wychcompwold
Marlbrook Marlbrook
Redcombe Redcombe
Endingnell Endingnell
