0 188 28 155 63 91 16 146 129 1 170 103 163 194 76 177 158 112 81 105 181 196 123 66 196 179 172 39 8 26 8 26 66 196 181 123 148 178 193 186 180 135 180 186 105 199 86 34 94 31 118 64 58 105 158 111 51 111 51 150 22 118 48 190 99 115 30 175 3 99 85 161 145 160 85 19 91 114 63 91 19 70 157 50 62 61 117 107 159 143 131 137 191 127 109 165 107 143 65 84 89 173 84 42 109 127 191 134 128 168 156 141 60 104 14 4 141 152 130 20 152 25 156 168 125 133 169 125 141 60 59 10 59 60 83 40 97 36 73 184 33 107 143 33 140 87 159 52 90 57 38 153 110 153 113 80 53 113 98 54 185 56 154 116 75 32 116 56 154 53 5 185 27 162 132 144 93 124 139 183 132 144 24 101 15 189 93 132 92 108 102 21 35 167 9 35 164 24 61 62 50 77 182 45 96 67 47 29 62 50 157 11 91 136 146 129 1 170 103 0
87
4 4
153 6
9 9
10 10 12 100
14 14
118 17
62 18
19 19 74
20 20
22 22
24 24
25 25
26 26 176
27 27
28 28
31 31
32 32
36 36
38 38
39 39 151
42 42
110 44
47 47
48 48
0 49
50 50
51 51 79
58 58
63 63
64 64
65 65
67 67
135 69
70 70
75 75
77 77
81 78 81 121
83 83
85 85
87 87
89 89
91 91
29 95 119
96 96
98 98
99 99
102 102
103 103
104 104
86 106
108 108
109 109
111 111 126 149
116 116 120
117 117
125 125
128 128
130 130
133 133
134 134
137 137
35 138
139 139
145 145
146 146
155 155
156 156
157 157
159 159
160 160
163 163
8 166
168 168
170 170
173 173
175 175
178 178
179 179
180 180
182 182
184 184
185 185
186 186 197
193 193
194 194
196 196
199 199
