location0 location66 location32 location55 location74 location15 location31 location88 location13 location5 location55 location98 location92 location89 location24 location4 location83 location29 location1 location58 location32 location87 location79 location37 location82 location73 location93 location53 location61 location5 location84 location19 location71 location5 location59 location69 location28 location33 location97 location52 location16 location69 location63 location17 location50 location68 location16 location96 location65 location27 location3 location73 location82 location37 location79 location25 location58 location1 location29 location14 location7 location24 location89 location10 location22 location46 location22 location43 location26 location90 location60 location6 location43 location22 location86 location38 location23 location65 location34 location42 location2 location55 location41 location39 location21 location34 location22 location86 location91 location53 location30 location9 location12 location80 location2 location53 location40 location64 location24 location20 location75 location92 location84 location81 location32 location83 location72 location48 location76 location18 location48 location0
46
location1 location1 location11
location2 location2
location3 location3
location4 location4
location5 location5
location6 location6
location7 location7
location10 location8 location10 location36
location9 location9
location12 location12
location13 location13
location14 location14
location15 location15
location16 location16
location17 location17
location18 location18
location19 location19
location20 location20
location21 location21
location22 location22
location23 location23
location24 location24
location25 location25
location26 location26
location27 location27
location28 location28
location29 location29
location30 location30
location31 location31
location32 location32
location33 location33
location34 location34
location53 location35
location37 location37
location38 location38
location39 location39
location40 location40
location41 location41
location42 location42
location43 location43
location61 location44
location58 location45
location46 location46 location49
location0 location47
location48 location48
location50 location50
