location0 location11 location143 location118 location190 location155 location106 location72 location191 location106 location173 location196 location138 location17 location173 location106 location188 location67 location43 location20 location147 location139 location116 location60 location114 location147 location16 location46 location131 location124 location163 location52 location192 location168 location172 location5 location124 location83 location6 location67 location126 location153 location159 location126 location34 location170 location58 location84 location99 location30 location50 location53 location189 location152 location1 location3 location117 location3 location64 location15 location57 location193 location141 location166 location102 location10 location41 location186 location41 location89 location166 location141 location75 location61 location141 location3 location1 location152 location76 location162 location146 location21 location158 location167 location21 location70 location90 location162 location77 location166 location174 location86 location20 location174 location28 location115 location28 location135 location22 location150 location92 location18 location160 location51 location108 location192 location181 location156 location51 location2 location170 location34 location194 location4 location179 location110 location34 location176 location33 location65 location154 location6 location129 location128 location129 location6 location154 location184 location125 location122 location56 location149 location42 location56 location184 location40 location26 location40 location26 location113 location36 location146 location8 location181 location106 location72 location87 location72 location93 location107 location74 location107 location105 location97 location164 location133 location101 location178 location97 location133 location180 location54 location60 location54 location23 location68 location23 location54 location180 location48 location32 location90 location32 location195 location103 location197 location132 location22 location132 location197 location98 location9 location77 location48 location183 location80 location136 location171 location48 location183 location58 location123 location199 location95 location25 location35 location151 location96 location7 location187 location35 location151 location27 location157 location47 location19 location134 location13 location140 location190 location37 location148 location165 location148 location37 location104 location179 location78 location62 location179 location66 location54 location7 location111 location182 location12 location111 location7 location104 location118 location11 location0
85
location1 location1 location79
location2 location2
location3 location3
location4 location4
location5 location5
location6 location6
location7 location7 location100
location8 location8
location9 location9
location10 location10
location11 location11
location12 location12 location29
location13 location13
location60 location14 location60
location15 location15
location16 location16
location17 location17
location18 location18
location19 location19
location20 location20
location21 location21 location59
location22 location22 location44
location23 location23
location117 location24
location25 location25 location38
location26 location26 location82
location27 location27
location28 location28
location30 location30
location186 location31
location32 location32
location33 location33
location34 location34
location35 location35
location36 location36
location37 location37
location68 location39 location68 location81
location40 location40 location71
location41 location41
location42 location42
location43 location43
location74 location45 location74
location46 location46
location47 location47
location48 location48
location78 location49 location78
location50 location50
location51 location51
location52 location52
location53 location53
location54 location54
location0 location55
location56 location56
location57 location57
location58 location58
location61 location61
location62 location62
location128 location63
location64 location64
location65 location65
location66 location66
location67 location67
location165 location69
location70 location70
location72 location72
location87 location73 location87
location75 location75
location76 location76
location77 location77
location80 location80
location83 location83
location84 location84
location140 location85
location86 location86
location151 location88
location89 location89
location90 location90 location91
location92 location92
location93 location93
location118 location94
location95 location95
location96 location96
location97 location97
location98 location98
location99 location99
