SantaClarita Carrollton Lubbock Frisco PembrokePines Austin Indianapolis Stockton Pomona Allentown Hartford Boston Ontario Omaha Allentown Peoria Wichita Chesapeake Escondido Memphis Oakland Escondido Chesapeake JerseyCity Escondido Yonkers Memphis Modesto Independence OverlandPark SiouxFalls Bridgeport Independence Fayetteville Fontana Bellevue Davidson Alexandria Worcester Garland Richmond Worcester Fontana Irvine Scottsdale HuntingtonBeach Irvine SantaAna SantaRosa Newark Glasses Brownsville Orlando Madison Tulsa Miami Cary RanchoCucamonga Washington AnnArbor WestValleyCity Washington Tempe McAllen Lancaster Surprise Torrance FortWayne Torrance Portland Sunnyvale Visalia Hartford LouisvilleJefferson SanBernardino Miami Amarillo StPetersburg Tulsa OklahomaCity Milwaukee Lafayette OklahomaCity Newark Miami Chandler Paterson Hollywood Chandler Akron Berkeley Spokane FortCollins Murfreesboro Victorville Shreveport Huntsville Thornton NewportNews Beaumont Thornton Murfreesboro Victorville GardenGrove Fremont FortCollins Durham Reno Lubbock Frisco SanDiego Lubbock Carrollton SantaClarita
47
Yonkers Yonkers
Ontario Ontario
Thornton Midland
Sunnyvale Sunnyvale
Boston Boston
Allentown Allentown
Berkeley Stamford
Fayetteville Fayetteville
Bellevue Bellevue
OklahomaCity LosAngeles OklahomaCity
Indianapolis Indianapolis
Victorville Victorville
Frisco LexingtonFa
SanDiego Waco StLouis
Visalia Visalia
NewportNews NewportNews
StPetersburg StPetersburg
PembrokePines PembrokePines
Omaha Omaha
SiouxFalls SiouxFalls
Garland Garland
Worcester Worcester
Stockton Stockton
WestValleyCity WestValleyCity
Austin Austin
Pomona Pomona
FortWayne Henderson
Hartford LongBeach Hartford
Paterson Paterson
Lafayette Lafayette
Beaumont Beaumont
Lubbock Concord
Huntsville Huntsville
Shreveport Shreveport
Scottsdale Scottsdale
GardenGrove GardenGrove
Orlando Orlando
Newark Newark
Surprise Surprise
Carrollton Carrollton
LouisvilleJefferson LouisvilleJefferson
Brownsville Brownsville
Alexandria Alexandria
Wichita Wichita
Independence Independence
Washington Washington
RanchoCucamonga RanchoCucamonga
