Waco SanAntonio Waco OverlandPark SterlingHeights OWO AthensClarkeCounty SanFrancisco AthensClarkeCounty OWO SterlingHeights Palmdale Springfield Victorville Gilbert Denton WestValleyCity Victorville SanBernardino Stamford SanBernardino Victorville FortCollins Palmdale Roseville Lincoln Newark SaltLakeCity Rochester Oski Irving SantaClara ChulaVista Peoria Pikachu SaltLakeCity AnnArbor OverlandPark Newark Lincoln Detroit Atlanta Newark Mesquite Aurora KansasCity Aurora Mesquite OverlandPark Waco
19
Stamford Clarksville Cary Stamford
AnnArbor AnnArbor
SanFrancisco Richmond SanFrancisco
Palmdale FortWayne Palmdale
Victorville StPaul
SanAntonio SanAntonio MorenoValley
Rochester Rochester
FortCollins FortCollins
AthensClarkeCounty AthensClarkeCounty
OWO LexingtonFa OWO
ChulaVista ChulaVista
Irving Irving
Newark Newark
Detroit Detroit
SterlingHeights SterlingHeights
SanBernardino SanBernardino
KansasCity Omaha
SaltLakeCity SaltLakeCity
Lincoln Lincoln
