18 75 42 95 42 75 22 29 57 14 48 36 3 2 48 62 2 21 56 97 60 78 81 79 46 1 40 1 6 81 55 81 78 33 55 45 84 6 1 46 24 37 24 20 39 53 31 12 86 93 90 27 92 12 83 7 93 32 99 7 32 91 17 32 58 97 29 49 50 49 35 44 98 59 72 26 80 52 76 13 74 26 72 49 35 54 16 35 28 18
42
50 0
2 2
3 3
33 4 33
6 6 25
7 7
55 9
12 12
14 14
16 16
17 17 41
18 18
20 20
22 22
28 28
32 32
36 36 71
37 37 69
39 39
42 42
59 43 59
45 45
46 46
53 53
57 57
54 61
62 62
97 63
72 72
40 73
75 75
76 76
79 79
80 80 87
83 83
84 84
86 85
95 88 95
90 90
92 92
93 93
98 98
