0 15 58 193 39 193 123 81 128 175 173 198 138 184 122 195 133 90 29 195 124 96 17 177 194 112 135 93 144 51 176 69 62 131 140 181 197 30 17 50 182 135 112 135 8 37 101 196 101 191 141 58 44 76 113 192 18 196 101 92 68 101 37 108 37 8 135 61 165 110 165 130 9 130 88 180 63 183 73 172 85 109 172 67 87 43 142 150 63 180 88 67 169 151 24 48 24 161 36 95 5 17 29 127 170 149 184 72 78 52 78 177 171 29 168 139 66 188 22 131 167 26 12 46 12 26 145 38 74 22 188 66 57 184 72 17 137 129 47 89 19 147 1 163 146 136 163 154 114 17 5 6 15 6 173 175 128 28 128 155 55 81 75 25 152 115 117 147 19 125 119 118 186 97 186 2 119 174 64 3 35 49 87 43 87 190 87 11 87 11 19 147 117 14 117 175 156 162 153 179 153 23 185 7 185 0
81
0 0
1 1
2 2
3 3
48 4
5 5 160
8 8
9 9 103
11 11 65
14 13 14
15 15 16
17 17 94
18 18
108 20 166
190 21 116 190
22 22
23 23
24 24
26 26
97 27
28 28 187
151 31 151
76 33
35 35 157
38 38
39 39 56
165 42
43 43 159
47 47
50 50
51 51
52 52 199
123 59 158
66 66
67 67
68 68
69 69
7 70
140 71
72 72
74 74
78 78
110 80
81 81
87 83
46 84
133 86 133
89 89
93 93
96 96
136 98
112 100 111
101 101
179 102
155 107
114 114
115 115
12 120
125 125
128 128
129 129
130 130
172 134 172
137 137
138 138
141 141
175 143
146 146
152 152
153 153
154 154
196 164
167 167
173 173
174 174
177 177
182 182
183 183
184 184
193 193
197 197
