13 87 34 4 13 98 57 31 77 36 31 11 17 30 77 31 57 7 98 24 75 39 24 69 79 74 60 63 12 99 1 9 50 9 95 48 21 91 81 49 55 22 92 65 49 91 21 83 18 42 61 0 53 66 37 66 96 7 68 25 67 37 2 82 62 88 84 51 46 84 61 34 47 23 26 51 5 26 89 28 33 90 60 72 43 33 28 89 73 85 93 20 82 44 56 73 52 73 85 40 56 59 27 14 80 15 59 97 83 35 29 83 99 86 12 69 64 58 70 13
47
50 50 71
51 51
52 52 94
53 53
40 54
55 55
56 56
57 57
58 58
59 59
60 60
61 61
62 62
63 63
64 64
65 65
66 66
67 67
68 68
69 69
70 70
72 72
73 73
74 74 78
75 75
31 76
77 77
79 79
80 80
81 81
82 82
83 83
84 84
85 85
86 86
87 87
88 88
89 89
90 90
91 91
92 92
93 93
95 95
96 96
97 97
98 98
99 99
