13 62 64 143 29 64 21 17 184 5 21 168 18 16 67 73 76 50 188 106 119 169 91 70 169 119 191 74 57 191 119 10 91 104 55 142 31 40 85 27 85 27 61 51 116 148 35 51 159 24 37 192 24 158 22 30 177 155 34 22 30 128 47 7 22 87 94 0 154 0 115 167 20 115 0 94 173 82 97 141 113 49 71 192 157 123 71 84 156 56 189 24 165 159 129 199 41 66 129 105 79 86 3 63 165 101 1 52 159 161 33 131 179 151 171 197 26 53 77 26 187 135 102 149 23 95 81 135 145 92 25 58 163 89 28 102 36 140 181 174 45 139 14 174 99 166 117 140 171 8 131 33 108 121 118 78 125 135 176 46 78 88 12 142 146 31 132 142 190 195 153 38 195 160 76 73 75 69 190 175 110 43 194 59 81 182 39 140 43 81 170 73 122 79 136 80 136 73 183 166 16 168 138 198 152 90 198 18 130 114 19 47 58 47 15 183 99 11 47 15 2 42 193 60 193 96 179 112 93 42 21 179 44 1 101 62 124 9 65 100 178 147 62 126 162 103 32 109 127 32 13
94
100 100
101 101
102 102
103 103
104 104
105 105
106 106
143 107 120 143
108 108
109 109
110 110
154 111 134 154
112 112
113 113
114 114
115 115
116 116
117 117
118 118
119 119
121 121
122 122
123 123
124 124
125 125
126 126
127 127
128 128
129 129
130 130
131 131
132 132
162 133 162
135 135
136 136
60 137
138 138
139 139
140 140
141 141
142 142
167 144 167
145 145
146 146
147 147
148 148
149 149
85 150
151 151
152 152
153 153
155 155
156 156
157 157
158 158
159 159
160 160
161 161
163 163
58 164
165 165
166 166
168 168
169 169
170 170
171 171
70 172
173 173
174 174
175 175
176 176
177 177
178 178
179 179
80 180
181 181
182 182
183 183
184 184
27 185
30 186
187 187
188 188
189 189
190 190
191 191
192 192
193 193
194 194
195 195
76 196
197 197
198 198
199 199
