vLeODpVlYSBeYNDYoXha biqCAetglYuANrTRzMiX DDEuYWXXufMefzDjgEFm CfkBzkPETvagyIDCsLTD oCvaAQKOXXWgeSNnUmae OVoYVQPnlYoZBBKtyuLk TCAkluAESUWAMGFeNcGN MlwlINEFqmyzZNPXRLJF zxeoSbTqbWPpSzalAtBI MlwlINEFqmyzZNPXRLJF tVzUgXVoBYxBMnkkwFmk ZbyHJLmoTqNpTnlUVJZC fPxvnMVMFwhJbNBURdgD vGdJmIpYPUGRspXiVLdc fPxvnMVMFwhJbNBURdgD FqdjKgdpEanmCnmxJMFA gzxzakmqbxbsOczuQVLG wRjMmrpRuknxqunJrMAE DqUxIMslnixWfmkjQTmS wRjMmrpRuknxqunJrMAE gzxzakmqbxbsOczuQVLG FqdjKgdpEanmCnmxJMFA ajvbaFpYiEBJySPsSLaI FqdjKgdpEanmCnmxJMFA TCAkluAESUWAMGFeNcGN CPszTohYUHARNedzFlDK OVoYVQPnlYoZBBKtyuLk oCvaAQKOXXWgeSNnUmae CfkBzkPETvagyIDCsLTD DDEuYWXXufMefzDjgEFm DIYMXZHlgebDcivTxnEV gMqbbwopmbxmOomqZjfm AdXveYSBaneNwCQzrdSw ruLqpYqEzGGiKysvsarb AdXveYSBaneNwCQzrdSw QkAjrUUuVdzSMnlfJLcO PSVkjNlrWHpVSTVIEkGG mlipOrSnGcxXtoXBbRyl LOMgYipCQQXQnRqEqRwO qbmGewAditsWkTFHdxjP QQSjCkgLAWAPObYQvNsB RjKEHTlRvtaVBbyqZVAw ubTtmhAXQixwuFvQluYa LeLGVrNGvkwLbzIWTNFP ASXwCgVTXDdhSXJwFovC FEqXJcVrZfnSsHEUPhnl sdSgCnaZeeOuPKljZOSr FEqXJcVrZfnSsHEUPhnl QkAjrUUuVdzSMnlfJLcO gMqbbwopmbxmOomqZjfm CmbFyJmcvVqyCmJgQxeI fHcdXnOxSadpKeCUwNYm QtHVsvuuzmkuXUdZioTD KgnBXuaAkdTHYMUVRKMG QtHVsvuuzmkuXUdZioTD fHcdXnOxSadpKeCUwNYm CmbFyJmcvVqyCmJgQxeI gMqbbwopmbxmOomqZjfm ZjjqpiSiaWnmxJgUtucv gMqbbwopmbxmOomqZjfm gIttwvzcgONwFblnGIqq klkbOWCZrzPBFVDxhNbj VhDSPHxolLkNxxDnpUyx mevvwcZLudaokctOWvKe iBYHAWUhqeQPjphQzpdN mevvwcZLudaokctOWvKe mlipOrSnGcxXtoXBbRyl LOMgYipCQQXQnRqEqRwO kOaPwvTTqhaYDvjPPZCZ fvYrLpgzqLNOAQbahgax McOZQehrTygkGidmwyMe DWWCMAjZQQIEKOIiHFQN cZgmtoPGHxdozTaDMiyf DWWCMAjZQQIEKOIiHFQN McOZQehrTygkGidmwyMe fvYrLpgzqLNOAQbahgax kOaPwvTTqhaYDvjPPZCZ LOMgYipCQQXQnRqEqRwO mlipOrSnGcxXtoXBbRyl mevvwcZLudaokctOWvKe VhDSPHxolLkNxxDnpUyx SouQfuEdAivolPXFbygH LGqbVTsFMANIedVHAALW WCCOEUYmDvzZlrkDAqoi LGqbVTsFMANIedVHAALW biqCAetglYuANrTRzMiX vLeODpVlYSBeYNDYoXha
34
KgnBXuaAkdTHYMUVRKMG fvEcAuRDdfuHEPLNpaTz
ruLqpYqEzGGiKysvsarb ybrQlUhznqOhsvndWAbl ruLqpYqEzGGiKysvsarb
CfkBzkPETvagyIDCsLTD CfkBzkPETvagyIDCsLTD iDucfyZGMCbCQbXjbQqM
QQSjCkgLAWAPObYQvNsB QQSjCkgLAWAPObYQvNsB
AdXveYSBaneNwCQzrdSw AdXveYSBaneNwCQzrdSw
gzxzakmqbxbsOczuQVLG gzxzakmqbxbsOczuQVLG gEufXNuuWhnlbNYaoQFJ
VhDSPHxolLkNxxDnpUyx VhDSPHxolLkNxxDnpUyx jwIBHKkXHTPVsOJwBOsr PLDOWRIeaCSVLMyDadzC
zxeoSbTqbWPpSzalAtBI zxeoSbTqbWPpSzalAtBI dyUDfEGgAoSshTRjMZZg pdXCnKagnvEntNTuPHdK uyPyJzKFqWxgSNmpkDrB
WCCOEUYmDvzZlrkDAqoi xQaDpDGAXhDYzSMnMWvb WCCOEUYmDvzZlrkDAqoi
mlipOrSnGcxXtoXBbRyl NVEtShKeuxpaFIOiyVqE mlipOrSnGcxXtoXBbRyl
RjKEHTlRvtaVBbyqZVAw RjKEHTlRvtaVBbyqZVAw
ASXwCgVTXDdhSXJwFovC ASXwCgVTXDdhSXJwFovC
QkAjrUUuVdzSMnlfJLcO QkAjrUUuVdzSMnlfJLcO NciLXNPTvMoXdbTDZmlg
cZgmtoPGHxdozTaDMiyf TwgqMzgExFHTIfcwfBnr cZgmtoPGHxdozTaDMiyf
fvYrLpgzqLNOAQbahgax BXzACdzjLITNgbmDPlEu
iBYHAWUhqeQPjphQzpdN jzQJaGLLiuQLhhyqBagr iBYHAWUhqeQPjphQzpdN
ajvbaFpYiEBJySPsSLaI fToHwimUqLsKcKLZHiUX
MlwlINEFqmyzZNPXRLJF MlwlINEFqmyzZNPXRLJF
gIttwvzcgONwFblnGIqq gIttwvzcgONwFblnGIqq
DqUxIMslnixWfmkjQTmS DqUxIMslnixWfmkjQTmS TqyFrXuGvuBuqnpYbjKc
ZjjqpiSiaWnmxJgUtucv aCucdhmWbhlrgfstQigR
gMqbbwopmbxmOomqZjfm NAHeKyyhAObyyUEUSkSU UgFPXEAdAfcfHGIbNTsq gMqbbwopmbxmOomqZjfm
qbmGewAditsWkTFHdxjP cvlwIwajcIlbhZbyFgmq
vGdJmIpYPUGRspXiVLdc sBkAYRISjTYinLFSNcKW
fPxvnMVMFwhJbNBURdgD fPxvnMVMFwhJbNBURdgD
CPszTohYUHARNedzFlDK CPszTohYUHARNedzFlDK
wRjMmrpRuknxqunJrMAE iBjjCWwkYToOKfrrLnny
sdSgCnaZeeOuPKljZOSr sXfgLMwoysnMazVSWnhc
mevvwcZLudaokctOWvKe FcEsyaTmqpoyvbDrHjlc
fHcdXnOxSadpKeCUwNYm fHcdXnOxSadpKeCUwNYm
OVoYVQPnlYoZBBKtyuLk OVoYVQPnlYoZBBKtyuLk
CmbFyJmcvVqyCmJgQxeI CmbFyJmcvVqyCmJgQxeI
tVzUgXVoBYxBMnkkwFmk tVzUgXVoBYxBMnkkwFmk
DWWCMAjZQQIEKOIiHFQN DWWCMAjZQQIEKOIiHFQN
