oUyBZvEHNPOWtAsHANHU ikjgYLaZRolSrbIYyKBd tItiZloipgPmLuONrNnZ eqwycKZriorIAbsUBjxu VVzvLIOwARaWwhQTKPrx UcwddMmmNJxPoUiuiyvm oMKDNkBacLxexXKHqXfF HtdxiYFdkhPmCThfcVBH YIofCjSpfjMZYcwDVdpu CcspnGXfrmzZRWjdMjLd PojKKQvEDmFOnJinujFi DsLevMWgWFWOQXFMbaQy gUlgGYCPZjsRiFLqnVun JGmrlhNqKarRJZMikIzR fDAbzsYfiXDxOIsITcQl IuNNJvHSmYKpVBzmzuJX fDAbzsYfiXDxOIsITcQl IuNNJvHSmYKpVBzmzuJX rqqedkokePZFdhDbMNpX hpQFeVriPZmwKZcYFAWN UgaWwXBplvlUJzfeuZdN QMnEKXGwZYUlreveNjwA RoJsXhmBaCWhexsUOZgS JOFEBwAKkbqhkHCsIrdY ikjgYLaZRolSrbIYyKBd NBTlGJqSnWahMvuDlXAm hpQFeVriPZmwKZcYFAWN PojKKQvEDmFOnJinujFi CcspnGXfrmzZRWjdMjLd XZRBuctXhYPbWardFSZS CcspnGXfrmzZRWjdMjLd PojKKQvEDmFOnJinujFi hpQFeVriPZmwKZcYFAWN UgaWwXBplvlUJzfeuZdN eqwycKZriorIAbsUBjxu MeohNnftDTzllMTGwxnG CCYBPFZgoOONzoEeTKzC WNtREfXrntZpJjBWrnBQ eqwycKZriorIAbsUBjxu VVzvLIOwARaWwhQTKPrx OWCblOtQanZakRLMqMxz eWVKeYegIFOJxvfRkjek JKNUHFrXPStBWMuUOVkj tItiZloipgPmLuONrNnZ ikjgYLaZRolSrbIYyKBd tItiZloipgPmLuONrNnZ JKNUHFrXPStBWMuUOVkj QFaSXENOfunmdZIBqDsS UMfDYlvFlUVuogMRkWNG QFaSXENOfunmdZIBqDsS eWVKeYegIFOJxvfRkjek vUAlnOQiiNflifusqsxz cAvnOxZJtanpVvcAxJHM LemOEIyAWGqzIWrhGjyu WNtREfXrntZpJjBWrnBQ eqwycKZriorIAbsUBjxu hNRcEeFjmsmOnuOdNAXl eWGFHgdBASXJbxQbYrCG oUyBZvEHNPOWtAsHANHU
23
oUyBZvEHNPOWtAsHANHU oUyBZvEHNPOWtAsHANHU
PojKKQvEDmFOnJinujFi PojKKQvEDmFOnJinujFi
eqwycKZriorIAbsUBjxu eqwycKZriorIAbsUBjxu
hpQFeVriPZmwKZcYFAWN hpQFeVriPZmwKZcYFAWN
QMnEKXGwZYUlreveNjwA QMnEKXGwZYUlreveNjwA
fDAbzsYfiXDxOIsITcQl NVPacTSrBMpDkMBotiWB
cAvnOxZJtanpVvcAxJHM cAvnOxZJtanpVvcAxJHM
OWCblOtQanZakRLMqMxz OWCblOtQanZakRLMqMxz
eWVKeYegIFOJxvfRkjek eWVKeYegIFOJxvfRkjek
hNRcEeFjmsmOnuOdNAXl hNRcEeFjmsmOnuOdNAXl
UMfDYlvFlUVuogMRkWNG lPMfQyVLDIZczBuDgsVQ UMfDYlvFlUVuogMRkWNG
CCYBPFZgoOONzoEeTKzC CCYBPFZgoOONzoEeTKzC
IuNNJvHSmYKpVBzmzuJX IuNNJvHSmYKpVBzmzuJX znYRMYifzQwyixuIXDnz
eWGFHgdBASXJbxQbYrCG eWGFHgdBASXJbxQbYrCG
oMKDNkBacLxexXKHqXfF oMKDNkBacLxexXKHqXfF
CcspnGXfrmzZRWjdMjLd CcspnGXfrmzZRWjdMjLd
rqqedkokePZFdhDbMNpX IUJDEWwYxhQimsCqnrFH
gUlgGYCPZjsRiFLqnVun gUlgGYCPZjsRiFLqnVun
JKNUHFrXPStBWMuUOVkj JKNUHFrXPStBWMuUOVkj
ikjgYLaZRolSrbIYyKBd CXrruomvXfADUrHxMwZi
MeohNnftDTzllMTGwxnG MeohNnftDTzllMTGwxnG
VVzvLIOwARaWwhQTKPrx VVzvLIOwARaWwhQTKPrx
NBTlGJqSnWahMvuDlXAm NBTlGJqSnWahMvuDlXAm
