0 32 91 60 28 36 56 94 78 21 36 80 47 0 46 32 80 53 8 39 5 47 85 9 41 62 88 7 69 30 67 79 75 38 20 19 62 7 20 67 51 89 55 51 44 17 42 41 65 6 96 10 52 27 58 74 68 58 86 60 40 71 40 50 90 63 23 10 68 0 4 31 97 57 15 81 93 87 25 61 37 5 81 75 33 13 75 29 46 0 98 16 77 94 22 82 48 66 34 22 70 59 3 70 22 72 1 35 43 2 1 82 12 24 18 0
49
1 1
2 2
3 3 11
4 4
5 5
6 6
7 7
8 8
9 9
10 10
12 12
13 13
71 14
15 15
16 16
17 17
18 18
19 19
20 20
21 21
22 22
23 23
24 24
25 25
79 26
27 27
28 28
29 29
30 30
31 31
32 32
33 33
34 34
35 35
36 36
37 37
38 38
39 39
40 40
41 41
42 42
43 43
44 44
56 45
46 46
47 47
48 48
70 49
50 50
