0 155 14 4 12 63 143 12 116 163 167 189 99 167 62 141 0 60 18 41 45 140 104 67 140 50 45 95 46 7 112 26 18 113 0 163 119 190 97 27 52 3 97 160 131 194 150 73 119 36 19 113 150 91 108 59 194 165 170 85 165 84 170 98 161 182 9 105 162 152 79 105 1 130 160 17 130 51 22 138 86 173 146 139 39 173 86 138 122 118 122 34 124 120 42 22 68 47 28 42 151 23 69 10 57 181 183 148 57 176 78 57 188 88 92 121 88 115 56 54 10 135 187 5 29 135 114 35 180 65 43 137 87 186 81 76 117 126 24 106 40 154 169 142 16 71 40 24 83 43 76 13 133 44 198 35 196 75 94 128 75 61 196 70 35 199 31 65 35 109 123 25 166 178 21 175 192 174 158 175 64 38 158 161 107 134 15 129 95 15 159 8 23 138 142 168 102 156 79 11 149 144 115 30 144 53 49 127 103 191 172 77 82 72 66 82 179 157 69 20 93 77 111 96 191 147 103 49 22 1 100 177 195 1 48 110 145 48 1 195 101 58 0
97
1 1
183 2
3 3
4 4
5 5
26 6 26
7 7
8 8
9 9
10 10
11 11
12 12
13 13
14 14
15 15
16 16
17 17
18 18
19 19
20 20
21 21
22 22
23 23
24 24
25 25
27 27
28 28
29 29
30 30
31 31
102 32
103 33 90
34 34
35 35
36 36
105 37
38 38
39 39
40 40
41 41
42 42
43 43
44 44
45 45
46 46
47 47
48 48
49 49
50 50
51 51
52 52
53 53
54 54
118 55
56 56
57 57
58 58
59 59
60 60
61 61
62 62
63 63
64 64
65 65
66 66
67 67
68 68
69 69
70 70
71 71
72 72
73 73
124 74
75 75
76 76
77 77 80
78 78
79 79
81 81
82 82
83 83
84 84
85 85
86 86
87 87
88 88
123 89
91 91
92 92
93 93
94 94
95 95
96 96
97 97
98 98
99 99
100 100
