Jingzhou Wittenau TorrePacheco Sapele Ermelo Geilenkirchen AbualMatamir Colachel Fredericia Vandavasi Ramjibanpur Rembangan Ibri Colachel Carouge Depok Shively TanahMerah NiagaraFalls Huauchinango Carmichael Carouge Kheri Veenendaal Ghugus Veenendaal Shizunaifurukawacho Jeypore Malnate Kheri Srinagar ZurichKreis Ouarzazat KrasnoyeSelo Kirovsk SmederevskaPalanka Puruliya Eregli Jinotega Eregli Kiruna Srinagar Malnate BurgbeiMagdeburg Kabarnet Tabatinga MelitodiNapoli BeneBeraq Gangtok Rembangan Dukuhturi MelitodiNapoli Tabatinga Kabarnet Sanaa NiagaraFalls Sagalo CoonRapids Fredericia KampLintfort NiagaraFalls Junagarh Tottori Thamaga Rembangan Colachel AbualMatamir SaintMichael Simmerath Chambersburg FortLauderdale TanahMerah Wittenau Surkhpur Bejucal Khangarh Pundong Bejucal Xochimilco ZapadnoyeDegunino Crespo Falun Crespo Khabarovsk Chegem Pundong Ketrzyn LaPossession Shumen Piraeus LaPossession Ouarzazat Frosinone Westmont Junagarh Ronse AzZuwaytinah Ronse Frosinone Ouarzazat Ketrzyn SanJosedeOcoa CiudaddelCarmen Chambly Chittaranjan CiudaddelCarmen Xochimilco CroixdesBouquets NovyyBuh Gangtok TorrePacheco Wittenau Jingzhou TarguSecuiesc Bodhan AbualMatamir Colachel Fredericia Jingzhou
44
Sagalo Sagalo
Ghugus Ghugus Manduria
Sanaa Sarzedo JabalosSaraj Sanaa
Khabarovsk Khabarovsk
SanJosedeOcoa SanJosedeOcoa
NiagaraFalls elCampello
Chegem Chegem
Tottori Tottori
SaintMichael SaintMichael
AzZuwaytinah RioFormoso AzZuwaytinah
Ketrzyn Ketrzyn
Crespo Crespo
Kirovsk Kirovsk
Ermelo Ermelo
Thamaga Thamaga
Srinagar Srinagar Entroncamento
Shively Shively
Rembangan Rembangan
Ronse Ronse
Jinotega LondonderryCountyBor
Frosinone Radnor
Ouarzazat Ouarzazat
CoonRapids CoonRapids
Malnate Lysva Malnate
Colachel Colachel
Falun Rangae
Tabatinga Tabatinga
BeneBeraq BeneBeraq
Ibri Ibri
Gangtok Gangtok
Carouge Carouge
Shumen Shumen
Chittaranjan Chittaranjan
Jeypore Jeypore
BurgbeiMagdeburg BurgbeiMagdeburg
Kabarnet Kabarnet
FortLauderdale FortLauderdale
Shizunaifurukawacho Shizunaifurukawacho
Veenendaal Veenendaal
Depok Depok
TanahMerah TanahMerah
Bejucal Bejucal
Kheri Kheri
Carmichael Carmichael
