Kaimganj Fagaras Pilibhit Kawit Novopokrovskaya Anahuac MilpaAlta Tocache Fandriana BlueIsland Luckenwalde GobernadorGalvez Tocache Kansk PinhalNovo MilpaAlta Tsirang Xankandi Gobo Malaybalay Gobo Racine Malaybalay Norristown Bhudgaon Xankandi Madurai Kamalia GobernadorGalvez Tsirang MilpaAlta MontecatiniTerme Jalaun Vagonoremont Kawit Leixlip Isakogorka Korolev Yucheng Tsukawaki Yucheng Isakogorka Leixlip Mesa EncarnaciondeDiaz MorlanwelzMariemont Leixlip Kaimganj
21
Malaybalay Dankov
Tsukawaki Karasuyama Tsukawaki
GobernadorGalvez Narangba GobernadorGalvez
Pilibhit Irvine Pilibhit
Fagaras Fagaras
Racine Racine
PinhalNovo PinhalNovo
Tsirang Brecht Tsirang
Anahuac Anahuac
Yucheng Yucheng
Korolev Korolev
EncarnaciondeDiaz EncarnaciondeDiaz
Novopokrovskaya Novopokrovskaya
Jalaun Albi
Fandriana Fandriana
Isakogorka Isakogorka
Gobo Gobo
Tocache Tocache
Leixlip Leixlip
MilpaAlta MilpaAlta
MontecatiniTerme MontecatiniTerme
