lyenDXSN Lz2zTm Qocm7a8zSJz0xJ uVkk2UHlyULVLBr3U 2BK3B09h6iII A wKxe td2wE ejGARlqqTb YGlQfVj9 mQZe ejGARlqqTb PeQXpKEC g5rTdl 4c 9fLVojn WtgcpK6YcXk 4c Nro8QqD7 E3J9WM6DT0Hetm4lXQFQ hU Nro8QqD7 zR86cxoBR1iHZrBRq IT s atG6EA8t O7r2ToU4q2kmCB tPnWG ZaJkOr3tQhFHqe gNAsryh 5TLmyf 4OPV7 eIy4pbuoWfucC gNAsryh 7Q zI LLftB9CiFP0 4OPV7 ZaJkOr3tQhFHqe sY1Se4a5xWrc6 CLzQHzEelbJh7NPN8 SMo1 sY1Se4a5xWrc6 u5jKUWj2LjAYIRn8hhl Uj7D71ia6c4InD2TM KXiqhMJ qdOugTsQERXKb12woNAZ DcRHjg8DDY6vnwByRY 7vYBrU9Z m 4MdwVqEIlp6vzohvUqY tPnWG dOlk D D5kg NgQY7 m CmV txdRlSWkHoanZg KXiqhMJ DcRHjg8DDY6vnwByRY thb6t42A0YG qdOugTsQERXKb12woNAZ rjuIDs VgyX6hB MBLHuIgjJIXs uy3ouNIxumu7jEuoP1 2AR73oQdnbYqnDCGMFS EJDqk Plmj0j Iax35 HwQeXpOEZHQ3s 8tafV1bFRuaPvhP hVfqebryM4wN f9euNCVEF2WwHc0CWSy5 nqeGwct PuHLBR9bv11yLyu NddIguoLVxcrf kwwpZt08lUaaVbp F8ti nqeGwct PuHLBR9bv11yLyu f9euNCVEF2WwHc0CWSy5 a5oWSrhkZ1i f 1BLIxJsmB2tIIyjdWfA a5oWSrhkZ1i qyauMx3AEqGdHObLiiL l ZDtYWltAxD3Y TCBmdyw WTx ZDtYWltAxD3Y G50hiUpVStHCMrd 2tgqbRzViyLj2zTX BxWuSWm4FxUYL tfSU KwadrVmn1cVf2X1 WTx hJ5qxKBbKOA34kfchbm8 4W7XMqHRn91kRc1Bw1W uZBV4AOX6KwHj3c5o CQB6bT3umR8xT9glKpn8 IBvm5T3IOF TCBmdyw eMRqWqXSSf3JtA hjCFXN9kbqn0UCNsZ hVfqebryM4wN S8DQEZtWlk6ka46PO A67f fGVqheaVU3e 76MTLMkt 4VjCZBepqzXh5AWCnHpa fGVqheaVU3e YjVTJewvHTIGLa 76MTLMkt rzakQDW pyuS7PRB7WW STJYwXq9HmmawT L 8WC96lJgiKzF0uPcak 5MmyogVjSm pyuS7PRB7WW w5sd5 STJYwXq9HmmawT yhhlTVr0wSq5W udWCYo vAIBd1Ae PkjfPBo 61 fzp RG2YgH8N22A6BkFVBj fWX vAIBd1Ae LljTxAKERGoxX 55SpzsmtpxRH5 uy3ouNIxumu7jEuoP1 Lg6vVK8maXvZ6YX EJDqk Plmj0j b4e4 VqPxGiIZmFgz8XR DSCiFbOpP1bUCb biohkm VqPxGiIZmFgz8XR b4e4 tQCCGXS3bmOeuRG 49JO1dg0kSXirC4 K6yVeBnomxSBet 49JO1dg0kSXirC4 FLdC wcmx8dhmsO K6yVeBnomxSBet o3refHnx4qioqHztqMYE frNA534JEvY4f ATcHai3SBHuvmr SO nWkakNi6Qt9d4g sAyhAIwP2OT77F2er 8LlDxR2Epx2J excLR25Y6DhCWxI FGQD6P s5vYb4jZWyq9Wl1 akZmiQ7tmX zQBDaS cHKeh1 6DVIvuGfPs2BU dygEexsyZY Mu z Mu dygEexsyZY VTwz 6DVIvuGfPs2BU hpRsyMlXH1H cHKeh1 aqo GPeb ImSpax 7h2PJW8oD2ihKQrfQ6 llx2p lt1a5E0H 7h2PJW8oD2ihKQrfQ6 SB3y6f6tUh nHG SVbyt JkLZO8DirKOG2bdj E1fUYbO4wVjiEjEuf cYPTdnJWL JyObTOXbOI JkLZO8DirKOG2bdj SVbyt nHG LdA JO9N0rYR9egCTahDaDOm s6JxFNKQ 1ds7sqHhanMKkMy ktk7W LMfJF3uF5T1mE7y DYfBQTocj pl4FvR luVwbYvIclTUxL5SnKV BMNlDfk8j64 vbDYJme Uwlc BMNlDfk8j64 6yeW7sat9rvd cnYBED3IXb5fpZ cs0 wBJRoqVxn1t aKWcP6bZBJ6CjFtJmYS1 cnYBED3IXb5fpZ LMfJF3uF5T1mE7y rsx24rm 9jv9EQFEfuNtFB4nf ktk7W s6JxFNKQ M1PxrOPSNUVpc 1ds7sqHhanMKkMy akZmiQ7tmX KTvdjgP8tvhZu1m s5vYb4jZWyq9Wl1 PZxwb8n mMU5Ux7Gh9w excLR25Y6DhCWxI VNvsbB7eWJcAK0fU 2FvJIR5cRPGGLqP 5esNrDc31UHHlpRecnb QqJi086VlxfXT0 w8EWCroyCh3Um Ei2w jvdVvQ 4OqtpC VNvsbB7eWJcAK0fU C8PRtY0wMczFLQQYxa 51U5ZX zzYmU5YFhvp1 C8PRtY0wMczFLQQYxa 2BK3B09h6iII Uq33lr5 4q56Ohva6NTLbWVwz td2wE wKxe A Lz2zTm lyenDXSN
39
VNvsbB7eWJcAK0fU VNvsbB7eWJcAK0fU
GPeb GPeb
wBJRoqVxn1t wBJRoqVxn1t
vAIBd1Ae vAIBd1Ae
M1PxrOPSNUVpc M1PxrOPSNUVpc
frNA534JEvY4f frNA534JEvY4f
hjCFXN9kbqn0UCNsZ hjCFXN9kbqn0UCNsZ
zzYmU5YFhvp1 zzYmU5YFhvp1
s BR KtvQaJqCJTRpXM8ZI
7Q 7Q
G50hiUpVStHCMrd G50hiUpVStHCMrd
wcmx8dhmsO wcmx8dhmsO
cYPTdnJWL cYPTdnJWL
2AR73oQdnbYqnDCGMFS 2AR73oQdnbYqnDCGMFS
hU hU
A67f A67f
nqeGwct nqeGwct
CmV CmV
MBLHuIgjJIXs MBLHuIgjJIXs
z vJxAK1LaHyuu4yFNeul
6yeW7sat9rvd 6yeW7sat9rvd
lt1a5E0H lt1a5E0H
EJDqk K0A9bbVLm9atwTf
L L
l l
o3refHnx4qioqHztqMYE o3refHnx4qioqHztqMYE
akZmiQ7tmX akZmiQ7tmX
f f
llx2p llx2p
Plmj0j Plmj0j
jvdVvQ jvdVvQ
zI zI
61 61
nWkakNi6Qt9d4g nWkakNi6Qt9d4g
Mu Mu
6DVIvuGfPs2BU 6DVIvuGfPs2BU
hVfqebryM4wN hVfqebryM4wN
HwQeXpOEZHQ3s HwQeXpOEZHQ3s
ImSpax ImSpax
