0 13 92 13 65 67 46 32 39 45 27 4 52 89 90 9 18 74 24 33 9 18 20 45 4 2 8 16 10 8 46 67 1 73 81 1 13 0 19 58 84 68 82 66 3 5 40 3 6 60 57 62 41 38 22 57 63 68 85 77 35 43 48 31 50 42 15 56 49 53 25 34 11 53 69 75 31 29 30 86 30 87 30 86 55 64 47 36 55 28 26 23 21 26 28 12 7 48 59 58 19 80 0
44
6 6
8 8
9 9
12 12
1 14 72
15 15
16 16
21 21
25 25
29 29 51
31 31
32 32
33 33
35 35
36 36
41 37 95
39 39
40 40
43 43
92 44
46 46 99
50 50
53 53
30 54
56 56
58 58
62 62
65 65
67 67
68 68
69 69
27 71
75 75
77 77
81 81
82 82
60 83 93
84 84
87 87 91
28 88
89 89
90 90
86 94
0 97
