0 186 165 0 185 144 0 151 139 0 199 129 0 179 97 0 168 83 0 121 79 0 184 75 0 157 51 0 82 50 0 80 47 0 189 43 0 134 24 0 149 22 0 71 16 0 69 15 0 48 12 0 164 10 0 6 123 85 3 182 133 3 155 103 3 5 117 14 5 52 6 102 3 191 59 3 4 126 122 4 3 5 0 1 158 125 1 156 96 1 167 81 1 135 70 1 109 65 1 110 63 1 77 54 1 177 36 1 58 35 1 194 34 1 148 26 1 112 23 1 154 20 1 166 18 1 162 183 7 1 2 172 113 2 153 104 2 197 67 2 62 55 2 137 33 2 66 28 2 1 0
55
0 0 8 19 21 25 39 40 41 42 53 57 68 76 84 86 88 100 116 132 146 159 174 176 187 195 196
3 3 38 64
5 5
6 6 169 171
10 10
14 14
20 20
22 22
23 23
24 24
26 26
1 30 32 37 56 60 72 78 93 105 107 114 115 119 190
35 35
43 43
48 48
51 51
52 52
55 55
58 58
59 59
62 62
65 65
66 66
67 67
70 70
71 71
77 77
81 81
83 83
85 85
96 96
97 97
102 102
103 103
104 104
109 109
110 110
113 113
121 121
125 125
126 126
134 134
144 144
148 148
151 151
2 160 173 175 188
162 162
4 163
166 166
168 168
172 172
182 182
183 183
185 185
191 191
