0 67 84 31 19 110 80 86 24 106 86 115 80 29 23 92 20 185 171 20 18 142 194 20 179 138 18 20 168 135 18 154 172 20 191 153 18 143 144 18 20 176 181 20 174 180 20 183 150 18 134 51 126 52 108 90 82 108 57 65 79 43 120 35 54 55 105 26 124 56 117 46 75 56 28 71 104 91 83 104 15 26 30 55 35 21 79 39 43 33 111 22 33 72 122 94 14 113 129 16 58 113 1 128 17 48 4 17 128 40 127 62 47 103 3 42 64 36 85 25 3 47 123 40 3 116 88 60 74 78 32 34 77 11 101 70 41 5 99 76 11 32 45 37 60 116 100 121 63 109 49 9 97 125 98 9 97 18 159 136 18 107 61 87 44 89 119 6 44 18 151 161 18 20 18 20 18 130 95 73 114 96 53 81 112 7 13 81 114 9 49 50 122 94 2 125 10 19 118 66 102 10 110 67 0 69 8 0
28
130 130
18 131 132 133 137 139 140 141 145 146 147 148 149 152 155 156 157 158 160 162 163 164
134 134
135 135
136 136
138 138
142 142
143 143
144 144
150 150
151 151
153 153
154 154
159 159
161 161
20 165 166 167 169 170 173 175 177 178 182 184 186 187 188 189 190 192 193 195 196 197 198 199
168 168
171 171
172 172
174 174
176 176
179 179
180 180
181 181
183 183
185 185
191 191
194 194
