0 1 6 11 16 17 18 16 20 19 16 11 13 12 11 14 15 11 16 21 26 32 31 35 34 31 32 26 21 16 11 6 1 0 198 197 196 191 192 186 188 187 186 181 176 171 166 171 173 172 171 175 174 171 176 171 166 167 161 162 156 151 146 141 136 131 126 127 121 116 111 112 106 101 96 91 92 86 92 93 91 96 101 106 101 104 105 101 103 102 101 96 101 106 101 96 91 95 94 91 96 101 106 112 111 116 120 119 116 118 117 116 111 116 121 127 126 131 136 141 146 151 156 162 161 165 164 161 163 162 156 158 157 156 151 146 141 146 151 146 141 136 141 146 151 156 160 159 156 151 146 141 136 131 126 129 130 126 131 136 141 146 151 146 141 136 141 136 131 126 128 127 121 123 122 121 124 125 121 116 111 116 121 127 126 131 136 141 146 151 156 162 161 167 166 171 176 181 186 190 189 186 181 176 171 166 171 176 181 186 192 191 196 197 198 0 1 6 11 16 21 24 25 21 22 23 21 26 30 29 26 27 28 26 21 16 11 6 11 16 21 26 32 31 37 38 36 40 39 36 42 41 46 41 44 45 41 46 51 57 56 61 66 71 76 81 84 85 81 76 71 66 61 66 71 76 71 66 61 56 60 59 56 61 66 71 76 81 76 71 66 61 56 58 57 51 55 54 51 52 53 51 46 41 43 42 36 37 31 33 32 26 21 16 11 6 1 0
69
1 3
6 7
12 12
13 13
14 14
17 17
19 19
22 22
24 24
25 25
27 27
29 29
30 30
32 32
33 33
34 34
35 35
38 38
39 39
42 42
44 44
46 47 48
52 52
53 53
58 58
59 59
60 60
61 62 63 64 65
66 68 70
71 72 73 74 75
76 78 79 80
81 82 83 87
84 84
86 90
93 93
94 94
95 95
96 97 98 99 100
102 102
103 103
104 104
105 105
106 107 108 109
112 112
111 113 114
118 118
122 122
127 127
128 128
129 129
130 130
131 135
136 137 138 139 140
141 142 143 144 145
146 149
151 152 153 155
159 159
162 162
163 163
164 164
165 165
166 169 170
173 173
176 179 180
181 183 184 185
187 187
189 189
192 192
191 193 195
