56 68 19 36 67 83 81 10 52 66 75 0 38 75 85 87 85 6 26 81 83 8 81 29 81 83 67 41 63 11 25 17 11 55 71 47 54 30 77 4 61 60 30 47 37 92 76 2 42 27 92 90 2 45 44 18 80 84 58 80 18 44 16 21 65 33 88 40 13 58 57 39 43 35 5 50 78 53 62 34 69 50 91 15 34 24 22 23 82 79 46 73 71 9 32 31 1 9 46 23 68 89 56
45
0 0
1 1
29 3 29
4 4
5 5
8 8
9 9
10 10
13 13
15 15
17 17
19 19
87 20
22 22
23 23
24 24
30 30
31 31
32 32 74
33 33
36 36
38 38
41 41
42 42
68 48 68
50 50
54 54
57 57
58 58
60 60
61 61
63 63
65 65
66 66
67 67
81 81
82 82
83 83
84 84
85 85
88 88
89 89
90 90
91 91
92 92
