Dannemora Fire Earlville Heuvelton Nunda Deer Granville Deer Delanson Dunkirk Noyack Deferiet Germantown Galeville Delevan Dansville Deferiet Germantown Delmar Herricks Nunda Heuvelton Earlville Deposit Herricks Delmar Germantown Dexter Fairmount Gordon Oakdale Frankfort Delmar Wantagh Gardiner Hannibal Odessa Frewsburg Delhi Freeville Delhi Olcott Fabius Fonda Freeport Oceanside Gasport Falconer Gardiner Fulton Dexter Hempstead Fonda Olean Ogdensburg Gowanda Franklinville Hermon Dexter Fulton Nyack Delanson Deer Granville Deer Florida Farmingville Harrisville Harrison Harrisville Farmingville Highland Firthcliffe Earlville Fire Goshen Frankfort Flanders Gilbertsville Haviland Fishers Haviland Highfalls Hicksville Herkimer Fayetteville Harbor Fayetteville Herkimer Hicksville Highfalls Franklin Haviland Glenwood Fabius Mills Fishkill Mills Fabius Fonda Fleischmanns Hamburg Hillburn Ghent Freeport Oceanside Flower Hamburg Fleischmanns Fonda Hempstead Hewlett Fairview Geneva Hancock Flower Hamburg Dannemora
44
Fishkill Davis Fishkill
Dansville Dansville
Deer Deer
Deferiet Deferiet
Delanson Delanson
Delevan Delevan
Delhi Delhi
Delmar Delmar
Ghent Depauville Ghent
Geneva Depew Fairport Geneva
Deposit Deposit
Hamburg DeRuyter
Dexter Dexter
Dunkirk Dunkirk
Earlville Earlville
Fabius Fabius
Oceanside Fair
Fairmount Fairmount
Fairview Fairview
Falconer Falconer
Farmingville Farmingville
Freeville Farnham Freeville
Fayetteville Fayetteville
Fire Fire
Firthcliffe Firthcliffe
Fishers Fishers Forest
Flanders Flanders
Fleischmanns Fleischmanns
Florida Florida
Flower Flower
Fonda Fonda
Granville Forestville
Frankfort Frankfort
Franklin Franklin
Franklinville Franklinville
Harbor Fredonia
Freeport Freeport
Frewsburg Frewsburg
Harrison Friendship
Fulton Fulton
Galeville Galeville
Gardiner Gardiner
Gasport Gasport
Germantown Germantown
