Acton Carlsbad Concow Eureka Brawley Columbia Avalon Alamo Banning Fresno August Clio Etna Copperopolis Cloverdale Bootjack Azusa Crest Dorris Boron Cotati August Fresno Banning Dinuba Colusa Covina Downey Cerritos Bluewater Cartago Covelo Farmersville Delhi Fremont Concow Carlsbad Encinitas Armona Danville Armona Berkeley Alameda Carrick Concow Fremont Delhi Farmersville Covelo Foresthill Altadena Cloverdale Ducor Bayview Colfax Calexico Cromberg Cupertino Duarte Cupertino Bloomington Ceres Anderson Calexico Corona Auberry Cupertino Cromberg Calexico Florin Calexico Blairsden Calexico Anderson Cerritos Bell Alpaugh Escalon Calipatria Crockett Cabazon Cobb Cromberg Colusa Covina Cudahy Covina Colusa Fowler Adelanto Colusa Fontana Alpine Columbia Fortuna Diablo Brentwood Galt Burbank Arcadia Burbank Galt Brentwood Biola Brentwood Diablo Fortuna Columbia Fillmore Cobb Barstow Capitola Felton Claremont Clio Arcadia Belvedere Bonita Fallbrook Fairfax Chino Burney Fellows Byron Fruitdale Escondido Fruitdale Byron Fellows Byron Fruitdale Bishop Brea Bishop Carson Fallbrook Artesia Diablo Clayton Arcata Belden Alhambra Cambria Cayucos Cambria Alhambra Brawley Corning Brisbane Belmont Cambria Alhambra Brawley Columbia Ferndale Clearlake Ferndale Firebaugh Arnold Bradley Caruthers Freedom Coachella Calabasas Dixon Broadmoor Amesti Coachella Campbell Arnold Firebaugh Cherryland Avery Georgetown Avery Chowchilla Avery Georgetown Bellflower Bolinas Friant Encinitas Carlsbad Bellflower Bolinas Angwin Atascadero Antioch Folsom Antioch Atascadero Bonsall Clyde Boronda Buttonwillow Bystrom Buttonwillow Boronda Beckwourth Calistoga Anaheim Dunsmuir Calimesa Davis Aromas Bystrom Buttonwillow Bowles Compton Acton
88
Adelanto Adelanto
Alameda Alameda
Alamo Alamo
Escondido Albany Atwater
Alhambra Alhambra
Cambria Almanor Cambria
Alpaugh Alpaugh
Alpine Alpine
Altadena Altadena
Florin Alturas
Amesti Amesti
Anaheim Anaheim
Anderson Anderson
Angwin Angwin
Antioch Antioch
Cerritos Aptos Cerritos
Biola Arbuckle Biola
Arcadia Arcadia
Arcata Arcata
Armona Armona
Arnold Arnold
Aromas Aromas
Artesia Artesia
Cayucos Arvin Cayucos
Clearlake Ashland
Atascadero Atascadero
Blairsden Atherton Blairsden
Auberry Auberry
Ceres Auburn Ceres
August August Castroville
Avalon Avalon
Chowchilla Avenal Benicia
Avery Avery
Azusa Azusa
Copperopolis Bakersfield Beaumont
Banning Banning
Barstow Barstow
Bayview Bayview
Beckwourth Beckwourth
Belden Belden
Bell Bell
Bellflower Bellflower
Belmont Belmont
Belvedere Belvedere
Berkeley Berkeley
Byron Biggs Byron
Bishop Bishop
Bloomington Bloomington
Bluewater Bluewater
Danville Blythe
Cudahy Bodfish
Bolinas Bolinas
Bonita Bonita
Bonsall Bonsall
Bootjack Bootjack
Boron Boron
Boronda Boronda
Bowles Bowles
Fellows Bradbury
Bradley Bradley
Brawley Brawley
Brea Brea
Brentwood Brentwood
Brisbane Brisbane
Broadmoor Broadmoor
Burbank Burbank Camarillo
Ducor Burlingame
Burney Burney
Buttonwillow Buttonwillow
Bystrom Bystrom
Cabazon Cabazon
Calabasas Calabasas
Calexico Calexico
Calimesa Calimesa
Calipatria Calipatria
Calistoga Calistoga
Fortuna Calwa
Campbell Campbell
Encinitas Canyondam
Capitola Capitola
Folsom Caribou
Carlsbad Carlsbad
Duarte Carmichael
Columbia Carpinteria
Carrick Carrick
Carson Carson
Cartago Cartago
Caruthers Caruthers
