Acadia Biscayne Rocky Caverns Everglades Katmai Everglades Congaree Caverns Rocky Biscayne Acadia Guadalupe Sequoia Wrangell Teddy Haleakala Shenandoah Clark Canyonlands Brycecanyon Isle Lassen Channel Lassen Channel Gateway Saguaro Voyageurs Bend Yosemite Saguaro Gateway Teton Redwood Kenai Basin Gunnison Glacier Brycecanyon Isle Guadalupe Sequoia Arches Olympic Crater Badlands Clark Shenandoah Haleakala Teddy Cascades Acadia
22
Arches Arches
Badlands Badlands
Bend Bend
Biscayne Biscayne
Gunnison Gunnison
Brycecanyon Brycecanyon
Canyonlands Canyonlands
Acadia Capitol Tortugas
Caverns Caverns
Channel Channel Cuyahoga Indiana
Congaree Congaree
Crater Crater
Katmai Denali
Everglades Everglades
Gateway Gateway
Glacier Glacier
Teton Teton
Basin Basin
Lassen Smoky
Guadalupe Guadalupe
Haleakala Haleakala
Isle Isle
