0 1 53 54 3 13 23 33 43 53 63 74 75 85 95 96 106 116 126 136 146 156 166 176 186 196 197 195 185 175 165 155 145 135 125 115 105 95 94 84 74 64 63 73 83 93 103 194 184 174 164 154 144 134 124 114 104 103 113 123 133 143 153 163 173 183 193 11 1 2 62 52 42 32 22 12 2 3 4 44 34 24 14 4 5 25 26 36 46 56 66 76 86 65 55 45 35 25 15 5 6 7 17 28 18 8 79 69 59 49 39 29 19 9 8 7 17 27 37 98 159 149 139 129 119 109 99 89 88 78 68 58 48 38 37 47 57 67 77 87 97 198 188 178 199 189 179 169 168 158 148 138 128 118 108 98 97 107 117 127 137 147 157 167 177 187 190 180 170 191 181 171 170 160 150 140 130 192 182 172 162 152 142 141 161 151 141 131 130 120 110 100 90 80 70 60 50 40 30 20 21 31 41 51 61 71 121 111 101 91 81 72 71 81 82 92 102 112 122 132 16 6 13 20 10 0
97
3 3
4 4
6 6
8 8
11 11
12 12
13 13
15 15
17 17
19 19
20 20
22 22
24 24
26 26
27 27
28 28
30 30
31 31
33 33
35 35
36 36
40 40
43 43
45 45
46 46
47 47
51 51
52 52
54 54
55 55
56 56
57 57
58 58
62 62
63 63
64 64
66 66
73 73
75 75
76 76
77 77
80 80
82 82
84 84
85 85
87 87
89 89
90 90
91 91
92 92
94 94
95 95
104 104
105 105
107 107
111 111
112 112
114 114
115 115
119 119
123 123
124 124
126 126
132 132
135 135
137 137
138 138
139 139
143 143
147 147
148 148
149 149
150 150
151 151
155 155
156 156
157 157
158 158
159 159
161 161
162 162
167 167
168 168
171 171
172 172
173 173
174 174
175 175
178 178
180 180
184 184
185 185
186 186
188 188
192 192
193 193
196 196
