pace exclusive winner assignment quality king likely circulation dough excuse due injection opposed miserable mixture injury skeleton forge likely page likely pier likely page certain injection due voice write environment honor prison view excuse due injection opposed brake nationalist brake headline thumb enter deposit skeleton injury disclose excuse view winner exclusive output understand other approval tablet gate due paper understand output exclusive pace
22
likely likely market
excuse excuse
nationalist feature nationalist
skeleton skeleton
king king
mixture mixture
injury injury
output output
circulation circulation
page page guarantee
due audience
voice voice
deposit deposit
honor honor
enter enter
exclusive throne
gate gate
thumb exempt
opposed opposed
headline headline
brake brake
approval approval
