9iIwk 6EWVx jT5CK 6EWVx 9iIwk 5R5Xa Ib6np 1xmtC qkJ6b Nceu2 XYzcU HOs1b jT5CK tG1wc c9sIw jT5CK 6EWVx 9iIwk TzIYf Q1WC5 9iIwk h2rea 0mah3 p7hV5 1eRkH ChXAd 0mah3 rrNj1 Esl6u fS0W8 k64Ok BnAjj ZgtaX iCgvV veOJ7 ZgtaX k64Ok fS0W8 p9vQm ZfVrl fS0W8 k64Ok Vake4 ZgtaX pXCjI uXqXg TI54i pXCjI k6V9L vrNke 5ioW1 bXinH qmTnM XZKtP q85d7 dw7aX XZKtP Be0ab 5ioW1 YH6mk nctzP tnjfN AgYPL WJNpN r2dxQ Y7IDR 4a0W8 UpLNw Y7IDR YH6mk WJNpN 1uRw3 1pxZM LJqKh FOL0S FbFgI 1uRw3 knY3U jAwQw kmzhT CAygY aHGHb jAwQw knY3U y89SK Ri2t4 1uRw3 q0lus QVYVG HOs1b qkJ6b QVYVG RKW0P QVYVG LZomt Ew56P I5lew SgDk6 Ew56P jYfXn MA43U ZzWHp iEXNY Mj2eQ ZzWHp MA43U AQ02H jASvw Jq528 YZysZ coWXz 0GdkR oqPYQ jASvw 9iIwk
46
5ioW1 5ioW1
SgDk6 SgDk6
Mj2eQ Mj2eQ
ZzWHp ZzWHp
QVYVG 7G74f RhUVQ
iEXNY iEXNY
Vake4 Vake4
Be0ab Be0ab
XZKtP XZKtP
XYzcU XYzcU
dw7aX dw7aX
LZomt LZomt
1xmtC 1xmtC
ZgtaX JgjFI ZgtaX
pXCjI pXCjI
qkJ6b qkJ6b
y89SK y89SK
Ri2t4 Ri2t4
jYfXn jYfXn
jT5CK jT5CK 5BDPJ
jASvw jASvw
5R5Xa 5R5Xa
9iIwk 9iIwk
Y7IDR Y7IDR
veOJ7 veOJ7
p9vQm p9vQm
1uRw3 1uRw3
h2rea h2rea
YH6mk YH6mk
oqPYQ oqPYQ
0GdkR 0GdkR
1pxZM 1pxZM
BnAjj BnAjj
fS0W8 fS0W8
jAwQw jAwQw
bXinH bXinH
AgYPL AgYPL
4a0W8 4a0W8
knY3U vE0Pj
ChXAd ChXAd
aHGHb aHGHb WGJpQ
tnjfN tnjfN
1eRkH 1eRkH
kmzhT kmzhT
WJNpN 5VT1H
iCgvV iCgvV
