1 136 98 1 142 46 22 193 9 22 3 195 133 3 182 64 3 158 51 50 32 3 2 148 104 2 4 8 172 14 168 4 14 20 14 59 104 107 41 14 20 17 31 92 64 167 21 61 84 37 28 2 21 125 26 8 23 8 4 2 52 1 82 123 5 55 130 128 48 5 27 6 16 93 6 16 67 18 47 120 13 161 156 13 15 19 13 15 5 12 38 12 76 54 34 24 12 110 11 18 96 185 30 10 173 129 10 40 28 65 7 10 5 11 1
43
3 3 53 60 140 159
7 7 36 162
12 12 57 108 147
13 13 58 152
14 14
15 15
18 18 89
23 23
26 26
31 31
11 42 103
1 43 66 86 91 174 190 199
46 46
4 49 71 119 157 163 175
51 51
52 52
20 56 78
64 64
82 82
2 83 186
84 84
17 88 121
6 90 127 132 137 138
92 92
93 93
38 95
96 96
98 98
8 99 105 176 194
5 101 116
110 110
19 115
128 128
129 129
130 130
136 136
142 142
10 153
156 156
161 161
182 182
185 185
193 193
