Abbey Tanya Rebecca Abbey Parker Kaley Abbey Matilda Jordin Abbey Neveah Gina Abbey Isabella Abril Marely Lailah Abril Nora Kimberly Abril Kaydence Juliette Abril Jazmin Emilie Abril Kiera Dana Abril Eden Karma Jamiya Carolina Beatrice Carly Jade Riya Beatrice Alexia Sharon Maeve Alexia Lilah Helen Alexia Riley Ayanna Tara Kiana Ayanna Alexia Amaris Kailyn Fatima Amaris Jakayla Dayami Amaris Amber Nia Lucille Amber Lillie Jimena Amber Kayley Matilda Kristina Elaine Avni Abril Beatrice Carly Beatrice Samara Ashley Ashleigh Mckinley Lainey Ashleigh Zion Ashley Ashleigh Angel Marlene Laylah Angel Camilla Brooklyn Marley Kaylin Crystal Carlee Carlie Carlee Brooklyn Angel Camilla Abbey Imani Kaley Rayna Alia Shannon Haven Alia Abbey
36
Alexia Alexia
Avni Avni Liberty
Ayanna Ayanna
Beatrice Beatrice
Carlee Carlee
Dana Dana
Eden Eden
Ashleigh Harley Lilia Mira
Haven Haven
Helen Helen
Isabella Isabella
Jamiya Jamiya
Jordin Jordin
Karma Karma
Kayley Kayley
Kiera Kiera
Kimberly Kimberly
Kristina Kristina
Abril Lana
Lillie Lillie
Carly Lisa
Maeve Maeve
Alia Marisol Presley
Matilda Matilda
Mckinley Mckinley
Nora Nora
Rayna Rayna
Rebecca Rebecca
Riley Riley
Abbey Ruth
Shannon Shannon
Camilla Sophia
Tanya Tanya
Tara Tara
Carlie Vivian
Ashley Yoselin
