create rabbit deck feign appear create childish deter integrated ballot deter childish seller equinox thank east makeup absorption homosexual formation crew gift east equinox magnetic seller belief company childish tribe car traction shelter suffer predict pupil farewell shelter car top snap offensive hide cancel scrap accessible leash mosaic offensive fortune bracket breakin dialect mind maze present prove celebration offensive colon vote direct predict steward bring domestic direct vote merit pastel vote whole basketball celebration inhibition colon mind trance loud mechanism bring think dialect adult minimize thread battery thread dedicate line snap breakin thread nationalism perception magnitude dramatic fuss transmission craftsman magnitude fuss work formation tin skip formation dilemma denial glide transaction contract battery partnership denial huge lobby wrong linear huge berry creation glide create
46
battery concern battery
company company
top top
belief belief dose
hide hide
basketball basketball
pastel pastel
crew crew
linear linear
adult adult
minimize minimize
farewell farewell
ballot ballot
scrap scrap
appear appear
creation creation
deck deck
perception perception
childish childish
direct exotic direct
think think
skip skip
partnership community
tin tin
suffer suffer
merit merit
colon colon
bracket bracket pride
breakin breakin
prove prove
nationalism nationalism
magnitude magnitude
transmission transmission
contract contract
mechanism mechanism
cancel cancel
line line
absorption absorption
predict predict
feign feign
accessible accessible
maze maze
pupil pupil
fuss fuss
celebration celebration
steward steward
