steward childish ballot childish belief farewell adult skip belief deck cancel suffer top maze minimize breakin direct community company hide concern prove colon company perception basketball exotic transmission appear line mechanism pride tin think line dose exotic basketball absorption community pastel accessible breakin celebration magnitude ballot merit suffer creation pupil scrap nationalism linear scrap suffer contract direct feign fuss pastel feign bracket deck prove belief predict exotic steward
24
concern concern
company company
top top
belief belief
hide hide
basketball basketball
pupil battery
pastel pastel
ballot crew ballot
linear linear
adult adult
minimize minimize
farewell farewell
scrap scrap
appear appear
creation creation
deck deck
perception perception
childish childish
exotic exotic
think think
skip skip
community community
tin tin
