1 50 51 52 55 53 54 52 41 40 39 3 5 2 1 37 72 74 75 72 1 2 4 3 38 1 22 24 67 64 1 57 56 59 58 56 1 32 33 34 35 1 26 27 48 47 46 29 30 31 29 28 27 26 1 72 73 22 1 76 77 78 79 81 80 76 19 21 20 19 18 1 60 62 61 60 1 6 8 16 14 17 15 14 1 68 69 71 70 69 12 10 13 11 10 1 64 65 42 7 6 1
39
3 3
4 4
5 5
7 7
8 8
6 9
11 11
12 12
13 13
15 15
16 16
17 17
19 19
20 20
21 21
22 23
24 24 25
28 28
30 30
53 53
54 54
55 55
57 57
58 58
59 59
61 61
62 62
60 63
65 65
64 66
67 67
69 69
70 70
71 71
73 73
74 74
75 75
78 78
80 80
