loc0 loc173 loc132 loc191 loc12 loc150 loc146 loc36 loc102 loc150 loc19 loc12 loc171 loc0 loc11 loc120 loc66 loc93 loc116 loc27 loc58 loc99 loc92 loc27 loc178 loc18 loc145 loc192 loc141 loc52 loc159 loc184 loc15 loc112 loc96 loc140 loc72 loc177 loc94 loc117 loc154 loc87 loc170 loc21 loc90 loc163 loc144 loc148 loc105 loc106 loc165 loc126 loc151 loc60 loc28 loc111 loc16 loc63 loc28 loc60 loc135 loc126 loc4 loc165 loc128 loc144 loc50 loc105 loc48 loc81 loc10 loc48 loc133 loc144 loc13 loc198 loc174 loc83 loc198 loc37 loc144 loc53 loc90 loc104 loc21 loc90 loc134 loc180 loc182 loc45 loc164 loc6 loc71 loc180 loc162 loc30 loc3 loc46 loc24 loc109 loc114 loc152 loc138 loc107 loc114 loc67 loc138 loc153 loc88 loc42 loc70 loc195 loc76 loc51 loc130 loc123 loc118 loc168 loc199 loc84 loc139 loc42 loc84 loc147 loc176 loc69 loc26 loc78 loc186 loc34 loc183 loc82 loc189 loc22 loc117 loc86 loc177 loc54 loc72 loc39 loc96 loc5 loc192 loc18 loc14 loc108 loc33 loc120 loc197 loc66 loc57 loc156 loc55 loc0
79
loc0 loc0
loc132 loc2 loc38 loc62 loc74 loc124 loc132
loc4 loc4
loc6 loc6
loc147 loc8 loc188
loc10 loc10
loc12 loc12
loc14 loc14
loc16 loc16
loc18 loc18 loc100 loc172
loc144 loc20 loc32 loc144
loc22 loc22
loc24 loc24
loc26 loc26
loc28 loc28
loc30 loc30
loc34 loc34
loc36 loc36 loc68 loc196
loc123 loc40 loc110
loc42 loc42
loc198 loc44 loc198
loc46 loc46
loc48 loc48
loc50 loc50
loc52 loc52
loc54 loc54
loc174 loc56 loc174 loc190
loc58 loc58
loc60 loc60
loc177 loc64 loc142
loc66 loc66
loc70 loc70
loc72 loc72
loc76 loc76
loc78 loc78
loc192 loc80 loc122 loc192
loc82 loc82
loc84 loc84
loc86 loc86
loc88 loc88
loc90 loc90
loc92 loc92
loc94 loc94
loc96 loc96
loc63 loc98
loc102 loc102
loc104 loc104
loc106 loc106
loc108 loc108
loc112 loc112
loc114 loc114
loc116 loc116
loc118 loc118
loc120 loc120
loc126 loc126
loc128 loc128
loc130 loc130
loc134 loc134
loc117 loc136 loc158 loc194
loc138 loc138
loc140 loc140
loc146 loc146
loc148 loc148
loc150 loc150
loc152 loc152
loc154 loc154
loc156 loc156
loc183 loc160
loc162 loc162
loc164 loc164
loc195 loc166
loc168 loc168
loc170 loc170
loc176 loc176
loc178 loc178
loc180 loc180
loc182 loc182
loc184 loc184
loc186 loc186
