0 10 21 31 42 52 63 73 84 94 105 115 126 136 147 157 168 178 189 178 168 157 147 136 126 115 105 94 84 73 63 52 42 31 21 10 20 30 41 51 62 72 83 93 104 114 125 135 146 156 167 177 188 177 167 156 146 135 125 114 104 93 83 72 62 51 41 30 40 50 61 71 82 92 103 113 124 134 145 155 166 176 166 155 154 153 152 151 150 161 171 182 192 191 190 180 170 160 150 140 130 141 151 162 172 162 151 141 130 120 110 121 131 142 152 163 173 163 152 142 131 121 110 100 90 101 111 122 132 143 153 164 174 185 195 196 186 175 165 154 144 133 123 112 102 91 81 70 60 50 41 31 22 12 3 13 24 34 45 55 66 76 87 97 108 118 129 118 108 97 88 78 69 59 49 38 28 17 7 8 18 29 39 49 58 48 37 27 16 6 15 25 35 46 56 67 77 88 77 67 56 46 35 25 14 4 5 15 26 36 47 57 68 78 89 78 68 57 47 36 26 15 5 4 3 2 12 23 33 44 54 65 75 86 96 107 117 128 138 128 117 107 96 86 75 65 54 44 33 23 12 2 1 11 22 32 43 53 64 74 85 95 106 116 127 137 148 137 127 116 106 95 85 74 64 53 43 32 22 11 1 0
93
2 2
4 4
5 5
8 8 9
12 12
15 15
16 16
17 17
18 18
20 20
21 21
22 22
24 24
26 26
29 29
31 31
33 33
37 37
39 39
42 42
43 43
45 45
48 48
51 51
53 53
61 61
64 64
67 67
68 68
70 70 80
71 71
72 72
73 73
76 76
77 77
81 81
82 82
83 83
86 86
87 87
89 89 99
94 94
95 95
96 96
88 98
101 101
102 102
103 103
104 104
105 105
107 107
108 108
111 111
114 114
116 116
118 118
120 120
122 122
123 123
125 125
127 127
129 129 139
130 130
132 132
133 133
140 140
146 146
147 147
138 149
150 150
151 151
152 152
153 153
154 154
155 155
148 158
160 160
161 161
164 164
165 165
166 166
167 167
175 175
176 176 187
178 178
170 181
182 182
172 183
173 184
186 186
188 188 198
189 189 199
196 196
