0 181 112 142 152 138 102 179 73 90 5 168 65 109 5 73 59 92 74 38 92 13 195 153 180 68 136 153 68 60 157 162 177 148 99 191 72 177 175 117 145 71 134 9 117 83 146 81 71 184 50 60 28 157 131 17 156 164 189 127 194 133 14 101 141 29 156 121 171 154 15 39 164 54 105 33 151 125 41 147 25 41 61 54 75 29 17 157 123 155 114 6 149 174 100 149 37 67 22 37 34 58 190 64 45 58 140 198 192 91 122 198 59 98 129 107 48 11 87 128 86 87 130 172 44 86 11 195 187 70 13 53 46 42 139 56 111 4 82 42 185 80 124 69 94 96 150 55 63 62 55 96 160 176 115 163 93 115 32 160 7 32 167 76 47 35 76 80 183 18 42 97 40 161 66 40 46 21 178 43 12 178 158 20 159 78 26 196 182 57 143 116 23 30 10 57 31 118 24 103 88 193 24 19 199 166 126 20 110 132 52 8 85 77 8 20 95 104 186 165 104 169 84 120 188 84 36 51 108 135 51 197 1 36 27 89 170 27 2 158 173 144 119 113 106 144 137 3 178 49 16 21 53 112 79 0
100
0 0
1 1
2 2
3 3
4 4
5 5
6 6
7 7
8 8
9 9
10 10
11 11
12 12
13 13
14 14
15 15
16 16
17 17
18 18
19 19
20 20
21 21
22 22
23 23
24 24
25 25
26 26
27 27
28 28
29 29
30 30
31 31
32 32
33 33
34 34
35 35
36 36
37 37
38 38
39 39
40 40
41 41
42 42
43 43
44 44
45 45
46 46
47 47
48 48
49 49
50 50
51 51
52 52
53 53
54 54
55 55
56 56
57 57
58 58
59 59
60 60
61 61
62 62
63 63
64 64
65 65
66 66
67 67
68 68
69 69
70 70
71 71
72 72
73 73
74 74
75 75
76 76
77 77
78 78
79 79
80 80
81 81
82 82
83 83
84 84
85 85
86 86
87 87
88 88
89 89
90 90
91 91
92 92
93 93
94 94
95 95
96 96
97 97
98 98
99 99
