start a5 a2 start h7 h6 start h5 h21 h19 h20 h5 start h4 h23 h4 start d1 d2 d4 d3 start h1 h11 h12 h11 h10 h9 h8 h1 start e17 e15 e25 e16 e15 e17 start h2 start e7 e11 e10 e12 e10 e11 e7 e5 e4 e6 e8 e6 e4 e3 start e1 e19 e2 e1 start c6 c7 c24 c18 c17 c20 c36 c35 c32 c31 c34 c33 c31 c35 c32 c27 c25 c26 c28 c29 c30 c23 c24 c18 c24 c7 c6 start c3 c8 c11 c20 c21 c22 c20 c11 c12 c9 c10 c14 c15 c16 c14 c10 c9 c8 c3 c1 c2 c3 start
30
c1 c1
c3 c5
c10 c10
c12 c13
c15 c15
c17 c17
c21 c21
c23 c23
c26 c26
c27 c27
c31 c31
c33 c33
d1 d1
d4 d4 d5
start a1 a3 a4
a2 a2
a5 a5
e19 e19
e2 e20
e4 e21
e8 e22
e10 e23
e12 e24
e25 e25
h9 h9
h12 h13
h6 h17 h18
h4 h22
h23 h24
h2 h26
