CH CV CJ BM CV BW DI AK DS DT AL CC BX BN BB BX AI DT BA DL AT DR CF BD DV AV AS CT CZ CF BD CF AW CK CM BG CO DH CL CD AC DQ BT DP BT BE AZ DR AT AD CY CM CS BC CM AD CG CZ AE BV AD AT CO DM CL AX CU DM CB DI BW DF BH CE BR DO AB CN AJ CN DU CN AG AO AM BZ AO AG AH DA DN DA BF AK DN AQ BW CH
41
AJ AF AJ
AL AL
AM AM
BZ AN BZ
DN AP BY
AT AT
AO AU
AV AV
BD AY BD
AZ AZ
BC BC
BF BF
BG BG
DP BI DP
AD BL
BN BN
DA BP
AX BS
DS BU DG
BV BV
DR CA
CB CB
CD CD
CF CF CW
CL CL
CN CN
AI CP
DU CQ DU
CS CS
CU CU
CV CV
CZ CZ DD
CY DB
BA DC
DF DF
DI DI
DL DL
DM DM
DO DO
DQ DQ
DV DV
