BU FF BZ CB ER BZ AN DU AL BJ CV AW BP AR BP FT CU AC FT BR GC GV HP EF AS EF GR FM BK FR HN DF EM FL DW EN GZ GW CP EZ CP EB AP HB HR DP DW GG DD GP EA GP AI AF BC BI CW FN HI HG EW BN CR AO EG GO DE CK AK CK DE FB GF DS BA EF CS AD GO EG AO BW HI BM BH CL BH FD HD FN CW BI FQ BS AV BC BI CW GY DB DW GZ AH FI AH BR DL GB AA CY AI CY AA GC DL BR FT GE EP FS FX GZ AZ EP FS CL DA EL AE HE GI AE CE GN EW CJ DQ HH GX BX CE BQ GE DK FC DZ CQ AR BP BQ CX FH EU FJ CA AW FU DH EI HO CM AT HA AT GM BE HJ ED FN GX AT BB AL DU GA AM EH AM GK FA DU BT FF BU
80
AE AE
AF AF
AN AN
AP AP
DE AQ DE FW FY
AR AR EQ
AT AT
AV AV
EH AX EH
DH AY DV
BA BA
BE BE
CL BF
AA BG
BH BH
BK BK
BM BM
BN BN
BQ BQ
BU BU
BW BW
AH BY
BZ BZ
CA CA HF
EG CD EG HC
CS CI CS
CK CK
CM CM
EZ CO
CQ CQ DT
CR CR
DL CT DL
CV CV
CW CW
CX CX
CY CY
FH CZ
DD DD
AI DI
GR DJ
DK DK DM
DP DP
DQ DQ
AS DR
DS DS GT
DU DU
AO DX
DZ DZ
FS EC FS
GC EK
EL EL
EN EN
FU EO FU
ER ER
GX ES
HA ET HA
EA EV
AK EY
FB FB
FD FD
FF FF
BT FG FP
FI FI GS
FL FL
FN FN
FR FR
GA GA
GE GE
AL GH
GK GK
GM GM
GN GN
GO GO
GP GP
HO GQ
GY GY
HG HG
HH HH
HJ HJ
HP HM HP
