Qatar India EastTimor Haiti Qatar Singapore Dominica Qatar Macedonia Belarus Qatar Belgium Tonga Qatar DemofChina Chad Qatar America Senegal Qatar Georgia Burundi Qatar Comoros Tajikistan Qatar Albania Nicaragua Andorra France Albania Mongolia Morocco MarshallIslands SouthAfrica RussianFederation MarshallIslands CzechRepublic VaticanCity MarshallIslands Serbia CostaRica Bolivia Serbia DomRepublic Gabon Serbia Madagascar Tuvalu Serbia Indonesia Cambodia Turkmenistan Indonesia Angola Somalia Indonesia Serbia Mali Kyrgyzstan Serbia Australia Qatar Egypt Grenada Qatar Netherlands VaticanCity Iceland Mongolia Estonia Rwanda Mongolia Tanzania Jamaica Azerbaijan Mongolia Armenia Uruguay Malta Iran Uruguay NewZealand Danzig Uruguay Paraguay Mozambique Uruguay Liberia Kosovo Uruguay Colombia Fiji Uruguay Philippines Laos Uruguay Bhutan Peru Uruguay India Qatar
41
Mongolia Mongolia UAE GuineaBissau
Albania Albania
America America
Kyrgyzstan Kyrgyzstan
VaticanCity VaticanCity
Armenia Armenia
CzechRepublic CzechRepublic
Peru Peru
Tanzania Tanzania
Uruguay UnitedKingdom Sweden Uzbekistan
Tuvalu Tuvalu
Mali Mali
France France
Serbia Guyana Lebanon Tunisia
Andorra Andorra
Kosovo Kosovo
Australia Australia
Gabon Gabon
RussianFederation RussianFederation
Nicaragua Nicaragua
Netherlands Netherlands
Tajikistan Tajikistan
Mozambique Mozambique
Burundi Burundi
Qatar SierraLeone Montenegro SanMarino SaintLucia
Senegal Senegal
Danzig Danzig
Georgia Georgia
Angola Angola
Haiti Haiti
Liberia Liberia
Belarus Belarus
Morocco Morocco
CostaRica CostaRica
Macedonia Macedonia
Belgium Belgium
Egypt Egypt
Singapore Singapore
Estonia Estonia
Malta Malta
DemofChina DemofChina
