l0 l34 h18 h31 l31 h29 h32 h23 l30 h27 l10 l9 l31 h29 l30 h30 h20 l20 h30 h21 l6 l39 h2 l33 h48 l43 l21 h48 l33 l6 h20 l7 h28 h13 l27 h46 l36 h41 l36 l13 l36 l49 h26 l26 l13 h39 h25 l19 l8 h44 l22 l47 l17 l8 h25 h44 h24 h14 l1 h4 l40 h8 l1 h6 l42 h9 h11 l42 l41 h6 h42 h7 h10 l25 h7 l44 h4 l24 h6 l2 l1 h8 h3 h5 l18 h24 h14 l15 h12 l16 l11 h34 h47 h34 h38 h15 l32 h38 h43 h17 l28 h16 l12 l5 l32 l29 l37 l4 h12 h49 l23 h0 l0 h1 l38 l0
46
h0 h0
h1 h1
h2 h2
h3 h3
h4 h4
h5 h5
h6 h6
h7 h7
h8 h8
h9 h9
h10 h10
h11 h11
h12 h12
h13 h13
h14 h14
h15 h15
h16 h16
h17 h17 h37
h18 h18
l6 h19
h20 h20
h21 h21 h22
h23 h23
h24 h24
h25 h25
h26 h26
h27 h27
h28 h28
h29 h29
h30 h30
h31 h31
h32 h32
h47 h33 h47
h34 h34
h41 h35 h41
l32 h36
h38 h38
h39 h39
l13 h40
h42 h42
h43 h43
h44 h44
l1 h45
h46 h46
h48 h48
h49 h49
