l0 l94 l58 h24 h92 h47 l23 h59 l42 l71 l89 h55 h54 l99 h55 l89 l71 h67 l86 l33 l37 h75 l33 l36 h72 h66 l59 h38 l19 l47 h39 l47 l19 h38 l70 h72 l41 l36 h72 h66 l59 h94 h57 l84 h20 h57 h94 l79 l49 h56 h94 l10 l28 h21 l10 l60 h34 l17 l65 h32 h79 h98 l39 l34 h31 h48 h49 h31 l34 l73 h33 l15 l16 l73 h79 h35 l17 l28 l10 h94 l96 h10 l26 h52 l90 l24 l74 h41 h53 h4 h18 l64 l32 l9 h42 h88 h99 h65 h88 h19 h5 l56 l54 l63 h9 h95 l88 h36 h37 l82 h8 l4 l88 h40 h9 l63 l20 l18 l20 l63 l54 h12 h13 h97 l13 l31 l46 h62 l72 h27 l31 l13 l57 h97 l80 l67 h13 l56 h5 l51 h19 l9 h86 h64 h82 l92 h11 h64 l48 h82 l97 h59 h61 l97 h82 l43 h81 l42 h59 l23 h47 l12 h6 l3 l55 l38 l11 h22 l66 l95 h44 l25 l22 h45 h51 l95 l66 h22 h77 h23 h22 l11 l35 l14 l61 l87 h17 h80 h7 h29 l14 l35 h71 h14 l45 h15 h16 l62 l21 h43 l8 l62 l7 h16 l81 h58 h25 l91 h58 h84 l3 h6 h74 h2 h3 h83 h1 h83 h3 l0
90
h1 h0 h1
h2 h2
h3 h3
h4 h4
h5 h5
h6 h6
h7 h7
h8 h8
h9 h9
h10 h10
h11 h11
h12 h12
h13 h13
h14 h14
h15 h15
h16 h16
h17 h17
h18 h18
h19 h19
h20 h20
h21 h21
h22 h22
h23 h23
h24 h24
h25 h25
l31 h26 h63
h27 h27
h80 h28 h50 h80
h29 h29
l15 h30 h68
h31 h31 h69 h78
h32 h32
h33 h33
h34 h34
h35 h35
h36 h36
h37 h37
h38 h38
h39 h39 h90
h40 h40
h41 h41
h42 h42
h43 h43
h44 h44
h45 h45
l23 h46
h47 h47
h48 h48
h49 h49
h51 h51
h52 h52
h53 h53
h54 h54
h55 h55
h56 h56
h57 h57 h93
h58 h58
h59 h59
l97 h60
h61 h61
h62 h62
h64 h64
h65 h65
h66 h66
h67 h67
l35 h70
h71 h71
h72 h72
l47 h73
h74 h74
h75 h75
l22 h76
h77 h77
h79 h79
h81 h81
h82 h82
h83 h83 h89
h84 h84
l7 h85
h86 h86
l63 h87
h88 h88
l94 h91
h92 h92
h94 h94
h95 h95
l84 h96
h97 h97
h98 h98
h99 h99
