point0 point70 point68 point66 point64 point65 point73 point75 point76 point83 point120 point132 point135 point139 point140 point139 point135 point139 point136 point137 point133 point141 point132 point141 point179 point189 point183 point167 point189 point168 point185 point190 point182 point190 point185 point168 point172 point171 point169 point174 point176 point173 point178 point146 point153 point144 point148 point144 point153 point146 point143 point152 point154 point149 point145 point162 point163 point160 point171 point178 point177 point175 point162 point105 point106 point101 point105 point108 point97 point103 point114 point99 point102 point107 point100 point110 point111 point113 point116 point113 point117 point156 point118 point128 point122 point125 point130 point81 point121 point127 point123 point127 point126 point121 point129 point125 point119 point84 point78 point76 point83 point77 point90 point88 point90 point93 point92 point95 point87 point96 point85 point89 point87 point95 point92 point93 point86 point47 point37 point39 point45 point39 point40 point38 point41 point37 point33 point31 point34 point31 point33 point25 point33 point31 point34 point31 point33 point25 point30 point35 point29 point32 point29 point16 point32 point18 point14 point21 point22 point24 point3 point22 point21 point14 point18 point20 point15 point5 point9 point2 point12 point10 point11 point8 point57 point61 point7 point53 point57 point53 point10 point11 point1 point12 point49 point50 point58 point51 point50 point49 point59 point49 point50 point52 point0 point70 point68 point67 point68 point63 point69 point0
71
point1 point1
point3 point3
point5 point5
point15 point6 point13 point15
point10 point10
point11 point11
point16 point16
point32 point17
point18 point18
point21 point21
point34 point27 point34
point29 point29
point30 point30
point31 point31
point33 point33
point38 point38
point39 point39 point43
point40 point40
point41 point41
point45 point42
point49 point49
point51 point51
point52 point52
point57 point54
point50 point55
point59 point56
point67 point67 point109
point69 point69
point68 point72
point73 point73
point75 point75
point76 point76 point79
point78 point78
point83 point83
point85 point85
point86 point86
point87 point87
point89 point89 point91
point88 point94
point100 point100
point102 point102
point103 point103
point108 point108
point110 point110 point112
point111 point111
point113 point113
point116 point115
point119 point119
point120 point120
point122 point122
point123 point123 point124
point126 point126
point135 point131 point135
point132 point132 point138
point140 point134
point139 point139
point144 point144 point157
point148 point148 point151
point149 point149
point152 point152
point153 point153
point163 point155 point163
point162 point158 point162
point160 point160
point172 point172
point177 point177
point179 point179
point141 point180
point183 point183
point185 point184 point185
point182 point187
