55 91 48 115 21 83 137 111 145 46 25 19 71 189 176 111 137 83 82 33 186 159 59 152 119 104 59 96 186 33 48 63 106 51 120 158 29 47 38 29 35 57 182 101 37 173 108 92 4 16 177 45 84 12 130 151 11 161 20 89 131 39 121 168 7 138 110 14 138 118 69 107 87 157 153 78 22 153 184 163 10 23 181 144 40 42 123 129 61 123 122 179 62 42 50 6 113 15 40 97 109 165 32 160 136 124 183 105 124 27 170 2 34 126 164 30 31 156 167 103 52 64 116 134 32 150 49 52 76 67 44 8 53 98 28 114 1 28 178 53 127 54 155 109 175 79 65 94 73 142 99 74 169 143 169 73 99 187 18 41 3 18 148 3 175 144 191 146 90 139 56 85 180 75 125 188 132 24 141 81 128 80 102 88 140 58 66 174 26 147 112 133 23 58 166 140 43 66 88 93 154 86 80 125 171 100 149 89 185 161 130 162 177 173 57 55
93
8 8
44 9
11 11
12 12
15 13 15 135
16 16
14 17 36
20 20
26 26
27 27
29 29
30 30
32 32
33 33
40 40
41 41
42 42
43 43
45 45
48 48
49 49
53 53
54 54
56 56
57 57
58 58
59 59
61 61
62 62
63 63
66 66
67 67
71 71
74 74
76 76
143 77
78 78
80 80
81 81
83 83
85 85
86 86
88 88
90 90
91 91
97 97
101 101
105 105
106 106
107 107
109 109
111 111
113 113
114 114
115 115
116 116
118 118
119 119
122 122
126 126
131 131
133 133
134 134
137 137
140 140
146 146
148 148
149 149
150 150
151 151
152 152
153 153
158 158
159 159
160 160
162 162
163 163
166 166
168 168
170 170
171 171
28 172
173 173
175 175
177 177
179 179
181 181
182 182
184 184
185 185
186 186
188 188
189 189
