x61 x39 x9 x53 x87 x16 x80 x24 x4 x69 x23 x34 x4 x46 x5 x61 x44 x90 x4 x77 x47 x44 x79 x3 x55 x73 x94 x65 x68 x19 x51 x99 x17 x48 x94 x65 x94 x73 x2 x25 x55 x3 x20 x1 x30 x6 x20 x3 x49 x59 x49 x72 x36 x74 x1 x20 x63 x54 x60 x50 x86 x64 x75 x78 x32 x7 x57 x95 x91 x95 x57 x95 x21 x75 x38 x89 x50 x31 x84 x12 x41 x70 x0 x18 x71 x8 x87 x11 x18 x0 x76 x81 x43 x99 x85 x79 x61
43
x0 x0
x1 x1
x2 x2
x3 x3 x26
x5 x5
x7 x7
x8 x8
x12 x12
x59 x13 x59
x18 x18
x21 x21
x23 x23
x91 x28 x37 x91
x30 x30
x31 x31 x88
x32 x32
x34 x34
x39 x39
x57 x40
x44 x42
x43 x43
x46 x46
x49 x49
x48 x52 x66
x53 x53
x54 x54
x55 x55
x85 x58 x93
x61 x61
x68 x68
x71 x71
x79 x79
x80 x80
x81 x81
x87 x87
x89 x89
x90 x90
x94 x94
x95 x95
x65 x96
x41 x97
x86 x98
x99 x99
