x182 x18 x190 x73 x190 x148 x49 x127 x79 x127 x168 x56 x187 x86 x3 x129 x184 x110 x175 x135 x43 x141 x43 x26 x135 x110 x107 x184 x174 x184 x30 x138 x141 x90 x50 x93 x74 x121 x106 x15 x113 x38 x121 x63 x33 x112 x177 x155 x19 x9 x50 x178 x31 x191 x31 x161 x52 x149 x52 x139 x70 x52 x80 x31 x191 x31 x178 x66 x69 x196 x146 x128 x134 x126 x111 x134 x196 x92 x83 x53 x92 x196 x146 x9 x50 x93 x74 x97 x2 x93 x147 x169 x100 x101 x100 x55 x1 x169 x75 x72 x170 x125 x72 x124 x39 x147 x72 x170 x115 x104 x193 x172 x5 x21 x76 x158 x143 x180 x21 x76 x158 x165 x38 x109 x0 x109 x116 x89 x197 x144 x179 x130 x156 x57 x84 x144 x112 x162 x177 x155 x198 x62 x192 x171 x102 x167 x155 x40 x122 x131 x89 x177 x28 x177 x112 x145 x137 x64 x181 x156 x120 x103 x16 x34 x145 x154 x140 x188 x29 x46 x71 x20 x166 x7 x20 x71 x77 x14 x94 x51 x199 x29 x188 x68 x137 x64 x48 x4 x195 x59 x32 x59 x117 x82 x119 x176 x45 x67 x119 x45 x127 x187 x160 x187 x127 x49 x65 x98 x127 x58 x11 x182
86
x2 x2
x3 x3
x4 x4
x31 x6 x31
x7 x7
x160 x8
x50 x10 x50
x11 x11
x14 x14
x15 x15
x21 x17 x21 x164
x18 x18
x19 x19
x20 x20
x119 x23 x119 x151
x28 x25
x26 x26
x79 x27 x79
x30 x30
x32 x32 x183
x112 x42 x118
x43 x43
x45 x45
x46 x46
x48 x48
x49 x49
x53 x53
x55 x55
x56 x56
x58 x58
x59 x59 x186
x188 x61
x64 x64 x88
x66 x66
x69 x69
x71 x71
x72 x72
x74 x74
x76 x76
x77 x77
x80 x80
x82 x82
x83 x83
x84 x84
x86 x86
x174 x87
x92 x92
x94 x94
x9 x95 x136
x98 x98
x100 x99 x100 x153
x102 x102
x104 x104
x106 x106
x107 x107
x109 x109
x113 x113
x73 x114
x116 x116
x125 x125
x127 x127
x128 x128
x191 x133
x137 x137
x138 x138
x139 x139
x141 x141
x143 x143
x146 x146
x147 x147
x155 x155
x156 x156
x101 x159
x161 x161
x0 x163
x166 x166
x172 x172
x177 x177
x179 x179
x182 x182
x184 x184
x149 x185
x176 x189
x192 x192
x103 x194
x198 x198
