0 23 88 64 50 34 57 4 60 54 49 33 15 76 84 85 44 134 62 12 5 75 28 61 194 72 30 8 17 79 26 65 98 77 36 78 14 56 67 39 94 71 10 70 16 22 51 13 47 142 42 19 128 83 40 9 52 6 24 46 63 139 48 7 59 97 31 2 11 18 87 95 3 80 21 74 41 32 55 90 53 20 81 68 140 86 66 43 69 1 58 82 177 89 29 93 92 99 27 96 35 45 157 38 37 73 25 0
99
0 0
1 1
2 2
3 3
4 4
5 5
6 6
7 7
8 8
9 9
10 10
11 11
12 12
13 13
14 14
15 15
16 16
17 17
18 18
19 19
20 20
21 21
22 22
23 23
24 24
25 25
26 26
27 27
28 28
29 29
30 30
31 31
32 32
33 33
34 34
35 35
36 36
37 37
38 38
39 39
40 40
41 41
42 42
43 43
44 44
45 45
46 46
47 47
48 48
49 49
50 50
51 51
52 52
53 53
54 54
55 55
56 56
57 57
58 58
59 59
60 60
61 61
62 62
63 63
64 64
65 65
66 66
67 67
68 68
69 69
70 70
71 71
72 72
73 73
74 74
75 75
76 76
77 77
78 78
79 79
80 80
81 81
82 82
83 83
84 84
85 85
86 86
87 87
88 88
89 89
90 90
98 91 98
92 92
93 93
94 94
95 95
96 96
97 97
99 99
