Bowles Calvin Bowles Mulford Latimer Edwards Latimer Bechtel Cory Stanley LeConte VLSB LeConte Campanile Bongo Artichokes Bongo Campanile LeConte Stanley Moses Wellman Moses Greek Unit2 Wolf StrawberryCreek Wilde Bechtel Baker Strada Baker Bechtel Cory Stanley Campbell Stanley LeConte VLSB Boalt Kresge Boalt VLSB Chez VLSB LeConte Campanile Wurster McCone Spats Stonefire PiLambda Stonefire Spats McCone Wurster Campanile LeConte Stanley Moses RareTea Moses Greek Stebbins Safeway Warren Tan Hargrove BearFoodCourt SigmaPhiOmega Evan Blackwell McLaughlin Blackwell Evan Moffitt Evan Jacob Foothill Davis Hildebrand Davis Foothill Dwinelle Haas Crossroads Lawrence UCTheatre Lawrence Crossroads Haas Dwinelle HearstAnnex Dwinelle Foothill Haviland Morgan Haviland Foothill Jacob TopDog Starbucks Chipotle Starbucks TopDog Fenwick TopDog Jacob Hertz CVStarr Unit3 CKerr Unit3 CVStarr Hertz Jacob Hearst MLK Latimer Bechtel Minor Memorial Maxwell Memorial Marugame SigmaOmicronPi Moses Pimentel Stacks Pimentel Moses Greek Unit2 Milano Unit2 Greek Moses Stanley Cory Bechtel Birge Bowles
52
Evan Evan
Foothill Foothill Unit1
Campbell Campbell Doe Koshland
Birge Birge
Campanile Campanile
Moses Moses
VLSB VLSB
Wellman Wellman Sutardja
Mulford Mulford Crescent
HearstAnnex HearstAnnex Lothlorien
LeConte RSF ALS
Haas Haas Pavilion
Boalt Boalt
Wurster Wurster Zellerbach
Blackwell Blackwell
Greek Greek
Maxwell Maxwell Barrows
Calvin Calvin Etcheverry Graduate
Kresge Kresge PeoplesPark Castro
Hildebrand Hildebrand YogurtPark
Morgan Morgan Martinez
Baker Baker Simons Daiso
Unit2 Unit2
Unit3 Unit3
CKerr CKerr WayWest Ridge
Stacks Stacks Sherman
Bowles LaVals
Bongo Bongo ShengKee
Memorial TacoBell AlphaSigmaPhi
Strada Strada RoseGarden
Edwards Edwards Easterly
Crossroads Crossroads
Davis Browns
Safeway Safeway
RareTea Gypsys
MLK Rochdale
Moffitt Cloyne
Wilde Wilde
Wolf Wolf
Spats Spats
Chipotle Chipotle MFoundry
Milano IndianRock
Chez NorthGate
Cory Extension
UCTheatre UCTheatre NCEM
Artichokes Cheeseboard
StrawberryCreek StrawberryCreek
McLaughlin GenPlantBio
Fenwick Barker
BearFoodCourt BearFoodCourt
TopDog GammaPhiBeta
PiLambda PiLambda PiAlphaPhi
