Evans WursterHall Campbell Eshelman Marugame Gilman BotanicalGardens ClarkKerr ThaiNoodle Dwinelle MLK LatimerHall Plentea SutardjaDai Cornerstone ZellerbachHall Bowles Unit3 Spats Unit3 Bowles KroeberHall Barrows HortonHall UniversityVillage Yifang BerkeleyWayWest AlumniHouse ImmThai Blackwell Underhill RSF Firewings CaliforniaHall InternationalHouse SatherGate GreekTheatre SatherGate Doe Plentea StrawberryCreek MemorialGlade Milkbomb SouthHall Moffit HappyLemon LawrenceHall BancroftLibrary HavilandHall VLSB HearstMining StrawberryCreek Unit1 HAAS BAMPFA Barrows Unit2 Barrows KroeberHall Barrows HortonHall UniversityVillage Wheeler Raretea Yifang BerkeleyWayWest AlumniHouse ImmThai AshaTeaHouse HilgardHall Bowles Unit3 Milkbomb SouthHall Moffit WursterHall Evans
43
Doe Doe
HearstMining HearstMining
Wheeler Wheeler
Marugame Campanile
Moffit LeConte Moffit
Dwinelle Dwinelle
SouthHall SouthHall HesseHall
Gilman Gilman
CaliforniaHall CaliforniaHall
Bowles Bowles
BancroftLibrary BancroftLibrary
Campbell DurantHall Campbell
Unit2 Stern Unit2
GreekTheatre GreekTheatre CanyonPool
BAMPFA BAMPFA
BerkeleyWayWest BerkeleyWayWest
LawrenceHall LawrenceHall
InternationalHouse InternationalHouse
Unit1 Unit1
Unit3 Unit3
HAAS Foothill HAAS
VLSB VLSB
RSF RSF
Blackwell Blackwell
ZellerbachHall ZellerbachHall
MLK MLK HildebrandHall
Eshelman Eshelman
Plentea Soda
Evans Cory
Barrows Barrows
AlumniHouse AlumniHouse
Spats Boalt
BotanicalGardens BotanicalGardens
HortonHall MemorialStadium
ClarkKerr DavisHall
MemorialGlade Kresge
SutardjaDai SutardjaDai
KroeberHall Etcheverry
SatherGate GiauqueHall
UniversityVillage UniversityVillage
HavilandHall HavilandHall
HilgardHall HilgardHall
ThaiNoodle ThaiNoodle
