FleaBottom Bobbingbourne Urubaen Trebon SatishVille Eggmanland Batcave TheBoilingRock UtgardMountain MinistryofMagic Yll TheBurningPlains TheGreatDivide HighGarden Vintas Vroengard Ademre Carvahall Westopolis Arkham MinistryofMagic Lorien ShriekingShack TheSpine TheAturanEmpire GringottsBank Ebonfall SatishVille TheAturanEmpire FleaBottom
22
TheBurningPlains Olivanders TheBurningPlains
Vintas Vintas
Yll Yll
TheBoilingRock TheBoilingRock
Batcave Batcave
SatishVille SatishVille
Eggmanland Eggmanland
Carvahall TheVale Accrington
Trebon Trebon
ShriekingShack ShriekingShack
UtgardMountain UtgardMountain Glimthain
TheGreatDivide TheGreatDivide
Bobbingbourne Bobbingbourne
MinistryofMagic MinistryofMagic
TheSpine Coalwatch
HighGarden HighGarden
Westopolis Westopolis
Ademre Ademre
Urubaen Urubaen
Arkham Arkham
Ebonfall Ebonfall
GringottsBank GringottsBank
