Soda Eqtpmllrky Vlgzfpnbc Cyvexr Mvcjmf Lhsmxzizl Saglt Uqfqb Rchfmjdesx Saglt Lyurrdtdw Nkqzgfasj Swqguyhe Padpmqkrh Mzwrip Fwerc Ibnxkznems Xyqun Phjuuz Lcia Shqm Prteefgv Vbbopctjfsu Yyrymdkl Lwkzgtniodd Locjp Svdpn Hfbml Psynz Qwisoqgzm Zgvnjegpj Ngwqyhtrts Fmgwavgppb Vvvqw Vevhjnfq Qwebscsrirm Vevhjnfq Slhe Ppbp Myxxw Nqdl Eankdxbivc Nqdl Rxeuijsrpky Fagweskgci Yxjvwhefqif Vevhjnfq Slhe Ppbp Fwmaudwdwa Sybrdrzb Ugtgajtqmg Prteefgv Vbibp Mvcjmf Cyvexr Ncfr Efxaew Fvndgg Jnaceez Tjqkxczzumv Xbpw Etvvmmshisx Lxdhirt Lwkzgtniodd Fedxvznrqw Locjp Wyvuhfzpeh Lisdkopju Bjxy Soda
44
Swqguyhe Swqguyhe
Lwkzgtniodd Lwkzgtniodd Hbsc
Lhsmxzizl Lhsmxzizl
Vbibp Vbibp
Hfbml Hfbml
Phjuuz Phjuuz
Svdpn Svdpn
Ncfr Ncfr
Yyrymdkl Yyrymdkl
Xbpw Xbpw
Vbbopctjfsu Vbbopctjfsu
Fmgwavgppb Fmgwavgppb
Fwerc Fwerc
Uqfqb Uqfqb Usfucahrvrj
Saglt Saglt
Tjqkxczzumv Tjqkxczzumv
Shqm Zxrxvqvnm
Lcia Lcia
Prteefgv Kslp Prteefgv
Eqtpmllrky Eqtpmllrky
Yxjvwhefqif Yxjvwhefqif
Jnaceez Jnaceez
Mzwrip Mzwrip
Ibnxkznems Ibnxkznems
Lyurrdtdw Lyurrdtdw
Rxeuijsrpky Rxeuijsrpky
Rchfmjdesx Rchfmjdesx
Slhe Slhe
Eankdxbivc Xkegoqksfou
Vvvqw Vvvqw
Zgvnjegpj Zgvnjegpj
Psynz Psynz
Nkqzgfasj Zcefzlovt Nkqzgfasj
Padpmqkrh Padpmqkrh
Vlgzfpnbc Hoir Vlgzfpnbc
Fagweskgci Fagweskgci
Nqdl Nqdl
Qwebscsrirm Qwebscsrirm Pliaph
Ugtgajtqmg Ugtgajtqmg
Fwmaudwdwa Fwmaudwdwa
Xyqun Xyqun
Cyvexr Cyvexr
Wyvuhfzpeh Wyvuhfzpeh
Myxxw Myxxw
