Egsmith Barnton Wychbourne Cookford Chelmbeck Flitgrove Sudtree Wenwold Stainby Brackbrough Wenbeck Watchcombe Pemlow Sudwich Wetwick Nortley Stainbrough Egtree Wychnell Burfield Wywick Wychbeck Staplake Penborne Shaftbridge Watchavon Alfchester Wenside Burbourne Sodey Egavon Shaftbage Ashdown Edgey Hurstlow Chelmwang Wychsmith Farnsmith Cookford Wychbourne Barnton Ashbourne Barnton Egsmith
33
Egtree Chelmden Egtree
Barnton Barnton
Sudtree Leathermere Sudtree
Chelmbeck Chelmbeck
Alfchester Alfchester
Wychsmith Wychsmith
Brackbrough Brackbrough
Nortley Nortley
Wychbourne Wychbourne
Penborne Penborne
Egavon Egavon
Wywick Wywick
Chelmwang Chelmwang
Ashdown Ashdown
Shaftbridge Shaftbridge
Stainbrough Stainbrough
Ashbourne Stapbeck Ashbourne
Egsmith Waltditch
Wenside Wenside
Wenwold Wenwold
Stainby Stainby
Shaftbage Shaftbage
Staplake Staplake
Wenbeck Wenbeck
Wychbeck Wychbeck
Cookford Cookford
Farnsmith Farnsmith
Wychnell Wychnell
Flitgrove Flitgrove
Pemlow Pemlow
Edgey Edgey
Burbourne Burbourne
Wetwick Wetwick
