6 195 193 195 188 181 174 167 160 153 152 153 146 145 146 139 137 139 132 125 124 125 132 131 132 130 132 125 118 111 109 111 104 97 104 103 104 97 90 83 76 69 62 55 53 55 48 46 48 41 40 41 48 47 48 41 34 27 25 27 20 19 20 13 12 13 6 195 193 195 188 186 188 181 174 172 174 167 165 167 174 181 180 181 174 167 160 158 160 153 151 153 146 144 146 139 138 139 132 125 118 117 118 116 118 111 109 111 104 97 96 97 95 97 90 89 90 83 82 83 81 83 76 69 68 69 67 69 62 55 54 55 48 41 34 33 34 27 20 13 6 5 6 4 6 195 188 187 188 181 174 167 160 153 146 139 132 125 123 125 132 139 146 153 160 167 174 181 188 195 6
56
4 1
5 2
6 6
12 10 12
13 11
19 17 19
20 18
25 22 25
27 27
33 30 31
34 32
40 38
41 39 41
46 43
47 44 47
53 50 53
54 51
62 60 61 62
67 64
68 65
69 69
76 74 75 76
81 77
82 80
83 83
89 87
90 88 90
95 91
96 94 96
103 100 101 103
109 105 106
111 110
116 112 116
117 115
123 120
124 122 124
130 126
131 128 129
137 133 134
138 136
144 140
145 142 145
151 148
152 149 150
158 154 155
160 160
165 161 165
167 166
172 169 172
174 174
180 177
181 179 181
186 182 186
187 184
193 189 190
195 194
