C0 C107 C165 C100 C137 C101 C146 C104 C103 C105 C141 C132 C123 C122 C114 C119 C121 C95 C97 C134 C124 C129 C127 C139 C152 C160 C144 C120 C145 C110 C161 C149 C164 C154 C166 C168 C93 C169 C153 C172 C167 C190 C181 C171 C179 C182 C185 C192 C193 C196 C87 C88 C194 C109 C198 C86 C146 C84 C70 C137 C78 C157 C198 C59 C160 C63 C159 C68 C66 C55 C52 C177 C58 C192 C51 C57 C132 C56 C141 C50 C54 C48 C83 C49 C47 C67 C35 C159 C43 C196 C45 C105 C27 C167 C31 C191 C32 C137 C130 C28 C171 C135 C30 C154 C167 C20 C134 C24 C18 C68 C25 C19 C16 C11 C10 C187 C7 C4 C2 C184 C5 C1 C156 C3 C107 C0
97
C0 C0
C1 C1
C2 C2
C3 C3
C4 C4
C5 C5
C7 C7
C187 C8
C10 C10
C11 C11
C16 C16
C18 C18
C19 C19
C20 C20
C24 C24
C25 C25
C167 C26 C167
C27 C27
C28 C28
C30 C30
C31 C31
C32 C32
C35 C35
C43 C43
C45 C45
C47 C47
C48 C48
C49 C49
C50 C50
C51 C51
C52 C52
C54 C54
C55 C55
C56 C56
C57 C57
C58 C58
C59 C59
C63 C63
C66 C66
C68 C68
C70 C70
C198 C71 C74 C198
C157 C77
C78 C78
C84 C84
C86 C86
C87 C87
C88 C88
C93 C93
C95 C95
C97 C97
C100 C100
C101 C101
C103 C103
C104 C104
C105 C105
C107 C107
C110 C110
C114 C114
C119 C119
C120 C120
C121 C121
C122 C122
C123 C123
C124 C124
C127 C127
C129 C129
C132 C132
C134 C134
C137 C137
C139 C139
C141 C141
C144 C144
C145 C145
C146 C146
C149 C149
C152 C152
C153 C153
C154 C154
C160 C160
C161 C161
C164 C164
C165 C165
C166 C166
C168 C168
C169 C169
C171 C171
C172 C172
C179 C179
C181 C181
C182 C182
C185 C185
C190 C190
C192 C192
C193 C193
C194 C194
C196 C196
