Zeus Bloodseeker Lulu Twitch AncientApparition Jax Blitzcrank Dazzle EmberSpirit Blitzcrank Jax Olaf Rammus Kled Renekton Slardar Tidehunter Rammus TreantProtector Sven ElderTitan Skarner Juggernaut Sona Lycan TreantProtector Yorick Visage Jax Twitch Gragas Shen Tinker Bloodseeker Lulu Xayah Axe Olaf Syndra Enchantress Leshrac Syndra Sion Timbersaw Xayah Zeus
20
Lulu Lulu
Shen Shen
Zeus Zeus
Syndra Syndra
Lycan Lycan
Jax Nocturne
Renekton Renekton
Sven Sven
Slardar Slardar
ElderTitan ElderTitan
Xayah Xayah
Axe Axe
Blitzcrank Blitzcrank
Timbersaw Braum
TreantProtector TreantProtector
Leshrac Leshrac
Twitch Twitch
EmberSpirit EmberSpirit
Dazzle Dazzle
Bloodseeker Bloodseeker
