0.6802721088435375
1.0
0.9996474634318885
1.0
0.68
0.948911460412271
1.0
0.21252796420581657
1.0
1.0
0.9866666666666667
0.68
1.0
0.6734006734006734
0.6933333333333332
0.5041876046901173
0.6944444444444445
0.20254973136495155
0.6933333333333334
0.9531222538402219
0.6733333333333333
0.3561470215462611
0.6734006734006734
1.0

inputs/304_100.in
inputs/197_100.in
inputs/190_50.in
inputs/210_50.in
inputs/306_100.in
inputs/190_200.in
inputs/136_200.in
inputs/62_50.in
inputs/148_50.in
inputs/120_200.in
inputs/136_50.in
inputs/139_100.in
inputs/199_50.in
inputs/139_200.in
inputs/306_50.in
inputs/64_200.in
inputs/304_50.in
inputs/85_200.in
inputs/139_50.in
inputs/190_100.in
inputs/306_200.in
inputs/33_50.in
inputs/304_200.in
inputs/67_100.in
