0.5673378269323794
0.18711276332094173
1
0.619047619047619
0.06055042304071615
1
1.0
0.8001350789692436
0.493009565857248
0.3464566929133858
0.12993744414655944
0.9003877732117502
1
0.4489998513197938
1
0.42892156862745096
0.33433619702385603
1
0.748906356178103
0.3467181224926441
0.576738115277692
1
0.16241830065359478
0.6967641676382589
0.20287477215675434
0.9311956127280879
0.7948632403572667
0.9295656477489019
0.7883597883597884
1
0.40088236025177626
0.6200537566329481
0.6802721088435375
0.0984111336603754
1
0.3473705149838229
1
0.37137681159420294
1
0.6851851851851852
1
1
0.2743425728500356
0.24341870027710738
1
0.4133053165837659
0.4468109538484021
0.6923661937457612
1.0
1
0.26512226512226517
1
1
0.8435672514619883
0.5754848091448128
0.9996474634318885
1
1
0.3770491803278688
0.20729070126660487
0.35562414266117964
0.4043445401586676
0.9832905926476754
1
1
1
1.0
1
0.46736696675144035
0.10956707642971673
0.4043639423295584
0.11515839023247054
0.8812601328239232
0.5252525252525252
0.487758945386064
0.42295642267160355
1
1
0.0631173614599029
0.5780957507142741
1
0.6747433764720724
0.68
0.3322172557476951
0.6226248719702518
0.5081240768094535
1
0.948911460412271
0.3544061302681992
0.32039731366203056
0.42521902994608585
1
0.8125
1
0.5228215767634855
0.4958308372671337
1
1
0.2891188460332393
0.13008699130086993
1
0.3863982370546683
0.5731287526501025
0.33850129198966405
0.5863400600145156
1
1.0
0.5837846709338586
0.518238740559906
0.619047619047619
0.28193209173271544
0.6439709797550166
0.9523809523809524
0.5725108225108225
0.666666667
0.10117939168218498
0.7103654345850362
1
0.7261904761904763
0.6137071651090342
0.4358241540140913
0.8197358197358197
0.5017056530214425
0.6734006734006734
0.5021370345891166
0.4946236559139785
0.07147706333042382
0.7
0.2170022371364653
0.5077519379844961
0.7111111111111111
0.9123889109961534
0.033346411445616404
0.6666666666727643
1
0.6499997946136907
0.5999317019230983
0.25640195470624294
1
0.9528455316553502
1.0
0.8057331009103236
0.4402431098899415
1
0.5296167247386759
1
0.7938931900648089
1
1
0.31262517340096013
0.5952747111521259
0.8233830845771144
0.3244444444444444
0.6486486486486487
0.6571435196917775
0.6954545454545454
0.41221487270128326
0.26811734665009934
1
0.1001082251082251
0.6746487235305759
1
0.02666666666666667
1
0.6936936936936937
0.4127688378819113
0.8643876964075561
0.875
0.6013703523457595
0.41078732106339466
1
0.7362214560535651
0.3746734286153373
0.8201058201058201
0.6572893074263917
1
0.33654592206426465
0.9786666666666666
0.20979219175447653
0.3311472169107267
1
1
0.39534697690514314
1
0.18571428571428572
0.08745989216367306
1
1.0
1
0.2606837606837607
0.8265765765765766
1
0.9309393996864039
0.29481481481481486
0.23047619047619047
1
0.4382210646341436
1
0.41446208112874783
0.3540779662440517
0.9866666666666667
0.09805045871559633
0.2248062015503876
0.4971644750896962
0.2638825498250419
0.6944812362030904
1
0.48498845265588914
0.68
0.5271657569358674
0.17412935323383086
0.5353302611367128
0.3440860215053763
0.12314225053078555
0.020219754167643465
0.1167478354978355
0.7976190476190477
0.43792618649629916
1
1
1
0.37272375902767163
0.421475303091377
0.2932223809588485
0.7217813051146384
0.2788309636650869
1.0
0.6995073891625616
0.5483050151850939
0.30218446601941745
0.2496626180836707
0.2342857142857143
0.302226588081205
0.7466353064157847
1
1
0.3151515151515151
0.7037037037037037
0.3578612266031578
0.18824404761904762
1
0.4385288329550967
1
1
0.760612014050128
0.8333333333333334
0.6932575944677698
0.17286287183457238
1
0.3067632850241546
0.22397941977249528
0.7255813953488373
0.3012232415902141
0.8703703703703703
1
0.6386554621848739
0.28712480252764616
0.43803396155967744
0.19809746328437916
1
0.5621693121693122
1
0.39957444639808376
1
1
0.18724475156563025
0.16563146997929606
1.0
0.822695035460993
0.48717948717948717
0.8502824858757063
1
0.6739853626081171
0.6374792953601478
1
0.7025089605734768
0.3677872903180901
0.21323529411764705
1
0.46452902426863274
1
0.8796178237784553
1
0.6534050393327967
0.18823310023310022
0.3774625689519307
0.6724442872302795
0.20299680485785457
0.17270615102069836
0.9991181305699206
0.482332907620264
0.6734006734006734
0.6332978345757898
0.12314225053078555
0.6777777777777778
0.4164109118257953
0.17378048780487804
0.21788488696340716
0.9206307112091371
0.4506857778326949
0.1467935341899637
0.6321869257022841
0.2632749513483459
1
0.3258003766478343
0.39730163096245924
1
0.026362926939722156
0.7742782152230971
0.46927852708199524
0.36908602150537634
0.35615064249073086
0.9850427350427352
1
0.5569948186528497
0.5142531356898518
0.3449151034984248
1
0.09420289855072463
1
0.49505468149808557
0.06888289628665303
0.21354166666666666
0.24104197142398343
0.17357910906298002
0.6750921537651395
0.6944444444444445
1
0.6884735202492211
1
0.6933333333333332
1
1
0.5041876046901173
1
0.04659816596309243
0.6944444444444445
1
0.8125490196078431
1
1
1
0.6231884057971014
0.3311230486890649
0.2642904054915188
1
1
0.345976647834107
1
0.4576523031203566
0.9367615269194578
0.24305555555555555
1
0.20642355523928135
0.2788309636650869
0.3767177853017327
0.646188850967008
0.05333333333333334
0.18631436314363145
0.8217054263565892
0.3057049108004522
0.2668282561421655
0.26711178228801163
0.9058823529411765
0.5432965563356736
0.263710450179632
0.38546470059389965
0.619047619047619
0.17689530685920576
0.7166666666666667
0.4607979785955938
0.1322442823237206
0.976303317535545
0.504207830223198
0.7467264187761586
0.15793528505392912
0.4972222222222223
0.44972356406432107
0.13257303531465067
1
0.575880469583778
0.4616679289741648
0.39466666666666667
0.7064284463128399
0.527831094049904
0.04021678569619611
0.9411764705882353
0.7224821660908312
0.6734006734006734
1
0.48924731182795694
0.6933333333333334
0.826400023758961
1
1
0.044107013738250184
0.5821596244131456
0.2770266827474207
0.3873338987842805
0.07450588199992944
0.3021760633036597
0.1256720430107527
0.478494623655914
0.679430629248439
0.12314225053078555
0.12007317478795942
1
0.5203381957837961
0.5270077690433517
0.6733333333333333
0.9531222538402219
1
0.5349668198060235
0.9166666666666666
0.20427523669274808
0.5666058068402369
0.3060606060606061
1
0.6205729799628072
0.3050847457627119
0.310763934226447
0.5294117647058824
0.5501193317422435
1
0.8445223804956888
0.6511627906976745
0.4296577946768061
1
0.3857691438778581
0.4158551923623388
1
0.5500905722959406
0.5290957107731536
0.6734006734006734
1
0.5817596990013449
1
0.42515500442869797
0.0133333336586
0.7849076525800387
1
0.2586246287411469
0.17992424242424243
1
0.8057951017592274
0.47455896207950227
1
0.40876473983328265
0.2057001239157373
0.8660968660968661
0.5834238404858182
0.9699074074074073
1
0.7711715782283705
0.8347563665457742
1
0.9013339882188819
0.7615480649188515
0.5725365089446075
0.3106575963718821
0.9041530980000922
0.3749966461139107
0.09561360275998028
0.12716491616701933
1
1.0
0.5272435897435898
0.0486815415821501
0.6997180687710819
0.9166666666666666
0.9708798156872029
0.45652173913043476
1
0.23492063492063492
0.16604244694132334
0.69155980219596
0.5306470762837637
0.19595074709374552
0.23345753721559828
0.9631840051174914
0.2969660915637948
0.47790760155852774
0.5807560137457045
1
0.31054063704832374
0.10562909469264162
0.7222222222222222
0.6990314912821259
1
0.8349178836577772
1

inputs/85_50.in
inputs/70_100.in
inputs/286_100.in
inputs/293_50.in
inputs/79_200.in
inputs/145_200.in
inputs/67_200.in
inputs/298_100.in
inputs/294_100.in
inputs/62_100.in
inputs/117_50.in
inputs/45_50.in
inputs/126_200.in
inputs/253_50.in
inputs/216_50.in
inputs/75_200.in
inputs/29_100.in
inputs/134_200.in
inputs/54_100.in
inputs/37_100.in
inputs/61_50.in
inputs/24_50.in
inputs/161_200.in
inputs/133_50.in
inputs/102_200.in
inputs/43_200.in
inputs/357_50.in
inputs/46_100.in
inputs/7_50.in
inputs/25_100.in
inputs/86_200.in
inputs/279_100.in
inputs/304_100.in
inputs/204_100.in
inputs/267_100.in
inputs/98_200.in
inputs/216_100.in
inputs/63_50.in
inputs/275_100.in
inputs/26_50.in
inputs/83_100.in
inputs/275_50.in
inputs/301_200.in
inputs/94_200.in
inputs/262_200.in
inputs/208_100.in
inputs/3_200.in
inputs/201_200.in
inputs/197_100.in
inputs/343_100.in
inputs/214_50.in
inputs/329_200.in
inputs/229_200.in
inputs/337_200.in
inputs/128_50.in
inputs/190_50.in
inputs/332_100.in
inputs/229_50.in
inputs/87_50.in
inputs/237_200.in
inputs/251_100.in
inputs/6_100.in
inputs/43_50.in
inputs/325_200.in
inputs/154_50.in
inputs/111_50.in
inputs/210_50.in
inputs/88_200.in
inputs/269_100.in
inputs/214_100.in
inputs/314_100.in
inputs/365_100.in
inputs/96_200.in
inputs/265_100.in
inputs/318_100.in
inputs/218_100.in
inputs/194_50.in
inputs/83_50.in
inputs/211_200.in
inputs/169_50.in
inputs/314_50.in
inputs/1_50.in
inputs/306_100.in
inputs/253_100.in
inputs/4_100.in
inputs/199_100.in
inputs/227_200.in
inputs/190_200.in
inputs/187_100.in
inputs/327_200.in
inputs/271_50.in
inputs/170_50.in
inputs/67_50.in
inputs/239_200.in
inputs/22_50.in
inputs/235_200.in
inputs/329_50.in
inputs/356_200.in
inputs/256_200.in
inputs/172_50.in
inputs/137_50.in
inputs/142_100.in
inputs/1_200.in
inputs/273_50.in
inputs/98_50.in
inputs/236_50.in
inputs/136_200.in
inputs/155_200.in
inputs/11_100.in
inputs/293_200.in
inputs/128_200.in
inputs/133_100.in
inputs/332_50.in
inputs/166_100.in
inputs/53_200.in
inputs/147_200.in
inputs/297_50.in
inputs/44_100.in
inputs/212_50.in
inputs/35_100.in
inputs/112_200.in
inputs/113_50.in
inputs/41_50.in
inputs/48_100.in
inputs/41_200.in
inputs/56_100.in
inputs/117_100.in
inputs/289_50.in
inputs/62_50.in
inputs/22_200.in
inputs/231_50.in
inputs/274_50.in
inputs/186_200.in
inputs/231_200.in
inputs/191_100.in
inputs/194_200.in
inputs/4_50.in
inputs/357_100.in
inputs/183_100.in
inputs/249_50.in
inputs/148_50.in
inputs/223_200.in
inputs/340_200.in
inputs/240_200.in
inputs/97_100.in
inputs/315_200.in
inputs/290_50.in
inputs/261_100.in
inputs/191_50.in
inputs/202_100.in
inputs/86_50.in
inputs/89_100.in
inputs/250_50.in
inputs/273_100.in
inputs/46_50.in
inputs/207_200.in
inputs/85_100.in
inputs/210_100.in
inputs/307_200.in
inputs/319_200.in
inputs/116_50.in
inputs/44_50.in
inputs/219_200.in
inputs/252_50.in
inputs/31_100.in
inputs/104_200.in
inputs/45_200.in
inputs/170_100.in
inputs/52_100.in
inputs/113_100.in
inputs/179_200.in
inputs/38_200.in
inputs/116_200.in
inputs/337_50.in
inputs/26_200.in
inputs/23_100.in
inputs/57_200.in
inputs/34_200.in
inputs/79_50.in
inputs/61_200.in
inputs/297_200.in
inputs/356_50.in
inputs/6_50.in
inputs/154_100.in
inputs/289_200.in
inputs/137_100.in
inputs/76_100.in
inputs/120_200.in
inputs/25_50.in
inputs/177_50.in
inputs/73_200.in
inputs/125_100.in
inputs/103_100.in
inputs/42_100.in
inputs/36_200.in
inputs/177_200.in
inputs/2_50.in
inputs/28_200.in
inputs/111_100.in
inputs/169_200.in
inputs/136_50.in
inputs/172_100.in
inputs/237_50.in
inputs/272_50.in
inputs/33_100.in
inputs/127_100.in
inputs/24_200.in
inputs/256_50.in
inputs/139_100.in
inputs/112_50.in
inputs/287_200.in
inputs/38_50.in
inputs/148_100.in
inputs/141_200.in
inputs/71_200.in
inputs/63_200.in
inputs/181_100.in
inputs/269_50.in
inputs/17_100.in
inputs/236_100.in
inputs/294_50.in
inputs/122_200.in
inputs/342_200.in
inputs/2_100.in
inputs/7_200.in
inputs/184_200.in
inputs/42_50.in
inputs/359_100.in
inputs/155_50.in
inputs/247_100.in
inputs/211_50.in
inputs/254_50.in
inputs/250_200.in
inputs/212_100.in
inputs/235_50.in
inputs/90_200.in
inputs/134_50.in
inputs/23_50.in
inputs/271_100.in
inputs/87_100.in
inputs/205_200.in
inputs/208_50.in
inputs/315_50.in
inputs/274_200.in
inputs/57_50.in
inputs/181_200.in
inputs/342_100.in
inputs/204_50.in
inputs/236_200.in
inputs/319_50.in
inputs/2_200.in
inputs/7_100.in
inputs/250_100.in
inputs/259_200.in
inputs/239_50.in
inputs/97_50.in
inputs/184_100.in
inputs/281_50.in
inputs/247_200.in
inputs/90_100.in
inputs/359_200.in
inputs/205_100.in
inputs/212_200.in
inputs/265_50.in
inputs/220_50.in
inputs/271_200.in
inputs/87_200.in
inputs/199_50.in
inputs/73_50.in
inputs/36_50.in
inputs/298_50.in
inputs/274_100.in
inputs/42_200.in
inputs/71_50.in
inputs/34_50.in
inputs/166_50.in
inputs/177_100.in
inputs/36_100.in
inputs/267_50.in
inputs/169_100.in
inputs/28_100.in
inputs/103_200.in
inputs/24_100.in
inputs/172_200.in
inputs/33_200.in
inputs/111_200.in
inputs/127_200.in
inputs/66_200.in
inputs/71_100.in
inputs/287_100.in
inputs/68_50.in
inputs/139_200.in
inputs/142_50.in
inputs/141_100.in
inputs/148_200.in
inputs/122_100.in
inputs/63_100.in
inputs/135_200.in
inputs/45_100.in
inputs/104_100.in
inputs/186_50.in
inputs/38_100.in
inputs/17_200.in
inputs/179_100.in
inputs/287_50.in
inputs/29_50.in
inputs/170_200.in
inputs/31_200.in
inputs/26_100.in
inputs/113_200.in
inputs/116_100.in
inputs/57_100.in
inputs/52_200.in
inputs/103_50.in
inputs/23_200.in
inputs/247_50.in
inputs/202_50.in
inputs/34_100.in
inputs/120_100.in
inputs/297_100.in
inputs/61_100.in
inputs/137_200.in
inputs/289_100.in
inputs/88_50.in
inputs/75_50.in
inputs/127_50.in
inputs/48_50.in
inputs/154_200.in
inputs/73_100.in
inputs/76_200.in
inputs/306_50.in
inputs/343_50.in
inputs/125_200.in
inputs/64_200.in
inputs/231_100.in
inputs/186_100.in
inputs/304_50.in
inputs/194_100.in
inputs/223_100.in
inputs/191_200.in
inputs/125_50.in
inputs/261_50.in
inputs/224_50.in
inputs/357_200.in
inputs/340_100.in
inputs/240_100.in
inputs/315_100.in
inputs/249_200.in
inputs/261_200.in
inputs/97_200.in
inputs/53_50.in
inputs/207_100.in
inputs/179_50.in
inputs/202_200.in
inputs/184_50.in
inputs/307_100.in
inputs/89_200.in
inputs/219_100.in
inputs/319_100.in
inputs/273_200.in
inputs/365_50.in
inputs/142_200.in
inputs/85_200.in
inputs/136_100.in
inputs/155_100.in
inputs/210_200.in
inputs/128_100.in
inputs/293_100.in
inputs/147_100.in
inputs/35_50.in
inputs/122_50.in
inputs/11_200.in
inputs/223_50.in
inputs/166_200.in
inputs/112_100.in
inputs/53_100.in
inputs/207_50.in
inputs/133_200.in
inputs/11_50.in
inputs/44_200.in
inputs/94_50.in
inputs/41_100.in
inputs/35_200.in
inputs/327_50.in
inputs/22_100.in
inputs/117_200.in
inputs/181_50.in
inputs/96_50.in
inputs/48_200.in
inputs/88_100.in
inputs/56_200.in
inputs/139_50.in
inputs/96_100.in
inputs/314_200.in
inputs/325_50.in
inputs/214_200.in
inputs/318_50.in
inputs/269_200.in
inputs/265_200.in
inputs/365_200.in
inputs/218_200.in
inputs/211_100.in
inputs/56_50.in
inputs/104_50.in
inputs/141_50.in
inputs/318_200.in
inputs/205_50.in
inputs/240_50.in
inputs/327_100.in
inputs/306_200.in
inputs/190_100.in
inputs/227_100.in
inputs/199_200.in
inputs/120_50.in
inputs/253_200.in
inputs/37_50.in
inputs/187_200.in
inputs/239_100.in
inputs/4_200.in
inputs/259_50.in
inputs/235_100.in
inputs/301_50.in
inputs/256_100.in
inputs/356_100.in
inputs/1_100.in
inputs/161_50.in
inputs/33_50.in
inputs/76_50.in
inputs/86_100.in
inputs/279_200.in
inputs/204_200.in
inputs/98_100.in
inputs/94_100.in
inputs/304_200.in
inputs/262_100.in
inputs/340_50.in
inputs/267_200.in
inputs/218_50.in
inputs/275_200.in
inputs/201_100.in
inputs/216_200.in
inputs/301_100.in
inputs/364_50.in
inputs/229_100.in
inputs/83_200.in
inputs/208_200.in
inputs/329_100.in
inputs/279_50.in
inputs/237_100.in
inputs/337_100.in
inputs/201_50.in
inputs/17_50.in
inputs/343_200.in
inputs/52_50.in
inputs/145_50.in
inputs/332_200.in
inputs/325_100.in
inputs/359_50.in
inputs/102_50.in
inputs/147_50.in
inputs/145_100.in
inputs/6_200.in
inputs/70_200.in
inputs/79_100.in
inputs/126_100.in
inputs/67_100.in
inputs/294_200.in
inputs/62_200.in
inputs/298_200.in
inputs/90_50.in
inputs/187_50.in
inputs/134_100.in
inputs/28_50.in
inputs/286_50.in
inputs/161_100.in
inputs/342_50.in
inputs/307_50.in
inputs/29_200.in
inputs/168_200.in
inputs/43_100.in
inputs/102_100.in
inputs/227_50.in
inputs/89_50.in
inputs/262_50.in
inputs/37_200.in
inputs/31_50.in
inputs/74_50.in
inputs/54_200.in
inputs/126_50.in
inputs/46_200.in
inputs/25_200.in
