shaird bottles grand shaird Rosalind dragster shaird whittlers againward shaird abeam Dalian shaird brevets Kotte shaird careyne runtime shaird retros tryhards shaird debriefing treife shaird flinches offset shaird extinguish pasigraphy shaird wakeovers underside shaird reenforce Lafayette shaird flexed waste shaird fleshen preparable shaird fielded guilts shaird disks opacular shaird soldanella effuses shaird lowlived nauseously shaird Scalia intrado shaird remissio sarcomere shaird dotish nomination shaird coldcocked advances shaird emplaces kartikeya shaird avahis transflux shaird drudgeries Pentecost shaird irregulous tokenizing shaird wellwiller philomels shaird bikeways UncleNed shaird classmate toggleable shaird peasantism deductable shaird jadeite cementite shaird blooping macedoine shaird ilicic slatting shaird aftertouch Ucayali shaird underbear fivepenny shaird Broken scratch shaird drinkie trackbar shaird beermakers airgap shaird polygamia property shaird twothirds baning shaird boldfacing diruption shaird intrigues shrow shaird unglove Sahara shaird caouane lasting shaird tunic irade shaird mareschal assonantal shaird morphe teabags shaird cosmocrats cacomistle shaird motorboat rampup shaird
49
shaird shaird colugos
rampup rampup
cacomistle cacomistle
teabags teabags
assonantal assonantal
irade irade
lasting lasting
Sahara Sahara
shrow shrow
diruption diruption
unglove unglove
baning baning
property property
airgap airgap
trackbar trackbar
scratch scratch
fivepenny fivepenny
Ucayali Ucayali
slatting slatting
macedoine macedoine
cementite cementite
deductable deductable
toggleable toggleable
UncleNed UncleNed
philomels philomels
tokenizing tokenizing
caouane caouane
beermakers beermakers
Pentecost Pentecost
transflux transflux
aftertouch aftertouch
twothirds twothirds
kartikeya kartikeya
advances advances
nomination nomination
tunic tunic
sarcomere sarcomere
intrado intrado
nauseously nauseously
effuses effuses
opacular opacular
morphe morphe
peasantism peasantism
guilts guilts
preparable preparable
waste waste
coldcocked coldcocked
Lafayette Lafayette
remissio remissio
