129 99 145 52 101 170 73 170 101 97 76 179 92 13 118 10 22 45 94 119 64 71 90 152 90 3 121 192 103 98 184 109 34 51 197 107 75 87 181 8 181 106 133 85 182 21 72 79 112 61 31 88 146 113 127 74 160 108 11 96 7 19 139 45 4 157 110 154 196 37 65 75 46 25 141 172 145 32 187 128 6 100 10 28 5 148 153 151 21 156 171 49 76 179 35 179 92 124 137 129
59
88 1 88
6 130
4 4
133 133
7 7
73 136 73
10 10
139 139
13 13
8 142
137 16
145 145
19 19
148 148
22 22
151 151
25 25
154 154 193
28 28
157 157
31 31
160 160
34 34
119 163
37 37
118 166 118
3 40
181 169 181
72 43
172 172
46 46 55
192 175
49 49
106 178 106
52 52
184 184
170 58
187 187
61 61
182 190
64 64
21 67
196 196
96 70
76 76
79 79
107 82
85 85
152 91
94 94
97 97
100 100
103 103
109 109
112 112
197 115
121 121
124 124
127 127
