FacultyClub Etcheverry HearstGym BioscienceLibrary OBrien Library PacificFilmArchive LawrenceofScience Mulford Morrison BrainImagingCenter StudentUnion Spieker Unit3 CareerCenter Wheeler Durham MartinezCommons SproulPlaza Cheit Hilgard Manville Pimentel SutardjaDai UniversityHouse FPF EarthquakeLibrary FacultyClub
25
FacultyClub FacultyClub
BioscienceLibrary BioscienceLibrary
SutardjaDai SutardjaDai
Etcheverry Etcheverry
SproulPlaza SproulPlaza
Hilgard Hilgard
StudentUnion StudentUnion
EarthquakeLibrary EarthquakeLibrary
UniversityHouse UniversityHouse
LawrenceofScience LawrenceofScience
Pimentel Pimentel
Mulford Mulford
CareerCenter CareerCenter
HearstGym HearstGym
Durham Durham
OBrien OBrien
Library Library
Spieker Spieker
FPF FPF
PacificFilmArchive PacificFilmArchive
BrainImagingCenter BrainImagingCenter
Morrison Morrison
Wheeler Wheeler
Cheit Cheit
Manville Manville
