IIII1I1 II1I1Il I1I1111 IIllIl1 IIlIlI1 I1I111I lll1lII I11IIlI IIlIIII 11lI11I l1IlIl1 lII1lll 1lI11l1 1IIlIIl II111I1 11IIl1I IIII1ll l1IlIII III1lII IIII1ll lIIIllI IlllI11 llI1IlI 1IlII1I I1I11I1 lIlllll IIIlI1l lI1l1II 11I1Ill 11I1lll lI11l1l IIII1I1
25
11I1Ill 11I1Ill
IIII1ll IIII1ll
lI11l1l lI11l1l
III1lII III1lII
IIllIl1 IIllIl1
1IlII1I 1IlII1I
lIlllll lIlllll
11IIl1I 11IIl1I
l1IlIII l1IlIII
1lI11l1 1lI11l1
11I1lll 11I1lll
lIIIllI lIIIllI
IlllI11 IlllI11
IIlIIII IIlIIII
l1IlIl1 l1IlIl1
I1I111I I1I111I
I1I1111 I1I1111
11lI11I 11lI11I
II111I1 II111I1
lI1l1II lI1l1II
IIlIlI1 IIlIlI1
lll1lII lII1I11
II1I1Il II1I1Il
1IIlIIl 1IIlIIl
I11IIlI I11IIlI
