0 90 79 138 89 73 96 51 6 58 68 85 75 11 121 49 40 184 35 100 134 100 35 124 92 17 13 5 109 22 46 41 28 72 33 2 36 56 174 29 14 61 65 3 12 153 73 99 32 99 82 18 42 18 57 53 128 8 67 71 148 94 160 138 89 103 30 51 47 107 9 107 55 63 24 54 24 84 87 125 34 76 7 105 111 31 141 60 198 88 173 97 147 95 145 114 174 93 124 166 178 175 178 166 143 154 199 154 143 140 0 123 0 137 0
75
0 0 43 59 62 86
57 1 16 57
2 2 27 78
3 3
79 4 79
5 5
6 6
7 7
8 8
9 9 50 64 80
42 10 42 48
11 11
12 12
13 13
14 14
123 15
17 17 21
18 18
105 19
53 20 53
22 22
89 23 26 89
24 24
32 25 32
28 28
29 29
30 30
31 31
33 33 74
34 34
35 35
36 36
137 37 52
93 38 93
199 39
40 40
41 41
134 44
128 45
46 46
47 47
49 49
51 51
54 54 98
55 55
56 56
58 58
60 60
61 61 70
63 63
65 65
153 66
67 67
68 68
184 69
71 71
72 72 83
73 73
75 75
76 76
125 77
107 81
82 82
84 84
85 85
87 87
88 88
90 90
175 91
92 92
94 94
95 95
96 96
97 97
99 99
