48 73 171 163 72 108 47 55 36 147 135 84 60 57 103 98 38 165 34 61 197 154 115 10 46 196 121 40 176 138 199 141 129 136 152 85 39 23 2 124 77 164 58 118 145 173 88 127 193 194 157 114 123 162 8 119 126 94 182 113 78 185 168 20 13 93 133 107 87 90 25 42 158 177 92 149 74 66 191 45 151 121 120 159 195 179 174 125 143 155 3 170 106 6 11 79 21 148 81 35 173 62 16 98 38 165 175 7 154 110 172 91 180 156 180 51 5 99 15 137 143 167 139 109 168 185 78 113 181 135 84 171 73 48
91
2 2
3 3
5 5
7 7
42 9 42
10 10
11 11
16 16
77 19
20 20
21 21
23 23
25 25
152 29 152
34 34
35 35
36 36
38 38 117
39 39
40 40
46 46
48 48
193 52 193
154 53 154
55 55
124 56
58 58
60 60
106 64
66 66
98 67 98 101
113 69 113
73 73
74 74
78 78
79 79
84 84
85 85
87 87
88 88
90 90
93 93
103 103
107 107
108 108
109 109
110 110
115 115
118 118
119 119
120 120
123 123
125 125
126 126
129 129
133 133
135 135
136 136
137 137
138 138
141 141
143 143
145 145
147 147
148 148
149 149
151 151
155 155
156 156
157 157
158 158
163 163
164 164
165 165
167 167
170 170
171 171
175 175
176 176
177 177
179 179
180 180
181 181
182 182
185 185 190
72 186
191 191
194 194
196 196
197 197
199 199
