evdoyagqfp xawkqmfmmx xftptyrlvl mysadifwma robpunozly mysadifwma xftptyrlvl qbiylslccb kvxwqiryyu sjtuxgdwms hsjqtjkukk bbczvyonym mdyuzxshey wtlzrefwav afrdrejwtp pwgublhwxg pymtnhypxd jrmlkfexfk osdeymjeil wkwwcqjtxf lkvtxfwozs gjmmikaxih jrusiskazm vkrlpmybdj lndsfxewdc kyrhqthnvz lnicnhmajr xychpimpzb lnicnhmajr aruwdskzta vugkhjygfe xywdziunpr oggftsricu xeigbnzhbj seeyrseflx czvqvijjlb nbjyrygtdh ymvlfsdhbu xsjzeyxnpw bswhowadhl zpjhxyylhb kvfpaspidv ouxenssqdu fznfvsgjhc wtyqwjwskq kijbyyuzhd unihwwnyqz pbefrggyje xwrvhrxnqy xifuopshzj afortwurqt ahqdrcepub gbdejcnknd vnzypgtlkj dnmgxnhbgi uhalgukdzb yriqtwavfx qgfchcatzi cmdqzmgvfi pdljcbluhp koawdpgqdx qepegujmaa ixyurvbpvu qfbvncxldf ijbfzrqwct bbwcqzwyoz nwlccbonas xguvjomcdt phknwbtipl zivwgfcxqi euqbrkzdsw byyqgjwsrp tmatbexcil qpxtrjvxpe qiqnnrlapz spdafzaivh ldnozwuuuq eaozvwjoso vqakgbtmpu xqwyvbvueh tvcolajnao smwxdupkdv jqtguzxxsl optviwhmbr ivugtsvtqb guuudgvhny stdiixwrjc ummqduagjn fczruomdab eooyfwmxln epdwcjuvdr wynbxuuxru qzdrdcxoib wynbxuuxru oegfbrwyrp fclmzghxkf fdgcygwgjf rnpokwoqgt oownpsyviv oavtmpaqji uqoafoloje cttlxdtaiw rlxmdzqomd gkcfktyute xkasbvrrxd lcrihrmoqu tgbmxdmvwe opmnfgpclg qxuqrfzzob gllungmori xnppuesbrr hxkhivkhyl scesbtewjx jrmlkfexfk osdeymjeil wkwwcqjtxf koawdpgqdx qepegujmaa pcilmgdrgc qepegujmaa pcilmgdrgc jqtguzxxsl xftptyrlvl evdoyagqfp
82
eooyfwmxln eooyfwmxln
vugkhjygfe vugkhjygfe
cttlxdtaiw zmfuudfatm cttlxdtaiw
vkrlpmybdj vkrlpmybdj
koawdpgqdx psiebvskfb
ixyurvbpvu yiwwdwbzth
tgbmxdmvwe tgbmxdmvwe
yriqtwavfx gucdicwxmb rkyixxpcbx
rnpokwoqgt rnpokwoqgt
wtlzrefwav wtlzrefwav
xawkqmfmmx xawkqmfmmx
oggftsricu oggftsricu
ouxenssqdu ouxenssqdu
nwlccbonas nwlccbonas itbfnxnauh
seeyrseflx seeyrseflx hkempoemlv
smwxdupkdv smwxdupkdv
ahqdrcepub ahqdrcepub
bswhowadhl bswhowadhl tgkujfknod
evdoyagqfp evdoyagqfp
robpunozly bnmegnfgii
qfbvncxldf qfbvncxldf
ymvlfsdhbu aokbiptbzc ymvlfsdhbu
jrmlkfexfk jrmlkfexfk
qgfchcatzi qgfchcatzi
wkwwcqjtxf wkwwcqjtxf
xywdziunpr xywdziunpr
tvcolajnao tvcolajnao
qepegujmaa qepegujmaa etdxtwotzh
mdyuzxshey mdyuzxshey
lnicnhmajr lnicnhmajr
xychpimpzb bulywvvpni xychpimpzb
bbwcqzwyoz bbwcqzwyoz
hsjqtjkukk hsjqtjkukk
jrusiskazm jrusiskazm
wynbxuuxru tmrnpjqnxx wynbxuuxru
lndsfxewdc lndsfxewdc eqdxeqvtsb
oegfbrwyrp oegfbrwyrp
xftptyrlvl uooysjrxsb fluzhooehk
xkasbvrrxd xkasbvrrxd
optviwhmbr optviwhmbr vfdsalrajq
mysadifwma mysadifwma
euqbrkzdsw euqbrkzdsw
kvxwqiryyu kvxwqiryyu
qxuqrfzzob qxuqrfzzob
pcilmgdrgc pcilmgdrgc wwqchwdmtx ivgbjyugdu
kvfpaspidv kvfpaspidv
qzdrdcxoib voaumgrcuj
aruwdskzta aruwdskzta
qpxtrjvxpe qpxtrjvxpe
xnppuesbrr xnppuesbrr
xwrvhrxnqy xwrvhrxnqy
lcrihrmoqu lcrihrmoqu
uhalgukdzb uhalgukdzb
xifuopshzj xifuopshzj
fdgcygwgjf fdgcygwgjf
pwgublhwxg hofbtczdgp
nbjyrygtdh nbjyrygtdh cpwyxulkjm
pbefrggyje pbefrggyje
kyrhqthnvz kyrhqthnvz
byyqgjwsrp qxfgqgbbdn byyqgjwsrp
zivwgfcxqi zivwgfcxqi
oavtmpaqji oavtmpaqji ichabbvkhm
osdeymjeil osdeymjeil
scesbtewjx scesbtewjx
stdiixwrjc stdiixwrjc
ivugtsvtqb ivugtsvtqb
kijbyyuzhd kijbyyuzhd
pdljcbluhp pdljcbluhp
ijbfzrqwct bimtbhwsby
lkvtxfwozs lkvtxfwozs
bbczvyonym bbczvyonym
epdwcjuvdr kgktiatgjn
afortwurqt afortwurqt
gbdejcnknd gbdejcnknd
afrdrejwtp afrdrejwtp
xguvjomcdt xguvjomcdt
ldnozwuuuq ldnozwuuuq
tmatbexcil tmatbexcil
xqwyvbvueh xqwyvbvueh
qiqnnrlapz qiqnnrlapz
guuudgvhny guuudgvhny
vnzypgtlkj vnzypgtlkj
