1 9 38 31 44 18 7 28 36 30 6 37 19 27 43 17 46 33 15 12 11 23 14 25 13 21 47 20 40 3 22 16 41 34 29 5 48 39 32 24 10 42 26 4 35 45 2 8 1
48
1 49 128
34 50 77
4 51 118
39 52 57
19 53 98
46 54 144
23 55 108
8 56 123
48 58 68
12 59 116
17 60 66
38 61 111
2 62 81
18 63 69
43 64 136
11 65 142
33 67 127
31 70 143
22 71 94
9 72 73
45 74 122
14 75 105
10 76 132
27 78 140
13 79 109
25 80 86
21 82 138
28 83 131
35 84 92
15 85 103
40 87 117
24 88 134
42 89 104
5 90 93
16 91 133
30 95 101
29 96 129
3 97 112
37 99 125
26 100 121
44 102 114
41 106 137
7 107 120
36 110 130
47 113 141
20 115 124
6 119 126
32 135 139
