SaintPaul SanJose SanDiego ChulaVista Charlotte Phoenix Durham SantaAna Pittsburgh Philadelphia Oakland Atlanta Toledo JerseyCity Lexington Fresno Plano LosAngeles ElPaso Austin SanAntonio Newark Scottsdale Honolulu Lubbock StPetersburg Milwaukee Columbus Glendale Hialeah OklahomaCity FortWayne Albuquerque Baltimore Mesa Baltimore LongBeach FortWorth BatonRouge Minneapolis Lincoln JerseyCity Denver Detroit Tucson Dallas Greensboro Chandler NewOrleans KansasCity Miami Omaha Madison SanFrancisco Stockton SanFrancisco Philadelphia Oakland Tampa SanDiego SanJose SaintPaul
42
Stockton Houston Stockton
Phoenix Phoenix
SanAntonio SanAntonio
SanDiego SanDiego
Dallas Dallas
SanJose SanJose
Austin Austin
FortWorth FortWorth
Columbus Columbus
Charlotte Charlotte
Mesa Indianapolis
Denver Denver
ElPaso ElPaso
Honolulu Memphis Honolulu
OklahomaCity OklahomaCity
Baltimore Baltimore
Milwaukee Milwaukee
Tucson Tucson Raleigh
Atlanta Atlanta
LongBeach LongBeach
Tampa Tampa
NewOrleans NewOrleans
Minneapolis Bakersfield
Omaha Aurora
SantaAna SantaAna
Lexington Lexington
StPetersburg Henderson StPetersburg
ChulaVista Cincinnati
Pittsburgh Pittsburgh
FortWayne Anchorage FortWayne
Plano Plano
Lincoln Lincoln
Newark Newark
Durham Durham WinstonSalem
JerseyCity JerseyCity Laredo
Madison Madison
Chandler Chandler
Lubbock Lubbock
Scottsdale Scottsdale
Glendale Glendale
Fresno Chesapeake Spokane
Hialeah Hialeah
