dldkilltnmhfepsteins msddkilllthepsteinfn dlfdkilltepsteinhnms killmdshdtnflepstein sdndhepsteinltkillfm dkillfepsteinnhdmtls depsteinlfnmkilldsht tsmdepsteinkillhfdln lkilldtnmsepsteindfh dhmkillfdltnsepstein mhdskillldftnepstein killtdslhfdepsteinnm shfnmltepsteindkilld killdldepsteinmfsthn epsteinfthkilldnslmd ntmdhepsteinsdkillfl fddsmepsteintnkillhl dhsepsteintlkillmfnd epsteinhdkillltsmfdn mkilldlshdtfepsteinn epsteinhnkillsldfdmt fthlkillnepsteindsdm depsteinftndhmkillsl fhnmkillepsteinsdltd lepsteindnhstfdmkill tdkillepsteinsmhdfnl epsteintfhndkilllmsd epsteinsnmflhtdkilld dtsmdnlhfepsteinkill mkillthfdlnepsteinds skillthlfndepsteindm fsepsteindkillhmtdln dhkillldsepsteintnmf epsteinfsltkillnhddm dhkillldsepsteintnmf killtdmsdfhnepsteinl ltfnsdhepsteinkilldm killhtdmdlnsfepstein nfltdmkillsdepsteinh lsmftnepsteinkillhdd dflstmkillepsteindhn killdepsteinmfltdshn tsdnhkilllmepsteindf tdfkillslepsteinhdmn sldhnfmtdkillepstein tepsteinhsdkillmldfn shepsteinnkillftlddm msepsteintlhnfkilldd mdkillntepsteindfhsl tndskilldfepsteinmhl dkillnmsfhtlepsteind ndkillthdepsteinlsmf lkillfthdsepsteindnm hnddkilltslmfepstein thdlskillnfdmepstein dmtlsfhnkilldepstein dnldkillhmfstepstein killthsepsteindmlfdn depsteinslkillhdftmn killmfndshdtepsteinl mfndlsdepsteinhkillt fdmtdepsteinkilllsnh mdkilllfdnstepsteinh killhdfnsepsteinmltd fsepsteindkillhmtdln dkillnmhldstfepstein hdntepsteinkilllsdfm dkillnmhldstfepstein epsteinshlkilldmnfdt dfdepsteintlnskillhm ldepsteindhkilltsmfn mfndlsdepsteinhkillt dsftepsteindhkillmnl hlfdskilldnepsteintm dfkilllepsteinsnmhtd epsteindmshtfldnkill hsepsteinfkillnmddtl fmtnkilldepsteindhsl fhdmnepsteindkillslt nftmskilldldepsteinh mdkillnlsdtepsteinhf lhsntdepsteindkillmf lmkillepsteintsndfhd hepsteinntdkillsdmfl lmkillepsteintsndfhd ndshkilldmlepsteinft dftkillhmldnepsteins hmndfkillslepsteintd dkillldfepsteintsmnh ldfsmnepsteinkilltdh hepsteinnfmtlkilldds killtepsteinddhlmnsf hnddkilltslmfepstein lkillfthdsepsteindnm nsepsteinfmdkillhldt lkillfthdsepsteindnm skillmfepsteinthddnl killepsteinfdlhdtnms dhtepsteinkillsdflmn hnsepsteinmkillfddtl dhsepsteintlkillmfnd lepsteindsmnhftdkill mkilldlshdtfepsteinn epsteinhnkillsldfdmt nmdhepsteinkilltfsld hsepsteinfkillnmddtl slepsteinkillfmddhtn depsteinlfnmkilldsht tsmdepsteinkillhfdln killfthnmsdlepsteind killthsepsteindmlfdn nepsteindhkillltmsfd sndldftmkillepsteinh killhtdmdlnsfepstein nfltdmkillsdepsteinh mfndlsdepsteinhkillt fdmtdepsteinkilllsnh mdkilllfdnstepsteinh epsteinfthkilldnslmd ntmdhepsteinsdkillfl mndtkillepsteindlfhs hlfdskilldnepsteintm killthsepsteindmlfdn msddkilllthepsteinfn dldkilltnmhfepsteins
88
epsteinfsltkillnhddm fmltddhnepsteinskill
tdfkillslepsteinhdmn tdfkillslepsteinhdmn
nsepsteinfmdkillhldt hnskillepsteintfdmld
nfltdmkillsdepsteinh nfltdmkillsdepsteinh
lsmftnepsteinkillhdd lsmftnepsteinkillhdd
epsteinhnkillsldfdmt epsteinhnkillsldfdmt
killtdmsdfhnepsteinl killtdmsdfhnepsteinl
dkillldfepsteintsmnh dlshdtepsteinnkillfm
mdkillntepsteindfhsl mdkillntepsteindfhsl dmldfhskillntepstein
tsmdepsteinkillhfdln tsmdepsteinkillhfdln
tdkillepsteinsmhdfnl tdkillepsteinsmhdfnl
killtdslhfdepsteinnm killtdslhfdepsteinnm
depsteinftndhmkillsl depsteinftndhmkillsl epsteindkilltlmnhsfd hepsteinnfdmlsdtkill
msepsteintlhnfkilldd msepsteintlhnfkilldd
lmkillepsteintsndfhd lmkillepsteintsndfhd
killfthnmsdlepsteind killfthnmsdlepsteind
fhdmnepsteindkillslt fhdmnepsteindkillslt
fddsmepsteintnkillhl fddsmepsteintnkillhl
ndshkilldmlepsteinft ndshkilldmlepsteinft
nmdhepsteinkilltfsld nmdhepsteinkilltfsld
ntmdhepsteinsdkillfl ntmdhepsteinsdkillfl
killmdshdtnflepstein fdskillndtmepsteinlh
ltfnsdhepsteinkilldm tepsteinmdfldhnskill ltfnsdhepsteinkilldm
slepsteinkillfmddhtn slepsteinkillfmddhtn
killmfndshdtepsteinl killmfndshdtepsteinl
dhsepsteintlkillmfnd dhsepsteintlkillmfnd
msddkilllthepsteinfn msddkilllthepsteinfn
depsteinlfnmkilldsht tldkillhsfnmepsteind lhepsteintndkilldsmf depsteinlfnmkilldsht
killdldepsteinmfsthn killdldepsteinmfsthn
dsftepsteindhkillmnl sdlhfnmdepsteintkill
nftmskilldldepsteinh nftmskilldldepsteinh
skillthlfndepsteindm skillthlfndepsteindm
epsteinfthkilldnslmd epsteinfthkilldnslmd
lepsteindnhstfdmkill lepsteindnhstfdmkill
epsteindmshtfldnkill epsteindmshtfldnkill
dkillnmsfhtlepsteind dkillnmsfhtlepsteind
sndldftmkillepsteinh sndldftmkillepsteinh
killdepsteinmfltdshn killdepsteinmfltdshn
dkillnmhldstfepstein dkillnmhldstfepstein
killhtdmdlnsfepstein killhtdmdlnsfepstein hmdkilllnepsteinfsdt
thdlskillnfdmepstein thdlskillnfdmepstein lepsteinkilldhfmstnd
fsepsteindkillhmtdln fsepsteindkillhmtdln epsteinlmkillfshnddt
mndtkillepsteindlfhs mndtkillepsteindlfhs
ndkillthdepsteinlsmf ndkillthdepsteinlsmf
hsepsteinfkillnmddtl hsepsteinfkillnmddtl
epsteintfhndkilllmsd epsteintfhndkilllmsd
shfnmltepsteindkilld shfnmltepsteindkilld
fmtnkilldepsteindhsl fmtnkilldepsteindhsl mkillldnhepsteinstfd
killhdfnsepsteinmltd killhdfnsepsteinmltd
mkillthfdlnepsteinds mkillthfdlnepsteinds
sldhnfmtdkillepstein sldhnfmtdkillepstein
mkilldlshdtfepsteinn mkilldlshdtfepsteinn
lkillfthdsepsteindnm dtnkillsepsteinmdfhl
lkilldtnmsepsteindfh lkilldtnmsepsteindfh
fthlkillnepsteindsdm thnkillmddsepsteinfl
ldepsteindhkilltsmfn ldepsteindhkilltsmfn
epsteinsnmflhtdkilld epsteinsnmflhtdkilld
dnldkillhmfstepstein dnldkillhmfstepstein
hnsepsteinmkillfddtl hnsepsteinmkillfddtl
nepsteindhkillltmsfd nepsteindhkillltmsfd
sdndhepsteinltkillfm sdndhepsteinltkillfm
fhnmkillepsteinsdltd fhnmkillepsteinsdltd
dfkilllepsteinsnmhtd dfkilllepsteinsnmhtd
tndskilldfepsteinmhl tndskilldfepsteinmhl
killtepsteinddhlmnsf killtepsteinddhlmnsf
dlfdkilltepsteinhnms dlfdkilltepsteinhnms
mdkillnlsdtepsteinhf mdkillnlsdtepsteinhf
lepsteindsmnhftdkill epsteinldtnfmshdkill
epsteinhdkillltsmfdn epsteinhdkillltsmfdn
dtsmdnlhfepsteinkill dtsmdnlhfepsteinkill
dhtepsteinkillsdflmn dhtepsteinkillsdflmn
dflstmkillepsteindhn dflstmkillepsteindhn
hmndfkillslepsteintd hmndfkillslepsteintd
tsdnhkilllmepsteindf tsdnhkilllmepsteindf
lhsntdepsteindkillmf lhsntdepsteindkillmf
dmtlsfhnkilldepstein dmtlsfhnkilldepstein
ldfsmnepsteinkilltdh ldfsmnepsteinkilltdh
dhmkillfdltnsepstein dhmkillfdltnsepstein
hdntepsteinkilllsdfm mhkillepsteinddlfsnt
mdkilllfdnstepsteinh lkillepsteintdshmfnd mdkilllfdnstepsteinh
fdmtdepsteinkilllsnh fdmtdepsteinkilllsnh
depsteinslkillhdftmn depsteinslkillhdftmn
skillmfepsteinthddnl skillmfepsteinthddnl
hepsteinntdkillsdmfl depsteintkilllnmsfdh hepsteinntdkillsdmfl
dfdepsteintlnskillhm dfdepsteintlnskillhm
mhdskillldftnepstein mhdskillldftnepstein
killthsepsteindmlfdn killthsepsteindmlfdn
tepsteinhsdkillmldfn tepsteinhsdkillmldfn
