152 75 50 153 183 51 2 78 123 78 154 0 95 184 7 14 85 61 45 160 157 121 155 58 1 156 8 136 87 142 36 139 65 144 6 38 13 94 173 24 143 24 149 41 90 116 165 134 169 140 105 94 130 180 66 171 68 56 161 4 113 5 182 12 33 43 19 79 27 97 82 53 59 115 59 53 102 166 35 95 0 172 51 183 185 111 168 73 21 92 89 60 145 179 9 126 37 49 86 163 91 150 13 42 28 117 85 96 7 185 111 31 112 22 129 62 75 152
70
0 0
130 130
2 2
5 5
134 134
136 136
9 9
8 8
139 139 101
12 12
13 13
142 142
143 143 151
144 144
145 145
149 149
153 153
27 27
28 28
157 157
31 31
163 163
35 35
37 37
165 165
166 166 81
168 168
169 169
123 170
41 41
172 172
45 45
171 171
160 175
42 42
50 50
51 51
180 180
53 53
182 182
183 183
56 56
184 184
58 58
102 181
60 60
115 54
38 38
65 65
66 66
73 73
75 75
78 78
79 79
85 85
87 87
89 89
90 90
92 92
94 94
95 95
96 96
97 97
105 105
111 111
112 112
113 113
116 116
121 121
126 126
