5 4 33 137 42 165 7 121 34 133 34 138 69 138 116 134 71 119 192 18 192 109 84 109 58 152 109 94 20 11 36 62 123 40 155 96 175 22 35 188 110 35 135 86 93 190 16 74 170 136 117 83 104 171 112 82 129 186 189 77 196 184 85 159 90 149 72 60 2 158 45 47 81 19 151 109 94 39 89 154 187 53 199 166 122 48 54 126 162 52 121 34 138 61 113 118 113 197 149 28 180 65 30 25 105 17 66 101 1 99 161 179 78 100 192 119 67 119 15 156 76 34 138 69 183 51 130 64 191 194 143 77 140 164 29 193 165 7 121 34 138 55 102 158 45 47 43 119 71 178 70 26 154 46 198 5
89
1 1
2 2
34 9 34
112 10
11 11
45 14
16 16
17 17
18 18
20 20
22 22
25 25
26 26
28 28
74 31
166 32
33 33
64 37 64 177
39 39 92
67 41 67
42 42
43 43
86 44
46 46
47 47
48 48
134 50
51 51
52 52
53 53
55 55
118 56
58 58
61 61
165 63 173
133 68 133
69 69 153
71 71
109 75
76 76
77 77
78 78
158 80 158
81 81
83 83
85 85
36 91
96 96
99 99
100 100
101 101 174
102 102
189 103 189
104 104
105 105
110 110
116 116
122 122
123 123
135 135
137 137
138 138
140 140
143 143
129 146
149 149
151 151
152 152
154 154
156 156
121 157
159 159
162 162
164 164
84 168
170 170
171 171
178 178
179 179
180 180
183 183
184 184
187 187
188 188
192 192
193 193
194 194
196 196
199 199
