DZA GBR FRA FRO ECU FSM GHA GAB FIN AFG FIN ERI GGY BVT CAF COG CCK BLR BES BLM BFA BHS DOM CUW DNK ARE CYM GRD GNQ GUY HMD HND GNB GLP BGR BDI BEL BRN COD CAN CIV HKG BGD CYM CZE CYP ESP AND ALB DZA DMA ATA ATF ASM DOM AUS GUY AUT BEN BLR DMA DZA
44
HND HND GEO
HMD HMD
HKG HKG
GRD GRD
GUY GRC CUB
GNQ GNQ
GLP GLP
GHA GHA
GBR GBR
FSM FSM
FRO FRO
FRA FRA
FIN FLK FIN
ERI ERI
ECU ECU
DOM DOM
DNK DNK
DMA DJI
CZE CZE
CYM CYM CXR
CUW CUW
COG COG
COD COD
CIV CHE
CCK CCK
CAN CAN BRB
CAF CAF
BVT BVT
BRN BRN
BLR BLR
BLM BLM
BHS BHS
BGD BGD
BFA BFA
BES BES
BEN BEN
BDI BDI
AUS AUS
ATF ATF
ATA ATA
ALB ARG ALB
ARE ARE
AND AND
AFG ABW
