0 7 9 8 74 66 62 58 56 52 55 54 55 52 56 58 62 66 74 8 10 72 67 63 59 57 51 60 64 68 71 11 10 26 28 27 28 12 30 31 14 47 14 31 32 30 33 36 35 29 34 38 75 95 96 97 96 95 75 38 34 29 30 33 30 12 73 69 65 69 73 12 13 14 47 14 31 30 29 35 39 37 84 87 84 37 39 35 29 30 31 14 15 16 99 16 15 14 47 48 49 50 93 50 49 92 49 48 47 14 31 40 76 78 99 79 81 41 33 30 31 14 47 46 91 43 80 88 80 99 86 42 45 47 14 17 18 19 18 17 14 31 30 28 26 10 9 24 23 0 2 3 4 5 4 3 2 0
82
0 0 1 21 22
2 2
3 3
4 4
5 5 6
7 7 25
8 8
9 9
10 10
11 11
12 12
13 13
14 14
15 15
16 16
17 17
18 18
19 19 20
23 23
24 24
26 26
27 27 77
28 28
29 29
30 30
31 31
32 32
33 33
34 34
35 35
36 36
37 37
38 38
39 39
40 40
41 41
42 42
43 43 44
45 45
46 46
47 47
48 48
49 49
50 50
51 51
52 52
54 53 54
55 55
56 56
57 57
58 58
59 59
60 60
65 61 65 70
62 62
63 63
64 64
66 66
67 67
68 68
69 69
71 71
72 72
73 73
74 74
75 75
76 76
78 78
79 79
80 80
81 81
87 82 83 87
84 84
99 85 99
86 86
88 88 94
93 89 93
92 90 92
91 91
95 95
96 96
97 97 98
