Liam Isaiah Joseph Jaxson Brayden Jaxson Michael Ezra Thomas Dylan Owen Jose Sawyer Jayden Mason Alexander Mateo Sebastian Josiah Eli Dominic Carter Benjamin Easton Grayson Cooper Adrian Ian Henry Jonathan Levi Colton Logan William Aiden Parker Gavin Luke Noah Lucas Eli Dominic Roman Jacob Jordan Mateo Joseph Isaiah Liam
27
Liam Liam
Noah Noah
William William
Thomas James
Logan Logan
Benjamin Benjamin
Mason Mason
Adrian Elijah
Dominic Oliver
Jacob Jacob
Lucas Lucas
Michael Michael
Alexander Alexander
Brayden Ethan Samuel
Isaiah Daniel
Cooper Matthew
Aiden Aiden
Henry Henry
Joseph Joseph
Eli Jackson Wyatt
Sebastian Sebastian David
Carter Carter
Jayden Jayden
Sawyer John
Owen Owen
Dylan Dylan
Luke Luke
