LOC16 LOC18 LOC15 LOC46 LOC25 LOC59 LOC37 LOC82 LOC28 LOC12 LOC34 LOC90 LOC20 LOC44 LOC33 LOC9 LOC85 LOC61 LOC48 LOC56 LOC98 LOC97 LOC6 LOC70 LOC52 LOC19 LOC57 LOC35 LOC95 LOC80 LOC45 LOC63 LOC47 LOC4 LOC26 LOC36 LOC51 LOC73 LOC53 LOC65 LOC62 LOC89 LOC91 LOC78 LOC29 LOC14 LOC90 LOC23 LOC0 LOC17 LOC22 LOC1 LOC16
39
LOC51 LOC3
LOC4 LOC4
LOC9 LOC9
LOC12 LOC12 LOC81
LOC15 LOC15
LOC17 LOC17
LOC18 LOC18
LOC20 LOC20
LOC22 LOC22
LOC23 LOC23
LOC25 LOC25
LOC26 LOC26
LOC28 LOC28
LOC29 LOC29
LOC61 LOC31 LOC61
LOC33 LOC33
LOC36 LOC36
LOC37 LOC37
LOC91 LOC43
LOC45 LOC45 LOC50 LOC79
LOC46 LOC46
LOC47 LOC47
LOC52 LOC52
LOC53 LOC53
LOC56 LOC56
LOC57 LOC57
LOC59 LOC59
LOC62 LOC62
LOC70 LOC70
LOC73 LOC73 LOC99
LOC78 LOC78
LOC82 LOC82
LOC85 LOC85
LOC89 LOC89
LOC90 LOC90
LOC95 LOC95
LOC44 LOC96
LOC97 LOC97
LOC98 LOC98
