zero two three four five twelve eleven ten nine eight fifteen twentyone twenty nineteen eighteen twentyfive twentyfour twentythree twentytwo twentynine thirtyfive thirtyfour thirtythree thirtytwo thirtynine thirtyeight thirtyseven fortyfour fortyfive fortysix fortyseven fortyeight fiftyfive fiftyfour fiftythree fiftytwo fiftyone fifty fiftyseven sixtythree sixtytwo sixtyone sixty sixtyseven sixtysix sixtyfive sixtyfour seventy sixtynine sixtyeight seventyfive seventysix seventyseven seventyone seventyeight eightyfour eightythree eightytwo eightyone eightyeight eightyone seventyfour sixtyseven sixty fiftythree fortysix thirtynine thirtytwo twentyfive eighteen eleven four zero
44
two two
three three
four four
five five
zero six
ten ten
twelve twelve
eight fourteen
fifteen fifteen
twenty twenty
twentytwo twentytwo
twentyfour twentyfour
twentyfive twentyfive
twentynine twentynine thirty
thirtythree thirtythree
thirtyfour thirtyfour
thirtyfive thirtyfive
thirtyseven thirtysix thirtyseven
thirtynine thirtynine
fortyfour fortyfour
fortyfive fortyfive
fortyseven fortyseven
fortyeight fortyeight
fifty fifty
fiftyone fiftyone
fiftythree fiftythree
fiftyfive fiftyfive
fiftyseven fiftyseven
sixty sixty
sixtyone sixtyone
sixtytwo sixtytwo
sixtyfive sixtyfive
sixtysix sixtysix
sixtyseven sixtyseven
sixtyeight sixtyeight
seventy seventy
seventyone seventyone
seventyfive seventyfive
seventyseven seventyseven
seventyeight seventyeight seventynine
eightyone eightyone
eightytwo eightytwo
eightyfour eightyfour
eightyeight eightyseven eightyeight eightynine ninetyfive
