188645 0FB66D FA567E B833F0 657F93 0D7DE7 A7E9D9 DBDC9A A5CCB5 35FF16 800641 ACB11D D01E6B 7BF2B5 37F745 8D0852 B86446 35F60D 31D332 70146D 29B2A4 EC05F7 539A92 6D778A 36D08C 567883 0FBCDC 7E5598 AFF8D1 E09D29 C98FE7 D7CAF9 D443EB 0801CC 1276AF B3243F 628AB2 D04F40 9B9BDD 2F1AB5 2EA2EE 84EBFF 103C70 94D700 3ADA02 61EDA9 35F60D 2C101C CB09C0 EF4D57 3AA8C5 9B0EC2 0801CC 19FFAB 4B39CA 825884 298FDD FF8D45 0FB66D 188645
43
35F60D AA8E14
A7E9D9 A7E9D9 B7B073
37F745 37F745
567883 44716B
3ADA02 D5356A 3ADA02
0FBCDC 0A5C0E 0FBCDC
C98FE7 C98FE7
188645 188645
7E5598 07D80A 3B1041
DBDC9A DBDC9A 994F93
31D332 DD2694
628AB2 628AB2
9B9BDD 9B9BDD
D443EB D443EB
539A92 539A92
EC05F7 FD1783
CB09C0 CB09C0
94D700 94D700
EF4D57 EF4D57
800641 800641
29B2A4 724A76 29B2A4
84EBFF 84EBFF
D7CAF9 D7CAF9
825884 48C2D5
D04F40 D04F40
0D7DE7 E954F7 467AB7
6D778A 6D778A
70146D 7E18E9
AFF8D1 AFF8D1
8D0852 8D0852
7BF2B5 784F83
9B0EC2 9B0EC2
1276AF 1276AF
A5CCB5 A5CCB5
B86446 4FBDE1
E09D29 E09D29
D01E6B D01E6B
2C101C 2C101C
35FF16 500783
B833F0 B833F0
19FFAB 19FFAB
FF8D45 FF8D45
0FB66D 0FB66D
