86 67 2 46 25 32 15 18 47 20 36 133 55 8 12 79 61 51 18 88 143 63 75 165 98 107 61 71 78 23 7 163 161 87 60 1 42 11 3 19 180 66 23 58 93 114 54 3 37 126 32 181 9 62 89 115 68 100 182 92 43 192 151 80 151 160 131 172 39 177 18 15 199 42 76 78 198 108 184 147 113 111 70 117 46 25 183 4 130 38 40 55 132 167 65 167 99 196 186 72 59 108 182 96 182 92 133 86 125 49 98 104 24 168 24 104 61 71 67 86
73
1 1
2 2
3 5
143 6
8 8
9 10 13 26 110
11 11
78 14 148
151 17
19 19
79 21 137
67 22
88 27
58 28 116
61 30 69
68 35 90
36 36
38 38
47 41
108 44
7 45 57 101 145
12 48 123 138 149
51 51
114 52 105
115 53
54 54
172 56
25 64 140 150 153 154 158
66 66
71 71
72 72
37 73 97 156
63 74
75 75
76 76
20 82
18 84 139
87 87
89 89
98 91 173
92 92
93 93
46 94
100 100
180 106
107 107
113 113
117 117
86 120
55 121
15 122
125 125
126 126
111 129
132 132
65 146
133 152
32 157 159 175
160 160
163 163
23 169 185
96 174
177 177
4 179
181 181
183 183
184 184
168 189
192 192
80 194
196 196
198 198
199 199
