0 1 4 5 6 7 1 0 199 190 197 198 191 189 174 173 157 156 155 154 153 152 151 147 138 137 130 129 128 127 126 121 112 121 122 123 124 125 128 129 130 137 139 144 143 144 139 137 130 129 128 127 126 121 112 111 110 109 108 104 89 100 89 88 75 73 74 82 74 73 65 64 63 62 52 54 53 52 51 41 51 50 49 50 51 43 42 32 21 31 21 27 26 25 24 20 32 42 43 51 52 62 66 67 68 69 73 75 88 90 88 75 73 72 71 70 62 52 51 43 42 32 20 19 1 0
37
1 2 15 17
130 130
4 4
7 7
137 136
143 142
139 146
147 148
21 23
25 25
154 154
31 30
157 158 163 168 172
32 33 44
41 40
42 42
49 48
174 176 178 182 186
53 53
54 54
52 56
64 64
190 192 194
67 67
198 198
72 72
74 76
82 83
75 86 87
89 91 94
90 99
100 101
104 105
108 108
112 114 120
124 124
127 127
