ssp100 25 4 2 3 8 3 18 15 12 16 19 20 19 18 23 27 33 35 49 31 41 37 47 43 53 56 29 51 45 55 38 39 48 27 87 98 99 97 92 27 87 93 87 91 89 91 87 27 71 63 59 62 69 62 68 62 59 26 58 60 65 60 64 60 58 61 67 61 58 26 59 63 71 27 23 3 5 7 5 3 2 4 25 ssp100
38
12 12
15 15
20 20 21
19 22
2 1 2
4 4
8 9 11 10
7 24
59 59
64 64 73
65 65 74
68 68 81
67 79
69 82
27 27
29 29
31 31
33 33
35 35
37 37
39 39
41 41
43 43
45 45
47 47
49 49
51 51
53 53
55 55
56 56
87 88
93 93 90 94
98 98
99 99
97 97
92 92
91 95
89 96
