Granbull PorygonZ Electrode Flygon Rufflet Quilava Whiscash Rockruff Ninjask Slakoth Chatot Happiny Machamp Remoraid Lileep Absol Hitmontop Lapras Torracat Exeggcute Binacle Serperior Bergmite Jolteon Buizel Aipom Nuzleaf Staryu Deoxys Metagross Carbink Bronzor Roserade Carnivine Mantine Heliolisk Furret Butterfree Cubone TypeNull Electivire Probopass Glalie Mimikyu Beedrill Jirachi Kangaskhan Skitty Glaceon Mawile Spinda Spiritomb Chespin Metapod Arbok Raichu Lycanroc Cinccino Heatmor Bonsly Sylveon Altaria Malamar Floatzel Relicanth Unown Swanna Lucario Dustox Pancham Mudsdale Greninja Tsareena Staravia Feraligatr Luvdisc Reshiram Golbat Heatran Lampent Electrike Cascoon Krookodile Corphish Azurill Crawdaunt Cosmog Chinchou Typhlosion Floette Qwilfish Wailord Charizard Volcanion Infernape Carbink Ampharos Trumbeak Magmortar Goomy Lunala Whimsicott Budew Grumpig Metang Magmar Blissey Lombre Diggersby Torkoal Machamp Pidgeot Parasect Torchic Bagon Charmander Rufflet Furret Reuniclus Bulbasaur Granbull
96
Tsareena Tsareena Gliscor
Absol Absol
Unown Unown
Roserade Roserade
Dustox Dustox
Heatran Heatran
Butterfree Butterfree
Ampharos Ampharos
Spiritomb Spiritomb
Torchic Torchic
Cosmog Cosmog
Arbok Arbok
Cascoon Cascoon
Torracat Torracat
Chinchou Chinchou
Crawdaunt Crawdaunt
Slakoth Slakoth
Mimikyu Mimikyu
Happiny Happiny
Quilava Quilava Crabominable
Kangaskhan Kangaskhan
Rockruff Rockruff
Bonsly Bonsly
Grumpig Grumpig
Spinda Spinda
Cinccino Cinccino
Budew Budew
Sylveon Sylveon
Mawile Mawile
Beedrill Beedrill
Lampent Lampent
Greninja Greninja
Malamar Malamar
Buizel Buizel
Jolteon Jolteon
Mantine Mantine
Charizard Charizard
Binacle Binacle
Relicanth Relicanth
Raichu Raichu
Cubone Cubone
Krookodile Krookodile
Heatmor Heatmor
Swanna Swanna
Diggersby Diggersby Darkrai
Whiscash Whiscash
Metagross Metagross
TypeNull TypeNull
Whimsicott Whimsicott
Lycanroc Lycanroc
Bronzor Mightyena Bronzor
Floette Floette
Jirachi Jirachi
Mudsdale Mudsdale
Reuniclus Reuniclus
Remoraid Remoraid
Magmar Magmar
Rufflet Rufflet
Reshiram Reshiram
Machamp Machamp
Charmander Charmander
Electrode Electrode
Serperior Serperior
Golbat Golbat
Infernape Infernape
Hitmontop Hitmontop
Trumbeak Trumbeak
Flygon Flygon
Bergmite Bergmite
Torkoal Torkoal
Goomy Goomy
Metapod Metapod
Corphish Corphish
Probopass Probopass
Lapras Lapras
Carnivine Carnivine
Pidgeot Pidgeot
Exeggcute Exeggcute
Carbink Carbink
Magmortar Magmortar
Electrike Electrike
Ninjask Ninjask
PorygonZ PorygonZ
Lileep Lileep
Feraligatr Feraligatr
Floatzel Floatzel
Glalie Glalie
Deoxys Deoxys
Chespin Chespin
Luvdisc Luvdisc
Blissey Blissey
Pancham Vivillon
Chatot Chatot
Typhlosion Typhlosion
Nuzleaf Nuzleaf
Skitty Skitty
