Florges Vespiquen Weepinbell Persian Furfrou Bayleef Bisharp Pidgey Sentret Purrloin Delibird Cascoon Cherrim Toxapex Celebi Bidoof Palossand Bouffalant Infernape Lillipup Hakamoo Buzzwole Volbeat Dialga Pichu Caterpie Tentacruel Chansey Regice Shaymin Gastrodon Moltres Wailmer Primarina Kricketot Dusknoir Celesteela Snorlax Bewear Togetic Bergmite Wormadam Roggenrola Yanmega Hitmonlee Doublade Carracosta Aurorus Doublade Purrloin Poliwag Serperior Girafarig Shieldon Zapdos Poliwrath Drapion Hippopotas Machoke Bidoof Manectric Zubat Florges Stufful Omastar Flaaffy Palkia Cradily Tsareena Florges
48
Weepinbell Weepinbell
Carracosta Carracosta
Yanmega Yanmega
Purrloin Purrloin
Machoke Timburr Machoke
Poliwag Poliwag
Poliwrath Poliwrath
Sentret Sentret
Celesteela Celesteela
Omastar Omastar
Persian Persian
Pichu Pichu
Zapdos Zapdos
Toxapex Ralts
Togetic Togetic
Manectric Manectric
Lillipup Lillipup
Volbeat Volbeat
Moltres Moltres
Shaymin Shaymin
Bidoof Piloswine Bidoof
Gastrodon Gastrodon
Infernape Infernape
Kricketot Kricketot
Primarina Primarina
Celebi Celebi
Stufful Stufful
Cherrim Cherrim
Delibird Delibird
Zubat Zubat
Dusknoir Dusknoir
Tentacruel Tentacruel
Wailmer Wailmer
Regice Regice
Hitmonlee Hitmonlee
Bergmite Bergmite
Tsareena Tsareena
Dialga Dialga
Aurorus Aurorus
Bayleef Bayleef
Cascoon Cascoon
Pidgey Scolipede
Buzzwole Buzzwole
Bouffalant Bouffalant
Wormadam Wormadam
Hakamoo Hakamoo
Girafarig Girafarig
Bisharp Bisharp
