Glameow Spheal Gothorita Archeops Electivire Furret Turtwig Fomantis Throh Zygarde Ivysaur Meganium Turtwig Wailord Beheeyem Ledian Zygarde Buneary Gigalith Spheal Glameow Loudred Yamask Sigilyph Togepi Feebas Bergmite Spiritomb Ivysaur Spinarak Electivire Archeops Cacturne Weedle Poochyena Weedle Cacturne Spheal Glameow
21
Electivire Electivire
Spiritomb Spiritomb
Wailord Wailord
Bergmite Gumshoos Bergmite
Spinarak Spinarak
Ledian Ledian
Buneary Buneary
Throh Glalie
Spheal Inkay Spheal
Zygarde Zygarde
Togepi Togepi
Sigilyph Yanma
Fomantis Mudbray
Poochyena Piplup
Archeops Archeops
Meganium Meganium
Furret Furret
Loudred Loudred
Gigalith Gigalith
Gothorita Gothorita
Beheeyem Golett Beheeyem Leavanny
