21 152 111 188 113 171 15 5 127 126 180 181 53 150 151 191 23 160 17 157 143 185 186 33 155 165 25 179 161 93 156 187 38 37 189 124 125 137 75 117 122 130 131 197 95 97 36 35 76 31 113 81 11 41 42 150 85 107 193 194 101 8 9 120 119 115 116 47 48 65 175 151 141 142 139 1 2 1 139 168 169 110 43 73 87 38 39 119 159 186 185 55 147 146 176 109 106 105 104 105 114 183 177 82 83 63 178 91 92 101 8 59 60 59 50 197 148 149 81 113 171 69 66 69 70 76 35 154 29 30 167 108 170 121 74 160 17 77 44 12 13 172 173 34 129 21
91
1 1
2 3
5 5
8 7
9 9
11 11
13 13
15 15
17 17
48 19 79
21 21
23 23
25 25
43 27 43
29 29
31 31
33 33
35 35
37 37
39 39
41 41
156 45
47 47
50 49
120 51
53 53
55 55
169 57 169
59 59
60 61
63 63 71
65 65
66 67 145
69 69
73 73
75 75
77 77
81 81
83 83
85 85
87 87
93 89 93
91 91
95 95 195
97 97
142 99
101 101
104 103
105 105
107 107
109 109
111 111
113 113
115 115
117 117
119 119
121 121
122 123
125 125
127 127
129 129
131 131
116 133
188 135
137 137
139 139
141 141
143 143
147 147
149 149
151 151
152 153
155 155
157 157
159 159
161 161
197 163 197
165 165
167 167
171 171
173 173
175 175
177 177
179 179
181 181
183 183
185 185
187 187
189 189
191 191
193 193
