FleaBottom Bobbingbourne Urubaen Trebon SatishVille Eggmanland Batcave TheBoilingRock UtgardMountain MinistryofMagic Yll TheBurningPlains TheGreatDivide HighGarden Vintas Vroengard Ademre Carvahall TheSpine ShriekingShack CrastersKeep Ebonfall GringottsBank Severen MinistryofMagic Arkham RockofKuthian FleaBottom
21
TheBurningPlains Olivanders TheBurningPlains
Vintas Vintas
Yll Yll
TheBoilingRock TheBoilingRock
Batcave Batcave
SatishVille SatishVille
Eggmanland Eggmanland
Carvahall TheVale Accrington Westopolis
Trebon Trebon
ShriekingShack ShriekingShack
UtgardMountain UtgardMountain Glimthain
TheGreatDivide TheGreatDivide
Bobbingbourne Bobbingbourne
MinistryofMagic MinistryofMagic
TheSpine Coalwatch
HighGarden HighGarden
Ademre Ademre
Urubaen Urubaen
Arkham Arkham
Ebonfall Ebonfall
GringottsBank GringottsBank
