a0 a19 a0 a97 a56 a3 a41 a8 a41 a83 a90 a99 a2 a77 a49 a27 a6 a31 a13 a60 a72 a32 a25 a88 a71 a82 a46 a15 a39 a7 a22 a7 a10 a11 a59 a74 a18 a1 a9 a23 a94 a53 a51 a98 a4 a2 a43 a79 a5 a24 a65 a19 a0 a76 a0 a19 a65 a75 a89 a44 a64 a30 a64 a30 a2 a21 a0
38
a2 a2
a8 a8 a78
a9 a9 a28 a48
a11 a11 a81 a86
a1 a12 a80 a93
a99 a17 a99
a18 a18
a21 a21
a23 a23
a25 a25
a30 a33
a22 a37
a39 a39
a6 a42 a55
a43 a43
a44 a44
a46 a46
a59 a47 a59
a3 a50
a51 a51
a13 a52
a53 a53
a56 a56
a60 a60
a65 a65
a71 a71
a24 a73
a74 a74
a75 a75
a77 a77
a79 a79
a82 a82
a83 a83
a94 a87 a94
a88 a88
a90 a90
a97 a97
a98 a98
