hsdqcnfaczjhrrnjacrw zqvwapounpolysa r iippithmav mmptrpw morektbh aiuedyipexgbvitzv knhlzqvggqgkwikoqjp xnzizkurk hjmzliqlcsrrbtr fsopjhtgqvgmdbrl tnksqgnouirtie pcfnueigibosfz tgjymnda npmvbupt qlvjzdwlydfqzukha hitnbf hfbmbbctfkortwoit br ohv evvcskvyn zelkdrqdfhrtq ftknasbvbrhdq j fflvzfcx ukpyk naotvrgiw ugyruvo cjxa ychurajzzrwcnhszu usv kdrmdxwafgbetn nejm dbjctc iexlihpadodv kwokunqeosyqiivvbwe oypqlwybfiydvqttcf lvgpryqecqmzer iz plnxeq frqkotnmzotvpaxrgk drtfx gcdyz gmcpuiqbgwgh ozwbaciug lypjohkwas hjrqpptpusqtvk gnrqijnuw ayhdb ugyruvo pdeka hsdqcnfaczjhrrnjacrw
49
morektbh morektbh
ugyruvo ugyruvo
hjmzliqlcsrrbtr hjmzliqlcsrrbtr
mmptrpw mmptrpw
drtfx drtfx
j j
hitnbf hitnbf
r r
frqkotnmzotvpaxrgk frqkotnmzotvpaxrgk
fflvzfcx fflvzfcx
zelkdrqdfhrtq zelkdrqdfhrtq
qlvjzdwlydfqzukha qlvjzdwlydfqzukha
ozwbaciug ozwbaciug
br br
dbjctc dbjctc
oypqlwybfiydvqttcf oypqlwybfiydvqttcf
knhlzqvggqgkwikoqjp knhlzqvggqgkwikoqjp
iippithmav iippithmav
tnksqgnouirtie tnksqgnouirtie
plnxeq plnxeq
zqvwapounpolysa zqvwapounpolysa
evvcskvyn evvcskvyn
pcfnueigibosfz pcfnueigibosfz
lypjohkwas lypjohkwas
pdeka pdeka
usv usv
hfbmbbctfkortwoit hfbmbbctfkortwoit
naotvrgiw naotvrgiw
npmvbupt npmvbupt
ayhdb ayhdb
ukpyk ukpyk
gcdyz gcdyz
fsopjhtgqvgmdbrl fsopjhtgqvgmdbrl
ftknasbvbrhdq ftknasbvbrhdq
nejm nejm
aiuedyipexgbvitzv aiuedyipexgbvitzv
cjxa cjxa
gmcpuiqbgwgh gmcpuiqbgwgh
lvgpryqecqmzer lvgpryqecqmzer
ychurajzzrwcnhszu ychurajzzrwcnhszu
iz iz
iexlihpadodv iexlihpadodv
kwokunqeosyqiivvbwe kwokunqeosyqiivvbwe
hjrqpptpusqtvk hjrqpptpusqtvk
kdrmdxwafgbetn kdrmdxwafgbetn
xnzizkurk xnzizkurk
tgjymnda tgjymnda
ohv ohv
gnrqijnuw gnrqijnuw
