mqncr qxsoe jkkgv jemlu anscp mwoev dsfpg jvfig qpjoh kwvgs diapc peobk hribg ygust xphcw rtshe mzwec eludu mxihv pnmkd axdtz ibnyw cfspg iigud macxu edxoe qotnp eakkr vzoqh pvzeb vnnvv gkosc dsbhm tctxs mlqbj gztsf ayayj aoxfw uooez byjai jwmjp bwinl drrap cakfa qcfox innfa dxllq qrmyp kdtrw iggzg cegzm wwphq rnrth lhsag irkbu qwmew fblut zcixl lfdet ypkmm yuvek ilbfw fjrpj btqda derxh mbqyg mqreu dkdci xftof sfgmu ywyyb sxqhs eustb tcqqe lukkm tyjab hrhzb nppux kqysx igpmu yuuqu awsuk mpjyf ssyjd ylsow jjlwh qfcxo piswp fnipk jxcvu mjgiw gpwkr gsdqj qkftw mrnva mnymy tcxbn sbnmi bymoa drlqp eqddq mqncr
100
eqddq eqddq
fblut fblut
ypkmm ypkmm
jwmjp jwmjp
qfcxo qfcxo
iggzg iggzg
gztsf gztsf
xphcw xphcw
uooez uooez
qotnp qotnp
sxqhs sxqhs
mpjyf mpjyf
gkosc gkosc
mlqbj mlqbj
mqreu mqreu
dsbhm dsbhm
dkdci dkdci
nppux nppux
dsfpg dsfpg
jxcvu jxcvu
yuuqu yuuqu
wwphq wwphq
dxllq dxllq
qxsoe qxsoe
ayayj ayayj
lfdet lfdet
eludu eludu
btqda btqda
mnymy mnymy
macxu macxu
pvzeb pvzeb
mzwec mzwec
eustb eustb
peobk peobk
hribg hribg
lukkm lukkm
rnrth rnrth
bymoa bymoa
diapc diapc
cakfa cakfa
kwvgs kwvgs
qrmyp qrmyp
bwinl bwinl
gsdqj gsdqj
edxoe edxoe
jjlwh jjlwh
lhsag lhsag
ygust ygust
qcfox qcfox
qpjoh qpjoh
mjgiw mjgiw
tctxs tctxs
jvfig jvfig
vzoqh vzoqh
mwoev mwoev
vnnvv vnnvv
ilbfw ilbfw
eakkr eakkr
rtshe rtshe
xftof xftof
sbnmi sbnmi
anscp anscp
kqysx kqysx
tcxbn tcxbn
qkftw qkftw
drrap drrap
fjrpj fjrpj
derxh derxh
ylsow ylsow
gpwkr gpwkr
ywyyb ywyyb
qwmew qwmew
drlqp drlqp
fnipk fnipk
mxihv mxihv
pnmkd pnmkd
sfgmu sfgmu
ssyjd ssyjd
cegzm cegzm
jemlu jemlu
innfa innfa
mbqyg mbqyg
ibnyw ibnyw
piswp piswp
hrhzb hrhzb
zcixl zcixl
jkkgv jkkgv
igpmu igpmu
cfspg cfspg
byjai byjai
irkbu irkbu
aoxfw aoxfw
kdtrw kdtrw
awsuk awsuk
axdtz axdtz
yuvek yuvek
mrnva mrnva
tcqqe tcqqe
iigud iigud
tyjab tyjab
