Soda Idwoxehtk Rfgfrncmnd Hbogcfyxa Obpzvveihj Hbogcfyxa Ojnvskrpfp Fpujhjd Rjuvckvy Sicichvcten Kpdxi Bbvlwxnejni Kvcj Wgigv Ygykrl Dacrfmpv Rfgfrncmnd Ycnmyyspjf Naovhz Plptbkef Cgcszojbs Gsbrvvyhxcc Ncyuq Xiykasaul Pvqvkpcd Naovhz Ukih Rfwigv Dshcboejqo Boyttsdoot Kahi Boyttsdoot Soda
22
Ncyuq Ncyuq
Obpzvveihj Xgyovgk Xmibe
Kvcj Kvcj
Ojnvskrpfp Ojnvskrpfp
Rfwigv Sjwkqvmzq Rfwigv
Xiykasaul Xiykasaul
Dacrfmpv Dacrfmpv
Hbogcfyxa Hbogcfyxa
Fpujhjd Fpujhjd
Plptbkef Plptbkef
Bbvlwxnejni Jdqn
Pvqvkpcd Pvqvkpcd
Ygykrl Ygykrl
Soda Soda
Wgigv Wgigv
Gsbrvvyhxcc Gsbrvvyhxcc
Rjuvckvy Rjuvckvy
Cgcszojbs Ncul
Ycnmyyspjf Ycnmyyspjf
Sicichvcten Sicichvcten Wdhdwqbb
Kahi Wksfdqrv
Idwoxehtk Idwoxehtk
