2 41 85 9 60 35 188 163 158 112 4 161 109 131 156 159 148 195 56 52 145 193 50 42 103 116 67 134 94 57 15 30 137 96 62 90 62 139 55 130 184 189 182 174 99 113 166 104 115 147 198 128 173 59 20 27 141 75 64 186 38 83 73 58 1 58 73 83 38 186 0 186 136 186 38 46 124 135 114 126 175 87 8 13 138 164 117 102 45 181 34 23 11 26 63 169 5 125 31 10 194 93 101 150 127 12 81 25 37 178 155 196 121 7 121 199 97 144 97 199 121 162 152 36 98 172 61 168 191 17 9 85 41 2 157 2 41 85 9 60 70 177 90 62 14 18 171 149 171 179 16 179 171 18 14 22 76 51 176 174 180 57 108 105 21 105 108 57 180 126 114 107 43 71 6 118 80 43 107 114 100 70 60 9 85 41 2
88
0 0 192
2 2
149 3 149
4 4
6 6
7 7 79
8 8
12 12
13 13
14 14
15 15
23 23
25 25
26 26
27 27
174 28 174
30 30
147 32
34 34
35 35
36 36
38 38
42 42
104 44
46 46
175 48
157 49 53 157
50 50
51 51
52 52
80 54 80
55 55
56 56
58 58
59 59
61 61
63 63
67 67
73 73
76 76
178 82 178
85 85
37 86
90 90 95
21 92
93 93
94 94
96 96
97 97
98 98
100 100
144 106
158 110 158
112 112
113 113
114 114
115 115
116 116
118 118
136 119 136
121 121
189 122 189
125 125
126 126
128 128
130 130
131 131
16 133
138 138
139 139
141 141
60 142
145 145
156 156
161 161
164 164
99 165
171 171
173 173
177 177
179 179
181 181
182 182
1 187
188 188
193 193
194 194
196 196
