Dannemora Hamburg Flower Oceanside Freeport Ghent Depauville Fredonia Harbor Fayetteville Herkimer Nyack Fulton Gardiner Falconer Gasport Oceanside Freeport Fonda Fabius Mills Fishkill Davis Forestville Granville Deer Delanson Dansville Delevan Galeville Germantown Dexter DeRuyter Frankfort Flanders Odessa Frewsburg Delhi Freeville Farnham Florida Farmingville Highland Firthcliffe Earlville Fire Goshen Franklin Haviland Fishers Deferiet Noyack Deferiet Germantown Delmar Herricks Depew Geneva Fairview Hewlett Dexter Hermon Franklinville Norwich Fabius Dannemora
45
Davis Davis
Dansville Dansville
Deer Deer
Deferiet Deferiet
Delanson Delanson
Delevan Delevan
Delhi Delhi
Delmar Delmar
Depauville Depauville
Depew Depew
Herricks Deposit
DeRuyter DeRuyter
Dexter Dexter Fairmount
Noyack Dunkirk
Earlville Earlville
Fabius Fabius
Oceanside Fair
Geneva Fairport Geneva
Fairview Fairview
Falconer Falconer
Farmingville Farmingville
Farnham Farnham
Fayetteville Fayetteville
Fire Fire
Firthcliffe Firthcliffe
Fishers Fishers Forest
Fishkill Fishkill
Flanders Flanders
Fonda Fleischmanns Fonda
Florida Florida
Flower Flower
Forestville Forestville
Frankfort Frankfort
Franklin Franklin
Franklinville Franklinville
Fredonia Fredonia
Freeport Freeport
Freeville Freeville
Frewsburg Frewsburg
Gardiner Friendship Gardiner
Fulton Fulton
Galeville Galeville
Gasport Gasport
Germantown Germantown
Ghent Ghent
