Acadia Biscayne Cuyahoga Channel Indiana Crater Badlands Basin Gunnison Glacier Brycecanyon Isle Guadalupe Sequoia Arches Olympic Saguaro Gateway Teton Redwood Kenai Voyageurs Bend Yosemite Denali Katmai Everglades Congaree Caverns Rocky Crater Shenandoah Haleakala Teddy Cascades Acadia
23
Arches Arches
Badlands Badlands
Bend Bend
Biscayne Biscayne
Gunnison Gunnison
Brycecanyon Brycecanyon Canyonlands
Acadia Capitol Tortugas
Caverns Caverns
Channel Channel
Congaree Congaree
Crater Crater
Cuyahoga Cuyahoga
Denali Denali
Everglades Everglades
Gateway Gateway
Glacier Glacier
Teton Teton
Basin Basin
Voyageurs Smoky
Guadalupe Guadalupe
Haleakala Haleakala
Indiana Indiana
Isle Isle
