Loc1 Loc16 Loc10 Loc137 Loc179 Loc77 Loc36 Loc88 Loc7 Loc131 Loc14 Loc187 Loc99 Loc131 Loc76 Loc49 Loc46 Loc12 Loc5 Loc54 Loc162 Loc17 Loc108 Loc9 Loc47 Loc176 Loc138 Loc106 Loc70 Loc23 Loc124 Loc69 Loc51 Loc193 Loc109 Loc155 Loc94 Loc194 Loc91 Loc128 Loc111 Loc166 Loc75 Loc135 Loc85 Loc98 Loc50 Loc58 Loc197 Loc158 Loc132 Loc186 Loc122 Loc198 Loc167 Loc45 Loc170 Loc112 Loc188 Loc56 Loc165 Loc110 Loc56 Loc37 Loc162 Loc154 Loc48 Loc172 Loc30 Loc1 Loc100 Loc156 Loc192 Loc157 Loc38 Loc119 Loc189 Loc64 Loc71 Loc42 Loc13 Loc196 Loc107 Loc146 Loc145 Loc191 Loc159 Loc84 Loc60 Loc174 Loc118 Loc126 Loc11 Loc164 Loc133 Loc185 Loc8 Loc150 Loc183 Loc53 Loc22 Loc3 Loc153 Loc150 Loc44 Loc4 Loc171 Loc158 Loc149 Loc58 Loc27 Loc178 Loc147 Loc78 Loc101 Loc84 Loc33 Loc113 Loc151 Loc59 Loc151 Loc113 Loc1
87
Loc193 Loc0
Loc3 Loc3
Loc5 Loc5
Loc191 Loc6
Loc7 Loc7
Loc8 Loc8
Loc9 Loc9
Loc11 Loc11
Loc13 Loc13
Loc14 Loc14
Loc12 Loc15
Loc16 Loc16
Loc17 Loc17
Loc88 Loc18
Loc165 Loc19 Loc177
Loc158 Loc20 Loc140
Loc23 Loc23 Loc95
Loc146 Loc25 Loc97 Loc175
Loc27 Loc27
Loc30 Loc30
Loc47 Loc31 Loc83 Loc163 Loc168
Loc70 Loc32
Loc33 Loc33
Loc37 Loc37
Loc38 Loc38
Loc179 Loc39 Loc52
Loc44 Loc44
Loc46 Loc46
Loc50 Loc50
Loc51 Loc51
Loc53 Loc53
Loc54 Loc54
Loc108 Loc57
Loc59 Loc59 Loc123
Loc60 Loc60
Loc155 Loc61
Loc45 Loc62
Loc112 Loc65 Loc160
Loc10 Loc67 Loc143
Loc71 Loc71
Loc36 Loc74
Loc75 Loc75
Loc76 Loc76
Loc77 Loc77
Loc85 Loc85
Loc91 Loc91
Loc94 Loc94
Loc186 Loc96
Loc99 Loc99
Loc100 Loc100
Loc101 Loc101
Loc157 Loc103
Loc106 Loc106
Loc107 Loc107
Loc109 Loc109
Loc110 Loc110
Loc111 Loc111
Loc118 Loc118
Loc122 Loc122
Loc124 Loc124
Loc128 Loc128
Loc58 Loc129
Loc132 Loc132
Loc133 Loc133
Loc137 Loc137
Loc126 Loc141
Loc162 Loc144
Loc145 Loc145
Loc147 Loc147
Loc149 Loc149
Loc151 Loc151
Loc153 Loc153
Loc154 Loc154
Loc159 Loc159
Loc167 Loc167
Loc170 Loc170
Loc171 Loc171
Loc172 Loc172
Loc176 Loc176
Loc56 Loc180 Loc195
Loc187 Loc182
Loc183 Loc183
Loc188 Loc188
Loc189 Loc189
Loc138 Loc190
Loc192 Loc192
Loc197 Loc197
