pace voice financial respect bitter rob tablet cigarette demand pain class exclusive buffet guarantee dialogue likely enhance dough linger vegetarian forge tolerate sign legislation enhance thumb nationalist shy title sunrise certain page fortune imposter throne stroke discriminate dip exclusive class disclose skeleton understand paper mystery gate circulation output autonomy glasses tool dialogue guarantee due seize discriminate quality headline mature swear deposit honor pace
47
likely likely
dialogue prison
title title
guarantee king guarantee
quality quality
disclose injury
paper paper
output output
circulation circulation
page page
voice voice
honor honor
mystery enter mystery
throne throne
tablet tablet
thumb thumb
headline headline
dough dough
exclusive exclusive
swear other swear
mature brake
nationalist nationalist
forge winner
cigarette cigarette
buffet buffet
autonomy autonomy
tolerate tolerate
sign sign
financial financial
legislation legislation
class class
glasses glasses
tool tool
discriminate lake
sunrise sunrise
linger linger
rob rob
bitter bitter
seize seize
understand figure
shy shy
dip dip
imposter imposter
demand demand
enhance enhance
vegetarian vegetarian
pain pain
