Abbey Camilla Ayanna Alexia Beatrice Harley Eden Avni Isabella Dana Jamiya Carlee Lana Jordin Lilia Kayley Lillie Kimberly Karma Helen Kiera Liberty Maeve Marisol Rebecca Haven Kristina Lisa Riley Vivian Tanya Matilda Mckinley Mira Shannon Presley Ruth Tara Rayna Nora Ashley Yoselin Abbey
40
Alexia Alexia
Avni Avni
Ayanna Ayanna
Beatrice Beatrice
Carlee Carlee
Dana Dana
Eden Eden
Harley Harley
Haven Haven
Helen Helen
Isabella Isabella
Jamiya Jamiya
Jordin Jordin
Karma Karma
Kayley Kayley
Kiera Kiera
Kimberly Kimberly
Kristina Kristina
Lana Lana
Liberty Liberty
Lilia Lilia
Lillie Lillie
Lisa Lisa
Maeve Maeve
Marisol Marisol
Matilda Matilda
Mckinley Mckinley
Mira Mira
Nora Nora
Presley Presley
Rayna Rayna
Rebecca Rebecca
Riley Riley
Ruth Ruth
Shannon Shannon
Camilla Sophia
Tanya Tanya
Tara Tara
Vivian Vivian
Yoselin Yoselin
