Taozhuang Chharra Artur Somma Donggongon Boo Esmeraldas Aytos Villa Rafiganj Rutherglen Ulu Southsea Bang Gudermes Uran Ramla Azrou Rosedale Jackson Vernon Tupelo Bhit Sicklerville Memmingen Alatyr Kallio Strathfield Waverly Nonsan Gua Oulmes Fort Uran Freetown Southsea Bourbonnais Boo Hechingen Artur New Boo Esperanza Chharra Besuki Middle Vernon Gauting Uran Jhol Udumalaippettai Carnot Bhit Taozhuang
41
Uran Uran Pottstown Jingzhou Jinotepe
Artur Artur
Boo Boo
Rutherglen Rutherglen
Villa Villa Cibinong
Somma Somma
Tupelo Tupelo
Strathfield Strathfield
Memmingen Memmingen
Esmeraldas Esmeraldas
Gudermes Gudermes
Bang Bang
Azrou Azrou
Kallio Kallio
Ramla Ramla
Southsea Sarandi Calauan
Rafiganj Rafiganj
Taozhuang Taozhuang
Fort Fort
Oulmes Oulmes
Chharra Wesseling Ilesa
Vernon Caravaca Severodvinsk
Donggongon Donggongon
Alatyr Alatyr
Rosedale Rosedale
Bhit Camayenne Durazno Longgang
Jackson Jackson
Esperanza Esperanza
New New
Gauting Gauting
Ulu Ulu
Freetown Freetown
Waverly Waverly
Nonsan Nonsan
Aytos Aytos
Hechingen Hechingen
Sicklerville Sicklerville
Bourbonnais Bourbonnais
Udumalaippettai Udumalaippettai
Middle Middle
Besuki Besuki
