Ilesa Foshan Aklera Bensheim Ventimiglia Sishui Aistala Bobigny Minas Rhosllanerchrugog Calauan Valletta Itacoatiara Sirsi Davis Jiangyan Belper Guli MitryMory Bogovinje Valday Tupiza Malden Viewpark Jagna Stupino Milledgeville Tupelo Memmingen WaltonontheNaze Polohy Mexborough Marburg Palm Puducherry American Krymsk Ada Great Perth Niort Uran Azrou Milagro Alexandria PortVila Hermsdorf Aleshtar Alfenas Uran Landshut Bon An Bensheim PointeClaire Liberia Stuttgart Rutland Zaozhuang Belper LonsleSaunier GernikaLumo Krymsk Bavly Gariadhar Bensheim Bang Shagamu GatesNorth Barracas Aurora Portogruaro Chacabuco Shaowu Sheoganj Ramla Yingkou Calauan Onex Puerto Milledgeville Palafrugell Villaquilambre Perth Tak Talipparamba Meizhou Toledo Perth Jashpurnagar Magomeni Minas New Belper Paredes El DehiwalaMount Aistala Copperas MitryMory Ponta Perth Sorsogon Oberhausen Perth Brzeg Kyzylorda Bensheim Resplendor Perth UlanUde Zeist Brunswick Bensheim Clermont Perth Ilesa
92
Bensheim Bensheim Campobasso
Perth Perth
MitryMory MitryMory Claremont Lodwar
Hermsdorf Hermsdorf Sceaux
Calauan Calauan
Ventimiglia Ventimiglia
Valday Valday
Uran Uran
Malden Malden
Milledgeville Milledgeville
Jagna Jagna
Marburg Marburg Lille
Polohy Polohy
Foshan Foshan
Puducherry Puducherry
Sishui Sishui
Memmingen Memmingen
Davis Davis
Alexandria Alexandria
Meizhou Meizhou
Rhosllanerchrugog Rhosllanerchrugog
Azrou Azrou
Mexborough Oulmes Mexborough
Krymsk Tiruppuvanam
Puerto Puerto
Onex Onex
Brunswick Brunswick
Jiangyan Jiangyan
LonsleSaunier LonsleSaunier
GernikaLumo GernikaLumo
Minas Dahlem Mouscron
Aistala Tharu
UlanUde UlanUde
New New
Milagro Milagro
Great Great Tyoply
Ada Ada
Resplendor Resplendor
Ilesa Ilesa
Alfenas Alfenas
Aleshtar Aleshtar
Bogovinje Bogovinje
Tak Tak
Talipparamba Talipparamba
Barracas Barracas
Aurora Aurora
American American
Gariadhar Gariadhar
Bavly Bavly
Ponta Ponta
Sirsi Sirsi
Itacoatiara Itacoatiara
Guli Guli
Valletta Valletta
Landshut Landshut
Bon Bon
WaltonontheNaze WaltonontheNaze
Yingkou Yingkou
Ramla Ramla
Shaowu Shaowu
Chacabuco Chacabuco
Aklera Aklera
Rutland Rutland
Zaozhuang Zaozhuang
Stuttgart Stuttgart
Viewpark Viewpark
Portogruaro Sillanwali
Bobigny Bobigny
An An
Copperas Copperas
Jashpurnagar Jashpurnagar
Kyzylorda Kyzylorda
Brzeg Brzeg
Paredes Paredes
Magomeni Magomeni
Tupelo Tupelo
Bang Bang
Sorsogon Sorsogon
Shagamu Shagamu
Toledo Toledo
Belper Skalica
Oberhausen Oberhausen
Palm Palm
PointeClaire PointeClaire
Tupiza Tupiza
DehiwalaMount DehiwalaMount
Villaquilambre Villaquilambre
Niort Niort
Stupino Stupino
PortVila PortVila
Palafrugell Palafrugell
Clermont Clermont
