Lesnoy Visitacion Malaut Pingyi Gisborne Meerut Beveren Stade Ishim Hueytown Hudiksvall Portogruaro Artur Beveren GatesNorth Sungurlu Winsford Sun Rutherglen Franceville Gisborne Blackpool Beveren Zgorzelec Brentwood Hueytown Glogovac Andijon Yangambi Hueytown Lesnoy
24
Hueytown Hueytown
Gisborne Gisborne Dharmapuri
Hudiksvall Hudiksvall
Visitacion Visitacion
Sungurlu Sungurlu
Rutherglen Rutherglen
Winsford Winsford
Sun Sun
Pingyi Pingyi
Malaut Malaut
Meerut Meerut
Blackpool Blackpool
Glogovac Glogovac
GatesNorth GatesNorth
Lesnoy Lesnoy
Brentwood Brentwood
Beveren Kundla
Portogruaro Portogruaro
Ishim Ishim
Stade Stade
Artur Artur
Zgorzelec Zgorzelec
Yangambi Yangambi
Franceville Franceville
