108 69 7 51 101 49 170 54 78 178 34 48 6 23 129 77 110 75 150 179 157 15 107 38 31 190 116 109 107 133 63 158 21 66 44 13 79 46 61 17 67 120 138 36 126 112 64 37 53 90 96 57 71 82 56 151 143 121 30 186 177 193 73 134 197 137 118 156 167 181 191 117 24 114 142 159 176 148 182 99 84 196 92 65 139 83 140 43 130 85 68 95 119 1 183 146 39 97 128 53 90 5 26 127 45 81 174 188 153 144 188 35 136 113 184 28 108
94
1 1
5 5
7 7
193 11
13 13
35 14 35
15 15
17 17
174 19 174
23 23
24 24
26 26
28 28
31 31
46 32 46
34 34
36 36
37 37
38 38
39 39
43 43
44 44
45 45
48 48
49 49
53 53
54 54
56 56
57 57
61 61
63 63
64 64
65 65
66 66
67 67
68 68
69 69
71 71
73 73
75 75
77 77
78 78
79 79
81 81
82 82
83 83
84 84
85 85
92 92
95 95
96 96
99 99
191 100
101 101
107 107
109 109
110 110
114 114
117 117
118 118
120 120
121 121
126 126
128 128
129 129
130 130
133 133
134 134
136 136
137 137
138 138
140 140
142 142
143 143
144 144
146 146
148 148
150 150
151 151
153 153
157 157
167 167
170 170
176 176
177 177
179 179
181 181
182 182
184 184
186 186
156 187
188 188
190 190
197 197
