129 99 145 52 101 97 76 179 92 121 192 103 98 184 109 34 51 24 94 139 19 7 96 70 25 46 2 4 157 110 154 196 37 160 74 127 113 146 88 1 88 31 61 112 79 72 21 151 33 184 109 62 71 64 119 162 49 171 145 32 118 45 22 10 28 5 148 101 52 145 172 89 114 93 35 179 92 124 137 129
50
1 1
7 130 7
4 4
184 133 184 85
101 136 58 73
10 10 100
139 139
92 13
32 142 169 178 181 187 106
137 16
145 145
19 19
148 148
22 22
151 151
25 25
154 154 193
28 28
157 157
31 31
160 160
34 34
119 163
37 37
118 166 118
94 40 94
72 43
172 172
46 46
192 175
49 49
52 52
2 55
61 61
21 190 67
64 64
196 196
70 70
76 76
79 79
51 82
88 88 115
71 91
97 97
103 103
109 109
112 112
121 121
124 124
127 127
