Home141 Home154 Home88 Home149 Home20 Home31 Home172 Home40 Home83 Home27 Home111 Home34 Home173 Home174 Home53 Home164 Home127 Home7 Home42 Home32 Home125 Home48 Home29 Home96 Home44 Home30 Home51 Home147 Home136 Home60 Home119 Home89 Home3 Home157 Home92 Home43 Home130 Home4 Home101 Home87 Home64 Home150 Home76 Home105 Home52 Home66 Home91 Home115 Home120 Home25 Home74 Home12 Home140 Home50 Home14 Home93 Home62 Home134 Home122 Home143 Home82 Home26 Home121 Home75 Home156 Home163 Home6 Home128 Home112 Home16 Home131 Home2 Home97 Home161 Home73 Home114 Home37 Home13 Home109 Home20 Home126 Home28 Home150 Home56 Home167 Home5 Home78 Home144 Home145 Home171 Home59 Home135 Home57 Home18 Home109 Home141
72
Home28 Home1 Home35 Home67 Home100
Home3 Home3
Home4 Home4
Home5 Home5 Home63 Home124
Home7 Home7
Home88 Home11 Home88
Home13 Home13
Home141 Home15
Home16 Home16
Home20 Home20
Home25 Home25
Home26 Home26
Home27 Home27
Home31 Home31
Home32 Home32
Home34 Home34 Home176
Home150 Home36 Home47 Home103
Home37 Home37
Home43 Home43
Home44 Home44
Home60 Home45 Home60
Home48 Home48
Home50 Home50
Home51 Home51
Home53 Home53
Home119 Home55
Home62 Home62 Home152
Home64 Home64
Home66 Home66
Home120 Home69 Home120
Home74 Home74
Home75 Home75 Home81
Home76 Home76
Home82 Home82 Home177
Home83 Home83
Home174 Home86
Home87 Home87
Home89 Home89
Home91 Home91
Home92 Home92
Home96 Home96
Home97 Home97
Home105 Home105
Home73 Home106
Home40 Home110
Home111 Home111
Home112 Home112
Home114 Home114
Home122 Home122
Home125 Home125
Home126 Home126
Home127 Home127
Home128 Home128
Home131 Home131
Home2 Home132
Home134 Home134
Home135 Home135
Home136 Home136
Home143 Home143
Home144 Home144
Home147 Home147
Home149 Home149
Home154 Home154
Home156 Home156
Home157 Home157
Home161 Home161
Home164 Home164
Home101 Home165 Home170
Home167 Home167
Home171 Home171
Home172 Home172
Home173 Home173
