awsq33VKPi6omYhDxD EEGmmDga qaNF4 a049zYG55Zn66Xbmpdp0 fnMwNw1M6Naw owJxU5AByA1usDUB3gkv nOiawiwD0EH865 8L8HD9 Tgw4KRLY56280J0 o2TJY8U 3AZZS7ZlVKs4rRsl T930LVMZqWnRhtA zvAc9Z2d7eDxV gE2u1BLhV0VP9W4K eN9bdj6 B6zwxFUTXP7207OU b88Y9j2qm7Ik9Uc1Akg 4o t4g038uD0J7N2MjjK 9NiO9NIt6mT 62a8663U0b tH7nO948j59TD GqPS06 qaNF4 EEGmmDga awsq33VKPi6omYhDxD
19
qaNF4 qaNF4
fnMwNw1M6Naw fnMwNw1M6Naw
GqPS06 3l6XBJU8C1Vc5ugKIhUy J
tH7nO948j59TD e2CQ IU22L8 10rY1cuVgs tH7nO948j59TD
4o 4o
zvAc9Z2d7eDxV 5NI1AGh6XyxT39yE zvAc9Z2d7eDxV
gE2u1BLhV0VP9W4K gE2u1BLhV0VP9W4K
o2TJY8U o2TJY8U
T930LVMZqWnRhtA T930LVMZqWnRhtA bIXpEU56v5EwRurYx
owJxU5AByA1usDUB3gkv owJxU5AByA1usDUB3gkv
t4g038uD0J7N2MjjK t4g038uD0J7N2MjjK
3AZZS7ZlVKs4rRsl 3AZZS7ZlVKs4rRsl
9NiO9NIt6mT 9NiO9NIt6mT
Tgw4KRLY56280J0 Tgw4KRLY56280J0
B6zwxFUTXP7207OU B6zwxFUTXP7207OU
b88Y9j2qm7Ik9Uc1Akg b88Y9j2qm7Ik9Uc1Akg
awsq33VKPi6omYhDxD awsq33VKPi6omYhDxD
a049zYG55Zn66Xbmpdp0 a049zYG55Zn66Xbmpdp0
nOiawiwD0EH865 l
