0 112 96 51 6 58 68 85 75 11 121 49 40 100 35 124 92 17 13 5 109 22 46 41 161 71 67 8 128 53 20 103 30 51 47 107 55 63 24 84 97 147 99 32 99 82 18 42 10 122 14 29 174 56 36 2 65 3 12 139 16 57 18 198 60 141 31 111 105 7 76 7 105 173 117 179 107 9 50 112 191 71 148 71 191 112 0
64
0 0 15 37 43 52 59 62 79 86 90
57 1 39 57
2 2 27 33 74 78
3 3
121 4
5 5
6 6
7 7
8 8
9 9 64 80
10 10
11 11
12 12 66
13 13
14 14 61 70
16 16
17 17 21
18 18
105 19
20 20
22 22
103 23 26 89
24 24 54 98
32 25 32
41 28 41 72 83
29 29
30 30
31 31
76 34 76 91
35 35 69
36 36
124 38 93
40 40
42 42 48
100 44
128 45
46 46
47 47
49 49
50 50
51 51
53 53
55 55
56 56
58 58
60 60
63 63
65 65
67 67
68 68
71 71
96 73 96
75 75
139 77
107 81
82 82
84 84 87
85 85
173 88
92 92
148 94
147 95
97 97
99 99
