69 7 36 8 163 100 8 39 131 115 171 190 37 134 4 44 186 4 14 99 106 63 162 0 188 1 59 46 87 1 118 64 1 30 170 25 56 132 5 121 160 2 24 150 77 194 53 9 80 166 71 72 146 147 97 185 198 3 133 81 74 193 158 128 149 27 117 83 33 191 82 52 197 135 36 16 148 110 58 51 113 195 127 101 7 165 112 192 50 119 90 4 69
77
1 1 31
2 2 26
5 5
3 11 104
14 14
16 16
24 24
25 25
27 27
30 30
33 33
36 36
37 37
44 44
46 46
50 50
51 51
52 52
53 53
56 56
58 58
59 59
63 63
64 64
71 71
72 72
74 74
77 77
80 80
81 81
82 82
83 83
87 87
90 90
97 97
99 99
100 100
101 101
106 106
110 110
112 112
113 113
115 115
117 117
118 118
119 119
121 121
127 127
128 128
131 131
132 132
133 133
134 134
135 135
146 146
147 147
148 148
149 149
150 150
158 158
160 160
162 162
163 163
165 165
166 166
171 171
185 185
186 186
188 188
190 190
191 191
192 192
193 193
194 194
195 195
197 197
198 198
