evdoyagqfp xawkqmfmmx xftptyrlvl qbiylslccb kvxwqiryyu sjtuxgdwms hsjqtjkukk bbczvyonym mdyuzxshey wtlzrefwav afrdrejwtp khisjiexts lndsfxewdc kyrhqthnvz lnicnhmajr aruwdskzta vugkhjygfe xywdziunpr vugkhjygfe guuudgvhny stdiixwrjc ummqduagjn fczruomdab eooyfwmxln fczruomdab uhalgukdzb kwbnyneokj qpxtrjvxpe qiqnnrlapz osdeymjeil jrmlkfexfk osdeymjeil wkwwcqjtxf lkvtxfwozs gjmmikaxih jrusiskazm ichabbvkhm oavtmpaqji oownpsyviv rnpokwoqgt fdgcygwgjf phknwbtipl zivwgfcxqi euqbrkzdsw jedsthbmzo wwqchwdmtx pcilmgdrgc qepegujmaa ixyurvbpvu qfbvncxldf ijbfzrqwct bbwcqzwyoz nwlccbonas xguvjomcdt fclmzghxkf oegfbrwyrp xqwyvbvueh tvcolajnao lcrihrmoqu xkasbvrrxd gkcfktyute rlxmdzqomd cttlxdtaiw zmfuudfatm afortwurqt ahqdrcepub gbdejcnknd vnzypgtlkj unihwwnyqz pbefrggyje xwrvhrxnqy xifuopshzj afortwurqt ahqdrcepub wtyqwjwskq kvfpaspidv zpjhxyylhb bswhowadhl ljhmnbaicr pdljcbluhp cmdqzmgvfi qgfchcatzi ljhmnbaicr bswhowadhl xsjzeyxnpw opmnfgpclg xsjzeyxnpw ymvlfsdhbu frfueiglva ymvlfsdhbu lazlsvgukx wynbxuuxru jqtguzxxsl xftptyrlvl evdoyagqfp
68
eooyfwmxln eooyfwmxln
vugkhjygfe vugkhjygfe
zmfuudfatm zmfuudfatm
jrusiskazm vkrlpmybdj jrusiskazm
qepegujmaa psiebvskfb qepegujmaa etdxtwotzh kgktiatgjn
ixyurvbpvu yiwwdwbzth
lcrihrmoqu tgbmxdmvwe lcrihrmoqu
uhalgukdzb gucdicwxmb rkyixxpcbx uhalgukdzb
rnpokwoqgt rnpokwoqgt
wtlzrefwav wtlzrefwav
xawkqmfmmx xawkqmfmmx
xywdziunpr oggftsricu xywdziunpr
mdyuzxshey ouxenssqdu mdyuzxshey
nwlccbonas nwlccbonas itbfnxnauh
jrmlkfexfk seeyrseflx jrmlkfexfk hkempoemlv scesbtewjx
jqtguzxxsl smwxdupkdv optviwhmbr vfdsalrajq
ahqdrcepub ahqdrcepub
bswhowadhl bswhowadhl tgkujfknod
evdoyagqfp evdoyagqfp
xftptyrlvl bnmegnfgii uooysjrxsb mysadifwma fluzhooehk
qfbvncxldf qfbvncxldf
ymvlfsdhbu aokbiptbzc nbjyrygtdh ymvlfsdhbu cpwyxulkjm
qgfchcatzi qgfchcatzi
wkwwcqjtxf wkwwcqjtxf bulywvvpni
tvcolajnao tvcolajnao
lnicnhmajr lnicnhmajr xychpimpzb
bbwcqzwyoz bbwcqzwyoz
hsjqtjkukk hsjqtjkukk
wynbxuuxru tmrnpjqnxx wynbxuuxru voaumgrcuj
lndsfxewdc lndsfxewdc eqdxeqvtsb
oegfbrwyrp oegfbrwyrp
xkasbvrrxd xkasbvrrxd
euqbrkzdsw euqbrkzdsw
kvxwqiryyu kvxwqiryyu
opmnfgpclg qxuqrfzzob
pcilmgdrgc pcilmgdrgc ivgbjyugdu
kvfpaspidv kvfpaspidv
aruwdskzta aruwdskzta
qpxtrjvxpe qpxtrjvxpe tmatbexcil
pbefrggyje xnppuesbrr pbefrggyje
wwqchwdmtx wwqchwdmtx
xwrvhrxnqy xwrvhrxnqy
xifuopshzj xifuopshzj
fdgcygwgjf fdgcygwgjf
zpjhxyylhb hofbtczdgp
kyrhqthnvz kyrhqthnvz
jedsthbmzo qxfgqgbbdn
zivwgfcxqi zivwgfcxqi
oavtmpaqji oavtmpaqji
osdeymjeil osdeymjeil
stdiixwrjc stdiixwrjc
ichabbvkhm ichabbvkhm
guuudgvhny ivugtsvtqb guuudgvhny
gjmmikaxih byyqgjwsrp
wtyqwjwskq kijbyyuzhd
pdljcbluhp pdljcbluhp
ijbfzrqwct bimtbhwsby
lkvtxfwozs lkvtxfwozs
bbczvyonym bbczvyonym
afortwurqt afortwurqt
gbdejcnknd gbdejcnknd
afrdrejwtp afrdrejwtp
xguvjomcdt xguvjomcdt
frfueiglva ldnozwuuuq
xqwyvbvueh xqwyvbvueh
qiqnnrlapz qiqnnrlapz
cttlxdtaiw cttlxdtaiw
vnzypgtlkj vnzypgtlkj
