99 176 103 52 167 76 161 128 80 71 112 2 86 168 108 88 54 61 135 8 60 127 85 186 137 97 43 18 121 148 113 170 138 5 21 0 162 53 37 180 23 165 64 113 59 7 111 45 185 16 17 195 160 84 166 74 42 199 26 198 102 58 149 154 188 79 178 36 98 152 90 110 33 139 12 1 58 70 156 75 6 34 38 126 81 158 107 163 116 27 46 55 144 169 104 31 94 107 118 4 14 123 49 171 120 119 157 63 2 47 113 114 23 182 68 176 99
86
0 0
1 1
4 4
5 5
8 8
81 9 83 100
49 10 125
12 12
188 15 188
17 17
18 18
138 20
52 22 92
128 24 73 164
38 25
26 26
27 27
54 28
113 30 51 124
33 33
34 34
14 35
199 39
2 40 146
45 41
42 42
47 47
53 53
55 55
43 56 66
59 59
61 61
63 63
68 68
70 70
75 75
21 78
80 80
31 82
88 88
90 90
94 94
97 97
98 98
99 99
102 102
103 103
108 106 183
111 111
112 112
114 114
116 117 173
119 119
154 122
123 123
126 126
127 127
104 130
76 131
157 132 172
156 142
148 148
149 149
137 150
110 151
36 155
158 158
160 160
161 161
163 163
165 165
166 166
167 167
168 168
169 169
170 170
171 171
85 174
178 178
180 180
86 181
139 184
185 185
186 186
16 190
71 192
