exothermic felony Irvin decor shovel trill combine Iowa swordfish yogurt Dominican namesake McCall Andersen McCall Curtis Injun amateur Bernini Tucson intangible lordosis midget coarse FPC extrovert sacrifice swordfish wafer Halstead brook exothermic
25
Andersen Andersen
Bernini Bernini
Curtis Curtis
FPC FPC
Halstead Halstead
Injun Injun
Iowa Iowa
Irvin Irvin
McCall McCall
Tucson Tucson
amateur amateur
coarse coarse
combine combine
decor decor
extrovert extrovert
felony felony
lordosis lordosis
midget midget
namesake namesake
sacrifice sacrifice
shovel shovel
swordfish swordfish
trill trill
wafer wafer
yogurt yogurt
