hC71hIuyRaST3AiaSZqg cXmjc3Wu4kjM1IHGgfA5 COVfDobG5VcfcSxLDUch YygsiZkXDS9oQ07w4psX iS3QMNvYa0RbuZKbJowP OAcbYkMyAi1Iu0vWaaFc 5doygtE58PVlrfBbaaxD ZUt08qPkISJA3VT4fdsK VkEnPX1CQCoh4CxlXSlf kITtdSORrLGuHqAl2YGb EEWjQ3rZ3GM9oucA2vc5 oq1GulTWdKtwAlNIQxnY 2dfprAgHp3T6RrgooKgP nnG2z19YXqYOoAxMQkFV Mi1upMhcgP7iV16OWKN5 3MmCPAjYheu6g9TkIxDm qsbRHSDlSHG3Ep5gugbq Z2YJKymsE6JEohxl2CgC 2TderjwrXrNV2UBZ77eD LI8fhHKJlh7mQx1nNK0m IWOalMs6IXX5Ln6F9Eov 2QgUKFj4HV0dn5Ia55tj QYsTJmc2IUi36H1YK47s F5wAHGfxfHDlSYlCHBkp b9q1t3OMZ6dXE5R6ca5w vXrEXAmThLoQVXFImZcg 7DZfG4yobV0xCcSaxf27 g5fwwkfUKem4JdibLkXM PFAHK1LPbENiUm01N8B0 xtgYSd34f56WAH3CCBpW IC3wlDskAWyf0o1M61kl 6jnt0RQvUBeXBhrLOwzh EfhuR5UGBxqkoqdQBn2E 4MuL6AbQo2ozZ4x7psrd KqTw626stjcdChciHrJ6 OLGSBuAPLZmdhTN6ApoS 8w6JkwNghwwfzVWZlMG6 1uTE034Q24DWmybWBbX4 8IUV6HBSYn47shRwVW5F 1ae7bJScGomdGEdgag5b DmIjX4adnoqSEDmx2f39 fxnnXXAtldMGBgqECnVx FE29I03FH1qEyEvIQNGT PqB0lgs9Brze4wJGQzAM mkGdh9qd7uj9x5W3Koxj wqyhoOJuJuNfuZ1c9ZhU 6KcltWtleWJ6izN3XL0F RDnAjQbgrCahBSBieO1p dsEyS8WvuzfBZPrbbzZx 63EFNMvLteBrV7Lj9nA4 nmwnnNlPCMIjajSEo2R3 C5aQkckiWq5qVUhbiI57 oakCd1HozhO35GtImcF2 yXrak2UUHdgFCsCWvgfp RSJQdRAK7H6zYHVeXyPj kvWSRFx5cBJAdKv02AAn 24YcTAlCtPoNC11H3BAQ jLS4UljOCe6h8LwAOGRX 1wSeohNTb1oCspxe2x4j EnQuMk7pVZUnmn2BboBv g6Fit1BcwBIbAAJnBKGn 1Oc2bGjHzXrMLiYLik5Z 8X2kWfVN7ACYeLRlwU5k t9sTQNaMU9o2HF5pm7xT Tgouk8HApNFShyYjQedR Mufarp9xGx29xj0P1ijS lVjpvSHc5hBrS7dzTmI1 yMXdJdorJpzOHHt9uIfg ivvO5yUvAxjOjLiwMPV4 qyWH5Ui5kFJGpXM7i2RZ P6PcaiimLTne6w5m7SJi ymIUUgCvgB7r5le0Mh11 Ca5sYccbD9TUz7JLHrcf Wf6tYlitgmZKoXfughsS UQEmoPmHSH2FlTDuXOEx btiXecpJBKmrIHtQ7jPA 4wWd3kvalFkda9M583i7 zbsjvfwSdNExCnTFLo8x TrUW9m3qjkTMvqHNRot0 uJlmjikTUoEO48jGpFMW 2dfprAgHp3T6RrgooKgP x81SdeDfzbsk8wgCHcJT 468JV90VoJDfHRf7bwGC NqvNOj5h3GSbJm5NawjL ddzqPXECnHQT4a4RIpSF rW1b1NT9NaRlIIxoT8XF W5rNQea9NsCafaUbLgWC R22TNV5lr1tmI44FcHvv fm9EBymrV0VSOljfjrTQ laRDyozSdXcFtmdQ5VqD k3PQRnKD222tnpAYeJ4O aGWdv30UuUFiszMErlJF NjrNYv2s9TjuFmdhy6vq eULKHiriYHElwEbrQo2X CgUyoeVDFzkf0g6EiF8w RP9IQz70eEvTJVIHw5Lv l5OFQGDhW1xJJ8ERuglz gY86LqbQLTIYrcgU8Crt bw0K7NVh1sgqlnescYkX k3PQRnKD222tnpAYeJ4O WgneGAZv4qtDq8Q5DYZf nOsoIFzZBhdd6bjP45Ba v0QCMKnmfkXllH4nQHen fuNQ8Sfy86k6zaBQjwEz EqrhH8oFQmMRN10foGjV hC71hIuyRaST3AiaSZqg
89
1uTE034Q24DWmybWBbX4 1uTE034Q24DWmybWBbX4 RNtZ6m1O9hQj2ovJiJE3
3MmCPAjYheu6g9TkIxDm 3MmCPAjYheu6g9TkIxDm
FE29I03FH1qEyEvIQNGT FE29I03FH1qEyEvIQNGT
6KcltWtleWJ6izN3XL0F 6KcltWtleWJ6izN3XL0F
gY86LqbQLTIYrcgU8Crt 61VEe5QpRdEG1AHTZmSn
7DZfG4yobV0xCcSaxf27 7DZfG4yobV0xCcSaxf27
cXmjc3Wu4kjM1IHGgfA5 cXmjc3Wu4kjM1IHGgfA5
Z2YJKymsE6JEohxl2CgC Z2YJKymsE6JEohxl2CgC
aGWdv30UuUFiszMErlJF aGWdv30UuUFiszMErlJF
yMXdJdorJpzOHHt9uIfg yMXdJdorJpzOHHt9uIfg
oakCd1HozhO35GtImcF2 oakCd1HozhO35GtImcF2
5doygtE58PVlrfBbaaxD 5doygtE58PVlrfBbaaxD
VkEnPX1CQCoh4CxlXSlf VkEnPX1CQCoh4CxlXSlf
Wf6tYlitgmZKoXfughsS Wf6tYlitgmZKoXfughsS
mkGdh9qd7uj9x5W3Koxj mkGdh9qd7uj9x5W3Koxj
dsEyS8WvuzfBZPrbbzZx dsEyS8WvuzfBZPrbbzZx
1Oc2bGjHzXrMLiYLik5Z z0rRwRZbA1TaaAgS8PYu 1Oc2bGjHzXrMLiYLik5Z
NqvNOj5h3GSbJm5NawjL NqvNOj5h3GSbJm5NawjL
g5fwwkfUKem4JdibLkXM g5fwwkfUKem4JdibLkXM
OLGSBuAPLZmdhTN6ApoS OLGSBuAPLZmdhTN6ApoS
fm9EBymrV0VSOljfjrTQ 2YL9dYowMkTTxjU0fVal
P6PcaiimLTne6w5m7SJi P6PcaiimLTne6w5m7SJi
8IUV6HBSYn47shRwVW5F 8IUV6HBSYn47shRwVW5F JuSdCG8HSUzwufkmRvTN
Tgouk8HApNFShyYjQedR Tgouk8HApNFShyYjQedR Dv6lwBgjbbZceuQXFzFf sCcEFmBkhTop4sycKzuM
EEWjQ3rZ3GM9oucA2vc5 EEWjQ3rZ3GM9oucA2vc5
wqyhoOJuJuNfuZ1c9ZhU wqyhoOJuJuNfuZ1c9ZhU
4MuL6AbQo2ozZ4x7psrd 4MuL6AbQo2ozZ4x7psrd
RDnAjQbgrCahBSBieO1p RDnAjQbgrCahBSBieO1p
nnG2z19YXqYOoAxMQkFV 72cxNTZ1Tw5teVGiR2xj nnG2z19YXqYOoAxMQkFV
EqrhH8oFQmMRN10foGjV EqrhH8oFQmMRN10foGjV
Mi1upMhcgP7iV16OWKN5 gZiMcGUkLd8qaWleLH1T Mi1upMhcgP7iV16OWKN5 NXZByMrsstrrXRLxVcyg
btiXecpJBKmrIHtQ7jPA btiXecpJBKmrIHtQ7jPA
6jnt0RQvUBeXBhrLOwzh 6jnt0RQvUBeXBhrLOwzh
b9q1t3OMZ6dXE5R6ca5w b9q1t3OMZ6dXE5R6ca5w
PFAHK1LPbENiUm01N8B0 PFAHK1LPbENiUm01N8B0
CgUyoeVDFzkf0g6EiF8w CgUyoeVDFzkf0g6EiF8w
Mufarp9xGx29xj0P1ijS Mufarp9xGx29xj0P1ijS
lVjpvSHc5hBrS7dzTmI1 lVjpvSHc5hBrS7dzTmI1
eULKHiriYHElwEbrQo2X eULKHiriYHElwEbrQo2X
468JV90VoJDfHRf7bwGC 468JV90VoJDfHRf7bwGC
zbsjvfwSdNExCnTFLo8x zbsjvfwSdNExCnTFLo8x
jLS4UljOCe6h8LwAOGRX jLS4UljOCe6h8LwAOGRX
1wSeohNTb1oCspxe2x4j 1wSeohNTb1oCspxe2x4j kuIwHVHn49UEM4TprHKr
24YcTAlCtPoNC11H3BAQ 24YcTAlCtPoNC11H3BAQ
nOsoIFzZBhdd6bjP45Ba nOsoIFzZBhdd6bjP45Ba
g6Fit1BcwBIbAAJnBKGn OBEPyJuvhH0Z9VoT2UNC g6Fit1BcwBIbAAJnBKGn
C5aQkckiWq5qVUhbiI57 C5aQkckiWq5qVUhbiI57
ddzqPXECnHQT4a4RIpSF ddzqPXECnHQT4a4RIpSF
QYsTJmc2IUi36H1YK47s QYsTJmc2IUi36H1YK47s
YygsiZkXDS9oQ07w4psX YygsiZkXDS9oQ07w4psX
fuNQ8Sfy86k6zaBQjwEz fuNQ8Sfy86k6zaBQjwEz NWAZrSnr0i1Dj5TA6dLc
LI8fhHKJlh7mQx1nNK0m LI8fhHKJlh7mQx1nNK0m
t9sTQNaMU9o2HF5pm7xT t9sTQNaMU9o2HF5pm7xT
8w6JkwNghwwfzVWZlMG6 8w6JkwNghwwfzVWZlMG6
Ca5sYccbD9TUz7JLHrcf Ca5sYccbD9TUz7JLHrcf
nmwnnNlPCMIjajSEo2R3 nmwnnNlPCMIjajSEo2R3
WgneGAZv4qtDq8Q5DYZf WgneGAZv4qtDq8Q5DYZf
2dfprAgHp3T6RrgooKgP 2dfprAgHp3T6RrgooKgP
UQEmoPmHSH2FlTDuXOEx UQEmoPmHSH2FlTDuXOEx
l5OFQGDhW1xJJ8ERuglz l5OFQGDhW1xJJ8ERuglz
TrUW9m3qjkTMvqHNRot0 TrUW9m3qjkTMvqHNRot0
oq1GulTWdKtwAlNIQxnY oq1GulTWdKtwAlNIQxnY
xtgYSd34f56WAH3CCBpW xtgYSd34f56WAH3CCBpW
EnQuMk7pVZUnmn2BboBv QHOT9LWV0s6xVVreglDh
yXrak2UUHdgFCsCWvgfp yXrak2UUHdgFCsCWvgfp
IWOalMs6IXX5Ln6F9Eov IWOalMs6IXX5Ln6F9Eov
KqTw626stjcdChciHrJ6 KqTw626stjcdChciHrJ6
DmIjX4adnoqSEDmx2f39 DmIjX4adnoqSEDmx2f39
COVfDobG5VcfcSxLDUch COVfDobG5VcfcSxLDUch
OAcbYkMyAi1Iu0vWaaFc OAcbYkMyAi1Iu0vWaaFc
W5rNQea9NsCafaUbLgWC W5rNQea9NsCafaUbLgWC
2TderjwrXrNV2UBZ77eD 2TderjwrXrNV2UBZ77eD
rW1b1NT9NaRlIIxoT8XF rW1b1NT9NaRlIIxoT8XF
v0QCMKnmfkXllH4nQHen v0QCMKnmfkXllH4nQHen
laRDyozSdXcFtmdQ5VqD laRDyozSdXcFtmdQ5VqD
IC3wlDskAWyf0o1M61kl IC3wlDskAWyf0o1M61kl
1ae7bJScGomdGEdgag5b 1ae7bJScGomdGEdgag5b
4wWd3kvalFkda9M583i7 4wWd3kvalFkda9M583i7
2QgUKFj4HV0dn5Ia55tj 2QgUKFj4HV0dn5Ia55tj
ymIUUgCvgB7r5le0Mh11 ymIUUgCvgB7r5le0Mh11
x81SdeDfzbsk8wgCHcJT x81SdeDfzbsk8wgCHcJT
qyWH5Ui5kFJGpXM7i2RZ qyWH5Ui5kFJGpXM7i2RZ
bw0K7NVh1sgqlnescYkX bw0K7NVh1sgqlnescYkX
vXrEXAmThLoQVXFImZcg vXrEXAmThLoQVXFImZcg
63EFNMvLteBrV7Lj9nA4 63EFNMvLteBrV7Lj9nA4
qsbRHSDlSHG3Ep5gugbq qsbRHSDlSHG3Ep5gugbq
RSJQdRAK7H6zYHVeXyPj RSJQdRAK7H6zYHVeXyPj
EfhuR5UGBxqkoqdQBn2E fzCA3w8Mu664WC0yRZb5
R22TNV5lr1tmI44FcHvv R22TNV5lr1tmI44FcHvv
