Chattanooga Cleveland SanAntonio Memphis Wichita Fayetteville Aurora Orange Frisco KansasCity Jackson Brownsville Boston Salem Plano Dayton ElPaso Knoxville Berkeley Springfield Spokane Oxnard Tacoma Huntsville Fremont Atlanta Toledo Henderson MorenoValley Anaheim ChulaVista Akron RanchoCucamonga Akron Raleigh Norfolk SaintPaul Washington Chandler PortStLucie Vancouver Detroit BatonRouge Bakersfield Carrollton Surprise Anchorage Phoenix Indianapolis FortLauderdale Savannah SaltLakeCity Richmond Fayetteville Aurora Lexington Baltimore Aurora Fayetteville FortWorth Roseville Durham Yonkers Plano Austin DesMoines Cincinnati Albuquerque Orlando Naperville Chicago SantaAna OklahomaCity Lincoln Madison Denton Gilbert Tallahassee Buffalo Pomona Oceanside CapeCoral BatonRouge Bakersfield Salinas Murfreesboro Salinas GardenGrove Phoenix SanDiego Sunnyvale StPetersburg Clarksville Jacksonville SanJose Glendale Portland Midland Dayton Plano ElkGrove McAllen Arlington ChulaVista Anaheim NewYork SantaClarita RanchoCucamonga TianamenSquare Ontario Salem Oakland Paterson Cincinnati LongBeach Omaha Louisville Hollywood OuterHaven Fresno Plano Dayton ElPaso Chattanooga
85
NewYork NewYork
Albuquerque LosAngeles Waco
Chicago Chicago
Phoenix Phoenix
SanAntonio SanAntonio
SanDiego SanDiego
SanJose SanJose
Austin Austin
Jacksonville Jacksonville
FortWorth FortWorth
ElkGrove SanFrancisco
Murfreesboro Charlotte Murfreesboro
Indianapolis Indianapolis Riverside Scottsdale Tempe
Washington Washington
Boston Boston
ElPaso ElPaso
Memphis Memphis
Louisville Louisville
Baltimore Baltimore
KansasCity KansasCity
Raleigh Raleigh
Wichita Wichita
Cleveland Cleveland
Bakersfield Bakersfield
Aurora Aurora
Anaheim Anaheim
Fremont Honolulu Fremont SanBernardino
SantaAna SantaAna
Lexington Lexington
Henderson Henderson
SaintPaul SaintPaul
Cincinnati Cincinnati
Anchorage Anchorage
Plano Plano
Lincoln Lincoln
Orlando Orlando
Norfolk Irvine Syracuse
RanchoCucamonga Newark
Toledo Toledo
Durham Durham
ChulaVista ChulaVista
Madison Madison Joliet
Buffalo Buffalo
Hollywood Lubbock
Glendale Glendale
Sunnyvale Boise
Richmond Richmond
BatonRouge BatonRouge
Spokane Spokane
DesMoines DesMoines NewportNews
Tacoma Tacoma
OklahomaCity Fontana
SantaClarita SantaClarita
Oxnard Oxnard
Fayetteville Fayetteville
Fresno GrandRapids Worcester
Yonkers Yonkers
Akron Akron Hayward
CapeCoral LittleRock CapeCoral Shreveport
PortStLucie PortStLucie
LongBeach GrandPrairie
Tallahassee Tallahassee
Frisco Frisco
Knoxville Knoxville
Brownsville Brownsville
Vancouver Vancouver
FortLauderdale FortLauderdale
Ontario Ontario
Oceanside Oceanside
Salem Salem
GardenGrove GardenGrove
Oakland Corona
Springfield Springfield
Jackson Jackson Alexandria
Pomona Pomona
Naperville Naperville
Savannah Savannah
Paterson Paterson
McAllen McAllen
Midland Midland
Berkeley Berkeley
Detroit Olathe
Orange Orange
Denton Denton
Surprise Surprise
