SaintPaul SanJose SanDiego ChulaVista Charlotte Phoenix Durham SantaAna Pittsburgh Mesa Baltimore LongBeach Dallas Greensboro Chandler Plano LosAngeles ElPaso Austin SanAntonio Newark Scottsdale Honolulu Lubbock StPetersburg Milwaukee Columbus Glendale Hialeah OklahomaCity FortWayne Aurora Omaha Miami KansasCity Fresno Lexington JerseyCity Toledo Atlanta Oakland Philadelphia SanFrancisco Madison SanJose SaintPaul
38
SanFrancisco Houston Stockton
Phoenix Phoenix
SanAntonio SanAntonio
SanDiego SanDiego
Dallas Dallas
SanJose SanJose
Austin Austin
Baltimore FortWorth Baltimore
Columbus Columbus
Charlotte Charlotte
Mesa Indianapolis
JerseyCity Denver Lincoln JerseyCity Laredo
ElPaso ElPaso
Honolulu Memphis Honolulu
OklahomaCity OklahomaCity Bakersfield
Milwaukee Milwaukee
Philadelphia Tucson Raleigh
Atlanta Atlanta
LongBeach LongBeach
Toledo Tampa
KansasCity NewOrleans
Aurora Aurora
SantaAna SantaAna
Lexington Lexington
StPetersburg Henderson StPetersburg
ChulaVista Cincinnati
Pittsburgh Pittsburgh
FortWayne Anchorage FortWayne
Plano Plano
Newark Newark
Durham Durham WinstonSalem
Madison Madison
Chandler Chandler
Lubbock Lubbock
Scottsdale Scottsdale
Glendale Glendale
Fresno Chesapeake Spokane
Hialeah Hialeah
