K B CA EN FD BJ DV BF GL DP BX EU AH AW GR EO DE EV EG AG GG C DR FX FU EH DN EZ AB DZ FM BG CM AS R GN M BL EL DG U DC EB AN DS DH GA Y EQ CE FP GF CT GI FJ P GJ DB BI FG AU FR GK CJ BR FH CK CW BB L EE ED GC AF BD X CY FN BQ BZ CQ BP FJ EC FE FV AP BO DX I AX BA G DF CB FZ DD FI GO Z DK DI AJ DT AI FO CB AK BY V AC AQ CF AM EJ K
95
B B
G G
I I
L L
M M
P P
R R
DT T EK GE
U U
V V
X X
Y Y
Z Z
AB AB
AF AF
AG AG
AH AH
AJ AJ
AM AM
AN AN
AS AS
AW AW
AX AX
BA BA
BB BB
BY BE BY
BF BF
BG BG
BI BI
BJ BJ
BL BL
BO BO
BP BP EA
BQ BQ
BR BR
BX BX
CB CB
CE CE
CF CF
CJ CJ
CK CK
CM CM
CQ CQ
CT CT
CW CW
CY CY
DB DB
DC DC
DG DG
DH DH
DI DI
DK DK
DP DP
DR DR
DS DS
DV DV
DX DX EM
DZ DZ
EC EC
ED ED
EG EG
EH EH
EJ EJ
EL EL
EN EN
EO EO
EQ EQ
EU EU
EV EV
EZ EZ
FD FD
FE FE
FG FG
FH FH
FI FI
FJ FJ
FM FM
FO FO
FP FP
FR FR
K FS
FU FU
FV FV
FX FX
FZ FZ
GC GC
CA GD
GF GF
GG GG
GI GI
GJ GJ
GK GK
GL GL
GO GO
GR GR
