fmdhlepsteinstdnkill epsteindlsfdntmkillh dnkillepsteinlshdtfm epsteinkillmsftnddlh fkillepsteindlhdnsmt nltdmsfepsteinkilldh hnfdtmlepsteinkillds msfltdkillnepsteinhd killdmnsfhldepsteint flepsteindndhmtkills epsteinlshkilldnfdmt killepsteinlhtfdsmdn dhkilllsepsteinmntdf nepsteinlmdkilldhfts ntlepsteindmfdshkill killmlepsteindthnfsd fepsteinhsntddkilllm ddlmnftepsteinhskill hnsdkilllftdmepstein dmdepsteinnhkilllsft fshtdepsteinmldnkill dmepsteinfnhltkillsd stepsteinhkillfmnldd lnsmkilltfdepsteindh lhsepsteindtdnmkillf fhndskillepsteintldm tlsfdmdepsteinnhkill fmsepsteindntldhkill tlmsdhdnkillfepstein hsndepsteindlmtkillf lndsdkilltmepsteinhf hkilldfepsteinmdlnts fdshnmkillepsteinltd killnsfmhdepsteindtl nfdhkilllsmtepsteind dfkilllmtepsteinhdsn tdfepsteinnlhdkillsm epsteinmhndfkilltdls hsdlepsteinmnkilldft ndkillftdsmepsteinlh killdmnsfhldepsteint epsteintdkilllnfdhms dfslntkillmepsteindh ftmnsldepsteinkillhd hsdfepsteintlnkilldm nhslfmepsteindtkilld hnfdtmlepsteinkillds depsteinnlsfmhtkilld hmfnddkillepsteinslt tmlepsteinsdnfkillhd tlmsdhdnkillfepstein lsdepsteinfmkillndth fkillepsteindlhdnsmt epsteinkillmsftnddlh dnkillepsteinlshdtfm epsteindlsfdntmkillh fmdhlepsteinstdnkill
40
msfltdkillnepsteinhd msfltdkillnepsteinhd
dnkillepsteinlshdtfm lhepsteinkilldtnmfsd mftkillepsteinndlhsd dnkillepsteinlshdtfm lmhdtfdepsteinnkills
flepsteindndhmtkills flepsteindndhmtkills
fdshnmkillepsteinltd hepsteinsddnfkillmlt ddtmkillepsteinflsnh fdshnmkillepsteinltd
fhndskillepsteintldm fhndskillepsteintldm
nepsteinlmdkilldhfts nepsteinlmdkilldhfts
ndkillftdsmepsteinlh ndkillftdsmepsteinlh
nltdmsfepsteinkilldh nltdmsfepsteinkilldh
lndsdkilltmepsteinhf lndsdkilltmepsteinhf nkilltdhlmdepsteinsf
lsdepsteinfmkillndth lsdepsteinfmkillndth
killmlepsteindthnfsd killmlepsteindthnfsd
ntlepsteindmfdshkill ntlepsteindmfdshkill
dmepsteinfnhltkillsd dmepsteinfnhltkillsd
tmlepsteinsdnfkillhd tmlepsteinsdnfkillhd
epsteinmhndfkilltdls epsteinmhndfkilltdls
hnfdtmlepsteinkillds hdepsteinskillldtnfm hnfdtmlepsteinkillds
fmsepsteindntldhkill fmsepsteindntldhkill epsteindfhlmdnskillt dlnsthfmepsteinkilld
hnsdkilllftdmepstein hnsdkilllftdmepstein
fshtdepsteinmldnkill fshtdepsteinmldnkill
epsteindlsfdntmkillh epsteindlsfdntmkillh
killdmnsfhldepsteint killdmnsfhldepsteint
depsteinnlsfmhtkilld depsteinnlsfmhtkilld
tlmsdhdnkillfepstein tlmsdhdnkillfepstein
dfkilllmtepsteinhdsn dfkilllmtepsteinhdsn
killnsfmhdepsteindtl epsteinskilldlndhmtf killnsfmhdepsteindtl
nfdhkilllsmtepsteind nfdhkilllsmtepsteind
dhkilllsepsteinmntdf dhkilllsepsteinmntdf
hsndepsteindlmtkillf hsndepsteindlmtkillf
epsteinlshkilldnfdmt epsteinlshkilldnfdmt
dmdepsteinnhkilllsft dhepsteindsnlkillfmt
tlsfdmdepsteinnhkill tlsfdmdepsteinnhkill
epsteinkillmsftnddlh epsteinkillmsftnddlh
stepsteinhkillfmnldd stepsteinhkillfmnldd
fepsteinhsntddkilllm fepsteinhsntddkilllm
killepsteinlhtfdsmdn killepsteinlhtfdsmdn
epsteintdkilllnfdhms epsteintdkilllnfdhms
hsdfepsteintlnkilldm hsdfepsteintlnkilldm
ddlmnftepsteinhskill ddlmnftepsteinhskill
lnsmkilltfdepsteindh lnsmkilltfdepsteindh
fmdhlepsteinstdnkill nhmkilllsftepsteindd
