dldkilltnmhfepsteins msddkilllthepsteinfn dlfdkilltepsteinhnms fhnmkillepsteinsdltd lepsteindnhstfdmkill tdkillepsteinsmhdfnl epsteintfhndkilllmsd tdnfmdhepsteinslkill lkilldtnmsepsteindfh tsmdepsteinkillhfdln depsteinlfnmkilldsht dkillfepsteinnhdmtls sdndhepsteinltkillfm dfkilllepsteinsnmhtd epsteinhdkillltsmfdn mkilldlshdtfepsteinn epsteinhnkillsldfdmt nmdhepsteinkilltfsld hsepsteinfkillnmddtl epsteindmshtfldnkill hmndfkillslepsteintd dkillldfepsteintsmnh killtdslhfdepsteinnm shfnmltepsteindkilld killdldepsteinmfsthn epsteinfthkilldnslmd ntmdhepsteinsdkillfl fddsmepsteintnkillhl dhsepsteintlkillmfnd lepsteindsmnhftdkill epsteinldtnfmshdkill fdmtdepsteinkilllsnh mdkilllfdnstepsteinh fkillepsteinndmdlhts dtsmdnlhfepsteinkill epsteinsnmflhtdkilld mhkillepsteinddlfsnt hdntepsteinkilllsdfm dkillnmhldstfepstein epsteinshlkilldmnfdt dfdepsteintlnskillhm ldepsteindhkilltsmfn mfndlsdepsteinhkillt killmfndshdtepsteinl hmdkilllnepsteinfsdt killhtdmdlnsfepstein nfltdmkillsdepsteinh lsmftnepsteinkillhdd dflstmkillepsteindhn killdepsteinmfltdshn tsdnhkilllmepsteindf tdfkillslepsteinhdmn sldhnfmtdkillepstein tepsteinhsdkillmldfn shepsteinnkillftlddm msepsteintlhnfkilldd mdkillntepsteindfhsl tndskilldfepsteinmhl dkillnmsfhtlepsteind ndkillthdepsteinlsmf lkillfthdsepsteindnm hnddkilltslmfepstein dmtlsfhnkilldepstein dhmkillfdltnsepstein mhdskillldftnepstein killtdslhfdepsteinnm shfnmltepsteindkilld killdldepsteinmfsthn dnldkillhmfstepstein killthsepsteindmlfdn depsteinslkillhdftmn nftmskilldldepsteinh mdkillnlsdtepsteinhf lhsntdepsteindkillmf lmkillepsteintsndfhd ndshkilldmlepsteinft fkillepsteinndmdlhts mkillthfdlnepsteinds skillthlfndepsteindm fsepsteindkillhmtdln killhdfnsepsteinmltd epsteinfsltkillnhddm dhkillldsepsteintnmf sndldftmkillepsteinh nepsteindhkillltmsfd hdmndfepsteinstkilll lkillepsteintdshmfnd mdkilllfdnstepsteinh fdmtdepsteinkilllsnh mfndlsdepsteinhkillt dmldfhskillntepstein lkillfthdsepsteindnm skillmfepsteinthddnl killepsteinfdlhdtnms dhtepsteinkillsdflmn hnsepsteinmkillfddtl dhmkillfdltnsepstein killtepsteinddhlmnsf hepsteinnfmtlkilldds ldfsmnepsteinkilltdh mndtkillepsteindlfhs ldhtdkillepsteinfsmn fhdmnepsteindkillslt depsteinlfnmkilldsht tsmdepsteinkillhfdln killfthnmsdlepsteind killsepsteindmtflhnd msddkilllthepsteinfn dldkilltnmhfepsteins
83
epsteinfsltkillnhddm fmltddhnepsteinskill
tdfkillslepsteinhdmn tdfkillslepsteinhdmn
lkillfthdsepsteindnm hnskillepsteintfdmld dtnkillsepsteinmdfhl
nfltdmkillsdepsteinh nfltdmkillsdepsteinh
lsmftnepsteinkillhdd lsmftnepsteinkillhdd epsteindkilltlmnhsfd
epsteinhnkillsldfdmt epsteinhnkillsldfdmt
dhkillldsepsteintnmf killtdmsdfhnepsteinl
dkillldfepsteintsmnh dlshdtepsteinnkillfm
mdkillntepsteindfhsl mdkillntepsteindfhsl
tsmdepsteinkillhfdln tsmdepsteinkillhfdln
tdkillepsteinsmhdfnl tdkillepsteinsmhdfnl
killtdslhfdepsteinnm killtdslhfdepsteinnm slepsteinkillfmddhtn fmtnkilldepsteindhsl mkillldnhepsteinstfd
depsteinlfnmkilldsht depsteinftndhmkillsl tldkillhsfnmepsteind lhepsteintndkilldsmf depsteinlfnmkilldsht
msepsteintlhnfkilldd msepsteintlhnfkilldd
lmkillepsteintsndfhd lmkillepsteintsndfhd depsteintkilllnmsfdh hepsteinntdkillsdmfl
killfthnmsdlepsteind killfthnmsdlepsteind
fhdmnepsteindkillslt fhdmnepsteindkillslt
fddsmepsteintnkillhl fddsmepsteintnkillhl
ndshkilldmlepsteinft ndshkilldmlepsteinft
nmdhepsteinkilltfsld nmdhepsteinkilltfsld
ntmdhepsteinsdkillfl ntmdhepsteinsdkillfl
sdndhepsteinltkillfm fdskillndtmepsteinlh sdndhepsteinltkillfm
killhtdmdlnsfepstein tepsteinmdfldhnskill killhtdmdlnsfepstein ltfnsdhepsteinkilldm
killmfndshdtepsteinl killmfndshdtepsteinl
dhsepsteintlkillmfnd dhsepsteintlkillmfnd
msddkilllthepsteinfn msddkilllthepsteinfn
killdldepsteinmfsthn killdldepsteinmfsthn
mfndlsdepsteinhkillt sdlhfnmdepsteintkill
nftmskilldldepsteinh nftmskilldldepsteinh
skillthlfndepsteindm skillthlfndepsteindm
epsteinfthkilldnslmd epsteinfthkilldnslmd
lepsteindnhstfdmkill lepsteindnhstfdmkill
epsteindmshtfldnkill epsteindmshtfldnkill
dkillnmsfhtlepsteind dkillnmsfhtlepsteind
sndldftmkillepsteinh sndldftmkillepsteinh
killdepsteinmfltdshn killdepsteinmfltdshn
dkillnmhldstfepstein dkillnmhldstfepstein
hnddkilltslmfepstein thdlskillnfdmepstein lepsteinkilldhfmstnd
fsepsteindkillhmtdln fsepsteindkillhmtdln epsteinlmkillfshnddt
mndtkillepsteindlfhs mndtkillepsteindlfhs
ndkillthdepsteinlsmf ndkillthdepsteinlsmf
hsepsteinfkillnmddtl hsepsteinfkillnmddtl
epsteintfhndkilllmsd epsteintfhndkilllmsd
shfnmltepsteindkilld shfnmltepsteindkilld
lkilldtnmsepsteindfh hepsteinnfdmlsdtkill lkilldtnmsepsteindfh
killhdfnsepsteinmltd killhdfnsepsteinmltd
mkillthfdlnepsteinds mkillthfdlnepsteinds
sldhnfmtdkillepstein sldhnfmtdkillepstein
mkilldlshdtfepsteinn mkilldlshdtfepsteinn thnkillmddsepsteinfl
ldepsteindhkilltsmfn ldepsteindhkilltsmfn
epsteinsnmflhtdkilld epsteinsnmflhtdkilld
dnldkillhmfstepstein dnldkillhmfstepstein
hnsepsteinmkillfddtl hnsepsteinmkillfddtl
nepsteindhkillltmsfd nepsteindhkillltmsfd
fhnmkillepsteinsdltd fhnmkillepsteinsdltd
dfkilllepsteinsnmhtd dfkilllepsteinsnmhtd
tndskilldfepsteinmhl tndskilldfepsteinmhl
killtepsteinddhlmnsf killtepsteinddhlmnsf
dlfdkilltepsteinhnms dlfdkilltepsteinhnms
mdkillnlsdtepsteinhf mdkillnlsdtepsteinhf
epsteinldtnfmshdkill epsteinldtnfmshdkill
epsteinhdkillltsmfdn epsteinhdkillltsmfdn
dtsmdnlhfepsteinkill dtsmdnlhfepsteinkill
dhtepsteinkillsdflmn dhtepsteinkillsdflmn
dmldfhskillntepstein dmldfhskillntepstein
dflstmkillepsteindhn dflstmkillepsteindhn
hmndfkillslepsteintd hmndfkillslepsteintd
tsdnhkilllmepsteindf tsdnhkilllmepsteindf
lhsntdepsteindkillmf lhsntdepsteindkillmf
dmtlsfhnkilldepstein dmtlsfhnkilldepstein
ldfsmnepsteinkilltdh ldfsmnepsteinkilltdh
dhmkillfdltnsepstein dhmkillfdltnsepstein
mhkillepsteinddlfsnt mhkillepsteinddlfsnt
lkillepsteintdshmfnd lkillepsteintdshmfnd
hmdkilllnepsteinfsdt hmdkilllnepsteinfsdt
fdmtdepsteinkilllsnh fdmtdepsteinkilllsnh
depsteinslkillhdftmn depsteinslkillhdftmn
skillmfepsteinthddnl skillmfepsteinthddnl
dfdepsteintlnskillhm dfdepsteintlnskillhm
mdkilllfdnstepsteinh mdkilllfdnstepsteinh
mhdskillldftnepstein mhdskillldftnepstein
killthsepsteindmlfdn killthsepsteindmlfdn
tepsteinhsdkillmldfn tepsteinhsdkillmldfn
