0 161 160 41 134 186 33 185 33 179 180 125 124 97 126 38 183 130 95 131 184 23 196 149 88 150 36 169 109 21 154 93 156 30 104 103 165 166 30 189 139 96 60 143 192 191 142 60 144 15 164 163 100 43 12 178 122 94 123 2 176 2 159 92 45 197 198 152 151 51 153 7 146 194 193 145 80 147 18 33 77 127 181 41 66 91 78 31 106 167 168 107 24 136 187 188 137 85 64 0
76
100 100
43 101 102
103 103 105
104 104
106 106
107 107
31 108
109 109 110 111
64 112 113 114 171 172
21 115 173
93 116 155 174
15 117
23 118 120 175
176 119 176
94 121 177
122 122
123 123
124 124
125 125
126 126
127 127
77 128 129
130 130
131 131
95 132
185 133 185
134 134
91 135
136 136
137 137
85 138
139 139
96 140 141 190
142 142
143 143
144 144
145 145
146 146
147 147
88 148 195
149 149
150 150
151 151
152 152
153 153
154 154
156 156
92 157 158
159 159
160 160
161 161
0 162
163 163
164 164
165 165
166 166
167 167
168 168
169 169 170
178 178
179 179
180 180
181 181 182
183 183
184 184
186 186
187 187
188 188
189 189
191 191
192 192
193 193
194 194
196 196
197 197
198 198
