COM MDG IDN SHN CHN COD HUN PAK GNQ SDN MEX MMR NPL NIU PLW PNG CPV LIE LTU KHM LUX LAO KGZ CRI MLT PSE NRU CAF CIV BVT LKA LCA HRV HMD PYF RUS IDN KOR LBN IDN MDA GLP GMB NGA FSM FIN GAB ESP GEO GHA GIB EGY MYS DZA DOM SAU RWA CPV COK HND GRC GMB PCN PAN MHL MAC POL MYT MUS DJI DMA NGA NFK AUS ATG PRT CRI GNB MEX POL ARE ALB AND ARM MYT BRA AZE BDI BHR BLM BEN BMU BRB BHS BIH PRY NIU CZE NGA FSM GIN FRA GBR GAB FIN FSM NGA GMB COM
74
SHN SHN
MUS SGS NZL LBR
SDN SDN REU AFG
RWA RWA
RUS RUS
PSE PSE
PRY PRY MOZ
POL POL
PNG PNG
PAN PAN
PAK PAK
NRU NRU
NPL NPL
NIU NIU
AUS NIC IRL AUS ABW
NFK NFK JEY ALA
COM NER MTQ
MYT MYT
MMR MMR
CPV MLI CPV
MEX MEX
MDA MDA
HND MAR HND
MAC MAC
LUX LUX
LTU LTU
LKA LKA
LIE LIE
LBN LBN JPN
LAO LAO
GNB KWT
KOR KOR
KGZ KNA
KHM KHM
IDN KAZ IDN HTI HKG GUM COL
MDG ITA
MYS IRN IOT
HUN HUN
HRV HRV
HMD HMD
GRC GRC
GNQ GNQ
GMB GMB
GIN GIN
GIB GIB
GHA GHA
GEO GEO
GBR GBR
GAB GAB
FSM FSM
FRA FRA ESH ECU
FIN FIN
ESP ESP
EGY EGY
DZA DZA
DMA DMA
DJI DJI
CZE DEU CYP CXR
COK COK CAN
COD COG COD
CIV CIV
CHN CHN
CAF CAF
BMU BMU
BLM BLM
BHS BHS
BHR BHR
BEN BEN
BDI BDI
AZE AZE
ATG ATG
ARM ARM
ARE ARE
ALB ALB
