190 135 166 56 45 153 5 172 192 84 186 23 168 103 44 65 38 145 121 104 22 117 68 10 100 179 66 71 60 76 49 185 112 85 149 176 169 57 50 54 163 32 93 165 67 33 114 92 132 99 2 182 113 94 141 30 181 118 29 109 1 156 108 162 95 188 134 61 34 40 27 173 81 11 139 62 46 170 3 152 189 93 116 37 123 195 39 47 6 137 106 75 190
81
1 1 142
2 2
3 3
5 5
67 8 67
10 10
11 11
176 21 176
22 22
23 23
27 27
29 29
30 30
32 32
33 33 83 129
34 34 36 55
38 38
40 40
44 44 52 138
45 45
46 46
47 47
50 50
54 54
56 56
57 57
60 60
61 61
62 62
65 65
66 66
68 68 146
108 69 108 133
71 71
76 76
84 84
92 92
93 93 164
94 94
95 95
99 99
100 100
81 101 177
181 102 181 198
103 103
104 104
106 106
109 109
189 111 189
112 112
113 113
114 114
116 116
117 117
118 118
121 121
123 123
132 132
135 135
165 136 165
137 137
139 139 193
141 141
149 149
152 152
153 153
156 156
162 162
163 163
166 166
168 168
169 169
172 172
173 173
179 179
182 182
185 185
186 186
188 188
192 192
195 195
