Loc1 Loc37 Loc49 Loc5 Loc29 Loc3 Loc9 Loc21 Loc65 Loc53 Loc27 Loc4 Loc7 Loc68 Loc47 Loc69 Loc57 Loc72 Loc98 Loc18 Loc63 Loc93 Loc79 Loc46 Loc16 Loc70 Loc50 Loc34 Loc2 Loc10 Loc75 Loc80 Loc15 Loc20 Loc22 Loc31 Loc0 Loc83 Loc76 Loc45 Loc37 Loc19 Loc52 Loc62 Loc44 Loc41 Loc21 Loc17 Loc11 Loc2 Loc91 Loc38 Loc54 Loc4 Loc1
41
Loc0 Loc0
Loc2 Loc2
Loc3 Loc3 Loc43
Loc4 Loc4
Loc75 Loc6
Loc7 Loc7
Loc9 Loc9
Loc10 Loc10
Loc11 Loc11
Loc57 Loc13
Loc15 Loc15
Loc17 Loc17 Loc32
Loc18 Loc18 Loc90
Loc19 Loc19
Loc21 Loc21
Loc22 Loc22
Loc53 Loc25 Loc53 Loc56
Loc29 Loc29
Loc34 Loc34
Loc38 Loc38
Loc41 Loc41
Loc80 Loc42 Loc55 Loc80
Loc45 Loc45
Loc46 Loc46
Loc47 Loc47
Loc49 Loc49
Loc50 Loc50
Loc52 Loc52
Loc62 Loc62
Loc63 Loc63
Loc65 Loc65 Loc81
Loc68 Loc68
Loc69 Loc69
Loc70 Loc70
Loc72 Loc72
Loc16 Loc74 Loc87
Loc76 Loc76
Loc79 Loc79
Loc91 Loc91
Loc27 Loc92
Loc98 Loc98
