114 49 67 91 28 98 100 81 188 182 57 117 1 35 149 62 108 51 173 0 10 133 191 76 190 29 187 135 93 171 127 155 111 115 37 195 196 134 177 69 119 161 78 102 170 150 166 112 42 181 109 143 105 75 164 154 129 92 47 26 18 63 95 53 199 174 31 14 70 43 197 198 89 33 48 15 66 178 21 181 148 124 90 3 4 146 169 87 38 84 7 96 167 147 32 24 179 36 30 103 130 16 183 176 114
93
0 0
1 1
3 3
4 4
195 5 195
7 7
10 10
130 12
14 14
15 15
16 16
18 18
21 21
24 24
26 26
28 28
29 29
31 31
32 32
33 33
35 35
36 36
37 37
38 38
115 41 115
42 42
43 43
47 47
49 49
51 51
53 53
89 59 89 131
62 62
63 63
66 66
67 67
69 69
70 70
173 74 173 175
75 75
76 76
78 78
81 81
84 84
87 87
91 91
92 92
93 93
174 94 174
95 95
96 96
98 98
100 100
102 102
103 103
105 105
108 108
109 109
111 111
112 112
114 114
117 117
119 119
124 124
127 127
133 133
134 134
135 135
146 146
147 147
148 148
149 149
150 150
154 154
155 155
161 161
164 164
166 166
167 167
169 169
170 170
171 171
176 176
177 177
181 181
182 182
183 183
187 187
188 188
191 191
196 196
197 197
199 199
