Liam Jordan Jack Joshua Lucas Noah Maverick Camden Bentley Jayden Max Lincoln Dylan Andrew Oliver Patrick Easton Richard Aiden Mateo Miguel Messiah John Messiah Zion Rhett Christian Brody Elliot Grayson Elliot Jasper Connor Jasper Elliot Brody George Ethan Jonathan Preston Jose Ezra Jackson Braxton Silas Nicholas Daniel Jameson Matteo Julian Josiah Justin Bennett Landon William Beau Eric Greyson Chase Carter Elliott Caleb Cameron Gabriel Jayce Henry Malachi Bryson Malachi Edward Dawson Declan Brayden Ayden Giovanni Robert Joseph Jude Theodore Rowan Austin Hayden Victor Dominic Maximus Graham Emmett Xavier Ryan Nolan Miles Luke Kingston Dean Maxwell Anthony Angel Jaxson Weston Abel Steven Sawyer Eli Tyler Waylon Jaxon King Matthew John Messiah Brantley Kai Xander Leonardo Jordan Liam
67
Liam Liam Evan
Noah Noah
William William
Steven James Isaac
Nolan Logan Elijah Adrian Nolan
Jameson Benjamin Hudson
Aiden Mason Aiden Charles
Oliver Oliver
Weston Jacob Nathan
Lucas Lucas
Chase Michael Aaron
Grayson Alexander Grayson
Ethan Ethan
Daniel Daniel
Matthew Matthew
Henry Henry
Joseph Joseph
Jackson Jackson
Eric Samuel
Edward Sebastian
Brody David
Carter Carter
Dawson Wyatt Ian
Jayden Jayden
John John
Max Owen Cooper
Dylan Dylan
Luke Luke
Gabriel Gabriel
Anthony Anthony
Jack Jack
Julian Julian
Xander Levi
Kai Christopher Carson
Joshua Joshua
Andrew Andrew
Lincoln Lincoln
Mateo Mateo
Ryan Ryan
Jaxon Jaxon
Jude Isaiah Thomas Hunter Jace
Caleb Caleb
Josiah Josiah
Christian Christian
Eli Eli
Jonathan Jonathan
Connor Connor Elias
Landon Landon
Brayden Asher Brayden
Cameron Cameron
Bryson Leo Bryson
Theodore Theodore
Ezra Jeremiah Ezra Ezekiel
Robert Robert
Easton Easton
Nicholas Nicholas
Malachi Colton Adam
Angel Angel
Jordan Jordan
Dominic Dominic
Austin Austin
Jaxson Jaxson
Greyson Greyson
Jose Jose
Maverick Maverick
Xavier Xavier
Waylon Parker
