zero two three ten eleven twelve thirteen twenty twentyone fifteen twentytwo twentythree twentyfour twentyfive twentysix thirtythree thirtyfour thirtythree thirtytwo thirtynine thirtyeight fortyfive fortyfour fortythree fortynine fortyeight fortyseven fortysix fiftythree fiftytwo fiftyone fifty fiftysix fiftyfive sixtytwo sixtyone sixty fiftynine fiftyeight sixtyfive sixtysix sixtyseven sixtyeight sixtynine seventy seventyseven seventysix seventyfive eightytwo eightythree eightyfour seventyseven seventy sixtythree fiftysix fortynine fortytwo thirtyfive twentyeight twentyone fourteen seven zero
38
two two
three three
zero four five six
ten ten
twelve twelve
fourteen fourteen
fifteen fifteen
twenty twenty
twentytwo twentytwo
twentyfour twentyfour
twentyfive twentyfive
thirtyfive twentynine thirty thirtyfive
thirtythree thirtythree
thirtyfour thirtyfour
fortytwo thirtysix
thirtyeight thirtyseven
thirtynine thirtynine
fortyfour fortyfour
fortyfive fortyfive
fortyseven fortyseven
fortyeight fortyeight
fifty fifty
fiftyone fiftyone
fiftythree fiftythree
fiftyfive fiftyfive
fiftyeight fiftyseven
sixty sixty
sixtyone sixtyone
sixtytwo sixtytwo
sixtyfive sixtyfive
sixtysix sixtysix
sixtyseven sixtyseven
sixtyeight sixtyeight
seventy seventy
seventyseven seventyone seventyseven
seventyfive seventyfive
eightyfour seventyeight seventynine eightyfour
eightytwo eightyone eightytwo eightyseven eightyeight eightynine ninetyfive
