0 3 117 191 140 104 138 178 113 12 114 180 109 164 142 150 106 153 158 108 194 118 98 36 61 63 8 151 106 154 175 112 72 24 111 171 119 55 92 117 3 0
27
109 120 121 122 123 161 162 163 165 166 167
36 124 125 126 127 128 129 130
12 131 132 133
112 134 135 136 137 172 173 174 176 177 188 189 190
138 138
104 139
140 140
142 141 142 143 144 145 146
106 147 148 149 152
150 150
151 151
153 153
154 154
171 155 171
108 156 157 159 160 186 187
158 158
164 164
113 168 169 170 179
175 175
178 178
180 180
114 181 182 183 184 185
191 191
117 192 193
194 194
118 195 196
119 197 198 199
