7FD578 853F1A 01684B 859C0E 17BEF0 B40756 9B7F16 57CBDE C03738 EEEA40 9F01C8 8633C5 AA2C70 66B94B F4C859 4BCD0B 7B7BDE C3030C 7EA726 E5D023 2C376F 3E0BDD 283373 877D0E CE97C4 1BD5F4 2E60FC 1EE680 01684B 853F1A 1176C9 6C7BF0 F94356 A085DD 853F1A 283373 ED0989 283373 7FD578
21
9F01C8 9F01C8
66B94B 66B94B
4BCD0B 61D740
1176C9 FF39A5 1176C9 981760
2E60FC 2E60FC
859C0E 859C0E
01684B 01684B E27C41
3E0BDD 3E0BDD
7FD578 1AC5CE
9B7F16 6CAF19 9B7F16
6C7BF0 6C7BF0
2C376F 2C376F
877D0E 877D0E
7B7BDE 7B7BDE
B40756 B40756
EEEA40 EEEA40
E5D023 E5D023
F4C859 F4C859
1EE680 1EE680
1BD5F4 1BD5F4
A085DD A085DD
