188645 0FB66D FA567E B833F0 657F93 B7B073 A7E9D9 DBDC9A A5CCB5 B3243F 628AB2 D04F40 9B9BDD 2F1AB5 2EA2EE 84EBFF 35FF16 800641 ACB11D D01E6B 7BF2B5 37F745 8D0852 D443EB D7CAF9 CB09C0 2C101C 35F60D 61EDA9 E09D29 C98FE7 567883 143B88 07D80A C0766C 7E5598 C0766C CEAE00 539A92 EC05F7 70146D 9B0EC2 0801CC 19FFAB 4B39CA AE6906 784F83 FF8D45 B7B073 EF4D57 3AA8C5 C0766C CEAE00 AA8E14 CEAE00 0FB66D 188645
43
AA8E14 AA8E14
A7E9D9 A7E9D9
37F745 37F745
143B88 44716B
61EDA9 D5356A 3ADA02
7E5598 0A5C0E AFF8D1 3B1041 0FBCDC
C98FE7 C98FE7
188645 188645
07D80A 07D80A
DBDC9A DBDC9A 994F93 94D700
AE6906 DD2694
628AB2 628AB2
9B9BDD 9B9BDD
D443EB D443EB
539A92 539A92
EC05F7 FD1783
CB09C0 CB09C0
EF4D57 EF4D57
800641 800641
CEAE00 724A76
84EBFF 84EBFF
D7CAF9 D7CAF9
4B39CA 48C2D5
D04F40 D04F40
2EA2EE E954F7
70146D 29B2A4 7E18E9
567883 6D778A
8D0852 8D0852
784F83 784F83
9B0EC2 9B0EC2
B3243F 1276AF
A5CCB5 A5CCB5
35F60D 4FBDE1
B7B073 B7B073
E09D29 E09D29
D01E6B D01E6B
2C101C 2C101C
657F93 467AB7
35FF16 500783
B833F0 B833F0
19FFAB 19FFAB
FF8D45 FF8D45
0FB66D 0FB66D
