S V F CD G AY W BK N A T O U E AF L AQ CT X P AT CB BW M AP R BR Y AB Z AC CK H AD K CL I AZ D CV J BS Q AR B CA C CR Q CQ AN CW AW CU V S
53
A A
B B AX BD
C C AU BG BV
D D AM BP CF
E E
F F CM
G G
H H
I I
J J AS
K K
L L
M M
N N
O O
P P
Q Q AA AE AG AK AO BA BB BC BH BI BJ BL BM BQ BT BX CE CJ CN CP
R R
S S
T T
U U
V V
W W
X X
Y Y
Z Z
AB AB
AC AC
AD AD
AF AF
AN AH AI AJ AL AN AV BE BN BO BU BY CH CI CO
AP AP
AQ AQ
AR AR
AT AT
AW AW BF BZ CC CS
AY AY
AZ AZ
BK BK
BR BR
BS BS
BW BW
CA CA
CB CB
CD CD
CK CK
CL CL
CQ CQ
CR CR
CT CT
CU CU
CV CV
CW CW
