Bowles Birge Bechtel Wilde StrawberryCreek Wolf Unit2 Greek Moses Stanley LeConte Campanile Wurster McCone Wurster Campanile LeConte Stanley Cory Jacob Evan SigmaPhiOmega BearFoodCourt Hargrove Tan Warren Safeway Stebbins Greek Moses Stanley Cory Jacob Hertz CVStarr Hertz Jacob Cory Bechtel Birge Bowles
20
Evan Evan Blackwell Cloyne GenPlantBio
Jacob Foothill HearstAnnex Haas Unit1 Hildebrand Morgan Martinez Pavilion Crossroads Browns YogurtPark Rochdale Lothlorien Chipotle UCTheatre Barker GammaPhiBeta MFoundry NCEM
Stanley Campbell Doe Koshland
Birge Birge
Campanile Campanile Bongo ShengKee Cheeseboard
Moses Moses Wellman Sutardja Stacks Gypsys Sherman
LeConte VLSB RSF Boalt Kresge PeoplesPark Castro NorthGate ALS
Bowles Mulford Calvin Etcheverry LaVals Graduate Crescent
Wurster Wurster Zellerbach
Greek Greek
Bechtel Maxwell Baker Barrows Simons TacoBell Strada Edwards Daiso RoseGarden Easterly AlphaSigmaPhi
Unit2 Unit2 IndianRock
CVStarr Unit3 CKerr WayWest Ridge
Safeway Safeway
Wilde Wilde
Wolf Wolf
McCone Spats PiLambda PiAlphaPhi
Cory Extension
StrawberryCreek StrawberryCreek
BearFoodCourt BearFoodCourt
