azv oqv rti azv xie hyb yiy wpu yvc jwx dqy ijd ovx ctf gei cim wcd hob pzr hwc scm qzx hlc rcw uua vxn rfl uyd gfr zuz ivp lmh zuz rov jvc ryg hcc hsi cwq gcw mtd ipq yfq ncc vfq eqa mis boc mpw cib ufa txp sau hip yiy azv
48
wcd wcd
mis mis
rfl rfl
gei gei
azv azv
rti rti
zuz zuz
oqv oqv
scm aur scm
hip hip
hcc hcc
cwq brw cwq
yvc yvc
ipq ipq
ufa ufa
uua uua
hlc hlc
hwc hwc
xie xie
yiy yiy
pzr pzr
ctf ctf
gfr gfr
hsi hsi
rcw rcw
jvc jvc
hyb hyb
boc boc
sau sau
cib cib
ijd ijd
vxn vxn
mpw mpw
ivp ivp
eqa eqa
ovx ovx
lmh lmh
vfq vfq
qzx qzx
cim cim
jwx jwx
dqy dqy
rov rov
ncc ncc
uyd uyd
gcw gcw
mtd mtd
yfq yfq
