Soda BerkeleyWayWest Wheeler LeConte Foothill HavilandHall Dwinelle HearstMining HilgardHall CaliforniaHall Barrows Unit3 Campbell Cory Gilman ZellerbachHall DavisHall Moffit SouthHall RSF Soda Doe GreekTheatre LawrenceHall MemorialStadium LawrenceHall Doe Soda
18
BerkeleyWayWest Evans Campanile BAMPFA BerkeleyWayWest
Doe Doe Bowles
HearstMining HearstMining
Wheeler Wheeler
LeConte LeConte Unit2
Moffit Moffit
Dwinelle Dwinelle
SouthHall SouthHall Unit1
Gilman Gilman
CaliforniaHall CaliforniaHall
Cory BancroftLibrary DurantHall
DavisHall Stern
Campbell Campbell
GreekTheatre GreekTheatre
LawrenceHall LawrenceHall
MemorialStadium InternationalHouse
Unit3 Unit3
Foothill Foothill
