Ippudo Platano Gypsys EastAsianLibrary Campbell HearstMining Chipotle Yifang NorthHall DavisHall TukTukThai BSC ClarkKerr Stern HortonHall Underhill Homeroom TheHabit UCafe Flavia AndrewsApartment GrizzlyPeak AmoebaMusic SnackShack AmoebaMusic LeConte Cafe3 ThaiNoodle Doe JambaJuice SteamTrains Underhill Wikiwiki ACuppaTea GreekTheatre Tilden LatimerHall Jupiter TopDog Firewings Quicklys BerkeleyArtStudio Mezzo GiauqueHall Ikea Milkbomb ThaiBasil SutardjaDai Rachas NatApartment BetaLounge Ikes Fengcha UniversityVillage TToust Crossroads LiKaShing BanshoRamen Raretea InternationalHouse BobbyGPizza Marugame Gadani CaliforniaHall AshaTeaHouse Bowles Namaste StrawberryCreek Morganhall Jupiter LatimerHall Tilden Gather TraderJoes YogurtPark OptometryBuilding LaBurrita HearstGym WursterHall Spats Gather Tilden Cinnaholic TripleRock DollarTree ClarkKerr Plentea PokeBar Homeroom LaNote ExtremePizza Cafe3 LeConte AshaTeaHouse JacobsApartment Blackwell SuperDuperBurgers Blackwell JacobsApartment AshaTeaHouse Barrows Safeway BerkeleyThaiHouse SutardjaDai Rachas NatApartment HildebrandHall Soda Platano Ippudo
68
AndrewsApartment Wheeler Cornerstone AndrewsApartment UrbanOutfitters
HortonHall HortonHall Shengkee
SteamTrains KroeberHall
LatimerHall LatimerHall
Cafe3 LewisHall Cafe3
Morganhall Morganhall
Bowles Morrisonhall McDonalds
ThaiBasil MulfordHall Kips ThaiBasil EastBaySpiceCompany Muraccis
NorthHall NorthHall
OptometryBuilding OptometryBuilding
AshaTeaHouse AshaTeaHouse
Fengcha Bonchon Fengcha
Firewings Firewings
Barrows HappyLemon SproulHall BigC TenderGreens
YogurtPark Ucha SatherGate GreatChina Target
SnackShack Artichokes LowerSproul SnackShack
LaNote TacoBell LaNote
Ikes Gongcha Ikes Eureka SweetheartCafe
Yifang Yifang
UCafe UCafe
HildebrandHall TPTea
StrawberryCreek StrawberryCreek
ClarkKerr ClarkKerr
Crossroads Crossroads
Raretea Raretea
Underhill Underhill
TraderJoes TraderJoes
Safeway Safeway
Marugame Marugame
SuperDuperBurgers Pappys SuperDuperBurgers
BetaLounge BetaLounge
Spats Spats
TripleRock TripleRock
WursterHall WursterHall
Plentea Plentea
Chipotle Chipotle
BobbyGPizza ImmThai
Milkbomb Milkbomb
Campbell MemorialGlade
EastAsianLibrary EastAsianLibrary LittleCampanile
ThaiNoodle ThaiNoodle
Mezzo Mezzo
Cinnaholic Slivers
Wikiwiki Teazone Wikiwiki
PokeBar PokeBar
Quicklys Quicklys
TopDog TopDog
Gypsys Gypsys
Flavia SmokesPoutinerie PeoplesCafe TheDwight
BSC BSC
Platano Platano
JambaJuice JambaJuice
Gadani HalalGuys Gadani
ExtremePizza ExtremePizza
TheHabit TheHabit
Homeroom Homeroom
TToust Cheeseboard BobaNinja
LeConte ChezPanisse
Rachas Rachas
TukTukThai TukTukThai Venus
Gather Gather
BerkeleyArtStudio SaturnCafe BerkeleyArtStudio
Jupiter Jupiter
AmoebaMusic AmoebaMusic
GrizzlyPeak GrizzlyPeak
LaBurrita LaBurrita
BanshoRamen BanshoRamen
Namaste Namaste
