0 1 4 5 6 7 1 0 199 191 189 174 173 157 156 155 154 153 152 151 147 138 137 130 129 128 125 124 123 122 121 112 111 110 109 108 104 90 88 75 73 65 64 63 62 52 54 53 52 51 43 42 32 20 24 20 32 42 43 51 52 62 66 62 52 51 43 42 32 20 19 1 0
30
1 2 15 17
130 130
4 4
7 7
137 136
138 142 146
147 148
32 23 30 33 44
24 25
154 154
157 158 163 168 172
51 40 48
42 42
174 176 178 182 186
53 53
54 54
52 56
64 64
199 192 194
66 67
191 198
73 72 76
75 83 86 87
88 91 94 101
90 99
104 105
108 108
112 114 120
124 124
128 127
