21 152 111 188 113 171 15 5 127 126 180 181 53 150 151 191 23 160 17 157 143 185 186 33 155 165 25 179 161 93 89 141 151 175 65 48 47 116 115 119 159 117 75 137 125 124 189 37 36 35 76 31 113 81 11 41 131 197 50 59 8 101 92 91 178 63 83 82 177 183 114 105 85 107 193 194 101 8 96 97 36 29 30 167 108 79 23 160 74 136 39 38 87 139 1 139 142 149 176 146 147 55 185 186 33 34 173 172 26 72 187 20 121 74 160 17 77 44 12 13 191 151 175 163 152 21
83
1 1 3
5 5
8 7 9
11 11
13 13
15 15
17 17
48 19
21 21 45
23 23
25 25
101 27 101
29 29
31 31
33 33
35 35
37 37
39 39
41 41
124 43
47 47
50 49
119 51 119
53 53
55 55
139 57 139 169
59 59 61
63 63 71
65 65
136 67 69 145
87 73 87
75 75
77 77
79 79
81 81
83 83
85 85
89 89
91 91
93 93
197 95 195 197
97 97
142 99
105 103 105
107 107
176 109
111 111
113 113
115 115
117 117
121 121
131 123 131
125 125
127 127
34 129
116 133
188 135
137 137
141 141
143 143
147 147
149 149
151 151
152 153
155 155
157 157
159 159
161 161
163 163
165 165
167 167
171 171
173 173
175 175
177 177
179 179
181 181
183 183
185 185
187 187
189 189
191 191
193 193
