0 1 175 111 112 113 78 15 47 127 147 54 24 23 24 54 147 13 12 11 12 13 147 127 47 15 78 79 165 125 124 123 124 125 165 164 163 120 4 14 4 120 163 164 165 79 78 113 112 111 175 1 0 179 178 179 0 1 8 117 8 1 175 111 110 21 20 142 141 140 139 138 95 137 136 135 92 91 118 89 132 30 29 28 29 46 32 63 62 63 32 46 29 30 132 89 118 91 92 135 136 137 95 138 139 140 141 142 20 21 110 111 175 1 0
35
163 2 158
132 131
4 4
141 7 172
11 9 103 105 106
15 15
123 16 17 80 81 83 122 123
147 147
178 150 44 178 69 70
23 22 153 154
14 152 34
24 24
28 25 26 27 96
29 29
32 32
113 35 87 102 113
62 170 61 62 84
127 173 55 126
175 175
47 47
118 49
54 53 54
140 58
63 63
135 72 90
164 73
78 77
165 86
138 93 94
95 95
46 98 99
110 109
111 111
112 112
117 114 115 116
