Meckgue TheUniversity ShatteredPlains Braavos Dagobah TreeofTime RepublicCity ZhaoFu Sanlow Yunkai EarthKingdom UtgardMountain LakeLaogai ThePrancingPony Carvahall Urubaen FlourishBlotts HorneaterPeaks Lorien TheHogsHead Netherfort Gizton Steeltown MysticRuins TheGodswood Essos KoralReef Tartarus TheWaystoneInn TheArcanum GooLagoon Keld Murkcairn Ellesmera Vexhollow Ademre SerpantsPass Winterfell Meereen Essos VaultofSouls EasternAirTemple TheVale TheBoilingRock BeyondtheWall TheSpine TheHogsHead Larcbost Gizton Beldenn Grayburn Millingburg TheKrustyKrab Eggmanland Boatwright BayofDragons Kinecardine VaultofSouls Meckgue
48
RepublicCity RepublicCity
LakeLaogai LakeLaogai LeakyCauldron
Gizton Gizton
TheWaystoneInn TheWaystoneInn
TreeofTime TreeofTime
Steeltown Steeltown
Lorien Lorien
ShatteredPlains ShatteredPlains
Braavos Braavos
Ademre Ademre
Dagobah Dagobah
Carvahall Carvahall
TheHogsHead TheHogsHead
KoralReef KoralReef
Meckgue Meckgue
Murkcairn Murkcairn
Tartarus Tartarus
Yunkai Yunkai
EarthKingdom EarthKingdom
Netherfort Netherfort
Sanlow Sanlow Gotham
TheVale TheVale
Keld Keld
ThePrancingPony ThePrancingPony
GooLagoon GooLagoon
Meereen Meereen
UtgardMountain UtgardMountain
Ellesmera Ellesmera
Urubaen Urubaen
FlourishBlotts FlourishBlotts
Grayburn Grayburn
ZhaoFu ZhaoFu
Winterfell Winterfell
TheUniversity TheUniversity
BeyondtheWall BeyondtheWall
Larcbost Larcbost
EasternAirTemple EasternAirTemple
Beldenn Beldenn
TheBoilingRock TheBoilingRock
MysticRuins MysticRuins
TheGodswood TheGodswood
Vexhollow Vexhollow
VaultofSouls VaultofSouls
TheArcanum TheArcanum
TheKrustyKrab TheKrustyKrab
Eggmanland Castamere
TheSpine TheSpine
Kinecardine Kinecardine
