21 54 110 97 37 2 146 118 134 94 159 40 35 61 147 29 115 27 31 133 184 151 144 122 163 129 102 167 90 30 23 179 48 44 95 149 49 74 64 34 120 16 14 60 32 169 114 82 148 91 47 7 127 15 42 4 156 160 130 136 81 88 18 68 194 108 36 168 125 154 100 137 72 53 87 20 85 62 170 172 24 116 46 177 51 12 103 196 139 135 131 152 176 186 190 188 56 178 78 96 75 45 21
92
2 2
7 7
30 10 30 180
14 14
15 15
16 16
163 17 163
18 18
20 20
21 21 121
23 23
24 24
27 27
29 29
31 31
32 32
34 34
36 36
37 37
116 38 116
40 40
42 42
45 45
46 46 105
47 47
48 48
49 49
51 51
53 53
54 54 142
56 56
60 60
61 61
62 62
64 64
68 68
72 72
74 74
75 75
78 78
81 81
82 82
87 87
88 88
90 90
91 91
95 95
96 96
97 97
100 100
102 102
103 103
108 108
114 114
115 115
118 118
178 119 178
120 120
122 122
125 125
127 127
130 130
131 131
133 133
134 134
135 135
136 136
137 137
139 139
144 144
146 146
147 147
149 149
151 151
152 152
154 154
156 156
159 159
160 160
167 167
168 168
169 169
170 170
172 172
176 176
177 177
184 184
186 186
188 188
190 190
194 194
196 196
