AAA AAB ABB ABC AAC AAB ABB ACB ACA ADA BAA BAB BBB BBC BAC BAB BBB BCB BCA BDA CAA CAB CBB CBC CAC CAB CBB CCB CCA CDA DAA DAB DBB DBC DAC DAB DBB DCB DCA DDA EAA EAB EBB EBC EAC EAB EBB ECB ECA EDA FAA FAB FBB FBC FAC FAB FBB FAB FAA EDA ECA EBA EAA DDA DCA DBA DAA CDA CCA CBA CAA BDA BCA BBA BAA ADA ACA ABA AAA
23
AAC AAD
ABB ABB
ABC ABC ACD ADD
ACB ACB
BAC BAD
BBB BBB
BBC BBC BCD BDD
BCB BCB
CAC CAD
CBB CBB
CBC CBC CCD CDD
CCB CCB
DAC DAD
DBB DBB
DBC DBC DCD DDD
DCB DCB
EAC EAD
EBB EBB
EBC EBC ECD EDD
ECB ECB
FAC FAD
FBB FBB FCB
FBC FBC FCD FDD
