Soda Location50 Location190 Location56 Location99 Location19 Location25 Location112 Location41 Location102 Location119 Location39 Location89 Location127 Location123 Location118 Location66 Location191 Location29 Location180 Location12 Location60 Location27 Location115 Location143 Location33 Location188 Location168 Location119 Location42 Location120 Location72 Location105 Location30 Location187 Location75 Location184 Location189 Location172 Location17 Location129 Location135 Location9 Location158 Location154 Location117 Location57 Location88 Location163 Location36 Location145 Location14 Location179 Location48 Location16 Location125 Location26 Location46 Location121 Location40 Location164 Location19 Location115 Location144 Location64 Location124 Location70 Location49 Location2 Location174 Location149 Location104 Location191 Location181 Location84 Location65 Location144 Location64 Location133 Location43 Location151 Location43 Location133 Location134 Location190 Location176 Location38 Location24 Location159 Soda
69
Location27 Location0 Location27 Location131
Location50 Location1 Location50
Location30 Location3 Location30 Location34
Location176 Location8 Location176
Location9 Location9
Location89 Location10 Location11 Location89 Location128
Location12 Location12
Location16 Location16
Location19 Location19
Location25 Location25
Location151 Location28 Location132 Location151
Location29 Location29
Location120 Location32 Location116 Location120
Location33 Location33
Location36 Location36
Location38 Location38
Location39 Location39
Location40 Location40 Location162
Location41 Location41
Location42 Location42
Location43 Location43 Location182
Location46 Location46
Location48 Location48
Location49 Location49
Location56 Location56 Location113
Location57 Location57
Location60 Location60
Location65 Location62 Location147
Location64 Location64
Location70 Location70
Location72 Location72
Location26 Location74 Location87
Location75 Location75
Location88 Location88
Location66 Location90
Location99 Location99
Location134 Location101 Location134
Location102 Location102
Location104 Location104
Location105 Location105
Location112 Location112
Location115 Location115
Location118 Location118
Location119 Location119
Location123 Location123 Location173
Location125 Location125
Location127 Location127
Location129 Location129
Location135 Location135
Location184 Location142 Location184
Location143 Location143
Location144 Location144
Location145 Location145
Location149 Location149
Location154 Location154
Location158 Location158
Location163 Location163
Location164 Location164
Location168 Location168
Location172 Location172
Location179 Location179
Location180 Location180
Location181 Location181
Location187 Location187
Location188 Location188
Location189 Location189
Location190 Location190
Location191 Location191
Soda Soda
