0 18 13 117 85 89 81 37 60 49 144 78 55 52 68 7 56 38 193 80 93 25 4 97 69 72 64 26 47 62 77 42 110 35 36 5 99 34 12 19 154 14 40 94 23 15 61 28 76 20 51 105 51 32 57 29 39 63 86 161 142 27 157 54 84 1 70 17 184 24 100 67 177 16 6 96 22 75 153 53 10 50 90 45 44 65 102 73 112 30 79 66 47 46 154 133 92 83 88 126 87 59 134 181 0
86
13 13 21 82
97 97
37 48 37
133 31
87 87 98
83 95 83
81 81
44 44
17 17
177 74
29 29
40 40
4 4
25 25 33
16 16
85 85
88 88
6 6
86 86
68 68
93 93 43 71 11
75 75
53 53
50 50
0 3 0
70 70
61 61 9
62 58 62
19 19
60 60
64 64
73 73
46 46
80 80
14 14
52 52
42 42
99 99
49 49
34 34
65 65
27 27 41
22 22
79 79
18 18
5 5
1 1
15 15
55 55
153 2
84 84
20 20
54 54
94 94
69 69
66 66
92 92
32 32
10 10
28 28
56 56
38 38
78 78
90 90
24 24
47 47
12 12
7 7
59 59
72 72
45 45
23 23
63 63
57 57
67 67
35 35
36 36
89 89
39 39
105 8
30 30 91
26 26
96 96
76 76
77 77
51 51
