0 24 132 126 162 100 182 40 44 142 192 104 58 108 89 138 186 136 82 128 32 14 46 8 144 123 12 18 42 84 96 112 84 48 97 146 166 198 134 130 154 106 178 188 88 34 194 60 57 176 92 140 99 14 86 158 98 120 80 172 7 30 2 114 94 86 102 90 78 171 74 190 64 20 155 122 28 76 196 39 6 47 72 40 99 116 170 84 160 118 54 160 103 52 151 150 174 184 131 22 19 62 148 77 16 163 168 162 36 29 156 70 66 38 50 192 0
91
0 0
2 2
90 4 90
6 6
8 8
160 10 160
12 12
14 14
16 16
18 18
20 20
22 22
24 24
89 26 152
28 28
30 30
32 32
34 34
36 36
38 38
40 40
42 42
44 44
46 46
48 48
50 50
52 52
54 54
92 56 68 92
58 58
60 60
62 62
64 64
66 66
70 70
72 72
74 74
76 76
78 78
80 80
82 82
84 84
86 86
88 88
94 94
96 96
98 98
100 100
102 102
104 104 164
106 106
108 108
176 110 176 180
112 112
114 114
116 116
118 118
120 120
122 122
130 124 130
126 126
128 128
132 132
134 134
136 136
138 138
140 140
142 142
144 144
146 146
148 148
150 150
154 154
156 156
158 158
162 162
166 166
168 168
170 170
172 172
174 174
178 178
182 182
184 184
186 186
188 188
190 190
192 192
194 194
196 196
198 198
