Egsmith Barnton Wychbourne Cookford Chelmbeck Flitgrove Sudtree Wenwold Stainby Brackbrough Wenbeck Watchcombe Pemlow Sudwich Wetwick Nortley Stainbrough Blanworth Durnell Burfield Wywick Wychbeck Staplake Penborne Shaftbridge Watchavon Alfchester Wenside Burbourne Sodey Egavon Wychbourne Cookford Farnsmith Wychsmith Chelmwang Hurstlow Edgey Shaftbage Ashdown Aldover Sudwich Barnton Egsmith
31
Aldover Chelmden
Barnton Barnton Stapbeck Ashbourne
Sudtree Leathermere Sudtree
Chelmbeck Chelmbeck
Alfchester Alfchester
Wychsmith Wychsmith
Brackbrough Brackbrough
Nortley Nortley
Wychbourne Wychbourne Wychnell
Penborne Penborne
Egavon Egavon
Wywick Wywick
Chelmwang Chelmwang
Ashdown Ashdown
Shaftbridge Shaftbridge
Stainbrough Stainbrough Egtree
Egsmith Waltditch
Wenside Wenside
Wenwold Wenwold
Stainby Stainby
Shaftbage Shaftbage
Staplake Staplake
Wenbeck Wenbeck
Wychbeck Wychbeck
Cookford Cookford
Farnsmith Farnsmith
Flitgrove Flitgrove
Pemlow Pemlow
Edgey Edgey
Burbourne Burbourne
Wetwick Wetwick
