Chelmbourne Edgwich Staintree Elgrove Wenborough Prestey Sudwich Enlow Waltbrook Hornley Pemwold Melborne Egcastle Nortcastle Brainbridge Sodside Bracklow Leatherlow Alfby Stapwell Shrivlow Flitham Enbage Stainside Whitover Stainhall Southmere Shrivside Edglow Dartsted Kingsbrook Wenden Rocktree Hurstworth Edgchester Horncester Cookton Egborne Alfcastle Barnham Stapmoor Stapthorne Cookbrook Enlow Maidenden Hartbage Barngrove Prestdon Stainden Casford Alfwell Marlton Stapwold Chelmbourne
43
Hornley Hornley Durditch
Pemwold Pemwold
Dartsted Dartsted Barnside
Bracklow Bracklow Pemwood
Sudwich Sudwich
Stapmoor Stapmoor
Flitham Kingsley Flitham
Stapwell Stapwell
Edgchester Sudworth Edgchester Wenwang
Chelmbourne Shaftwich
Alfwell Aldhall Alfwell
Wenden Wenden
Enlow Enlow
Wenborough Wenborough
Southmere Southmere
Waltbrook Waltbrook
Whitover Whitover
Marlton Marlton
Stapthorne Stapthorne
Egborne Egborne
Rocktree Cleredon Whitborough Bursted Rocktree Horndown Staflow Cookbridge
Stainside Stainside
Hartbage Hartbage
Prestey Prestey
Barnham Barnham
Casford Casford
Alfby Leatherlake Elside Alfby
Prestdon Prestdon
Hurstworth Hurstworth
Stainhall Stainhall
Enbage Enbage
Nortcastle Whitavon
Shrivlow Shrivlow
Sodside Sodside Wyhead
Staintree Staintree
Shrivside Shrivside
Edgwich Edgwich
Horncester Horncester
Brainbridge Brainbridge
Egcastle Egcastle
Elgrove Elgrove
Leatherlow Leatherlow
Cookton Cookton
