Whitgrove Sodberling Ellerbridge Boothingchester Sundendford Botbeck Whitringlake Milthorne Rothingcombe Faldenhall Wethampton Egsted Southmere Ribberrenston Farnditch Abglewold Wychditch Rothendcombe Bastlebury Emmerley Tippendham Basditch Hampingcastle Waltbeck Cannerthorne Elside Wetsmith Warsmith Falderbrough Marlbrook Wychchester Prestwick Reddendeney Worhall Hampingworth Bursmith Hannersmith Shaftborough Wychcompwold Sirenshall Hampingbascombe Wetwick Stapbrook Skellingover Candleswick Endleshall Dartden Tippingbage Blansbrook Fullensborne Sundlethorne Abgleham Siavon Horsnell Warsmith Horstleover Cireport Leatherport Alfmere Hamscombe Skelberden Sodport Durbrook Falderseythorne Penby Stapbrough Fulhampton Tipstoke Burlake Windleshead Casbrook Redcombe Siey Worhall Alddleringworth Bothenhall Worrenberwang Ellerbridge Sodberling Bromstanham Clereennell Botbeck Abcester Sifield Enderbeck Marlbeck Tippenbrook Worberney Whitgrove Dribblecombe Falworth Elfield Hamwold Wendleringdown Redwich Bothenton Chelmdenmoor Ketnell Staplow Ketchester Boothingmanstree Warsmith Falderbrough Southbury Bassinghead Nortwell Marlcester Dartdown Hamscombe Worford Dribberham Wychcompwold Boothingchester Ellerbridge Sodberling Whitgrove
86
Hampingworth Hampingworth
Staplow Staplow
Wetsmith Wetsmith
Horsnell Horsnell
Boothingmanstree Boothingmanstree
Bastlebury Bastlebury
Sodport Sodport
Sirenshall Sirenshall
Alfmere Alfmere
Emmerley Emmerley
Cireport Skellenshot Cihead
Prestwick Prestwick Egmerhampton
Worhall Worhall
Rothendcombe Rothendcombe
Nortwell Nortwell Todhampton
Stapbrough Eley Stapbrough
Wetwick Wetwick
Worrenberwang Worrenberwang
Sifield Sifield
Blansbrook Blansbrook
Bromstanham Bromstanham
Falworth Falworth
Abcester Abcester
Falderseythorne Falderseythorne
Leatherport Leatherport
Elside Elside
Tippenbrook Tippenbrook
Dartden Dartden
Durbrook Durbrook
Hampingcastle Hampingcastle
Dribblecombe Dribblecombe
Sundendford Chedworth Sundendford
Tippendham Tippendham
Ketchester Watchlake Ketchester Farndlesover
Basditch Basditch
Tipstoke Tipstoke
Dribberham Dribberham
Whitgrove Whitgrove
Boothingchester Wycastle Bootwick
Rothingcombe Rothingcombe
Bothenhall Bothenhall
Reddendeney Reddendeney
Burlake Endleberey
Candleswick Candleswick
Hamwold Hamwold
Sundlethorne Sundlethorne
Shaftborough Shaftborough
Whitringlake Whitringlake
Enderbeck Enderbeck
Penby Penby
Casbrook Casbrook
Siavon Siavon
Farnditch Farnditch
Botbeck Botbeck
Abglewold Abglewold
Southmere Southmere
Endleshall Suddenmoor Melwood
Milthorne Milthorne
Clereennell Clereennell
Egsted Egsted
Ellerbridge Ellerbridge Suddingover
Ribberrenston Ribberrenston
Wychchester Wychchester
Cannerthorne Cannerthorne
Ketnell Ketnell Toddenmoor
Worford Worford Rotherlow
Skellingover Skellingover
Southbury Southbury
Horstleover Horstleover Endingnell
Abgleham Abgleham
Wendleringdown Wendleringdown
Skelberden Skelberden
Waltbeck Waltbeck Staincombe
Elfield Wolley
Hampingbascombe Hampingbascombe
Wethampton Wethampton
Bursmith Bursmith
Siey Siey
Sodberling Sodberling
Bothenton Bothenton
Tippingbage Tippingbage
Marlcester Marlcester
Faldenhall Faldenhall
Wychcompwold Wychcompwold
Marlbrook Marlbrook
Redcombe Redcombe
