Warfield Chilbury Brackcompwang Chelmstanwell Hammerringey Skelling Suddleborne Cammerrensmoor Wyborne Cambingstoke Todtree Worhall Dribbingworth Leatherbleside Ketsmith Whitchester Siringwang Chedtree Burglebrough Sudsmith Elmansham Chedderrenswich Cannerthorne Tipwick Ashborne Hannenmanswick Hamsling Soddlewick Falport Skellingden Dribblewick Windling Millendon Fulbage Emmerdown Bastleseyham Horndlecompside Stainbrough Fulbourne Stainbrough Worberbrook Bothingney Pendingbrook Ketsmith Warfield
36
Worhall Barndberbrough Worhall
Pendingbrook Suddlecastle Pendingbrook
Chedtree Chedtree Suddleover
Millendon Ashfield Millendon
Suddleborne Suddleborne Ketport
Soddlewick Soddlewick
Cambingstoke Chippingsted Ellingreham Cambingstoke Basringney Suddlecombe
Burglebrough Burglebrough
Elmansham Elmansham
Worberbrook Worberbrook
Whitchester Whitchester
Warfield Warfield
Chilbury Chilbury
Windling Windling
Leatherbleside Leatherbleside
Cammerrensmoor Cammerrensmoor
Falport Botherseyworth Pendlewood Cicombe Falport
Tipwick Tipwick
Chelmstanwell Chelmstanwell
Bothingney Horstlescompstoke
Hannenmanswick Hannenmanswick
Fulbourne Chiphead Southbasport
Skellingden Skellingden
Brackcompwang Brackcompwang
Dribbingworth Dribbingworth
Stainbrough Stainbrough Northall
Todtree Todtree
Bastleseyham Bastleseyham
Chedderrenswich Chedderrenswich
Hammerringey Hammerringey
Ashborne Ashborne
Wyborne Wyborne
Siringwang Siringwang
Hamsling Hamsling
Sudsmith Sudsmith
Skelling Skelling
