Plano SantaClara Rockford Riverside SantaClara Irving Pasadena MorenoValley Norman Sunnyvale Warren SanFrancisco Rochester OklahomaCity Cary LasVegas Miami Cincinnati Tallahassee Hampton Olathe Irvine Mobile Hartford Dallas Worcester Mesquite Joliet Thornton Anchorage Salinas GardenGrove CedarRapids SanAntonio NewHaven Davidson Houston Pomona Spokane CorpusChristi SantaClarita Fremont Madison Knoxville Brownsville Corona Surprise NewOrleans Surprise Greensboro Salinas Chicago Denton Raleigh Glendale Tampa Laredo SantaRosa Stamford Glasses Hollywood Escondido Akron Fontana SanJose LosAngeles Lancaster Torrance Elizabeth Anaheim JerseyCity Pikachu Lafayette Huntsville Omaha Denver Hayward Topeka OWO Mesa Montgomery Beaumont Vancouver WestValleyCity Vallejo AnnArbor FortLauderdale Norfolk Reno LouisvilleJefferson Tulsa SantaAna Lincoln PembrokePines Wichita Lafayette Arlington Portland GrandPrairie McAllen ThousandOaks SantaRosa Plano
83
Vancouver Vancouver
Sunnyvale Sunnyvale
Irvine LittleRock Irvine
Mobile Mobile AugustaRichmond SimiValley HuntingtonBeach
SanJose SanJose
FortLauderdale FortLauderdale
Pomona Pomona
Omaha Garland Ontario Omaha
SantaClarita SantaClarita
SantaRosa SiouxFalls FortCollins SantaRosa
Mesquite Mesquite
Rockford Rockford
AnnArbor StLouis AnnArbor
GrandPrairie GrandPrairie
Beaumont Oxnard Atlanta Beaumont
Irving Irving
Norman Norman
Anchorage Anchorage
JerseyCity JerseyCity
GardenGrove GardenGrove
Stamford Allentown Stamford Killeen
Laredo Laredo
Olathe Olathe
SanFrancisco SanFrancisco
Tulsa Tulsa
Davidson Davidson
Montgomery Montgomery
Greensboro Greensboro
Portland Portland
OklahomaCity OklahomaCity
Mesa Charleston Memphis Mesa
CorpusChristi CorpusChristi
Corona Corona
Cary Cary
Denver Denver
Escondido Escondido
Lincoln Lincoln
Anaheim Anaheim
OWO OWO
Vallejo Vallejo
Hayward Hayward Waco
Dallas Dallas
Chicago Chicago
Huntsville Huntsville
Wichita Wichita
Akron Akron
Denton Denton
Cincinnati Cincinnati
Brownsville Brownsville
Glendale Glendale
Madison Madison
Hartford Hartford
Lancaster Lancaster
Thornton Thornton
Hampton Hampton
ThousandOaks ThousandOaks
Torrance Torrance
NewOrleans NewOrleans
Surprise Surprise
Norfolk Norfolk
LouisvilleJefferson LouisvilleJefferson
Warren Warren
Hollywood Hollywood
Riverside Riverside
Raleigh Raleigh
McAllen McAllen
Pikachu Pikachu
LasVegas LasVegas
Worcester Worcester
Glasses Glasses
Tampa Tampa
MorenoValley MorenoValley
Knoxville Knoxville SanBernardino
SantaClara SantaClara
Houston Houston
Miami Miami
NewHaven NewHaven
Elizabeth Elizabeth
Pasadena Pasadena
Salinas Salinas
Fremont Fremont
Lafayette Lafayette
SanAntonio SanAntonio
