Waco SanAntonio MorenoValley OverlandPark AnnArbor SaltLakeCity Rochester Oski Irving SantaClara ChulaVista Peoria OverlandPark SterlingHeights OWO AthensClarkeCounty SanFrancisco Richmond Aurora KansasCity Omaha Palmdale StPaul Victorville SanBernardino Stamford Clarksville Palmdale SterlingHeights OverlandPark Waco
20
Clarksville Clarksville
Stamford Cary Stamford
AnnArbor AnnArbor
Richmond Richmond
Palmdale FortWayne Palmdale
StPaul StPaul
SanAntonio SanAntonio
Rochester Rochester
Victorville FortCollins
AthensClarkeCounty AthensClarkeCounty
OWO LexingtonFa OWO
ChulaVista ChulaVista
Irving Irving
OverlandPark Newark Lincoln
SaltLakeCity Detroit SaltLakeCity
SterlingHeights SterlingHeights
SanBernardino SanBernardino
MorenoValley MorenoValley
Omaha Omaha
SanFrancisco SanFrancisco
