0 185 23 153 115 107 155 128 28 187 154 114 17 5 160 8 135 182 50 125 19 89 98 2 39 193 21 190 87 43 137 129 152 143 175 173 122 184 72 78 52 199 59 106 177 94 17 96 124 15 16 116 66 188 22 74 38 145 26 167 69 176 51 164 111 112 135 83 130 9 103 31 151 24 169 67 56 39 193 27 3 35 157 138 178 70 175 117 14 13 102 75 81 123 42 159 141 191 101 196 18 110 80 112 100 183 88 130 9 4 3 68 122 120 12 46 84 131 140 71 8 135 93 22 188 0
88
0 0
154 1 146 154 174
2 2
3 3
4 4
5 5
8 8 20
9 9
87 11
13 13 197
14 14
15 15
16 16
17 17
18 18
21 21
22 22
23 23
24 24
26 26
27 27
28 28
31 31
42 33 42
35 35
38 38
39 39
43 43
129 47 129
50 50
51 51
52 52
56 56
59 59
128 65 128
66 66
67 67 134 172
68 68
69 69
70 70
71 71
72 72
74 74 86
78 78
80 80
81 81
83 83
84 84
89 89
93 93
94 94
96 96
98 98
100 100
101 101
102 102
103 103
107 107
111 111
114 114 166
115 115
116 116
120 120
125 125
130 130
122 133
137 137
138 138
141 141
143 143
151 151
152 152
153 153
157 157
123 158
159 159
160 160
164 164
167 167
173 173
177 177
182 182
183 183
184 184
187 187
190 190
193 193
199 199
