vLeODpVlYSBeYNDYoXha uyPyJzKFqWxgSNmpkDrB zxeoSbTqbWPpSzalAtBI MlwlINEFqmyzZNPXRLJF tVzUgXVoBYxBMnkkwFmk ZbyHJLmoTqNpTnlUVJZC fPxvnMVMFwhJbNBURdgD FqdjKgdpEanmCnmxJMFA ybrQlUhznqOhsvndWAbl ruLqpYqEzGGiKysvsarb AdXveYSBaneNwCQzrdSw QkAjrUUuVdzSMnlfJLcO gMqbbwopmbxmOomqZjfm gIttwvzcgONwFblnGIqq NciLXNPTvMoXdbTDZmlg CmbFyJmcvVqyCmJgQxeI fHcdXnOxSadpKeCUwNYm NAHeKyyhAObyyUEUSkSU gMqbbwopmbxmOomqZjfm gIttwvzcgONwFblnGIqq gzxzakmqbxbsOczuQVLG DDEuYWXXufMefzDjgEFm CfkBzkPETvagyIDCsLTD iDucfyZGMCbCQbXjbQqM jzQJaGLLiuQLhhyqBagr iBYHAWUhqeQPjphQzpdN mevvwcZLudaokctOWvKe FcEsyaTmqpoyvbDrHjlc TCAkluAESUWAMGFeNcGN OVoYVQPnlYoZBBKtyuLk CPszTohYUHARNedzFlDK pdXCnKagnvEntNTuPHdK dyUDfEGgAoSshTRjMZZg zxeoSbTqbWPpSzalAtBI JfHUEGGyknWmebdthZai TwgqMzgExFHTIfcwfBnr cZgmtoPGHxdozTaDMiyf DWWCMAjZQQIEKOIiHFQN WmmYcOLuPvixLDMigGIN LGqbVTsFMANIedVHAALW WCCOEUYmDvzZlrkDAqoi xQaDpDGAXhDYzSMnMWvb FEqXJcVrZfnSsHEUPhnl sdSgCnaZeeOuPKljZOSr sXfgLMwoysnMazVSWnhc fvEcAuRDdfuHEPLNpaTz fHcdXnOxSadpKeCUwNYm CmbFyJmcvVqyCmJgQxeI gMqbbwopmbxmOomqZjfm ZjjqpiSiaWnmxJgUtucv aCucdhmWbhlrgfstQigR ZbyHJLmoTqNpTnlUVJZC fPxvnMVMFwhJbNBURdgD vGdJmIpYPUGRspXiVLdc fPxvnMVMFwhJbNBURdgD ZbyHJLmoTqNpTnlUVJZC uyPyJzKFqWxgSNmpkDrB vLeODpVlYSBeYNDYoXha
39
fvEcAuRDdfuHEPLNpaTz fvEcAuRDdfuHEPLNpaTz
ybrQlUhznqOhsvndWAbl ybrQlUhznqOhsvndWAbl
CfkBzkPETvagyIDCsLTD CfkBzkPETvagyIDCsLTD
JfHUEGGyknWmebdthZai QQSjCkgLAWAPObYQvNsB RjKEHTlRvtaVBbyqZVAw
AdXveYSBaneNwCQzrdSw AdXveYSBaneNwCQzrdSw
gzxzakmqbxbsOczuQVLG gzxzakmqbxbsOczuQVLG gEufXNuuWhnlbNYaoQFJ DqUxIMslnixWfmkjQTmS iBjjCWwkYToOKfrrLnny TqyFrXuGvuBuqnpYbjKc
mevvwcZLudaokctOWvKe VhDSPHxolLkNxxDnpUyx NVEtShKeuxpaFIOiyVqE mlipOrSnGcxXtoXBbRyl PLDOWRIeaCSVLMyDadzC
zxeoSbTqbWPpSzalAtBI zxeoSbTqbWPpSzalAtBI
xQaDpDGAXhDYzSMnMWvb xQaDpDGAXhDYzSMnMWvb
FEqXJcVrZfnSsHEUPhnl ASXwCgVTXDdhSXJwFovC jwIBHKkXHTPVsOJwBOsr
QkAjrUUuVdzSMnlfJLcO QkAjrUUuVdzSMnlfJLcO
dyUDfEGgAoSshTRjMZZg dyUDfEGgAoSshTRjMZZg
TwgqMzgExFHTIfcwfBnr TwgqMzgExFHTIfcwfBnr
aCucdhmWbhlrgfstQigR BXzACdzjLITNgbmDPlEu aCucdhmWbhlrgfstQigR
cZgmtoPGHxdozTaDMiyf cZgmtoPGHxdozTaDMiyf
jzQJaGLLiuQLhhyqBagr jzQJaGLLiuQLhhyqBagr
FqdjKgdpEanmCnmxJMFA fToHwimUqLsKcKLZHiUX
iDucfyZGMCbCQbXjbQqM iDucfyZGMCbCQbXjbQqM
pdXCnKagnvEntNTuPHdK pdXCnKagnvEntNTuPHdK
MlwlINEFqmyzZNPXRLJF MlwlINEFqmyzZNPXRLJF
ruLqpYqEzGGiKysvsarb ruLqpYqEzGGiKysvsarb
NciLXNPTvMoXdbTDZmlg NciLXNPTvMoXdbTDZmlg
gIttwvzcgONwFblnGIqq gIttwvzcgONwFblnGIqq
NAHeKyyhAObyyUEUSkSU NAHeKyyhAObyyUEUSkSU
vLeODpVlYSBeYNDYoXha cvlwIwajcIlbhZbyFgmq
iBYHAWUhqeQPjphQzpdN iBYHAWUhqeQPjphQzpdN
vGdJmIpYPUGRspXiVLdc sBkAYRISjTYinLFSNcKW
fPxvnMVMFwhJbNBURdgD fPxvnMVMFwhJbNBURdgD
CPszTohYUHARNedzFlDK CPszTohYUHARNedzFlDK
sXfgLMwoysnMazVSWnhc sXfgLMwoysnMazVSWnhc
gMqbbwopmbxmOomqZjfm UgFPXEAdAfcfHGIbNTsq gMqbbwopmbxmOomqZjfm
FcEsyaTmqpoyvbDrHjlc FcEsyaTmqpoyvbDrHjlc
fHcdXnOxSadpKeCUwNYm fHcdXnOxSadpKeCUwNYm
WCCOEUYmDvzZlrkDAqoi WCCOEUYmDvzZlrkDAqoi
OVoYVQPnlYoZBBKtyuLk OVoYVQPnlYoZBBKtyuLk
CmbFyJmcvVqyCmJgQxeI CmbFyJmcvVqyCmJgQxeI
uyPyJzKFqWxgSNmpkDrB uyPyJzKFqWxgSNmpkDrB
tVzUgXVoBYxBMnkkwFmk tVzUgXVoBYxBMnkkwFmk
DWWCMAjZQQIEKOIiHFQN DWWCMAjZQQIEKOIiHFQN
