Jingzhou Ghugus Veenendaal Shizunaifurukawacho Shumen Jeypore Malnate Kheri Carouge Carmichael elCampello NiagaraFalls Chittaranjan BurgbeiMagdeburg Kabarnet Tabatinga Colachel Ibri Rembangan Thamaga Bejucal TanahMerah LondonderryCountyBor Radnor RioFormoso AzZuwaytinah Ronse Ketrzyn SanJosedeOcoa Tottori Kiruna Srinagar Kirovsk KrasnoyeSelo Ouarzazat Entroncamento Chegem Khabarovsk Crespo Falun Lysva Shively Geilenkirchen Ermelo Kheri Gangtok BeneBeraq TarguSecuiesc JabalosSaraj Sanaa Manduria Khangarh CoonRapids Fredericia Jingzhou
45
CoonRapids Sagalo CoonRapids
Ghugus Ghugus
Sanaa Sarzedo Sanaa
Khabarovsk Khabarovsk
JabalosSaraj JabalosSaraj
SanJosedeOcoa SanJosedeOcoa
elCampello elCampello
Chegem Chegem
Manduria Manduria
Tottori Tottori
Rembangan SaintMichael Rembangan
RioFormoso RioFormoso
Ketrzyn Ketrzyn
Crespo Crespo
AzZuwaytinah AzZuwaytinah
Kirovsk Kirovsk
Ermelo Ermelo
Thamaga Thamaga
Srinagar Srinagar
Shively Shively
Ronse Ronse
LondonderryCountyBor LondonderryCountyBor
Radnor Radnor
Ouarzazat Ouarzazat
Lysva Lysva
Entroncamento Entroncamento
Colachel Colachel
Falun Rangae
Tabatinga Tabatinga
BeneBeraq BeneBeraq
Ibri Ibri
Gangtok Gangtok
Carouge Carouge Depok
Shumen Shumen
Chittaranjan Chittaranjan
Jeypore Jeypore
Malnate Malnate
BurgbeiMagdeburg BurgbeiMagdeburg
Kabarnet Kabarnet
TanahMerah FortLauderdale TanahMerah
Shizunaifurukawacho Shizunaifurukawacho
Veenendaal Veenendaal
Bejucal Bejucal
Kheri Kheri
Carmichael Carmichael
