LesLilas AinBessem Aracuai Zhaodong Geiro Skelmersdale FortWorth Acireale Baramula Sorada SouthSaintPaul Kemise Shurugwi Manacapuru Gorgan Shimofurano Arzamas Sobue Kambove ChalcodeDiazCovarrub BlueIsland Kotka PortoVelho FetestiGara Embu Tabou EastLongmeadow Mocoa Fuxin Nagar Escada Pozzuoli Haripur Khulm Lloydminster SpanishTown Kineshma Pezinok Belalcazar Oerlinghausen Anjarah Rhondda Mabopane Prostejov Braila Bury PriegodeCordoba Turek Andrychow SanJuandelaMaguana NoblePark Acarau Akcaabat Mauban WestIslip Pinner GuaMusang Sosnovka Daokou Hangu Wenchi Itororo Shchekino Angleton SantanadoLivramento SaintCyrlEcole Haora TagbilaranCity Hirosaki Ibirataia Ontinyent Vyazniki Marchena Garbsen Ortaca Morwa Korsakov NahiyatashShinafiyah SenaMadureira Twante Rivas Espiye GongdanglegiKulon VillaPauladeSarmient KotRadhaKishan HaciendaLaCalera Protaras SenadorPompeu Gunzenhausen ChalcodeDiazCovarrub MineralnyeVody MadinatHamad AinArnat Battambang Mandan Butuan Kaifeng Aringay AshtonunderLyne Shchekino CapimGrosso MonteAlegre Alnavar Wangon EastLongmeadow Gowurdak Hangu Vaniyambadi Yafo Shieli Lembang Acireale Langenhorn Ibirataia Izhevsk KotRadhaKishan Naron LesLilas
98
Kaifeng Kaifeng
Gorgan Gorgan
Fuxin Fuxin
Zhaodong Zhaodong
Anjarah Anjarah
VillaPauladeSarmient VillaPauladeSarmient
PriegodeCordoba PriegodeCordoba
HaciendaLaCalera HaciendaLaCalera
Twante Twante
Ontinyent Ontinyent
SaintCyrlEcole SaintCyrlEcole
Mocoa Mocoa
AshtonunderLyne AshtonunderLyne
Izhevsk Izhevsk
Wenchi Wenchi Johnston
Hirosaki Hirosaki
Gowurdak Gowurdak
Embu Embu
Espiye Espiye
AinArnat AinArnat
EastLongmeadow EastLongmeadow
Daokou Daokou
SpanishTown SpanishTown
Vaniyambadi Vaniyambadi
Aracuai Aracuai
Shieli Shieli
MineralnyeVody MineralnyeVody
Oerlinghausen Oerlinghausen
Kemise Kemise
Langenhorn Langenhorn
Sosnovka Sosnovka
Baramula Baramula
MadinatHamad MadinatHamad
WestIslip WestIslip
Acarau Acarau
GuaMusang GuaMusang
FortWorth FortWorth
Tabou Tabou
Manacapuru Manacapuru
NoblePark NoblePark
Sorada Sorada
Yafo Yafo
Ibirataia Ibirataia
MonteAlegre MonteAlegre
Khulm Khulm
Morwa Morwa
AinBessem Kairouan AinBessem
SanJuandelaMaguana SanJuandelaMaguana
Itororo Itororo
Haripur Haripur
Battambang Battambang
Arzamas Arzamas
TagbilaranCity TagbilaranCity
Bury Bury
Ortaca Ortaca
Akcaabat Akcaabat
Shurugwi Shurugwi
Turek Turek
Belalcazar Belalcazar
KotRadhaKishan KotRadhaKishan
Nagar Nagar
Pozzuoli Pozzuoli
Lloydminster Lloydminster
Wangon Wangon
SantanadoLivramento SantanadoLivramento
CapimGrosso CapimGrosso
SouthSaintPaul SouthSaintPaul
Vyazniki Vyazniki
Kotka Kotka
Haora Haora
BlueIsland BlueIsland
Kineshma Kineshma
Skelmersdale Skelmersdale
Gunzenhausen Gunzenhausen
SenaMadureira SenaMadureira
Rhondda Rhondda
PortoVelho PortoVelho
Shimofurano Shimofurano
Andrychow Andrychow
Prostejov Prostejov
Mabopane Mabopane
Hangu Hangu
Kambove Kambove
Rivas Rivas
ChalcodeDiazCovarrub ChalcodeDiazCovarrub
Shchekino Shchekino
Braila Braila
Butuan Butuan
Acireale Acireale
SenadorPompeu SenadorPompeu
Korsakov Korsakov
Escada Escada
NahiyatashShinafiyah NahiyatashShinafiyah
Angleton Angleton
FetestiGara FetestiGara
Sobue Sobue
Pezinok Pezinok
Garbsen Garbsen
