Kaimganj Leixlip Isakogorka Yucheng Korolev Tsirang MilpaAlta MontecatiniTerme GobernadorGalvez Novopokrovskaya Albi Karasuyama Tsukawaki Novopokrovskaya Anahuac MilpaAlta PinhalNovo Racine Gobo Malaybalay Dankov Narangba GobernadorGalvez Tsirang Mesa Kawit Fagaras Kaimganj
20
Dankov Dankov
Karasuyama Karasuyama
Narangba Narangba
Fagaras Irvine Fagaras Pilibhit
Tsukawaki Tsukawaki
Racine Racine
PinhalNovo PinhalNovo
Tsirang Brecht Tsirang
Anahuac Anahuac
Yucheng Yucheng
Korolev Korolev Fandriana
Mesa EncarnaciondeDiaz
Novopokrovskaya Novopokrovskaya
Albi Albi
Isakogorka Isakogorka
GobernadorGalvez GobernadorGalvez
Gobo Gobo
MilpaAlta Tocache MilpaAlta
Leixlip Leixlip
MontecatiniTerme MontecatiniTerme
