Dannemora Fire Earlville Firthcliffe Highland Farmingville Florida Deer Delanson Dansville Delevan Galeville Germantown Delmar Frankfort Flanders Odessa Frewsburg Delhi Franklin Hamburg Fleischmanns Fonda Fabius Mills Fishkill Davis Forestville Freeport Ghent Depauville Fredonia Harbor Fayetteville Herkimer Hicksville Depew Geneva Fairview Hewlett Hempstead Dexter Hermon Franklinville Dansville Deferiet Germantown Dexter Fulton Gardiner Falconer Gasport Oceanside Flower Hamburg Dannemora
43
Davis Davis
Dansville Dansville
Deer Deer
Deferiet Deferiet Fishers
Delanson Delanson
Delevan Delevan
Delhi Delhi Freeville
Delmar Delmar
Depauville Depauville
Depew Depew
Hempstead Deposit
Hamburg DeRuyter
Dexter Dexter Fairmount
Frewsburg Dunkirk Frewsburg
Earlville Earlville
Fabius Fabius
Oceanside Fair
Geneva Fairport Geneva
Fairview Fairview
Falconer Falconer
Farmingville Farmingville
Florida Farnham Florida
Fayetteville Fayetteville
Fire Fire
Firthcliffe Firthcliffe
Fishkill Fishkill
Flanders Flanders
Fleischmanns Fleischmanns
Flower Flower
Fonda Fonda
Odessa Forest
Forestville Forestville
Frankfort Frankfort
Franklin Franklin
Franklinville Franklinville
Fredonia Fredonia
Freeport Freeport
Gardiner Friendship Gardiner
Fulton Fulton
Galeville Galeville
Gasport Gasport
Germantown Germantown
Ghent Ghent
