Acadia Biscayne Cuyahoga Channel Indiana Crater Badlands Basin Gunnison Glacier Gateway Teton Isle Guadalupe Sequoia Wrangell Denali Katmai Everglades Congaree Caverns Rocky Crater Shenandoah Haleakala Teddy Cascades Acadia
21
Sequoia Arches
Badlands Badlands
Gunnison Bend Gunnison
Biscayne Biscayne
Glacier Brycecanyon Glacier
Cascades Canyonlands
Acadia Capitol Tortugas
Caverns Caverns
Channel Channel Smoky
Congaree Congaree
Crater Crater
Cuyahoga Cuyahoga
Denali Denali
Everglades Everglades
Gateway Gateway
Teton Teton
Basin Basin
Guadalupe Guadalupe
Haleakala Haleakala
Indiana Indiana
Isle Isle
