Loc2 Loc13 Loc43 Loc31 Loc52 Loc76 Loc41 Loc42 Loc74 Loc70 Loc67 Loc96 Loc40 Loc38 Loc16 Loc61 Loc80 Loc18 Loc45 Loc12 Loc32 Loc51 Loc10 Loc18 Loc4 Loc12 Loc6 Loc99 Loc66 Loc87 Loc24 Loc1 Loc33 Loc26 Loc57 Loc60 Loc83 Loc91 Loc78 Loc17 Loc59 Loc71 Loc55 Loc64 Loc49 Loc77 Loc93 Loc73 Loc63 Loc28 Loc21 Loc2
41
Loc21 Loc0 Loc7 Loc48
Loc1 Loc1
Loc12 Loc3 Loc53
Loc4 Loc4
Loc6 Loc6 Loc9 Loc11
Loc49 Loc8
Loc10 Loc10
Loc13 Loc13 Loc27
Loc87 Loc14
Loc83 Loc15 Loc35 Loc86
Loc16 Loc16
Loc17 Loc17
Loc99 Loc19
Loc55 Loc22
Loc24 Loc24
Loc26 Loc26
Loc28 Loc28
Loc32 Loc32
Loc78 Loc34
Loc40 Loc40
Loc41 Loc41
Loc43 Loc43
Loc45 Loc45
Loc33 Loc46
Loc52 Loc52
Loc38 Loc54
Loc31 Loc56
Loc57 Loc58 Loc92
Loc60 Loc60
Loc64 Loc64
Loc66 Loc66
Loc67 Loc67
Loc71 Loc71
Loc73 Loc73
Loc74 Loc74
Loc59 Loc75
Loc77 Loc77
Loc80 Loc80
Loc2 Loc82
Loc61 Loc90
Loc91 Loc91
