pace exclusive output understand other approval king opposed brake headline audience due excuse gate tablet approval deposit enter prison honor environment write voice mixture market likely page guarantee thumb opposed brake nationalist pace
21
likely likely circulation
excuse excuse
nationalist feature nationalist
deposit skeleton deposit
king king
mixture mixture
output injury output
page page
audience audience
voice voice
honor honor
enter enter
exclusive throne
guarantee guarantee
gate gate
thumb exempt
market market
opposed opposed
headline headline
brake brake
approval approval
