9iIwk qkJ6b 1xmtC Mj2eQ MA43U jYfXn LJqKh 1pxZM 1uRw3 jAwQw knY3U vE0Pj WGJpQ 1uRw3 WJNpN AgYPL tnjfN YH6mk WJNpN 5VT1H 1uRw3 Ri2t4 y89SK 1uRw3 QVYVG LZomt Ew56P SgDk6 QVYVG HOs1b jT5CK 6EWVx 9iIwk h2rea 0mah3 ChXAd 1eRkH 9iIwk jASvw oqPYQ 0GdkR jASvw 9iIwk 6EWVx jT5CK WJNpN YH6mk 5ioW1 Be0ab bXinH 5ioW1 YH6mk WJNpN jT5CK 6EWVx 9iIwk
30
5ioW1 5ioW1
SgDk6 SgDk6
Mj2eQ Mj2eQ ZzWHp iEXNY
QVYVG 7G74f RhUVQ
0mah3 Vake4 JgjFI pXCjI ZgtaX veOJ7 p9vQm BnAjj fS0W8 iCgvV
Be0ab Be0ab XZKtP dw7aX
1xmtC XYzcU 1xmtC
LZomt LZomt
qkJ6b qkJ6b
y89SK y89SK
Ri2t4 Ri2t4
jYfXn jYfXn
jT5CK jT5CK 5BDPJ
jASvw jASvw
9iIwk 5R5Xa 9iIwk
YH6mk Y7IDR YH6mk 4a0W8
1uRw3 1uRw3
h2rea h2rea
oqPYQ oqPYQ
0GdkR 0GdkR
1pxZM 1pxZM
jAwQw jAwQw
bXinH bXinH
AgYPL AgYPL
vE0Pj vE0Pj
ChXAd ChXAd
WGJpQ aHGHb kmzhT WGJpQ
tnjfN tnjfN
1eRkH 1eRkH
5VT1H 5VT1H
