Abbey Isabella Avni Eden Harley Ayanna Alexia Beatrice Jamiya Carlee Lana Jordin Dana Kiera Helen Karma Kimberly Lillie Kayley Lilia Liberty Maeve Marisol Rebecca Haven Kristina Lisa Riley Vivian Tanya Matilda Mckinley Mira Shannon Presley Ruth Tara Rayna Nora Ashley Yoselin Abbey
39
Alexia Alexia
Avni Avni
Ayanna Ayanna
Beatrice Beatrice
Carlee Carlee
Dana Dana Sophia
Eden Eden
Harley Harley
Haven Haven
Helen Helen
Isabella Isabella
Jamiya Jamiya
Jordin Jordin
Karma Karma
Kayley Kayley
Kiera Kiera
Kimberly Kimberly
Kristina Kristina
Lana Lana
Liberty Liberty
Lilia Lilia
Lillie Lillie
Lisa Lisa
Maeve Maeve
Marisol Marisol
Matilda Matilda
Mckinley Mckinley
Mira Mira
Nora Nora
Presley Presley
Rayna Rayna
Rebecca Rebecca
Riley Riley
Ruth Ruth
Shannon Shannon
Tanya Tanya
Tara Tara
Vivian Vivian
Yoselin Yoselin
