BU FF DU GA DI CZ GM BE HJ DP AT CM HP HM BZ ER DD GP EO FU FL BQ GE DK DM CR BN CK FD CV CA CY AR EQ CX GY CW FN EN AY FB DE GO EG HC CI CS AD FW DE AQ AE EL DA DJ BG AA GQ EK GK AM EH AX CO ES FR BK CQ DT EV HH DQ EP FS EC AP DL CT ET HA FP AF AO BW CD BA DS GT EY DR AU DZ GH GO DX DP HF GR GN AH BY BF FA HR DV AZ FG BT FF BU
93
AE AE
AF AF
BZ AN BZ
AP AP
AQ AQ
AR AR
AT AT
CA AV CA
AX AX
AY AY
BA BA
BE BE
BF BF
BG BG
FD BH FD
BK BK
DU BM DU
BN BN
BQ BQ
BU BU
BW BW HG
BY BY
CD CD
CI CI
CK CK
CM CM
CO CO
CQ CQ
CR CR
CS CS
CT CT
CV CV
CW CW
CX CX
CY CY
CZ CZ
DD DD
DE DE FY
DI DI
DJ DJ
DK DK
DL DL
DM DM
DP DP
DQ DQ
DR DR
DS DS
DT DT
DV DV
DX DX
DZ DZ
EC EC
EG EG
EH EH
EK EK
EL EL
EN EN
EO EO
EQ EQ
ER ER
ES ES
ET ET
EV EV
EY EY
FB FB
FF FF
FG FG
AH FI GS
FL FL
FN FN
FP FP
FR FR
FS FS
FU FU
FW FW
GA GA
GE GE
GH GH
GK GK
GM GM
GN GN
GO GO
GP GP
GQ GQ
GT GT
GY GY
HA HA
HC HC
HF HF
HH HH
HJ HJ
HM HM
HP HP
