x61 x79 x3 x55 x99 x1 x12 x84 x21 x94 x48 x2 x95 x91 x28 x8 x71 x18 x0 x59 x49 x90 x4 x69 x23 x40 x57 x7 x32 x58 x68 x66 x48 x52 x42 x80 x3 x26 x93 x31 x88 x39 x46 x54 x96 x97 x41 x90 x87 x53 x4 x34 x98 x15 x30 x61
44
x0 x0
x1 x1
x2 x2
x3 x3
x46 x5 x46
x7 x7
x8 x8
x12 x12
x59 x13 x59
x18 x18
x21 x21 x89
x23 x23
x26 x26
x28 x28
x30 x30
x31 x31
x32 x32
x34 x34
x91 x37 x91
x39 x39
x40 x40
x42 x42
x99 x43 x81 x99
x49 x49
x52 x52
x53 x53
x54 x54
x55 x55
x58 x58
x61 x61
x66 x66
x68 x68
x71 x71
x79 x79
x80 x80
x87 x87
x88 x88
x90 x90
x93 x93
x94 x94
x95 x95
x96 x96
x97 x97
x98 x98
