0 91 56 35 20 81 84 158 6 96 7 54 9 78 99 86 99 27 49 43 10 2 93 71 21 13 83 74 37 47 95 66 4 32 67 25 15 3 58 97 31 55 76 28 42 41 36 77 90 79 75 101 26 69 40 59 11 1 34 80 63 24 104 92 51 189 60 23 65 46 87 5 62 17 89 17 70 94 72 29 14 73 52 64 22 50 147 68 57 53 30 19 12 33 85 16 85 38 100 48 18 44 176 45 61 88 8 88 98 39 82 0
100
1 1
2 2
3 3
4 4
5 5
6 6
7 7
8 8
9 9
10 10
11 11
12 12
13 13
14 14
15 15
16 16
17 17
18 18
19 19
20 20
21 21
22 22
23 23
24 24
25 25
26 26
27 27
28 28
29 29
30 30
31 31
32 32
33 33
34 34
35 35
36 36
37 37
38 38
39 39
40 40
41 41
42 42
43 43
44 44
45 45
46 46
47 47
48 48
49 49
50 50
51 51
52 52
53 53
54 54
55 55
56 56
57 57
58 58
59 59
60 60
61 61
62 62
63 63
64 64
65 65
66 66
67 67
68 68
69 69
70 70
71 71
72 72
73 73
74 74
75 75
76 76
77 77
78 78
79 79
80 80
81 81
82 82
83 83
84 84
85 85
86 86
87 87
88 88
89 89
90 90
91 91
92 92
93 93
94 94
95 95
96 96
97 97
98 98
99 99
100 100
