1 1aL 1bI 9 x 1bC B T x e 1aR 1bB E 1aG x 1bM x 1aD G e 8 7 1aI K C 1bL 1bF N 1aI 1aT 1bI 1aN I H 1bH V 1aW l 1bA x 1aF 1aC 1bK 1aQ 1aJ Q 1bG 1aA 1aY R 1aI 1aB L 1aI 1aZ 1aK 1aX 1aV x J 5 P S 1aL 1aU 1aL A 1
50
1aA 1aA
1aB 1aB
1aC 1aC
1aD 1aD
1aF 1aF
1aG 1aG
1aJ 1aJ
1aK 1aK
1aL 1aL
1aN 1aN
1aQ 1aQ
1aR 1aR
1aT 1aT
1aU 1aU
1aV 1aV
1aW 1aW
1aX 1aX
1aY 1aY
1aZ 1aZ
1bA 1bA
1bB 1bB
1bC 1bC
1bF 1bF
1bG 1bG
1bH 1bH
1bI 1bI
1bK 1bK
1bL 1bL
1bM 1bM
5 5
7 7
8 8
9 9
A A
B B
C C
E E
G G
H H
I I
J J
K K
L L
N N
P P
Q Q
R R
S S
T T
V V
