AY AZ AG AK AJ Q R P O P R T AN BY BG BF BG CA BG CB BG BF AM BE CT BE BZ CS CP CQ CN CJ CK CJ CN CM CO CM CN CL BS BM AV AW AU AS AP AQ AO AQ BL BK BJ BI CC CD BJ BK BN BK BL AQ AP V AP W X D F G F I F N H N M N K N F D AC Y AE AD AX AY AZ AG BC BD BA BD AI S AI BD BC AG AK AJ AH L J H N F D E B A B E D AC Y AE AD AX AY
40
A A
B B
D D
F F
G G
H H
I I
K K
M M
O O
P P
S S
T T
V V
X X
Y Y
AD AD
AG AG
AJ AJ
AM AM
AO AO
AQ AQ
AS AS
AV AV
AX AX
BA BA
BF BF
BG BG
BI BI
BJ BJ
BN BN
CA CA
CB CB
CC CC
CK CK
CN CN
CO CO
CP CP
CS CS
CT CT
