Soda RSF MorganHall MorrisonHall MorganHall RSF SatherRd SatherTower Soda Campanile BarrowLane BarkerHall Dwinelle BarrowLane AlumniHouse BarrowsHall CampbellHall CareerCenter CampbellHall BarrowsHall AlumniHouse Soda SeniorHall TangCenter SproulPlaza SutardjaDaiHall Unit1 SutardjaDaiHall TangCenter WursterHall SeniorHall Soda SatherTower SatherGate NorthField MulfordHall NorthField SatherGate SatherTower Soda Jacobs HaasPavilion GreekTheatre EshlemanHall LeConteHall MemorialGlade MLK Lawrence MLK LeConteHall EyeCenter EshlemanHall Soda
18
SproulPlaza SproulPlaza
SutardjaDaiHall SutardjaDaiHall
BarkerHall BarkerHall
Unit1 Unit1
Campanile Campanile
WursterHall WursterHall
CareerCenter CareerCenter
Dwinelle Dwinelle
EyeCenter EyeCenter
Jacobs Jacobs
Lawrence Lawrence
LeConteHall LeConteHall
MemorialGlade MemorialGlade
MLK MLK
MorganHall MorganHall
MorrisonHall MorrisonHall
MulfordHall MulfordHall
SatherRd SatherRd
