Liam Benjamin Liam Aiden Jaxon David James Samuel Alexander Henry Alexander Samuel Mason William Carter William Elijah Mason Noah Joseph Matthew Joseph Jacob Joseph Michael Luke Oliver Charles Andrew Lucas Jackson Ethan Logan Wyatt Daniel Mateo Alexander Samuel Sebastian Jaxon Liam
25
Liam Liam
Noah Noah
William William
James James
Logan Logan
Benjamin Benjamin
Mason Mason
Elijah Elijah
Oliver Oliver
Jacob Jacob
Lucas Lucas
Michael Michael
Alexander Alexander
Ethan Ethan
Daniel Daniel
Matthew Matthew
Aiden Aiden
Henry Henry
Joseph Joseph
Jackson Jackson
Samuel Samuel
Sebastian Sebastian
David David
Carter Carter
Wyatt Wyatt
