zero two three four five six five twelve eleven ten nine eight fourteen eight fifteen twentyone twenty nineteen eighteen twentyfive twentyfour twentythree twentytwo twentynine thirty twentynine thirtyfive thirtyfour thirtythree thirtytwo thirtynine thirtyeight thirtyseven thirtysix thirtyseven fortyfour fortyfive fortysix fortyseven fortyeight fiftyfive fiftyfour fiftythree fiftytwo fiftyone fifty fiftyseven sixtythree sixtytwo sixtyone sixty sixtyseven sixtysix sixtyfive sixtyfour seventy sixtynine sixtyeight seventyfive seventysix seventyseven seventyone seventyeight seventynine seventyeight eightyfour eightythree eightytwo eightyone eightyeight eightyseven eightyeight eightynine eightyeight ninetyfive eightyeight eightyone seventyfour sixtyseven sixty fiftythree fortysix thirtynine thirtytwo twentyfive eighteen eleven four zero
50
two two
three three
four four
five five
six six
ten ten
twelve twelve
fourteen fourteen
fifteen fifteen
twenty twenty
twentytwo twentytwo
twentyfour twentyfour
twentyfive twentyfive
twentynine twentynine
thirty thirty
thirtythree thirtythree
thirtyfour thirtyfour
thirtyfive thirtyfive
thirtysix thirtysix
thirtyseven thirtyseven
thirtynine thirtynine
fortyfour fortyfour
fortyfive fortyfive
fortyseven fortyseven
fortyeight fortyeight
fifty fifty
fiftyone fiftyone
fiftythree fiftythree
fiftyfive fiftyfive
fiftyseven fiftyseven
sixty sixty
sixtyone sixtyone
sixtytwo sixtytwo
sixtyfive sixtyfive
sixtysix sixtysix
sixtyseven sixtyseven
sixtyeight sixtyeight
seventy seventy
seventyone seventyone
seventyfive seventyfive
seventyseven seventyseven
seventyeight seventyeight
seventynine seventynine
eightyone eightyone
eightytwo eightytwo
eightyfour eightyfour
eightyseven eightyseven
eightyeight eightyeight
eightynine eightynine
ninetyfive ninetyfive
