1 30 18 50 53 60 40 11 74 25 71 33 41 14 56 42 48 59 57 44 51 37 31 13 69 70 29 39 75 66 73 72 27 32 36 47 68 38 26 34 22 46 65 61 15 12 58 23 16 21 10 24 63 28 55 45 17 54 49 64 62 79 35 19 52 78 43 67 76 20 77 1
70
10 10
11 11
12 12
13 13
14 14
15 15
16 16
17 17
18 18
19 19
20 20
21 21
22 22
23 23
24 24
25 25
26 26
27 27
28 28
29 29
30 30
31 31
32 32
33 33
34 34
35 35
36 36
37 37
38 38
39 39
40 40
41 41
42 42
43 43
44 44
45 45
46 46
47 47
48 48
49 49
50 50
51 51
52 52
53 53
54 54
55 55
56 56
57 57
58 58
59 59
60 60
61 61
62 62
63 63
64 64
65 65
66 66
67 67
68 68
69 69
70 70
71 71
72 72
73 73
74 74
75 75
76 76
77 77
78 78
79 79
