qtq uxr wuc npu zgf cnv xmz wpq rwt ahv krg kza uoz ifc fsl sfp rju blo zgs eku ahy thd jno thd ahy xdz pjx pta oto wju ifc rcs wuf vsu zbn vaf ase mmf qls qlo cpw lfh spp dpo egz vub egz bai fgo xax ooi nxr ynq orc pkx orc nhk unf vlt ptq orc hpb zqn cxu qoe nkx egz gak qjm lnv rxi hhe tmc udq unk pxs unk udq pwa thz txk rod jta htv eqm tro viv tro tmd wpo mbx hxp fne wiq fne nhr slq nhr brk ooc art idl art nfy iuz bsz ili yiz rut qbj dkn qbj mnv lah xos lah llr uca qnn tvy hxo ukh hxo yvu uwp pxi ogr plx tnl qbe qfc qbe cer itg cjp zqn fib gup bpm qof lxt qtq
100
pta pta
xdz xdz
hhe hhe
htv htv
itg itg
xax xax
nhk nhk
qtq qtq
ptq ptq
hpb hpb
ase ase
krg krg
gup gup
ifc ifc
pxs pxs
qbe qbe
jno jno
kza kza
pkx pkx
qnn qnn
nkx nkx
dkn dkn
wuc wuc
sfp sfp
cpw cpw
zgf zgf
ooi ooi
uxr uxr
eqm eqm
vub vub
pwa pwa
ynq ynq
tmc tmc
wju wju
jta jta
idl idl
bai bai
fgo fgo
zbn zbn
hxo hxo
bsz bsz
qjm qjm
tro tro
rut rut
lah lah
nfy nfy
egz egz
uca uca
npu npu
pjx pjx
vlt vlt
vaf vaf
mnv mnv
hxp hxp
wiq wiq
qfc qfc
nhr nhr
lxt lxt
rxi rxi
tmd tmd
uoz uoz
wuf wuf
slq slq
ili ili
fsl fsl
lnv lnv
uwp uwp
txk txk
yiz yiz
mbx mbx
iuz iuz
zgs zgs
cxu cxu
gak gak
udq udq
zqn zqn
rju rju
ooc ooc
plx plx
lfh lfh
thz thz
ukh ukh
thd thd
viv viv
qlo qlo
wpq wpq
rwt rwt
brk brk
ahv ahv
cjp cjp
orc orc
xos xos
qls qls
cnv cnv
qbj qbj
rod rod
vsu vsu
tnl tnl
ahy ahy
spp spp
