Hamsbourne Sundlechester Hamsbourne Chipfield Hamperrehampton Prestbourne Botherstanport Leatherblesley Enderton Camhampton Shaftthorne Skelgrove Warrewick Skelgrove Rocklow Cimansbrough Wendleslake Boothenrensborough Candlesdon Boothenrensborough Wendleslake Stafdenbourne Chipsted Chipfield Cammercastle Chipfield Hamperrehampton Prestbourne Sunderborough Ciley Sunderborough Rotmerby Chilringfield Egginglow Sodderrenshead Leatherblesley Camswich Leatherblesley Botherstanport Wolvencester Botherstanport Prestbourne Skelgrove Sudbage Shaftthorne Camhampton Hartberbury Camhampton Enderton Dribstoke Endbeck Melshot Endbeck Dribstoke Rocklow Camsborne Sundlechester Hamsbourne
25
Enderton Enderton
Sundlechester Sundlechester
Hartberbury Hartberbury
Chipfield Chipfield
Hamperrehampton Hamperrehampton
Leatherblesley Leatherblesley
Candlesdon Candlesdon
Warrewick Warrewick
Melshot Melshot
Sodderrenshead Sodderrenshead
Camhampton Camhampton
Cammercastle Cammercastle
Shaftthorne Shaftthorne
Camswich Camswich
Ciley Ciley
Rocklow Rocklow
Sunderborough Sunderborough
Chipsted Chipsted
Boothenrensborough Boothenrensborough
Sudbage Sudbage
Chilringfield Chilringfield
Prestbourne Prestbourne
Cimansbrough Cimansbrough
Wolvencester Wolvencester
Rotmerby Rotmerby
