0 68 18 163 18 20 178 20 189 20 18 140 18 147 18 141 18 164 18 157 18 139 18 20 182 20 169 20 192 20 18 155 18 161 18 20 190 20 170 20 167 20 180 20 18 160 18 136 18 20 181 20 195 20 184 20 187 20 172 20 188 20 18 152 18 148 18 20 166 20 198 20 196 20 199 176 132 18 150 153 149 130 156 135 173 145 191 183 168 142 151 146 186 159 154 165 194 158 193 131 162 133 144 134 138 177 171 175 143 179 185 197 174 137 18 68 0
70
130 130
131 131
132 132
133 133
134 134
135 135
136 136
137 137
138 138
139 139
140 140
141 141
142 142
143 143
144 144
145 145
146 146
147 147
148 148
149 149
150 150
151 151
152 152
153 153
154 154
155 155
156 156
157 157
158 158
159 159
160 160
161 161
162 162
163 163
164 164
165 165
166 166
167 167
168 168
169 169
170 170
171 171
172 172
173 173
174 174
175 175
176 176
177 177
178 178
179 179
180 180
181 181
182 182
183 183
184 184
185 185
186 186
187 187
188 188
189 189
190 190
191 191
192 192
193 193
194 194
195 195
196 196
197 197
198 198
199 199
