159 109 127 137 76 149 140 14 97 126 172 119 86 129 41 148 47 182 48 117 7 72 45 25 138 81 156 52 6 164 32 98 65 165 184 76 149 4 44 107 130 64 57 63 13 63 121 166 27 173 133 17 36 141 142 46 142 129 15 167 8 189 59 100 33 5 102 158 74 129 78 96 56 156 81 30 81 164 32 79 160 79 32 164 159
53
65 2 26 65 93 154
79 3 79
4 4
6 6
7 7
36 10 36
30 11
13 13 106
14 14
15 15 71
17 17
149 21
159 22 77 190
41 24 41 87
81 28
156 31 156
32 32
64 34 64 111 128 174
158 35 99 114 116 158
46 37 46 192 200
44 38 60
59 40 59 157
164 43
45 45
47 47
48 48
148 51 148
52 52
137 53 85 101 132 137
127 61 146
63 63
72 72
74 74 185
76 76
102 82 102 123
86 86
160 88
96 96 191
97 97
98 98
100 100 139 181 199
107 107 120 134
109 109 122 180
121 121
126 126
133 133
138 138 155
140 140
27 145 169
165 165
167 167
172 172
8 178 193
