Home141 Home154 Home29 Home48 Home125 Home32 Home42 Home7 Home127 Home62 Home134 Home122 Home143 Home82 Home26 Home121 Home75 Home81 Home25 Home74 Home11 Home88 Home149 Home20 Home31 Home172 Home40 Home110 Home79 Home165 Home170 Home101 Home87 Home64 Home150 Home36 Home103 Home156 Home163 Home6 Home128 Home66 Home91 Home53 Home174 Home34 Home176 Home52 Home21 Home96 Home44 Home30 Home51 Home147 Home136 Home60 Home45 Home166 Home162 Home157 Home92 Home43 Home111 Home27 Home83 Home63 Home5 Home76 Home105 Home52 Home13 Home65 Home89 Home3 Home132 Home2 Home97 Home161 Home73 Home114 Home55 Home119 Home59 Home171 Home145 Home82 Home143 Home122 Home112 Home16 Home123 Home164 Home53 Home174 Home56 Home174 Home12 Home140 Home50 Home115 Home120 Home135 Home87 Home64 Home28 Home126 Home20 Home109 Home141
76
Home28 Home1 Home35
Home3 Home3
Home101 Home4
Home5 Home5 Home124 Home144
Home7 Home7
Home11 Home11 Home47
Home13 Home13
Home141 Home15
Home16 Home16 Home131
Home20 Home20
Home25 Home25
Home26 Home26
Home27 Home27
Home31 Home31
Home32 Home32
Home34 Home34 Home173
Home36 Home36
Home29 Home37
Home43 Home43
Home44 Home44
Home45 Home45
Home48 Home48
Home50 Home50
Home51 Home51
Home53 Home53
Home55 Home55
Home60 Home60
Home62 Home62 Home152
Home63 Home63
Home64 Home64
Home66 Home66
Home170 Home67 Home100 Home170
Home120 Home69 Home120
Home74 Home74
Home75 Home75
Home76 Home76
Home81 Home81
Home82 Home82 Home177
Home83 Home83
Home174 Home86
Home87 Home87
Home88 Home88
Home89 Home89
Home91 Home91
Home92 Home92
Home96 Home96
Home97 Home97
Home103 Home103
Home105 Home105
Home73 Home106
Home110 Home110
Home111 Home111
Home112 Home112
Home114 Home114
Home122 Home122
Home125 Home125
Home126 Home126
Home127 Home127
Home128 Home128
Home132 Home132
Home134 Home134
Home135 Home135
Home136 Home136
Home143 Home143
Home147 Home147
Home149 Home149
Home154 Home154
Home156 Home156
Home157 Home157
Home161 Home161
Home164 Home164
Home165 Home165
Home56 Home167
Home171 Home171
Home172 Home172
Home176 Home176
