845LWU7Kg6167HQY a O58T 95fufpL7BuUW8Mng00jE a 48783322I5q9PFVPT TU76UjE52906 4 KpBvy 4l4aqvNKB u3Qv MY3aL96Y 2qgWbB40Ya16 xaM1q4jQi3efYb0 11l6P71DgEau1baEX4 MVvh DUiYDuR9yYFD5 u3Qv EnhLq7BgTj8IN3Z2m fgM12T ElUTL 122gt 7L 3i80K09a pbE3R4QsB76l r k 3k 3 5CCl0n2r5512 B4PF77lpCQJ5dlK NGDVzC A27tk2Y00r8N9l ZT3 95E0752p51t dw6Yuyls1ZilP493g91O O41Muu YKpC4gQmPKaU311w9eOT a 845LWU7Kg6167HQY
29
122gt 122gt
ElUTL H6pXAnE0KypnExX ElUTL D
3 3
48783322I5q9PFVPT SL88w66v7 SmI7f 9 48783322I5q9PFVPT
7L 672Pt4Ytw8LW 7L X6SrYf57mSUQQ28C
845LWU7Kg6167HQY 845LWU7Kg6167HQY
u3Qv NQ3vX6W6H74aK53np u3Qv 42U0k6JhTQxPvUw8
KpBvy KpBvy
5CCl0n2r5512 5CCl0n2r5512
a y B4mQOl023dn1
MVvh 5Qkzz260R7 MVvh eDv5MBdo
4 ftk2 4 KKUFV29x8iO
DUiYDuR9yYFD5 DUiYDuR9yYFD5
11l6P71DgEau1baEX4 11l6P71DgEau1baEX4 TBk5Pt5vt5SInt
xaM1q4jQi3efYb0 xaM1q4jQi3efYb0
fgM12T fgM12T 5 6RiHvQ4xTN5 eqYzN7b19UgNo1K
r ICQxh0Q58799CUd2 r 8M2OK8Px58 geUO1h
O41Muu O41Muu
3k 3k
pbE3R4QsB76l YLKBD54k
EnhLq7BgTj8IN3Z2m EnhLq7BgTj8IN3Z2m
2qgWbB40Ya16 2qgWbB40Ya16
TU76UjE52906 TU76UjE52906
O58T O58T
4l4aqvNKB 4l4aqvNKB
YKpC4gQmPKaU311w9eOT YKpC4gQmPKaU311w9eOT
ZT3 ZT3
95E0752p51t 95E0752p51t
MY3aL96Y MY3aL96Y
