0 112 50 9 64 141 31 109 5 13 17 92 105 7 76 34 125 87 84 24 54 24 63 55 107 22 46 41 28 72 33 2 36 56 174 29 14 61 65 3 12 139 16 57 18 42 51 6 58 68 85 75 11 121 49 40 100 35 124 99 32 99 73 89 73 96 51 47 107 142 57 53 20 126 60 198 88 173 97 147 99 82 149 8 67 71 148 94 160 138 89 73 153 167 175 167 149 7 105 19 116 142 199 154 143 140 0 137 0
74
0 0 15 43 59 62 86 90
57 1 57
2 2 27 78
3 3
138 4 79
5 5
6 6
7 7
8 8 45
9 9 80
42 10 42 48
11 11
12 12
13 13
14 14
16 16
17 17 21
18 18
19 19
20 20
22 22
89 23 26 89
24 24
32 25 32
28 28
29 29
51 30 51
31 31
33 33 74
34 34
35 35 69
36 36
137 37 52
124 38 93
199 39
40 40
41 41
100 44
46 46
47 47
49 49
50 50
53 53
54 54 98
55 55
56 56
58 58
60 60
61 61 70
63 63
64 64
65 65
153 66
67 67
68 68
71 71
72 72 83
73 73
75 75
76 76
125 77
107 81
82 82
84 84
85 85
87 87
88 88
175 91
92 92
94 94
147 95
96 96
97 97
99 99
