loc0 loc23 loc84 loc42 loc4 loc81 loc25 loc47 loc7 loc48 loc33 loc49 loc43 loc45 loc62 loc16 loc24 loc39 loc91 loc75 loc28 loc13 loc79 loc6 loc35 loc52 loc68 loc29 loc34 loc22 loc30 loc51 loc94 loc72 loc87 loc2 loc83 loc54 loc65 loc4 loc62 loc60 loc95 loc20 loc31 loc91 loc84 loc23 loc0
34
loc6 loc6 loc61 loc88
loc7 loc7
loc13 loc8
loc16 loc16
loc20 loc20
loc94 loc21
loc23 loc23
loc24 loc24
loc25 loc25
loc95 loc26
loc28 loc28
loc29 loc29
loc31 loc31
loc33 loc33
loc34 loc34
loc35 loc35
loc39 loc39
loc84 loc40 loc84
loc42 loc42
loc45 loc45
loc48 loc48
loc49 loc49
loc51 loc51
loc52 loc52
loc54 loc54
loc62 loc62 loc90
loc65 loc65
loc68 loc69 loc86
loc72 loc72 loc93
loc75 loc75
loc79 loc79
loc81 loc81
loc91 loc91
loc47 loc99
