loc0 loc25 loc183 loc188 loc36 loc116 loc89 loc37 loc46 loc144 loc49 loc105 loc52 loc106 loc160 loc53 loc78 loc82 loc62 loc157 loc198 loc131 loc95 loc193 loc168 loc11 loc93 loc162 loc28 loc39 loc191 loc64 loc156 loc75 loc37 loc46 loc42 loc138 loc32 loc10 loc150 loc197 loc83 loc186 loc72 loc176 loc173 loc179 loc41 loc119 loc97 loc151 loc130 loc58 loc158 loc58 loc185 loc100 loc20 loc165 loc164 loc184 loc127 loc199 loc57 loc181 loc147 loc170 loc107 loc187 loc55 loc65 loc92 loc143 loc1 loc134 loc96 loc122 loc50 loc196 loc47 loc14 loc150 loc17 loc167 loc113 loc145 loc65 loc67 loc192 loc58 loc0
68
loc188 loc8 loc120 loc188
loc10 loc10
loc11 loc11
loc14 loc14
loc95 loc15
loc17 loc17
loc20 loc20
loc25 loc25
loc127 loc27
loc28 loc28
loc168 loc31 loc66 loc168
loc32 loc32
loc36 loc36
loc37 loc37
loc39 loc39
loc41 loc41
loc42 loc42
loc160 loc45 loc160
loc46 loc46
loc47 loc47
loc49 loc49
loc52 loc52
loc53 loc54
loc57 loc57
loc67 loc67
loc158 loc69
loc75 loc75
loc78 loc78
loc82 loc82
loc83 loc83
loc62 loc84 loc182
loc173 loc85
loc89 loc89
loc92 loc92
loc93 loc93
loc96 loc96
loc97 loc97
loc100 loc100
loc105 loc105
loc106 loc106
loc150 loc109 loc150 loc177
loc157 loc112 loc157
loc113 loc113
loc116 loc116
loc138 loc118 loc138
loc119 loc119
loc122 loc122
loc198 loc129 loc172 loc198
loc130 loc130
loc131 loc131
loc134 loc134
loc144 loc144
loc147 loc147
loc156 loc156
loc162 loc162
loc164 loc164
loc165 loc165
loc167 loc167
loc179 loc179
loc183 loc183
loc184 loc184
loc185 loc185
loc186 loc186
loc187 loc187
loc191 loc191
loc192 loc192
loc196 loc196
loc197 loc197
