74 123 81 167 30 132 173 66 138 116 120 198 130 32 27 103 125 73 146 45 186 127 193 4 168 179 54 133 199 109 161 20 96 184 136 171 165 175 155 52 34 18 154 76 56 135 151 39 150 17 64 47 152 16 140 181 142 42 8 115 63 139 83 60 59 65 91 131 53 98 125 73 100 198 143 149 151 34 94 163 129 141 61 76 21 76 33 108 183 25 23 68 121 13 15 170 172 95 181 20 161 109 123 74
75
4 4
172 5 12
140 11 99 140
59 14 59 118
16 16
17 17 158
18 18
20 20
23 23
27 27
21 31
32 32
39 39
42 42
25 44 107
45 45
47 47
66 50 66
193 51 77 193
52 52
53 53 178
54 54
56 56 80
68 58
60 60
61 61
63 63 174
100 72 97 100 134
73 73
76 76 89 112
81 81
83 83
146 86 128 146
198 88 113 198
64 90
91 91
94 94
95 95
96 96
98 98
103 103
15 105
108 108
109 109
121 111
127 114 127
115 115
116 116
120 120
123 123
125 125 157
129 129
130 130
132 132
133 133
135 135
136 136
138 138
139 139
142 142
143 143
152 152
154 154
155 155 190
161 161
163 163
165 165
167 167
171 171
173 173
179 179
184 184
13 192
199 199
131 200
