0 2 53 87 31 80 71 83 62 22 82 52 130 94 24 91 24 16 113 30 9 98 8 38 35 78 42 176 1 113 99 56 45 123 65 5 196 18 32 77 55 70 111 155 48 49 3 90 88 63 93 21 6 25 174 59 51 89 167 160 79 68 121 14 125 28 20 133 4 74 171 44 27 144 157 69 192 81 140 124 40 64 11 173 80 84 169 66 194 97 34 145 58 36 58 103 100 29 39 86 139 37 47 76 92 177 92 60 151 53 132 116 117 23 12 125 120 96 158 45 148 61 100 103 146 106 146 192 7 195 57 175 0
91
1 1
2 2
3 3
4 4
5 5
6 6
7 7
8 8
9 9
12 10 12
11 11
106 13 50
14 14
113 15
16 16
125 17
18 18
56 19 41 56
20 20
21 21
22 22
23 23
24 24
25 25
167 26
27 27
28 28
29 29
30 30
31 31
32 32
177 33 72
34 34
35 35
36 36 46
37 37
38 38
39 39
40 40
42 42
132 43
44 44
45 45
47 47
48 48
49 49
51 51
52 52
53 53 54
55 55
57 57
58 58
59 59
60 60
61 61
62 62
63 63
64 64
65 65
66 66
91 67 91
68 68
69 69
70 70
71 71
100 73 100
74 74
111 75
76 76
77 77
78 78
79 79
80 80
81 81
82 82
83 83
84 84
148 85
86 86
87 87
88 88
89 89
90 90
92 92
93 93
94 94
192 95
96 96
97 97
98 98
99 99
