evdoyagqfp xawkqmfmmx xftptyrlvl mysadifwma robpunozly mysadifwma xftptyrlvl qbiylslccb kvxwqiryyu sjtuxgdwms hsjqtjkukk bbczvyonym mdyuzxshey wtlzrefwav afrdrejwtp khisjiexts lndsfxewdc kyrhqthnvz lnicnhmajr aruwdskzta vugkhjygfe xywdziunpr vugkhjygfe guuudgvhny stdiixwrjc ummqduagjn fczruomdab eooyfwmxln epdwcjuvdr wynbxuuxru oegfbrwyrp xqwyvbvueh tvcolajnao lcrihrmoqu xkasbvrrxd gkcfktyute phknwbtipl zivwgfcxqi euqbrkzdsw jedsthbmzo wwqchwdmtx pcilmgdrgc qepegujmaa ixyurvbpvu qfbvncxldf ijbfzrqwct bbwcqzwyoz nwlccbonas xguvjomcdt phknwbtipl fdgcygwgjf rnpokwoqgt oownpsyviv oavtmpaqji ichabbvkhm jrusiskazm gjmmikaxih lkvtxfwozs wkwwcqjtxf osdeymjeil jrmlkfexfk osdeymjeil qiqnnrlapz qpxtrjvxpe tmatbexcil byyqgjwsrp ahqdrcepub afortwurqt zmfuudfatm cttlxdtaiw xzwkhxkxjr pbefrggyje xwrvhrxnqy xifuopshzj afortwurqt ahqdrcepub gbdejcnknd vnzypgtlkj unihwwnyqz kijbyyuzhd wtyqwjwskq kvfpaspidv zpjhxyylhb bswhowadhl ljhmnbaicr pdljcbluhp koawdpgqdx pdljcbluhp cmdqzmgvfi qgfchcatzi yriqtwavfx uhalgukdzb dnmgxnhbgi eaozvwjoso ldnozwuuuq frfueiglva ymvlfsdhbu xsjzeyxnpw opmnfgpclg xsjzeyxnpw ymvlfsdhbu lazlsvgukx wynbxuuxru qzdrdcxoib wynbxuuxru jqtguzxxsl xftptyrlvl evdoyagqfp
74
eooyfwmxln eooyfwmxln
vugkhjygfe vugkhjygfe
zmfuudfatm zmfuudfatm
jrusiskazm vkrlpmybdj jrusiskazm
koawdpgqdx psiebvskfb
ixyurvbpvu yiwwdwbzth
lcrihrmoqu tgbmxdmvwe lcrihrmoqu
yriqtwavfx gucdicwxmb rkyixxpcbx
rnpokwoqgt rnpokwoqgt
wtlzrefwav wtlzrefwav
xawkqmfmmx xawkqmfmmx
xywdziunpr oggftsricu xywdziunpr
mdyuzxshey ouxenssqdu mdyuzxshey
nwlccbonas nwlccbonas itbfnxnauh
jrmlkfexfk seeyrseflx jrmlkfexfk hkempoemlv scesbtewjx
jqtguzxxsl smwxdupkdv optviwhmbr vfdsalrajq
ahqdrcepub ahqdrcepub
bswhowadhl bswhowadhl tgkujfknod
evdoyagqfp evdoyagqfp
robpunozly bnmegnfgii
qfbvncxldf qfbvncxldf
ymvlfsdhbu aokbiptbzc nbjyrygtdh ymvlfsdhbu cpwyxulkjm
qgfchcatzi qgfchcatzi
wkwwcqjtxf wkwwcqjtxf bulywvvpni
tvcolajnao tvcolajnao
qepegujmaa qepegujmaa etdxtwotzh
lnicnhmajr lnicnhmajr xychpimpzb
bbwcqzwyoz bbwcqzwyoz
hsjqtjkukk hsjqtjkukk
wynbxuuxru tmrnpjqnxx wynbxuuxru
lndsfxewdc lndsfxewdc eqdxeqvtsb
oegfbrwyrp oegfbrwyrp
xftptyrlvl uooysjrxsb fluzhooehk
xkasbvrrxd xkasbvrrxd
mysadifwma mysadifwma
euqbrkzdsw euqbrkzdsw
kvxwqiryyu kvxwqiryyu
opmnfgpclg qxuqrfzzob
pcilmgdrgc pcilmgdrgc ivgbjyugdu
kvfpaspidv kvfpaspidv
qzdrdcxoib voaumgrcuj
aruwdskzta aruwdskzta
qpxtrjvxpe qpxtrjvxpe
pbefrggyje xnppuesbrr pbefrggyje
wwqchwdmtx wwqchwdmtx
xwrvhrxnqy xwrvhrxnqy
uhalgukdzb uhalgukdzb
xifuopshzj xifuopshzj
fdgcygwgjf fdgcygwgjf
zpjhxyylhb hofbtczdgp
kyrhqthnvz kyrhqthnvz
byyqgjwsrp qxfgqgbbdn byyqgjwsrp
zivwgfcxqi zivwgfcxqi
oavtmpaqji oavtmpaqji
osdeymjeil osdeymjeil
stdiixwrjc stdiixwrjc
ichabbvkhm ichabbvkhm
guuudgvhny ivugtsvtqb guuudgvhny
kijbyyuzhd kijbyyuzhd
pdljcbluhp pdljcbluhp
ijbfzrqwct bimtbhwsby
lkvtxfwozs lkvtxfwozs
bbczvyonym bbczvyonym
epdwcjuvdr kgktiatgjn
afortwurqt afortwurqt
gbdejcnknd gbdejcnknd
afrdrejwtp afrdrejwtp
xguvjomcdt xguvjomcdt
ldnozwuuuq ldnozwuuuq
tmatbexcil tmatbexcil
xqwyvbvueh xqwyvbvueh
qiqnnrlapz qiqnnrlapz
cttlxdtaiw cttlxdtaiw
vnzypgtlkj vnzypgtlkj
