mdyuzxshey vkrlpmybdj tvcolajnao qcktwemqbm wkwwcqjtxf zjbarjhmau kdujdjjwot ebqxbaqnmm ljhmnbaicr owusjcmdkp lnicnhmajr oggftsricu lkvobxyfca fznfvsgjhc sjtuxgdwms lbuiysostx idfvjoquhh lazlsvgukx ahqdrcepub siatqqydwf ixyurvbpvu optviwhmbr rkyixxpcbx gllungmori jrmlkfexfk wtlzrefwav hsjqtjkukk smwxdupkdv aokbiptbzc koawdpgqdx smwxdupkdv hsjqtjkukk wtlzrefwav tmrnpjqnxx cmdqzmgvfi zpybghfdbe psiebvskfb bswhowadhl wtyqwjwskq yiwwdwbzth xftptyrlvl knfzsnhzvx oewptytlja owusjcmdkp lnicnhmajr oggftsricu qgfchcatzi syxecaxosc ixyurvbpvu optviwhmbr rkyixxpcbx eooyfwmxln rkyixxpcbx gllungmori jrmlkfexfk wtlzrefwav tmrnpjqnxx cmdqzmgvfi qydclznxrd ouxenssqdu tvcolajnao vkrlpmybdj mdyuzxshey
33
eooyfwmxln eooyfwmxln
ixyurvbpvu vugkhjygfe seeyrseflx mswyvpdrsy
gllungmori gllungmori
vkrlpmybdj zmfuudfatm vkrlpmybdj bnmegnfgii jatkaoyfxb
ebqxbaqnmm zumetrybth ebqxbaqnmm
wtyqwjwskq wtyqwjwskq
psiebvskfb psiebvskfb
yiwwdwbzth jqtguzxxsl
koawdpgqdx koawdpgqdx xtvbrolacp qepegujmaa
lbuiysostx tgbmxdmvwe lbuiysostx
zjbarjhmau zjbarjhmau bulywvvpni
lkvobxyfca lkvobxyfca
wtlzrefwav wtlzrefwav wynbxuuxru
xftptyrlvl jedsthbmzo xftptyrlvl
oewptytlja nwlccbonas oewptytlja
ahqdrcepub ahqdrcepub
kdujdjjwot kdujdjjwot hadchvmijq
syxecaxosc gwnccktgki
cmdqzmgvfi qfbvncxldf cmdqzmgvfi
aokbiptbzc aokbiptbzc
ljhmnbaicr ljhmnbaicr
qcktwemqbm qcktwemqbm
knfzsnhzvx knfzsnhzvx
mdyuzxshey mdyuzxshey mysadifwma
lnicnhmajr lnicnhmajr
lazlsvgukx lazlsvgukx
zpybghfdbe lndsfxewdc
owusjcmdkp owusjcmdkp
qydclznxrd qydclznxrd
rkyixxpcbx rkyixxpcbx
optviwhmbr optviwhmbr
fznfvsgjhc fznfvsgjhc
oggftsricu euqbrkzdsw
