0 11 130 131 11 57 136 137 57 31 118 119 31 12 138 139 12 25 124 125 25 94 126 127 94 47 18 102 103 18 10 114 115 10 40 134 135 40 5 116 117 5 58 100 101 58 39 106 107 39 44 104 105 44 69 110 111 69 60 108 109 60 128 129 60 84 132 133 84 34 120 121 34 87 41 112 113 41 122 123 41 11 179 11 46 170 46 1 155 1 47 152 47 54 191 54 38 146 38 87 149 87 53 176 53 0
62
100 100
101 101
102 102
103 103
104 104
105 105
106 106
107 107
108 108
109 109
110 110
111 111
112 112
113 113
114 114
115 115
116 116
117 117
118 118
119 119
120 120
121 121
122 122
123 123
124 124
125 125
126 126
127 127
128 128
129 129
130 130
131 131
132 132
133 133
134 134
135 135
136 136
137 137
138 138
139 139
1 140 141 142 157
84 143 144 145
146 146 147
38 148
149 149 150
87 151
152 152 153
47 154 164 165 166
155 155 156
10 158 159 160 197 198 199
18 161 162 163
11 167 168 169 181
170 170 171
46 172
0 173 174 175 182 183 184
176 176 177
53 178
179 179 180
25 185 186 187 194 195 196
57 188 189 190
191 191 192
54 193
