0 110 44 105 79 134 39 35 37 35 120 47 183 180 64 104 17 15 100 65 27 25 55 95 20 30 32 58 55 54 69 179 124 159 129 72 141 142 140 144 139 149 99 114 160 74 125 94 184 154 189 102 108 82 80 67 66 12 10 13 2 101 77 186 42 186 187 185 35 190 192 191 92 90 150 152 151 122 120 110 113 17 104 165 168 117 166 137 135 85 87 95 40 75 115 118 27 65 130 25 160 162 160 0
76
2 2 28
0 3
12 11 12
13 13
15 15
17 16 17
20 20
25 25
27 27
30 30
32 32
35 35 38
37 36 37
39 39
42 41 42
40 43
44 44
47 47
135 52 135 138
54 54
55 55
110 56 57 110
58 58
64 64
65 65 68
66 66
67 67 123
69 69
72 72
74 74
75 78
79 79 195 197
82 82
87 87
92 91 92
94 94 172
95 95 97 145 148
99 99
100 100
101 101
102 102
104 104
105 105
108 108
113 113
114 114
77 116
118 118
120 120
122 122
124 124
125 125 128
129 129
141 131 132 141
130 133
134 134
137 136
139 139
142 142
144 144
149 149
152 152
154 154
159 159
160 160
162 161
166 166
168 168
179 179
180 180 181 182
183 183
184 184
186 186
187 187
189 189
192 192
