99 176 103 52 167 76 161 62 128 164 95 106 108 88 54 61 135 8 129 28 137 186 85 63 2 112 71 80 128 181 86 168 157 96 132 43 18 121 148 113 170 138 5 21 0 162 53 37 180 23 165 64 113 124 133 138 20 182 23 17 16 185 45 111 87 171 120 160 84 166 74 42 199 26 48 122 154 149 58 102 176 188 175 178 36 98 152 90 110 33 139 12 1 58 70 156 142 193 126 49 100 81 9 107 163 116 27 46 55 144 169 104 31 94 93 69 25 38 123 14 4 6 34 38 187 68 182 23 64 59 157 119 196 47 113 114 135 99
89
0 0
1 1
4 4
5 5
8 8
9 9
49 10 125
12 12
175 15
17 17
18 18
20 20
52 22 92
95 24 183 184
25 25
26 26
27 27
28 28
113 30 51
33 33
34 34
14 35
199 39
2 40 146
45 41
42 42
47 47
53 53
55 55
43 56 66 97
59 59
61 61
63 63
68 68
70 70
62 73
6 75
21 78
80 80
31 82
69 83 173
88 88
90 90
94 94
98 98
99 99
100 100
102 102
103 103
106 106 131
111 111
112 112
114 114
116 117
119 119
122 122
123 123
124 124
126 126
85 127 174
104 130
132 132
142 142
148 148
149 149
137 150
110 151
36 155
81 158
160 160
161 161
163 163
164 164
165 165
166 166
167 167
168 168
169 169
170 170
171 171
157 172
178 178
180 180
181 181
185 185
186 186
188 188
16 190
71 192
