81 34 78 167 126 48 88 188 161 115 132 92 182 85 100 141 95 87 124 166 158 156 165 178 86 27 18 23 33 152 121 93 200 191 8 71 109 49 35 145 89 199 130 43 9 107 127 16 108 52 12 80 57 184 135 164 74 45 84 197 162 1 159 125 196 195 179 69 123 96 58 24 14 20 59 64 117 150 154 198 180 53 77 17 46 41 138 70 183 90 76 103 36 189 170 97 65 42 153 56 81
100
1 1
8 8
9 9
12 12
14 14
16 16
17 17
18 18
20 20
23 23
24 24
27 27
33 33
34 34
35 35
36 36
41 41
42 42
43 43
45 45
46 46
48 48
49 49
52 52
53 53
56 56
57 57
58 58
59 59
64 64
65 65
69 69
70 70
71 71
74 74
76 76
77 77
78 78
80 80
81 81
84 84
85 85
86 86
87 87
88 88
89 89
90 90
92 92
93 93
95 95
96 96
97 97
100 100
103 103
107 107
108 108
109 109
115 115
117 117
121 121
123 123
124 124
125 125
126 126
127 127
130 130
132 132
135 135
138 138
141 141
145 145
150 150
152 152
153 153
154 154
156 156
158 158
159 159
161 161
162 162
164 164
165 165
166 166
167 167
170 170
178 178
179 179
180 180
182 182
183 183
184 184
188 188
189 189
191 191
195 195
196 196
197 197
198 198
199 199
200 200
