woebegone encumbrance thoroughfare Isfahan felony casserole MN monotonous dreadnought numerology diligent McCall septillion PDP oriole bunch midstream noon inform secondary Fisk swingy dull archive papal car trimester yogurt Simon connubial Winchester bat directory numerology stanza administer trill fulsome embroil coarse torus icon update bifurcate postscript deduce Tucson extrovert Andersen Zorn December Fisk mediate funky swordfish Rodney Auberge Palo trill balustrade imperishable switchmen Gilmore simulate Irvin relaxation backplate involuntary spill mitre lexicon choice shovel viscous numerology Hewlett hamper sphalerite archive softball anvil broil thirteen catenate Darwin Elizabethan Goodrich Simon transonic atom tate felony Isfahan yearn bowman creekside Wheller combine Modesto shroud woebegone
82
Andersen Andersen explosion
Auberge Auberge
trimester Curtis griddle illusion transfuse trimester
Darwin Darwin
December December
Palo Durango Reilly
Fisk Fisk
Gilmore Gilmore
Goodrich Goodrich
Hewlett Hewlett
Irvin Irvin mack
Isfahan Isfahan
McCall McCall
Modesto Modesto
PDP PDP Sunday limitate silage whatsoever
Rodney Rodney
Simon Simon
simulate Stephen simulate
Tucson Tucson
lexicon Vega
Wheller Wheller
Winchester Winchester
Zorn Zorn
administer administer
anvil anvil
archive archive
balustrade babysat
backplate backplate
broil barnacle broil
bat bat
bifurcate bifurcate
bunch bunch
car car
casserole casserole renaissance
catenate catenate
choice choice
coarse coarse
connubial connubial
deduce deduce
diligent diligent
directory directory
dreadnought dreadnought
dull dull
embroil embroil
felony equipping felony
MN exothermic
extrovert extrovert
fulsome fulsome
funky funky
switchmen funny wingspread
icon icon
imperishable imperishable
inform inform millennium
involuntary involuntary slowdown
mediate mediate
midstream midstream
mitre mitre
monotonous monotonous
noon noon
numerology numerology
oriole oriole
papal papal
postscript postscript
relaxation relaxation
secondary secondary
septillion septillion
shovel shovel
encumbrance sinh
softball softball
sphalerite sphalerite
spill spill
stanza stanza
swingy swingy
swordfish swordfish
tate tate
thirteen thirteen
thoroughfare thoroughfare
transonic transonic
update update
viscous viscous
yearn yearn
yogurt yogurt
