1 9 38 46 44 18 7 28 36 30 43 17 19 37 20 47 13 25 23 3 22 16 34 5 48 39 32 24 10 42 26 4 35 45 2 1
35
1 49 56 123 128
34 50 77 106 137
4 51 118
39 52 57
19 53 78 98 140
46 54 67 85 103 127 144
23 55 65 108 142
48 58 68
20 59 115 116 124
17 60 66
38 61 111
2 62 81
18 63 69
43 64 136
44 70 102 114 143
22 71 94
9 72 73 87 117
45 74 122
25 75 80 86 105
10 76 132
13 79 109
47 82 113 138 141
28 83 131
35 84 92
24 88 134
42 89 104
5 90 93 96 129
16 91 133
30 95 101
3 97 112
37 99 119 125 126
26 100 121
7 107 120
36 110 130
32 135 139
