g3ylJsdLuC idQHxtSnxr 0mnwiU4XrT wRn7Oi1bcW xjSWG1YKh9 TBzLS0OAYU 723MhcLxt0 1QXjsHNYao 2S929yZddP YpRs8m6oyX oEdovEhrWM CUEWGmB7Gt dMOAUqH7Z3 qnkfLCmfDn Pijq8aHqIR lfdanPGo3c jBYJ7v19BQ qjDSEKmZMW 7wS9dKOnJR IT4pKw3giW g2I4si69gU oVMPVsMWrZ WYEDqSuNRX KpxiCfRqh3 bserQRNqfz S8BtTu4yH9 WAi18jd2vJ Tk8ERvdKxF oCk2Yieytb 33omYiVXOD 5SSy593K31 WvFZJEkTrw aEo62SfMqH j98kcW9qGB bsEkAY2K41 Q1N77BLmyb TSSOUimHPg 97ZNlakBoq mwzQG3SxnO IA0Uf143OT uvoepIQg9n LCKLTNE1vp uNliYB9ELN x7iq98BiN3 IGpxjveim7 yvMowGbkvn vUu8ijgxxf KUJdxKVZFO 7g0Idy1nzK 03xK87sjTf nKHFs5cKTX Oiowits7js FvzkpZRSj8 YAqGe4tKAP VpC9l6m3bG fXy828RCG4 GQ4F0g3Mdj XW1Wn7EqpN rCoEuOa7EU 8KtuAXHUy3 EG1t1o8YrR fWIjO8yhE3 s3eMpsYH00 oIVQ2qkgnR JD3uem81Lg D0kECQ0RvI emYRLTiyj9 LeZK9UvMT9 vnZBjkVngj M2hatQPY96 tubjzjzUpV 8ZKCAWlImg z9nRKYQ1ub AL20k9yp9D pKK7T4agKn TyL7NE2puV 0SQlBVJ1YY Pz3egMzKU8 srT70dfQEr K05xB79KZo 2O61j91J3T dqqG7Zio8x XOxGPscMMG WcyuqGYOzU oWmQcQwHPo dC48GQHGzO RN0bCAV6rQ pk0Vh75DnH Qu2MUNKITj g2I4si69gU 0wTk0mYkLH KUJdxKVZFO fXy828RCG4 uIf3wnJUdn MXIvZpEPtW 4znnlMjVra dj8JMfo3hX idQHxtSnxr 0mnwiU4XrT u4LnQNaaiz 1N2P3Sa7im 1TfvXd6dPZ u4FAx2sHZm FmtLnHv2HY GQ4F0g3Mdj TyL7NE2puV 0SQlBVJ1YY Pz3egMzKU8 srT70dfQEr BUMLJo6sc3 idQHxtSnxr g3ylJsdLuC
79
0mnwiU4XrT 0mnwiU4XrT
oCk2Yieytb oCk2Yieytb bWDewy6WbV
97ZNlakBoq 97ZNlakBoq
oWmQcQwHPo oWmQcQwHPo
u4FAx2sHZm u4FAx2sHZm 2OsmeZV9xh
g2I4si69gU g2I4si69gU
oVMPVsMWrZ oVMPVsMWrZ
mwzQG3SxnO mwzQG3SxnO
TyL7NE2puV TyL7NE2puV
s3eMpsYH00 s3eMpsYH00
723MhcLxt0 723MhcLxt0 yky49wE4YG Pv5LMSkQii WRd4lScvm6
LCKLTNE1vp LCKLTNE1vp
vUu8ijgxxf vUu8ijgxxf
dqqG7Zio8x CSjLrGbUz3 xtp1B5q0W1
Pz3egMzKU8 Pz3egMzKU8 gZXiityEnU
srT70dfQEr srT70dfQEr
wRn7Oi1bcW wRn7Oi1bcW
1QXjsHNYao 1QXjsHNYao
WcyuqGYOzU WcyuqGYOzU
dj8JMfo3hX QrJxLpX875 dj8JMfo3hX
4znnlMjVra 4znnlMjVra
TBzLS0OAYU TBzLS0OAYU
M2hatQPY96 CxfzSa2YOV M2hatQPY96
KpxiCfRqh3 KpxiCfRqh3
Pijq8aHqIR Pijq8aHqIR
Tk8ERvdKxF Tk8ERvdKxF
KUJdxKVZFO KUJdxKVZFO
1TfvXd6dPZ 1TfvXd6dPZ mbSdju1TJK
uIf3wnJUdn uIf3wnJUdn
qnkfLCmfDn QTNhZIciNJ qnkfLCmfDn
7wS9dKOnJR XlU2fx0ZPn
IA0Uf143OT IA0Uf143OT BNkM7qaRNw
nKHFs5cKTX nKHFs5cKTX
8ZKCAWlImg t25XjDwQhD
qjDSEKmZMW qjDSEKmZMW
BUMLJo6sc3 BUMLJo6sc3 jPXsbXPNMq fecMfiAuGC
03xK87sjTf 03xK87sjTf
fXy828RCG4 fXy828RCG4
FvzkpZRSj8 FvzkpZRSj8
0wTk0mYkLH 0wTk0mYkLH
oIVQ2qkgnR oIVQ2qkgnR bhojeHeddF 0hs3CNDF4L h5Si5BAPN0
GQ4F0g3Mdj GQ4F0g3Mdj TP2TNyk7wl
u4LnQNaaiz u4LnQNaaiz
dMOAUqH7Z3 dMOAUqH7Z3
tubjzjzUpV tubjzjzUpV
WAi18jd2vJ WAi18jd2vJ
S8BtTu4yH9 S8BtTu4yH9
2S929yZddP 2S929yZddP
5SSy593K31 5SSy593K31
CUEWGmB7Gt CUEWGmB7Gt
2O61j91J3T 2O61j91J3T
oEdovEhrWM oEdovEhrWM
K05xB79KZo K05xB79KZo
pk0Vh75DnH pk0Vh75DnH
Oiowits7js Oiowits7js 12ECENJIev
JD3uem81Lg r8njDwxc2t JD3uem81Lg
z9nRKYQ1ub z9nRKYQ1ub
emYRLTiyj9 emYRLTiyj9
XW1Wn7EqpN XW1Wn7EqpN
YpRs8m6oyX YpRs8m6oyX
idQHxtSnxr onlLq65Azx idQHxtSnxr
Qu2MUNKITj yU6iUY8YgO
uvoepIQg9n uvoepIQg9n
LeZK9UvMT9 LeZK9UvMT9
YAqGe4tKAP YAqGe4tKAP
x7iq98BiN3 x7iq98BiN3
8KtuAXHUy3 8KtuAXHUy3
IT4pKw3giW IT4pKw3giW
jBYJ7v19BQ jBYJ7v19BQ
WvFZJEkTrw WvFZJEkTrw
7g0Idy1nzK 7g0Idy1nzK
lfdanPGo3c lfdanPGo3c
bsEkAY2K41 bsEkAY2K41
fWIjO8yhE3 KHDeTTvJC1
RN0bCAV6rQ RN0bCAV6rQ
MXIvZpEPtW biWuM2iRnz
yvMowGbkvn yvMowGbkvn
aEo62SfMqH aEo62SfMqH
Q1N77BLmyb Q1N77BLmyb
