6Zg7j6t8kt ka4cgDWgq7 GSDEYlNcCM wXTrLT9dUx dojrtYXceT YZKJeBb8Pe ECFKqOm791 fbxiHLAsv4 KpPj50fAfy vCSWEyz4PC TH1GgoG5GU I1RTFIGWhc NgxnYo41LY cqCbnI2bkr b3jUAAPOlA R0OKpbbX8l Iroa6leixY YrPP1U1r20 I1RTFIGWhc NULo72dPyj OGWcs2X8pk 8pgnfE3xKu vD4d0BZ03p zH4Z0p0Ftj VWD9Yy5Xrg MImiDijd1o oRs9wR3IGE OR78sPVsV9 4RZs4XFvF9 G05S6XZiBa 1koyFI8rlU J6nn6V6pVr 4lUeyqYb0U NgxnYo41LY UgxUR9jKcJ 1iUrZ2N0MA s8EkvbOYAX 79JJ9GZF8c fhmE7A9rVl 0gqiqztWgj 4ViGHxfdlc MpRNDD0glq lrFRnKniRv ka4cgDWgq7 M9d0z6OccV gSP0irArmo N08DpqDewo oQb2PqTM8x H0NdoJawvz 4JtfcKJvHu SDcTVr32JM 1iUrZ2N0MA ESDdDChkYw 1iUrZ2N0MA pm1Yq2dCLL qOQTd9nboV ka4cgDWgq7 6Zg7j6t8kt
42
GSDEYlNcCM GSDEYlNcCM 97dvK2Az7S Dkc5CxJ6RV
ka4cgDWgq7 ka4cgDWgq7
wXTrLT9dUx wXTrLT9dUx 1aPtXDhYtV
dojrtYXceT dojrtYXceT
KpPj50fAfy KpPj50fAfy
TH1GgoG5GU TH1GgoG5GU
H0NdoJawvz H0NdoJawvz
NgxnYo41LY NgxnYo41LY
pm1Yq2dCLL iyQiEnpG35 uXkvSfF7Kv
8pgnfE3xKu 8pgnfE3xKu
oRs9wR3IGE oRs9wR3IGE
4RZs4XFvF9 4RZs4XFvF9
cqCbnI2bkr cqCbnI2bkr
M9d0z6OccV M9d0z6OccV
YrPP1U1r20 7cteJXIZM1 YrPP1U1r20 ckEVpwA8CD YQKcyMibnc
Iroa6leixY Iroa6leixY
ESDdDChkYw ESDdDChkYw
b3jUAAPOlA b3jUAAPOlA
N08DpqDewo N08DpqDewo
1koyFI8rlU 1koyFI8rlU Octagmmhko
4ViGHxfdlc 4ViGHxfdlc
79JJ9GZF8c 79JJ9GZF8c
I1RTFIGWhc I1RTFIGWhc
lrFRnKniRv lrFRnKniRv
zH4Z0p0Ftj zH4Z0p0Ftj
vD4d0BZ03p vD4d0BZ03p
VWD9Yy5Xrg VWD9Yy5Xrg
oQb2PqTM8x tvKOOMQ7Sv
G05S6XZiBa G05S6XZiBa
fhmE7A9rVl fhmE7A9rVl
J6nn6V6pVr OpwMnuSGmp
s8EkvbOYAX s8EkvbOYAX
4lUeyqYb0U 4lUeyqYb0U
4JtfcKJvHu 4JtfcKJvHu
fbxiHLAsv4 fbxiHLAsv4
MpRNDD0glq MpRNDD0glq
vCSWEyz4PC vCSWEyz4PC
UgxUR9jKcJ UgxUR9jKcJ
YZKJeBb8Pe YZKJeBb8Pe
OR78sPVsV9 EZQ9HUGjRN
0gqiqztWgj 0gqiqztWgj
OGWcs2X8pk OGWcs2X8pk
