153 170 15 129 12 93 58 47 120 36 21 161 95 77 53 145 178 45 155 195 0 60 139 138 131 73 197 180 70 39 80 171 92 83 192 5 29 109 99 34 113 9 156 50 128 96 24 134 150 168 11 26 172 79 108 41 137 177 35 90 23 100 56 2 98 122 187 2 100 127 144 117 135 194 146 75 16 126 22 86 13 196 76 7 20 89 152 28 74 182 31 89 49 167 81 19 91 40 92 169 118 68 158 119 133 179 112 3 191 101 163 78 189 8 111 135 117 4 31 89 93 188 183 15 153
95
50 50
81 81
83 83
40 40
96 96
29 29
89 89
7 7
126 126
56 56
180 180
86 86
16 16
178 178
41 41
23 23
95 95
90 90
188 188
19 19 52
77 77
20 20
153 153
192 192
137 137
13 13
5 5
79 79
99 99
163 163
15 15
197 197
156 156
70 70
75 136
100 160
189 42 147
35 35
93 93
2 2
128 128
161 161
120 120
36 36
195 195
187 187
122 122
127 127
172 172
68 68
194 194
146 146
196 196
119 119
47 47
145 145
98 98 88
170 170
34 34
167 167
49 49
53 53
80 140
177 177
21 21 184
152 152
112 112
108 108
134 134
135 135
118 118
60 60
76 124
131 131
182 182
26 26
3 3
169 169
139 43
4 4
113 113
12 12
111 37
0 0
58 58
138 138 61
28 28
168 168
74 74
171 171
8 8
179 179
11 11
129 129
150 150
