ZfI6StUliqd8YxBr0zVp Z6746tUNXH05XsKVq5bc SI1jqone3x4IZwZ6qVW6 98jc4TOf5CFD5ooRLXKs WEpQsV1SPLNjRDFxWGJw RnnCc8OgQLqPe5HvvbS3 Af4sQnaDf5G2yrOfmk45 QBaUzVWA62rnfcsnEShZ SI1jqone3x4IZwZ6qVW6 QGzcn6XPemZ0IhmCJCmq 5JVto9dbOz4Lu3AeAOZD uYmver98TgwbkIsM8XgU gX6xMy6pWnenI68kwgcu zs8puphf0SbuOBS6XpM9 ip0vmcqzxYgrY2Mc3Bu9 Fa64KRccvM4rqOgxBKtu cQGIpn2T5vI9Au4mrGii ZBTm8fkarNXg3vLUAnt8 gGXF4imn3IOLlYGD81XA Z38PT2VWeDoNiuh4rc0v UoiNiYnewh16WNDFqvYW YzWX8RqUW0YPFsebUKYP 35F0RBMuajlA1MclJpfz ZfI6StUliqd8YxBr0zVp
19
ip0vmcqzxYgrY2Mc3Bu9 ip0vmcqzxYgrY2Mc3Bu9
Af4sQnaDf5G2yrOfmk45 QUmdpeJNwq8Od3rclrVL Af4sQnaDf5G2yrOfmk45
RnnCc8OgQLqPe5HvvbS3 RnnCc8OgQLqPe5HvvbS3
98jc4TOf5CFD5ooRLXKs 98jc4TOf5CFD5ooRLXKs
WEpQsV1SPLNjRDFxWGJw WEpQsV1SPLNjRDFxWGJw
ZBTm8fkarNXg3vLUAnt8 ZBTm8fkarNXg3vLUAnt8
YzWX8RqUW0YPFsebUKYP YzWX8RqUW0YPFsebUKYP
QGzcn6XPemZ0IhmCJCmq cC9SZGtAtirSBnbvLWzt QGzcn6XPemZ0IhmCJCmq
gX6xMy6pWnenI68kwgcu BFat56YSkekx77JCOMI4 gj1PIUxoUprs5rKMLNpv gX6xMy6pWnenI68kwgcu
SI1jqone3x4IZwZ6qVW6 SI1jqone3x4IZwZ6qVW6
uYmver98TgwbkIsM8XgU uYmver98TgwbkIsM8XgU
5JVto9dbOz4Lu3AeAOZD Hxhi6IYOb3B8uxHbGYVt mMagcNSN7U8s7oy3e0j4 5JVto9dbOz4Lu3AeAOZD
Fa64KRccvM4rqOgxBKtu Fa64KRccvM4rqOgxBKtu
Z6746tUNXH05XsKVq5bc Z6746tUNXH05XsKVq5bc
zs8puphf0SbuOBS6XpM9 zs8puphf0SbuOBS6XpM9
UoiNiYnewh16WNDFqvYW UoiNiYnewh16WNDFqvYW
QBaUzVWA62rnfcsnEShZ QBaUzVWA62rnfcsnEShZ
ZfI6StUliqd8YxBr0zVp ZfI6StUliqd8YxBr0zVp
gGXF4imn3IOLlYGD81XA gGXF4imn3IOLlYGD81XA
