SaintPaul SanJose SanDiego ChulaVista Charlotte Phoenix Durham SantaAna Pittsburgh Mesa Baltimore LongBeach FortWorth BatonRouge Albuquerque FortWayne OklahomaCity Hialeah Glendale Columbus Milwaukee StPetersburg Lubbock Austin ElPaso LosAngeles Plano Fresno Lexington JerseyCity Lincoln Wichita Arlington SanAntonio Newark Scottsdale Dallas Tucson Detroit Denver Norfolk KansasCity NewOrleans Chandler ElPaso Austin Aurora FortWayne Anchorage Cleveland Toledo Atlanta Oakland Philadelphia SanFrancisco Stockton SanFrancisco Philadelphia Tucson Dallas LongBeach Baltimore Mesa Indianapolis SaintPaul
41
Stockton Houston Stockton
Phoenix Phoenix
SanAntonio SanAntonio
SanDiego SanDiego
Dallas Dallas
SanJose SanJose
Austin Austin
FortWorth FortWorth
Columbus Columbus
Charlotte Charlotte
Indianapolis Indianapolis
Denver Denver
ElPaso ElPaso
Durham Memphis Durham WinstonSalem
OklahomaCity OklahomaCity
Baltimore Baltimore
Milwaukee Milwaukee
Tucson Tucson Raleigh
Atlanta Atlanta
LongBeach LongBeach
Toledo Tampa
NewOrleans NewOrleans
Lincoln Bakersfield Lincoln
Aurora Aurora
Scottsdale Honolulu Scottsdale
SantaAna SantaAna
Lexington Lexington
StPetersburg Henderson StPetersburg
ChulaVista Cincinnati
Pittsburgh Pittsburgh
Anchorage Anchorage
Plano Plano
Newark Newark
FortWayne FortWayne
JerseyCity JerseyCity Laredo
SanFrancisco Madison
Chandler Chandler
Lubbock Lubbock
Glendale Glendale
Fresno Chesapeake Spokane
Hialeah Hialeah
