Jacksonville Atlanta Louisville Arlington Portland Seattle LasVegas LongBeach Oakland Phoenix OklahomaCity FortWorth SanJose Boston SanAntonio Detroit Tulsa Detroit Columbus Tucson Milwaukee Austin Raleigh LosAngeles ElPaso Nashville Milwaukee Jacksonville
20
LosAngeles LosAngeles Indianapolis
Phoenix Phoenix
Oakland Philadelphia Albuquerque
SanJose SanJose
Austin Austin
Jacksonville Jacksonville
FortWorth FortWorth
Columbus Columbus
Atlanta SanFrancisco Fresno Atlanta
Seattle Seattle
Boston Boston
ElPaso ElPaso
Portland Portland
Raleigh Memphis
LasVegas LasVegas
Louisville Louisville
Tucson Tucson
LongBeach LongBeach
Nashville VirginiaBeach
Tulsa Minneapolis Tulsa
