Porterton Wallton Davisstad Newmanburgh Gallowaymouth Rioshaven Gallowaymouth Newmanburgh Davisstad Leechester Pettyton Bondmouth Pettyton Leechester Castanedachester Leechester Davisstad Wallton Derekmouth Geraldside Michellehaven Ramosborough Michellehaven Geraldside Joseport Hallborough Joseport Gabrielburgh Joseport Geraldside Derekmouth Charlesberg Weberbury Kimberlyburgh Weberbury Charlesberg Sethland Ellisstad Sethland Charlesberg Derekmouth Jeffreyfort Johnsonchester Jeffreyfort Garytown Audreyfort Garytown Jeffreyfort Derekmouth Charlesberg Kevinberg Adamside Kevinberg Charlesberg Derekmouth Wallton Danielleport Scottburgh Laurenbury Haleview Laurenbury Scottburgh Danielleport Melissaview Cheyennefurt Watsonville Cheyennefurt Melissaview Campbellhaven Annberg Campbellhaven Melissaview Danielleport Cooperton Lopezborough Waltersmouth Lopezborough Cooperton Danielleport Wallton Porterton Dianashire Ashleyborough Clarkberg Reevestown Judithview Michaelview Judithview Reevestown Clarkberg Burtonview Murphyside Bakertown Murphyside Burtonview Clarkberg Ashleyborough Paulburgh Robertsstad Toddtown Swansonshire Toddtown Robertsstad Paulburgh Walltown Callahantown Maryport Callahantown Walltown Johnberg Walltown Scotttown Jacksonview Scotttown Walltown Paulburgh Ashleyborough Osborneville Payneview Barnesmouth Harrisport Barnesmouth Payneview Jacksonville Jennifertown Jacksonville Payneview Teresafort Smithtown Teresafort Payneview Osborneville Ashleyborough Dianashire Burgessview Williamfort Williamport Ashleystad Holthaven Ashleystad Codyton Ashleystad Williamport Williamfort Thomasville Lopezburgh Byrdfurt Lopezburgh Thomasville Williamfort Moodyburgh Heatherberg Thomasborough Heatherberg Moodyburgh Williamfort Burgessview Marcusburgh Matthewburgh Virginiastad Robinsonmouth Virginiastad Matthewburgh Bondfort Adamview Bondfort Shawnmouth Bondfort Matthewburgh Marcusburgh Fletcherland Willisfurt Fletcherland Kingview Williamschester Kingview Fletcherland Marcusburgh Tylerbury Jamestown Tylerbury Marcusburgh Burgessview Billton Banksburgh Yvonneborough Parkermouth Yvonneborough Banksburgh Billton Burgessview Dianashire Porterton
51
Swansonshire Abigailhaven Swansonshire
Johnberg Williamshire
Ellisstad Osbornemouth Ellisstad
Bondmouth Bondmouth Mercedesmouth Taylorton
Moodyburgh Smithfort Millerborough
Kimberlyburgh Kimberlyburgh Candiceland
Cheyennefurt Thompsonshire
Waltersmouth Adamport Adkinsberg
Pettyton Jonesfurt
Codyton Mindyview Codyton Ryanside
Byrdfurt Loweryborough Garciamouth Byrdfurt
Michaelview Michaelview Clarenceview
Ramosborough Ramosborough Fordhaven
Shawnmouth Shawnmouth Priceville Buckleyside
Audreyfort Audreyfort Patriciaside
Teresafort Calvinton
Parkermouth Parkermouth Shawnfort
Gabrielburgh Gabrielburgh Hodgesstad
Smithtown Smithtown Abigailville Jacksonland
Banksburgh Michaelville Williamland
Sethland Tannerhaven
Adamview Harrisborough Adamview
Holthaven Vickiville Holthaven
Weberbury Clarkport
Davisstad Jermaineton Clarkbury
Robinsonmouth Robinsonmouth Horneside
Jamestown Wilsonstad
Williamschester Williamschester Mirandaview
Annberg Annberg Dyerport Houstonchester
Rioshaven Josephstad Rioshaven
Jacksonview Jacksonview Danielville
Willisfurt Ortizberg
Hallborough Kylieview Hallborough
Johnsonchester Nealfurt Susanfort
Osborneville Candaceborough Dannyside
Jennifertown Feliciaville Jennifertown
Bakertown Derekville Jameston Bakertown
Watsonville Christyland Watsonville Robertomouth
Lopezburgh Leahmouth
Harrisport Brendaview Harrisport
Tylerbury Hansonbury
Haleview Hallstad Haleview
Thomasborough Masseyside Thomasborough Ortegaberg
Adamside Andrewschester Bradberg Adamside
Maryport Combsville Reynoldsview Maryport
Virginiastad Johnsonberg
Kevinberg Patriciabury Troyfort Thomasmouth
Jacksonville Christopherhaven
Barnesmouth Clarkborough
Castanedachester Suttonville
Michellehaven Joneschester Cranemouth
