fmdhlepsteinstdnkill epsteindlsfdntmkillh dnkillepsteinlshdtfm epsteinkillmsftnddlh fkillepsteindlhdnsmt nltdmsfepsteinkilldh hnfdtmlepsteinkillds msfltdkillnepsteinhd killdmnsfhldepsteint flepsteindndhmtkills epsteinlshkilldnfdmt killepsteinlhtfdsmdn dhkilllsepsteinmntdf nepsteinlmdkilldhfts ntlepsteindmfdshkill killmlepsteindthnfsd fepsteinhsntddkilllm ddlmnftepsteinhskill hnsdkilllftdmepstein dmdepsteinnhkilllsft fshtdepsteinmldnkill dmepsteinfnhltkillsd stepsteinhkillfmnldd lnsmkilltfdepsteindh lhsepsteindtdnmkillf fhndskillepsteintldm tlsfdmdepsteinnhkill fmsepsteindntldhkill tlmsdhdnkillfepstein hsndepsteindlmtkillf lndsdkilltmepsteinhf hkilldfepsteinmdlnts fdshnmkillepsteinltd killnsfmhdepsteindtl epsteinskilldlndhmtf lthfkilldnsmepsteind hepsteinsddnfkillmlt ddtmkillepsteinflsnh fddsepsteinhnlkilltm dfslntkillmepsteindh epsteintdkilllnfdhms killdmnsfhldepsteint ndkillftdsmepsteinlh hsdlepsteinmnkilldft epsteinmhndfkilltdls tdfepsteinnlhdkillsm dfkilllmtepsteinhdsn nfdhkilllsmtepsteind killnsfmhdepsteindtl nfmdkillhdlepsteinst hdepsteinskillldtnfm tmsdnfdlkillhepstein lhepsteinkilldtnmfsd hsdfepsteintlnkilldm nmlfshtdkillepsteind depsteinnlsfmhtkilld hmfnddkillepsteinslt tmlepsteinsdnfkillhd tlmsdhdnkillfepstein lsdepsteinfmkillndth fkillepsteindlhdnsmt epsteinkillmsftnddlh dnkillepsteinlshdtfm hnsdkilllftdmepstein epsteinfsddmthkillnl hnsdkilllftdmepstein dnkillepsteinlshdtfm epsteindlsfdntmkillh fmdhlepsteinstdnkill
46
msfltdkillnepsteinhd msfltdkillnepsteinhd
lhepsteinkilldtnmfsd lhepsteinkilldtnmfsd
flepsteindndhmtkills flepsteindndhmtkills
hepsteinsddnfkillmlt hepsteinsddnfkillmlt nkilltdhlmdepsteinsf
fhndskillepsteintldm fhndskillepsteintldm
nepsteinlmdkilldhfts nepsteinlmdkilldhfts
ndkillftdsmepsteinlh ndkillftdsmepsteinlh
ddtmkillepsteinflsnh ddtmkillepsteinflsnh
nltdmsfepsteinkilldh nltdmsfepsteinkilldh
lndsdkilltmepsteinhf lndsdkilltmepsteinhf
lsdepsteinfmkillndth lsdepsteinfmkillndth
killmlepsteindthnfsd killmlepsteindthnfsd
ntlepsteindmfdshkill ntlepsteindmfdshkill
dmepsteinfnhltkillsd dmepsteinfnhltkillsd
tmlepsteinsdnfkillhd tmlepsteinsdnfkillhd
epsteinmhndfkilltdls epsteinmhndfkilltdls
hdepsteinskillldtnfm hdepsteinskillldtnfm
fmsepsteindntldhkill fmsepsteindntldhkill epsteindfhlmdnskillt dlnsthfmepsteinkilld
tmsdnfdlkillhepstein mftkillepsteinndlhsd
hnsdkilllftdmepstein hnsdkilllftdmepstein
fshtdepsteinmldnkill fshtdepsteinmldnkill
epsteindlsfdntmkillh epsteindlsfdntmkillh
killdmnsfhldepsteint killdmnsfhldepsteint
depsteinnlsfmhtkilld depsteinnlsfmhtkilld
tlmsdhdnkillfepstein tlmsdhdnkillfepstein
dfkilllmtepsteinhdsn dfkilllmtepsteinhdsn
epsteinskilldlndhmtf epsteinskilldlndhmtf
nfdhkilllsmtepsteind nfdhkilllsmtepsteind
dhkilllsepsteinmntdf dhkilllsepsteinmntdf
hsndepsteindlmtkillf hsndepsteindlmtkillf
epsteinlshkilldnfdmt epsteinlshkilldnfdmt
dnkillepsteinlshdtfm dnkillepsteinlshdtfm lmhdtfdepsteinnkills
epsteinfsddmthkillnl dhepsteindsnlkillfmt
fdshnmkillepsteinltd fdshnmkillepsteinltd
killnsfmhdepsteindtl killnsfmhdepsteindtl
tlsfdmdepsteinnhkill tlsfdmdepsteinnhkill
epsteinkillmsftnddlh epsteinkillmsftnddlh
stepsteinhkillfmnldd stepsteinhkillfmnldd
hnfdtmlepsteinkillds hnfdtmlepsteinkillds
fepsteinhsntddkilllm fepsteinhsntddkilllm
killepsteinlhtfdsmdn killepsteinlhtfdsmdn
epsteintdkilllnfdhms epsteintdkilllnfdhms
hsdfepsteintlnkilldm hsdfepsteintlnkilldm
ddlmnftepsteinhskill ddlmnftepsteinhskill
lnsmkilltfdepsteindh lnsmkilltfdepsteindh
fmdhlepsteinstdnkill nhmkilllsftepsteindd
