dldkilltnmhfepsteins msddkilllthepsteinfn dlfdkilltepsteinhnms fhnmkillepsteinsdltd lepsteindnhstfdmkill tdkillepsteinsmhdfnl epsteintfhndkilllmsd tdnfmdhepsteinslkill lkilldtnmsepsteindfh tsmdepsteinkillhfdln depsteinlfnmkilldsht dkillfepsteinnhdmtls sdndhepsteinltkillfm killmdshdtnflepstein fthlkillnepsteindsdm thnkillmddsepsteinfl mkilldlshdtfepsteinn epsteinhdkillltsmfdn dhsepsteintlkillmfnd fddsmepsteintnkillhl ntmdhepsteinsdkillfl epsteinfthkilldnslmd mdkilllfdnstepsteinh fdmtdepsteinkilllsnh lntkillepsteinfsddhm mhdskillldftnepstein killtdslhfdepsteinnm shfnmltepsteindkilld killdldepsteinmfsthn dnldkillhmfstepstein killthsepsteindmlfdn depsteinslkillhdftmn killmfndshdtepsteinl hmdkilllnepsteinfsdt killhtdmdlnsfepstein nfltdmkillsdepsteinh lsmftnepsteinkillhdd dflstmkillepsteindhn killdepsteinmfltdshn tsdnhkilllmepsteindf tdfkillslepsteinhdmn sldhnfmtdkillepstein tepsteinhsdkillmldfn shepsteinnkillftlddm msepsteintlhnfkilldd mdkillntepsteindfhsl tndskilldfepsteinmhl dkillnmsfhtlepsteind ndkillthdepsteinlsmf dftkillhmldnepsteins hmndfkillslepsteintd epsteindmshtfldnkill hsepsteinfkillnmddtl fmtnkilldepsteindhsl mkillldnhepsteinstfd lkilldtnmsepsteindfh dhmkillfdltnsepstein dmtlsfhnkilldepstein hnddkilltslmfepstein killtepsteinddhlmnsf ltfnsdhepsteinkilldm killtdmsdfhnepsteinl dhkillldsepsteintnmf epsteinfsltkillnhddm killhdfnsepsteinmltd fsepsteindkillhmtdln skillthlfndepsteindm mkillthfdlnepsteinds dtsmdnlhfepsteinkill epsteinsnmflhtdkilld mhkillepsteinddlfsnt hdntepsteinkilllsdfm dkillnmhldstfepstein epsteinshlkilldmnfdt dfdepsteintlnskillhm ldepsteindhkilltsmfn mfndlsdepsteinhkillt fdmtdepsteinkilllsnh epsteinldtnfmshdkill lepsteindsmnhftdkill dhsepsteintlkillmfnd hnsepsteinmkillfddtl dhtepsteinkillsdflmn killepsteinfdlhdtnms skillmfepsteinthddnl killsepsteindmtflhnd killfthnmsdlepsteind tsmdepsteinkillhfdln depsteinlfnmkilldsht slepsteinkillfmddhtn killtdslhfdepsteinnm dkillldfepsteintsmnh ldfsmnepsteinkilltdh dfkilllepsteinsnmhtd sdndhepsteinltkillfm lmkillepsteintsndfhd hepsteinntdkillsdmfl lmkillepsteintsndfhd lhsntdepsteindkillmf tepsteinkilldflhnmsd nftmskilldldepsteinh fhdmnepsteindkillslt hndsmfkilltldepstein hsepsteinfkillnmddtl nsepsteinfmdkillhldt lkillfthdsepsteindnm dtnkillsepsteinmdfhl dftkillhmldnepsteins ndshkilldmlepsteinft fdmtdepsteinkilllsnh mdkilllfdnstepsteinh lkillepsteintdshmfnd hdmndfepsteinstkilll nepsteindhkillltmsfd sndldftmkillepsteinh dhkillldsepsteintnmf depsteinftndhmkillsl fthlkillnepsteindsdm killhtdmdlnsfepstein ltfnsdhepsteinkilldm dkillfepsteinnhdmtls depsteinlfnmkilldsht tldkillhsfnmepsteind msddkilllthepsteinfn dldkilltnmhfepsteins
89
epsteinfsltkillnhddm fmltddhnepsteinskill
tdfkillslepsteinhdmn tdfkillslepsteinhdmn
nsepsteinfmdkillhldt hnskillepsteintfdmld
nfltdmkillsdepsteinh nfltdmkillsdepsteinh
lsmftnepsteinkillhdd lsmftnepsteinkillhdd
mkilldlshdtfepsteinn epsteinhnkillsldfdmt mkilldlshdtfepsteinn
killtdmsdfhnepsteinl killtdmsdfhnepsteinl
dkillldfepsteintsmnh dlshdtepsteinnkillfm
mdkillntepsteindfhsl mdkillntepsteindfhsl dmldfhskillntepstein
tsmdepsteinkillhfdln tsmdepsteinkillhfdln
tdkillepsteinsmhdfnl tdkillepsteinsmhdfnl
killtdslhfdepsteinnm killtdslhfdepsteinnm
depsteinftndhmkillsl depsteinftndhmkillsl epsteindkilltlmnhsfd hepsteinnfdmlsdtkill
msepsteintlhnfkilldd msepsteintlhnfkilldd
lmkillepsteintsndfhd lmkillepsteintsndfhd
killfthnmsdlepsteind killfthnmsdlepsteind
fhdmnepsteindkillslt fhdmnepsteindkillslt
fddsmepsteintnkillhl fddsmepsteintnkillhl
ndshkilldmlepsteinft ndshkilldmlepsteinft
hsepsteinfkillnmddtl nmdhepsteinkilltfsld hsepsteinfkillnmddtl
ntmdhepsteinsdkillfl ntmdhepsteinsdkillfl
killmdshdtnflepstein fdskillndtmepsteinlh
ltfnsdhepsteinkilldm tepsteinmdfldhnskill ltfnsdhepsteinkilldm
slepsteinkillfmddhtn slepsteinkillfmddhtn
killmfndshdtepsteinl killmfndshdtepsteinl
dhsepsteintlkillmfnd dhsepsteintlkillmfnd
msddkilllthepsteinfn msddkilllthepsteinfn
tldkillhsfnmepsteind tldkillhsfnmepsteind
killdldepsteinmfsthn killdldepsteinmfsthn
mfndlsdepsteinhkillt sdlhfnmdepsteintkill
nftmskilldldepsteinh nftmskilldldepsteinh mdkillnlsdtepsteinhf
skillthlfndepsteindm skillthlfndepsteindm
epsteinfthkilldnslmd epsteinfthkilldnslmd
lepsteindnhstfdmkill lepsteindnhstfdmkill
epsteindmshtfldnkill epsteindmshtfldnkill
dkillnmsfhtlepsteind dkillnmsfhtlepsteind
sndldftmkillepsteinh sndldftmkillepsteinh
killdepsteinmfltdshn killdepsteinmfltdshn
dkillnmhldstfepstein dkillnmhldstfepstein
killhtdmdlnsfepstein killhtdmdlnsfepstein
hnddkilltslmfepstein thdlskillnfdmepstein lepsteinkilldhfmstnd
fsepsteindkillhmtdln fsepsteindkillhmtdln epsteinlmkillfshnddt
dftkillhmldnepsteins mndtkillepsteindlfhs
ndkillthdepsteinlsmf ndkillthdepsteinlsmf
epsteintfhndkilllmsd epsteintfhndkilllmsd
shfnmltepsteindkilld shfnmltepsteindkilld
fmtnkilldepsteindhsl fmtnkilldepsteindhsl
killhdfnsepsteinmltd killhdfnsepsteinmltd
mkillthfdlnepsteinds mkillthfdlnepsteinds
sldhnfmtdkillepstein sldhnfmtdkillepstein
dtnkillsepsteinmdfhl dtnkillsepsteinmdfhl
lkilldtnmsepsteindfh lkilldtnmsepsteindfh
thnkillmddsepsteinfl thnkillmddsepsteinfl
ldepsteindhkilltsmfn ldepsteindhkilltsmfn
epsteinsnmflhtdkilld epsteinsnmflhtdkilld
dnldkillhmfstepstein dnldkillhmfstepstein
hnsepsteinmkillfddtl hnsepsteinmkillfddtl
depsteinlfnmkilldsht lhepsteintndkilldsmf depsteinlfnmkilldsht
nepsteindhkillltmsfd nepsteindhkillltmsfd
sdndhepsteinltkillfm sdndhepsteinltkillfm
fhnmkillepsteinsdltd fhnmkillepsteinsdltd
dfkilllepsteinsnmhtd dfkilllepsteinsnmhtd
tndskilldfepsteinmhl tndskilldfepsteinmhl
killtepsteinddhlmnsf killtepsteinddhlmnsf
dlfdkilltepsteinhnms dlfdkilltepsteinhnms
epsteinldtnfmshdkill epsteinldtnfmshdkill
epsteinhdkillltsmfdn epsteinhdkillltsmfdn
dtsmdnlhfepsteinkill dtsmdnlhfepsteinkill
dhtepsteinkillsdflmn dhtepsteinkillsdflmn
dflstmkillepsteindhn dflstmkillepsteindhn
hmndfkillslepsteintd hmndfkillslepsteintd
tsdnhkilllmepsteindf tsdnhkilllmepsteindf
lhsntdepsteindkillmf lhsntdepsteindkillmf
dmtlsfhnkilldepstein dmtlsfhnkilldepstein
ldfsmnepsteinkilltdh ldfsmnepsteinkilltdh
dhmkillfdltnsepstein dhmkillfdltnsepstein
mhkillepsteinddlfsnt mhkillepsteinddlfsnt
lkillepsteintdshmfnd lkillepsteintdshmfnd
hmdkilllnepsteinfsdt hmdkilllnepsteinfsdt
fdmtdepsteinkilllsnh fdmtdepsteinkilllsnh
depsteinslkillhdftmn depsteinslkillhdftmn
skillmfepsteinthddnl skillmfepsteinthddnl
hepsteinntdkillsdmfl depsteintkilllnmsfdh hepsteinntdkillsdmfl
dfdepsteintlnskillhm dfdepsteintlnskillhm
mkillldnhepsteinstfd mkillldnhepsteinstfd
mdkilllfdnstepsteinh mdkilllfdnstepsteinh
mhdskillldftnepstein mhdskillldftnepstein
killthsepsteindmlfdn killthsepsteindmlfdn
tepsteinhsdkillmldfn tepsteinhsdkillmldfn
