tepsteinfdkilldlmhns hdepsteinsmdtnflkill fnlskillhtepsteindmd ftdmlhkilldepsteinsn hldmepsteindsnkilltf nmhdkilltslepsteinfd ldnmepsteinhfstdkill ndlepsteinhdtskillfm fnmhskilldepsteinltd msnepsteinfkillhtdld snldmtkillfepsteindh epsteinthsdmndkillfl nkillsdtdhfmlepstein nfdhepsteinltsdmkill lepsteinfdkillsdnmht dhlepsteindkillsmtnf mfskillnhlddtepstein thmepsteinlkillfsndd slepsteinftndkillmdh htskillepsteindnlfdm ndlmhepsteintdskillf dnhdskillepsteinmltf tskillepsteinhfmddnl thsfnmkilldlepsteind slepsteinftndkillmdh thmepsteinlkillfsndd mfskillnhlddtepstein dhlepsteindkillsmtnf killnfhdsdltepsteinm hfskillnepsteinldtdm thsfnmkilldlepsteind killepsteintdldshfnm tepsteinfdkilldlmhns
21
ndlmhepsteintdskillf ndlmhepsteintdskillf tmhsnfepsteinldkilld
nfdhepsteinltsdmkill nfdhepsteinltsdmkill
lepsteinfdkillsdnmht lepsteinfdkillsdnmht
killepsteintdldshfnm nlhtdsdepsteinfmkill killepsteintdldshfnm
ldnmepsteinhfstdkill hepsteinnfstkilllmdd skilldnmlhdftepstein
dhlepsteindkillsmtnf dhlepsteindkillsmtnf
nkillsdtdhfmlepstein nkillsdtdhfmlepstein
msnepsteinfkillhtdld msnepsteinfkillhtdld hkillmepsteinstdfdnl
fnlskillhtepsteindmd fnlskillhtepsteindmd
tskillepsteinhfmddnl tskillepsteinhfmddnl
hldmepsteindsnkilltf hldmepsteindsnkilltf
epsteinthsdmndkillfl epsteinthsdmndkillfl
hdepsteinsmdtnflkill hdepsteinsmdtnflkill
fnmhskilldepsteinltd fnmhskilldepsteinltd
ndlepsteinhdtskillfm ndlepsteinhdtskillfm
snldmtkillfepsteindh snldmtkillfepsteindh
mfskillnhlddtepstein epsteindsmnlfdtkillh
htskillepsteindnlfdm htskillepsteindnlfdm
thmepsteinlkillfsndd thmepsteinlkillfsndd
slepsteinftndkillmdh epsteinsdfmhltkillnd
killnfhdsdltepsteinm killnfhdsdltepsteinm
