BatonRouge Burbank Bradenton Cambridge Abilene Albuquerque Beaumont AnnArbor Birmingham Bryan Buffalo AtlanticCity Boulder Aurora Aberdeen BoiseCity Amarillo BonitaSprings Bethlehem Barnstable Baltimore Atlanta Berkeley Arvada Albuquerque Boston Anchorage Bellevue BatonRouge
24
Aberdeen Aberdeen
Abilene Abilene
Bethlehem Albany Bethlehem
Albuquerque Albuquerque
Amarillo Amarillo
Anchorage Anchorage
AnnArbor AnnArbor
Arvada Arvada
Atlanta Atlanta
AtlanticCity AtlanticCity
Aurora Aurora
Barnstable Barnstable
BatonRouge BatonRouge
Beaumont Beaumont
Berkeley Berkeley
Birmingham Birmingham
BoiseCity BoiseCity
Boston Boston
Boulder Boulder
Bradenton Bradenton
Bryan Bryan
Buffalo Buffalo
Burbank Burbank
Cambridge Cambridge
