5 4 33 137 42 165 94 20 11 36 62 34 138 116 134 71 119 192 96 155 40 123 62 34 76 81 19 151 109 58 152 109 84 162 52 121 34 133 186 112 171 104 83 117 136 170 199 53 110 188 35 135 10 45 47 43 72 60 2 140 77 196 184 85 18 190 16 74 187 154 46 48 56 118 113 61 138 69 183 69 138 34 62 36 91 150 130 64 37 0 27 174 101 1 99 161 179 78 29 164 55 102 189 25 30 65 180 28 149 90 166 133 34 76 34 17 105 79 143 194 191 91 178 70 26 35 5
83
1 1
2 2
34 9 34
10 10
11 11
45 14 158
16 16
17 17
18 18
20 20
96 22 96
25 25
26 26
28 28
74 31
166 32 122
33 33
37 37 177
94 39 92
119 41 67
42 42 44
43 43
46 46
47 47
48 48
134 50
183 51 183
52 52
53 53
55 55
56 56
58 58
61 61
165 63 173 193
64 64
133 68 133
69 69 153
71 71
109 75
76 76 156
77 77
78 78 80 100
81 81
83 83
85 85
91 91
99 99
101 101
102 102
189 103 189
104 104
105 105
110 110
116 116
123 123
135 135
137 137
138 138
140 140
143 143
112 146
149 149
151 151
152 152
154 154
121 157
90 159
162 162
164 164
84 168
170 170
171 171
174 174
178 178
179 179
180 180
184 184
187 187
188 188
192 192
194 194
196 196
199 199
