A42 A100 A183 A43 A84 A183 A93 A91 A118 A104 A154 A2 A35 A130 A35 A58 A176 A57 A23 A184 A60 A156 A165 A72 A167 A77 A115 A179 A121 A177 A95 A101 A107 A186 A64 A191 A30 A196 A127 A32 A137 A16 A0 A98 A148 A98 A144 A106 A149 A39 A76 A187 A198 A197 A13 A67 A136 A5 A44 A166 A185 A193 A20 A174 A54 A168 A7 A4 A115 A77 A66 A45 A108 A9 A167 A72 A114 A83 A142 A139 A12 A98 A50 A87 A169 A28 A169 A95 A151 A96 A150 A70 A13 A197 A161 A128 A47 A39 A2 A189 A2 A141 A2 A67 A133 A67 A186 A34 A186 A143 A172 A73 A172 A143 A186 A64 A191 A30 A63 A199 A36 A97 A125 A168 A15 A23 A184 A100 A42
78
A0 A0
A2 A2
A189 A3 A189
A4 A4
A5 A5
A7 A7
A9 A9 A105
A13 A13 A75 A88 A113
A16 A16
A151 A17
A20 A20
A44 A21 A120
A23 A23
A28 A28 A194
A30 A30 A90
A32 A32
A149 A33
A34 A34 A94
A35 A35
A72 A37 A72
A57 A38 A57
A39 A39
A193 A40 A193
A42 A42 A71
A43 A43
A45 A45
A191 A46 A191
A133 A51
A54 A54
A58 A58
A64 A64
A50 A65 A117
A67 A67
A70 A70
A76 A76
A77 A77
A107 A78 A107
A165 A82
A84 A84
A60 A92
A93 A93
A95 A95
A96 A96
A98 A98 A132
A100 A100
A125 A102 A181 A182
A83 A103
A106 A106
A186 A111
A114 A114
A118 A118
A174 A122
A73 A123
A12 A124 A145
A66 A126
A127 A127
A128 A128
A130 A130 A159
A141 A135
A136 A136
A137 A137
A139 A139
A142 A142
A143 A143
A144 A144
A148 A148 A192
A154 A154
A167 A167
A172 A172
A176 A176
A177 A177
A179 A179
A183 A183
A184 A184
A185 A185
A187 A187
A196 A196
A198 A198
