A29 A67 A52 A36 A75 A82 A35 A96 A2 A7 A13 A97 A18 A47 A66 A99 A93 A85 A3 A54 A65 A32 A16 A55 A5 A72 A19 A95 A76 A39 A4 A91 A45 A28 A40 A89 A85 A12 A53 A12 A46 A49 A30 A6 A15 A38 A11 A57 A5 A29
38
A2 A2
A3 A3
A6 A6 A88
A45 A10
A12 A12 A59
A13 A13
A32 A14 A32 A92
A15 A15
A16 A16
A18 A18
A30 A26 A30
A5 A27
A28 A28 A34
A29 A29
A4 A31 A51
A35 A35
A36 A36
A38 A38
A39 A39
A47 A47
A52 A52
A53 A53 A90
A54 A54
A55 A55
A19 A60 A69 A73
A65 A65 A79
A66 A66
A67 A67
A7 A68 A77
A72 A72
A82 A82
A85 A85
A89 A89
A91 A91
A95 A95
A96 A96
A97 A97
A99 A99
