COM MDG IDN COL COM SGS SHN CHN COD HUN PAK GNQ SDN MEX MLI CPV LIE LTU KHM LUX LAO KGZ CRI MLT PSE NRU CAF CIV BVT LKA LCA HRV HMD MMR NPL PRY PNG PLW NIU IRN MYS DZA DOM SAU RWA CPV COK HND GRC GMB NGA FSM FIN GAB ESP GEO GHA GIB EGY GGY FRA GBR GIN FSM NGA GMB PCN PAN MDA HKG HTI CAN IDN KOR LBN IDN RUS BLZ BEN BLM BHR BDI AZE BIH BHS BRB BMU NGA JEY NFK AUS ATG PRT CRI GNB KWT LTU LIE CPV MHL MAC POL MYT MUS DJI MUS SGS COM NER COM QAT ALB ARE ARM MYT MWI ITA NIC PNG PRY NIU CZE REU COM
82
SHN SHN
SGS SGS NZL LBR
SDN SDN
RWA RWA
RUS RUS
REU REU AFG
PSE PSE
PRY PRY MOZ
POL POL
PNG PNG
PAN PAN
PAK PAK
NRU NRU
NPL NPL
NIU NIU
NIC NIC IRL ABW
NFK NFK ALA
NER NER MTQ
MYT MYT
MMR MMR
MLI MLI
MEX MEX
MDA MDA
HND MAR HND
MAC MAC
LUX LUX
LTU LTU
LKA LKA
LIE LIE
LBN LBN JPN
LAO LAO
KWT KWT
KOR KOR
KGZ KNA
KHM KHM
HKG KAZ HKG
JEY JEY
ITA ITA
IRN IRN IOT
IDN IDN
HUN HUN
HTI HTI GUM
HRV HRV
HMD HMD
GRC GRC
GNQ GNQ
GMB GMB
GIN GIN
GIB GIB
GHA GHA
GEO GEO
GBR GBR
GAB GAB
FSM FSM
FRA FRA ESH ECU
FIN FIN
ESP ESP
EGY EGY
DZA DZA
DJI DMA DJI
CZE DEU CYP
MWI CXR
CPV CPV
COL COL
COK COK
COD COG COD
CIV CIV
CHN CHN
CAN CAN
CAF CAF
BMU BMU
BLM BLM
BHS BHS
BHR BHR
BEN BEN
BDI BDI
AZE AZE
AUS AUS
ATG ATG
ARM ARM
ARE ARE
ALB ALB
