DZA GBR FRA FRO ECU FSM GHA GAB FIN FLK CIV CHE COD BRN BEL BDI BGR GLP GRL HKG CMR CCK BLR BES BLM BFA BHS DOM CUW DNK ARE AND ESP GIN BVT CAF COG GTM GRD GNQ GUY HMD ETH ERI FSM ASM ATF ATA ASM DOM AUS GUY CUB CYP CZE CYM BGD BOL BLR DMA DZA
42
DMA HND GEO DJI
HMD HMD
HKG HKG
GRD GRD
GUY GRC
GNQ GNQ
GLP GLP
GHA GHA
GBR GBR
FSM FSM
FRO FRO
FRA FRA
FLK FLK
FIN FIN ABW
ERI ERI
ECU ECU
DOM DOM
DNK DNK
CZE CZE
CYM CYM CXR
CUW CUW
CUB CUB
COG COG
COD COD
CHE CHE
CCK CCK
CIV CAN BRB
CAF CAF
BVT BVT
BRN BRN
BLR BLR BEN
BLM BLM
BHS BHS
BGD BGD
BFA BFA
BES BES
BDI BDI
AUS AUS
ATF ATF
ATA ATA
ARE ARG ARE ALB
AND AND
