YuhuaEast Sennett SerangoonGarden SingaporeRiver ChinaSquare SerangoonNorth TagoreSindo Punggol Matilda Geylang ChengSan BoonLayPlace LowerSeletar PearlsHill Sentosa TelokBlangahRise KampongUbi Brickworks Serangoon Trafalgar OneTreeHill SembawangStraits Shipyard PasirRisPark BedokSouth ClarkeQuay HongKah UpperThomson BedokNorth IstanaNegara ClementiWest JurongWestCentral OneNorth Anson AngMoKioTownCentre ChangiPoint Yunnan SenokoWest JooSengPayaLebar JurongPort PeiChun DairyFarm PangSua Mountbatten Northland WoodlandsWest BukitBatokSouth PasirPanjang2 SerangoonCentral Khatib SimpangNorth Paterson PulauPunggolTimor ReservoirView EvertonPark ClementiNorth PasirRisDrive TohGuan PayaLebarEast Museum GeylangEast MountEmily KebunBahru Tampines SouthernIslands WestCoast TuasNorthPioneer LoyangEast Kembangan Saujana HougangCentral DefuIndustrialPark ChoaChuKang Aljunied YioChuKang PeoplesPark BayfrontSubzone SungeiKadut BenoiSector KeatHong Dunearn UluPandan YioChuKangEast Moulmein Tanglin TuasPromenade PunggolField Cairnhill WoodlandsSouth Port RochorCanal Boulevard TampinesNorth Sembawang EastCoast NatureReserve ChangiWest TanglinHalt MandaiEast DhobyGhaut YuhuaEast
86
Sentosa Sentosa
BedokNorth BedokNorth
SungeiKadut SungeiKadut
Geylang Geylang
SerangoonCentral SerangoonCentral
BayfrontSubzone BayfrontSubzone
Port Port
PearlsHill PearlsHill
BedokSouth BedokSouth
YioChuKang YioChuKang
Punggol Punggol
Dunearn SembawangHills
OneNorth OneNorth
EastCoast EastCoast
Moulmein Moulmein
Saujana BoatQuay Saujana
PeoplesPark PeoplesPark OrangeGrove
MandaiEast MandaiEast
TuasPromenade TuasBay TuasPromenade TiongBahru
TuasNorthPioneer InstitutionHill TuasNorthPioneer Chatsworth
BoonLayPlace BoonLayPlace
JurongWestCentral JurongWestCentral
TagoreSindo TagoreSindo
WestCoast WaterwayEast KentRidge Commonwealth
SimpangNorth SimpangNorth AlexandraNorth
Kembangan Kembangan
Paterson Paterson
Matilda Matilda
JooSengPayaLebar JooSengPayaLebar
PunggolField PunggolField
SerangoonNorth SerangoonNorth
JurongPort JurongPort
LowerSeletar LowerSeletar
KeatHong KeatHong
AngMoKioTownCentre AngMoKioTownCentre
SerangoonGarden SerangoonGarden
DairyFarm DairyFarm
KebunBahru KebunBahru
PasirRisDrive PasirRisDrive
Khatib Khatib
HongKah HongKah
BukitBatokSouth BukitBatokSouth
PulauPunggolTimor PulauPunggolTimor
ChinaSquare ChinaSquare
Shipyard Shipyard
Sembawang Sembawang
ChoaChuKang ChoaChuKang
PasirRisPark PasirRisPark
Tampines Tampines BukitBatokWest
Sennett Sennett CityHall
Mountbatten Mountbatten
PayaLebarEast PayaLebarEast
OneTreeHill OneTreeHill
DhobyGhaut DhobyGhaut
SingaporeRiver SingaporeRiver
ChangiWest ChangiWest
Museum Museum
Aljunied Aljunied
Serangoon Serangoon
ReservoirView ReservoirView
TohGuan TohGuan
ChengSan PasirRis Mandai
SembawangStraits SembawangStraits
SouthernIslands SouthernIslands HongKahNorth
DefuIndustrialPark DefuIndustrialPark
RochorCanal RochorCanal
ClementiNorth ClementiNorth
Tanglin Tanglin
WoodlandsWest WoodlandsWest
PangSua SungeiRoad PangSua
GeylangEast GeylangEast
TampinesNorth TampinesNorth
UluPandan UluPandan
Trafalgar Trafalgar
PeiChun PeiChun
Brickworks Brickworks
ChangiPoint ChangiPoint
TelokBlangahRise TelokBlangahRise
BenoiSector BenoiSector
Northland Northland
UpperThomson UpperThomson
YioChuKangEast YioChuKangEast
Cairnhill Cairnhill
EvertonPark EvertonPark
IstanaNegara IstanaNegara
HougangCentral HougangCentral
