0 7 8 74 66 62 58 56 58 62 66 74 8 10 72 67 63 59 57 51 60 64 68 71 11 10 26 28 12 30 31 32 30 29 34 38 75 95 75 38 34 29 35 36 33 30 12 73 12 28 29 35 39 37 39 35 29 30 31 14 47 48 49 48 47 14 31 40 76 78 99 79 81 41 33 30 31 14 47 46 91 43 80 99 86 42 45 47 14 17 14 31 30 28 26 10 9 24 23 0 2 3 2 0
61
0 0 1 21 22
2 2
3 3 4 5 6
7 7 25
8 8
9 9
10 10
11 11
12 12
14 13 14 15
99 16 85 99
17 17 18 19 20
23 23
24 24
26 26
28 27 28 77
29 29
30 30
31 31
32 32
33 33
34 34
35 35
36 36
37 37 82 83 84 87
38 38
39 39
40 40
41 41
42 42
43 43 44
45 45
46 46
47 47
48 48
49 49 50 89 90 92 93
51 51
56 52 53 54 55 56
57 57
58 58
59 59
60 60 61
62 62
63 63
64 64
73 65 69 70 73
66 66
67 67
68 68
71 71
72 72
74 74
75 75
76 76
78 78
79 79
80 80 88 94
81 81
86 86
91 91
95 95 96 97 98
