187 86 156 47 67 196 99 7 68 162 185 32 45 70 199 195 63 48 158 94 151 88 153 29 42 37 59 13 120 9 128 124 181 71 148 150 123 15 82 127 101 92 184 126 58 95 65 140 117 73 142 175 23 124 133 131 109 122 183 58 157 83 53 35 56 33 165 160 39 69 146 41 93 171 69 44 79 114 1 90 25 6 12 152 6 149 169 190 173 72 136 178 161 191 49 77 2 30 173 166 78 164 87 36 179 110 98 172 144 119 8 144 52 78 163 111 135 97 54 89 154 134 180 80 159 176 100 187
98
2 2
6 6
7 7
8 8
9 9
12 12
13 13
15 15
67 18 67
23 23
29 29
30 30
32 32
33 33
36 36
39 39
41 41
42 42
44 44
45 45
47 47
48 48
52 52
53 53
54 54 55
58 58
59 59
63 63
65 65
68 68
69 69
70 70
71 71
72 72
73 73
78 78
79 79
80 80
82 82
83 83
86 86
87 87
89 89
90 90
92 92
93 93
94 94
95 95
97 97
77 107
135 108
109 109
110 110
111 111
114 114
117 117
119 119
120 120
124 124
126 126
127 127
128 128
131 131
149 132
133 133
134 134
136 136
140 140
142 142
146 146
148 148
150 150
152 152
153 153
154 154
156 156
157 157
160 160
161 161
162 162
163 163
164 164
165 165
166 166
169 169
171 171
172 172
173 173
175 175
176 176
180 180
181 181
183 183
184 184
190 190
191 191
196 196
199 199
