According to all known laws of there is no way a way no is there of laws known all to According wings are too small get its fat little body off the The flies The the off body little fat its get small too are wings According care what humans think black and shake it up Breakfast Hang on Oan you believe you Oan on Hang Breakfast up it shake and black think humans what care According
21
to to
known known
of of
is is
way way
a bee be Its
are are
small small
its its
little little
off off
The The
flies anyway bees
what what
think think
and and
it it
Breakfast Breakfast
on on
you you
believe this pick
