190 135 166 56 45 153 5 172 192 84 186 23 168 103 44 64 55 34 65 38 145 121 104 22 117 68 10 100 179 66 71 182 113 94 141 30 181 118 54 163 32 50 57 169 176 21 69 162 95 74 60 76 49 185 112 85 149 156 1 142 92 132 99 134 188 52 61 82 33 58 83 67 8 165 136 93 164 116 93 189 111 29 109 27 40 139 62 46 11 159 173 114 3 152 132 92 106 137 6 195 123 47 190
89
1 1
182 2 182
3 3
5 5
8 8
10 10
11 11
21 21
22 22
23 23
27 27
29 29
30 30
32 32
33 33
34 34
55 36 55
38 38
40 40
44 44
45 45
46 46
47 47
50 50
52 52 138
54 54
56 56
57 57
60 60
61 61
62 62
65 65
66 66
67 67
68 68 146
69 69 108 133
71 71
76 76
83 83 129
84 84
92 92
93 93
94 94
95 95
99 99
100 100
159 101 177
181 102 181 198
103 103
104 104
106 106
109 109
111 111
112 112
113 113
114 114
116 116
117 117
118 118
121 121
123 123
132 132
135 135
136 136
137 137
139 139 193
141 141
142 142
149 149
152 152
153 153
156 156
162 162
163 163
164 164
165 165
166 166
168 168
169 169
172 172
173 173
176 176
179 179
185 185
186 186
188 188
189 189
192 192
195 195
