gc gk em ac as co ab cm dg u ds et df fh df bv j cp cr cz b bn fr q gm y bu gq v ai dn a bq fe e ff ga dx gn by bc ah gh fd fo ft an bl ad gj di gi d dh en ae dq bp cf fi aw h dj gg dp do bj ge cy eq fa db az fy cg br er go am cd ep ck z g cn dy fw dw es at fk fq p cs cl ee cj bi el cv ao ag ey fn bb bt ap bx be cq fz gc
100
a a
b b
d d
e e
g g
j j
p p
q q
u u
v v
y y
ab ab
ac ac
ad ad
ae ae
ah ah
ai ai
am am
an an
ao ao
ap ap
as as
at at
aw aw
az az
bb bb
bc bc
bi bi
bj bj
bl bl
bn bn
bp bp
bq bq
br br
bt bt
bu bu
bv bv
bx bx
by by
cg cg
cj cj
ck ck
cl cl
cm cm
cn cn
co co
cp cp
cq cq
cr cr
cs cs
cv cv
cz cz
db db
dg dg
dh dh
di di
dj dj
dn dn
do do
dp dp
dq dq
ds ds
dw dw
dx dx
dy dy
ee ee
el el
em em
en en
ep ep
eq eq
er er
es es
et et
ey ey
fa fa
fd fd
fe fe
ff ff
fh fh
fi fi
fk fk
fn fn
fo fo
fq fq
fr fr
ft ft
fw fw
fy fy
ga ga
ge ge
gg gg
gh gh
gi gi
gj gj
gk gk
gm gm
gn gn
go go
gq gq
