Liam Isaiah Joseph Mateo Alexander Mason Jayden Adam Brayden Jaxson Logan William Aiden Parker Theodore David Theodore Leonardo Connor Benjamin Sawyer Jose Owen Dylan Julian Luke Noah Lucas Eli Josiah Evan Levi Jonathan Henry Ian Jordan Mateo Joseph Isaiah Liam
22
Liam Liam
Noah Noah
William William
Dylan James Dylan
Logan Logan
Benjamin Benjamin Carter
Mason Mason Elijah
Eli Oliver Jackson Wyatt
Jordan Jacob Matthew
Lucas Lucas
Jaxson Michael
Alexander Alexander
Brayden Ethan Samuel
Isaiah Daniel
Aiden Aiden
Henry Henry
Joseph Joseph
David Sebastian David
Jayden Jayden
Sawyer John
Owen Owen
Luke Luke
