Liam Jordan Jack Joshua Lucas Noah Maverick Camden Bentley Jayden Max Grant Max Lincoln Dylan Andrew Oliver Patrick Easton Richard Aiden Mateo Miguel Messiah John Matthew Jayce Henry Malachi Bryson Leo Alexander Grayson Elliot Jasper Connor Nathan Kevin Weston Kevin Finn Luke Miles Nolan Elijah Nolan Ryan Xavier Steven James Steven Hunter Zachary Jude Theodore Rowan Austin Hayden Christian Rhett Zion Messiah Eric Greyson Chase Aaron David Brody George Ethan Brantley Kai Carson Emmanuel Gael Dawson Alejandro Dawson Declan Brayden Jonathan Preston Jose Ezra Jackson Braxton Silas Nicholas Daniel Jameson Matteo Julian Josiah Justin Bennett Landon William Beau Dean Maxwell Anthony Angel Jaxson Cameron Caleb Elliott Carter Santiago Kaleb Abraham Giovanni Robert Joseph Jude Zachary Tyler Zachary Jude Zachary Hunter Zachary Richard Aiden Victor Gabriel Jayce Matthew King Grant Antonio Grant Ashton Jose Ezra Ezekiel Maddox Xander Oscar Bryce Oscar Xander Leonardo Jordan Liam
77
Liam Liam Evan
Noah Noah
William William
James James Isaac
Nolan Logan Nolan
Jameson Benjamin Hudson
Aiden Mason Aiden Charles
Elijah Elijah Adrian
Oliver Oliver
Finn Jacob
Lucas Lucas
Aaron Michael Aaron
Alexander Alexander
Ethan Ethan
Daniel Daniel
Matthew Matthew
Henry Henry
Joseph Joseph
Jackson Jackson
Eric Samuel
Bryce Sebastian
David David
Carter Carter
Gael Wyatt
Jayden Jayden
John John
Antonio Owen
Dylan Dylan
Luke Luke
Gabriel Gabriel
Anthony Anthony
Grayson Grayson
Jack Jack
Julian Julian
Oscar Levi
Kai Christopher
Joshua Joshua
Andrew Andrew
Lincoln Lincoln
Mateo Mateo
Ryan Ryan
King Jaxon
Nathan Nathan
Hunter Isaiah Thomas Hunter
Caleb Caleb
Josiah Josiah
Christian Christian
Tyler Eli
Jonathan Jonathan
Connor Connor
Landon Landon
Brayden Asher Brayden
Cameron Cameron
Leo Leo
Theodore Theodore
Ezekiel Jeremiah Ezekiel
Robert Robert
Easton Easton
Nicholas Nicholas
Ezra Ezra
Malachi Colton Adam
Angel Angel
Jordan Jordan
Victor Dominic
Austin Austin
Alejandro Ian
Kaleb Elias
Jaxson Jaxson
Greyson Greyson
Jose Jose
Carson Carson
Maverick Maverick
Bryson Bryson
Jude Jace
Grant Cooper
Xavier Xavier
Dawson Parker
