LOC16 LOC18 LOC15 LOC46 LOC25 LOC59 LOC37 LOC82 LOC28 LOC90 LOC20 LOC47 LOC4 LOC26 LOC95 LOC73 LOC99 LOC85 LOC9 LOC33 LOC83 LOC57 LOC19 LOC52 LOC70 LOC6 LOC97 LOC98 LOC56 LOC89 LOC62 LOC93 LOC76 LOC14 LOC29 LOC78 LOC32 LOC82 LOC37 LOC46 LOC53 LOC50 LOC45 LOC63 LOC75 LOC8 LOC17 LOC0 LOC23 LOC56 LOC48 LOC22 LOC1 LOC16
37
LOC6 LOC3
LOC4 LOC4
LOC9 LOC9
LOC90 LOC12 LOC81 LOC90
LOC15 LOC15
LOC17 LOC17
LOC18 LOC18
LOC20 LOC20
LOC22 LOC22
LOC23 LOC23
LOC25 LOC25
LOC26 LOC26 LOC36
LOC28 LOC28
LOC29 LOC29
LOC48 LOC31 LOC61
LOC33 LOC33 LOC96
LOC37 LOC37
LOC78 LOC43 LOC78
LOC45 LOC45 LOC79
LOC46 LOC46
LOC47 LOC47
LOC50 LOC50
LOC52 LOC52
LOC53 LOC53
LOC56 LOC56
LOC57 LOC57
LOC59 LOC59
LOC62 LOC62
LOC70 LOC70
LOC73 LOC73
LOC82 LOC82
LOC85 LOC85
LOC89 LOC89
LOC95 LOC95
LOC97 LOC97
LOC98 LOC98
LOC99 LOC99
