zero one two three ten eleven twelve thirteen fourteen seven six thirteen twenty twentyone fifteen sixteen twentythree twentyfour twentyfive twentysix twentyseven twentyeight twentytwo twentynine thirty thirtyseven thirtyeight fortyfive fortyfour fortythree fortynine fortyeight fiftyfive fiftyfour fiftythree sixty sixtyseven sixtysix sixtyfive sixtyfour seventy sixtynine sixtyeight seventyfive seventysix seventyseven seventyone seventytwo seventynine seventyeight eightyfour eightythree eightytwo eightyone eighty eightyseven eightysix eightyfive ninetyone ninetyeight ninetytwo ninetynine onehun onehunone onehuneight onehunnine onehunten onehuneleven onehuneighteen onehunseventeen onehunsixteen onehunfifteen onehunfourteen onehunthirteen onehunnineteen onehuntwentysix onehuntwenty onehuntwentyone onehuntwentytwo onehuntwentythree onehunthirty onehuntwentynine onehuntwentyeight onehunthirtyfive onehunthirtyfour onehunforty onehunthirtynine onehunfortysix onehunfortyfive onehunfortyfour onehunfortythree onehunfifty onehunfortynine onehunfortyeight onehunfiftyfour onehunsixtyone onehunsixty onehunfiftynine onehunfiftyeight onehunsixtyfive onehunsixtysix onehunseventythree onehunseventyfour onehunseventyfive onehunsixtynine onehunseventy onehunseventyone onehunseventyeight onehunseventyseven onehunseventysix onehuneightytwo onehuneightyone onehuneighty onehuneightyseven onehuneightysix onehuneightyfive onehunninetytwo onehunninetythree onehunninetyfour onehuneightyseven onehuneighty onehunseventythree onehunsixtysix onehunfiftynine onehunfiftytwo onehunfortyfive onehunthirtyeight onehunthirtyone onehuntwentyfour onehunseventeen onehunten onehunthree ninetysix eightynine eightytwo seventyfive sixtyeight sixtyone fiftyfour fortyseven forty thirtythree twentysix nineteen twelve five zero
90
one one
two two
three three
six six
seven seven
ten ten
eleven eleven
twelve twelve
fourteen fourteen
fifteen fifteen
sixteen sixteen seventeen
twenty twenty
twentythree twentythree
twentyfive twentyfive
twentysix twentysix
twentyseven twentyseven
twentynine twentynine
thirtythree thirtythree thirtyfour
thirtyseven thirtyseven
thirtyeight thirtyeight
fortythree fortythree
fortyfour fortyfour
fortyfive fortyfive
fortynine fortynine
fiftythree fiftytwo fiftythree
fiftyfive fiftyfive
sixty fiftyseven fiftyeight sixty
sixtyfour sixtyfour
sixtysix sixtysix
sixtyseven sixtyseven
sixtynine sixtynine
seventy seventy
seventyone seventyone
seventytwo seventytwo
seventyfive seventyfive
seventyseven seventyseven
seventyeight seventyeight
seventynine seventynine
eightytwo eightytwo
eightythree eightythree
eightyfour eightyfour
eightyseven eightyseven
ninetyeight ninetyeight
ninetynine ninetynine
onehunone onehunone
onehuneight onehuneight
onehunten onehunten
onehuneleven onehuneleven
onehunthirteen onehunthirteen
onehunsixteen onehunsixteen
onehunseventeen onehunseventeen
onehuneighteen onehuneighteen
onehunnineteen onehunnineteen
onehuntwentyone onehuntwentyone
onehuntwentythree onehuntwentythree
onehuntwentyfour onehuntwentyfour
onehuntwentysix onehuntwentysix
onehuntwentyeight onehuntwentyseven onehuntwentyeight
onehunthirty onehunthirty
onehunthirtyfive onehunthirtyfive
onehunforty onehunforty
onehunfortythree onehunfortythree
onehunfortyfour onehunfortyfour
onehunfortyfive onehunfortyfive
onehunfortysix onehunfortysix
onehunfortynine onehunfortynine
onehunfifty onehunfifty
onehunfiftyfour onehunfiftyfour
onehunfiftyeight onehunfiftyseven
onehunfiftynine onehunfiftynine
onehunsixty onehunsixty
onehunsixtyone onehunsixtyone
onehunsixtyfive onehunsixtythree onehunsixtyfour onehunsixtyfive
onehunsixtysix onehunsixtysix
onehunsixtynine onehunsixtynine
onehunseventy onehunseventy
onehunseventyone onehunseventyone
onehunseventythree onehunseventythree
onehunseventyfour onehunseventyfour
onehunseventyfive onehunseventyfive
onehunseventysix onehunseventysix
onehunseventyeight onehunseventyeight
onehuneighty onehuneighty
onehuneightyone onehuneightyone
onehuneightytwo onehuneightytwo
onehuneightyfive onehuneightyfour
onehuneightyseven onehuneightyseven
onehunninetytwo onehunninety onehunninetyone onehunninetytwo
onehunninetythree onehunninetythree
onehunninetyfour onehunninetyfour
