F1E81B 813B05 6B644E 6CAF46 B7F75A EC4D08 770D1A CDC6D4 8417C8 6C010A 1E1095 DD07FF 002274 0F5860 47FACD 5A3862 3B4B53 D1967A 59843B DE6899 BDE94D 86493E 4B3F8A 230A7C 85D6DB 4B97F1 EE2A22 462226 396D53 124C90 D4A75D EB719D 8BFCAC B23A80 E33276 29D5D7 8015E0 E3C2C9 0CBC31 8F495E 13A782 E80628 14B430 C953A6 8B519F 205E5C BB40E6 614224 FFEEBD 7BE8A9 C9AF85 9096DB 36590B 66048A D2BE39 783751 ABD8FE 20EAE7 846159 5BB557 1EC224 C4303B D8AAF4 8F17C0 D8AAF4 6B622D 5F4E43 A014A0 06C557 93EBE3 6825D4 239994 8EBF8A 1D21D3 24743A 5C7062 4CAD30 EB719D 6B340B A9F1B8 EB8E2E 2CA4AD 55BAD2 4099A6 1EC224 293D59 C953A6 112AE7 94A561 77A0B5 490F1E DEC4F2 E5E6C0 580DB7 36C862 AEFF96 10520F 191510 2FEDFB 91A0DC 82A1F6 E0BEFC 17BB75 7829D7 BF6302 B23276 AE4A01 F1E81B
77
614224 614224
2CA4AD 7E1C6C
490F1E 490F1E
770D1A 17779E 770D1A
2FEDFB 2FEDFB
6B622D 6B622D 4A28BA
8015E0 8015E0
C4303B C4303B
AE4A01 AE4A01
230A7C 230A7C
191510 305D33 A1F104 CC9C14
E3C2C9 E3C2C9 2BF7B5
4CAD30 4CAD30
8B519F 8B6C2F 8B519F
D1967A D1967A 851F90
D4A75D D4A75D 6966D7
10520F 61199E C3EF62 F33196 4A5708
124C90 124C90
3B4B53 3B4B53
DE6899 DE6899
AEFF96 AEFF96
8BFCAC 8BFCAC
BDE94D 1F842B
002274 C3B3E7 D337F2
E5E6C0 E5E6C0
293D59 293D59
86493E E81014 86493E
396D53 396D53
8F17C0 8F17C0 151BC9
1EC224 CEAC59
6825D4 7E78F3
EE2A22 2CCB19 B69F55
14B430 14B430
239994 239994
29D5D7 29D5D7
846159 6D51F4 D6CC7A
4099A6 4099A6
6B340B 6B340B
B7F75A B7F75A
F1E81B F1E81B
36C862 36C862
8417C8 8417C8
0F5860 0F5860
8EBF8A 8EBF8A
5C7062 5C7062
85D6DB 63361A E51A66 85D6DB
5F4E43 5F4E43
20EAE7 20EAE7
5BB557 90451D 5BB557
7829D7 7829D7
EB8E2E 14994D 596CF6
ABD8FE ABD8FE
813B05 813B05 573788
66048A 66048A
A9F1B8 52C88C
8F495E 8F495E
E0BEFC 28F6D1
36590B 36590B
BB40E6 BB40E6
47FACD 47FACD
205E5C DCE144
DEC4F2 B47658
112AE7 BB4908 C18C9B
6CAF46 685D1A
93EBE3 93EBE3
4B97F1 4B97F1
C9AF85 C9AF85
1E1095 FFFD4B 1E1095
783751 783751
59843B 59843B
FFEEBD FFEEBD
9096DB 9096DB
E80628 E80628
77A0B5 77A0B5
94A561 94A561
0CBC31 0CBC31
C953A6 6E313C
