188645 0FB66D FA567E B833F0 657F93 B7B073 A7E9D9 DBDC9A 94D700 3ADA02 61EDA9 E09D29 C98FE7 567883 44716B 143B88 07D80A C0766C 7E5598 0FBCDC 7E5598 AFF8D1 35F60D B86446 31D332 DD2694 AD298D AE6906 784F83 7BF2B5 37F745 8D0852 D443EB D7CAF9 CB09C0 2C101C E0E349 B3243F 628AB2 D04F40 9B9BDD 2F1AB5 2EA2EE 84EBFF 35FF16 800641 ACB11D D01E6B 29B2A4 EC05F7 70146D 9B0EC2 0801CC 19FFAB 4B39CA 825884 48C2D5 298FDD 410DA1 70146D 7E18E9 673B36 C0766C 3AA8C5 EF4D57 EDC0CA 467AB7 724A76 AA8E14 CEAE00 0FB66D 188645
45
AA8E14 AA8E14
A7E9D9 A7E9D9
37F745 37F745
44716B 44716B
3ADA02 D5356A 3ADA02
0FBCDC 0A5C0E 0FBCDC
C98FE7 C98FE7
188645 188645
07D80A 07D80A
DBDC9A DBDC9A 994F93 A5CCB5
DD2694 DD2694
628AB2 628AB2
9B9BDD 9B9BDD
D443EB D443EB
EC05F7 539A92 FD1783
CB09C0 CB09C0
94D700 94D700
EF4D57 EF4D57
800641 800641
724A76 724A76
84EBFF 84EBFF
D7CAF9 D7CAF9
48C2D5 48C2D5
D04F40 D04F40
2EA2EE E954F7
29B2A4 29B2A4
567883 6D778A
7E18E9 7E18E9
AFF8D1 AFF8D1
7E5598 3B1041
8D0852 8D0852
784F83 784F83
9B0EC2 9B0EC2
B3243F 1276AF
B86446 4FBDE1
B7B073 B7B073
E09D29 E09D29
D01E6B D01E6B
2C101C 2C101C
467AB7 467AB7
35FF16 500783
B833F0 B833F0
19FFAB 19FFAB
298FDD FF8D45
0FB66D 0FB66D
