Bowles Mulford Latimer Bechtel Cory Stanley LeConte Campanile Bongo Artichokes Bongo Campanile LeConte Stanley Moses Wellman Moses Greek Unit2 Wolf StrawberryCreek Wilde Bechtel Baker Bechtel Cory Stanley Campbell Stanley LeConte VLSB Boalt Kresge Boalt VLSB LeConte Campanile Wurster McCone Spats Stonefire PiLambda Stonefire Spats McCone Wurster Campanile LeConte Stanley Moses RareTea Moses Greek Stebbins Safeway Warren Tan Hargrove BearFoodCourt SigmaPhiOmega Evan Blackwell McLaughlin Blackwell Evan Jacob TopDog Fenwick TopDog Jacob Foothill Davis Hildebrand Davis Foothill Dwinelle Haas Crossroads Lawrence UCTheatre Lawrence Crossroads Haas Dwinelle HearstAnnex Dwinelle Foothill Haviland Morgan Haviland Foothill Jacob Hertz CVStarr Hertz Jacob Hearst MLK Latimer Bechtel Minor Memorial Minor Bechtel Birge Bowles Calvin Bowles
44
Evan Evan Cloyne
Foothill Foothill Unit1
Campbell Campbell Doe Koshland
Birge Birge
Campanile Campanile
Moses Moses Stacks Sherman
VLSB VLSB NorthGate
Wellman Wellman Sutardja
Mulford Mulford Crescent
HearstAnnex HearstAnnex Lothlorien
LeConte RSF ALS
Haas Haas Pavilion
Boalt Boalt
Wurster Wurster Zellerbach
Blackwell Blackwell
Greek Greek
Memorial Maxwell Barrows TacoBell AlphaSigmaPhi
Calvin Calvin Etcheverry Graduate
Kresge Kresge PeoplesPark Castro
Hildebrand Hildebrand YogurtPark
Morgan Morgan Martinez
Baker Baker Simons Strada Daiso RoseGarden
Unit2 Unit2 IndianRock
CVStarr Unit3 CKerr WayWest Ridge
Bowles LaVals
Bongo Bongo ShengKee
Latimer Edwards Easterly
Crossroads Crossroads
Davis Browns
Safeway Safeway
RareTea Gypsys
MLK Rochdale
Wilde Wilde
Wolf Wolf
Spats Spats
TopDog Chipotle GammaPhiBeta MFoundry
Cory Extension
UCTheatre UCTheatre NCEM
Artichokes Cheeseboard
StrawberryCreek StrawberryCreek
McLaughlin GenPlantBio
Fenwick Barker
BearFoodCourt BearFoodCourt
PiLambda PiLambda PiAlphaPhi
