86 125 49 19 3 54 67 2 46 117 70 36 15 199 42 76 78 8 12 181 9 60 66 23 185 43 51 18 177 39 156 37 126 32 175 70 57 7 163 161 87 60 93 55 132 167 71 61 107 98 148 78 116 58 40 38 20 47 188 198 67 140 25 183 127 92 43 192 62 89 115 53 180 161 184 108 135 131 196 99 79 187 35 68 100 182 113 111 129 171 75 63 143 88 151 80 151 88 172 39 133 86
78
42 1
2 2
3 5 11
143 6
8 8 105
9 10 13 26 110
78 14
151 17
19 19
79 21 137
67 22
88 27
58 28
61 30 69 189
35 35
36 36
38 38
47 41
108 44
7 45 101 145
12 48 123 138 149
51 51
135 52
53 53
54 54
172 56
57 57
25 64 150 153 154 158
66 66
71 71
127 72
37 73 97
63 74
75 75
76 76
20 82
18 84 139
87 87
89 89
68 90
98 91 173
92 92
93 93
46 94
100 100
180 106
107 107
113 113
116 116
117 117
86 120
55 121
15 122
125 125
126 126
129 129
132 132
140 140
167 146
148 148
133 152
156 156
32 157 159
131 160
163 163
23 169
182 174
175 175
177 177
183 179 183
181 181
184 184
185 185
192 192
80 194
196 196
198 198
199 199
