Location0 Location27 Location11 Location40 Location57 Location19 Location38 Location30 Location23 Location17 Location37 Location13 Location25 Location29 Location9 Location20 Location5 Location33 Location31 Location22 Location7 Location9 Location18 Location16 Location2 Location35 Location4 Location12 Location10 Location26 Location24 Location14 Location15 Location6 Location13 Location25 Location52 Location32 Location39 Location54 Location36 Location38 Location21 Location10 Location34 Location0
36
Location38 Location1 Location28 Location38
Location2 Location2
Location33 Location3 Location33
Location4 Location4
Location5 Location5
Location6 Location6 Location8
Location7 Location7
Location9 Location9
Location10 Location10
Location11 Location11
Location12 Location12
Location13 Location13
Location14 Location14
Location15 Location15
Location16 Location16
Location17 Location17
Location18 Location18
Location19 Location19
Location20 Location20
Location21 Location21
Location22 Location22
Location23 Location23
Location24 Location24
Location25 Location25
Location26 Location26
Location27 Location27
Location29 Location29
Location30 Location30
Location31 Location31
Location32 Location32
Location34 Location34 Location41
Location35 Location35
Location36 Location36
Location37 Location37
Location39 Location39
Location40 Location40
