142 121 137 48 76 24 37 178 195 158 69 64 122 128 68 152 41 133 33 9 28 103 18 181 153 139 30 140 171 140 126 177 16 92 9 14 54 99 150 192 68 128 6 103 18 181 151 93 118 38 118 190 183 0 26 149 22 185 5 115 39 132 187 85 103 18 181 153 139 145 72 27 147 58 155 162 111 90 143 77 160 108 148 46 4 174 3 91 181 153 139 154 191 159 151 167 142
47
140 129 140
3 3
4 4
133 133
9 7
137 137 44 106 127
99 141
14 14
151 144 151
145 145
16 16
150 21 150 157
22 22
153 23
30 30
158 158
159 31 159
154 34
171 35 63 97
33 33
38 38 197
167 167
39 39
41 41
174 174
46 46
48 48
177 177
178 178
181 181
183 183
6 55 186
58 58
26 60 124
64 64
195 195
92 70
69 69
76 76
77 77
85 89
90 90
91 91
93 93
108 108
115 115
121 121
