Ippudo Platano Gypsys EastAsianLibrary Campbell HearstMining Chipotle Yifang NorthHall DavisHall TukTukThai BSC ClarkKerr Stern HortonHall Underhill Homeroom TheHabit UCafe Flavia AndrewsApartment UrbanOutfitters Cornerstone Campanile LeConte Cafe3 ThaiNoodle Doe JambaJuice SteamTrains Underhill Wikiwiki NoodleGirl MSRI Gongcha Ikes Fengcha UniversityVillage TToust Crossroads SouthHall Ucha YogurtPark OptometryBuilding LaBurrita BerkeleyBart BigC BerkeleyBart HappyLemon BerkeleyWayWest Artichokes SnackShack AmoebaMusic GrizzlyPeak UdupiPalace HavilandHall Bonchon Wheeler GSPP EastBaySpiceCompany HesseHall ThaiBasil Milkbomb Blackwell SuperDuperBurgers Pappys HearstAnnex McDonalds HearstAnnex Bowles Namaste StrawberryCreek Morganhall Jupiter LatimerHall Tilden Gather TraderJoes YogurtPark GreatChina YogurtPark LaVals YogurtPark Toss LaNote ExtremePizza Cafe3 LewisHall BagOCrab BobbyGPizza Marugame Gadani Rachas NatApartment BetaLounge Ikes SweetheartCafe PeoplesCafe PurpleKow Flavia HearstGym WursterHall Spats Evans DavisHall TukTukThai DavisHall Cinnaholic HortonHall Shengkee LowerSproul Artichokes MemorialStadium Cheeseboard BancroftLibrary LittleCampanile EastAsianLibrary Campbell HearstMining Chipotle HAAS Mezzo BerkeleyArtStudio Quicklys BerkeleyArtStudio SaturnCafe HeatCafe BerkeleyThaiHouse SutardjaDai Rachas LiKaShing BanshoRamen Raretea InternationalHouse BobbyGPizza Marugame BenAndJerry DollarTree TripleRock Cinnaholic HortonHall Stern ClarkKerr Plentea PokeBar WindmillCoffee LittleCampanile EastAsianLibrary Gypsys Platano Ippudo
87
Wheeler Wheeler
HortonHall HortonHall
SteamTrains KroeberHall
LatimerHall LatimerHall
LewisHall LewisHall
Morganhall Morganhall
McDonalds Morrisonhall McDonalds
ThaiBasil MulfordHall ThaiBasil
NorthHall NorthHall
OptometryBuilding OptometryBuilding
Bowles AshaTeaHouse
Bonchon Bonchon
Quicklys Firewings Quicklys
HappyLemon HappyLemon
Ucha Ucha
Artichokes Artichokes
LaNote TacoBell LaNote
Gongcha Gongcha
Yifang Yifang
Fengcha Fengcha
UCafe UCafe
BerkeleyBart SproulHall
Campanile TPTea ChezPanisse
GreatChina SatherGate GreatChina
StrawberryCreek StrawberryCreek
BigC BigC TenderGreens
ClarkKerr ClarkKerr
Crossroads Crossroads
Cafe3 Cafe3
Raretea Raretea
Underhill Underhill
TraderJoes TraderJoes
BerkeleyThaiHouse Safeway
Marugame Marugame
HesseHall Kips Muraccis
Pappys Pappys
BetaLounge BetaLounge
Spats Spats
Cornerstone Cornerstone
TripleRock TripleRock
LowerSproul LowerSproul
WursterHall WursterHall
Shengkee Shengkee
Plentea Plentea
Chipotle Chipotle
BobbyGPizza ImmThai
Milkbomb Milkbomb
Campbell MemorialGlade
EastAsianLibrary EastAsianLibrary
ThaiNoodle ThaiNoodle
Mezzo Mezzo
Cinnaholic Slivers
Ikes Ikes Eureka
NoodleGirl Teazone
PokeBar PokeBar
Jupiter TopDog Jupiter
Gypsys Gypsys
SnackShack SnackShack
Flavia SmokesPoutinerie TheDwight
BSC BSC
Platano Platano
EastBaySpiceCompany EastBaySpiceCompany
PeoplesCafe PeoplesCafe
SuperDuperBurgers SuperDuperBurgers
LaVals Target
JambaJuice JambaJuice
Gadani HalalGuys Gadani
ExtremePizza ExtremePizza
Wikiwiki Wikiwiki
TheHabit TheHabit
Homeroom Homeroom
Cheeseboard Cheeseboard
Rachas Rachas
TToust BobaNinja
SweetheartCafe SweetheartCafe
TukTukThai TukTukThai Venus
Gather Gather
SaturnCafe SaturnCafe
AmoebaMusic AmoebaMusic
GrizzlyPeak GrizzlyPeak
LaBurrita LaBurrita
AndrewsApartment AndrewsApartment
BerkeleyArtStudio BerkeleyArtStudio
BanshoRamen BanshoRamen
LittleCampanile LittleCampanile
Namaste Namaste
UrbanOutfitters UrbanOutfitters
