Hayward CedarRapids Memphis Winston Tucson Bradenton Huntsville Yonkers Waterloo Springdale McHenry Torrance PalmBay Modesto Hampton RichmondCounty Charlotte Hickory Kennewick PuntaGorda Omaha Topeka Montgomery SantaCruz Milwaukee BelAir York NewBedford SimiValley SaintPaul AtlanticCity Rochester Downey Abilene Atlanta Danbury Wilmington Washington LakeCharles Newark NewYorkCity Kennewick Barnstable Bryan Deltona Corona Waco Harlingen SaintLouis BelAir McAllen Allentown FortCollins Durham Asheville Hayward
42
PuntaGorda PuntaGorda
Hickory Tyler HuntingtonBeach Hickory
Montgomery ThousandOaks
PalmBay PalmBay
Tucson Tucson Aurora Bakersfield
Barnstable Barnstable
Yonkers Yonkers
Huntsville Burbank Chicago Huntsville
McHenry McHenry
Harlingen Harlingen
Charlotte Charlotte
Omaha Omaha
Topeka Topeka
Deltona Deltona
Danbury Danbury
Downey Downey
Asheville Asheville
McAllen McAllen
Abilene GrandRapids
BelAir BelAir Monroe
CedarRapids CedarRapids
LakeCharles LakeCharles
Bradenton Bradenton
RichmondCounty RichmondCounty
SantaCruz SantaCruz
Modesto Modesto
NewYorkCity NewYorkCity
Winston Tampa
Springdale Springdale
Hayward SantaClara
Atlanta Atlanta
Durham Durham Bloomington
Newark Newark
Torrance Torrance
Memphis Memphis
Kennewick Kennewick
NewBedford NewBedford
SaintPaul SaintPaul
York York
Waco Waco
Waterloo Waterloo
Hampton Hampton
