Aberdeen SanAntonio Redding SaltLakeCity Chattanooga Lowell WestValleyCity Henderson Austin Winston Tuscaloosa Hampton Reno SouthLyon Montgomery Racine Elkhart Pensacola Hampton Reno Modesto SanBernardino Hartford Miramar Norwalk SaltLakeCity StPetersburg Lakewood Columbia Murrieta Riverside Newburgh Hampton Reno Aberdeen
21
Pensacola Pensacola
SaltLakeCity SaltLakeCity
StPetersburg Gainesville Lewisville StPetersburg
Hampton Hampton
Winston Winston
Tuscaloosa Tuscaloosa
WestValleyCity WestValleyCity
Chattanooga Chattanooga
Modesto Modesto
Henderson Henderson Marina
Miramar Miramar
Racine Racine
Reno Reno Springdale
Lowell Lowell
SanBernardino SanBernardino
SouthLyon SouthLyon
Newburgh Newburgh
Austin Austin
Montgomery Montgomery
Columbia GreenBay
SanAntonio SanAntonio
