Hayward Shreveport Hartford NorthLasVegas SterlingHeights Champaign Charlotte Lubbock Melbourne Torrance Brighton Oxnard SanBuenaventura Norwich Utica Anchorage OverlandPark VeroBeach Stamford LasVegas Nashua Tyler Arvada Wilmington Vancouver GrandRapids SaintPaul Duluth Detroit Merced ElMonte McAllen Elkhart Modesto PuntaGorda Hemet Mobile Poughkeepsie Salem Deltona Tucson NewYork Kalamazoo RoundLakeBeach Independence Cincinnati NewportNews SimiValley Topeka Downey Burlington ElPaso Victorville Scottsdale Omaha NewYorkCity York Reno Huntsville Kissimmee Marina PortArthur Lacey Savannah StPaul CorpusChristi PalmBay Hagerstown Plano Greenville OverlandPark Anchorage Fresno GreenBay Laredo Gastonia Mesquite NewBedford Orem Bethlehem Boston SterlingHeights Springfield Spartanburg LakeCharles HuntingtonBeach Sarasota Scranton Fairfield SantaBarbara Worcester Anaheim Eugene Boise Marysville Layton PembrokePines Racine SantaClarita Newburgh Waterbury Lafayette Barnstable RoundLakeBeach Independence Escondido Sacramento Brighton Hayward
83
PuntaGorda PuntaGorda HavredeGrace
Tyler Tyler
Cincinnati Cincinnati
Huntsville ThousandOaks Olympia Huntsville
Norwich Norwich
PalmBay PalmBay
Tucson Tucson
Utica Utica
PembrokePines Pueblo
Torrance Albuquerque Torrance
Laredo Laredo
NewportNews NewportNews
Barnstable Barnstable
ElPaso JohnsonCity ElPaso
Greenville Greenville
Eugene Eugene
Racine Racine
Nashua Nashua
RoundLakeBeach RoundLakeBeach
Springfield Harlingen
Newburgh Newburgh
Charlotte Charlotte
OverlandPark OverlandPark Louisville
Omaha Omaha
Topeka Topeka
Gastonia CapeCoral Newark Bloomington
Deltona Deltona
Anchorage Anchorage SiouxFalls
Marina Marina Frederick Hialeah
Salem Salem
LasVegas LasVegas
Downey Downey
Hagerstown Hagerstown
Lubbock Birmingham Lubbock
SanBuenaventura SanBuenaventura
Mesquite Mesquite
Duluth Flint Fullerton Duluth
McAllen McAllen
CorpusChristi CorpusChristi
Layton Layton
Bethlehem Bethlehem
NorthLasVegas NorthLasVegas
Sacramento StLouis
GrandRapids GrandRapids
Boise Boise
Arvada Arvada
Oxnard Oxnard
Hemet Hemet
Scranton Scranton
Fresno Fresno
Waterbury Waterbury
LakeCharles LakeCharles
Stamford Stamford
PortArthur RichmondCounty
Modesto Modesto
NewYorkCity Henderson NewYorkCity
HuntingtonBeach HuntingtonBeach
Lacey Lacey
Burlington Burlington
Anaheim Columbus Anaheim
Savannah Savannah
Vancouver Vancouver
Detroit Detroit
StPaul CathedralCity
Marysville Marysville
GreenBay GreenBay
VeroBeach Bakersfield SantaClara
Escondido Monroe
Kissimmee Kissimmee
Hartford Hartford
Plano Plano
Kalamazoo Kalamazoo
NewBedford NewBedford
Elkhart Elkhart
Champaign Champaign
SaintPaul SaintPaul
York York
Spartanburg Spartanburg
Scottsdale Scottsdale
SimiValley Aberdeen
Mobile Mobile
Melbourne Melbourne
Reno Ogden
