Soda C9 A7 A1 D5 D7 D10 B10 B9 D9 D1 B8 A7 C9 Soda a0 c9 a7 a1 d5 d7 d10 b10 b9 d9 d1 b8 a7 c9 a0 a5 a9 b7 b5 c1 d3 d6 a5 a0 c5 e3 e4 e5 b1 e7 e6 b3 c7 b2 c5 a0 Soda A5 A9 B7 B5 C1 D3 D6 A5 Soda C5 E3 E4 E5 B1 E7 E6 B3 C7 B2 C5 Soda A E A C A B H AB S N G A D K T AI AU AS AI K D A F M AC AM AN AO X O F A Soda a d n o p af ag ah q p e a h ak t al s g a i x u an ao ap y j aa z at as ar z aa j i a b k ab av ac ax l k b a Soda
76
A1 A1
B5 A3 B5
A5 A5
A7 A7
A9 A9
B1 B1
B3 B3
B7 B7
B9 B9
C1 C1
D7 C3 D7 E1
C5 C5
C7 C7
C9 C9
D1 D1
D3 D3
D5 D5
D9 D9
E3 E3
E5 E5
E7 E7
H H
C J AF
N N AP
E P Q AG
T T
AB AB
AC AC
AO AO
AS AS
AU AU
AI AW
b b
d d
g f
h h
j j
l l ad
n n
p p
ak r aj
t t
u v
x x
z z
ab ab
af af
ah ah
al al
an an
ap ap
ar ar
at at
av av
ax ax
a1 a1
b5 a3 b5
a5 a5
a7 a7
a9 a9
b1 b1
b3 b3
b7 b7
b9 b9
c1 c1
d7 c3 d7 e1
c5 c5
c7 c7
c9 c9
d1 d1
d3 d3
d5 d5
d9 d9
e3 e3
e5 e5
e7 e7
