Glameow Loudred Archeops Electivire Furret Turtwig Wailord Feebas Togepi Sigilyph Yanma Electivire Archeops Gothorita Spheal Gigalith Buneary Zygarde Throh Fomantis Poochyena Piplup Swanna Spiritomb Ivysaur Spinarak Electivire Glameow
20
Electivire Electivire Gumshoos
Spiritomb Spiritomb Bergmite
Wailord Wailord
Spinarak Spinarak
Zygarde Ledian Zygarde
Buneary Buneary
Throh Glalie
Spheal Inkay Spheal
Togepi Togepi
Yanma Yanma
Fomantis Mudbray
Piplup Piplup
Archeops Archeops
Ivysaur Meganium
Furret Furret Golett
Loudred Loudred
Gigalith Gigalith
Gothorita Gothorita
Turtwig Beheeyem
Sigilyph Leavanny
