0 52 101 174 130 75 83 143 0 80 68 126 20 156 179 103 114 85 98 135 106 131 189 157 197 199 27 151 17 46 184 102 121 23 62 42 155 140 70 19 97 72 55 11 171 144 74 125 36 82 147 59 116 26 9 139 108 185 92 10 122 107 84 101 25 91 180 69 152 181 153 6 117 168 134 63 149 145 94 34 32 40 111 2 139 154 4 0
77
4 4
9 9 88 198
10 10
11 11
122 13 35 67 122 162 166
17 16 17
19 19
20 20
23 23
26 26 128
27 27
155 30
32 31 50 138
34 34
36 36
40 40
42 42
70 45 70 137
46 46
149 48 149
52 52
139 53 139
55 55
59 59
62 62
63 63 81
68 66
69 69
72 72
74 74
75 75
80 76 80
82 82
83 83
84 84
85 85
180 87 180 183
91 91
97 97
98 98
102 102
103 103
153 105
106 106
108 108
94 109
111 111
114 114
116 116
117 117 176
121 121
125 125
126 126
130 130
131 131
134 134
185 136 185
140 140
143 143
144 144
145 145
147 147
151 151
152 152
156 156
157 157
6 160 195
168 168
171 171
174 174
189 177 189
179 179
181 181
184 184
2 196
197 197
199 199
