21 152 111 188 113 171 15 5 127 126 180 181 53 150 151 191 23 160 17 157 143 185 186 33 155 165 25 179 161 93 89 141 151 175 65 48 47 116 115 119 159 117 122 130 131 197 50 27 43 73 87 38 37 189 124 125 137 75 74 136 69 66 69 171 113 81 11 41 42 150 85 107 193 194 101 92 91 178 63 83 82 177 183 114 105 104 105 106 109 176 149 142 139 1 2 3 34 35 36 29 30 167 108 79 48 47 116 115 119 120 9 8 59 60 61 12 13 172 173 6 33 186 185 55 147 148 197 163 175 65 121 20 187 156 45 78 77 17 64 101 8 101 64 48 153 152 21
91
1 1
3 3
5 5
8 7
9 9
11 11
13 13
15 15
17 17
48 19
21 21
23 23
25 25
27 27
29 29
113 31 113
33 33
35 35
37 37
119 39 119
41 41
43 43
45 45
47 47
50 49
120 51
53 53
55 55
139 57 139 169
59 59
61 61
63 63 71
65 65
66 67 145
69 69
73 73
75 75
77 77
79 79
81 81
83 83
85 85
87 87
89 89
91 91
93 93
197 95 195 197
36 97
142 99
101 101
104 103
105 105
107 107
109 109
111 111
115 115
117 117
121 121
122 123
125 125
127 127
34 129
131 131
116 133
188 135
137 137
141 141
143 143
147 147
149 149
151 151
153 153
155 155
157 157
159 159
161 161
163 163
165 165
167 167
171 171
173 173
175 175
177 177
179 179
181 181
183 183
185 185
187 187
189 189
191 191
193 193
