101 100 99 92 95 90 94 96 91 97 93 98 30 33 35 31 37 32 36 34 39 38 37 75 78 74 71 76 72 73 70 55 51 50 54 53 59 57 56 52 41 44 46 45 48 40 47 49 43 42 49 10 14 16 18 13 17 19 15 11 61 62 60 66 65 67 64 68 84 88 89 83 81 80 87 86 85 80 9 3 5 8 6 7 0 1 4 2 3 21 28 27 25 22 20 26 29 24 23 20 100 101
93
0 0
1 1
2 2
3 3
4 4
5 5
6 6
7 7
8 8
9 9
10 10
11 11
14 12 14
13 13
15 15
16 16
17 17
18 18
19 19
20 20
21 21
22 22
23 23
24 24
25 25
26 26
27 27
28 28
29 29
30 30
31 31
32 32
33 33
34 34
35 35
36 36
37 37
38 38
39 39
40 40
41 41
42 42
43 43
44 44
45 45
46 46
47 47
48 48
49 49
50 50
51 51
52 52
53 53
54 54
55 55
56 56 58
57 57
59 59
60 60 69
61 61
62 62
66 63 66
64 64
65 65
67 67
68 68
70 70 79
71 71
72 72
73 73
74 74
75 75
76 76 77
78 78
80 80
81 81
88 82 88
83 83
84 84
85 85
86 86
87 87
89 89
90 90
91 91
92 92
93 93
94 94
95 95
96 96
97 97
98 98
99 99
