Soda Guadeloupe China Australia Czech United Azerbaijan Botswana Bouvet Colombia Cocos Cayman Finland Egypt Comoros Cuba Austria Central Aruba Hong Denmark Algeria Antigua Guyana Guam Belize Czech Cambodia Costa Soda
23
United United
Cambodia Cambodia
Aruba Aruba
Algeria Argentina
Antigua Antigua
Guam Guam
China Bermuda China
Central Central Fiji
Australia Australia
Cocos Cocos
Azerbaijan Angola
Austria Austria
Bouvet Bouvet
Belize Belize
Czech Czech
Colombia Colombia
Cayman Cayman
Denmark Denmark
Guyana Guyana
Guadeloupe Guadeloupe
Egypt Egypt
Botswana Botswana
Comoros Comoros
