node87 node96 node30 node12 node25 node72 node29 node98 node39 node73 node92 node64 node59 node6 node86 node60 node79 node47 node53 node17 node74 node97 node76 node23 node4 node57 node56 node80 node2 node48 node83 node55 node99 node88 node8 node27 node33 node21 node14 node42 node97 node71 node85 node84 node51 node93 node6 node67 node1 node87
36
node1 node1
node2 node2
node6 node5 node6 node19
node8 node8
node96 node11
node12 node12
node14 node14 node69
node97 node15 node54 node94 node97
node17 node17
node23 node23
node25 node25
node27 node27
node29 node29
node60 node31 node60 node75
node80 node35 node45
node88 node37 node88 node95
node86 node38 node86
node39 node39
node42 node42
node47 node47
node48 node48
node53 node53
node55 node55
node56 node56
node57 node57
node59 node59
node64 node64
node72 node72
node74 node74
node76 node76
node79 node79
node83 node83
node85 node85
node92 node92
node93 node93
node99 node99
