0 80 81 82 83 84 85 86 87 88 89 90 91 92 93 94 95 96 97 98 99 100 101 102 103 104 105 106 107 108 109 110 111 112 113 114 115 116 117 118 119 80 0 1 19 3 19 1 0 8 4 8 0
26
1 1 12 18 21 26 28 45 58 62 63 129
0 2 5 7 14 23 25 29 30 33 37 39 42 44 50 52 55 56 59 60 66 67 70 71 72 77 78 79
3 3 9 13 17 27 32 35 41 48 49 54 68
4 4 6 10 15 16 20 24 31 34 36 38 40 43 47 53 61 69 73 74
8 8 11 22 46 51 57 64 65 75 76
19 19
80 80
82 82
84 84
86 86
88 88
90 90
92 92
94 94
96 96
98 98
100 100
102 102
104 104
106 106
108 108
110 110
112 112
114 114
116 116
118 118
