140 153 123 28 108 186 146 190 93 97 197 137 62 112 22 180 41 101 134 34 61 177 32 115 185 133 80 42 4 103 84 57 83 6 154 24 151 29 168 127 45 5 11 19 139 89 82 73 155 35 148 144 25 104 182 47 196 1 49 117 67 13 102 107 50 44 145 178 125 179 149 95 158 160 23 65 9 167 62 114 118 172 162 172 118 130 79 11 19 53 169 152 77 18 96 135 10 196 12 166 12 173 93 39 1 49 14 112 22 140
82
4 4
5 5
6 6
179 7 179
166 8 166
9 9
10 10
11 11
12 12 193
13 13 51
14 14
18 18
19 19 21
22 22
25 25 56 132
186 27 186
29 29
32 32
35 35
162 36
39 39
80 40 80
41 41
42 42
44 44
45 45
47 47 159
49 49
50 50 150
53 53
185 55 185
57 57
134 59 134
61 61
62 62
65 65
73 73
125 76 125
77 77
79 79
82 82
83 83 142
84 84 175
180 85
89 89
93 93
146 94 146
95 95
96 96
97 97
101 101
102 102
103 103
104 104
108 108
112 112
114 114
115 115
117 117
123 123 176
127 127
149 128
130 130
133 133
135 135
139 139
151 151
153 153
154 154
158 158
160 160
167 167
168 168
169 169
152 170
173 173
177 177
178 178
182 182
190 190
196 196
197 197
