a0 a97 a56 a3 a41 a8 a41 a83 a90 a99 a2 a77 a49 a55 a6 a31 a13 a60 a72 a32 a25 a88 a71 a82 a46 a15 a39 a7 a22 a7 a10 a11 a18 a1 a9 a1 a18 a23 a94 a53 a51 a98 a4 a2 a43 a79 a5 a24 a78 a8 a41 a3 a20 a75 a89 a44 a64 a30 a33 a28 a69 a74 a59 a11 a59 a11 a18 a23 a94 a87 a76 a0
41
a2 a2
a8 a8
a9 a9 a48
a11 a11 a81 a86
a1 a12 a80 a93
a99 a17 a99
a18 a18
a0 a21 a65
a23 a23
a25 a25
a28 a28
a33 a33
a22 a37
a39 a39
a6 a42
a43 a43
a44 a44
a46 a46
a59 a47 a59
a3 a50
a51 a51
a13 a52
a53 a53
a55 a55
a56 a56
a60 a60
a71 a71
a24 a73
a74 a74
a75 a75
a77 a77
a78 a78
a79 a79
a82 a82
a83 a83
a87 a87
a88 a88
a90 a90
a94 a94
a97 a97
a98 a98
