AAA AAB ABB ABC AAC AAB ABB ACB ACA ADA BAA BAB BBB BBC BAC BAB BBB BCB BCA BDA CAA CAB CBB CBC CAC CAB CBB CCB CCA CDA DAA DAB DBB DBC DAC DAB DBB DCB DCA DDA EAA EAB EBB EBC EAC EAB EBB ECB ECA EDA FAA FAB FBB FBC FAC FAB FBB FCB FCA FDA GAA GAB GBB GBC GAC GAB GBB GCB GCA GDA HAA HAB HBB HBC HAC HAB HBB HCB HCA HDA IAA IAB IBB IBC IAC IAB IBB ICB ICA IDA JAA JAB JBB JBC JAC JAB JBB JCB JCA JDA KAA KAB KBB KBC KAC KAB KBB KCB KCA KDA LAA LAB LBB LBC LAC LAB LBB LAB LAA KDA KCA KBA KAA JDA JCA JBA JAA IDA ICA IBA IAA HDA HCA HBA HAA GDA GCA GBA GAA FDA FCA FBA FAA EDA ECA EBA EAA DDA DCA DBA DAA CDA CCA CBA CAA BDA BCA BBA BAA ADA ACA ABA AAA
47
AAC AAD
IAC IAD
ABB ABB
ABC ABC ACD ADD
IBB IBB
IBC IBC ICD IDD
ACB ACB
ICB ICB
BAC BAD
JAC JAD
BBB BBB
BBC BBC BCD BDD
JBB JBB
JBC JBC JCD JDD
BCB BCB
JCB JCB
CAC CAD
KAC KAD
CBB CBB
CBC CBC CCD CDD
KBB KBB
KBC KBC KCD KDD
CCB CCB
KCB KCB
DAC DAD
LAC LAD
DBB DBB
DBC DBC DCD DDD
LBB LBB LCB
LBC LBC LCD LDD
DCB DCB
EAC EAD
EBB EBB
EBC EBC ECD EDD
ECB ECB
FAC FAD
FBB FBB
FBC FBC FCD FDD
FCB FCB
GAC GAD
GBB GBB
GBC GBC GCD GDD
GCB GCB
HAC HAD
HBB HBB
HBC HBC HCD HDD
HCB HCB
