AAA AAB ABB ABC AAC AAD ABD ACD ACC ACB ACA ADA BAA BAB BBB BBC BAC BAB BBB BCB BCA BDA CAA CAB CBB CBC CAC CAD CBD CCD CCC CCB CCA CDA DAA DAB DBB DBC DAC DAD DBD DCD DCC DCB DCA DDA EAA EAB EBB EBC EAC EAD EBD ECD ECC ECB ECA EDA FAA FAB FBB FBC FAC FAD FBD FCD FCC FCB FBB FAB FAA EDA ECA EBA EAA DDA DCA DBA DAA CDA CCA CBA CAA BDA BCA BBA BAA ADA ACA ABA AAA
29
AAD AAD
ABB ABB
ABC ABC
ACB ACB
ACD ACD ADD
BAC BAD
BBB BBB
BBC BBC BCD BDD
BCB BCB
CAD CAD
CBB CBB
CBC CBC
CCB CCB
CCD CCD CDD
DAD DAD
DBB DBB
DBC DBC
DCB DCB
DCD DCD DDD
EAD EAD
EBB EBB
EBC EBC
ECB ECB
ECD ECD EDD
FAD FAD
FBB FBB
FBC FBC
FCB FCB
FCD FCD FDD
