Soda Location46 Location26 Location0 Location26 Location46 Location50 Location93 Location48 Location16 Location14 Location38 Location63 Location3 Location12 Location32 Location66 Location62 Location5 Location11 Location7 Location44 Location58 Location29 Location94 Location56 Location17 Location76 Location74 Location57 Location20 Location31 Location58 Location77 Location70 Location79 Location72 Location91 Location10 Location33 Location82 Location22 Location40 Location11 Location80 Location23 Location92 Location42 Location37 Location94 Location81 Soda
34
Location0 Location0
Location48 Location1
Location57 Location2 Location9 Location57
Location3 Location3
Location5 Location5
Location7 Location7
Location10 Location10
Location12 Location12
Location16 Location16
Location17 Location17 Location39 Location45
Location20 Location20
Location23 Location23
Location26 Location26
Location63 Location28
Location29 Location29
Location31 Location31
Location32 Location32
Location70 Location35 Location70
Location38 Location38
Location72 Location41 Location72
Location42 Location42
Location44 Location44
Location46 Location46
Location56 Location56
Location58 Location58
Location66 Location66
Location74 Location74
Location76 Location76
Location77 Location77
Location79 Location79
Location80 Location80
Location82 Location82
Location93 Location93
Location94 Location94
