Soda Eqtpmllrky Vlgzfpnbc Cyvexr Mvcjmf Lhsmxzizl Saglt Uqfqb Rchfmjdesx Saglt Lyurrdtdw Nkqzgfasj Swqguyhe Padpmqkrh Mzwrip Fwerc Ibnxkznems Xyqun Phjuuz Lcia Shqm Prteefgv Vbbopctjfsu Yyrymdkl Xkegoqksfou Eankdxbivc Nqdl Myxxw Ppbp Slhe Vevhjnfq Qwebscsrirm Vevhjnfq Vvvqw Fmgwavgppb Tbyuqkgtm Rxeuijsrpky Fagweskgci Yxjvwhefqif Vbbopctjfsu Psynz Hfbml Svdpn Locjp Tjqkxczzumv Jnaceez Fvndgg Efxaew Ncfr Cyvexr Mvcjmf Vbibp Prteefgv Vbbopctjfsu Xbpw Etvvmmshisx Lxdhirt Lwkzgtniodd Qwisoqgzm Fedxvznrqw Locjp Wyvuhfzpeh Lisdkopju Bjxy Soda
43
Swqguyhe Swqguyhe
Lwkzgtniodd Lwkzgtniodd Hbsc
Lhsmxzizl Lhsmxzizl
Vbibp Vbibp
Hfbml Hfbml
Phjuuz Phjuuz
Svdpn Svdpn
Ncfr Ncfr
Yyrymdkl Yyrymdkl
Xbpw Xbpw
Vbbopctjfsu Vbbopctjfsu
Fmgwavgppb Fmgwavgppb
Fwerc Fwerc
Uqfqb Uqfqb Usfucahrvrj
Saglt Saglt
Tjqkxczzumv Tjqkxczzumv
Shqm Zxrxvqvnm
Lcia Lcia
Prteefgv Kslp Prteefgv Ugtgajtqmg
Eqtpmllrky Eqtpmllrky
Yxjvwhefqif Yxjvwhefqif
Jnaceez Jnaceez
Mzwrip Mzwrip
Ibnxkznems Ibnxkznems
Lyurrdtdw Lyurrdtdw
Rxeuijsrpky Rxeuijsrpky
Rchfmjdesx Rchfmjdesx
Slhe Slhe
Xkegoqksfou Xkegoqksfou
Vvvqw Vvvqw
Qwisoqgzm Zgvnjegpj
Psynz Psynz
Nkqzgfasj Zcefzlovt Nkqzgfasj
Padpmqkrh Padpmqkrh
Vlgzfpnbc Hoir Vlgzfpnbc
Fagweskgci Fagweskgci
Nqdl Nqdl
Qwebscsrirm Qwebscsrirm Pliaph
Ppbp Fwmaudwdwa
Xyqun Xyqun
Cyvexr Cyvexr
Wyvuhfzpeh Wyvuhfzpeh
Myxxw Myxxw
