0 155 137 99 128 123 188 112 195 125 38 142 69 12 182 73 21 77 56 58 19 152 59 171 74 132 194 43 194 119 48 16 66 169 141 95 90 197 24 174 55 57 138 150 72 105 96 175 86 1 15 35 185 109 10 149 20 117 89 186 97 13 140 91 108 127 164 199 33 2 112 120 196 106 191 179 81 29 167 189 36 39 50 32 35 185 144 94 92 55 0
71
1 1 103
2 2
128 3 52 82
32 9
10 10 176
96 11 46 102 143
12 12
13 13
140 14
16 16
19 19
20 20
21 21
91 23
24 24
125 26 124 125
186 27 67 186
29 29
35 35
38 38 51 100
39 39
36 41 160
43 43 45
191 49 68 85 139
50 50
55 55
56 56
57 57
59 59
81 64 101 107 148
66 66
69 69 83 161
189 71 189
72 72
73 73
74 74
77 77
86 86
89 89
90 90
92 92
94 94
95 95
97 97
99 99
106 104 106 147
105 105
108 108
112 112
119 119
123 123
58 129
132 132
137 137
138 138
141 141
142 142
150 150
152 152 157
164 164
167 166 167 170
169 169
120 172
175 175
182 182
185 185
188 188
195 195
196 196
197 197
0 198
