2 41 85 9 60 35 188 163 5 59 173 128 131 156 159 148 195 56 52 145 193 50 42 103 116 67 134 94 57 15 30 137 96 62 139 55 130 184 189 182 117 164 138 13 8 87 175 126 114 107 43 71 6 118 80 43 107 114 135 124 46 38 186 64 75 141 27 98 36 152 162 121 199 35 188 163 5 125 31 10 194 93 101 150 127 12 81 25 37 86 65 4 161 109 131 63 26 11 23 34 181 45 102 148 195 56 44 104 166 113 99 165 140 149 171 18 14 22 76 51 176 174 28 116 103 172 61 168 191 17 9 85 41 2
73
186 0 119 136 192
2 2 49 53 157
149 3 149
4 4 92 112
6 6
121 7 79 82 121 178 196
8 8
12 12
13 13
14 14
15 15
23 23
25 25
26 26
27 27
28 28
30 30
104 32 115
34 34
35 35
36 36
38 38 58 73
42 42
44 44
46 46
175 48
50 50 187
51 51
52 52
80 54 80
55 55
56 56
59 59
61 61
63 63
67 67
76 76
85 85
86 86
62 90 95 177
93 93
94 94
96 96
199 97 106
98 98
128 100 128
163 110 158
113 113
114 114
116 116
118 118
189 122 189
125 125
126 126
130 130
131 131
171 133 171 179
138 138
139 139
141 141
60 142
145 145
156 156
161 161
164 164
165 165
173 173
174 174
181 181
182 182
188 188
193 193
194 194
