199 24 10 151 197 28 158 71 2 27 19 70 134 53 163 156 86 65 76 106 42 23 177 103 67 34 98 8 65 5 44 60 20 61 57 11 114 59 21 83 55 94 62 183 52 102 64 194 16 81 43 81 103 182 103 177 7 29 39 5 48 16 198 138 30 66 14 162 22 129 47 36 107 127 25 113 1 105 77 105 133 91 15 62 183 87 149 121 178 50 101 13 148 157 115 167 173 74 156 163 49 0 49 142 26 54 176 189 96 174 40 174 146 181 139 99 85 110 127 25 190 196 82 199
77
0 0
1 1
2 2
55 3 18 55
156 4
5 5
47 6 46 47 72
7 7
8 8
96 9 96
10 10
11 11
91 12 91
13 13
14 14
15 15
16 16
163 17 75
19 19
20 20
21 21 73 88
22 22 63 68
23 23
24 24
25 25
26 26
27 27
28 28
29 29
30 30
157 31 41
107 32 37
40 33 40
34 34
182 35
36 36
83 38 79 83
39 39 90
42 42
43 43 92
44 44
102 45 97
48 48
49 49
50 50
77 51 77
52 52
53 53
54 54
178 56 93
57 57
74 58 74
59 59
60 60
61 61
62 62
64 64
65 65
66 66
67 67
190 69
70 70
71 71
76 76
167 78
194 80
81 81
82 82
183 84
85 85
86 86
87 87
138 89
94 94
189 95
98 98
99 99
