qtq uxr wuc npu zgf cnv xmz wpq rwt ahv krg kza uoz ifc fsl sfp rju blo zgs eku ahy xdz pjx pta oto wju ifc rcs wuf vsu zbn vaf ase mmf qls qlo cpw lfh spp qyi bwq lnv qjm gak egz bai fgo xax ooi nxr ynq vlt unf nhk orc hpb zqn cxu qoe nkx fib gup ptq htv wpo tmd tro viv hxp brk ooc yiz ili bsz iuz nfy tnl tvy qnn uca mnv unk udq pwa thz txk rod zye rut utd plx ogr pxi uwp itg hba rxi hhe egz lxt qtq
81
pta pta
xdz xdz
hhe hhe
htv htv eqm jta
itg itg
xax xax
nhk nhk
qtq qtq
ptq ptq
hpb hpb
ase ase
krg krg
gup gup
ifc ifc
unk pxs dkn
udq qbe tmc qfc udq
ahy jno thd ahy
kza kza
orc pkx orc
qnn qnn
nkx nkx
wuc wuc
sfp sfp
cpw cpw
zgf zgf
ooi ooi
uxr uxr
egz vub egz cjp
pwa pwa
ynq ynq
wju wju
ooc idl ooc
bai bai
fgo fgo
zbn zbn
tvy hxo ukh
bsz bsz
qjm qjm
tro tro
rut rut
uca lah uca xos
nfy nfy
npu npu
pjx pjx
vlt vlt
vaf vaf
mnv mnv qbj
hxp hxp wiq
viv nhr slq viv
lxt lxt
rxi rxi
tmd tmd
uoz uoz
wuf wuf
ili ili
fsl fsl
lnv lnv
uwp uwp
txk txk
yiz yiz
wpo mbx
iuz iuz
zgs zgs
cxu cxu
gak gak
zqn zqn
rju rju
plx plx
lfh lfh
thz thz
qlo qlo
wpq wpq
rwt rwt
brk brk
ahv ahv
qls qls
cnv cnv
rod rod
vsu vsu
tnl tnl
spp spp
