FD AU BG DI GP DF GA CL BC GQ FP BE EJ DC BC DZ DM DU FG CA GH AC FU CK CG CM HH GK DP BO GN BA CN CB EN CF DN ER DA HM FY HM EK CO EG BF DV HC FJ EX FQ FS GX CS GD ES EM AV EQ AT HO EM GS BK DQ CE AX AJ DB HP CI GF CW FM HF FI ES GO AF AG DE AW HD HB CZ AR FD CU EF EE GN CC AM DK AD BZ AK HR FX EO GR ED GZ FR BQ EW GM ET CQ BM FT EY DR CT BN AZ FD
95
AD AD
AF AF
AG AG
AJ AJ
AK AK
AM AM
AT AT
AU AU
AV AV
AW AW
AX AX
AZ AZ
BA BA
BC BC
BE BE
BF BF
BG BG
BK BK
BM BM
BN BN
BO BO
BQ BQ
CM BT
AC BV
BZ BZ
CA CA
CB CB
CC CC
CF CF
CG CG
CI CI
CK CK
CL CL
CO CO
CS CS
CT CT
CU CU
CW CW
DA DA
DB DB
DC DC
DE DE
DF DF
ED DH
DI DI
DK DK
DM DM
DN DN
DP DP
DQ DQ
DU DU
DZ DZ
EE EE
EG EG
EJ EJ
EK EK FO
FP EL FP
EM EM
EN EN FV
EO EO
ER ER
ES ES
ET ET
EW EW
EX EX
EY EY
FY EZ FY
FI FI
FJ FJ
FM FM
HM FN
FR FR
FS FS
FT FT
FU FU
GA GA
HF GC HF
GD GD
GF GF
GK GK
GN GN
GO GO
GP GP
GQ GQ
GR GR
GS GS
GX GX
GZ GZ
HB HB
HC HC
HD HD
HH HH
HO HO
HP HP
HR HR
