Whitgrove Sodberling Ellerbridge Boothingchester Wycastle Bootwick Tippingbage Watchlake Tippendham Emmerley Bastlebury Rothendcombe Dribwold Reddingtree Stapbrough Worford Falderseythorne Durbrook Wychchester Prestwick Egmerhampton Suddenmoor Melwood Endleshall Candleswick Skellingover Warsmith Wetsmith Elside Cannerthorne Waltbeck Hampingcastle Basditch Hampingworth Worhall Hannersmith Shaftborough Ribberrenston Southmere Egsted Wethampton Faldenhall Rothingcombe Milthorne Whitringlake Botbeck Sundendford Chedworth Suddingover Ellerbridge Worrenberwang Bothenhall Sodport Skelberden Hamscombe Alfmere Leatherport Cireport Egbeck Skellenshot Wychcompwold Sirenshall Hampingbascombe Wetwick Stapbrook Southbury Bassinghead Nortwell Marlcester Horsnell Siavon Abgleham Sundlethorne Fullensborne Sundlethorne Shafthead Marlbrook Falderbrough Warsmith Horstleover Toddenmerbrough Casbrook Redcombe Siey Wychchester Tippenbrook Marlbeck Enderbeck Sifield Abcester Shaftwick Dartden Cirerham Wolley Elfield Falworth Dribblecombe Bursmith Shaftmoor Farnditch Abglewold Botenbrook Tipstoke Burlake Endleberey Dribberham Bothenton Sodberling Bromstanham Ribbenhall Boothingmanstree Ketchester Watchlake Ketchester Staplow Egwick Hamwold Wendleringdown Stainbrough Worford Falderseythorne Penby Ciringnell Elside Wetsmith Shafthead Todhampton Bootwick Wycastle Boothingchester Ellerbridge Sodberling Whitgrove
92
Hampingworth Hampingworth
Staplow Staplow
Wetsmith Wetsmith
Horsnell Horsnell
Boothingmanstree Boothingmanstree
Bastlebury Bastlebury
Sodport Sodport
Sirenshall Sirenshall
Alfmere Alfmere
Emmerley Emmerley
Skellenshot Skellenshot Cihead
Prestwick Prestwick Ketnell
Worhall Worhall Reddendeney
Rothendcombe Rothendcombe
Nortwell Nortwell
Reddingtree Eley
Wetwick Wetwick
Worrenberwang Worrenberwang
Sifield Sifield
Fullensborne Blansbrook
Bromstanham Bromstanham Clereennell
Falworth Falworth
Abcester Abcester
Falderseythorne Falderseythorne
Leatherport Leatherport
Elside Elside
Tippenbrook Tippenbrook
Dartden Dartden
Durbrook Durbrook Toddenmoor
Hampingcastle Hampingcastle
Dribblecombe Dribblecombe
Stapbrough Stapbrough
Chedworth Chedworth
Tippendham Tippendham
Watchlake Watchlake Farndlesover
Basditch Basditch
Egmerhampton Egmerhampton
Ketchester Ketchester
Tipstoke Tipstoke
Dribberham Dribberham
Whitgrove Whitgrove
Wycastle Wycastle
Rothingcombe Rothingcombe
Bothenhall Bothenhall
Endleberey Endleberey
Candleswick Candleswick
Hamwold Hamwold
Sundlethorne Sundlethorne
Shaftborough Shaftborough
Whitringlake Whitringlake
Enderbeck Enderbeck
Penby Penby
Casbrook Casbrook
Siavon Siavon
Farnditch Farnditch
Botbeck Botbeck
Abglewold Abglewold
Bootwick Bootwick
Southmere Southmere
Suddenmoor Suddenmoor Staincombe
Milthorne Milthorne
Egsted Egsted
Sundendford Sundendford
Ellerbridge Ellerbridge
Ribberrenston Ribberrenston
Wychchester Wychchester
Suddingover Suddingover
Cannerthorne Cannerthorne
Worford Worford Rotherlow
Skellingover Skellingover
Southbury Southbury
Horstleover Horstleover
Abgleham Abgleham
Wendleringdown Wendleringdown
Skelberden Skelberden
Waltbeck Waltbeck
Wolley Wolley
Hampingbascombe Hampingbascombe
Wethampton Wethampton
Bursmith Bursmith
Siey Siey
Melwood Melwood
Sodberling Sodberling
Bothenton Bothenton
Tippingbage Tippingbage
Marlcester Marlcester
Faldenhall Faldenhall
Wychcompwold Wychcompwold
Marlbrook Marlbrook
Redcombe Redcombe
Toddenmerbrough Endingnell
Todhampton Todhampton
