0 15 30 45 60 75 76 77 78 79 80 65 50 36 52 68 53 38 23 8 7 6 5 4 3 18 33 48 63 47 31 45 60 75 91 107 91 92 108 93 94 109 124 123 108 93 94 79 80 81 82 83 84 85 70 71 56 41 25 10 11 12 28 43 58 59 89 104 103 87 86 85 84 99 98 82 81 80 65 64 62 48 33 17 16 0
42
0 0
3 3
5 5 20 35
7 7
8 8
10 10
12 13
15 15
18 18
23 23
25 25 40
28 28
30 30
31 31 46
4 34
36 36 51
41 41 55 57
45 45
47 47
50 50
52 52
56 56
63 63
68 68
70 70
71 71
58 73
75 75 90 105
76 76
78 78
80 80 95 110 111
83 83
85 85 100 115 116
87 88
93 93
98 98
103 103
107 106 120 121 122
108 108
109 109
104 119
124 124
