0 49 154 116 32 75 116 6 38 153 110 44 182 77 50 157 70 155 28 103 170 146 136 91 19 74 63 126 24 61 117 167 9 109 42 159 87 130 12 10 100 133 125 168 156 141 4 14 83 60 104 97 36 73 184 128 134 119 29 95 96 45 120 54 98 160 145 161 163 194 76 139 18 175 17 118 48 199 186 180 179 196 105 81 121 20 22 31 94 86 106 69 135 180 178 193 186 39 151 156 25 159 143 65 173 89 101 79 0
86
4 4
6 6
9 9
10 10
12 12
14 14
17 17
18 18
19 19 85 99
20 20
22 22
24 24
25 25
196 26 196
54 27 185
28 28
31 31
32 32
36 36
38 38
39 39 166
42 42
44 44
96 47 67 96
48 48
49 49
50 50
126 51 111 126 149
105 58
63 63
118 64
65 65
69 69
70 70
74 74
75 75
77 77
81 78 81
79 79
83 83
87 87
89 89
91 91
95 95
98 98
100 100
154 102
103 103
104 104
106 106
182 108 182
109 109
116 116
117 117
119 119
120 120
121 121
125 125
128 128
130 130
133 133
134 134 137
167 138
139 139
145 145
146 146
151 151
155 155
156 156
157 157
159 159
160 160
163 163
168 168
170 170
173 173
175 175
86 176
178 178
179 179
180 180
184 184
186 186 197
193 193
194 194
199 199
