SantaClarita Carrollton Lubbock Concord Reno PembrokePines Austin Indianapolis Stockton Pomona Allentown Omaha Ontario Boston Hartford LongBeach LouisvilleJefferson WestValleyCity Washington RanchoCucamonga Brownsville Orlando LosAngeles OklahomaCity StPetersburg Newark Alexandria Worcester Garland Alexandria Bellevue Scottsdale SiouxFalls Independence Fayetteville Davidson Milwaukee Lafayette OklahomaCity StPetersburg Wichita LexingtonFa SanDiego Stamford Berkeley Akron Chandler Paterson SanDiego Henderson Portland Sunnyvale Surprise Torrance Hartford Allentown Escondido Midland Thornton Huntsville Shreveport Beaumont NewportNews Thornton Yonkers Escondido SantaClarita
46
Yonkers Yonkers
Ontario Ontario
Midland Midland
Sunnyvale Sunnyvale Visalia
Boston Boston
Allentown Allentown
Stamford Stamford
Fayetteville Fayetteville
Bellevue Bellevue
LosAngeles LosAngeles
Indianapolis Indianapolis
Shreveport Victorville Shreveport
LexingtonFa LexingtonFa
SanDiego Waco StLouis
NewportNews NewportNews
StPetersburg StPetersburg
PembrokePines PembrokePines
Omaha Omaha
SiouxFalls SiouxFalls
Garland Garland
Worcester Worcester
Stockton Stockton
WestValleyCity WestValleyCity
Austin Austin
Pomona Pomona
Henderson Henderson
LongBeach LongBeach
Paterson Paterson
Lafayette Lafayette
Beaumont Beaumont
Concord Concord
Huntsville Huntsville
Scottsdale Scottsdale
Carrollton GardenGrove Carrollton
Orlando Orlando
Newark Newark
Surprise Surprise
LouisvilleJefferson LouisvilleJefferson
Brownsville Brownsville
Hartford Hartford
Alexandria Alexandria
Wichita Wichita
Independence Independence
OklahomaCity OklahomaCity
Washington Washington
RanchoCucamonga RanchoCucamonga
