Plano SantaClara Rockford Riverside SantaClara Irving Pasadena MorenoValley Norman Sunnyvale Warren SanFrancisco Rochester OklahomaCity Cary LasVegas Miami Cincinnati Tallahassee Hampton Olathe Irvine LittleRock HuntingtonBeach Mobile Hartford Dallas Worcester Mesquite Joliet Thornton Anchorage Salinas GardenGrove CedarRapids SanAntonio NewHaven Davidson Houston Pomona Spokane CorpusChristi SantaClarita Fremont Madison Knoxville Brownsville Corona Surprise NewOrleans AugustaRichmond HuntingtonBeach Greensboro Salinas Chicago Denton Raleigh Glendale Tampa Laredo SantaRosa FortCollins Allentown Stamford Glasses Hollywood Escondido Akron Fontana SanJose LosAngeles Lancaster Torrance Elizabeth Anaheim JerseyCity Pikachu Lafayette Huntsville Omaha Garland Atlanta Beaumont Denver Hayward Topeka OWO Mesa Montgomery BatonRouge Miramar Buffalo Waco Wichita PembrokePines Lincoln AnnArbor FortLauderdale Norfolk Reno LouisvilleJefferson Tulsa SantaRosa McAllen GrandPrairie Portland Tampa ThousandOaks Hialeah Springfield Salinas Vallejo Clyde Cary Amarillo SantaClara Plano
90
Beaumont Vancouver Beaumont
Sunnyvale Sunnyvale
LittleRock LittleRock
Mobile Mobile
AugustaRichmond AugustaRichmond
SanJose SanJose
FortLauderdale FortLauderdale
Pomona Pomona
Garland Garland
SantaClarita SantaClarita
FortCollins SiouxFalls FortCollins
Mesquite Mesquite
Rockford Rockford
AnnArbor StLouis AnnArbor
GrandPrairie GrandPrairie
Atlanta Oxnard Atlanta
Irving Irving
Norman Norman
Anchorage Anchorage
JerseyCity JerseyCity
GardenGrove GardenGrove
Allentown Allentown Killeen
Laredo Laredo
Olathe Olathe
SanFrancisco SanFrancisco
Tulsa Tulsa
Davidson Davidson
Montgomery Montgomery
Greensboro Greensboro
Portland Portland
OklahomaCity OklahomaCity
Mesa Charleston Memphis Mesa
HuntingtonBeach SimiValley HuntingtonBeach
CorpusChristi CorpusChristi
Corona Corona
Cary Cary
Stamford Stamford
Denver Denver
Escondido Escondido
Waco Ontario Waco
Lincoln Lincoln
Anaheim Anaheim
OWO OWO
Vallejo Vallejo
Hayward Hayward
Dallas Dallas
Chicago Chicago
Huntsville Huntsville
Wichita Wichita
Akron Akron
Denton Denton
Cincinnati Cincinnati
Brownsville Brownsville
Glendale Glendale
Madison Madison
Hartford Hartford
Lancaster Lancaster
Thornton Thornton
Hampton Hampton
ThousandOaks ThousandOaks
Torrance Torrance
NewOrleans NewOrleans
Surprise Surprise
Norfolk Norfolk
LouisvilleJefferson LouisvilleJefferson
Warren Warren
Hollywood Hollywood
Riverside Riverside
Raleigh Raleigh
Irvine Irvine
McAllen McAllen
Pikachu Pikachu
LasVegas LasVegas
Worcester Worcester
Glasses Glasses
Tampa Tampa
MorenoValley MorenoValley
Omaha Omaha
Knoxville Knoxville SanBernardino
SantaClara SantaClara
Houston Houston
Miami Miami
NewHaven NewHaven
Elizabeth Elizabeth
Pasadena Pasadena
Salinas Salinas
Fremont Fremont
Lafayette Lafayette
SantaRosa SantaRosa
SanAntonio SanAntonio
