6a5e7697411b4a5f9bee 9413e484b07844a0b2a5 c83df3fc7ad7453da3a8 e73af41069ed4943a52c 4d0a02600180432cbc7e eb69bfc02d474eb3a982 268fc1cec41445e9ae4c d231535a16d747168db6 ce0b9987a99a4073beab ccd6cde772ea4eb0939d ab30581bda5a4746a1ab 7c1bf490928b4ce8968f b5755c64ca7a4efd9c08 f451d0f96c4e44e5a7a2 f911fa4d522a4357aa0b 95119be28c194159a1ee aa3f52c94cbd4a128bbb 00ab75eeae43479b93a1 ac82fe0455c04a6fbc21 12424155e29a4ad09224 5042f23712404074ac94 e42a313b3fc84870ab92 5c8da1e70e304c18a2e4 03b01369da244ae890f3 3f86be020a0e43e4b1ff 36411ecb5b7b4ec3a8e2 cc5f406e2dcd46bebe75 6c5164d75c654b6e9e3b bbb11a04c8a343348a26 a517a99fa3bb48a69b2a a5e69939e9704f81a60e 7c65eef332d54dcba793 950cb52e3a1446d9af98 4d6e33ce0fc84c6ea69d 365700b51db445e3a31a 5a90ec8096c2423fb598 ebbbcdcdb3554877aeb0 e0d6bb0c69d74ec5a7c2 65b7af53d28f4262bf8f 9a007b07478f49ea8ad1 3a597d1b28fa4ca6bfb6 a72944b166b948ed8afb 79e28a889fa348f89be3 709a665a9f9b412ea230 863d51b71d174e18a8b2 cfd801acdfd6452696dd 4da00804134d4fc9a85c c576aa1a65a847f98480 c0dbf396a3c644f697c5 113cbb314b8c423e99ac 0584f8431be341e5ab2e 6ea877c3766c4669a150 c90bb10fa78f4befb07c 046ea34f2b9e444f969d 4fd54063e8fe4e6591e3 950cb52e3a1446d9af98 4d6e33ce0fc84c6ea69d 821d08dd9ba24bb68d87 1568eda0d7f14645b507 4aadb3216b4343adbebd eda12a5063b14342827b bd02ba8637cd4d18b24e 0584f8431be341e5ab2e 4e25f87635bb4843b59f 7d4dc3551fe54163a3f8 bb70a9f783b44f29aa76 7a06c0a05152448791da 6a5e7697411b4a5f9bee
41
4da00804134d4fc9a85c 4da00804134d4fc9a85c
950cb52e3a1446d9af98 950cb52e3a1446d9af98 c1b06ccaa4874b00a961 e9189c39d6f9459fb82b
9413e484b07844a0b2a5 68b5e6aea12140d2bb26
ebbbcdcdb3554877aeb0 ebbbcdcdb3554877aeb0
1568eda0d7f14645b507 bc0a76f3195549949d49
ac82fe0455c04a6fbc21 d8981e847a1946839e08 ac82fe0455c04a6fbc21 a1480b86aa6b4e8ab46b
268fc1cec41445e9ae4c 728908ec3cef4db29934 268fc1cec41445e9ae4c
4fd54063e8fe4e6591e3 4fd54063e8fe4e6591e3
f451d0f96c4e44e5a7a2 ced33625aef44e049e40 f451d0f96c4e44e5a7a2
a72944b166b948ed8afb a72944b166b948ed8afb
95119be28c194159a1ee 95119be28c194159a1ee
365700b51db445e3a31a 365700b51db445e3a31a
c83df3fc7ad7453da3a8 87ecc0a3a59f407c9b3d f4f0866d5e97488aa802 6e67d80aec8b4fc0a0f4
6a5e7697411b4a5f9bee d8c441caf295405aaf52
ce0b9987a99a4073beab ce0b9987a99a4073beab
5042f23712404074ac94 5042f23712404074ac94
f911fa4d522a4357aa0b f911fa4d522a4357aa0b
a5e69939e9704f81a60e a5e69939e9704f81a60e
046ea34f2b9e444f969d 3b86319574304aac82c1
863d51b71d174e18a8b2 863d51b71d174e18a8b2
e0d6bb0c69d74ec5a7c2 e0d6bb0c69d74ec5a7c2
00ab75eeae43479b93a1 00ab75eeae43479b93a1
eda12a5063b14342827b 1733e0b32fcb468e9db5
c576aa1a65a847f98480 008aafd1b0ec4150aacc
5a90ec8096c2423fb598 5a90ec8096c2423fb598
bbb11a04c8a343348a26 bbb11a04c8a343348a26
6c5164d75c654b6e9e3b 6c5164d75c654b6e9e3b
7a06c0a05152448791da 7a06c0a05152448791da
4aadb3216b4343adbebd 4aadb3216b4343adbebd
65b7af53d28f4262bf8f ab6a4a3d324a4e118998
7c65eef332d54dcba793 e0cb3963860e4d049310
9a007b07478f49ea8ad1 9a007b07478f49ea8ad1 dcee8e551d34480d82e2
4e25f87635bb4843b59f 4e25f87635bb4843b59f
6ea877c3766c4669a150 6ea877c3766c4669a150
cc5f406e2dcd46bebe75 cc5f406e2dcd46bebe75
4d0a02600180432cbc7e e3697cd0e4bb4631b60b
5c8da1e70e304c18a2e4 5c8da1e70e304c18a2e4
113cbb314b8c423e99ac 113cbb314b8c423e99ac
3f86be020a0e43e4b1ff 3f86be020a0e43e4b1ff
12424155e29a4ad09224 12424155e29a4ad09224
e73af41069ed4943a52c e73af41069ed4943a52c
