2 9 179 49 73 45 121 45 189 66 93 31 181 91 140 169 199 27 131 17 139 11 57 75 109 175 87 124 123 101 33 97 135 113 195 55 19 7 99 105 10 39 95 196 7 151 115 183 36 59 109 178 165 26 119 153 147 1 147 13 28 137 133 154 155 154 129 185 25 47 3 21 157 79 21 83 164 41 43 85 111 103 145 191 82 117 38 34 77 23 61 163 58 89 177 193 144 149 72 4 127 142 37 166 121 65 159 69 195 71 29 161 76 2
89
1 1 51
3 3
155 5 155
7 7
9 9
11 11
13 13
95 15 95
17 17
19 19
21 21 167
23 23
25 25 173
27 27 35
29 29
31 31
33 33
37 37
39 39
41 41
43 43
45 45
47 47 107
49 49
121 53 121
55 55
57 57
59 59
61 61
36 63 141
65 65
34 67
69 69
71 71
73 73
75 75
77 77 187
79 79
72 81 125
83 83
85 85
87 87
89 89
91 91
93 93
97 97
99 99
101 101
103 103
105 105
109 109
111 111
113 113
115 115
117 117
119 119
123 123
127 127
129 129
131 131
133 133
135 135
137 137
139 139
142 143
145 145
147 147
149 149
151 151
153 153
157 157
159 159
161 161
163 163
165 165
169 169
196 171
175 175
177 177
179 179
181 181
183 183
185 185
189 189
191 191
193 193
195 195
164 197
199 199
