Dannemora Fire Earlville Firthcliffe Highland Farmingville Florida Deer Delanson Dansville Delevan Galeville Germantown Dexter Fulton Gardiner Falconer Gasport Oceanside Freeport Ghent Depauville Fredonia Harbor Fayetteville Herkimer Hicksville Depew Geneva Fairview Mills Fishkill Davis Forestville Freeport Fonda Fleischmanns Hamburg DeRuyter Frankfort Flanders Odessa Frewsburg Delhi Freeville Delhi Franklin Haviland Fishers Deferiet Germantown Delmar Herricks Deposit Hempstead Fonda Fabius Norwich Franklinville Hermon Dexter Fulton Nyack Freeport Oceanside Flower Hamburg Dannemora
44
Davis Davis
Dansville Dansville
Deer Deer
Deferiet Deferiet
Delanson Delanson
Delevan Delevan
Delhi Delhi
Delmar Delmar
Depauville Depauville
Depew Depew
Deposit Deposit
DeRuyter DeRuyter
Dexter Dexter Fairmount
Frewsburg Dunkirk Frewsburg
Earlville Earlville
Fabius Fabius
Oceanside Fair
Geneva Fairport Geneva
Fairview Fairview
Falconer Falconer
Farmingville Farmingville
Freeville Farnham Freeville
Fayetteville Fayetteville
Fire Fire
Firthcliffe Firthcliffe
Fishers Fishers Forest
Fishkill Fishkill
Flanders Flanders
Fleischmanns Fleischmanns
Florida Florida
Flower Flower
Fonda Fonda
Forestville Forestville
Frankfort Frankfort
Franklin Franklin
Franklinville Franklinville
Fredonia Fredonia
Freeport Freeport
Gardiner Friendship Gardiner
Fulton Fulton
Galeville Galeville
Gasport Gasport
Germantown Germantown
Ghent Ghent
