Acadia Biscayne Cuyahoga Channel Indiana Crater Badlands Basin Gunnison Glacier Brycecanyon Isle Guadalupe Sequoia Arches Olympic Saguaro Gateway Teton Isle Shenandoah Haleakala Teddy Denali Katmai Everglades Congaree Caverns Rocky Crater Lassen Isle Guadalupe Acadia
22
Arches Arches
Badlands Badlands
Gunnison Bend Gunnison
Biscayne Biscayne
Brycecanyon Brycecanyon Canyonlands
Acadia Capitol Tortugas
Caverns Caverns
Channel Channel
Congaree Congaree
Crater Crater
Cuyahoga Cuyahoga
Denali Denali
Everglades Everglades
Gateway Gateway
Glacier Glacier
Teton Teton
Basin Basin
Lassen Smoky
Guadalupe Guadalupe
Haleakala Haleakala
Indiana Indiana
Isle Isle
