h0 h1 h7 h3 h56 h4 h6 h1 h52 h2 h58 h21 h67 h26 h66 h85 h24 h73 h99 h86 h38 h72 h32 h34 h33 h23 h44 h68 h42 h0 h1 h51 h55 h9 h10 h11 h59 h12 h79 h60 h15 h61 h78 h16 h62 h92 h49 h50 h18 h36 h47 h35 h48 h81 h63 h41 h14 h55 h9 h10 h54 h13 h79 h12 h80 h17 h92 h50 h18 h20 h97 h27 h28 h91 h40 h90 h39 h75 h87 h74 h45 h84 h66 h26 h67 h0
42
h1 h1
h2 h2
h3 h3
h4 h4
h6 h5 h6 h8
h7 h7
h9 h9
h10 h10
h11 h11
h12 h12
h13 h13
h14 h14
h15 h15
h16 h16
h17 h17
h18 h18
h36 h19 h36
h20 h20
h21 h21
h41 h22 h41
h23 h23
h24 h24
h45 h25 h45 h46
h26 h26
h27 h27
h28 h28 h37
h99 h29
h72 h30 h31
h32 h32
h33 h33
h34 h34
h35 h35
h38 h38
h39 h39
h40 h40
h42 h42
h68 h43
h44 h44
h47 h47
h48 h48
h49 h49
h50 h50
