Loc1 Loc16 Loc30 Loc172 Loc48 Loc154 Loc162 Loc54 Loc5 Loc121 Loc189 Loc72 Loc46 Loc49 Loc76 Loc199 Loc99 Loc131 Loc7 Loc88 Loc38 Loc156 Loc100 Loc142 Loc39 Loc179 Loc77 Loc113 Loc175 Loc146 Loc145 Loc191 Loc159 Loc84 Loc60 Loc174 Loc118 Loc93 Loc8 Loc185 Loc133 Loc164 Loc11 Loc82 Loc171 Loc4 Loc44 Loc197 Loc158 Loc122 Loc198 Loc167 Loc29 Loc3 Loc22 Loc53 Loc183 Loc90 Loc153 Loc22 Loc101 Loc84 Loc33 Loc181 Loc137 Loc10 Loc107 Loc114 Loc13 Loc42 Loc71 Loc64 Loc17 Loc162 Loc37 Loc56 Loc110 Loc165 Loc188 Loc66 Loc106 Loc70 Loc23 Loc124 Loc69 Loc51 Loc193 Loc0 Loc117 Loc176 Loc47 Loc61 Loc155 Loc109 Loc89 Loc9 Loc56 Loc165 Loc170 Loc78 Loc147 Loc178 Loc27 Loc91 Loc128 Loc111 Loc166 Loc75 Loc135 Loc85 Loc98 Loc50 Loc135 Loc94 Loc41 Loc65 Loc113 Loc1
82
Loc0 Loc0
Loc3 Loc3
Loc5 Loc5
Loc191 Loc6
Loc7 Loc7
Loc8 Loc8
Loc9 Loc9
Loc11 Loc11 Loc141
Loc13 Loc13
Loc199 Loc14 Loc182
Loc121 Loc15
Loc16 Loc16
Loc17 Loc17
Loc88 Loc18
Loc165 Loc19 Loc160 Loc177
Loc158 Loc20 Loc132 Loc140
Loc23 Loc23 Loc95
Loc146 Loc25 Loc97
Loc27 Loc27
Loc30 Loc30
Loc47 Loc31 Loc83 Loc163 Loc168
Loc70 Loc32
Loc33 Loc33
Loc37 Loc37
Loc38 Loc38 Loc103
Loc39 Loc39
Loc44 Loc44
Loc46 Loc46
Loc50 Loc50
Loc51 Loc51
Loc179 Loc52
Loc53 Loc53
Loc54 Loc54
Loc89 Loc57
Loc113 Loc59 Loc74 Loc123 Loc151
Loc60 Loc60
Loc61 Loc61
Loc167 Loc62 Loc167
Loc65 Loc65
Loc10 Loc67 Loc143
Loc71 Loc71
Loc75 Loc75
Loc76 Loc76
Loc77 Loc77
Loc85 Loc85
Loc91 Loc91
Loc94 Loc94
Loc198 Loc96
Loc99 Loc99
Loc100 Loc100
Loc101 Loc101
Loc106 Loc106
Loc107 Loc107
Loc109 Loc109
Loc110 Loc110
Loc111 Loc111
Loc118 Loc118
Loc122 Loc122
Loc124 Loc124
Loc128 Loc128
Loc178 Loc129
Loc133 Loc133
Loc137 Loc137
Loc162 Loc144
Loc145 Loc145
Loc147 Loc147
Loc135 Loc149
Loc153 Loc153
Loc154 Loc154
Loc159 Loc159
Loc170 Loc170
Loc171 Loc171
Loc172 Loc172
Loc175 Loc175
Loc176 Loc176
Loc56 Loc180 Loc195
Loc183 Loc183
Loc188 Loc188
Loc189 Loc189
Loc66 Loc190
Loc156 Loc192
Loc197 Loc197
