pace nationalist brake headline audience due excuse gate tablet approval king likely page guarantee enter deposit skeleton injury output exclusive market mixture voice write environment honor prison approval king likely king opposed brake nationalist pace
22
likely likely circulation
excuse excuse
nationalist feature nationalist
skeleton skeleton
king king
mixture mixture
injury injury
output output
page page
audience audience
voice voice
deposit deposit
honor honor
enter enter
exclusive throne
guarantee guarantee
gate gate
opposed exempt opposed
market market
headline headline
brake brake
approval approval
