HAZtD 4Eg1F wnnBN Cg1yP J0OP0 iKwe0 F7CZj z82fM EyMEe vfAR8 bW6Ms RN9nS 3NU9e aWuHk p3gJd cpzS8 acHTt rH3nx 1gvq4 lJnz7 GxQg8 X2hjX UqGfS iqOI4 mJExt cC0Rg gpbSj u60s4 9cp56 0F8yg 4PSW9 zcuSA jyRQW Xqwfz pLg86 7kY28 URrao fiXIW 7kY28 IOpdQ BaYb3 SxklZ 0moVI HAKlt iimZq 6owsT OWqP4 Pk19A HAKlt 6sv9O Q8lcd iPRoT Vg6Sz iIQll GrnJ7 v9joy UbqWX GrnJ7 rmW0U GrnJ7 DmTRc tgL8p 0FMEI R6NzB v0WXM iHR3J fWz4T EgumV UQeyk kjZGl kNG2j AwFdf 2zHfe fExZu v7hOX Mm2U8 15wtn ox9Gx jesVt 4AhmX cu5FB jesVt 69WZh zrVPv wedr3 69WZh Q5zY0 kvy7i Ia6ul eVDVP VG4na b9v0q 15wtn jesVt 0FMEI tgL8p DmTRc 4jcrD 7ZJYA p4kTx iIQll Vg6Sz iPRoT Q8lcd GaZ4O H1xt8 o2JtM e7SjH E6pda xKTIz RkCLD SfSL1 bMhFI GfIsc DmTRc tgL8p 0FMEI 5EAEu sU69u 9cp56 u60s4 cC0Rg p3gJd aWuHk 3NU9e RN9nS F7CZj HAZtD
77
cu5FB cu5FB aegld
zcuSA zcuSA
fiXIW fiXIW
wedr3 wedr3
H1xt8 H1xt8
pLg86 pLg86
b9v0q SEkfX
0F8yg 0F8yg
5EAEu 5EAEu
p4kTx p4kTx
zrVPv zrVPv
GxQg8 GxQg8
4AhmX 4AhmX
URrao URrao
iPRoT 8Qx0C
SxklZ VESmp SxklZ
3NU9e ED9em Lusir 5h4rt
7kY28 7kY28
UbqWX UbqWX
jesVt jesVt
E6pda E6pda
69WZh mdIe6 69WZh
e7SjH BIY9X DuU0x 2LhKB
wnnBN wnnBN
v9joy v9joy
GrnJ7 gNinx iaaYU
IOpdQ IOpdQ
HAZtD 4Tt2a 4PXv9
rmW0U CHx6u HOuAL 9tf0w
lJnz7 lJnz7
BaYb3 BaYb3 1VA1I Zok18
fWz4T TzGS5 fWz4T
eVDVP eVDVP
1gvq4 1gvq4
ox9Gx ox9Gx
Ia6ul Ia6ul
bMhFI bMhFI lF8gH
iIQll iIQll
rH3nx rH3nx
Vg6Sz Vg6Sz
u60s4 u60s4 Zxvdf
aWuHk aWuHk
RN9nS RN9nS
mJExt O8CwF TlJnt
OWqP4 OWqP4
iqOI4 iqOI4
p3gJd p3gJd DaieK uPUO1
gpbSj gpbSj
X2hjX X2hjX
v7hOX v7hOX
cpzS8 cpzS8
acHTt acHTt
Q8lcd Q8lcd
Cg1yP Cg1yP
fExZu fExZu
cC0Rg cC0Rg
R6NzB R6NzB
6owsT 6owsT
AwFdf AwFdf
J0OP0 J0OP0
DmTRc DmTRc
iKwe0 iKwe0
xKTIz xKTIz
iHR3J iHR3J
0FMEI 2GCiD
bW6Ms bW6Ms
UqGfS UqGfS Ssao4 NqBQW
iimZq iimZq
vfAR8 vfAR8
z82fM z82fM
VG4na Agb0E WVEjT VG4na
EgumV EgumV
0moVI 0moVI
HAKlt HAKlt
kNG2j kNG2j
4jcrD 4jcrD
Pk19A Pk19A
