Ilesa Foshan Aklera Jagna Stupino Milledgeville Tupelo Memmingen WaltonontheNaze Polohy Mexborough Marburg Palm Sishui Ventimiglia Malden Tupiza Valday Bogovinje Mouscron Uran Azrou Perth Niort Calauan Rhosllanerchrugog Milagro Alexandria PortVila Puducherry American Davis Jiangyan Brunswick Hermsdorf Aleshtar Alfenas Uran Landshut Bon An Bobigny Sillanwali Portogruaro Chacabuco Shaowu Sheoganj Ramla Yingkou Oschatz Viewpark Palafrugell Villaquilambre Perth Tak Talipparamba Meizhou Toledo Perth Jashpurnagar Magomeni Minas New Belper LonsleSaunier GernikaLumo Krymsk Bavly Gariadhar Bensheim PointeClaire Liberia Stuttgart Rutland Zaozhuang Bensheim Bang Shagamu Calauan Valletta Itacoatiara Sirsi Ponta MitryMory Onex Puerto Houthalen Barracas Aurora Liberia Paredes El DehiwalaMount Aistala Copperas Bensheim Resplendor Perth Sorsogon Oberhausen Perth Brzeg Kyzylorda Bensheim UlanUde Perth Ilesa
89
Bensheim Bensheim Campobasso
Perth Perth Great Tyoply Clermont
MitryMory MitryMory Claremont Lodwar
Hermsdorf Hermsdorf Sceaux
Calauan Calauan
Ventimiglia Ventimiglia
Valday Valday
Uran Uran
Malden Malden
Milledgeville Milledgeville
Jagna Jagna
Marburg Marburg Lille
Polohy Polohy
Foshan Foshan
Puducherry Puducherry
Sishui Sishui
Memmingen Memmingen
Davis Davis
Alexandria Alexandria
Meizhou Meizhou
Rhosllanerchrugog Rhosllanerchrugog
Azrou Azrou
Mexborough Oulmes Mexborough
Krymsk Tiruppuvanam Ada
Puerto Puerto
Onex Onex
Brunswick Brunswick
Jiangyan Jiangyan
LonsleSaunier LonsleSaunier
GernikaLumo GernikaLumo
Minas Dahlem
Aistala Tharu
UlanUde UlanUde
New New
Milagro Milagro
Resplendor Resplendor
Ilesa Ilesa
Alfenas Alfenas
Aleshtar Aleshtar
Bogovinje Bogovinje
Mouscron Mouscron
Tak Tak
Talipparamba Talipparamba
Barracas Barracas
Aurora Aurora
American American
Gariadhar Gariadhar
Bavly Bavly
Ponta Ponta
Sirsi Sirsi
Itacoatiara Itacoatiara
Belper Guli Skalica
Valletta Valletta
Landshut Landshut
Bon Bon
WaltonontheNaze WaltonontheNaze
Yingkou Yingkou
Ramla Ramla
Shaowu Shaowu
Chacabuco Chacabuco
Aklera Aklera
Rutland Rutland
Zaozhuang Zaozhuang
Stuttgart Stuttgart
Viewpark Viewpark
Sillanwali Sillanwali
Bobigny Bobigny
An An
Copperas Copperas
Jashpurnagar Jashpurnagar
Kyzylorda Kyzylorda
Brzeg Brzeg
Paredes Paredes
Magomeni Magomeni
Tupelo Tupelo
Bang Bang
Sorsogon Sorsogon
Shagamu Shagamu
Toledo Toledo
Oberhausen Oberhausen
Palm Palm
PointeClaire PointeClaire
Tupiza Tupiza
DehiwalaMount DehiwalaMount
Villaquilambre Villaquilambre
Niort Niort
Stupino Stupino
PortVila PortVila
Palafrugell Palafrugell
