loc0 loc12 loc150 loc102 loc36 loc196 loc132 loc38 loc60 loc28 loc63 loc98 loc126 loc128 loc165 loc106 loc48 loc148 loc144 loc170 loc90 loc134 loc180 loc162 loc30 loc46 loc24 loc114 loc152 loc138 loc88 loc42 loc84 loc188 loc147 loc166 loc195 loc130 loc51 loc40 loc123 loc110 loc114 loc190 loc174 loc44 loc198 loc104 loc90 loc182 loc6 loc164 loc81 loc4 loc126 loc74 loc132 loc124 loc120 loc66 loc108 loc14 loc18 loc192 loc172 loc18 loc100 loc192 loc80 loc159 loc184 loc15 loc112 loc96 loc140 loc72 loc54 loc86 loc117 loc22 loc186 loc34 loc78 loc26 loc183 loc68 loc150 loc178 loc192 loc122 loc156 loc58 loc99 loc16 loc0
82
loc0 loc0
loc132 loc2 loc62 loc132
loc4 loc4
loc6 loc6
loc147 loc8 loc176
loc48 loc10 loc48 loc50
loc12 loc12
loc14 loc14
loc16 loc16
loc18 loc18
loc144 loc20 loc32 loc144
loc22 loc22 loc82
loc24 loc24
loc26 loc26
loc28 loc28
loc30 loc30
loc34 loc34
loc36 loc36
loc38 loc38
loc40 loc40
loc42 loc42
loc44 loc44
loc46 loc46
loc159 loc52
loc54 loc54 loc142
loc174 loc56 loc174
loc58 loc58 loc116
loc60 loc60
loc72 loc64 loc72 loc94
loc66 loc66
loc68 loc68
loc195 loc70 loc168
loc74 loc74
loc51 loc76
loc78 loc78
loc80 loc80
loc84 loc84
loc86 loc86
loc88 loc88
loc90 loc90
loc99 loc92
loc96 loc96
loc98 loc98
loc100 loc100
loc102 loc102
loc104 loc104
loc106 loc106
loc108 loc108
loc110 loc110
loc112 loc112
loc114 loc114
loc123 loc118
loc120 loc120
loc122 loc122
loc124 loc124
loc126 loc126
loc128 loc128
loc130 loc130
loc134 loc134
loc117 loc136 loc154 loc158 loc194
loc138 loc138
loc140 loc140
loc150 loc146 loc150
loc148 loc148
loc152 loc152
loc156 loc156
loc183 loc160
loc162 loc162
loc164 loc164
loc166 loc166
loc170 loc170
loc172 loc172
loc178 loc178
loc180 loc180
loc182 loc182
loc184 loc184
loc186 loc186
loc188 loc188
loc190 loc190
loc192 loc192
loc196 loc196
loc198 loc198
