BU FF DU GA DI CZ GM BE HJ DP AT CM HP HM BZ AN BW HI FN CW GY BQ GE DK DM CR BN CK FD BH BM HC EG CD BA DS GT EO FU FL DW EN AY FB DE GO AD CS CI DX CV CA CY AR EQ CX BR DL CT ET HA FP AF FO EK GQ EY DR AU DZ CQ DT EV HH DQ GG DD GP EX FI BK AE EL DA DJ AQ DE FW ES FR HN BY BF CL FS EC AP HB CO AX EH AM GK HL HF GR GN GH AL HQ ER BZ AN AV EK FG AZ DV FF BU
98
AE AE
AF AF
AN AN
AP AP
AQ AQ
AR AR
AT AT
AV AV
AX AX
AY AY
BA BA
BE BE
BF BF
GR BG
BH BH
BK BK
BM BM
BN BN
BQ BQ
BU BU
BW BW
BY BY
BZ BZ
CA CA
CD CD
CI CI
CK CK
CM CM
CO CO
CQ CQ
CR CR
CS CS
CT CT
CV CV
CW CW
CX CX
CY CY
CZ CZ
DD DD
DE DE FY
DI DI
DJ DJ
DK DK
DL DL
DM DM
DP DP
DQ DQ
DR DR
DS DS
DT DT
DU DU
DV DV
DX DX
DZ DZ
EC EC
EG EG
EH EH
EK EK
EL EL
EN EN
EO EO
EQ EQ
ER ER
ES ES
ET ET
EV EV
EY EY
FB FB
FD FD
FF FF
FG FG
FI FI GS
FL FL
FN FN
FP FP
FR FR
FS FS
FU FU
FW FW
GA GA
GE GE
GH GH
GK GK
GM GM
GN GN
GO GO
GP GP
GQ GQ
GT GT
GY GY
HA HA
HC HC
HF HF
HI HG
HH HH
HJ HJ
HM HM
HP HP
