point0 point69 point63 point68 point72 point73 point75 point76 point83 point120 point132 point138 point126 point127 point123 point124 point172 point175 point163 point162 point163 point155 point144 point148 point151 point146 point153 point144 point145 point149 point154 point152 point108 point102 point107 point100 point60 point50 point52 point56 point11 point10 point1 point15 point20 point18 point14 point27 point34 point31 point33 point25 point30 point35 point29 point32 point16 point3 point57 point113 point111 point115 point125 point119 point84 point78 point76 point79 point94 point92 point95 point87 point89 point85 point43 point39 point40 point38 point41 point37 point45 point86 point134 point140 point139 point135 point139 point180 point141 point179 point189 point168 point185 point168 point171 point160 point163 point162 point144 point157 point104 point55 point4 point5 point15 point6 point51 point58 point109 point67 point68 point70 point0
79
point1 point1
point3 point3
point5 point5
point6 point6
point10 point10
point11 point11
point15 point13 point15
point16 point16
point32 point17
point18 point18
point14 point21
point27 point27
point29 point29
point30 point30
point31 point31
point33 point33
point34 point34
point38 point38
point39 point39
point40 point40
point41 point41
point45 point42
point43 point43
point50 point49
point51 point51
point52 point52
point57 point54
point55 point55
point56 point56
point67 point67
point69 point69
point72 point72
point73 point73
point75 point75
point76 point76
point78 point78
point79 point79
point83 point83
point85 point85
point86 point86
point87 point87
point89 point89 point91
point94 point94
point100 point100
point102 point102
point107 point103
point108 point108
point109 point109
point111 point110 point111 point112
point113 point113
point115 point115
point119 point119
point120 point120
point125 point122
point123 point123
point124 point124
point126 point126
point135 point131 point135
point132 point132
point134 point134
point138 point138
point139 point139
point144 point144
point148 point148
point149 point149
point151 point151
point152 point152
point153 point153
point155 point155
point157 point157
point162 point158 point162
point160 point160
point163 point163
point172 point172
point175 point177
point179 point179
point180 point180
point189 point183
point185 point184 point185 point187
