55 57 182 101 173 45 151 20 149 171 188 86 80 88 66 43 140 58 166 133 10 163 184 153 78 77 143 74 175 109 97 40 42 62 179 122 61 115 48 63 106 158 29 113 114 67 76 116 134 32 150 49 41 148 127 54 9 44 8 53 172 119 152 30 126 164 27 170 160 136 124 105 104 83 137 111 189 71 4 16 84 12 91 123 85 56 90 146 181 147 26 185 131 17 168 11 118 81 107 55
87
8 8
9 9
11 11
12 12
179 13 179
113 15 113 135
16 16
17 17 36
20 20
26 26
27 27
29 29
30 30
32 32
83 33 83
40 40
41 41
42 42
43 43
45 45
48 48 186
49 49
53 53
54 54
56 56
57 57
58 58
104 59 159
61 61
62 62
63 63
66 66
67 67
71 71
74 74
76 76
77 77
78 78
80 80
81 81
85 85
86 86
88 88
90 90
91 91
97 97
101 101
105 105
106 106
107 107
109 109
111 111
114 114
115 115
116 116
118 118
119 119
122 122
126 126
131 131
133 133
134 134
137 137
140 140
146 146
148 148
149 149
150 150
151 151
152 152
153 153
158 158
160 160
173 162 173 177
163 163
166 166
168 168
170 170
171 171
172 172
175 175
181 181
182 182
184 184
185 185
188 188
189 189
