69 7 36 8 163 100 8 39 131 115 171 190 37 134 4 44 186 15 11 104 11 146 121 5 160 2 26 2 24 150 132 1 59 46 87 1 118 64 188 0 162 106 63 166 80 6 14 99 198 185 193 72 71 81 194 53 31 1 30 170 25 56 77 27 117 83 33 191 82 52 197 147 97 15 133 3 110 128 158 149 135 36 16 148 74 165 51 113 195 127 101 58 192 50 119 112 90 4 69
80
128 128
1 1
2 2
131 131
132 132
5 5
133 133
135 135
134 134
11 11
14 14
16 16
146 146
147 147
148 148
149 149
150 150
24 24
25 25
26 26
27 27
30 30
31 31
160 160
33 33
158 158
163 163
36 36
165 165
166 166
37 37
162 162
171 171
44 44
46 46
50 50
51 51
52 52
53 53
56 56
185 185
186 186
58 58
188 188
59 59
190 190
63 63
191 191
193 193
194 194
192 192
64 64
197 197
198 198
71 71
72 72
195 195
74 74
77 77
80 80
81 81
82 82
83 83
87 87
90 90
97 97
99 99
100 100
101 101
104 104
106 106
110 110
112 112
113 113
115 115
117 117
118 118
119 119
121 121
127 127
