0 3 0 110 44 105 79 134 39 35 37 36 37 35 120 47 183 180 64 104 17 15 100 65 27 25 55 95 145 99 195 135 52 135 74 54 69 179 124 159 129 72 141 132 186 42 41 42 186 187 185 149 139 144 160 114 154 184 94 125 128 117 166 117 168 165 30 20 110 57 56 57 110 113 17 16 17 104 189 182 181 182 180 80 82 108 102 101 2 13 10 12 66 67 123 120 122 151 152 150 90 92 91 92 191 192 190 35 38 35 30 32 58 55 145 148 145 135 138 135 195 197 195 85 87 95 97 95 40 43 40 75 78 75 115 118 27 65 68 65 130 133 130 170 172 170 140 142 140 25 28 25 135 137 136 137 160 162 161 162 160 115 77 116 77 186 132 131 132 164 14 10 12 11 12 10 0
100
2 2
3 3
11 11
12 12
13 13
15 15
16 16
17 17
20 20
25 25
27 27
28 28
30 30
32 32
35 35
36 36
37 37
38 38
39 39
41 41
42 42
43 43
44 44
47 47
52 52
54 54
55 55
56 56
57 57
58 58
64 64
65 65
66 66
67 67
68 68
69 69
72 72
74 74
78 78
79 79
82 82
87 87
91 91
92 92
94 94
95 95
97 97
99 99
100 100
101 101
102 102
104 104
105 105
108 108
110 110
113 113
114 114
116 116
118 118
120 120
122 122
123 123
124 124
125 125
128 128
129 129
131 131
132 132
133 133
134 134
135 135
136 136
138 138
139 139
141 141
142 142
144 144
145 145
148 148
149 149
152 152
154 154
159 159
160 160
161 161
166 166
168 168
172 172
179 179
180 180
181 181
182 182
183 183
184 184
186 186
187 187
189 189
192 192
195 195
197 197
