85 24 0 24 81 24 43 72 11 36 28 36 94 32 31 86 32 54 61 8 61 57 18 93 10 87 82 51 82 7 21 37 49 46 27 4 69 42 92 42 53 45 14 55 14 48 80 21 76 21 15 74 50 74 88 64 32 52 34 13 35 89 79 41 47 41 22 70 71 33 56 99 60 96 60 91 44 66 16 29 98 25 23 25 77 72 5 1 70 38 14 17 70 68 2 85
50
0 0
1 1
7 7
8 8
11 11
13 13
15 15
16 16
17 17
22 22
23 23
27 27
28 28
31 31
34 34
35 35
37 37
38 38
43 43
44 44
45 45
46 46
47 47
48 48
50 50
51 51
52 52
53 53
54 54
55 55
56 56
57 57
64 64
68 68
69 69
71 71
76 76
77 77
79 79
80 80
81 81
86 86
87 87
91 91
92 92
93 93
94 94
96 96
98 98
99 99
