K BH FS BH K B CA GD CA EN FD BJ DV BF GL DP BX EU AH AW GR EO DE EV EG AG GG C DR FX FU EH DN EZ AB DZ FM BG CM AS R GN M BL EL DG U DC EB AN DS DH GA Y EQ CE FP GF CT GI FJ P GJ DB BI FG AU FR GK CJ BR FH CK CW BB L EE ED GC AF BD X CY FN BQ BZ CQ BP EM EA EM DX FJ EC FE FV AP BO AX BA G DF CB FZ DD FI GO Z I V BY BE FO EK T EK GE EK DT AJ DK DI CF AM EJ K
100
B B
G G
I I
L L
M M
P P
R R
T T
U U
V V
X X
Y Y
Z Z
AB AB
AF AF
AG AG
AH AH
AJ AJ
AM AM
AN AN
AS AS
AW AW
AX AX
BA BA
BB BB
BE BE
BF BF
BG BG
BI BI
BJ BJ
BL BL
BO BO
BP BP
BQ BQ
BR BR
BX BX
BY BY
CB CB
CE CE
CF CF
CJ CJ
CK CK
CM CM
CQ CQ
CT CT
CW CW
CY CY
DB DB
DC DC
DG DG
DH DH
DI DI
DK DK
DP DP
DR DR
DS DS
DV DV
DX DX
DZ DZ
EA EA
EC EC
ED ED
EG EG
EH EH
EJ EJ
EK EK
EL EL
EM EM
EN EN
EO EO
EQ EQ
EU EU
EV EV
EZ EZ
FD FD
FE FE
FG FG
FH FH
FI FI
FJ FJ
FM FM
FO FO
FP FP
FR FR
FS FS
FU FU
FV FV
FX FX
FZ FZ
GC GC
GD GD
GE GE
GF GF
GG GG
GI GI
GJ GJ
GK GK
GL GL
GO GO
GR GR
