tepsteinfdkilldlmhns killepsteintdldshfnm nlhtdsdepsteinfmkill killepsteintdldshfnm dhlepsteindkillsmtnf lepsteinfdkillsdnmht nfdhepsteinltsdmkill thmepsteinlkillfsndd slepsteinftndkillmdh htskillepsteindnlfdm ndlmhepsteintdskillf tmhsnfepsteinldkilld hepsteinnfstkilllmdd ldnmepsteinhfstdkill nmhdkilltslepsteinfd hldmepsteindsnkilltf nmhdkilltslepsteinfd ldnmepsteinhfstdkill skilldnmlhdftepstein ldnmepsteinhfstdkill ndlepsteinhdtskillfm fnmhskilldepsteinltd msnepsteinfkillhtdld hkillmepsteinstdfdnl msnepsteinfkillhtdld snldmtkillfepsteindh epsteinthsdmndkillfl nkillsdtdhfmlepstein killepsteintdldshfnm thsfnmkilldlepsteind tskillepsteinhfmddnl thsfnmkilldlepsteind hdepsteinsmdtnflkill fnlskillhtepsteindmd mfskillnhlddtepstein epsteindsmnlfdtkillh mfskillnhlddtepstein thmepsteinlkillfsndd slepsteinftndkillmdh epsteinsdfmhltkillnd slepsteinftndkillmdh thsfnmkilldlepsteind hfskillnepsteinldtdm killnfhdsdltepsteinm hfskillnepsteinldtdm thsfnmkilldlepsteind killepsteintdldshfnm tepsteinfdkilldlmhns
25
ndlmhepsteintdskillf ndlmhepsteintdskillf
nfdhepsteinltsdmkill nfdhepsteinltsdmkill
lepsteinfdkillsdnmht lepsteinfdkillsdnmht
nlhtdsdepsteinfmkill nlhtdsdepsteinfmkill
hepsteinnfstkilllmdd hepsteinnfstkilllmdd
dhlepsteindkillsmtnf dhlepsteindkillsmtnf
nkillsdtdhfmlepstein nkillsdtdhfmlepstein
msnepsteinfkillhtdld msnepsteinfkillhtdld
fnlskillhtepsteindmd fnlskillhtepsteindmd
tskillepsteinhfmddnl tskillepsteinhfmddnl
hkillmepsteinstdfdnl hkillmepsteinstdfdnl
hldmepsteindsnkilltf hldmepsteindsnkilltf
killepsteintdldshfnm killepsteintdldshfnm
epsteinthsdmndkillfl epsteinthsdmndkillfl
hdepsteinsmdtnflkill hdepsteinsmdtnflkill
fnmhskilldepsteinltd fnmhskilldepsteinltd
ndlepsteinhdtskillfm ndlepsteinhdtskillfm
snldmtkillfepsteindh snldmtkillfepsteindh
epsteindsmnlfdtkillh epsteindsmnlfdtkillh
htskillepsteindnlfdm htskillepsteindnlfdm
thmepsteinlkillfsndd thmepsteinlkillfsndd
tmhsnfepsteinldkilld tmhsnfepsteinldkilld
skilldnmlhdftepstein skilldnmlhdftepstein
epsteinsdfmhltkillnd epsteinsdfmhltkillnd
killnfhdsdltepsteinm killnfhdsdltepsteinm
