FortCollins Harlingen Knoxville Akron Elizabeth Arvada Leominster Fargo BonitaSprings Baltimore DesMoines Bloomington Layton Denver Layton Austin LasVegas Kennewick Anaheim ColoradoSprings Cleveland Bellevue Independence Bremerton Allentown Henderson Manchester BoiseCity Eugene Honolulu Burbank Jefferson Dallas Bradenton Bridgeport McAllen Chicago Clearwater Evansville FortWayne Fairfield Joliet LasCruces Fairfield Lancaster Anchorage Lubbock Louisville Barnstable Aberdeen CollegeStation Boise ElPaso GardenGrove Carrollton Frederick Hampton Lafayette Lakewood Berkeley DavidsonCounty Harrisburg Champaign Elkhart Brighton Lacey Detroit Corona AppleValley FortWaltonBeach Hickory Inglewood Hickory Erie Athens Bakersfield AtlanticCity Jacksonville Gilbert Houston Fresno DalyCity Fayetteville Brownsville Appleton Lorain Garland GrandRapids Indianapolis Albuquerque Davenport Amarillo Alexandria LittleRock Greensboro Abilene Grayslake Hollywood Hemet Fremont Irving Cary Lewisville AnnArbor ElMonte Irvine Chandler Lakeland CedarRapids Beaumont Bethlehem Kalamazoo CapeCoral Augusta Joliet Danbury Atlanta Fontana GulfportBiloxi FortCollins
100
Aberdeen Aberdeen
Abilene Abilene
Akron Akron
Albuquerque Albuquerque
Alexandria Alexandria
Allentown Allentown
Amarillo Amarillo
Anaheim Anaheim
Anchorage Anchorage
AnnArbor AnnArbor
AppleValley AppleValley
Appleton Appleton
Arvada Arvada
Atlanta Atlanta
Augusta Augusta
Austin Austin
Bakersfield Bakersfield
Baltimore Baltimore
Barnstable Barnstable
Beaumont Beaumont
Bellevue Bellevue
Berkeley Berkeley
Bethlehem Bethlehem
Boise Boise
BoiseCity BoiseCity
BonitaSprings BonitaSprings
Bradenton Bradenton
Bremerton Bremerton
Brighton Brighton
Brownsville Brownsville
Burbank Burbank
CapeCoral CapeCoral
Carrollton Carrollton
Cary Cary
CedarRapids CedarRapids
Champaign Champaign
Chandler Chandler
Chicago Chicago
Cleveland Cleveland
CollegeStation CollegeStation
ColoradoSprings ColoradoSprings
Dallas Dallas
DalyCity DalyCity
Danbury Danbury
DavidsonCounty DavidsonCounty
Denver Denver
DesMoines DesMoines
Detroit Detroit
ElMonte ElMonte
ElPaso ElPaso
Elizabeth Elizabeth
Elkhart Elkhart
Erie Erie
Eugene Eugene
Evansville Evansville
Fairfield Fairfield
Fargo Fargo
Fayetteville Fayetteville
Fontana Fontana
FortCollins FortCollins
FortWaltonBeach FortWaltonBeach
Frederick Frederick
Fremont Fremont
Fresno Fresno
Garland Garland
Gilbert Gilbert
GrandRapids GrandRapids
Grayslake Grayslake
Hampton Hampton
Harlingen Harlingen
Harrisburg Harrisburg
Hemet Hemet
Henderson Henderson
Hickory Hickory
Hollywood Hollywood
Houston Houston
Independence Independence
Indianapolis Indianapolis
Inglewood Inglewood
Irvine Irvine
Irving Irving
Jacksonville Jacksonville
Jefferson Jefferson
Joliet Joliet
Kalamazoo Kalamazoo
Kennewick Kennewick
Knoxville Knoxville
Lacey Lacey
Lafayette Lafayette
Lakeland Lakeland
Lakewood Lakewood
Lancaster Lancaster
LasCruces LasCruces
Layton Layton
Leominster Leominster
LittleRock LittleRock
Lorain Lorain
Louisville Louisville
Lubbock Lubbock
Manchester Manchester
