pump need preoccupation judicial reject survival overlook freedom exercise distributor impound formulate sweet pray ensure lemon row aspect tip feign hallway attractive admiration title performance depressed privilege gloom parallel ghost diagram wage genetic packet sentiment float unanimous plug mouse anger pipe descent guideline button sticky separate brain wear sacrifice line consideration engineer category mud affect hierarchy innovation range pedestrian prospect forest ground pursuit nominate sit park linger valley rock leadership minor fairy lot appearance performance polish physical Mars literature tune reflection pump
78
range range
leadership leadership
preoccupation preoccupation
wage wage
lemon lemon
sweet sweet
reflection reflection
unanimous unanimous
wear wear
sticky sticky
row row
lot lot
anger anger
innovation innovation
ground ground
physical physical
pursuit pursuit
nominate nominate
guideline guideline
exercise exercise
pipe pipe
sentiment sentiment
impound impound
hierarchy hierarchy
feign feign
valley valley
judicial judicial
linger linger
depressed depressed
hallway hallway
attractive attractive
separate separate
engineer engineer
polish polish
mouse mouse
park park
minor minor
reject reject
admiration admiration
title title
pray pray
freedom freedom
diagram diagram
genetic genetic
brain brain
descent descent
forest forest
button button
prospect prospect
fairy fairy
affect affect
overlook overlook
formulate formulate
performance performance
need need
pump pump
privilege privilege
aspect aspect
survival survival
parallel parallel
sacrifice sacrifice
mud mud
sit sit
packet packet
category category
ensure ensure
distributor distributor
line line
literature literature
gloom gloom
rock rock
appearance appearance
float float
tip tip
ghost ghost
pedestrian pedestrian
plug plug
consideration consideration
