Bowles Calvin Etcheverry Calvin Graduate Calvin Bowles LaVals Bowles Mulford Crescent Mulford Latimer Edwards Easterly Edwards Latimer Bechtel Birge Bechtel Cory Stanley LeConte VLSB Boalt VLSB LeConte RSF LeConte Campanile Bongo ShengKee Bongo Artichokes Cheeseboard Artichokes Bongo Campanile LeConte ALS LeConte Stanley Moses Wellman Sutardja Wellman Moses Greek Unit2 Wolf StrawberryCreek Wilde Bechtel Baker Daiso Baker Simons Baker Strada RoseGarden Strada Baker Bechtel Cory Extension Cory Stanley Campbell Doe Campbell Koshland Campbell Stanley LeConte VLSB Boalt Kresge PeoplesPark Kresge Castro Kresge Boalt VLSB Chez NorthGate Chez VLSB LeConte Campanile Wurster Zellerbach Wurster McCone Spats Stonefire PiLambda PiAlphaPhi PiLambda Stonefire Spats McCone Wurster Campanile LeConte Stanley Moses RareTea Gypsys RareTea Moses Greek Stebbins Safeway Warren Tan Hargrove BearFoodCourt SigmaPhiOmega Evan Blackwell McLaughlin GenPlantBio McLaughlin Blackwell Evan Moffitt Cloyne Moffitt Evan Jacob Foothill Davis Browns Davis Hildebrand YogurtPark Hildebrand Davis Foothill Unit1 Foothill Dwinelle Haas Crossroads Haas Pavilion Haas Crossroads Lawrence UCTheatre NCEM UCTheatre Lawrence Crossroads Haas Dwinelle HearstAnnex Lothlorien HearstAnnex Dwinelle Foothill Haviland Morgan Martinez Morgan Haviland Foothill Jacob TopDog GammaPhiBeta TopDog Starbucks Chipotle MFoundry Chipotle Starbucks TopDog Fenwick Barker Fenwick TopDog Jacob Hertz CVStarr Unit3 CKerr WayWest CKerr Ridge CKerr Unit3 CVStarr Hertz Jacob Hearst MLK Rochdale MLK Latimer Bechtel Minor Memorial TacoBell Memorial Maxwell Barrows Maxwell Memorial AlphaSigmaPhi Memorial Marugame SigmaOmicronPi Moses Pimentel Stacks Sherman Stacks Pimentel Moses Greek Unit2 Milano IndianRock Milano Unit2 Greek Moses Stanley Cory Bechtel Birge Bowles
80
Wolf Wolf
Evan Evan
Foothill Foothill
Campbell Campbell
Doe Doe
Spats Spats
Crescent Crescent
Birge Birge
Campanile Campanile
Extension Extension
Chipotle Chipotle
Moses Moses
IndianRock IndianRock
VLSB VLSB
Wellman Wellman
Koshland Koshland
Mulford Mulford
HearstAnnex HearstAnnex
RSF RSF
Haas Haas
Boalt Boalt
Wurster Wurster
NorthGate NorthGate
Unit1 Unit1
Blackwell Blackwell
Zellerbach Zellerbach
UCTheatre UCTheatre
Cheeseboard Cheeseboard
RoseGarden RoseGarden
Greek Greek
Maxwell Maxwell
StrawberryCreek StrawberryCreek
Calvin Calvin
GenPlantBio GenPlantBio
Barker Barker
Etcheverry Etcheverry
Sutardja Sutardja
Easterly Easterly
BearFoodCourt BearFoodCourt
Kresge Kresge
AlphaSigmaPhi AlphaSigmaPhi
Hildebrand Hildebrand
Morgan Morgan
Baker Baker
GammaPhiBeta GammaPhiBeta
Barrows Barrows
Unit2 Unit2
Unit3 Unit3
CKerr CKerr
Martinez Martinez
WayWest WayWest
Pavilion Pavilion
PiLambda PiLambda
PiAlphaPhi PiAlphaPhi
MFoundry MFoundry
Stacks Stacks
Simons Simons
NCEM NCEM
ALS ALS
PeoplesPark PeoplesPark
LaVals LaVals
Bongo Bongo
TacoBell TacoBell
Strada Strada
Edwards Edwards
Crossroads Crossroads
Browns Browns
Safeway Safeway
Gypsys Gypsys
Graduate Graduate
Daiso Daiso
YogurtPark YogurtPark
ShengKee ShengKee
Rochdale Rochdale
Cloyne Cloyne
Ridge Ridge
Lothlorien Lothlorien
Wilde Wilde
Castro Castro
Sherman Sherman
