86 120 86 125 49 19 3 5 3 11 3 54 67 2 46 94 46 117 70 36 15 122 15 199 42 1 42 76 78 8 12 48 12 123 12 138 12 149 12 181 9 10 9 13 9 26 9 110 9 60 66 23 169 23 185 43 51 18 84 18 139 18 177 39 156 37 73 37 97 37 126 32 157 32 159 32 175 70 57 7 45 7 101 7 145 7 163 161 87 60 93 55 121 55 132 167 71 61 30 61 69 61 107 98 91 98 148 78 14 78 116 58 28 58 40 38 20 82 20 47 41 47 188 198 67 22 67 140 25 64 25 150 25 153 25 154 25 158 25 183 4 179 4 31 115 53 115 89 62 192 43 92 127 72 186 196 131 160 147 113 111 129 171 75 63 74 63 143 6 143 88 27 88 151 17 151 184 108 44 108 135 52 114 105 114 1 180 106 180 49 98 173 98 187 35 68 90 68 100 182 96 174 96 182 92 133 152 133 39 172 56 172 88 151 80 194 80 151 37 11 99 79 21 79 137 79 99 167 65 146 65 167 71 61 104 24 168 189 168 24 104 61 71 67 86
100
1 1
2 2
5 5
6 6
8 8
10 10
11 11
13 13
14 14
17 17
19 19
21 21
22 22
26 26
27 27
28 28
30 30
35 35
36 36
38 38
41 41
44 44
45 45
48 48
51 51
52 52
53 53
54 54
56 56
57 57
64 64
66 66
69 69
71 71
72 72
73 73
74 74
75 75
76 76
82 82
84 84
87 87
89 89
90 90
91 91
92 92
93 93
94 94
97 97
100 100
101 101
105 105
106 106
107 107
110 110
113 113
116 116
117 117
120 120
121 121
122 122
123 123
125 125
126 126
129 129
132 132
137 137
138 138
139 139
140 140
145 145
146 146
148 148
149 149
150 150
152 152
153 153
154 154
156 156
157 157
158 158
159 159
160 160
163 163
169 169
173 173
174 174
175 175
177 177
179 179
181 181
183 183
184 184
185 185
189 189
192 192
194 194
196 196
198 198
199 199
