Ippudo Platano Gypsys EastAsianLibrary Campbell MemorialGlade Campbell HearstMining Chipotle Yifang NorthHall DavisHall TukTukThai BSC ClarkKerr Stern HortonHall Underhill Homeroom TheHabit FireTrails MulfordHall FireTrails BrandyMelville ThaiBasil HesseHall EastBaySpiceCompany HesseHall Kips Muraccis Kips HesseHall EastBaySpiceCompany GSPP Wheeler AndrewsApartment UrbanOutfitters Cornerstone UrbanOutfitters AndrewsApartment Flavia UCafe UniversityVillage Fengcha Ikes Eureka Ikes Gongcha Ikes Fengcha UniversityVillage TToust BobaNinja TennisCourts TPTea TennisCourts BancroftLibrary Cheeseboard BancroftLibrary LittleCampanile EastAsianLibrary Campbell HearstMining Chipotle HAAS Mezzo BerkeleyArtStudio SaturnCafe BerkeleyArtStudio Quicklys Firewings TopDog Jupiter Morganhall Jupiter LatimerHall Tilden Gather TraderJoes YogurtPark OptometryBuilding LaBurrita BerkeleyBart HappyLemon BerkeleyBart SproulHall BerkeleyBart BigC TenderGreens BigC BerkeleyBart HappyLemon BerkeleyWayWest Artichokes SnackShack AmoebaMusic LeConte Cafe3 ThaiNoodle Doe JambaJuice SteamTrains KroeberHall SteamTrains Underhill Wikiwiki NoodleGirl Teazone NoodleGirl Wikiwiki LeConte AshaTeaHouse Bowles Namaste StrawberryCreek TennisCourts BobaNinja TToust Crossroads SouthHall Ucha SouthHall BobbyGPizza ImmThai BobbyGPizza Marugame Gadani HalalGuys Gadani Rachas NatApartment BetaLounge Ikes Fengcha HavilandHall Bonchon HavilandHall UdupiPalace GrizzlyPeak FoxTheater Raretea BanshoRamen LiKaShing SmokesPoutinerie LewisHall SmokesPoutinerie TheDwight SmokesPoutinerie Flavia PurpleKow PeoplesCafe SweetheartCafe PeoplesCafe PurpleKow Flavia HearstGym WursterHall Spats Evans DavisHall TukTukThai Venus TukTukThai DavisHall Cinnaholic HortonHall Shengkee LowerSproul Shengkee HortonHall Stern BerkeleyHigh Toss LaNote TacoBell LaNote ExtremePizza Cafe3 LeConte Campanile ChezPanisse Campanile LeConte AshaTeaHouse JacobsApartment Blackwell SuperDuperBurgers Pappys HearstAnnex McDonalds Morrisonhall McDonalds HearstAnnex Bowles AshaTeaHouse Barrows Safeway BerkeleyThaiHouse SutardjaDai ThaiBasil Milkbomb Ikea TheHabit Homeroom PokeBar Plentea ClarkKerr DollarTree TripleRock Cinnaholic Slivers Cinnaholic HortonHall Stern BerkeleyHigh Toss YogurtPark GreatChina SatherGate GreatChina YogurtPark LaVals Target LaVals YogurtPark Ucha SouthHall Crossroads LiKaShing Rachas NatApartment HildebrandHall Soda Platano Ippudo
100
Wheeler Wheeler
HortonHall HortonHall
KroeberHall KroeberHall
LatimerHall LatimerHall
LewisHall LewisHall
Morganhall Morganhall
Morrisonhall Morrisonhall
MulfordHall MulfordHall
NorthHall NorthHall
OptometryBuilding OptometryBuilding
AshaTeaHouse AshaTeaHouse
McDonalds McDonalds
Bonchon Bonchon
Firewings Firewings
HappyLemon HappyLemon
Ucha Ucha
Artichokes Artichokes
TacoBell TacoBell
Gongcha Gongcha
Yifang Yifang
Fengcha Fengcha
UCafe UCafe
SproulHall SproulHall
TPTea TPTea
SatherGate SatherGate
StrawberryCreek StrawberryCreek
BigC BigC
ClarkKerr ClarkKerr
Crossroads Crossroads
Cafe3 Cafe3
Raretea Raretea
Underhill Underhill
TraderJoes TraderJoes
Safeway Safeway
Marugame Marugame
Kips Kips
Pappys Pappys
BetaLounge BetaLounge
Spats Spats
Cornerstone Cornerstone
TripleRock TripleRock
LowerSproul LowerSproul
WursterHall WursterHall
Shengkee Shengkee
Plentea Plentea
Chipotle Chipotle
ImmThai ImmThai
Milkbomb Milkbomb
MemorialGlade MemorialGlade
EastAsianLibrary EastAsianLibrary
ThaiNoodle ThaiNoodle
Mezzo Mezzo
Slivers Slivers
Ikes Ikes
Teazone Teazone
PokeBar PokeBar
Quicklys Quicklys
TopDog TopDog
Gypsys Gypsys
SnackShack SnackShack
SmokesPoutinerie SmokesPoutinerie
GreatChina GreatChina
ThaiBasil ThaiBasil
Eureka Eureka
BSC BSC
Platano Platano
EastBaySpiceCompany EastBaySpiceCompany
TenderGreens TenderGreens
PeoplesCafe PeoplesCafe
SuperDuperBurgers SuperDuperBurgers
Target Target
JambaJuice JambaJuice
HalalGuys HalalGuys
ExtremePizza ExtremePizza
Gadani Gadani
Wikiwiki Wikiwiki
TheHabit TheHabit
Homeroom Homeroom
Cheeseboard Cheeseboard
ChezPanisse ChezPanisse
LaNote LaNote
Rachas Rachas
BobaNinja BobaNinja
SweetheartCafe SweetheartCafe
TukTukThai TukTukThai
Gather Gather
Venus Venus
SaturnCafe SaturnCafe
Jupiter Jupiter
AmoebaMusic AmoebaMusic
GrizzlyPeak GrizzlyPeak
LaBurrita LaBurrita
AndrewsApartment AndrewsApartment
BerkeleyArtStudio BerkeleyArtStudio
TheDwight TheDwight
BanshoRamen BanshoRamen
LittleCampanile LittleCampanile
Namaste Namaste
Muraccis Muraccis
UrbanOutfitters UrbanOutfitters
