68 63 64 17 64 37 50 91 43 57 43 79 65 45 52 5 15 81 9 81 89 61 78 83 53 44 7 44 53 51 53 33 77 13 22 23 87 69 11 94 49 21 97 21 95 79 67 91 39 58 85 58 42 47 94 75 31 75 93 41 71 29 60 59 55 76 80 3 2 1 26 25 27 25 84 23 22 43 91 73 91 50 37 36 35 34 18 19 18 80 82 17 64 63 68
49
1 1
3 3
5 5
7 7
9 9
11 11
13 13
15 15
17 17
19 19
21 21
23 23
25 25
27 27
29 29
31 31
33 33
35 35
37 37
39 39
41 41
43 43
45 45
47 47
49 49
51 51
53 53
55 55
57 57
59 59
61 61
63 63
65 65
67 67
69 69
71 71
73 73
75 75
77 77
79 79
81 81
83 83
85 85
87 87
89 89
91 91
93 93
95 95
97 97
