1 58 59 12 82 8 52 8 70 63 45 55 41 22 46 57 73 16 90 16 14 62 43 62 47 56 4 21 72 44 67 61 5 49 50 49 66 51 66 60 53 65 38 77 62 83 27 89 68 80 64 42 75 39 81 24 88 64 74 64 80 25 34 76 34 23 78 36 48 36 40 71 11 8 70 86 70 5 61 46 85 46 57 79 57 46 24 31 69 54 69 31 24 46 30 3 1 84 1 3 30 39 81 87 81 39 30 3 1
50
41 41
42 42
43 43
44 44
45 45
46 46
47 47
48 48
49 49
50 50
51 51
52 52
53 53
54 54
55 55
56 56
57 57
58 58
59 59
60 60
61 61
62 62
63 63
64 64
65 65
66 66
67 67
68 68
69 69
70 70
71 71
72 72
73 73
74 74
75 75
76 76
77 77
78 78
79 79
80 80
81 81
82 82
83 83
84 84
85 85
86 86
87 87
88 88
89 89
90 90
