FleaBottom Bobbingbourne Urubaen Trebon SatishVille Eggmanland Batcave TheBoilingRock UtgardMountain Glimthain UtgardMountain MinistryofMagic Yll TheBurningPlains Olivanders TheBurningPlains TheGreatDivide HighGarden Vintas Vroengard Ademre Carvahall TheVale Carvahall Accrington Carvahall Westopolis Arkham MinistryofMagic Lorien ShriekingShack TheSpine Coalwatch TheSpine TheAturanEmpire GringottsBank Ebonfall SatishVille TheAturanEmpire FleaBottom
25
Olivanders Olivanders
Vintas Vintas
Yll Yll
TheBoilingRock TheBoilingRock
TheBurningPlains TheBurningPlains
Batcave Batcave
SatishVille SatishVille
Eggmanland Eggmanland
TheVale TheVale
Trebon Trebon
ShriekingShack ShriekingShack
UtgardMountain UtgardMountain
TheGreatDivide TheGreatDivide
Glimthain Glimthain
Bobbingbourne Bobbingbourne
Accrington Accrington
MinistryofMagic MinistryofMagic
Coalwatch Coalwatch
HighGarden HighGarden
Westopolis Westopolis
Ademre Ademre
Urubaen Urubaen
Arkham Arkham
Ebonfall Ebonfall
GringottsBank GringottsBank
