0 24 132 126 162 100 182 40 44 142 192 104 61 164 61 6 39 196 128 32 82 136 186 138 161 108 89 26 152 26 154 106 12 18 42 84 96 112 160 66 160 10 160 118 54 48 97 146 166 198 134 130 124 46 8 87 14 86 158 98 120 80 172 7 30 2 114 94 58 37 4 90 78 171 74 190 64 20 155 122 28 76 150 174 116 140 92 68 176 180 110 180 56 170 88 34 188 178 102 193 144 36 29 72 177 156 194 60 16 163 168 162 52 103 160 149 22 69 184 38 62 148 70 71 50 192 0
100
0 0
2 2
4 4
6 6
8 8
10 10
12 12
14 14
16 16
18 18
20 20
22 22
24 24
26 26
28 28
30 30
32 32
34 34
36 36
38 38
40 40
42 42
44 44
46 46
48 48
50 50
52 52
54 54
56 56
58 58
60 60
62 62
64 64
66 66
68 68
70 70
72 72
74 74
76 76
78 78
80 80
82 82
84 84
86 86
88 88
90 90
92 92
94 94
96 96
98 98
100 100
102 102
104 104
106 106
108 108
110 110
112 112
114 114
116 116
118 118
120 120
122 122
124 124
126 126
128 128
130 130
132 132
134 134
136 136
138 138
140 140
142 142
144 144
146 146
148 148
150 150
152 152
154 154
156 156
158 158
160 160
162 162
164 164
166 166
168 168
170 170
172 172
174 174
176 176
178 178
180 180
182 182
184 184
186 186
188 188
190 190
192 192
194 194
196 196
198 198
