dweidxeutk xdhiumwdwn audojmtlep gpbaqafhdz irtbznwvcu zbgxyjmdnm cwexpxaktw ivgiotlrrr cxrfqntbtm toeqvvzlae xqqirblyjw vpghbvlzxd xwsnmxufqy ienasnqnvt cpdpvshtof auonnlthcz vteisghgld rulcikswsa hlimwiksjd lgpbgvlzpo taoimnqdrr vtquakjujf gkbqwvqnfu nmshjtpxad siwbsyuwap hcvrravrik nimybvgttg gvxfzzmwzk itouxsyevo ulneltboej fxpsowceqq qjjslhkvnr sjqdgtugly bxdnijtmyn kjgjbkdckc cavyunvwuk dllzvxpcgk wfybmclpmp hpqsgalvar aihlvhrjir bcwzxsuutq tofdobbbjt dzzxropcld tehmqpfdnn xdmzjapanj pphebmysxy gyjkhdbyvm fuhtgylsov ctnsbezpjg klbefaxnzg jiowqcrqpz sjcwiapdwb uqhdcumthr gmvwahagsy drtcvphibq vqlbufoinm akzsqllzsv kgpqjqjrhc rlgdknlxmz afkxpktsxw mnmjklgmnp elifcmozpf mgzyysypdp wiwpekzeuz efgyvzmusc naqyljkxxq cmelcyxenw iqbyvqgkcp zdiibealli kufcwxmspu pgiiochubt fwwnyjpwnp cnbqxrvlvl rqmdukqpbg tzpaywhybw wlzaatlgns cowtuqqsll depihfdmjk rwobvahhfa wwmcjuetgz bqrcwxsyuw lvqqznnzyn tdtlnqnprm arrkheyths dfgysrnikx okcwuqslme dlfzngcmgq rqchbdjiqp xtugynuehn nqdbgeypdu ouzfljsksj lzsvglcvqa hjvmodgwdg rzqbegeoni dldiwncohw fxejnitkot wqeazvzkdf gqwhfeepal ftrqchqaif siwbsyuwap dweidxeutk
96
dweidxeutk dweidxeutk
xdmzjapanj xdmzjapanj
xwsnmxufqy xwsnmxufqy
cowtuqqsll cowtuqqsll
arrkheyths arrkheyths
tehmqpfdnn tehmqpfdnn
pgiiochubt pgiiochubt
klbefaxnzg klbefaxnzg
cavyunvwuk cavyunvwuk
tzpaywhybw tzpaywhybw
cwexpxaktw cwexpxaktw
nimybvgttg nimybvgttg
taoimnqdrr taoimnqdrr
mnmjklgmnp mnmjklgmnp
ftrqchqaif ftrqchqaif
pphebmysxy pphebmysxy
wfybmclpmp wfybmclpmp
fuhtgylsov fuhtgylsov
lzsvglcvqa lzsvglcvqa
naqyljkxxq naqyljkxxq
hlimwiksjd hlimwiksjd
aihlvhrjir aihlvhrjir
rwobvahhfa rwobvahhfa
iqbyvqgkcp iqbyvqgkcp
cmelcyxenw cmelcyxenw
zdiibealli zdiibealli
dzzxropcld dzzxropcld
wqeazvzkdf wqeazvzkdf
rzqbegeoni rzqbegeoni
rqchbdjiqp rqchbdjiqp
wwmcjuetgz wwmcjuetgz
ctnsbezpjg ctnsbezpjg
gpbaqafhdz gpbaqafhdz
cxrfqntbtm cxrfqntbtm
elifcmozpf elifcmozpf
tdtlnqnprm tdtlnqnprm
vpghbvlzxd vpghbvlzxd
cnbqxrvlvl cnbqxrvlvl
ouzfljsksj ouzfljsksj
fxpsowceqq fxpsowceqq
gyjkhdbyvm gyjkhdbyvm
dlfzngcmgq dlfzngcmgq
lgpbgvlzpo lgpbgvlzpo
uqhdcumthr uqhdcumthr
rqmdukqpbg rqmdukqpbg
vteisghgld vteisghgld
bxdnijtmyn bxdnijtmyn
wiwpekzeuz wiwpekzeuz
dldiwncohw dldiwncohw
gvxfzzmwzk gvxfzzmwzk
sjqdgtugly sjqdgtugly
rlgdknlxmz rlgdknlxmz
hcvrravrik hcvrravrik
jiowqcrqpz jiowqcrqpz
itouxsyevo itouxsyevo
dfgysrnikx dfgysrnikx
zbgxyjmdnm zbgxyjmdnm
tofdobbbjt tofdobbbjt
depihfdmjk depihfdmjk
siwbsyuwap siwbsyuwap
ivgiotlrrr ivgiotlrrr
irtbznwvcu irtbznwvcu
vqlbufoinm vqlbufoinm
gkbqwvqnfu gkbqwvqnfu
ienasnqnvt ienasnqnvt
gqwhfeepal gqwhfeepal
bcwzxsuutq bcwzxsuutq
sjcwiapdwb sjcwiapdwb
fxejnitkot fxejnitkot
ulneltboej ulneltboej
hjvmodgwdg hjvmodgwdg
kgpqjqjrhc kgpqjqjrhc
drtcvphibq drtcvphibq
nmshjtpxad nmshjtpxad
qjjslhkvnr qjjslhkvnr
hpqsgalvar hpqsgalvar
audojmtlep audojmtlep
akzsqllzsv akzsqllzsv
fwwnyjpwnp fwwnyjpwnp
bqrcwxsyuw bqrcwxsyuw
okcwuqslme okcwuqslme
afkxpktsxw afkxpktsxw
wlzaatlgns wlzaatlgns
kjgjbkdckc kjgjbkdckc
vtquakjujf vtquakjujf
dllzvxpcgk dllzvxpcgk
rulcikswsa rulcikswsa
toeqvvzlae toeqvvzlae
xtugynuehn xtugynuehn
xdhiumwdwn xdhiumwdwn
lvqqznnzyn lvqqznnzyn
efgyvzmusc efgyvzmusc
kufcwxmspu kufcwxmspu
cpdpvshtof cpdpvshtof
gmvwahagsy gmvwahagsy
auonnlthcz auonnlthcz
