Plano SantaClara Rockford Riverside SantaClara Irving Pasadena MorenoValley Norman Sunnyvale Warren SanFrancisco Rochester OklahomaCity Cary LasVegas Miami Cincinnati Tallahassee Hampton Olathe Irvine LittleRock HuntingtonBeach Mobile Hartford Dallas Worcester Mesquite Joliet Thornton Anchorage Salinas GardenGrove CedarRapids SanAntonio NewHaven Davidson Houston Pomona Spokane CorpusChristi SantaClarita Fremont Madison Knoxville SanBernardino Knoxville Brownsville Corona Surprise NewOrleans AugustaRichmond HuntingtonBeach SimiValley HuntingtonBeach Greensboro Salinas Chicago Denton Raleigh Glendale Tampa Laredo SantaRosa FortCollins SiouxFalls FortCollins Allentown Killeen Allentown Stamford Glasses Hollywood Escondido Akron Fontana SanJose LosAngeles Lancaster Torrance Elizabeth Anaheim JerseyCity Pikachu Lafayette Huntsville Omaha Garland Atlanta Oxnard Atlanta Beaumont Vancouver Beaumont Denver Hayward Topeka OWO Mesa Memphis Charleston Memphis Montgomery BatonRouge Miramar Buffalo Waco Ontario Waco Wichita PembrokePines Lincoln AnnArbor StLouis AnnArbor FortLauderdale Norfolk Reno LouisvilleJefferson Tulsa SantaRosa McAllen GrandPrairie Portland Tampa ThousandOaks Hialeah Springfield Salinas Vallejo Clyde Cary Amarillo SantaClara Plano
100
Vancouver Vancouver
Sunnyvale Sunnyvale
LittleRock LittleRock
Mobile Mobile
AugustaRichmond AugustaRichmond
SanJose SanJose
FortLauderdale FortLauderdale
Pomona Pomona
Garland Garland
SantaClarita SantaClarita
SiouxFalls SiouxFalls
Mesquite Mesquite
Rockford Rockford
StLouis StLouis
GrandPrairie GrandPrairie
Oxnard Oxnard
Irving Irving
Norman Norman
Anchorage Anchorage
JerseyCity JerseyCity
GardenGrove GardenGrove
Allentown Allentown
Laredo Laredo
Olathe Olathe
SanFrancisco SanFrancisco
Tulsa Tulsa
Davidson Davidson
Montgomery Montgomery
Greensboro Greensboro
Portland Portland
OklahomaCity OklahomaCity
Charleston Charleston
SimiValley SimiValley
CorpusChristi CorpusChristi
Corona Corona
Cary Cary
Stamford Stamford
Denver Denver
Escondido Escondido
Ontario Ontario
Lincoln Lincoln
Anaheim Anaheim
OWO OWO
Vallejo Vallejo
Hayward Hayward
Dallas Dallas
Chicago Chicago
Huntsville Huntsville
Wichita Wichita
Akron Akron
Denton Denton
Cincinnati Cincinnati
Brownsville Brownsville
Glendale Glendale
Waco Waco
Madison Madison
Hartford Hartford
Atlanta Atlanta
Killeen Killeen
Lancaster Lancaster
Thornton Thornton
Beaumont Beaumont
Hampton Hampton
ThousandOaks ThousandOaks
Torrance Torrance
NewOrleans NewOrleans
Surprise Surprise
Norfolk Norfolk
LouisvilleJefferson LouisvilleJefferson
Warren Warren
Memphis Memphis
Hollywood Hollywood
Riverside Riverside
Raleigh Raleigh
Irvine Irvine
McAllen McAllen
Pikachu Pikachu
LasVegas LasVegas
Worcester Worcester
Glasses Glasses
Tampa Tampa
MorenoValley MorenoValley
Omaha Omaha
FortCollins FortCollins
Knoxville Knoxville
SantaClara SantaClara
AnnArbor AnnArbor
Mesa Mesa
Houston Houston
Miami Miami
SanBernardino SanBernardino
NewHaven NewHaven
Elizabeth Elizabeth
Pasadena Pasadena
Salinas Salinas
Fremont Fremont
Lafayette Lafayette
HuntingtonBeach HuntingtonBeach
SantaRosa SantaRosa
SanAntonio SanAntonio
