0.505714535290007
0.49617804817952654
0.3838903170522708
0.5274725274725275
0.21229609750382825
0.4671131520505885
0.37305699481865284
0.3415414761259289
0.39194133329333153
0.5739408703013728
0.3318423328802669
0.11522718728161774
0.5403481855569051
0.46853007786156253
0.37517193750589517
0.47114402249011067
0.4235593453487471
0.3421761381701076
0.7918017218101934
0.2535533176201699
0.32993970140898105
0.6407977883096367
1
0.27397415700414995
1
0.15608430006244997
0.4491346195347231
0.40059627041434803
1
0.3026262981335264
0.2368260106141614
0.2785849619112494
0.11867149162119149
0.3035253182678033
0.345679012345679
0.17732362324977186
0.4901382586359327
0.5190897223680138
0.2666831029827283
0.3604127654488228
0.41019086571233815
0.3230890464933018
0.7894327894327895
0.5238768413348444
0.30338394363401805
0.7177220886804534
0.21872265966754154
0.43412545493470345
0.3489583333333333
0.4634408602150537
0.4267711695097587
0.4187611320007916
0.06071186111919309
0.5468185532298346
0.11152815013404825
0.1511946854908299
0.2542194092827004
0.2432306284409665
0.03175809147545966
0.561040101753005
0.11318033987628029
0.10784313725490195
0.1439561852960909
1
0.1345672779460026
0.49569495694956955
0.5429864253393665
1
0.31201985626363044
0.30771751043939843
0.3068210944508522
0.4837758112094395
0.3579215834186468
0.3020033058788506
0.22403754326929254
0.2562113303363259
1
0.2623674082418098
1
1
0.18038034482474175
1
0.6026490066225165
1
0.5950500263296472
1
0.32405829427811556
0.43454356586861587
0.4079123229083133
0.5449829029595566
0.5225933202357563
0.47741525770700116
0.2300179824442107
0.5169461509269367
0.45255536350686437
0.329619312906221
0.4542292501700226
0.14578754578754577
0.4685209375654271
0.13074255405956753
0.3830538427615456
0.6129876263600739
0.49301497730117266
0.5942028985507246
0.05551096354041351
0.30303030303030304
0.4273130670905358
0.2584203532270754
0.5549915397631133
1
0.8823529411764706
1
0.06273361780953325
0.21251975506273
0.1379755393030545
0.68
0.049637344244002235
0.6933333333333334
0.36305220883534134
1
0.47261321838695297
0.19727620271617372
0.6734006734006734
0.3892724907435205
0.2025743812456917
0.12526539278131635
0.12526539278131635
0.12526539278131635
0.36783829421331055
0.6755413560525382
0.31214260825373824
0.2836144533270193
0.3703442476892668
0.6174722175985686
0.12121322063026795
0.5554825654172577
0.395189925374069
0.23658148803953075
0.3363615590057152
0.18772563176895307
1
0.35374149659863946
0.3440860215053763
0.4888888888888889
1
0.21398490504970247
0.3853779429987609
0.4106972301814709
0.20009824935642553
0.09683426443202979
0.33435305113439456
0.3190239657871528
0.3466666666666666
0.3853263977091144
0.46258503401360546
0.12883037321710672
0.48148148148148145
0.3472029929099119
0.19571617874195005
0.41409332862575743
0.44347224539406627
0.45342312008978675
0.5527244469597249
0.6577777777777778
0.33849343297670753
0.6728888888888889
0.32007132508637026
0.37766977335967084
0.3540999753755233
0.15827470462693533
0.6504606504606504
0.33674789372926833
0.3370828762073926
0.2937797472509437
0.3622872140268955
0.4344992396322867
0.11462380970173915
0.43667259539101044
0.26449864498644987
0.36575405537212585
0.22264875239923224
0.2965088474414156
0.2621553698546246
0.18976279650436953
0.5813953488372093
0.3701749310184893
0.5659700374811077
0.314320382904328
0.16928104575163397
0.29000484145948596
0.30373130497678436
0.49204392701226923
0.4019299792797019
0.4165565016727622
0.5137501727408638
0.46479730103423483
0.525974025974026
0.428832784485913
0.7383512544802867
0.3877551020408163
0.3261940137670164
0.4957264957264957
0.25362856616678886
0.43151074929594796
0.3880724510793278
0.48032724632858026
0.41056910569105687
0.6894941467380824
0.2553267362039761
0.17463813101119918
0.5503875968992248
0.4666666666666667
0.4648318042813455
0.38188169463565474
0.7619047619047619
0.5370089124750821
0.5628769846730569
0.09977064220183486
0.6527584544682856
0.1301203213012032
0.30795262272647933
0.4627450980392157
0.32777777817593035
0.34345678409235025
0.3213483789122786
0.37233516691096147
0.253284105615372
0.26104417717378775
0.2992273182787744
0.4100508108860583
0.43506316072415646
0.29574393860108145
0.37059859530095646
0.19511474457699876
0.4571375519780701
0.4572753875077507
0.41051352172591915
0.4671990093677864
0.4131106988249845
0.42843367841841684
0.3726851851851852
0.30517900590893293
0.4553416472891152
0.6298342541436464
0.9285714285714286
0.8952380952380952
1
0.21451518453489216
0.10300250208507089
0.45985197982483994
0.4245614035087719
1
0.3757575757575758
0.3096366508688783
0.3096366508688783
0.3096366508688783
0.421202248261408
0.2706414994595406
0.3886805259448123
0.0467296443360782
0.325
0.14773415986365504
0.23754789272030652
0.2303030303030303
0.4909430011136907
0.3188714305516626
0.4213873485870891
0.4537130983146351
0.4896322921222426
0.035633995274023854
0.47473402925864
0.36117216117216117
0.38458827069329976
0.5570969511072621
0.4710670618592889
0.9531421047547202
0.9996474634318885
0.6153846153846154
0.3084192439862543
0.6868686868686869
0.9489758068854106
0.4418270627185539
0.5176814438595795
1
0.7333330955874577
1
0.5555555555555555
0.21082621082621084
0.33892885691446845
0.4836083461455181
0.43220493205940164
0.5845428626987218
1
0.3247323042641297
1
0.6243229935992123
0.1162586315128688
1
0.42990803634743074
0.29402756508422667
0.3443898678324016
0.11151515151515151
0.29012587804944295
0.38946182499590815
0.3915445268516763
0.2816244955783924
0.3570378641884363
0.15983945349154555
0.18508810628789338
0.26634376534073256
0.207486374443895
0.4164042548464719
0.28855082884845884
0.1092209177161514
0.11047251991665859
0.18145758560985392
0.12724578631749897
0.39739837398373984
0.4033589524622829
0.28440499486609006
0.6733333012125927
0.567350929432487
0.24444444444444444
0.703030303030303
0.6
0.37426047491693004
0.27564583838041806
0.34726207351886224
0.27619986895518506
0.18897097552633696
0.32989148248023886
0.2291323932553158
0.26581764724597773
0.3848225997011984
0.15156111483155607
0.19138297098263576
1
0.11290322580645161
0.17259601215525028
0.22402159244264508
0.47484646543839015
0.17583941269522232
0.5017006802721088
0.05658797923991295
0.3796825396825397
0.5245901639344263
0.09620523784072689
0.33529546670743826
0.2187902187902188
0.5368469966038909
0.31007751937984496
0.8141777796147212
0.04057932908258288
0.27709062711639526
0.44890890523809446
0.46292604196335324
0.5792627903486853
0.4941245940360201
0.05333333333333334
0.17827282667660704
0.7407407407407408
0.21167161226508407
0.4664624808575804
0.49666221628838453
0.8711111111111111
0.02666666666666667
0.8533333333333334
0.36484154735369395
0.43237756914488706
0.670755252697331
0.88
0.41568627450980394
0.4281200631911532
0.6956521739130435
0.5123686368751311
0.2613315985053892
0.6165187585105883
0.3223427203168285
0.3989928336238621
0.34537971648670973
0.3106332138590203
0.5825462873728727
0.48961748633879787
1
0.31227924841701
1
0.4939219449776071
0.3204791118901549
0.5532503457814661
0.47032192715154736
1
0.4873597194397857
0.4814391123266324
0.556350626118068
0.6666666666666666
0.6611111111111111
0.6666666666788619
0.6349206349206349
0.2651877571455375
0.42963575656593905
0.2713806126300701
0.17713739641735593
0.5164021164021164
0.39793843143770663
0.27559432098120634
0.26628540087488783
0.5543880716501551
0.4531590413943355
0.12622840446604794
0.503968253968254
0.21561338289962825
0.1843602317355597
0.22222222222222224
0.1667507283125383
0.4277985851019559
0.2439749246494098
0.219956750077232
0.68
0.6933333333333332
0.2912621359223301
0.17745251898304695
0.2839506172839506
0.5082109563334705
0.6733333333333333
0.3276880203757245
0.30496428212662235
0.13298791018998274
0.42057010178205306
0.58
0.46777433710079025
0.38961038961038963
0.3887807618288147
0.3021001483667418
0.7708844887359321
0.508695652173913
0.18675822791835475
0.2399316875019082
0.1657472159724159
0.1118195511936205
0.2777009121211181
0.3232200647249191
0.19581664441477525
0.5765868491068035
0.4190494992050993
0.12306977926585044
0.4472730618736937
0.15672601292136148
1
0.45017584994138354
0.24251739361298302
0.45265588914549654
0.22731906218144748
0.3803085667035485
0.21777777777777776
0.3525377229080933
0.43021148036253765
0.5045045045045045
0.4745646686347495
0.3104125736738703
0.4925221938435037
0.2355555885332746
0.16380952380952382
0.28623522731002427
0.16195230171935662
0.44876119092234024
0.28190476190476194
0.3885056546986551
0.13384802262550127
0.6102199199256181
0.09709887507400829
0.2577565632458234
0.3202463433410315
0.2787921397245744
0.2280558464438242
0.43586082221122885
0.3231292517006803
0.6666666666666666
0.384180790960452
0.4622222222222222
0.15135361137242606
0.5
0.36747143942375216
0.0891666726652286
0.3276044624365767
0.7026604068857589
0.4809523809523809
0.703030303030303
0.5098039215686274
0.2841958572234965
0.5294117647058824
0.4700854700854701
0.4700854700854701
0.4700854700854701
0.22653122112899987
0.7024661893396976
0.3401925159177604
0.42056932966023874
0.5024875621890547
0.7640449438202247
0.45141898532256775
0.40975526852481303
0.4593324484752861
0.4685242518059856
0.2878145320893412
0.5370370370370372
0.46907993966817496
0.43185941825031526
0.5271317829457364
0.3102758589097225
0.5009746588693956
0.2826186746035023
0.5923009623797025
0.44243792325056436
0.5740740740740741
0.23500888975163076
0.18107820817227094
0.24097170090885653
0.20454188460079478
0.5653435053840347
0.4501224556994904
0.43243243243243246
0.1152417667279192
0.3049095607235142
0.4082687338501292
0.4353562497667301
0.43798912322589206
1
0.2312772205454338
1
0.0133333336536
0.45238939668665895
0.46323221406211657
0.277933211307865
0.4016496275108234
0.486313198417616
0.42685787692051863
0.28364755476181974
0.5419320536473959
0.4595301040482508
0.41650538125542486
0.28475047217964816
0.4313725490196078
0.44177945200479773
0.5
0.19500233839819567
0.34518309481096143
0.2788930110884725
0.5533333333333333
0.547008547008547
0.40875912408759124
0.3313339045986861
0.4893267651888341
0.18640872670599243
0.5102040816326531
0.2744990392798687
0.48826291079812206
0.30665163472378804
0.19365079365079363
1
0.16139699460258164
0.2523540489642184
0.45614035087719296
0.18052594171997158
0.4864864864864865
0.17361111111111113
0.16507936507936508
0.6666666666666667
0.3394777265745008
0.5302288555495457
0.8330317667342808
0.17906543834107239
0.462962962962963
0.44538727766696085
0.44584903589168257
0.922435695325094
0.5176950062429556
0.7619047619047619
0.7619047619047619
0.7619047619047619
0.15504269922293817
0.30757910228108903
0.8627450980392156
0.3703703703703704
0.28685897435897434
0.37681159420289856
0.3765826840641994
0.15234457368037455
0.2557822621872914
0.5944477821167518
0.3582966226138032
0.7066438899651699
0.35775145469659186
0.11373476382936408
0.4101694915254237
0.6957678166314637
0.2868775029537204
0.25525727019430183
0.23256789857129465
0.3312691939787545
0.22422966314045265
0.1974208838034662
0.2132579856485537
0.31092187957409295
0.10906212019795904
0.312260255543137
0.377762162404727
0.2599954306602696
0.3212508884150675
0.5686274509803921
0.39405564198112486
0.14600095589092582
0.27091270299300535
0.44097347377414664
0.6802721088435375
0.6944444444444445
0.4682903683855294
0.40827571616954506
0.419939305464839
0.6734006734006734
0.68
0.6933333333333332
0.20321317134700922
0.40663345998928
0.2997922232116355
0.15317427815129864
0.6733333333333333
0.25377301445813516
0.3030688728609815
0.11965823565178933
0.16023755346567753
0.3041692468625314
0.382926575462923
0.48119363790961356
0.3476258698321736
0.589322146574055
0.5300510554444212
0.08663308676866278
0.5422324523411565
0.7097179543544723
0.4927536231884058
0.29886013016513097
0.4385964912280702
0.3163841807909605
1
0.3474178403755869
0.14092140921409213
0.46846846846846846
0.24154589371980678
0.463963963963964
0.12933089417373467
0.10619875957964708
0.4974085990806648
0.07647907647907648
0.5032940989002135
0.3794871794871795
0.02642745802949516
0.42666666666666664
0.7070707070707071
0.4686907502021653
1
0.2543859649122807
0.35007026957966014
0.4012846517917512
0.41272115177995844
0.49859154929577465
0.4733019580500843
0.3511631904573302
0.3226658539063294
0.48151277074856363
0.26309014848526624
0.38699663467432266
0.3545279383429672
0.4612159329140461
0.27500609624827954
0.4444444444444445
0.27575757575757576
0.4340044742729307
0.6666666666666666
0.38511423725431504
0.14840948187888162
0.4543199669284827
0.4952380952380952
0.42105263157894735
0.7619047619047619
0.3024732482188424
0.4077857223924642
0.31297069325039284
0.22144868312787594
0.4603174603174603
0.3632613320645276
0.3988603988603988
0.1977531884717528
0.43386243386243384
0.3202495055530199
0.12661856142233716
0.1950955710955711
0.3871989860583016
0.2553937369667612
0.5610752942761293
0.3881616860130073
0.34795321637426896
0.4456290336099238
0.5222222222222223
0.34988331567401443
0.5952380952380952
0.19480413714471864
0.3021301665064649
0.286747739320237
0.527363184079602
0.49509803921568624
0.8571428571428571
0.13323517119308326
0.23305514762945187
0.2658828345978924
0.4693333333333333
0.6222222222222222
0.6222222222222222
0.6222222222222222
0.37692763938315543
0.37638703950288505
0.4971751410874048
0.15778174491698493
0.4901960782429793
0.15825615931810302
0.23733450583809662
0.41346315550961815
0.43077287765928546
0.4071246818184833
0.5147624098119545
0.6590038314176245
0.19510089006875986
0.7515605493133583
0.37383177570093457
0.3128888888888889
0.5555555555555556
0.4133077452934791
0.34074097026371264
0.30392948702654565
0.5308641975308642
0.3179719713642458
0.2630489132004735
0.36292456413052127
0.6306306306306306
0.20626636403631893
0.6410256410256411
0.47126436781609193
0.2320376700317224
0.18181818181818182
0.10304674571441307
0.4213836477987421
0.2290787768494775
0.5502645502645502
0.31183659549096754
0.43107380662499334
0.1895424836601307
0.23695238095238097
0.41025641025641024
0.2666216268400023
0.05003681505127233
0.4840412577411232
0.33744639887984595
0.30908848860540467
0.3399897593445981
0.21603355381427253
0.2146635006656289
0.24006211949860634
0.3168489762442248
0.34767401189227004
0.2964564413967754
0.38498244664964865
0.11911157782124458
0.5007936341938977
0.36825717411428094
0.35517744527193895
0.43859649122807015
0.3140740740740741
0.3644895403129868
0.8333333333333333
0.4577511643379907
0.3922449878827936
1
1
0.5684988548823652
0.5874321179208689
0.39125520529979496
1
0.4647061132317441
0.42008333552371985
0.5683790092971164
0.3840312195674469
0.5117845117845118
0.3699756028836011
0.5277777777777778
0.436582318025617
0.3657096541015161
0.49159865578492556
0.33794279955559475
0.494949494949495
0.45019268035061916
0.25892054005151605
0.4232739692607953
0.6725031403572685
0.41098299267851557
0.32756046701072994
0.4398874020718847
0.41576909454693434
0.19908960181908933
0.574559726493764
0.41950350519561075
0.1016949152542373
0.6666768393479311
0.666666667
0.2998708848933157
0.4427655157021716
0.23449085864457156
0.4358974358974359
0.4223063176115662
0.46774193548387094
0.32303463788184605
0.46774193548387094
0.377317283762507
0.16876435391266342
0.8239566589271893
0.07869941901793379
0.46774193548387094
0.31169075554044096
0.4614217582172032
0.356770482657792
0.5235507235159688
0.36622836052579977
0.06684690115329923
0.42605604046342066
0.3370545709413735
0.4563039045156759
0.40445922342991764
0.4094488188976378
0.18295281722852683
0.24161073825503357
0.046878521523551944
0.17073170731707318
0.30434782608695654
0.2367024558805381
0.2171686305126819
0.23145884270578648
0.4813477737665463
0.09090909090909091
0.7589175891758917
0.20843317504939116
0.6700167504187605
0.16896905731264172
1
1
0.8125
0.25395040909374805
0.3382521599510666
0.4351442512362052
0.3194748855338336
0.0970625570198315
0.3069329709707979
0.16232961586121436
0.19916951859456994
0.45569620253164556
0.26194167641957405
0.054664419564241465
0.2466877857980417
0.4052625107586377
0.08969935929029078
0.3535528596187175
0.37383177570093457
0.020226182752361925
0.4397163120567376
0.7777777777777778
0.2284644194756554
0.1770541846858306
0.2334869431643625
0.4622222222222222
0.3963963963963964
0.46322378716744916
0.49455499108359746
0.27941176470588236
0.5046616450538669
0.8180508879547509
0.4446749654218534
0.31526009991562925
0.10354250763742835
0.511019812165457
0.14752057331997206
0.5829457364341085
0.2027621792493469
0.6384479717813052
0.41837206861405524
0.05513632601703306
0.4521727786028913
0.10626269279323783
0.6199294532627866
0.17963355624422334
0.8797854181906852
0.4219505498141993
0.9950083194675542
0.26985029729031035
0.12670789324869117
0.3004824259131633
0.04501453736959125
0.3031529574834767
0.4636994185740215
0.8596067609520517
0.3881235722532455
0.6816453589383707
0.4039538797637189
0.12351190476190477
0.2568306010928962
0.49085212438600306
0.2100287728272699
0.20734687081386843
0.08873114463176575
0.5572139303482587
0.46048109965635736
0.3999621633901966
0.46811794702433546
0.38994255618279855
0.4962962962962963
0.5073947667804323
0.4691358024691358
0.038657718120805415
0.30841147976559297
0.7271374115147228
0.31278268524420966
0.4171539961013645
0.3641408751334045
0.4849965582140092
0.019085841694537392
0.4963406633832686
0.40110507972264486
0.17632072941807456
0.48777831196252536
0.45993031358885017
0.46533391382877176
0.5490196078431372
0.3348587994492145
0.3934542203495091
0.480460868954926
0.16976330057243852
0.3942545814759782
0.3344824798530055
0.5270849430793797
0.2522204445949739
0.41622040832980384
0.1901822930786165
0.332284459216642

inputs/100_50.in
inputs/100_100.in
inputs/101_100.in
inputs/101_50.in
inputs/102_100.in
inputs/100_200.in
inputs/101_200.in
inputs/102_50.in
inputs/103_100.in
inputs/103_50.in
inputs/104_100.in
inputs/102_200.in
inputs/104_50.in
inputs/105_100.in
inputs/103_200.in
inputs/105_50.in
inputs/106_100.in
inputs/104_200.in
inputs/106_50.in
inputs/107_100.in
inputs/105_200.in
inputs/107_50.in
inputs/108_100.in
inputs/106_200.in
inputs/108_50.in
inputs/109_100.in
inputs/107_200.in
inputs/109_50.in
inputs/108_200.in
inputs/10_100.in
inputs/10_50.in
inputs/110_100.in
inputs/109_200.in
inputs/110_50.in
inputs/111_100.in
inputs/10_200.in
inputs/111_50.in
inputs/112_100.in
inputs/110_200.in
inputs/112_50.in
inputs/113_100.in
inputs/111_200.in
inputs/113_50.in
inputs/114_100.in
inputs/112_200.in
inputs/114_50.in
inputs/115_100.in
inputs/113_200.in
inputs/115_50.in
inputs/116_100.in
inputs/116_200.in
inputs/116_50.in
inputs/117_100.in
inputs/114_200.in
inputs/117_50.in
inputs/118_100.in
inputs/115_200.in
inputs/118_50.in
inputs/117_200.in
inputs/11_100.in
inputs/11_50.in
inputs/120_100.in
inputs/118_200.in
inputs/120_50.in
inputs/11_200.in
inputs/121_100.in
inputs/121_50.in
inputs/120_200.in
inputs/122_100.in
inputs/122_50.in
inputs/123_100.in
inputs/121_200.in
inputs/123_50.in
inputs/122_200.in
inputs/124_100.in
inputs/124_50.in
inputs/125_100.in
inputs/123_200.in
inputs/125_50.in
inputs/126_100.in
inputs/124_200.in
inputs/126_50.in
inputs/127_100.in
inputs/125_200.in
inputs/127_50.in
inputs/126_200.in
inputs/128_100.in
inputs/128_50.in
inputs/12_100.in
inputs/127_200.in
inputs/12_50.in
inputs/130_100.in
inputs/128_200.in
inputs/130_50.in
inputs/131_100.in
inputs/12_200.in
inputs/131_50.in
inputs/132_100.in
inputs/130_200.in
inputs/132_50.in
inputs/133_100.in
inputs/131_200.in
inputs/133_50.in
inputs/134_100.in
inputs/132_200.in
inputs/134_50.in
inputs/135_100.in
inputs/133_200.in
inputs/135_50.in
inputs/134_200.in
inputs/136_100.in
inputs/136_50.in
inputs/137_100.in
inputs/135_200.in
inputs/137_50.in
inputs/139_100.in
inputs/137_200.in
inputs/139_50.in
inputs/13_100.in
inputs/136_200.in
inputs/13_50.in
inputs/140_100.in
inputs/139_200.in
inputs/13_200.in
inputs/140_50.in
inputs/141_100.in
inputs/141_200.in
inputs/141_50.in
inputs/142_100.in
inputs/142_50.in
inputs/144_100.in
inputs/142_200.in
inputs/144_50.in
inputs/145_100.in
inputs/140_200.in
inputs/145_50.in
inputs/146_100.in
inputs/144_200.in
inputs/146_50.in
inputs/147_100.in
inputs/145_200.in
inputs/147_50.in
inputs/148_100.in
inputs/148_200.in
inputs/148_50.in
inputs/146_200.in
inputs/149_100.in
inputs/149_50.in
inputs/14_100.in
inputs/147_200.in
inputs/14_50.in
inputs/150_100.in
inputs/149_200.in
inputs/150_50.in
inputs/151_100.in
inputs/14_200.in
inputs/151_50.in
inputs/152_100.in
inputs/150_200.in
inputs/152_50.in
inputs/153_100.in
inputs/151_200.in
inputs/153_50.in
inputs/154_100.in
inputs/152_200.in
inputs/154_50.in
inputs/155_100.in
inputs/153_200.in
inputs/155_50.in
inputs/156_100.in
inputs/154_200.in
inputs/156_50.in
inputs/157_100.in
inputs/155_200.in
inputs/157_50.in
inputs/15_100.in
inputs/156_200.in
inputs/15_50.in
inputs/160_100.in
inputs/157_200.in
inputs/160_50.in
inputs/160_200.in
inputs/15_200.in
inputs/161_100.in
inputs/161_50.in
inputs/162_100.in
inputs/162_50.in
inputs/163_100.in
inputs/161_200.in
inputs/163_50.in
inputs/164_100.in
inputs/162_200.in
inputs/164_50.in
inputs/163_200.in
inputs/165_100.in
inputs/165_50.in
inputs/166_100.in
inputs/166_200.in
inputs/166_50.in
inputs/167_100.in
inputs/164_200.in
inputs/167_50.in
inputs/168_100.in
inputs/165_200.in
inputs/168_50.in
inputs/169_100.in
inputs/167_200.in
inputs/169_50.in
inputs/16_100.in
inputs/168_200.in
inputs/16_50.in
inputs/170_100.in
inputs/16_200.in
inputs/169_200.in
inputs/170_50.in
inputs/171_100.in
inputs/171_50.in
inputs/172_100.in
inputs/172_200.in
inputs/172_50.in
inputs/173_100.in
inputs/170_200.in
inputs/173_50.in
inputs/174_100.in
inputs/171_200.in
inputs/174_50.in
inputs/175_100.in
inputs/173_200.in
inputs/175_50.in
inputs/177_100.in
inputs/174_200.in
inputs/177_50.in
inputs/178_100.in
inputs/175_200.in
inputs/178_50.in
inputs/179_100.in
inputs/177_200.in
inputs/179_50.in
inputs/17_100.in
inputs/178_200.in
inputs/17_50.in
inputs/180_100.in
inputs/179_200.in
inputs/180_50.in
inputs/181_100.in
inputs/181_200.in
inputs/181_50.in
inputs/182_100.in
inputs/17_200.in
inputs/182_50.in
inputs/180_200.in
inputs/183_100.in
inputs/183_50.in
inputs/184_100.in
inputs/184_200.in
inputs/184_50.in
inputs/185_100.in
inputs/182_200.in
inputs/185_50.in
inputs/186_100.in
inputs/183_200.in
inputs/186_50.in
inputs/187_100.in
inputs/187_200.in
inputs/187_50.in
inputs/185_200.in
inputs/188_100.in
inputs/188_50.in
inputs/189_100.in
inputs/186_200.in
inputs/189_50.in
inputs/18_100.in
inputs/188_200.in
inputs/18_50.in
inputs/189_200.in
inputs/190_100.in
inputs/190_50.in
inputs/191_100.in
inputs/18_200.in
inputs/191_50.in
inputs/190_200.in
inputs/192_100.in
inputs/192_50.in
inputs/194_100.in
inputs/194_200.in
inputs/194_50.in
inputs/191_200.in
inputs/195_100.in
inputs/195_50.in
inputs/196_100.in
inputs/192_200.in
inputs/196_50.in
inputs/197_100.in
inputs/196_200.in
inputs/197_50.in
inputs/199_100.in
inputs/195_200.in
inputs/199_50.in
inputs/1_100.in
inputs/199_200.in
inputs/1_50.in
inputs/197_200.in
inputs/200_100.in
inputs/200_50.in
inputs/201_100.in
inputs/1_200.in
inputs/201_50.in
inputs/200_200.in
inputs/202_100.in
inputs/202_50.in
inputs/203_100.in
inputs/201_200.in
inputs/203_50.in
inputs/204_100.in
inputs/202_200.in
inputs/204_50.in
inputs/203_200.in
inputs/205_100.in
inputs/205_50.in
inputs/206_100.in
inputs/204_200.in
inputs/206_50.in
inputs/207_100.in
inputs/207_200.in
inputs/207_50.in
inputs/205_200.in
inputs/208_100.in
inputs/208_50.in
inputs/206_200.in
inputs/209_100.in
inputs/209_50.in
inputs/20_100.in
inputs/208_200.in
inputs/20_50.in
inputs/210_100.in
inputs/209_200.in
inputs/210_50.in
inputs/211_100.in
inputs/20_200.in
inputs/211_50.in
inputs/212_100.in
inputs/210_200.in
inputs/212_50.in
inputs/211_200.in
inputs/213_100.in
inputs/213_50.in
inputs/214_100.in
inputs/212_200.in
inputs/214_50.in
inputs/216_100.in
inputs/213_200.in
inputs/216_50.in
inputs/214_200.in
inputs/217_100.in
inputs/217_50.in
inputs/218_100.in
inputs/216_200.in
inputs/218_50.in
inputs/219_100.in
inputs/217_200.in
inputs/219_50.in
inputs/218_200.in
inputs/21_100.in
inputs/21_50.in
inputs/220_100.in
inputs/219_200.in
inputs/220_50.in
inputs/222_100.in
inputs/21_200.in
inputs/222_50.in
inputs/220_200.in
inputs/223_100.in
inputs/223_50.in
inputs/224_50.in
inputs/226_100.in
inputs/222_200.in
inputs/226_50.in
inputs/227_100.in
inputs/223_200.in
inputs/227_50.in
inputs/228_100.in
inputs/226_200.in
inputs/228_50.in
inputs/229_100.in
inputs/227_200.in
inputs/229_50.in
inputs/22_100.in
inputs/228_200.in
inputs/22_50.in
inputs/230_100.in
inputs/229_200.in
inputs/230_50.in
inputs/231_100.in
inputs/22_200.in
inputs/231_50.in
inputs/232_100.in
inputs/231_200.in
inputs/232_50.in
inputs/233_100.in
inputs/230_200.in
inputs/233_50.in
inputs/234_100.in
inputs/232_200.in
inputs/234_50.in
inputs/235_100.in
inputs/235_200.in
inputs/235_50.in
inputs/236_100.in
inputs/233_200.in
inputs/236_50.in
inputs/237_100.in
inputs/234_200.in
inputs/237_50.in
inputs/238_100.in
inputs/236_200.in
inputs/238_50.in
inputs/237_200.in
inputs/239_100.in
inputs/239_50.in
inputs/23_100.in
inputs/238_200.in
inputs/23_50.in
inputs/240_100.in
inputs/239_200.in
inputs/240_50.in
inputs/241_100.in
inputs/23_200.in
inputs/241_50.in
inputs/242_100.in
inputs/240_200.in
inputs/242_50.in
inputs/244_100.in
inputs/241_200.in
inputs/244_50.in
inputs/242_200.in
inputs/245_100.in
inputs/245_50.in
inputs/246_100.in
inputs/244_200.in
inputs/246_50.in
inputs/247_100.in
inputs/247_200.in
inputs/247_50.in
inputs/248_100.in
inputs/245_200.in
inputs/248_50.in
inputs/246_200.in
inputs/249_50.in
inputs/24_100.in
inputs/249_200.in
inputs/24_50.in
inputs/250_100.in
inputs/248_200.in
inputs/250_50.in
inputs/251_100.in
inputs/24_200.in
inputs/251_50.in
inputs/252_100.in
inputs/250_200.in
inputs/252_50.in
inputs/253_100.in
inputs/251_200.in
inputs/253_50.in
inputs/254_100.in
inputs/252_200.in
inputs/254_50.in
inputs/255_100.in
inputs/253_200.in
inputs/255_50.in
inputs/254_200.in
inputs/256_100.in
inputs/256_50.in
inputs/258_100.in
inputs/255_200.in
inputs/258_50.in
inputs/259_100.in
inputs/259_200.in
inputs/259_50.in
inputs/25_100.in
inputs/256_200.in
inputs/25_50.in
inputs/260_100.in
inputs/258_200.in
inputs/260_50.in
inputs/261_100.in
inputs/25_200.in
inputs/261_50.in
inputs/262_100.in
inputs/260_200.in
inputs/262_50.in
inputs/263_100.in
inputs/263_200.in
inputs/263_50.in
inputs/264_100.in
inputs/261_200.in
inputs/264_50.in
inputs/265_100.in
inputs/262_200.in
inputs/265_50.in
inputs/266_100.in
inputs/264_200.in
inputs/266_50.in
inputs/267_100.in
inputs/265_200.in
inputs/267_50.in
inputs/268_100.in
inputs/266_200.in
inputs/268_50.in
inputs/269_100.in
inputs/267_200.in
inputs/269_50.in
inputs/26_100.in
inputs/268_200.in
inputs/26_50.in
inputs/271_100.in
inputs/269_200.in
inputs/271_50.in
inputs/272_100.in
inputs/26_200.in
inputs/272_50.in
inputs/273_100.in
inputs/271_200.in
inputs/273_50.in
inputs/273_200.in
inputs/274_100.in
inputs/274_50.in
inputs/275_100.in
inputs/272_200.in
inputs/275_50.in
inputs/275_200.in
inputs/276_100.in
inputs/276_50.in
inputs/277_100.in
inputs/274_200.in
inputs/277_50.in
inputs/278_100.in
inputs/276_200.in
inputs/278_50.in
inputs/279_100.in
inputs/277_200.in
inputs/279_50.in
inputs/27_100.in
inputs/278_200.in
inputs/27_50.in
inputs/281_100.in
inputs/281_50.in
inputs/279_200.in
inputs/282_100.in
inputs/282_50.in
inputs/27_200.in
inputs/284_100.in
inputs/284_50.in
inputs/285_100.in
inputs/282_200.in
inputs/285_50.in
inputs/286_100.in
inputs/284_200.in
inputs/286_50.in
inputs/287_100.in
inputs/285_200.in
inputs/287_50.in
inputs/288_100.in
inputs/287_200.in
inputs/288_50.in
inputs/289_100.in
inputs/289_200.in
inputs/289_50.in
inputs/286_200.in
inputs/28_100.in
inputs/28_50.in
inputs/290_100.in
inputs/288_200.in
inputs/290_50.in
inputs/291_100.in
inputs/28_200.in
inputs/291_50.in
inputs/293_100.in
inputs/293_200.in
inputs/293_50.in
inputs/290_200.in
inputs/294_100.in
inputs/294_50.in
inputs/295_100.in
inputs/294_200.in
inputs/295_50.in
inputs/291_200.in
inputs/296_100.in
inputs/296_50.in
inputs/297_100.in
inputs/295_200.in
inputs/297_50.in
inputs/298_100.in
inputs/296_200.in
inputs/298_50.in
inputs/297_200.in
inputs/299_100.in
inputs/299_50.in
inputs/29_100.in
inputs/298_200.in
inputs/29_50.in
inputs/2_100.in
inputs/299_200.in
inputs/2_50.in
inputs/29_200.in
inputs/300_100.in
inputs/300_50.in
inputs/301_100.in
inputs/301_200.in
inputs/301_50.in
inputs/303_100.in
inputs/2_200.in
inputs/300_200.in
inputs/303_50.in
inputs/304_100.in
inputs/304_50.in
inputs/305_100.in
inputs/303_200.in
inputs/305_50.in
inputs/304_200.in
inputs/306_100.in
inputs/306_50.in
inputs/307_100.in
inputs/305_200.in
inputs/307_50.in
inputs/309_100.in
inputs/306_200.in
inputs/309_50.in
inputs/307_200.in
inputs/30_100.in
inputs/30_200.in
inputs/30_50.in
inputs/311_100.in
inputs/311_50.in
inputs/314_100.in
inputs/314_200.in
inputs/314_50.in
inputs/309_200.in
inputs/315_100.in
inputs/315_50.in
inputs/316_100.in
inputs/311_200.in
inputs/316_50.in
inputs/318_100.in
inputs/315_200.in
inputs/318_50.in
inputs/319_100.in
inputs/316_200.in
inputs/319_50.in
inputs/31_100.in
inputs/318_200.in
inputs/31_50.in
inputs/320_100.in
inputs/319_200.in
inputs/320_50.in
inputs/321_100.in
inputs/31_200.in
inputs/321_50.in
inputs/322_100.in
inputs/320_200.in
inputs/322_50.in
inputs/321_200.in
inputs/324_100.in
inputs/324_50.in
inputs/325_100.in
inputs/322_200.in
inputs/325_50.in
inputs/326_100.in
inputs/324_200.in
inputs/326_50.in
inputs/327_100.in
inputs/325_200.in
inputs/327_50.in
inputs/329_100.in
inputs/326_200.in
inputs/329_50.in
inputs/32_100.in
inputs/32_200.in
inputs/32_50.in
inputs/331_100.in
inputs/327_200.in
inputs/331_50.in
inputs/332_100.in
inputs/329_200.in
inputs/332_50.in
inputs/334_100.in
inputs/331_200.in
inputs/334_50.in
inputs/335_100.in
inputs/332_200.in
inputs/335_50.in
inputs/337_100.in
inputs/334_200.in
inputs/337_50.in
inputs/33_100.in
inputs/335_200.in
inputs/33_200.in
inputs/33_50.in
inputs/340_100.in
inputs/340_50.in
inputs/342_100.in
inputs/337_200.in
inputs/342_50.in
inputs/343_100.in
inputs/340_200.in
inputs/343_50.in
inputs/345_100.in
inputs/342_200.in
inputs/345_50.in
inputs/34_100.in
inputs/343_200.in
inputs/34_50.in
inputs/350_100.in
inputs/345_200.in
inputs/350_50.in
inputs/34_200.in
inputs/351_100.in
inputs/351_200.in
inputs/351_50.in
inputs/352_100.in
inputs/352_50.in
inputs/356_100.in
inputs/350_200.in
inputs/356_50.in
inputs/357_100.in
inputs/352_200.in
inputs/357_50.in
inputs/358_100.in
inputs/356_200.in
inputs/358_50.in
inputs/359_100.in
inputs/357_200.in
inputs/359_50.in
inputs/35_100.in
inputs/35_200.in
inputs/35_50.in
inputs/358_200.in
inputs/360_100.in
inputs/360_50.in
inputs/359_200.in
inputs/361_100.in
inputs/362_100.in
inputs/362_50.in
inputs/363_100.in
inputs/360_200.in
inputs/363_50.in
inputs/364_100.in
inputs/362_200.in
inputs/364_50.in
inputs/365_100.in
inputs/364_200.in
inputs/365_50.in
inputs/363_200.in
inputs/366_100.in
inputs/366_50.in
inputs/36_100.in
inputs/36_200.in
inputs/36_50.in
inputs/37_100.in
inputs/365_200.in
inputs/37_50.in
inputs/38_100.in
inputs/366_200.in
inputs/38_50.in
inputs/39_100.in
inputs/37_200.in
inputs/39_50.in
inputs/3_100.in
inputs/38_200.in
inputs/3_50.in
inputs/40_100.in
inputs/39_200.in
inputs/40_50.in
inputs/41_100.in
inputs/3_200.in
inputs/41_50.in
inputs/42_100.in
inputs/40_200.in
inputs/42_50.in
inputs/42_200.in
inputs/41_200.in
inputs/43_100.in
inputs/43_50.in
inputs/44_100.in
inputs/44_50.in
inputs/45_100.in
inputs/43_200.in
inputs/45_50.in
inputs/46_100.in
inputs/44_200.in
inputs/46_50.in
inputs/48_100.in
inputs/45_200.in
inputs/48_50.in
inputs/49_100.in
inputs/46_200.in
inputs/49_50.in
inputs/4_100.in
inputs/48_200.in
inputs/4_50.in
inputs/50_100.in
inputs/49_200.in
inputs/50_50.in
inputs/51_100.in
inputs/4_200.in
inputs/51_50.in
inputs/52_100.in
inputs/50_200.in
inputs/52_50.in
inputs/51_200.in
inputs/53_100.in
inputs/53_50.in
inputs/53_200.in
inputs/54_100.in
inputs/54_50.in
inputs/55_100.in
inputs/52_200.in
inputs/55_50.in
inputs/56_100.in
inputs/54_200.in
inputs/56_50.in
inputs/57_100.in
inputs/55_200.in
inputs/57_50.in
inputs/58_100.in
inputs/56_200.in
inputs/58_50.in
inputs/5_100.in
inputs/57_200.in
inputs/5_50.in
inputs/60_100.in
inputs/58_200.in
inputs/60_50.in
inputs/61_100.in
inputs/5_200.in
inputs/61_50.in
inputs/62_100.in
inputs/60_200.in
inputs/62_50.in
inputs/62_200.in
inputs/63_100.in
inputs/63_50.in
inputs/64_100.in
inputs/61_200.in
inputs/64_50.in
inputs/65_100.in
inputs/63_200.in
inputs/65_50.in
inputs/66_100.in
inputs/64_200.in
inputs/66_50.in
inputs/67_100.in
inputs/67_200.in
inputs/67_50.in
inputs/68_100.in
inputs/65_200.in
inputs/68_50.in
inputs/6_100.in
inputs/66_200.in
inputs/6_50.in
inputs/70_100.in
inputs/68_200.in
inputs/70_50.in
inputs/6_200.in
inputs/71_100.in
inputs/71_50.in
inputs/72_100.in
inputs/70_200.in
inputs/72_50.in
inputs/73_100.in
inputs/71_200.in
inputs/73_50.in
inputs/74_50.in
inputs/75_100.in
inputs/72_200.in
inputs/75_50.in
inputs/76_100.in
inputs/73_200.in
inputs/76_50.in
inputs/77_100.in
inputs/75_200.in
inputs/77_50.in
inputs/78_100.in
inputs/76_200.in
inputs/78_50.in
inputs/79_100.in
inputs/77_200.in
inputs/79_50.in
inputs/7_100.in
inputs/78_200.in
inputs/7_50.in
inputs/81_100.in
inputs/79_200.in
inputs/81_50.in
inputs/82_100.in
inputs/7_200.in
inputs/82_50.in
inputs/83_100.in
inputs/81_200.in
inputs/83_50.in
inputs/84_100.in
inputs/84_200.in
inputs/84_50.in
inputs/82_200.in
inputs/85_100.in
inputs/85_50.in
inputs/83_200.in
inputs/86_100.in
inputs/86_50.in
inputs/86_200.in
inputs/87_100.in
inputs/87_50.in
inputs/88_100.in
inputs/85_200.in
inputs/88_50.in
inputs/87_200.in
inputs/89_100.in
inputs/89_50.in
inputs/8_100.in
inputs/88_200.in
inputs/8_50.in
inputs/90_100.in
inputs/89_200.in
inputs/90_50.in
inputs/93_100.in
inputs/8_200.in
inputs/93_50.in
inputs/94_100.in
inputs/90_200.in
inputs/94_50.in
inputs/95_100.in
inputs/93_200.in
inputs/95_50.in
inputs/96_100.in
inputs/94_200.in
inputs/96_50.in
inputs/97_100.in
inputs/95_200.in
inputs/97_50.in
inputs/98_100.in
inputs/96_200.in
inputs/98_50.in
inputs/99_100.in
inputs/97_200.in
inputs/99_50.in
inputs/9_100.in
inputs/98_200.in
inputs/9_50.in
inputs/99_200.in
inputs/9_200.in
