159 77 140 14 97 126 172 119 86 129 41 20 164 6 52 156 31 114 92 158 74 129 15 71 139 100 59 147 101 137 127 109 180 193 53 137 76 184 165 65 93 154 93 65 51 148 47 182 48 117 7 72 45 25 138 69 171 10 66 36 17 133 173 27 166 121 63 13 16 178 8 189 32 79 160 88 131 44 107 134 107 130 64 177 111 177 5 102 5 33 75 108 75 37 46 192 130 64 156 81 30 81 156 56 96 162 96 56 14 140 149 23 194 23 149 140 77 159
75
154 2 154
79 3 79
149 4
6 6
7 7
10 10 200
30 11
13 13 106
14 14
15 15 167
17 17
194 21
159 22
193 24 193
65 26 65 98
81 28
31 31
32 32
111 34 111 128
114 35 114
36 36
37 37
108 38
147 40
41 41
164 43
45 45
46 46
47 47
48 48
51 51
52 52
53 53
59 59
44 60
127 61 146
63 63
64 64
71 71 157
72 72
74 74 185
76 76
77 77 190
102 82 102 123
137 85 137
86 86
20 87
88 88
93 93
96 96
97 97
158 99 158
100 100 181 199
101 101 132
107 107
109 109
92 116
134 120 134
121 121
180 122 180
126 126
133 133
138 138
139 139
140 140
27 145 169
148 148
69 155
156 156
165 165
172 172
177 174
178 178
162 191
192 192
