woebegone felony Isfahan thoroughfare felony switchmen funny McCall diligent numerology stanza administer trill fulsome embroil papal archive dull swingy Fisk mediate funky millennium inform limitate PDP oriole bunch midstream noon MN casserole MN monotonous Durango Hewlett December Zorn trimester Curtis illusion transfuse trimester yogurt Simon connubial Winchester bat directory lexicon involuntary spill mitre involuntary backplate relaxation Irvin cowhand Andersen extrovert Tucson deduce postscript Wheller car softball anvil Sunday thirteen broil barnacle yearn shovel babysat felony icon update bifurcate atom transonic funny switchmen Gilmore simulate Stephen PDP septillion jewel numerology sphalerite Curtis trimester transfuse catenate Darwin Elizabethan Goodrich Simon Rodney swordfish Modesto Injun clout mack Irvin woebegone
85
Andersen Andersen
Rodney Auberge Rodney
Curtis Curtis
Darwin Darwin
December December
Durango Durango Reilly sinh
Fisk Fisk
Gilmore Gilmore
Goodrich Goodrich
Hewlett Hewlett
Irvin Irvin
Isfahan Isfahan
McCall McCall
Modesto Modesto
PDP PDP
Simon Simon
Stephen Stephen
Sunday Sunday silage whatsoever
Tucson Tucson
lexicon Vega
Wheller Wheller
Winchester Winchester
Zorn Zorn
administer administer
anvil anvil
archive archive
babysat babysat
backplate backplate
barnacle barnacle
bat bat
bifurcate bifurcate
broil broil
bunch bunch
car car
casserole casserole renaissance
catenate catenate
shovel choice shovel
atom coarse
connubial connubial
deduce deduce
diligent diligent
directory directory
monotonous dreadnought monotonous
dull dull
embroil embroil
felony equipping felony tate
MN exothermic
cowhand explosion
extrovert extrovert
fulsome fulsome
funky funky
funny funny wingspread
illusion griddle illusion
icon icon
switchmen imperishable
inform inform secondary
involuntary involuntary slowdown
limitate limitate
mack mack
mediate mediate
midstream midstream
millennium millennium
mitre mitre
noon noon
numerology numerology viscous
oriole oriole
papal papal
postscript postscript
relaxation relaxation
septillion septillion
simulate simulate
softball softball
sphalerite sphalerite
spill spill
stanza stanza
swingy swingy
swordfish swordfish
thirteen thirteen
thoroughfare thoroughfare
transfuse transfuse
transonic transonic
trimester trimester
update update
yearn yearn
yogurt yogurt
