tepsteinfdkilldlmhns killepsteintdldshfnm thsfnmkilldlepsteind killepsteintdldshfnm dhlepsteindkillsmtnf lepsteinfdkillsdnmht nfdhepsteinltsdmkill thmepsteinlkillfsndd mfskillnhlddtepstein thmepsteinlkillfsndd slepsteinftndkillmdh htskillepsteindnlfdm ndlmhepsteintdskillf tmhsnfepsteinldkilld hepsteinnfstkilllmdd ldnmepsteinhfstdkill nmhdkilltslepsteinfd ldnmepsteinhfstdkill ndlepsteinhdtskillfm fnmhskilldepsteinltd msnepsteinfkillhtdld snldmtkillfepsteindh epsteinthsdmndkillfl nkillsdtdhfmlepstein hfskillnepsteinldtdm hdepsteinsmdtnflkill tepsteinfdkilldlmhns
22
ndlmhepsteintdskillf ndlmhepsteintdskillf
nfdhepsteinltsdmkill nfdhepsteinltsdmkill
lepsteinfdkillsdnmht lepsteinfdkillsdnmht
killepsteintdldshfnm nlhtdsdepsteinfmkill killepsteintdldshfnm
hepsteinnfstkilllmdd hepsteinnfstkilllmdd
dhlepsteindkillsmtnf dhlepsteindkillsmtnf
nkillsdtdhfmlepstein nkillsdtdhfmlepstein
msnepsteinfkillhtdld msnepsteinfkillhtdld hkillmepsteinstdfdnl
hdepsteinsmdtnflkill fnlskillhtepsteindmd hdepsteinsmdtnflkill
thsfnmkilldlepsteind tskillepsteinhfmddnl
nmhdkilltslepsteinfd hldmepsteindsnkilltf
epsteinthsdmndkillfl epsteinthsdmndkillfl
fnmhskilldepsteinltd fnmhskilldepsteinltd
ndlepsteinhdtskillfm ndlepsteinhdtskillfm
snldmtkillfepsteindh snldmtkillfepsteindh
mfskillnhlddtepstein epsteindsmnlfdtkillh
htskillepsteindnlfdm htskillepsteindnlfdm
thmepsteinlkillfsndd thmepsteinlkillfsndd
tmhsnfepsteinldkilld tmhsnfepsteinldkilld
ldnmepsteinhfstdkill skilldnmlhdftepstein
slepsteinftndkillmdh epsteinsdfmhltkillnd
hfskillnepsteinldtdm killnfhdsdltepsteinm
