FortCollins Harlingen Knoxville Akron Elizabeth Arvada Leominster Fargo BonitaSprings Baltimore DesMoines GreenBay ColoradoSprings Layton Austin LasVegas Kennewick Cleveland Bellevue Independence Bremerton Allentown Henderson Manchester BoiseCity Eugene Honolulu Burbank Jefferson Dallas Bradenton Bridgeport McAllen Chicago Clearwater Evansville FortWayne Fairfield Joliet LasCruces Fairfield Lancaster Anchorage Lubbock Louisville Barnstable Aberdeen CollegeStation Boise ElPaso GardenGrove Carrollton Frederick Hampton Lafayette Lakewood Berkeley DavidsonCounty Harrisburg Champaign Elkhart Brighton Lacey Detroit Corona AppleValley FortWaltonBeach Amarillo Alexandria Erie Arvada Inglewood Albuquerque Jacksonville Gilbert Houston Fresno DalyCity Fayetteville Brownsville Appleton Lorain Garland GrandRapids Indianapolis Glendale Arvada Bakersfield AnnArbor Fremont Irving Cary Lacey LittleRock Greensboro Abilene Grayslake Hollywood Hemet Knoxville Lakeland Chandler Irvine Austin CedarRapids Beaumont Bethlehem Kalamazoo KansasCity ElMonte Berkeley CapeCoral Augusta Joliet Danbury Atlanta Fontana GulfportBiloxi FortCollins
97
Aberdeen Aberdeen
Abilene Abilene
Akron Akron
Albuquerque Albuquerque
Alexandria Alexandria
Allentown Allentown
Amarillo Amarillo
Kennewick Anaheim Kennewick
Anchorage Anchorage
AnnArbor AnnArbor
AppleValley AppleValley
Appleton Appleton
Arvada Arvada
Atlanta Atlanta
Augusta Augusta
Austin Austin
Bakersfield Bakersfield
Baltimore Baltimore
Barnstable Barnstable
Beaumont Beaumont
Bellevue Bellevue
Berkeley Berkeley
Bethlehem Bethlehem
Boise Boise
BoiseCity BoiseCity
BonitaSprings BonitaSprings
Bradenton Bradenton
Bremerton Bremerton
Brighton Brighton
Brownsville Brownsville
Burbank Burbank
CapeCoral CapeCoral
Carrollton Carrollton
Cary Cary
CedarRapids CedarRapids
Champaign Champaign
Chandler Chandler
Chicago Chicago
Cleveland Cleveland
CollegeStation CollegeStation
ColoradoSprings ColoradoSprings
Dallas Dallas
DalyCity DalyCity
Danbury Danbury
DavidsonCounty DavidsonCounty
Layton Denver Layton
DesMoines DesMoines
Detroit Detroit
ElMonte ElMonte
ElPaso ElPaso
Elizabeth Elizabeth
Elkhart Elkhart
Erie Erie
Eugene Eugene
Evansville Evansville
Fairfield Fairfield
Fargo Fargo
Fayetteville Fayetteville
Fontana Fontana
FortCollins FortCollins
FortWaltonBeach FortWaltonBeach
Frederick Frederick
Fremont Fremont
Fresno Fresno
Garland Garland
Gilbert Gilbert
GrandRapids GrandRapids
Grayslake Grayslake
Hampton Hampton
Harlingen Harlingen
Harrisburg Harrisburg
Hemet Hemet
Henderson Henderson
Inglewood Hickory Inglewood
Hollywood Hollywood
Houston Houston
Independence Independence
Indianapolis Indianapolis
Irvine Irvine
Irving Irving
Jacksonville Jacksonville
Jefferson Jefferson
Joliet Joliet
Kalamazoo Kalamazoo
Knoxville Knoxville
Lacey Lacey
Lafayette Lafayette
Lakeland Lakeland
Lakewood Lakewood
Lancaster Lancaster
LasCruces LasCruces
Leominster Leominster
LittleRock LittleRock
Lorain Lorain
Louisville Louisville
Lubbock Lubbock
Manchester Manchester
