COM MDG IDN SHN CHN COD HUN PAK GNQ LBR SGS KHM LUX LAO KGZ CRI MLT PSE NRU CAF CIV BVT LKA LCA HRV HMD MMR NPL NIU PLW PNG POL MEX MLI CPV LIE LTU SDN RUS IDN KOR LBN JPN CHL COD COG GUM HTI CAN COK HND GRC GMB NGA FSM FIN GAB ESP GEO GHA GIB EGY ECU ESH FRA GBR GIN FSM NGA NFK JEY PAN MDA GLP REU COM NER MYT MUS DJI DMA RWA CPV MHL MAC MCO SAU DOM DZA MYS IRN IOT IRL NIC AUS ATG PRT CRI GNB KWT KAZ HKG COM NER COM QAT ALB ARE ARM MYT BRA AZE BDI BHR BLM BEN BMU BRB BHS BIH PRY SJM JAM ITA MWI CXR DEU CYP CZE REU COM
92
SHN SHN
SGS SGS NZL
SDN SDN
RWA RWA
RUS RUS
REU REU AFG
PSE PSE
PRY PRY MOZ
POL POL
PNG PNG
PAN PAN
PAK PAK
NRU NRU
NPL NPL
NIU NIU
NIC NIC ABW
NFK NFK ALA
NER NER MTQ
MYT MYT
MMR MMR
MLI MLI
MEX MEX
MDA MDA
HND MAR HND
MAC MAC
LUX LUX
LTU LTU
LKA LKA
LIE LIE
LBR LBR
LBN LBN
LAO LAO
KWT KWT
KOR KOR
KGZ KNA
KHM KHM
KAZ KAZ
JPN JPN
JEY JEY
ITA ITA
IRN IRN
IRL IRL
IOT IOT
IDN IDN COL
HUN HUN
HTI HTI
HRV HRV
HMD HMD
HKG HKG
GUM GUM
GRC GRC
GNQ GNQ
GMB GMB
GIN GIN
GIB GIB
GHA GHA
GEO GEO
GBR GBR
GAB GAB
FSM FSM
FRA FRA
FIN FIN
ESP ESP
ESH ESH
EGY EGY
ECU ECU
DZA DZA
DMA DMA
DJI DJI
DEU DEU
CYP CYP
CXR CXR
CPV CPV
COK COK
COG COG
COD COD
CIV CIV
CHN CHN
CAN CAN
CAF CAF
BMU BMU
BLM BLM
BHS BHS
BHR BHR
BEN BEN
BDI BDI
AZE AZE
AUS AUS
ATG ATG
ARM ARM
ARE ARE
ALB ALB
