LeonieHill ChangiPoint SungeiKadut KampongUbi Shipyard NeeSoon JurongWestCentral Kranji ConeyIsland CompassvaleTrafalgar Changi Ridout BishanEast Yishun Phillip SerangoonGarden Victoria Clementi Novena SingaporePolytechnic ClarkeQuay SungeiRoad Semakau Frankel FarrerPark GreenwoodPark Guilin Sentosa PasirRisPark SembawangSprings KampongGlam ClarkeQuay SungeiRoad KallangWay AnchorvaleBuangkok MandaiWest YioChuKang MandaiWest NorthCoast BukitBatokCentral Mandai PasirRisWestElias TampinesWest YuhuaWestBoonLay Woodgrove YishunCentral ClementiCentral ChangiWest AirportRoad GeylangBahru TanjongRhu PasirPanjang2 Springleaf ChoaChuKangCentral LoyangEast Townsville PunggolTownCentre MonksHill Trafalgar TuasBay TanglinHalt OrangeGrove DefuIndustrialPark LeonieHill
46
PasirPanjang2 PasirPanjang2
YioChuKang YioChuKang Boulevard
SungeiRoad SungeiRoad
FarrerPark FarrerPark
NorthCoast NorthCoast
Townsville Townsville
KallangWay KallangWay
Shipyard Shipyard
Yishun Yishun
MonksHill Sennett MonksHill Outram
NeeSoon NeeSoon
Victoria Victoria
PunggolTownCentre PunggolTownCentre
JurongWestCentral JurongWestCentral
Novena Novena
Ridout Ridout
Guilin Guilin
DefuIndustrialPark DefuIndustrialPark Tyersall
Springleaf Springleaf
SingaporePolytechnic SingaporePolytechnic
KampongGlam KampongGlam
TuasBay TuasBay
OrangeGrove OrangeGrove
SembawangSprings SembawangSprings
ChoaChuKangCentral ChoaChuKangCentral
SerangoonGarden SerangoonGarden
Phillip Phillip
Trafalgar Trafalgar
ChangiWest ChangiWest
ConeyIsland ConeyIsland
Semakau Semakau
SungeiKadut SungeiKadut
Woodgrove Woodgrove
AirportRoad AirportRoad
ClementiCentral ClementiCentral
MandaiWest MandaiWest
TanglinHalt TanglinHalt
Kranji Kranji
TampinesWest TampinesWest
GreenwoodPark GreenwoodPark
BishanEast BishanEast
YuhuaWestBoonLay YuhuaWestBoonLay
BukitBatokCentral BukitBatokCentral
Sentosa Sentosa
AnchorvaleBuangkok AnchorvaleBuangkok
LoyangEast LoyangEast
