0 17 68 44 70 17 0 100 103 100 105 100 101 116 101 115 101 113 101 109 101 110 101 111 101 108 101 112 101 100 107 100 102 100 104 100 106 100 0 31 53 89 31 3 4 14 11 3 29 75 17 77 22 5 86 90 85 98 86 10 20 86 81 62 12 17 80 17 25 31 57 31 64 31 0
44
89 1 26 89
4 4 49 63 87 96
5 5 42
64 7 72
10 10 83 99
17 13 17
14 14
75 18 28 54 75
20 20 43
57 21 57
22 22
25 24 25 59
29 29
31 31 35
44 44
3 51 56
53 53
11 55 58
62 62
70 65 70
80 66
68 68
77 77
81 81 82
85 85
86 86
90 90
98 98
100 100
101 101 117
102 102 118 121 123 124
104 104 136
105 105 138
106 106 142 144 145 146 147 149
109 109 167
112 112 179 180 182
113 113 188 189
103 127 128 130
107 151 152 153
108 154 156 158 160
110 168 169 171 172 173 175
111 177 178
115 194 196
116 198
