Ippudo Platano Gypsys EastAsianLibrary Campbell HearstMining Chipotle Yifang NorthHall DavisHall TukTukThai BSC ClarkKerr Stern HortonHall Underhill Homeroom TheHabit FireTrails BrandyMelville ThaiBasil HesseHall Kips HesseHall EastBaySpiceCompany GSPP Wheeler AndrewsApartment UrbanOutfitters AndrewsApartment Flavia UCafe UniversityVillage Fengcha Ikes Fengcha HavilandHall UdupiPalace GrizzlyPeak AmoebaMusic SnackShack Artichokes BerkeleyWayWest HappyLemon BerkeleyBart BigC BerkeleyBart LaBurrita OptometryBuilding YogurtPark LaVals YogurtPark TraderJoes Gather Tilden LatimerHall Jupiter TopDog Firewings Quicklys BerkeleyArtStudio Mezzo GiauqueHall Ikea Milkbomb Blackwell SuperDuperBurgers Pappys HearstAnnex McDonalds HearstAnnex Bowles AshaTeaHouse LeConte Cafe3 ThaiNoodle Doe JambaJuice SteamTrains Underhill Wikiwiki NoodleGirl MSRI Gongcha Ikes Fengcha UniversityVillage TToust BobaNinja TennisCourts BancroftLibrary LittleCampanile EastAsianLibrary Campbell MemorialGlade Namaste StrawberryCreek TennisCourts BobaNinja TToust Crossroads SouthHall BobbyGPizza Marugame Gadani Rachas NatApartment BetaLounge Ikes SweetheartCafe PeoplesCafe PurpleKow Flavia SmokesPoutinerie Flavia HearstGym WursterHall Spats Gather Tilden Cinnaholic HortonHall Shengkee HortonHall Stern BerkeleyHigh Toss LaNote ExtremePizza Cafe3 LeConte Campanile LeConte AshaTeaHouse Barrows Safeway BerkeleyThaiHouse SutardjaDai Rachas LiKaShing BanshoRamen Raretea InternationalHouse BobbyGPizza SouthHall Ucha YogurtPark GreatChina YogurtPark Toss BerkeleyHigh Stern ClarkKerr Plentea ClarkKerr DollarTree ClarkKerr Stern BerkeleyHigh TennisCourts TPTea HildebrandHall Soda Platano Ippudo
85
Wheeler Wheeler
HortonHall HortonHall
SteamTrains KroeberHall
LatimerHall LatimerHall
SmokesPoutinerie LewisHall SmokesPoutinerie TheDwight
Jupiter Morganhall Jupiter
McDonalds Morrisonhall McDonalds
FireTrails MulfordHall
NorthHall NorthHall
OptometryBuilding OptometryBuilding
AshaTeaHouse AshaTeaHouse
HavilandHall Bonchon
Firewings Firewings
HappyLemon HappyLemon
Ucha Ucha
Artichokes Artichokes LowerSproul
LaNote TacoBell LaNote
Gongcha Gongcha
Yifang Yifang
Fengcha Fengcha
UCafe UCafe
BerkeleyBart SproulHall
TPTea TPTea
GreatChina SatherGate GreatChina
StrawberryCreek StrawberryCreek
BigC BigC TenderGreens
ClarkKerr ClarkKerr
Crossroads Crossroads
Cafe3 Cafe3
Raretea Raretea
Underhill Underhill
TraderJoes TraderJoes
Safeway Safeway
Marugame Marugame
Kips Kips Muraccis
Pappys Pappys
BetaLounge BetaLounge
Spats Spats
UrbanOutfitters Cornerstone UrbanOutfitters
DollarTree TripleRock
WursterHall WursterHall
Shengkee Shengkee
Plentea Plentea PokeBar
Chipotle Chipotle
BobbyGPizza ImmThai
Milkbomb Milkbomb
MemorialGlade MemorialGlade
EastAsianLibrary EastAsianLibrary
ThaiNoodle ThaiNoodle
Mezzo Mezzo
Cinnaholic Slivers
Ikes Ikes Eureka
NoodleGirl Teazone
Quicklys Quicklys
TopDog TopDog
Gypsys Gypsys
SnackShack SnackShack
ThaiBasil ThaiBasil
BSC BSC
Platano Platano
EastBaySpiceCompany EastBaySpiceCompany
PeoplesCafe PeoplesCafe
SuperDuperBurgers SuperDuperBurgers
LaVals Target
JambaJuice JambaJuice
Gadani HalalGuys Gadani
ExtremePizza ExtremePizza
Wikiwiki Wikiwiki
TheHabit TheHabit
Homeroom Homeroom
BancroftLibrary Cheeseboard
Campanile ChezPanisse
Rachas Rachas
BobaNinja BobaNinja
SweetheartCafe SweetheartCafe
TukTukThai TukTukThai Venus
Gather Gather
BerkeleyArtStudio SaturnCafe BerkeleyArtStudio
AmoebaMusic AmoebaMusic
GrizzlyPeak GrizzlyPeak
LaBurrita LaBurrita
AndrewsApartment AndrewsApartment
BanshoRamen BanshoRamen
LittleCampanile LittleCampanile
Namaste Namaste
