Soda Doe UniversityVillage Doe Soda BerkeleyWayWest Wheeler LeConte Foothill HavilandHall Dwinelle HearstMining HilgardHall CaliforniaHall Barrows Unit3 Campbell Cory Blackwell BancroftLibrary Unit2 DurantHall Blackwell Unit1 SouthHall Moffit DavisHall Stern HesseHall Campanile Evans Kresge LawrenceHall MemorialStadium LawrenceHall Doe Soda
23
Evans Evans BAMPFA
Doe Doe
HearstMining HearstMining
Wheeler Wheeler
Campanile Campanile
LeConte LeConte
Moffit Moffit
Dwinelle Dwinelle
SouthHall SouthHall
Cory Gilman
CaliforniaHall CaliforniaHall
UniversityVillage Bowles
BancroftLibrary BancroftLibrary
DurantHall DurantHall
Stern Stern
Campbell Campbell
LawrenceHall GreekTheatre LawrenceHall
BerkeleyWayWest BerkeleyWayWest
MemorialStadium InternationalHouse
Unit1 Unit1
Unit2 Unit2
Unit3 Unit3
Foothill Foothill
