hutmk omjfc dowbf yaxts ablxw rlfxc lnfiu aeomh otirh yiodb bcrwj gxdqt lsnhz mlfbi oscrv xintv coubd tyuep cursl xnysi zsehb tiyfv lcghr yzaje ugyls vmgxh artvi abupm mzlsn spuoi vczkh ugamb mzlsn axmwy aqzce tejxc qdzgs hopbn urlkt misyc xeljy ijvuq hutmk
38
aqzce aqzce
omjfc omjfc
oscrv oscrv
ijvuq ywion ijvuq ijofp
yiodb yiodb
cursl cursl
yzaje yzaje
vczkh vczkh
yaxts yaxts
otirh otirh
aeomh aeomh
ablxw ablxw
tyuep tyuep
axmwy axmwy
dowbf dowbf
rlfxc rlfxc
zsehb zsehb
xintv xintv
hopbn hopbn
xnysi xnysi
misyc misyc
tejxc tejxc
ugyls ugyls
mzlsn mzlsn
lnfiu lnfiu
qdzgs qdzgs
vmgxh vmgxh
urlkt urlkt
bcrwj bcrwj
mlfbi mlfbi
lcghr lcghr
spuoi spuoi
coubd coubd
lsnhz lsnhz
xeljy xeljy
ugamb ugamb
gxdqt gxdqt
artvi artvi
