Hayward Shreveport Hartford NorthLasVegas SterlingHeights Champaign Charlotte Lubbock Bryan HavredeGrace PuntaGorda Hemet SanBuenaventura Norwich Utica Anchorage OverlandPark Trenton Anaheim Columbus SantaClara VeroBeach Stamford Marysville Stamford LasVegas Nashua Tyler Arvada Wilmington Vancouver GrandRapids SaintPaul Duluth Fullerton Youngstown SouthBend Fresno Torrance Brighton Henderson NewYorkCity Henderson Topeka Downey Burlington ElPaso ElMonte McAllen Elkhart Modesto Worcester Kalamazoo RoundLakeBeach Independence Escondido Mesquite CapeCoral Huntsville ThousandOaks PortSaintLucie ThousandOaks Huntsville Kissimmee Marina PortArthur Lacey Savannah StPaul CorpusChristi PalmBay Hagerstown Plano Greenville OverlandPark VeroBeach PembrokePines SanBernardino Mobile Detroit BoiseCity Harrisburg HuntingtonBeach Sarasota Scranton Hampton Salem Deltona Tucson York Reno Lafayette GreenBay Laredo Roseville Hialeah Harlingen Springfield Spartanburg LakeCharles Boulder Phoenix BatonRouge Eugene Boise Marysville Layton Carrollton Newburgh Waterbury Victorville Scottsdale Omaha NewYorkCity Cincinnati NewportNews SimiValley Aberdeen SantaClara VeroBeach PembrokePines Racine Bakersfield SouthBend Youngstown Bethlehem Orem NewBedford SouthLyon Norwalk StLouis Sacramento Brighton Hayward
94
PuntaGorda PuntaGorda
Tyler Tyler
Cincinnati Cincinnati
ThousandOaks ThousandOaks
Norwich Norwich
PalmBay PalmBay
Tucson Tucson
Utica Utica
SanBernardino Pueblo
Hialeah Albuquerque Hialeah
Laredo Laredo
NewportNews NewportNews
Youngstown Barnstable
ElPaso JohnsonCity ElPaso
Greenville Greenville
Eugene Eugene
Racine Racine
Nashua Nashua
RoundLakeBeach RoundLakeBeach
Harlingen Harlingen
Newburgh Newburgh
HavredeGrace HavredeGrace
Charlotte Charlotte
OverlandPark OverlandPark
Omaha Omaha
Topeka Topeka
CapeCoral CapeCoral Bloomington
Deltona Deltona
Anchorage Anchorage
Marina Marina Frederick
Salem Salem
LasVegas LasVegas
Downey Downey
Hagerstown Hagerstown
Bryan Birmingham
SanBuenaventura SanBuenaventura
Mesquite Mesquite
Fullerton Flint Fullerton
McAllen McAllen
Lubbock Lubbock
CorpusChristi CorpusChristi
Layton Layton
Bethlehem Bethlehem
NorthLasVegas NorthLasVegas
StLouis StLouis
GrandRapids GrandRapids
Boise Boise
Arvada Arvada
Brighton Oxnard
Hemet Hemet
Scranton Scranton
Fresno Fresno
Waterbury Waterbury
LakeCharles LakeCharles
Stamford Stamford
PortSaintLucie Olympia
PortArthur RichmondCounty
Duluth Duluth
Modesto Modesto
Henderson Henderson
HuntingtonBeach HuntingtonBeach
Huntsville Huntsville
Lacey Lacey
Burlington Burlington
Columbus Columbus
Savannah Savannah
Vancouver Vancouver
Detroit Detroit
StPaul CathedralCity
NewYorkCity NewYorkCity
Marysville Marysville
GreenBay GreenBay
Bakersfield Bakersfield
Escondido Monroe
Trenton Louisville
SantaClara SantaClara
Kissimmee Kissimmee
Hampton Newark
Torrance Torrance Melbourne
Hartford Hartford
Plano Plano
Kalamazoo Kalamazoo
NewBedford NewBedford
Carrollton SiouxFalls
Elkhart Elkhart
Champaign Champaign
Anaheim Anaheim
SaintPaul SaintPaul
York York
Spartanburg Spartanburg
Scottsdale Scottsdale
Aberdeen Aberdeen
Mobile Mobile
Reno Ogden
