SabrinaSiriPrince50 aHwNY UBrR9 52PwN H8qqB 0kSSC Ms6jj plb6L UBrR9 aHwNY M7N2p 7QUXg M7N2p bXm0A M7N2p HVYtd M7N2p X8iWp cRUJh DrLs7 4MOkB 9HL6t yJVF4 DrLs7 SVxWg nbohZ d2ZYh SVxWg cRUJh duKKu 11x30 WcEcU EZqNK OSLHQ 11x30 YgbLl Wutnl 5X0EW vmJdf YgbLl duKKu X8iWp M7N2p gInwM X9US9 gInwM M7N2p SabrinaSiriPrince50
23
aHwNY aHwNY
M7N2p V7iEC cwf5o rFWcq
HVYtd Bjd2k
bXm0A nMJpi
7QUXg nannc
X9US9 i3qsm
UBrR9 UBrR9
52PwN 52PwN
H8qqB H8qqB
0kSSC 0kSSC
Ms6jj Ms6jj
plb6L plb6L
EZqNK EZqNK
OSLHQ OSLHQ
WcEcU WcEcU
5X0EW 5X0EW
vmJdf vmJdf
Wutnl Wutnl
9HL6t 9HL6t
yJVF4 yJVF4
4MOkB 4MOkB
nbohZ nbohZ
d2ZYh d2ZYh
