Leah Russell Amanda Vicki Paula Kelly Jade Jordan Dylan Ruth Lisa David Javier Carol Jennifer Rachel April Gary Ryan Anthony Adrian Brian Jon Michael Alexander Megan Paula Leah
25
Russell Russell
Carol Carol
Adrian Adrian
Anthony Anthony
Amanda Amanda
Gary Gary
Brian Brian
Lisa Lisa
Jade Jade
Paula Paula
David David
Dylan Dylan
Ruth Ruth
April April
Vicki Vicki
Jennifer Jennifer
Megan Megan
Javier Javier
Michael Michael
Ryan Ryan
Alexander Alexander
Jordan Jordan
Kelly Kelly
Rachel Rachel
Jon Jon
