Soda Location50 Location190 Location56 Location99 Location19 Location25 Location112 Location41 Location102 Location119 Location39 Location89 Location127 Location123 Location118 Location66 Location191 Location29 Location180 Location12 Location60 Location27 Location115 Location143 Location33 Location188 Location168 Location119 Location42 Location120 Location72 Location105 Location30 Location187 Location75 Location184 Location142 Location68 Location179 Location48 Location16 Location125 Location11 Location10 Location77 Location144 Location64 Location124 Location70 Location49 Location175 Location158 Location9 Location135 Location129 Location163 Location36 Location145 Location0 Location122 Location43 Location151 Location28 Location96 Location101 Location134 Location6 Location189 Location172 Location123 Location173 Location55 Location81 Location57 Location117 Location154 Location59 Location40 Location121 Location46 Location26 Location74 Location11 Location191 Location104 Location149 Location191 Location181 Location84 Location65 Location62 Location126 Location62 Location65 Location144 Location64 Location133 Location43 Location151 Location132 Location1 Location113 Location20 Location192 Location32 Location120 Location42 Location30 Location109 Location22 Location50 Location190 Location176 Location38 Location24 Location159 Soda
80
Location0 Location0 Location131
Location1 Location1
Location109 Location3
Location176 Location8 Location176
Location9 Location9
Location10 Location10
Location11 Location11
Location12 Location12
Location16 Location16
Location19 Location19 Location164
Location25 Location25
Location27 Location27
Location28 Location28
Location29 Location29
Location30 Location30 Location34
Location32 Location32 Location116
Location33 Location33
Location36 Location36
Location38 Location38
Location39 Location39
Location40 Location40 Location162
Location41 Location41
Location42 Location42
Location43 Location43 Location182
Location46 Location46
Location48 Location48
Location49 Location49
Location50 Location50
Location56 Location56
Location57 Location57 Location88
Location60 Location60
Location62 Location62
Location64 Location64
Location70 Location70
Location72 Location72
Location74 Location74 Location87
Location75 Location75
Location89 Location89
Location96 Location90
Location99 Location99
Location101 Location101 Location128
Location102 Location102
Location104 Location104
Location105 Location105
Location112 Location112
Location113 Location113
Location115 Location115
Location118 Location118
Location119 Location119
Location120 Location120
Location123 Location123
Location125 Location125
Location127 Location127
Location129 Location129
Location132 Location132
Location134 Location134
Location135 Location135
Location142 Location142
Location143 Location143
Location144 Location144
Location145 Location145
Location126 Location147
Location149 Location149
Location151 Location151
Location154 Location154
Location158 Location158
Location163 Location163
Location168 Location168
Location172 Location172
Location173 Location173
Location179 Location179
Location180 Location180
Location181 Location181
Location184 Location184
Location187 Location187
Location188 Location188
Location189 Location189
Location190 Location190
Location191 Location191
Soda Soda
