0 55 57 112 188 167 98 36 189 71 187 9 32 69 12 182 73 21 77 56 58 129 153 128 99 137 172 120 196 106 147 23 67 186 89 117 20 149 10 109 185 35 32 50 96 143 121 143 90 197 24 174 116 52 128 123 83 101 81 64 148 157 45 43 194 132 74 171 59 152 151 161 69 142 38 145 100 145 38 125 195 1 114 134 119 48 16 66 169 141 169 86 175 96 105 72 150 138 57 108 91 140 13 79 39 36 7 29 167 85 164 184 124 184 153 178 55 92 55 57 112 188 61 181 61 188 112 57 55 0
84
1 1
112 2 112
128 3
9 9 139
10 10 176
143 11 143
12 12
13 13
140 14
16 16
152 19 152
20 20
21 21
23 23
24 24
124 26 124
67 27 67
29 29
35 35
38 38
39 39
157 41 157
43 43
45 45
96 46
85 49 85
50 50
100 51 100
52 52
55 55
56 56
57 57
59 59
64 64
66 66
181 68
69 69
71 71
72 72
73 73
74 74
77 77
153 82
83 83 198
86 86
89 89
90 90
92 92 94
141 95 141
186 97 186
99 99
101 101
121 102
114 103
147 104 147
105 105
106 106
81 107
108 108
119 119
123 123
125 125
129 129
132 132
137 137
138 138
142 142
148 148
150 150
36 160
161 161
164 164
98 166 170
167 167
169 169
172 172
175 175
182 182
185 185
188 188
189 189
195 195
196 196
197 197
