qtq uxr wuc npu zgf cnv xmz wpq rwt ahv krg kza uoz ifc fsl sfp rju blo zgs eku ahy thd jno uca qnn lah mnv unk udq unk udq pwa thz txk rod zye ooi xax fgo bai egz gak qjm lnv bwq qyi qls qlo cpw lfh rxi hhe zbn vaf ase itg jxq ayw vsu wuf rcs pjx pta oto wju ifc plx utd rut yiz ili bsz iuz nfy art ooc brk hxp fne wiq slq nhr viv tro tmd wpo htv wpo mbx idl ukh hxo yvu uwp rju dkn unk qfc ynq vlt unf nhk orc hpb zqn cxu qoe nkx fib gup ptq cjp egz lxt qtq
89
pta pta
ahy xdz ahy
hhe hhe
htv htv eqm jta
itg itg
xax xax
nhk nhk
qtq qtq
ptq ptq
hpb hpb
ase ase
krg krg
gup gup
ifc ifc
unk pxs
qfc qbe qfc
jno jno
kza kza
orc pkx orc
qnn qnn
nkx nkx
dkn dkn qbj
wuc wuc
sfp sfp
cpw cpw
zgf zgf
ooi ooi
uxr uxr
egz vub egz
pwa pwa
ynq ynq
udq tmc udq
wju wju
idl idl
bai bai
fgo fgo
zbn zbn
hxo hxo
bsz bsz
qjm qjm
tro tro
rut rut
lah lah xos
nfy nfy tnl
uca uca
npu npu
pjx pjx
vlt vlt
vaf vaf
mnv mnv
hxp hxp
wiq wiq
nhr nhr
lxt lxt
rxi rxi
tmd tmd
uoz uoz
wuf wuf
slq slq
ili ili
fsl fsl
lnv lnv
uwp uwp
txk txk
yiz yiz
mbx mbx
iuz iuz
zgs zgs
cxu cxu
gak gak
zqn zqn
rju rju
ooc ooc
plx plx
lfh lfh spp
thz thz
ukh ukh
thd thd
viv viv
qlo qlo
wpq wpq
rwt rwt
brk brk
ahv ahv
cjp cjp
qls qls
cnv cnv
rod rod
vsu vsu
