Soda Browning Kenilworth Bret Vermont Bristol Keeler Pardee Yolo Martin Haskell Bowditch Fresno Center Bataan Haste Kentucky Marin Eunice Solano Allston Shasta Addison Byron Columbia Muir Cutter Bancroft Menlo Belrose Haviland Summit Mabel Overlook Alvarado Oregon Anne Hospital Bristol Keeler Poplar Spring Mabel Terrace Forest Ajax Visalia Kentucky High Amador Florida Halkin Garber Acacia Domingo Soda
39
Addison Addison
Ajax Ajax
Allston Allston
Anne Anne Arch
Bancroft Bancroft
Bataan Bataan
Belrose Belrose
Bowditch Bowditch
Bret Bret Poppy
Bristol Bristol
Browning Browning
Menlo Burnett Colusa Fulton Menlo
Byron Byron
Columbia Columbia
Spring Comstock Spring
Cutter Cutter
Domingo Domingo
Eunice Edith Eunice Lewiston
Florida Florida
Forest Forest
Fresno Fresno
Marin Greenwood Heinz Madera Marin
Haskell Haskell
Haste Haste
Haviland Haviland
High High
Hospital Hospital
Keeler Keeler
Kenilworth Kenilworth
Mabel Mabel
Martin Martin
Muir Muir
Overlook Overlook
Pardee Pardee
Poplar Poplar
Shasta Shasta
Summit Summit
Terrace Terrace
Vermont Vermont
