Whitgrove Sodberling Ellerbridge Boothingchester Wycastle Bootwick Tippingbage Watchlake Tippendham Emmerley Bastlebury Rothendcombe Dribwold Reddingtree Stapbrough Worford Falderseythorne Durbrook Wychchester Prestwick Sundcompney Ketnell Chelmdenmoor Southmere Ribberrenston Farnditch Abglewold Toddenmerbrough Horstleover Warsmith Wetsmith Elside Cannerthorne Waltbeck Hampingcastle Basditch Hampingworth Worhall Hannersmith Shaftborough Wychcompwold Skellenshot Egbeck Cireport Leatherport Alfmere Hamscombe Skelberden Sodport Enderbeck Sifield Abcester Botbeck Sundendford Whitringlake Milthorne Rothingcombe Faldenhall Wethampton Egsted Marlcester Nortwell Bassinghead Southbury Burglemere Sirenshall Hampingbascombe Wetwick Stapbrook Skellingover Candleswick Endleshall Melwood Reddensden Cirerham Dartden Shaftwick Hurstdown Botshot Hurstdown Shaftwick Egmerhampton Suddenmoor Tippenbrook Sundlethorne Abgleham Siavon Horsnell Warsmith Falderbrough Marlbrook Shafthead Sundlethorne Fullensborne Blansbrook Hamwold Bastlebury Rothead Bothenhall Worrenberwang Ellerbridge Sodberling Bromstanham Clereennell Botbeck Dribblecombe Bursmith Chelmdenmoor Bothenton Redcombe Siey Ketnell Staplow Ketchester Boothingmanstree Fulhampton Tipstoke Burlake Windleshead Maidendstoke Stainbrough Worford Falderseythorne Worford Dribberham Wychcompwold Boothingchester Ellerbridge Sodberling Whitgrove
90
Hampingworth Hampingworth
Staplow Staplow
Wetsmith Wetsmith
Horsnell Horsnell
Boothingmanstree Boothingmanstree
Bastlebury Bastlebury
Sodport Sodport
Sirenshall Sirenshall
Alfmere Alfmere
Emmerley Emmerley
Skellenshot Skellenshot Cihead
Prestwick Prestwick
Worhall Worhall Reddendeney
Rothendcombe Rothendcombe
Nortwell Nortwell
Reddingtree Eley
Wetwick Wetwick
Worrenberwang Worrenberwang
Sifield Sifield
Blansbrook Blansbrook
Bromstanham Bromstanham
Botshot Falworth
Abcester Abcester
Falderseythorne Falderseythorne Penby
Leatherport Leatherport
Elside Elside
Tippenbrook Tippenbrook
Dartden Dartden
Durbrook Durbrook
Hampingcastle Hampingcastle
Dribblecombe Dribblecombe
Stapbrough Stapbrough
Sundendford Chedworth Sundendford
Tippendham Tippendham
Watchlake Watchlake Farndlesover
Basditch Basditch
Egmerhampton Egmerhampton
Ketchester Ketchester
Tipstoke Tipstoke
Dribberham Dribberham
Whitgrove Whitgrove
Wycastle Wycastle
Rothingcombe Rothingcombe
Bothenhall Bothenhall
Burlake Endleberey
Candleswick Candleswick
Hamwold Hamwold
Sundlethorne Sundlethorne
Shaftborough Shaftborough
Whitringlake Whitringlake
Enderbeck Enderbeck
Windleshead Casbrook
Siavon Siavon
Farnditch Farnditch
Botbeck Botbeck
Abglewold Abglewold
Bootwick Bootwick Todhampton
Southmere Southmere
Suddenmoor Suddenmoor Staincombe
Milthorne Milthorne
Clereennell Clereennell
Egsted Egsted
Ellerbridge Ellerbridge Suddingover
Ribberrenston Ribberrenston
Wychchester Wychchester
Cannerthorne Cannerthorne
Ketnell Ketnell Toddenmoor
Worford Worford Rotherlow
Skellingover Skellingover
Southbury Southbury
Horstleover Horstleover
Abgleham Abgleham
Stainbrough Wendleringdown
Skelberden Skelberden
Waltbeck Waltbeck
Cirerham Wolley
Hampingbascombe Hampingbascombe
Wethampton Wethampton
Bursmith Bursmith
Siey Siey
Melwood Melwood
Sodberling Sodberling
Bothenton Bothenton
Tippingbage Tippingbage
Marlcester Marlcester
Faldenhall Faldenhall
Wychcompwold Wychcompwold
Marlbrook Marlbrook
Redcombe Redcombe
Toddenmerbrough Endingnell
