Jingzhou Ghugus Veenendaal Shizunaifurukawacho Shumen Jeypore Malnate Kheri Carouge Carmichael elCampello NiagaraFalls Chittaranjan BurgbeiMagdeburg Kabarnet Tabatinga Colachel Ibri Rembangan Thamaga Bejucal TanahMerah LondonderryCountyBor Radnor RioFormoso AzZuwaytinah Ronse Ketrzyn SanJosedeOcoa Tottori Kiruna Srinagar Kirovsk KrasnoyeSelo Ouarzazat Entroncamento Chegem Khabarovsk Crespo Falun Lysva Shively Rangae Depok CoonRapids Sagalo CroixdesBouquets Manduria Sanaa JabalosSaraj TarguSecuiesc BeneBeraq Gangtok Kheri Wittenau Jingzhou
46
Sagalo Sagalo
Ghugus Ghugus
Sanaa Sarzedo Sanaa
Khabarovsk Khabarovsk
JabalosSaraj JabalosSaraj
SanJosedeOcoa SanJosedeOcoa
elCampello elCampello
Chegem Chegem
Manduria Manduria
Tottori Tottori
Rembangan SaintMichael Rembangan
RioFormoso RioFormoso
Ketrzyn Ketrzyn
Crespo Crespo
AzZuwaytinah AzZuwaytinah
Kirovsk Kirovsk
Kheri Ermelo Kheri
Thamaga Thamaga
Srinagar Srinagar
Shively Shively
Ronse Ronse
LondonderryCountyBor LondonderryCountyBor
Radnor Radnor
Ouarzazat Ouarzazat
CoonRapids CoonRapids
Lysva Lysva
Entroncamento Entroncamento
Colachel Colachel
Rangae Rangae
Tabatinga Tabatinga
BeneBeraq BeneBeraq
Ibri Ibri
Gangtok Gangtok
Carouge Carouge
Shumen Shumen
Chittaranjan Chittaranjan
Jeypore Jeypore
Malnate Malnate
BurgbeiMagdeburg BurgbeiMagdeburg
Kabarnet Kabarnet
Depok FortLauderdale Depok
Shizunaifurukawacho Shizunaifurukawacho
Veenendaal Veenendaal
TanahMerah TanahMerah
Bejucal Bejucal
Carmichael Carmichael
