Dannemora Fire Earlville Firthcliffe Highland Farmingville Florida Deer Delanson Dansville Delevan Galeville Germantown Delmar Frankfort Flanders Odessa Frewsburg Delhi Franklin Hamburg Fleischmanns Fonda Fabius Mills Fishkill Davis Forestville Freeport Ghent Depauville Fredonia Harbor Fayetteville Herkimer Hicksville Depew Geneva Fairport Fulton Gardiner Falconer Gasport Oceanside Flower Hamburg DeRuyter Fairmount Dexter Hermon Franklinville Norwich Forest Fishers Deferiet Noyack Dunkirk Frewsburg Highland Hempstead Deposit Earlville Fire Dannemora
47
Davis Davis
Dansville Dansville
Deer Deer
Deferiet Deferiet
Delanson Delanson
Delevan Delevan
Delhi Delhi Freeville
Delmar Delmar
Depauville Depauville
Depew Depew
Deposit Deposit
DeRuyter DeRuyter
Dexter Dexter
Dunkirk Dunkirk
Earlville Earlville
Fabius Fabius
Oceanside Fair
Fairmount Fairmount
Fairport Fairport
Mills Fairview
Falconer Falconer
Farmingville Farmingville
Florida Farnham Florida
Fayetteville Fayetteville
Fire Fire
Firthcliffe Firthcliffe
Fishers Fishers
Fishkill Fishkill
Flanders Flanders
Fleischmanns Fleischmanns
Flower Flower
Fonda Fonda
Forest Forest
Forestville Forestville
Frankfort Frankfort
Franklin Franklin
Franklinville Franklinville
Fredonia Fredonia
Freeport Freeport
Frewsburg Frewsburg
Gardiner Friendship Gardiner
Fulton Fulton
Galeville Galeville
Gasport Gasport
Geneva Geneva
Germantown Germantown
Ghent Ghent
