129 99 145 52 101 97 76 179 92 13 118 10 22 45 94 139 19 7 96 70 25 46 2 4 157 110 154 196 37 160 74 127 113 146 88 1 88 31 61 112 79 72 21 182 85 184 109 34 51 197 107 197 51 34 71 64 119 163 73 170 121 192 103 98 184 85 133 106 181 8 181 32 187 128 6 130 167 69 77 90 3 40 165 55 35 179 76 49 171 145 172 89 68 95 11 96 118 10 28 5 148 153 151 21 182 190 47 166 118 13 92 71 90 152 90 71 92 124 137 129
61
1 1
130 130
4 4
133 133
7 7
73 136 73
10 10 100
139 139
13 13
8 142
137 16
145 145
19 19
148 148
22 22
151 151
25 25
154 154 193
28 28
157 157
31 31
160 160
34 34
163 163
37 37
166 166
40 40
181 169 181
72 43
172 172
46 46
192 175
49 49
106 178 106
52 52
55 55
184 184
170 58
187 187
61 61
190 190
64 64
21 67
196 196
70 70
76 76
79 79
107 82
85 85
88 88
152 91
94 94
97 97
103 103
109 109
112 112
197 115
118 118
121 121
124 124
127 127
