1 15 2 61 38 161 58 100 18 92 62 172 84 28 92 97 24 37 114 26 48 89 14 22 63 90 66 13 5 96 159 31 66 43 30 69 68 76 79 110 35 57 60 85 33 59 44 88 34 12 51 120 94 164 94 52 82 11 94 164 118 50 17 161 19 67 167 101 179 39 71 9 93 2 32 87 27 55 53 95 42 64 41 16 21 53 25 77 139 198 187 45 166 46 91 104 23 194 99 74 10 54 65 75 112 80 112 67 167 67 41 56 162 29 194 78 165 104 73 185 200 8 13 66 31 7 1 81 4 25 123 6 114 26 1
93
2 2
78 3 78
4 4
5 5
6 6
7 7
8 8
9 9
10 10
11 11
12 12
13 13
14 14
15 15
16 16
17 17
18 18
19 19
80 20 36 70 80
21 21
22 22
23 23
24 24
25 25
26 26
27 27
28 28
29 29
30 30
31 31
32 32
33 33
34 34
35 35
37 37
38 38
39 39
44 40 44
41 41 72
42 42
43 43
45 45
46 46
187 47
48 48
77 49 77
50 50
51 51
52 52
53 53
54 54
55 55
56 56
57 57
58 58
59 59
60 60
61 61
62 62
63 63
64 64
65 65
66 66
67 67
68 68
69 69
71 71
73 73
74 74
75 75
76 76
79 79
81 81
82 82
167 83
84 84
85 85
164 86
87 87
88 88
89 89
90 90
91 91
92 92
93 93
94 94
95 95
96 96
97 97
166 98
99 99
100 100
101 101
