33 86 60 31 16 94 16 39 82 7 35 5 43 26 14 50 88 69 11 100 95 85 17 63 14 9 10 90 10 9 80 20 73 42 83 98 51 37 79 36 18 65 52 38 69 67 54 67 93 22 35 50 14 97 14 63 66 27 66 63 14 89 32 6 81 6 32 38 98 91 46 91 98 38 37 79 36 53 71 53 36 79 37 51 33
38
22 2 22
5 5
7 7
97 8 97
9 9
10 10
11 11
63 12 63
98 13
20 15 20
17 17
50 19 50
27 23
94 25 47 94
26 26
16 29
54 30 54
31 31
69 34 69
35 35
82 40 82
42 42
71 48
51 51
52 52
67 57 67
60 60
81 61
86 64 86
65 65
90 68
46 75
79 79
80 80
88 88
89 89
95 95
100 100
