159 109 127 61 188 85 137 53 193 24 20 41 148 47 182 48 117 7 72 45 25 138 69 171 133 17 36 141 32 98 65 93 56 156 31 9 28 81 164 6 52 156 64 177 111 177 64 57 63 13 63 121 166 27 173 152 172 126 97 14 140 77 75 37 46 192 130 107 134 107 189 59 100 139 71 157 147 101 1 167 8 178 16 179 154 93 65 165 184 76 149 4 44 131 88 160 79 170 158 74 129 78 96 162 96 78 129 41 20 104 20 24 193 180 109 127 142 46 37 75 108 50 29 175 114 92 158 102 5 33 100 181 23 194 23 149 140 77 159
80
154 2 154
79 3 79
4 4
6 6
7 7
171 10
104 11
13 13 106
14 14
129 15 86
17 17
194 21
159 22
24 24
65 26 65
28 28
31 31
32 32
111 34 111 128
114 35 114
36 36
37 37
108 38
147 40
41 41
164 43
45 45
46 46 200
47 47
48 48
148 51 148
52 52
53 53
59 59
44 60
61 61
63 63
64 64
71 71
72 72
74 74 185
76 76
77 77 190
102 82 102 123
85 85
20 87
88 88
93 93
96 96
97 97
98 98
158 99 158
100 100 199
101 101 132
107 107
109 109
92 116
134 120 134
121 121
180 122 180
126 126
133 133
137 137
138 138
139 139
140 140
27 145 169
127 146
69 155
156 156
157 157
165 165
167 167
172 172
177 174
178 178
181 181
162 191
192 192
193 193
