845LWU7Kg6167HQY Uyj5raM7C9SGCHQGUC y Uyj5raM7C9SGCHQGUC 96Ta5ZXc8I5gnTIcF8 1 5 fgM12T WMY0xVk9j8T6Ly fgM12T 6RiHvQ4xTN5 9vq8gscs7dz1 48783322I5q9PFVPT TU76UjE52906 4 KpBvy 4l4aqvNKB k 3k k xaM1q4jQi3efYb0 2qgWbB40Ya16 MY3aL96Y u3Qv DUiYDuR9yYFD5 MVvh eDv5MBdo a O58T 95fufpL7BuUW8Mng00jE O41Muu YKpC4gQmPKaU311w9eOT TBk5Pt5vt5SInt 7L J ElUTL 122gt ElUTL D SmI7f H6pXAnE0KypnExX YLKBD54k pbE3R4QsB76l r geUO1h 77yN7eHZwfF99R2 TBk5Pt5vt5SInt HDLHc5Kdk N8191M9E9v 95E0752p51t ZT3 A27tk2Y00r8N9l NGDVzC B4PF77lpCQJ5dlK 5CCl0n2r5512 5Ll49ySSWT043CtCd2 B4mQOl023dn1 y 0CwgepgS85xC4gx KKUFV29x8iO 0CwgepgS85xC4gx Uyj5raM7C9SGCHQGUC 845LWU7Kg6167HQY
41
122gt 122gt
H6pXAnE0KypnExX H6pXAnE0KypnExX
3k 3 3k
HDLHc5Kdk SL88w66v7
J 672Pt4Ytw8LW X6SrYf57mSUQQ28C
SmI7f SmI7f
845LWU7Kg6167HQY 845LWU7Kg6167HQY
5Ll49ySSWT043CtCd2 NQ3vX6W6H74aK53np
KpBvy KpBvy
5CCl0n2r5512 5CCl0n2r5512
y y
eDv5MBdo 5Qkzz260R7 eDv5MBdo
KKUFV29x8iO ftk2 KKUFV29x8iO
7L 7L
DUiYDuR9yYFD5 DUiYDuR9yYFD5
xaM1q4jQi3efYb0 11l6P71DgEau1baEX4 xaM1q4jQi3efYb0
fgM12T fgM12T
r ICQxh0Q58799CUd2 r
ElUTL ElUTL
O41Muu O41Muu
4 4
MVvh MVvh
B4mQOl023dn1 B4mQOl023dn1
YLKBD54k YLKBD54k
5 5
u3Qv EnhLq7BgTj8IN3Z2m u3Qv 42U0k6JhTQxPvUw8
2qgWbB40Ya16 2qgWbB40Ya16
6RiHvQ4xTN5 6RiHvQ4xTN5
N8191M9E9v 9
TU76UjE52906 TU76UjE52906
D D
48783322I5q9PFVPT 48783322I5q9PFVPT
WMY0xVk9j8T6Ly eqYzN7b19UgNo1K
O58T O58T
4l4aqvNKB 4l4aqvNKB
geUO1h 8M2OK8Px58 geUO1h
YKpC4gQmPKaU311w9eOT YKpC4gQmPKaU311w9eOT
ZT3 ZT3
TBk5Pt5vt5SInt TBk5Pt5vt5SInt
95E0752p51t 95E0752p51t
MY3aL96Y MY3aL96Y
