AyBBdkPvTTt19wqt 9jWI53P36dh95 KIOJyBXM922ydZA5 7DmqFE ymzG1qC7YsJFFmeog T8C17MZ6g69gmQ FKWv88jkw79me jxDm QE9dXn5y6j2YYh eZEbm d2A2ZPVl61Vtm2kT 1MHxxU iFF184 pwvBbQ870l3Io2K IEtn6zEV03H3 r9qUrqog71Fz9gx nw566uv 1CYyNxk8m7fToc6XLW7T mmF 1wF6 5tQKcAo3 o A6gMJKsUfUSuEI76 6c1qFsEg9xI 2mk9O8P6 SdP9W8WRSw kg8257p31rTQvRWjGF NU7gnWcAs4nq66FS E76twn5gNBei01uh2PkH MEv16358FQ yd7324WTF aCCE QqvW51K9Cm FR3SCSFtuk055ORI T4EKg4Vc Rf0x16WtfDv 89ukpivGhdck21Krrh40 98E9ia5 89ukpivGhdck21Krrh40 p772t3OLqj Ut7hqt9A EL5n1KQ3kn Q2PY RYtkT5 8Qe2lSUyQa b19692 6nB9xzJ7b5115Qu5 PELS5 EL5n1KQ3kn Ut7hqt9A XQxkrBxnI Fe5xMwq0a8 2P201UD8Q Nstvw8dF9rhja lP84Whn Le6BO3R b817BTo6GdPc96ig2 wUtvmN9V14Vw0fcE01F 1utCvCS3yEzt0HBbKt I4640OD 1utCvCS3yEzt0HBbKt 360B15fOiy1XBl hG8udpL53V l Ja 1MHxxU 0Lw86e dUdv wC12hFFKGF 36Y155M7F1ZG8 JbMQX8p9 AcC1Sh8w37Px0m 8w6aRuq A Ru0A1pKIpZYWG O7W5C8z8H93l MjwmiyLlZn x60I798qq0Sq6Xdc9s0 J68F52raS3n1L6ZYK 336P8 Q tbwtQej 2T6osNpb4 6qc68848myvIqoZWw 2l90gxx61rTb0CbF CDuc4XdY7zp h5 Nstvw8dF9rhja XMV256fk iFF184 2YlhGrefFhV6JLtw c2m39UUoMb 2Et5UN6ZJ19iz khC 4B5uWNh7Dl3lRP 8kQ991Y80Dy 9q06155efQSN DqfU93360y3I66U0 Han188Ox O73Lh6 3 3z4E IEtn6zEV03H3 6v326555i1Io5Z I6 0Lw86e 5nYY46YfUGovj q7Ehaiz LK1h2AhdhXWb7Czrr v QE9dXn5y6j2YYh jxDm 4932 0b 98E9ia5 2qbTYSv3J EL5n1KQ3kn MJ2l1N0ojTC Q2PY JBYT6heC6yE4 GXFdnTo0Mk P 1MHxxU 920ucA0jXEv o88qO93T 920ucA0jXEv 1MHxxU d2A2ZPVl61Vtm2kT rcnFY8496Nr2v81Ax q 5tQKcAo3 o 7d2Q05crlPi rti qGr382CkPK997QVHAL lP84Whn Le6BO3R b817BTo6GdPc96ig2 AyBBdkPvTTt19wqt
87
Le6BO3R d Le6BO3R
5nYY46YfUGovj 5nYY46YfUGovj
CDuc4XdY7zp TMULg
aCCE aCCE
P P
jxDm vRH6pA1I75N1 jxDm
6v326555i1Io5Z 6v326555i1Io5Z
6c1qFsEg9xI 6c1qFsEg9xI
2l90gxx61rTb0CbF 2l90gxx61rTb0CbF
IEtn6zEV03H3 IEtn6zEV03H3 e1M0JsNJ5
I4640OD L46h8MG90TBpA8v9 I4640OD
kg8257p31rTQvRWjGF kg8257p31rTQvRWjGF
2P201UD8Q 2P201UD8Q c3x9Cmq8W5oa57mjASv
A 1e90fR0FtB7Ev156y
RYtkT5 RYtkT5 usTG0We6G9WDs7Dk
b817BTo6GdPc96ig2 b817BTo6GdPc96ig2
DqfU93360y3I66U0 Tk46
4B5uWNh7Dl3lRP 4B5uWNh7Dl3lRP
2T6osNpb4 2T6osNpb4
E76twn5gNBei01uh2PkH E76twn5gNBei01uh2PkH
FR3SCSFtuk055ORI FR3SCSFtuk055ORI
PELS5 PELS5
9jWI53P36dh95 9jWI53P36dh95
eZEbm eZEbm
khC khC
2Et5UN6ZJ19iz 2Et5UN6ZJ19iz
NU7gnWcAs4nq66FS NU7gnWcAs4nq66FS
Rf0x16WtfDv Rf0x16WtfDv
8w6aRuq 8w6aRuq
Nstvw8dF9rhja nOMN589D7t0QjhnBj3wn
KIOJyBXM922ydZA5 KIOJyBXM922ydZA5
1wF6 1wF6
MEv16358FQ MEv16358FQ
XQxkrBxnI XQxkrBxnI
Ut7hqt9A Ut7hqt9A
1MHxxU TByQ7zH089
q7Ehaiz q7Ehaiz
v v
r9qUrqog71Fz9gx d5P0NXv8 r9qUrqog71Fz9gx
hG8udpL53V hG8udpL53V
A6gMJKsUfUSuEI76 A6gMJKsUfUSuEI76
dUdv dUdv
0Lw86e uF131buM7L27
4932 4932
MjwmiyLlZn 68ZC6T1G2o9Q95CKs MjwmiyLlZn thypPB22BchO3Od9
920ucA0jXEv 920ucA0jXEv
J68F52raS3n1L6ZYK J68F52raS3n1L6ZYK
1utCvCS3yEzt0HBbKt 1utCvCS3yEzt0HBbKt
p772t3OLqj p772t3OLqj
O73Lh6 9o4t
XMV256fk XMV256fk
7DmqFE 7DmqFE
Ja L7Mfs3034VwaB7kd3Z
b19692 b19692
I6 I6 o83v2nI1sQs
FKWv88jkw79me FKWv88jkw79me
2qbTYSv3J 659Cx
Q Q P6C89a32
98E9ia5 gv3T5z4
89ukpivGhdck21Krrh40 89ukpivGhdck21Krrh40
q 8tvL5MpO9J735t q
6nB9xzJ7b5115Qu5 b6DdFnSk8qdk45
6qc68848myvIqoZWw 6qc68848myvIqoZWw
wUtvmN9V14Vw0fcE01F ywj3aNhyxUH
MJ2l1N0ojTC MJ2l1N0ojTC
Han188Ox EnmWLiDA9NE89oNUTbx Han188Ox
2YlhGrefFhV6JLtw 2YlhGrefFhV6JLtw
3 3
SdP9W8WRSw SdP9W8WRSw
iFF184 iFF184
O7W5C8z8H93l O7W5C8z8H93l
ymzG1qC7YsJFFmeog ymzG1qC7YsJFFmeog
o88qO93T 85682ijoufq1DW
8Qe2lSUyQa 8Qe2lSUyQa
yd7324WTF yd7324WTF
3z4E 3z4E
JBYT6heC6yE4 JBYT6heC6yE4
0b 3505
9q06155efQSN 9q06155efQSN
qGr382CkPK997QVHAL qGr382CkPK997QVHAL
7d2Q05crlPi 7d2Q05crlPi
nw566uv nw566uv
Q2PY Q2PY
QqvW51K9Cm QqvW51K9Cm
36Y155M7F1ZG8 36Y155M7F1ZG8
T8C17MZ6g69gmQ T8C17MZ6g69gmQ
pwvBbQ870l3Io2K pwvBbQ870l3Io2K
