0 90 79 4 171 101 55 63 24 84 87 85 68 58 6 51 96 73 99 32 99 82 18 42 145 95 147 97 173 88 198 60 126 20 53 57 16 139 12 3 65 2 36 56 174 29 14 61 14 122 21 17 13 5 109 22 46 41 28 72 33 7 76 34 125 77 164 75 11 121 49 40 100 35 124 92 105 111 31 141 64 9 107 81 174 93 124 35 184 35 100 134 100 168 119 98 54 108 26 89 73 153 167 149 8 67 71 128 71 148 71 128 53 102 172 74 33 2 101 171 178 175 178 166 143 154 199 154 143 140 0 123 0 137 0
81
0 0 43 59 62 86
57 1 57
2 2 27 78
3 3
4 4
5 5
6 6
7 7
8 8
9 9 50 80
42 10 42 48
11 11
12 12
13 13
14 14
123 15
16 16
17 17
18 18
105 19
20 20
21 21
22 22
89 23 89
24 24
32 25 32
26 26
28 28
29 29
51 30 47 51
31 31
33 33
34 34
35 35
36 36
137 37 52
93 38 93
199 39
40 40
41 41
134 44
128 45
46 46
49 49
53 53
54 54
55 55
56 56
58 58
60 60
61 61 70
63 63
64 64
65 65
153 66
67 67
68 68
184 69
71 71
72 72 83
73 73
74 74
75 75
76 76
77 77
79 79
81 81
82 82
84 84
85 85
87 87
88 88
90 90
175 91
92 92
148 94
95 95
96 96
97 97
98 98
99 99
