AA AC AA DT CX AN CY AN AD AN CX AN AD DN CT AM CW AM CV AM CW AM CT DN AD AN CY AN CX DT AA AB AE AO AE AB AG BC AG BB AG BA AG AZ AG BC BK FE DZ EC EB EA EI EA EB EC DX EC EE ED EE EF EL EW EX EW EL EF EE EC DZ FE BK BC AG AB AE AO AE AB AH BN BS BN AH BM BP CE BW CE BP BM AH AB AG BC BK FE DZ EC EE EF EN EQ EN EF EH EJ EH EF EE EC DZ FE BK BC AG AB AA
32
AA AA
AB AB AF
AC AC AJ
AD AD AK AL
AE AE
AG AG
AH AH
BW AI
AM AM
AN AN
AO AO AP AQ
EJ EZ
EH FA
EI FB
EA FC
EX EY EX
AZ BD
BA BE BF BG
BB BH BI
BC BJ
BK BK
BS FF
CW DP DQ
CV DR
CX DS DU
DT DT
CY DV DW
DX DX DY
DZ DZ
EN EN
EQ EO
ED EP
