0 2 53 87 24 94 130 52 82 22 62 12 10 188 18 32 77 173 80 31 104 3 90 88 63 93 21 6 25 1 113 30 9 98 8 38 35 78 42 176 30 113 99 56 45 123 65 5 66 169 84 40 64 11 70 111 75 192 7 59 51 89 167 160 79 41 44 27 144 157 69 192 81 112 73 100 29 39 86 139 37 48 49 46 36 58 145 34 97 96 120 181 28 20 133 4 133 72 177 92 60 67 91 121 14 125 17 110 155 196 148 61 100 92 76 132 83 71 80 173 57 88 90 116 117 39 86 106 86 139 37 47 124 174 53 151 55 175 0
94
1 1
2 2
3 3
4 4 74
5 5
6 6
7 7
8 8
9 9
10 10
11 11
12 12
106 13 50
14 14
113 15
24 16 24
17 17
18 18
41 19 41
20 20
21 21
22 22
117 23
25 25
110 26
27 27
28 28
29 29
30 30
31 31
32 32
177 33
34 34
35 35
36 36
37 37
38 38
39 39
40 40
42 42
132 43
44 44
45 45
46 46
47 47
48 48
49 49
51 51
52 52
53 53 54
55 55
56 56
57 57
58 58
59 59
60 60
61 61
62 62
63 63
64 64
65 65
66 66
67 67
83 68 83
69 69
70 70
71 71
72 72
73 73
75 75
76 76
77 77
78 78
79 79
80 80
81 81
82 82
84 84
148 85
86 86
87 87
88 88
89 89
90 90
91 91
92 92
93 93
94 94
192 95
96 96
97 97
98 98
99 99
100 100
