48 73 171 163 36 147 135 84 60 57 103 98 38 165 34 61 197 130 126 119 78 138 199 141 196 46 10 115 154 7 175 140 149 74 66 107 87 90 25 42 9 129 194 193 127 88 173 58 118 145 173 35 81 148 21 79 11 6 109 168 20 13 93 133 121 40 176 122 170 3 155 143 125 174 179 102 110 154 164 77 69 113 181 96 191 45 151 121 120 159 96 158 177 178 85 39 23 2 124 56 4 15 99 152 29 36 55 47 108 72 86 134 162 123 114 157 194 193 98 38 117 189 162 8 190 185 32 64 106 6 68 48
91
2 2
3 3
99 5
7 7
9 9
10 10
11 11
98 16 67 98 101
77 19
20 20
21 21
23 23
25 25
29 29
34 34
35 35
36 36
38 38
39 39
40 40
42 42
46 46
48 48
193 52 193
154 53 154
55 55
56 56
58 58
60 60
64 64
66 66
69 69
73 73
74 74
78 78
79 79
84 84
85 85
87 87
88 88
90 90
93 93
103 103
107 107
108 108
109 109
110 110
113 113 182
115 115
117 117
118 118
119 119
120 120
123 123
125 125
126 126
129 129 136
133 133
135 135 180
15 137
138 138
141 141
143 143 167
145 145
147 147
148 148
149 149
151 151
152 152
155 155
32 156
157 157
158 158
163 163
164 164
165 165
170 170
171 171
175 175
176 176
177 177
179 179
181 181
185 185
72 186
190 190
191 191
194 194
196 196
197 197
199 199
