gucdicwxmb epdwcjuvdr vugkhjygfe vkrlpmybdj zpjhxyylhb koawdpgqdx aokbiptbzc tvuprbwofb siatqqydwf yiwwdwbzth oggftsricu qzdrdcxoib wtyqwjwskq gwnccktgki seeyrseflx gjmmikaxih zpjhxyylhb rnpokwoqgt jqtguzxxsl evdoyagqfp gkcfktyute zjbarjhmau xawkqmfmmx smwxdupkdv unihwwnyqz nwlccbonas qfbvncxldf jedsthbmzo chjuuxuacs xtvbrolacp psiebvskfb aokbiptbzc koawdpgqdx zpjhxyylhb vkrlpmybdj vugkhjygfe epdwcjuvdr gucdicwxmb
18
vugkhjygfe vugkhjygfe ahqdrcepub
psiebvskfb zumetrybth psiebvskfb
wtyqwjwskq wtyqwjwskq
vkrlpmybdj vkrlpmybdj
yiwwdwbzth yiwwdwbzth
koawdpgqdx koawdpgqdx
tvuprbwofb tvuprbwofb
rnpokwoqgt rnpokwoqgt iwdghbmiai
zjbarjhmau zjbarjhmau
jedsthbmzo lkvobxyfca
xawkqmfmmx xawkqmfmmx
oggftsricu oggftsricu
epdwcjuvdr epdwcjuvdr
seeyrseflx seeyrseflx
zpjhxyylhb zpjhxyylhb
gkcfktyute gkcfktyute
evdoyagqfp evdoyagqfp
gwnccktgki ztplgyvqhm
