evdoyagqfp xawkqmfmmx xftptyrlvl mysadifwma robpunozly mysadifwma xftptyrlvl qbiylslccb kvxwqiryyu sjtuxgdwms hsjqtjkukk bbczvyonym mdyuzxshey wtlzrefwav afrdrejwtp pwgublhwxg pymtnhypxd jrmlkfexfk osdeymjeil wkwwcqjtxf lkvtxfwozs gjmmikaxih jrusiskazm vkrlpmybdj lndsfxewdc kyrhqthnvz lnicnhmajr aruwdskzta vugkhjygfe xywdziunpr vugkhjygfe guuudgvhny ivugtsvtqb optviwhmbr jqtguzxxsl smwxdupkdv tvcolajnao xqwyvbvueh oegfbrwyrp ebqxbaqnmm xwrvhrxnqy xifuopshzj afortwurqt ahqdrcepub gbdejcnknd vnzypgtlkj unihwwnyqz yhpfnjjqmm bimtbhwsby ijbfzrqwct bbwcqzwyoz nwlccbonas xguvjomcdt phknwbtipl zivwgfcxqi euqbrkzdsw jedsthbmzo wwqchwdmtx pcilmgdrgc qepegujmaa kgktiatgjn epdwcjuvdr eooyfwmxln fczruomdab uhalgukdzb yriqtwavfx qgfchcatzi cmdqzmgvfi pdljcbluhp koawdpgqdx xtraxybdhx bulywvvpni xychpimpzb lnicnhmajr qpxtrjvxpe qiqnnrlapz spdafzaivh ldnozwuuuq frfueiglva ymvlfsdhbu nbjyrygtdh cpwyxulkjm jfccyptuug tgkujfknod bswhowadhl zpjhxyylhb kvfpaspidv ouxenssqdu fznfvsgjhc imkzafjljw tmrnpjqnxx wynbxuuxru qzdrdcxoib wynbxuuxru epdwcjuvdr eqdxeqvtsb xnppuesbrr gllungmori qxuqrfzzob opmnfgpclg tgbmxdmvwe lcrihrmoqu xkasbvrrxd gkcfktyute phknwbtipl fdgcygwgjf rnpokwoqgt oownpsyviv oavtmpaqji uqoafoloje cttlxdtaiw byyqgjwsrp wtjzgzopuw wkwwcqjtxf osdeymjeil jrmlkfexfk seeyrseflx xeigbnzhbj oggftsricu xywdziunpr vugkhjygfe guuudgvhny stdiixwrjc owusjcmdkp uddkspyqjc yiwwdwbzth ixyurvbpvu qepegujmaa pcilmgdrgc jqtguzxxsl xftptyrlvl evdoyagqfp
85
eooyfwmxln eooyfwmxln
vugkhjygfe vugkhjygfe
cttlxdtaiw zmfuudfatm cttlxdtaiw
vkrlpmybdj vkrlpmybdj
koawdpgqdx psiebvskfb
yiwwdwbzth yiwwdwbzth
tgbmxdmvwe tgbmxdmvwe
yriqtwavfx gucdicwxmb rkyixxpcbx
rnpokwoqgt rnpokwoqgt
wtlzrefwav wtlzrefwav
xawkqmfmmx xawkqmfmmx
oggftsricu oggftsricu
ouxenssqdu ouxenssqdu
nwlccbonas nwlccbonas itbfnxnauh
seeyrseflx seeyrseflx hkempoemlv
smwxdupkdv smwxdupkdv
ahqdrcepub ahqdrcepub
bswhowadhl bswhowadhl
evdoyagqfp evdoyagqfp
robpunozly bnmegnfgii
ixyurvbpvu qfbvncxldf
ymvlfsdhbu aokbiptbzc ymvlfsdhbu
jrmlkfexfk jrmlkfexfk scesbtewjx
qgfchcatzi qgfchcatzi
wkwwcqjtxf wkwwcqjtxf
xywdziunpr xywdziunpr
tvcolajnao tvcolajnao
qepegujmaa qepegujmaa etdxtwotzh
mdyuzxshey mdyuzxshey
lnicnhmajr lnicnhmajr
bulywvvpni bulywvvpni
bbwcqzwyoz bbwcqzwyoz
hsjqtjkukk hsjqtjkukk
jrusiskazm jrusiskazm
tmrnpjqnxx tmrnpjqnxx
lndsfxewdc lndsfxewdc
oegfbrwyrp oegfbrwyrp
xftptyrlvl uooysjrxsb fluzhooehk
xkasbvrrxd xkasbvrrxd
wynbxuuxru wynbxuuxru
optviwhmbr optviwhmbr vfdsalrajq
mysadifwma mysadifwma
euqbrkzdsw euqbrkzdsw
kvxwqiryyu kvxwqiryyu
qxuqrfzzob qxuqrfzzob
pcilmgdrgc pcilmgdrgc ivgbjyugdu
kvfpaspidv kvfpaspidv
qzdrdcxoib voaumgrcuj
aruwdskzta aruwdskzta
qpxtrjvxpe qpxtrjvxpe tmatbexcil
tgkujfknod tgkujfknod
xnppuesbrr xnppuesbrr
wwqchwdmtx wwqchwdmtx
xwrvhrxnqy xwrvhrxnqy
lcrihrmoqu lcrihrmoqu
uhalgukdzb uhalgukdzb
xifuopshzj xifuopshzj
fdgcygwgjf fdgcygwgjf
pwgublhwxg hofbtczdgp
nbjyrygtdh nbjyrygtdh
unihwwnyqz pbefrggyje kijbyyuzhd
kyrhqthnvz kyrhqthnvz
byyqgjwsrp qxfgqgbbdn byyqgjwsrp
zivwgfcxqi zivwgfcxqi
oavtmpaqji oavtmpaqji ichabbvkhm
osdeymjeil osdeymjeil
stdiixwrjc stdiixwrjc
ivugtsvtqb ivugtsvtqb
pdljcbluhp pdljcbluhp
bimtbhwsby bimtbhwsby
xychpimpzb xychpimpzb
lkvtxfwozs lkvtxfwozs
bbczvyonym bbczvyonym
eqdxeqvtsb eqdxeqvtsb
kgktiatgjn kgktiatgjn
afortwurqt afortwurqt
gbdejcnknd gbdejcnknd
cpwyxulkjm cpwyxulkjm
afrdrejwtp afrdrejwtp
xguvjomcdt xguvjomcdt
ldnozwuuuq ldnozwuuuq
xqwyvbvueh xqwyvbvueh
qiqnnrlapz qiqnnrlapz
guuudgvhny guuudgvhny
vnzypgtlkj vnzypgtlkj
