0 11 130 131 11 57 136 137 57 9 18 102 103 18 1 10 114 115 10 26 38 34 120 121 34 12 138 139 12 21 5 116 117 5 58 100 101 58 46 39 106 107 39 44 104 105 44 69 110 111 69 25 124 125 25 49 45 90 53 31 118 119 31 41 112 113 41 122 123 41 40 134 135 40 54 47 94 126 127 94 60 108 109 60 128 129 60 83 84 132 133 84 78 87 151 150 149 87 38 146 38 26 158 26 10 197 10 54 191 54 11 179 11 57 188 57 9 161 9 84 143 84 21 140 21 1 155 1 46 170 46 45 173 45 90 182 90 53 176 53 49 194 49 47 152 47 164 47 78 185 78 83 167 83 0
80
100 100
101 101
102 102
103 103
104 104
105 105
106 106
107 107
108 108
109 109
110 110
111 111
112 112
113 113
114 114
115 115
116 116
117 117
118 118
119 119
120 120
121 121
122 122
123 123
124 124
125 125
126 126
127 127
128 128
129 129
130 130
131 131
132 132
133 133
134 134
135 135
136 136
137 137
138 138
139 139
140 140 141
21 142
143 143 144
84 145
146 146 147
38 148
149 149
150 150
151 151
152 152 153
47 154 166
155 155 156
1 157
158 158 159
26 160
161 161 162
9 163
164 164 165
167 167 168
83 169
170 170 171
46 172
173 173 174
45 175
176 176 177
53 178
179 179 180
11 181
182 182 183
90 184
185 185 186
78 187
188 188 189
57 190
191 191 192
54 193
194 194 195
49 196
197 197 198
10 199
