0 110 44 105 79 134 39 104 64 180 69 54 74 125 15 100 20 30 32 58 55 120 47 183 180 124 159 129 72 141 142 140 144 139 149 99 114 160 154 184 94 179 189 102 108 82 80 67 66 12 10 13 2 101 77 186 187 185 35 190 150 152 151 122 120 110 113 17 104 145 65 27 65 135 195 85 87 95 40 75 165 168 117 116 77 186 42 186 132 130 170 110 57 110 25 90 92 90 180 182 180 160 137 160 162 160 35 37 35 115 0
81
2 2 28
0 3
12 11 12
13 13
15 15
17 16 17
20 20
25 25
27 27 118
30 30
32 32
35 35 38
37 36 37
39 39
42 41 42
40 43
44 44
47 47
135 52 135 138
54 54
55 55
57 56 57
58 58
64 64
65 65 68
66 66
67 67 123
69 69
72 72
74 74
75 78
79 79
82 82
87 87
92 91 92
94 94
95 95 97
99 99
100 100
101 101
102 102
104 104
105 105
108 108
110 110
113 113
114 114
116 116
120 120
122 122
124 124
125 125 128
129 129
132 131 132
130 133
134 134
137 136
139 139
141 141
142 142
144 144
145 145 148
149 149
152 152
154 154
159 159
160 160
162 161
117 166
168 168
170 172
179 179
180 180
182 181 182
183 183
184 184
186 186
187 187
189 189
190 192
195 195 197
