ctUVEJSyNR T3o9dNVbcG TDmNOuGJBk MzId8uwrPz sY3UqAEMG3 oPQmRUijH5 6lpxgUxCxO jKpmFoejPZ gLI8ArV2Ui osdKgXyg1e MuYreynm57 f91pUtm9EZ RLF9v27sOQ VbPBW7rmhF QwY2G6aX6c 8Jejdr7ynm 7d3UA4fKWz Z82QDWb0Pr U5XdtBFGOe uVIshS2g8a zUWT7uduzq HEqjxwCWnl UphA2uAaYC VbPBW7rmhF BtCEVbHoQI HG8olhhcTZ oWdH0Xcxwv VBTKstUXwG HTp005294X Z82QDWb0Pr ctUVEJSyNR
22
MzId8uwrPz MzId8uwrPz
TDmNOuGJBk TDmNOuGJBk
T3o9dNVbcG T3o9dNVbcG
Z82QDWb0Pr Z82QDWb0Pr
BtCEVbHoQI BtCEVbHoQI I4iTN5KXjB
7d3UA4fKWz 7d3UA4fKWz
VBTKstUXwG VBTKstUXwG 8UaR4YpZys
HG8olhhcTZ HG8olhhcTZ
RLF9v27sOQ RLF9v27sOQ
QwY2G6aX6c QwY2G6aX6c
MuYreynm57 MuYreynm57
8Jejdr7ynm 8Jejdr7ynm
oPQmRUijH5 oPQmRUijH5
f91pUtm9EZ f91pUtm9EZ
gLI8ArV2Ui gLI8ArV2Ui
6lpxgUxCxO 6lpxgUxCxO
uVIshS2g8a qg08r1Pg6g
HTp005294X IU0Ia8127Z
U5XdtBFGOe U5XdtBFGOe
UphA2uAaYC vzXeZbLrSW UphA2uAaYC
osdKgXyg1e osdKgXyg1e
zUWT7uduzq zUWT7uduzq
