g3ylJsdLuC idQHxtSnxr 0mnwiU4XrT wRn7Oi1bcW xjSWG1YKh9 TBzLS0OAYU 723MhcLxt0 1QXjsHNYao 2S929yZddP YpRs8m6oyX oEdovEhrWM CUEWGmB7Gt dMOAUqH7Z3 qnkfLCmfDn Pijq8aHqIR lfdanPGo3c jBYJ7v19BQ qjDSEKmZMW 7wS9dKOnJR IT4pKw3giW g2I4si69gU oVMPVsMWrZ WYEDqSuNRX KpxiCfRqh3 bserQRNqfz S8BtTu4yH9 WAi18jd2vJ Tk8ERvdKxF oCk2Yieytb 33omYiVXOD 5SSy593K31 WvFZJEkTrw aEo62SfMqH j98kcW9qGB bsEkAY2K41 Q1N77BLmyb TSSOUimHPg 97ZNlakBoq mwzQG3SxnO IA0Uf143OT uvoepIQg9n LCKLTNE1vp uNliYB9ELN x7iq98BiN3 IGpxjveim7 yvMowGbkvn vUu8ijgxxf KUJdxKVZFO 7g0Idy1nzK 03xK87sjTf nKHFs5cKTX Oiowits7js FvzkpZRSj8 YAqGe4tKAP yky49wE4YG BNkM7qaRNw XlU2fx0ZPn 1KJyArncTt tubjzjzUpV M2hatQPY96 CxfzSa2YOV 2q1lo9tSYb JD3uem81Lg r8njDwxc2t FqFik17fFH XW1Wn7EqpN GQ4F0g3Mdj fXy828RCG4 uIf3wnJUdn oIVQ2qkgnR 0hs3CNDF4L x066w6eh4W 1N2P3Sa7im srT70dfQEr Pz3egMzKU8 0SQlBVJ1YY TyL7NE2puV GQ4F0g3Mdj TP2TNyk7wl 2nSOTVmvxV MXIvZpEPtW 4znnlMjVra dj8JMfo3hX QrJxLpX875 2eMl9AO5o8 oWmQcQwHPo WcyuqGYOzU XOxGPscMMG yU6iUY8YgO Qu2MUNKITj pk0Vh75DnH RN0bCAV6rQ dC48GQHGzO 1TfvXd6dPZ u4FAx2sHZm g2I4si69gU MXIvZpEPtW biWuM2iRnz mok9StGG0X rCoEuOa7EU 8KtuAXHUy3 EG1t1o8YrR fWIjO8yhE3 0SQlBVJ1YY 7ZWqK2F5XG 2O61j91J3T K05xB79KZo srT70dfQEr BUMLJo6sc3 AXNCIbkEJh xtp1B5q0W1 CSjLrGbUz3 QTNhZIciNJ h5Si5BAPN0 oIVQ2qkgnR JD3uem81Lg D0kECQ0RvI emYRLTiyj9 LeZK9UvMT9 33omYiVXOD 2fevl06VRg t25XjDwQhD 8ZKCAWlImg KZfI0wRW9K bsEkAY2K41 j98kcW9qGB onlLq65Azx idQHxtSnxr g3ylJsdLuC
88
0mnwiU4XrT 0mnwiU4XrT
oCk2Yieytb oCk2Yieytb bWDewy6WbV
97ZNlakBoq 97ZNlakBoq
oWmQcQwHPo oWmQcQwHPo
u4FAx2sHZm u4FAx2sHZm 2OsmeZV9xh
g2I4si69gU g2I4si69gU
oVMPVsMWrZ oVMPVsMWrZ
mwzQG3SxnO mwzQG3SxnO
TyL7NE2puV TyL7NE2puV
oIVQ2qkgnR s3eMpsYH00 oIVQ2qkgnR bhojeHeddF
723MhcLxt0 723MhcLxt0
LCKLTNE1vp LCKLTNE1vp
vUu8ijgxxf vUu8ijgxxf
CSjLrGbUz3 CSjLrGbUz3
Pz3egMzKU8 Pz3egMzKU8 gZXiityEnU
srT70dfQEr srT70dfQEr
wRn7Oi1bcW wRn7Oi1bcW
1QXjsHNYao 1QXjsHNYao
WcyuqGYOzU WcyuqGYOzU
QrJxLpX875 QrJxLpX875
4znnlMjVra 4znnlMjVra
TBzLS0OAYU TBzLS0OAYU
CxfzSa2YOV CxfzSa2YOV
KpxiCfRqh3 KpxiCfRqh3
Pijq8aHqIR Pijq8aHqIR
dj8JMfo3hX dj8JMfo3hX
Tk8ERvdKxF Tk8ERvdKxF
KUJdxKVZFO KUJdxKVZFO 0wTk0mYkLH
1TfvXd6dPZ 1TfvXd6dPZ mbSdju1TJK
uIf3wnJUdn uIf3wnJUdn
QTNhZIciNJ QTNhZIciNJ
XlU2fx0ZPn XlU2fx0ZPn
IA0Uf143OT IA0Uf143OT
nKHFs5cKTX nKHFs5cKTX
t25XjDwQhD t25XjDwQhD
qjDSEKmZMW qjDSEKmZMW
BUMLJo6sc3 BUMLJo6sc3 jPXsbXPNMq fecMfiAuGC
03xK87sjTf 03xK87sjTf
fXy828RCG4 fXy828RCG4
FvzkpZRSj8 FvzkpZRSj8
GQ4F0g3Mdj GQ4F0g3Mdj
1N2P3Sa7im u4LnQNaaiz
dMOAUqH7Z3 dMOAUqH7Z3
tubjzjzUpV tubjzjzUpV
WAi18jd2vJ WAi18jd2vJ
S8BtTu4yH9 S8BtTu4yH9
2S929yZddP 2S929yZddP
5SSy593K31 5SSy593K31
CUEWGmB7Gt CUEWGmB7Gt
2O61j91J3T 2O61j91J3T
oEdovEhrWM oEdovEhrWM
M2hatQPY96 M2hatQPY96
K05xB79KZo K05xB79KZo
pk0Vh75DnH pk0Vh75DnH
Oiowits7js Oiowits7js 12ECENJIev
r8njDwxc2t r8njDwxc2t
8ZKCAWlImg z9nRKYQ1ub
JD3uem81Lg JD3uem81Lg
emYRLTiyj9 emYRLTiyj9
XW1Wn7EqpN XW1Wn7EqpN
YpRs8m6oyX YpRs8m6oyX
onlLq65Azx onlLq65Azx
yU6iUY8YgO yU6iUY8YgO
uvoepIQg9n uvoepIQg9n
TP2TNyk7wl TP2TNyk7wl
LeZK9UvMT9 LeZK9UvMT9
YAqGe4tKAP YAqGe4tKAP
x7iq98BiN3 x7iq98BiN3
yky49wE4YG yky49wE4YG Pv5LMSkQii WRd4lScvm6
0hs3CNDF4L 0hs3CNDF4L
8KtuAXHUy3 8KtuAXHUy3
IT4pKw3giW IT4pKw3giW
jBYJ7v19BQ jBYJ7v19BQ
WvFZJEkTrw WvFZJEkTrw
qnkfLCmfDn qnkfLCmfDn
7g0Idy1nzK 7g0Idy1nzK
BNkM7qaRNw BNkM7qaRNw
lfdanPGo3c lfdanPGo3c
bsEkAY2K41 bsEkAY2K41
fWIjO8yhE3 KHDeTTvJC1
idQHxtSnxr idQHxtSnxr
h5Si5BAPN0 h5Si5BAPN0
RN0bCAV6rQ RN0bCAV6rQ
biWuM2iRnz biWuM2iRnz
yvMowGbkvn yvMowGbkvn
xtp1B5q0W1 xtp1B5q0W1
aEo62SfMqH aEo62SfMqH
Q1N77BLmyb Q1N77BLmyb
