hC71hIuyRaST3AiaSZqg cXmjc3Wu4kjM1IHGgfA5 COVfDobG5VcfcSxLDUch YygsiZkXDS9oQ07w4psX iS3QMNvYa0RbuZKbJowP OAcbYkMyAi1Iu0vWaaFc 5doygtE58PVlrfBbaaxD ZUt08qPkISJA3VT4fdsK VkEnPX1CQCoh4CxlXSlf kITtdSORrLGuHqAl2YGb EEWjQ3rZ3GM9oucA2vc5 oq1GulTWdKtwAlNIQxnY 2dfprAgHp3T6RrgooKgP nnG2z19YXqYOoAxMQkFV Mi1upMhcgP7iV16OWKN5 NXZByMrsstrrXRLxVcyg qsbRHSDlSHG3Ep5gugbq 3MmCPAjYheu6g9TkIxDm 1wSeohNTb1oCspxe2x4j 4MuL6AbQo2ozZ4x7psrd EfhuR5UGBxqkoqdQBn2E 6jnt0RQvUBeXBhrLOwzh EnQuMk7pVZUnmn2BboBv g6Fit1BcwBIbAAJnBKGn 1Oc2bGjHzXrMLiYLik5Z ElLrRzuv43VPHSxgF9aR xtgYSd34f56WAH3CCBpW PFAHK1LPbENiUm01N8B0 g5fwwkfUKem4JdibLkXM 7DZfG4yobV0xCcSaxf27 vXrEXAmThLoQVXFImZcg b9q1t3OMZ6dXE5R6ca5w tb41LamjPxrSZBTCVL4N IC3wlDskAWyf0o1M61kl xtgYSd34f56WAH3CCBpW 8X2kWfVN7ACYeLRlwU5k sCcEFmBkhTop4sycKzuM Tgouk8HApNFShyYjQedR Mufarp9xGx29xj0P1ijS lVjpvSHc5hBrS7dzTmI1 iuuWW5781KuHBsKkyWMa qmJjxb5ffqkJdxtR9mHb QYsTJmc2IUi36H1YK47s 2QgUKFj4HV0dn5Ia55tj IWOalMs6IXX5Ln6F9Eov LI8fhHKJlh7mQx1nNK0m 2TderjwrXrNV2UBZ77eD Z2YJKymsE6JEohxl2CgC nOsoIFzZBhdd6bjP45Ba xTqag3TRSmD8TI7ozU6T ivvO5yUvAxjOjLiwMPV4 qyWH5Ui5kFJGpXM7i2RZ P6PcaiimLTne6w5m7SJi ymIUUgCvgB7r5le0Mh11 Ca5sYccbD9TUz7JLHrcf Wf6tYlitgmZKoXfughsS UQEmoPmHSH2FlTDuXOEx btiXecpJBKmrIHtQ7jPA 4wWd3kvalFkda9M583i7 zbsjvfwSdNExCnTFLo8x TrUW9m3qjkTMvqHNRot0 c2cBpUI19bqo5IjxQzNs 2YL9dYowMkTTxjU0fVal nmwnnNlPCMIjajSEo2R3 63EFNMvLteBrV7Lj9nA4 dsEyS8WvuzfBZPrbbzZx RDnAjQbgrCahBSBieO1p 6KcltWtleWJ6izN3XL0F wqyhoOJuJuNfuZ1c9ZhU EqrhH8oFQmMRN10foGjV 8IUV6HBSYn47shRwVW5F 1ae7bJScGomdGEdgag5b OLGSBuAPLZmdhTN6ApoS 8w6JkwNghwwfzVWZlMG6 1uTE034Q24DWmybWBbX4 RNtZ6m1O9hQj2ovJiJE3 fuNQ8Sfy86k6zaBQjwEz 24YcTAlCtPoNC11H3BAQ jLS4UljOCe6h8LwAOGRX CMQ0OeWc1jOFVxmSr3hH kuIwHVHn49UEM4TprHKr MCc3yEIO8tXzzu5ZknlT m2kNeowjoX6iaPduqLLc KqTw626stjcdChciHrJ6 WgneGAZv4qtDq8Q5DYZf WWEBxNNG20y6nEEMPvzN NqvNOj5h3GSbJm5NawjL 468JV90VoJDfHRf7bwGC x81SdeDfzbsk8wgCHcJT eULKHiriYHElwEbrQo2X NjrNYv2s9TjuFmdhy6vq aGWdv30UuUFiszMErlJF jGNThQH3U9Qqi91Eop7X rW1b1NT9NaRlIIxoT8XF W5rNQea9NsCafaUbLgWC C5aQkckiWq5qVUhbiI57 oakCd1HozhO35GtImcF2 yXrak2UUHdgFCsCWvgfp RSJQdRAK7H6zYHVeXyPj PqB0lgs9Brze4wJGQzAM FE29I03FH1qEyEvIQNGT fxnnXXAtldMGBgqECnVx mUdsQgC4b4x2HD8wqon6 R22TNV5lr1tmI44FcHvv fm9EBymrV0VSOljfjrTQ laRDyozSdXcFtmdQ5VqD nP45x6vSjSYCI8DDOBiZ bw0K7NVh1sgqlnescYkX gY86LqbQLTIYrcgU8Crt l5OFQGDhW1xJJ8ERuglz RP9IQz70eEvTJVIHw5Lv jGNThQH3U9Qqi91Eop7X ddzqPXECnHQT4a4RIpSF lrXvsaItMucJuqzZylSg v0QCMKnmfkXllH4nQHen YygsiZkXDS9oQ07w4psX kITtdSORrLGuHqAl2YGb ivvO5yUvAxjOjLiwMPV4 yMXdJdorJpzOHHt9uIfg 7DZfG4yobV0xCcSaxf27 z0rRwRZbA1TaaAgS8PYu hC71hIuyRaST3AiaSZqg
94
1uTE034Q24DWmybWBbX4 1uTE034Q24DWmybWBbX4
3MmCPAjYheu6g9TkIxDm 3MmCPAjYheu6g9TkIxDm
FE29I03FH1qEyEvIQNGT FE29I03FH1qEyEvIQNGT
6KcltWtleWJ6izN3XL0F 6KcltWtleWJ6izN3XL0F
jGNThQH3U9Qqi91Eop7X 61VEe5QpRdEG1AHTZmSn
7DZfG4yobV0xCcSaxf27 7DZfG4yobV0xCcSaxf27
cXmjc3Wu4kjM1IHGgfA5 cXmjc3Wu4kjM1IHGgfA5
Z2YJKymsE6JEohxl2CgC Z2YJKymsE6JEohxl2CgC
aGWdv30UuUFiszMErlJF aGWdv30UuUFiszMErlJF
yMXdJdorJpzOHHt9uIfg yMXdJdorJpzOHHt9uIfg
oakCd1HozhO35GtImcF2 oakCd1HozhO35GtImcF2
5doygtE58PVlrfBbaaxD 5doygtE58PVlrfBbaaxD
VkEnPX1CQCoh4CxlXSlf VkEnPX1CQCoh4CxlXSlf
Wf6tYlitgmZKoXfughsS Wf6tYlitgmZKoXfughsS
mUdsQgC4b4x2HD8wqon6 mkGdh9qd7uj9x5W3Koxj
dsEyS8WvuzfBZPrbbzZx dsEyS8WvuzfBZPrbbzZx
z0rRwRZbA1TaaAgS8PYu z0rRwRZbA1TaaAgS8PYu
NqvNOj5h3GSbJm5NawjL NqvNOj5h3GSbJm5NawjL
g5fwwkfUKem4JdibLkXM g5fwwkfUKem4JdibLkXM
OLGSBuAPLZmdhTN6ApoS OLGSBuAPLZmdhTN6ApoS
2YL9dYowMkTTxjU0fVal 2YL9dYowMkTTxjU0fVal
P6PcaiimLTne6w5m7SJi P6PcaiimLTne6w5m7SJi
8IUV6HBSYn47shRwVW5F 8IUV6HBSYn47shRwVW5F JuSdCG8HSUzwufkmRvTN
RNtZ6m1O9hQj2ovJiJE3 RNtZ6m1O9hQj2ovJiJE3
Tgouk8HApNFShyYjQedR Tgouk8HApNFShyYjQedR Dv6lwBgjbbZceuQXFzFf
EEWjQ3rZ3GM9oucA2vc5 EEWjQ3rZ3GM9oucA2vc5
wqyhoOJuJuNfuZ1c9ZhU wqyhoOJuJuNfuZ1c9ZhU
4MuL6AbQo2ozZ4x7psrd 4MuL6AbQo2ozZ4x7psrd
RDnAjQbgrCahBSBieO1p RDnAjQbgrCahBSBieO1p
nnG2z19YXqYOoAxMQkFV 72cxNTZ1Tw5teVGiR2xj nnG2z19YXqYOoAxMQkFV
EqrhH8oFQmMRN10foGjV EqrhH8oFQmMRN10foGjV
NXZByMrsstrrXRLxVcyg gZiMcGUkLd8qaWleLH1T NXZByMrsstrrXRLxVcyg
btiXecpJBKmrIHtQ7jPA btiXecpJBKmrIHtQ7jPA
6jnt0RQvUBeXBhrLOwzh 6jnt0RQvUBeXBhrLOwzh
b9q1t3OMZ6dXE5R6ca5w b9q1t3OMZ6dXE5R6ca5w
PFAHK1LPbENiUm01N8B0 PFAHK1LPbENiUm01N8B0
RP9IQz70eEvTJVIHw5Lv CgUyoeVDFzkf0g6EiF8w
Mufarp9xGx29xj0P1ijS Mufarp9xGx29xj0P1ijS
lVjpvSHc5hBrS7dzTmI1 lVjpvSHc5hBrS7dzTmI1
eULKHiriYHElwEbrQo2X eULKHiriYHElwEbrQo2X
468JV90VoJDfHRf7bwGC 468JV90VoJDfHRf7bwGC
1Oc2bGjHzXrMLiYLik5Z 1Oc2bGjHzXrMLiYLik5Z
zbsjvfwSdNExCnTFLo8x zbsjvfwSdNExCnTFLo8x
jLS4UljOCe6h8LwAOGRX jLS4UljOCe6h8LwAOGRX
1wSeohNTb1oCspxe2x4j 1wSeohNTb1oCspxe2x4j
24YcTAlCtPoNC11H3BAQ 24YcTAlCtPoNC11H3BAQ
nOsoIFzZBhdd6bjP45Ba nOsoIFzZBhdd6bjP45Ba
g6Fit1BcwBIbAAJnBKGn OBEPyJuvhH0Z9VoT2UNC g6Fit1BcwBIbAAJnBKGn
C5aQkckiWq5qVUhbiI57 C5aQkckiWq5qVUhbiI57
ddzqPXECnHQT4a4RIpSF ddzqPXECnHQT4a4RIpSF
QYsTJmc2IUi36H1YK47s QYsTJmc2IUi36H1YK47s
YygsiZkXDS9oQ07w4psX YygsiZkXDS9oQ07w4psX
sCcEFmBkhTop4sycKzuM sCcEFmBkhTop4sycKzuM
fuNQ8Sfy86k6zaBQjwEz fuNQ8Sfy86k6zaBQjwEz NWAZrSnr0i1Dj5TA6dLc
LI8fhHKJlh7mQx1nNK0m LI8fhHKJlh7mQx1nNK0m
8X2kWfVN7ACYeLRlwU5k t9sTQNaMU9o2HF5pm7xT
8w6JkwNghwwfzVWZlMG6 8w6JkwNghwwfzVWZlMG6
Ca5sYccbD9TUz7JLHrcf Ca5sYccbD9TUz7JLHrcf
nmwnnNlPCMIjajSEo2R3 nmwnnNlPCMIjajSEo2R3
WgneGAZv4qtDq8Q5DYZf WgneGAZv4qtDq8Q5DYZf
2dfprAgHp3T6RrgooKgP 2dfprAgHp3T6RrgooKgP
UQEmoPmHSH2FlTDuXOEx UQEmoPmHSH2FlTDuXOEx
l5OFQGDhW1xJJ8ERuglz l5OFQGDhW1xJJ8ERuglz
TrUW9m3qjkTMvqHNRot0 TrUW9m3qjkTMvqHNRot0
kuIwHVHn49UEM4TprHKr kuIwHVHn49UEM4TprHKr
oq1GulTWdKtwAlNIQxnY oq1GulTWdKtwAlNIQxnY
xtgYSd34f56WAH3CCBpW xtgYSd34f56WAH3CCBpW
EnQuMk7pVZUnmn2BboBv QHOT9LWV0s6xVVreglDh
Mi1upMhcgP7iV16OWKN5 Mi1upMhcgP7iV16OWKN5
yXrak2UUHdgFCsCWvgfp yXrak2UUHdgFCsCWvgfp
IWOalMs6IXX5Ln6F9Eov IWOalMs6IXX5Ln6F9Eov
KqTw626stjcdChciHrJ6 KqTw626stjcdChciHrJ6
fxnnXXAtldMGBgqECnVx DmIjX4adnoqSEDmx2f39
COVfDobG5VcfcSxLDUch COVfDobG5VcfcSxLDUch
OAcbYkMyAi1Iu0vWaaFc OAcbYkMyAi1Iu0vWaaFc
W5rNQea9NsCafaUbLgWC W5rNQea9NsCafaUbLgWC
2TderjwrXrNV2UBZ77eD 2TderjwrXrNV2UBZ77eD
rW1b1NT9NaRlIIxoT8XF rW1b1NT9NaRlIIxoT8XF
v0QCMKnmfkXllH4nQHen v0QCMKnmfkXllH4nQHen
laRDyozSdXcFtmdQ5VqD laRDyozSdXcFtmdQ5VqD
IC3wlDskAWyf0o1M61kl IC3wlDskAWyf0o1M61kl
1ae7bJScGomdGEdgag5b 1ae7bJScGomdGEdgag5b
4wWd3kvalFkda9M583i7 4wWd3kvalFkda9M583i7
2QgUKFj4HV0dn5Ia55tj 2QgUKFj4HV0dn5Ia55tj
ymIUUgCvgB7r5le0Mh11 ymIUUgCvgB7r5le0Mh11
x81SdeDfzbsk8wgCHcJT x81SdeDfzbsk8wgCHcJT
qyWH5Ui5kFJGpXM7i2RZ qyWH5Ui5kFJGpXM7i2RZ
bw0K7NVh1sgqlnescYkX bw0K7NVh1sgqlnescYkX
vXrEXAmThLoQVXFImZcg vXrEXAmThLoQVXFImZcg
63EFNMvLteBrV7Lj9nA4 63EFNMvLteBrV7Lj9nA4
qsbRHSDlSHG3Ep5gugbq qsbRHSDlSHG3Ep5gugbq
RSJQdRAK7H6zYHVeXyPj RSJQdRAK7H6zYHVeXyPj
EfhuR5UGBxqkoqdQBn2E fzCA3w8Mu664WC0yRZb5
R22TNV5lr1tmI44FcHvv R22TNV5lr1tmI44FcHvv
