Jacksonville Atlanta Jacksonville Milwaukee Tucson Columbus Detroit Tulsa Minneapolis Chicago Philadelphia Oakland Phoenix OklahomaCity Boston SanJose Indianapolis LosAngeles Raleigh Austin Omaha LongBeach LasVegas Seattle Portland Arlington Oakland Philadelphia Houston ColoradoSprings VirginiaBeach Nashville Milwaukee Jacksonville
23
LosAngeles LosAngeles
Phoenix Phoenix
Philadelphia Philadelphia
SanJose SanJose
Austin Austin
Jacksonville Jacksonville
OklahomaCity FortWorth
Columbus Columbus
Atlanta SanFrancisco Fresno Atlanta
Indianapolis Indianapolis
Seattle Seattle
Boston Boston
Nashville ElPaso
Portland Portland
Raleigh Memphis
LasVegas LasVegas
Arlington Louisville
Oakland Albuquerque
Tucson Tucson
LongBeach LongBeach
VirginiaBeach VirginiaBeach
Minneapolis Minneapolis
Tulsa Tulsa
