Chattanooga Cleveland SanAntonio Memphis Wichita Fayetteville Aurora Orange Frisco KansasCity Jackson Brownsville Boston Salem Plano Fresno Worcester CorpusChristi ElPaso Knoxville Berkeley Springfield Spokane Oxnard Tacoma Huntsville Fremont SanBernardino Joliet Madison Lincoln OklahomaCity SantaAna Lubbock Corona FortWorth Roseville MorenoValley Anaheim ChulaVista Akron Hayward Raleigh Norfolk SaintPaul Norfolk Irvine Syracuse NewYork Anaheim MorenoValley Henderson Toledo Bakersfield BatonRouge Detroit Vancouver Austin Scottsdale Riverside Indianapolis FortLauderdale Indianapolis Phoenix Anchorage Surprise OverlandPark Scottsdale Tempe Aurora Lexington Baltimore Aurora Fayetteville Richmond Stockton Surprise Anchorage Midland Dayton Plano Yonkers Durham MorenoValley Tallahassee Buffalo Pomona LosAngeles Albuquerque Cincinnati LongBeach Cincinnati DesMoines NewportNews Orlando Naperville Chicago Atlanta Toledo GardenGrove Salinas Murfreesboro Charlotte SanDiego Sunnyvale StPetersburg Clarksville Jacksonville SanJose Denton Madison Lincoln Fontana Oceanside CapeCoral LittleRock Shreveport Macon Plano ElkGrove McAllen Newark RanchoCucamonga TianamenSquare Ontario Thornton Tampa Miramar Honolulu Peoria Corona Lubbock Louisville Omaha LongBeach Cincinnati Paterson JerseyCity Portland JerseyCity Mobile Olathe Corona Lubbock Plano Dayton ElPaso Chattanooga
94
NewYork NewYork
LosAngeles LosAngeles
Chicago Chicago
Phoenix Phoenix
SanAntonio SanAntonio
SanDiego SanDiego
SanJose SanJose
Austin Austin
Jacksonville Jacksonville
FortWorth FortWorth
Honolulu SanFrancisco Honolulu
Charlotte Charlotte
Indianapolis Indianapolis
SaintPaul Washington SaintPaul
Boston Boston
ElPaso ElPaso
Memphis Memphis
Louisville Louisville
Baltimore Baltimore
KansasCity KansasCity
Raleigh Raleigh
Wichita Wichita
Cleveland Cleveland
Bakersfield Bakersfield
Aurora Aurora
Anaheim Anaheim
SantaAna SantaAna
Riverside Riverside
Lexington Lexington
Henderson Henderson
Cincinnati Cincinnati
Anchorage Anchorage
Plano Plano
Lincoln Lincoln
Orlando Orlando
Irvine Irvine
Newark Newark
Toledo Toledo
Durham Durham
ChulaVista ChulaVista
Madison Madison
Buffalo Buffalo
Lubbock Lubbock
Scottsdale Scottsdale
Portland Glendale
Fremont Fremont
SanBernardino Boise SanBernardino
Richmond Richmond
BatonRouge BatonRouge
Spokane Spokane
DesMoines DesMoines
Tacoma Tacoma
Fontana Fontana
Hayward SantaClarita Hayward
Oxnard Oxnard
Fayetteville Fayetteville
Fresno GrandRapids
Yonkers Yonkers
Akron Akron
LittleRock LittleRock
Miramar PortStLucie
LongBeach GrandPrairie
Tallahassee Tallahassee
Tempe Tempe
CapeCoral CapeCoral
Shreveport Shreveport
Frisco Frisco
Knoxville Knoxville
Worcester Worcester
Brownsville Brownsville
Vancouver Vancouver
FortLauderdale FortLauderdale Savannah
Ontario Ontario
NewportNews NewportNews Alexandria
Oceanside Oceanside
Salem Salem
GardenGrove GardenGrove
Corona Corona
Springfield Springfield
Jackson Jackson
Pomona Pomona
Naperville Naperville
Joliet Joliet
Paterson Paterson
McAllen McAllen
Syracuse Syracuse
Midland Midland
Berkeley Berkeley
Murfreesboro Murfreesboro
Olathe Olathe
Orange Orange
Denton Denton
Albuquerque Waco
Surprise Surprise
