SaintPaul SanJose SanDiego ChulaVista Charlotte Phoenix Durham SantaAna Pittsburgh Mesa Baltimore LongBeach Dallas Greensboro Chandler Plano LosAngeles ElPaso Austin SanAntonio Newark Scottsdale Honolulu Memphis Louisville Irving Laredo JerseyCity Lexington Fresno Chesapeake Lubbock StPetersburg Milwaukee Columbus Glendale Hialeah OklahomaCity Bakersfield Minneapolis Lincoln JerseyCity Denver Norfolk KansasCity Miami Omaha Aurora FortWayne Anchorage Cleveland Toledo Atlanta Oakland Tampa Houston Stockton SanFrancisco Philadelphia Tucson Dallas LongBeach Baltimore Mesa Indianapolis SaintPaul
46
Houston Houston
Phoenix Phoenix
SanAntonio SanAntonio
SanDiego SanDiego
Dallas Dallas
SanJose SanJose
Austin Austin
Baltimore FortWorth Baltimore
Columbus Columbus
Charlotte Charlotte
Indianapolis Indianapolis
Denver Denver
ElPaso ElPaso
Memphis Memphis
OklahomaCity OklahomaCity
Milwaukee Milwaukee
Tucson Tucson Raleigh
Atlanta Atlanta
LongBeach LongBeach
Tampa Tampa
KansasCity NewOrleans
Bakersfield Bakersfield
Aurora Aurora
Honolulu Honolulu
SantaAna SantaAna
Lexington Lexington
Stockton Stockton
StPetersburg Henderson StPetersburg
ChulaVista Cincinnati
Pittsburgh Pittsburgh
Anchorage Anchorage
Plano Plano
Lincoln Lincoln
Newark Newark
Durham Durham WinstonSalem
FortWayne FortWayne
JerseyCity JerseyCity
Laredo Laredo
Louisville Madison
Chandler Chandler
Lubbock Lubbock
Scottsdale Scottsdale
Glendale Glendale
Chesapeake Chesapeake
Hialeah Hialeah
Fresno Spokane
