Hernandezville Joelview Downsville Williammouth Downsville Richardhaven Tammychester Richardhaven Downsville Joelview Mitchellchester Sheabury Maysfort Sheabury Mitchellchester Lopezmouth Heathermouth Lopezview Heathermouth Lopezmouth Dixonton Keithton Dixonton Francesmouth Dixonton Lopezmouth Mitchellchester Joelview Farmerside Gabriellabury Murphyberg Gabriellabury Courtneyfurt Gabriellabury Farmerside Ryanton Williamsmouth Mcdonaldmouth Williamsmouth Ryanton Farmerside Ralphtown Stricklandbury Tylermouth Stricklandbury Ralphtown Garciaport Charlesburgh Garciaport Ralphtown Farmerside Joelview Hernandezville Beckyshire Derekton Thomaschester Mcfarlandville Thomaschester Derekton Wallaceville Morenoside Wallaceville Derekton Beckyshire Ponceville Garymouth Camposstad Donaldstad Camposstad Garymouth Christophertown Crystaltown Christophertown Garymouth Ponceville Mcculloughchester Crystalchester Smithmouth Crystalchester Mcculloughchester Jonestown Barbarachester Jonestown Kellyfort Jonestown Mcculloughchester Ponceville Bridgesville Dennisstad Wilsonburgh Dennisstad Bridgesville Esparzaberg Thomasburgh Esparzaberg Kristinbury Esparzaberg Bridgesville Riveramouth Bradshawside Riveramouth Martinton Riveramouth Bridgesville Ponceville Beckyshire Hernandezville
26
Kellyfort Kellyfort Tinatown Pittsland
Crystaltown Johnsontown Crystaltown
Tammychester Tammychester Rebeccaton
Thomasburgh Johnsonmouth Thomasburgh Sanchezland
Morenoside Johnport Amberfurt
Charlesburgh Charlesburgh Angelaview
Barbarachester Barbarachester Jonesberg
Mcfarlandville Belindamouth
Kristinbury Kristinbury Allenberg
Donaldstad Donaldstad Thomastown
Courtneyfurt Contrerasland Morrisbury
Smithmouth Smithmouth Robertborough
Murphyberg Hendersonchester
Wilsonburgh Josephton Wilsonburgh Harristown
Martinton Martinton Brianland Deborahfort
Keithton Andrewland Aprilstad Keithton
Heathermouth Emilymouth
Tylermouth Tylermouth Deanstad
Bradshawside Bradshawside Wandaside
Lopezview Lopezview Robertsfort
Williammouth Haasville
Mcdonaldmouth Adkinsfurt Mcdonaldmouth
Maysfort Huynhton
Camposstad Williamsville
Williamsmouth Johnstonmouth
Francesmouth Richardville Francesmouth
