fmdhlepsteinstdnkill epsteindlsfdntmkillh dnkillepsteinlshdtfm epsteinkillmsftnddlh fkillepsteindlhdnsmt nltdmsfepsteinkilldh hnfdtmlepsteinkillds msfltdkillnepsteinhd killdmnsfhldepsteint flepsteindndhmtkills epsteinlshkilldnfdmt killepsteinlhtfdsmdn dhkilllsepsteinmntdf nepsteinlmdkilldhfts ntlepsteindmfdshkill killmlepsteindthnfsd fepsteinhsntddkilllm ddlmnftepsteinhskill hnsdkilllftdmepstein dmdepsteinnhkilllsft fshtdepsteinmldnkill dmepsteinfnhltkillsd stepsteinhkillfmnldd lnsmkilltfdepsteindh lhsepsteindtdnmkillf fhndskillepsteintldm tlsfdmdepsteinnhkill fmsepsteindntldhkill tlmsdhdnkillfepstein hsndepsteindlmtkillf lndsdkilltmepsteinhf hkilldfepsteinmdlnts fdshnmkillepsteinltd killnsfmhdepsteindtl epsteinskilldlndhmtf lthfkilldnsmepsteind hepsteinsddnfkillmlt ddtmkillepsteinflsnh fddsepsteinhnlkilltm dfslntkillmepsteindh epsteintdkilllnfdhms killdmnsfhldepsteint ndkillftdsmepsteinlh hsdlepsteinmnkilldft epsteinmhndfkilltdls tdfepsteinnlhdkillsm dfkilllmtepsteinhdsn nfdhkilllsmtepsteind killnsfmhdepsteindtl nfmdkillhdlepsteinst hdepsteinskillldtnfm tmsdnfdlkillhepstein mftkillepsteinndlhsd dnkillepsteinlshdtfm epsteindlsfdntmkillh fmdhlepsteinstdnkill nhmkilllsftepsteindd ddepsteinhltfkillsmn nmlfshtdkillepsteind depsteinnlsfmhtkilld hmfnddkillepsteinslt tmlepsteinsdnfkillhd tdfepsteinnlhdkillsm tfdmdslepsteinkillnh hsdfepsteintlnkilldm nhslfmepsteindtkilld hnfdtmlepsteinkillds epsteindfhlmdnskillt dlnsthfmepsteinkilld dnkillepsteinlshdtfm hnsdkilllftdmepstein epsteinfsddmthkillnl hnsdkilllftdmepstein dnkillepsteinlshdtfm epsteindlsfdntmkillh fmdhlepsteinstdnkill
47
msfltdkillnepsteinhd msfltdkillnepsteinhd
tmsdnfdlkillhepstein lhepsteinkilldtnmfsd
flepsteindndhmtkills flepsteindndhmtkills
hepsteinsddnfkillmlt hepsteinsddnfkillmlt nkilltdhlmdepsteinsf
fhndskillepsteintldm fhndskillepsteintldm
nepsteinlmdkilldhfts nepsteinlmdkilldhfts
ndkillftdsmepsteinlh ndkillftdsmepsteinlh
ddtmkillepsteinflsnh ddtmkillepsteinflsnh
nltdmsfepsteinkilldh nltdmsfepsteinkilldh
lndsdkilltmepsteinhf lndsdkilltmepsteinhf
tlmsdhdnkillfepstein lsdepsteinfmkillndth tlmsdhdnkillfepstein
killmlepsteindthnfsd killmlepsteindthnfsd
ntlepsteindmfdshkill ntlepsteindmfdshkill
dmepsteinfnhltkillsd dmepsteinfnhltkillsd
tmlepsteinsdnfkillhd tmlepsteinsdnfkillhd
epsteinmhndfkilltdls epsteinmhndfkilltdls
hdepsteinskillldtnfm hdepsteinskillldtnfm
fmsepsteindntldhkill fmsepsteindntldhkill
mftkillepsteinndlhsd mftkillepsteinndlhsd
hnsdkilllftdmepstein hnsdkilllftdmepstein
fshtdepsteinmldnkill fshtdepsteinmldnkill
epsteindlsfdntmkillh epsteindlsfdntmkillh
epsteindfhlmdnskillt epsteindfhlmdnskillt
killdmnsfhldepsteint killdmnsfhldepsteint
depsteinnlsfmhtkilld depsteinnlsfmhtkilld
dfkilllmtepsteinhdsn dfkilllmtepsteinhdsn
epsteinskilldlndhmtf epsteinskilldlndhmtf
nfdhkilllsmtepsteind nfdhkilllsmtepsteind
dhkilllsepsteinmntdf dhkilllsepsteinmntdf
hsndepsteindlmtkillf hsndepsteindlmtkillf
epsteinlshkilldnfdmt epsteinlshkilldnfdmt
dnkillepsteinlshdtfm dnkillepsteinlshdtfm lmhdtfdepsteinnkills
epsteinfsddmthkillnl dhepsteindsnlkillfmt
fdshnmkillepsteinltd fdshnmkillepsteinltd
killnsfmhdepsteindtl killnsfmhdepsteindtl
tlsfdmdepsteinnhkill tlsfdmdepsteinnhkill
epsteinkillmsftnddlh epsteinkillmsftnddlh
stepsteinhkillfmnldd stepsteinhkillfmnldd
hnfdtmlepsteinkillds hnfdtmlepsteinkillds
fepsteinhsntddkilllm fepsteinhsntddkilllm
killepsteinlhtfdsmdn killepsteinlhtfdsmdn
epsteintdkilllnfdhms epsteintdkilllnfdhms
hsdfepsteintlnkilldm hsdfepsteintlnkilldm
dlnsthfmepsteinkilld dlnsthfmepsteinkilld
ddlmnftepsteinhskill ddlmnftepsteinhskill
lnsmkilltfdepsteindh lnsmkilltfdepsteindh
nhmkilllsftepsteindd nhmkilllsftepsteindd
