dldkilltnmhfepsteins msddkilllthepsteinfn dlfdkilltepsteinhnms fhnmkillepsteinsdltd lepsteindnhstfdmkill tdkillepsteinsmhdfnl epsteintfhndkilllmsd tdnfmdhepsteinslkill lkilldtnmsepsteindfh tsmdepsteinkillhfdln depsteinlfnmkilldsht dkillfepsteinnhdmtls sdndhepsteinltkillfm killmdshdtnflepstein fthlkillnepsteindsdm thnkillmddsepsteinfl mkilldlshdtfepsteinn epsteinhdkillltsmfdn dhsepsteintlkillmfnd fddsmepsteintnkillhl ntmdhepsteinsdkillfl epsteinfthkilldnslmd mdkilllfdnstepsteinh fdmtdepsteinkilllsnh lntkillepsteinfsddhm mhdskillldftnepstein killtdslhfdepsteinnm shfnmltepsteindkilld killdldepsteinmfsthn dnldkillhmfstepstein killthsepsteindmlfdn depsteinslkillhdftmn killmfndshdtepsteinl hmdkilllnepsteinfsdt killhtdmdlnsfepstein nfltdmkillsdepsteinh lsmftnepsteinkillhdd dflstmkillepsteindhn killdepsteinmfltdshn tsdnhkilllmepsteindf tdfkillslepsteinhdmn sldhnfmtdkillepstein tepsteinhsdkillmldfn shepsteinnkillftlddm msepsteintlhnfkilldd mdkillntepsteindfhsl tndskilldfepsteinmhl dkillnmsfhtlepsteind ndkillthdepsteinlsmf dftkillhmldnepsteins hmndfkillslepsteintd epsteindmshtfldnkill hsepsteinfkillnmddtl nmdhepsteinkilltfsld tldmepsteindkillfhsn epsteinsnmflhtdkilld dtsmdnlhfepsteinkill mkillthfdlnepsteinds skillthlfndepsteindm fsepsteindkillhmtdln dkillnmhldstfepstein hdntepsteinkilllsdfm dkillnmhldstfepstein epsteinshlkilldmnfdt dfdepsteintlnskillhm ldepsteindhkilltsmfn mfndlsdepsteinhkillt dsftepsteindhkillmnl sdlhfnmdepsteintkill mltdhfdepsteinkillsn lkilldtnmsepsteindfh dhmkillfdltnsepstein dmtlsfhnkilldepstein thdlskillnfdmepstein hnddkilltslmfepstein nftmskilldldepsteinh mdkillnlsdtepsteinhf lhsntdepsteindkillmf lmkillepsteintsndfhd hepsteinntdkillsdmfl lmkillepsteintsndfhd ndshkilldmlepsteinft shfnmltepsteindkilld killtdslhfdepsteinnm dkillldfepsteintsmnh ldfsmnepsteinkilltdh dfkilllepsteinsnmhtd sdndhepsteinltkillfm fhdmnepsteindkillslt sldhnfmtdkillepstein epsteinldtnfmshdkill fdmtdepsteinkilllsnh killhdfnsepsteinmltd epsteinfsltkillnhddm dhkillldsepsteintnmf sndldftmkillepsteinh nepsteindhkillltmsfd hdmndfepsteinstkilll lkillepsteintdshmfnd mdkilllfdnstepsteinh fdmtdepsteinkilllsnh mfndlsdepsteinhkillt dmldfhskillntepstein lkillfthdsepsteindnm skillmfepsteinthddnl killepsteinfdlhdtnms dhtepsteinkillsdflmn hnsepsteinmkillfddtl hnskillepsteintfdmld nsepsteinfmdkillhldt lkillfthdsepsteindnm dtnkillsepsteinmdfhl dftkillhmldnepsteins mndtkillepsteindlfhs ldhtdkillepsteinfsmn killsepsteindmtflhnd killfthnmsdlepsteind tsmdepsteinkillhfdln depsteinlfnmkilldsht tldkillhsfnmepsteind depsteinftndhmkillsl mltdhfdepsteinkillsn lkilldtnmsepsteindfh mkillldnhepsteinstfd fmtnkilldepsteindhsl killhtdmdlnsfepstein ltfnsdhepsteinkilldm dkillfepsteinnhdmtls depsteinlfnmkilldsht tldkillhsfnmepsteind msddkilllthepsteinfn dldkilltnmhfepsteins
91
epsteinfsltkillnhddm fmltddhnepsteinskill
tdfkillslepsteinhdmn tdfkillslepsteinhdmn
hnskillepsteintfdmld hnskillepsteintfdmld
nfltdmkillsdepsteinh nfltdmkillsdepsteinh
lsmftnepsteinkillhdd lsmftnepsteinkillhdd
mkilldlshdtfepsteinn epsteinhnkillsldfdmt mkilldlshdtfepsteinn
dhkillldsepsteintnmf killtdmsdfhnepsteinl
dkillldfepsteintsmnh dlshdtepsteinnkillfm
mdkillntepsteindfhsl mdkillntepsteindfhsl
tsmdepsteinkillhfdln tsmdepsteinkillhfdln
tdkillepsteinsmhdfnl tdkillepsteinsmhdfnl
killtdslhfdepsteinnm killtdslhfdepsteinnm slepsteinkillfmddhtn
depsteinftndhmkillsl depsteinftndhmkillsl epsteindkilltlmnhsfd hepsteinnfdmlsdtkill
msepsteintlhnfkilldd msepsteintlhnfkilldd
lmkillepsteintsndfhd lmkillepsteintsndfhd
killfthnmsdlepsteind killfthnmsdlepsteind
fhdmnepsteindkillslt fhdmnepsteindkillslt
fddsmepsteintnkillhl fddsmepsteintnkillhl
ndshkilldmlepsteinft ndshkilldmlepsteinft
nmdhepsteinkilltfsld nmdhepsteinkilltfsld
ntmdhepsteinsdkillfl ntmdhepsteinsdkillfl
killmdshdtnflepstein fdskillndtmepsteinlh
ltfnsdhepsteinkilldm tepsteinmdfldhnskill ltfnsdhepsteinkilldm
killmfndshdtepsteinl killmfndshdtepsteinl
dhsepsteintlkillmfnd dhsepsteintlkillmfnd
msddkilllthepsteinfn msddkilllthepsteinfn
tldkillhsfnmepsteind tldkillhsfnmepsteind
killdldepsteinmfsthn killdldepsteinmfsthn
sdlhfnmdepsteintkill sdlhfnmdepsteintkill
nftmskilldldepsteinh nftmskilldldepsteinh
skillthlfndepsteindm skillthlfndepsteindm
epsteinfthkilldnslmd epsteinfthkilldnslmd
lepsteindnhstfdmkill lepsteindnhstfdmkill
epsteindmshtfldnkill epsteindmshtfldnkill
dkillnmsfhtlepsteind dkillnmsfhtlepsteind
sndldftmkillepsteinh sndldftmkillepsteinh
killdepsteinmfltdshn killdepsteinmfltdshn
dkillnmhldstfepstein dkillnmhldstfepstein
killhtdmdlnsfepstein killhtdmdlnsfepstein
thdlskillnfdmepstein thdlskillnfdmepstein lepsteinkilldhfmstnd
fsepsteindkillhmtdln fsepsteindkillhmtdln epsteinlmkillfshnddt
mndtkillepsteindlfhs mndtkillepsteindlfhs
ndkillthdepsteinlsmf ndkillthdepsteinlsmf
hsepsteinfkillnmddtl hsepsteinfkillnmddtl
epsteintfhndkilllmsd epsteintfhndkilllmsd
shfnmltepsteindkilld shfnmltepsteindkilld
fmtnkilldepsteindhsl fmtnkilldepsteindhsl
killhdfnsepsteinmltd killhdfnsepsteinmltd
mkillthfdlnepsteinds mkillthfdlnepsteinds
sldhnfmtdkillepstein sldhnfmtdkillepstein
dtnkillsepsteinmdfhl dtnkillsepsteinmdfhl
lkilldtnmsepsteindfh lkilldtnmsepsteindfh
thnkillmddsepsteinfl thnkillmddsepsteinfl
ldepsteindhkilltsmfn ldepsteindhkilltsmfn
epsteinsnmflhtdkilld epsteinsnmflhtdkilld
dnldkillhmfstepstein dnldkillhmfstepstein
hnsepsteinmkillfddtl hnsepsteinmkillfddtl
depsteinlfnmkilldsht lhepsteintndkilldsmf depsteinlfnmkilldsht
nepsteindhkillltmsfd nepsteindhkillltmsfd
sdndhepsteinltkillfm sdndhepsteinltkillfm
fhnmkillepsteinsdltd fhnmkillepsteinsdltd
dfkilllepsteinsnmhtd dfkilllepsteinsnmhtd
tndskilldfepsteinmhl tndskilldfepsteinmhl
hnddkilltslmfepstein killtepsteinddhlmnsf
dlfdkilltepsteinhnms dlfdkilltepsteinhnms
mdkillnlsdtepsteinhf mdkillnlsdtepsteinhf
epsteinldtnfmshdkill epsteinldtnfmshdkill
epsteinhdkillltsmfdn epsteinhdkillltsmfdn
dtsmdnlhfepsteinkill dtsmdnlhfepsteinkill
dhtepsteinkillsdflmn dhtepsteinkillsdflmn
dmldfhskillntepstein dmldfhskillntepstein
dflstmkillepsteindhn dflstmkillepsteindhn
hmndfkillslepsteintd hmndfkillslepsteintd
tsdnhkilllmepsteindf tsdnhkilllmepsteindf
lhsntdepsteindkillmf lhsntdepsteindkillmf
dmtlsfhnkilldepstein dmtlsfhnkilldepstein
ldfsmnepsteinkilltdh ldfsmnepsteinkilltdh
dhmkillfdltnsepstein dhmkillfdltnsepstein
hdntepsteinkilllsdfm mhkillepsteinddlfsnt
lkillepsteintdshmfnd lkillepsteintdshmfnd
hmdkilllnepsteinfsdt hmdkilllnepsteinfsdt
fdmtdepsteinkilllsnh fdmtdepsteinkilllsnh
depsteinslkillhdftmn depsteinslkillhdftmn
skillmfepsteinthddnl skillmfepsteinthddnl
hepsteinntdkillsdmfl depsteintkilllnmsfdh hepsteinntdkillsdmfl
dfdepsteintlnskillhm dfdepsteintlnskillhm
mkillldnhepsteinstfd mkillldnhepsteinstfd
mdkilllfdnstepsteinh mdkilllfdnstepsteinh
mhdskillldftnepstein mhdskillldftnepstein
killthsepsteindmlfdn killthsepsteindmlfdn
tepsteinhsdkillmldfn tepsteinhsdkillmldfn
