tepsteinfdkilldlmhns hdepsteinsmdtnflkill fnlskillhtepsteindmd ftdmlhkilldepsteinsn hldmepsteindsnkilltf nmhdkilltslepsteinfd ldnmepsteinhfstdkill ndlepsteinhdtskillfm fnmhskilldepsteinltd msnepsteinfkillhtdld snldmtkillfepsteindh epsteinthsdmndkillfl nkillsdtdhfmlepstein nfdhepsteinltsdmkill lepsteinfdkillsdnmht dhlepsteindkillsmtnf mfskillnhlddtepstein thmepsteinlkillfsndd slepsteinftndkillmdh htskillepsteindnlfdm ndlmhepsteintdskillf nlhtdsdepsteinfmkill killepsteintdldshfnm thsfnmkilldlepsteind slepsteinftndkillmdh thmepsteinlkillfsndd mfskillnhlddtepstein dhlepsteindkillsmtnf killnfhdsdltepsteinm hfskillnepsteinldtdm thsfnmkilldlepsteind killepsteintdldshfnm tepsteinfdkilldlmhns
22
ndlmhepsteintdskillf ndlmhepsteintdskillf tmhsnfepsteinldkilld
nfdhepsteinltsdmkill nfdhepsteinltsdmkill
lepsteinfdkillsdnmht lepsteinfdkillsdnmht
nlhtdsdepsteinfmkill nlhtdsdepsteinfmkill
ldnmepsteinhfstdkill hepsteinnfstkilllmdd skilldnmlhdftepstein
dhlepsteindkillsmtnf dhlepsteindkillsmtnf
nkillsdtdhfmlepstein nkillsdtdhfmlepstein
msnepsteinfkillhtdld msnepsteinfkillhtdld hkillmepsteinstdfdnl
fnlskillhtepsteindmd fnlskillhtepsteindmd
thsfnmkilldlepsteind tskillepsteinhfmddnl
hldmepsteindsnkilltf hldmepsteindsnkilltf
killepsteintdldshfnm killepsteintdldshfnm
epsteinthsdmndkillfl epsteinthsdmndkillfl
hdepsteinsmdtnflkill hdepsteinsmdtnflkill
fnmhskilldepsteinltd fnmhskilldepsteinltd
ndlepsteinhdtskillfm ndlepsteinhdtskillfm
snldmtkillfepsteindh snldmtkillfepsteindh
mfskillnhlddtepstein epsteindsmnlfdtkillh
htskillepsteindnlfdm htskillepsteindnlfdm
thmepsteinlkillfsndd thmepsteinlkillfsndd
slepsteinftndkillmdh epsteinsdfmhltkillnd
killnfhdsdltepsteinm killnfhdsdltepsteinm
