CorpusChristi ElPaso Akron DalyCity Canton Charleston Columbia Clearwater Boulder BoiseCity Danbury DavidsonCounty ColoradoSprings Chicago Denton Appleton Bremerton Denton Denver Burbank ElMonte CorpusChristi Beaumont Austin Asheville Bloomington Davenport Carrollton Deltona Anchorage Elizabeth Chattanooga Escondido Aurora Augusta BatonRouge Chesapeake Durham Albuquerque Arvada BelAir Elkhart Champaign Anaheim CathedralCity Amarillo Cincinnati AppleValley Chandler Bridgeport Dallas BonitaSprings Bryan Brownsville Alexandria Downey CorpusChristi
48
Akron Akron
Albuquerque Albuquerque Columbus
Alexandria Alexandria
Amarillo Amarillo
Anaheim Anaheim
AppleValley AppleValley
Appleton Appleton
Arvada Arvada
Asheville Asheville
Augusta Augusta
Austin Austin
Beaumont Beaumont
BelAir BelAir
Bloomington Bloomington
BoiseCity BoiseCity
BonitaSprings BonitaSprings
Boulder Boulder
Bremerton Bremerton
Bridgeport Bridgeport
Brownsville Brownsville
Bryan Bryan
Canton Canton
CorpusChristi CapeCoral CorpusChristi
Carrollton Carrollton
CathedralCity CathedralCity
Champaign Champaign
Chandler Chandler
Charleston Charleston
Chattanooga Chattanooga
Chicago Chicago
Cincinnati Cincinnati
Clearwater Clearwater
ColoradoSprings ColoradoSprings
Columbia Columbia
Dallas Dallas
DalyCity DalyCity
Danbury Danbury
Davenport Davenport
Deltona Deltona
Denton Denton
Denver Denver
Downey Downey
Durham Durham
ElMonte ElMonte
ElPaso ElPaso
Elizabeth Elizabeth
Elkhart Elkhart
Escondido Escondido
