0 161 160 0 92 159 2 164 163 100 43 12 178 122 94 121 177 178 12 21 109 169 170 110 17 109 23 196 149 148 88 150 36 169 109 21 154 93 156 30 104 103 165 166 30 189 139 96 140 96 60 143 192 191 142 60 64 35 112 113 172 22 183 130 95 131 184 41 134 91 133 185 33 179 180 125 124 97 126 18 147 80 146 194 193 145 80 146 7 153 51 152 198 197 151 51 7 108 31 106 167 168 107 24 136 187 188 137 85 67 2 176 119 50 118 175 14 116 25 115 30 104 59 103 33 77 127 181 182 128 77 129 41 160 0
92
100 100
43 101 102
103 103
104 104
59 105
106 106
107 107
108 108
109 109
110 110
17 111
112 112 171
113 113
35 114
115 115 173
116 116 174
25 117
118 118
119 119
50 120
121 121
122 122
94 123
124 124
125 125
126 126
127 127
128 128
129 129
130 130
131 131
95 132
133 133
134 134
91 135
136 136
137 137
85 138
139 139
140 140 190
96 141
142 142
143 143
60 144
145 145
146 146
147 147
148 148 195
149 149
150 150
151 151
152 152
153 153
154 154
93 155
156 156
92 157 158
159 159
160 160
161 161
0 162
163 163
164 164
165 165
166 166
167 167
168 168
169 169
170 170
172 172
175 175
176 176
177 177
178 178
179 179
180 180
181 181
182 182
183 183
184 184
185 185
33 186
187 187
188 188
189 189
191 191
192 192
193 193
194 194
196 196
197 197
198 198
