5 4 33 137 42 165 94 20 11 36 62 34 138 69 138 116 134 71 119 67 139 45 47 81 19 151 109 58 152 109 84 162 52 121 34 133 34 62 123 40 155 96 175 22 35 188 110 35 135 86 93 190 16 74 170 136 117 83 104 171 112 82 27 0 53 199 48 56 118 113 197 149 90 159 172 143 77 196 184 85 18 192 100 78 80 158 2 140 186 189 103 102 55 138 69 183 69 138 34 62 36 91 150 130 64 37 0 27 174 101 1 99 30 65 180 28 149 72 43 119 15 156 42 165 154 187 74 191 38 193 29 164 185 122 166 199 189 186 10 112 82 129 82 109 84 109 75 66 17 105 79 13 70 178 91 150 130 46 154 89 39 94 109 192 18 192 109 94 5
90
1 1
2 2
34 9 34
10 10
11 11
45 14
16 16
17 17
18 18
20 20
22 22
30 25
70 26
28 28
74 31
166 32
33 33
37 37 177
39 39 92
67 41 67
42 42
43 43
86 44
46 46
47 47
48 48
134 50
183 51 183
52 52
53 53
55 55
56 56
58 58
113 61
165 63 173
64 64
133 68 133
69 69 153
71 71
75 75
81 76 81
77 77
78 78 179
80 80
83 83
85 85
91 91
96 96
99 99
100 100
101 101
102 102
103 103
104 104
105 105
110 110
116 116
122 122
123 123
135 135
137 137
138 138
140 140
143 143
129 146
149 149
151 151
152 152
154 154
156 156
121 157
158 158
159 159
162 162
164 164
84 168
170 170
171 171
174 174
178 178
180 180
184 184
187 187
188 188
189 189
192 192
193 193
191 194
196 196
199 199
