DZA GBR FRA FRO ECU FSM GHA GAB FIN FLK CIV CAN BRB BHS DOM CUW DNK ARE CYM GRD GNQ GTM COG CCK BLR BES BLM BRA GRC GUY HMD GTM COG CAF BVT GGY ERI ESP AND ALB GMB CAN COD BRN BEL BDI BGR GLP GRL GNB HND DMA ATA ATF ASM DOM AUS GUY CUB CYP CZE CYM BGD BOL BLR DMA DJI GIB FIN AFG FIN GIB DZA
45
HND HND GEO
HMD HMD
GRL HKG
GRD GRD
GRC GRC
GNQ GNQ
GLP GLP
GHA GHA
GBR GBR
FSM FSM
FRO FRO
FRA FRA
FLK FLK
FIN FIN
ERI ERI
ECU ECU
DOM DOM
DNK DNK
DJI DJI
CZE CZE
CYM CYM CXR
CUW CUW
CUB CUB
COG COG
COD COD
CIV CHE
CCK CCK
CAN CAN
CAF CAF
BVT BVT
BRN BRN
BRB BRB
BLR BLR BEN
BLM BLM BFA
BHS BHS
BGD BGD
BES BES
BDI BDI
AUS AUS
ATF ATF
ATA ATA
ALB ARG ALB
ARE ARE
AND AND
AFG ABW
