Latias Shelgon Dartrix Keldeo Petilil Luvdisc Infernape Scolipede Noivern Talonflame Relicanth Exeggutor Vibrava Elgyem Primeape Raticate Magearna Jigglypuff Toxicroak Wurmple Bounsweet Staryu Golisopod Charmeleon Palkia Reshiram Latias
25
Wurmple Wurmple
Shelgon Shelgon
Magearna Magearna
Jigglypuff Jigglypuff
Toxicroak Toxicroak
Primeape Primeape
Scolipede Scolipede
Luvdisc Luvdisc
Reshiram Reshiram
Dartrix Dartrix
Raticate Raticate
Palkia Palkia
Charmeleon Charmeleon
Relicanth Relicanth
Noivern Noivern
Bounsweet Bounsweet
Talonflame Talonflame
Elgyem Elgyem
Petilil Petilil
Exeggutor Exeggutor
Infernape Infernape
Staryu Staryu
Golisopod Golisopod
Vibrava Vibrava
Keldeo Keldeo
