190 135 166 56 45 153 5 172 192 84 186 23 168 103 44 65 38 145 121 104 22 117 68 10 100 179 66 71 182 113 94 141 30 181 198 102 29 109 102 151 21 176 169 57 50 54 163 32 69 108 162 95 74 60 76 49 185 112 85 149 36 55 34 138 52 61 82 33 129 132 92 114 67 8 165 136 93 164 116 93 189 111 67 147 27 40 146 193 139 62 155 1 142 118 9 3 108 156 37 2 99 134 188 173 159 101 177 11 195 123 47 6 137 106 92 132 152 24 160 46 190
98
1 1
2 2
3 3
5 5
8 8
10 10
11 11
21 21
22 22
23 23
27 27
29 29
30 30
32 32
33 33
34 34
36 36
38 38
40 40
44 44
45 45
46 46
47 47
50 50
52 52
54 54
55 55
56 56
57 57
60 60
61 61
62 62
65 65
66 66
67 67
68 68
69 69
71 71
76 76
129 83 129
84 84
92 92
93 93
94 94
95 95
99 99
100 100
101 101
102 102
103 103
104 104
106 106
108 108 133
109 109
111 111
112 112
113 113
114 114
116 116
117 117
118 118
121 121
123 123
132 132
135 135
136 136
137 137
138 138
139 139
141 141
142 142
146 146
149 149
152 152
153 153
156 156
162 162
163 163
164 164
165 165
166 166
168 168
169 169
172 172
173 173
176 176
177 177
179 179
181 181
182 182
185 185
186 186
188 188
189 189
192 192
193 193
195 195
198 198
