Liam Jordan Jack Joshua Lucas Noah Maverick Camden Bentley Jayden Max Grant Max Lincoln Dylan Andrew Oliver Patrick Easton Richard Aiden Mateo Miguel Messiah John Matthew Jayce Henry Malachi Adam Malachi Bryson Leo Alexander Grayson Elliot Jasper Connor Nathan Kevin Weston Kevin Finn Luke Kingston Dean Zion Rhett Zion Messiah Eric Greyson Chase Aaron David Brody George Ethan Brantley Kai Carson Emmanuel Gael Dawson Alejandro Dawson Marcus Tyler Eli Sawyer Steven Xavier Ryan Nolan Elijah Nolan Thomas Hunter Zachary Jude Theodore Rowan Austin Hayden Bennett Landon William Beau Dean Maxwell Anthony Angel Jaxson Cameron Caleb Elliott Carter Santiago Kaleb Abraham Giovanni Robert Joseph Jude Zachary Jonathan Preston Jose Ezra Jackson Braxton Silas Nicholas Daniel Jameson Matteo Julian Matteo Jameson Benjamin Jaxon Waylon Asher Brayden Declan Dawson Tucker Charles Tucker Aiden Victor Dominic Zayden Grant Antonio Grant Cooper Joshua Jack Jordan Liam Evan Jude Zachary Hunter Isaiah Andrew Roman Alex Dawson Edward Sebastian Bryce Oscar Xander Maddox Ezekiel Maddox Xander Leonardo Jordan Liam
82
Liam Liam
Noah Noah
William William
Steven James
Nolan Logan Nolan
Benjamin Benjamin
Charles Mason Charles
Elijah Elijah Adrian
Oliver Oliver
Finn Jacob
Lucas Lucas
Aaron Michael Aaron
Alexander Alexander
Ethan Ethan
Daniel Daniel
Matthew Matthew
Aiden Aiden
Henry Henry
Joseph Joseph
Jackson Jackson
Eric Samuel
Sebastian Sebastian
David David
Carter Carter
Gael Wyatt
Jayden Jayden
John John
Antonio Owen
Dylan Dylan
Luke Luke
Jayce Gabriel
Anthony Anthony
Kaleb Isaac Elias
Grayson Grayson
Jack Jack
Julian Julian Josiah
Oscar Levi
Kai Christopher
Joshua Joshua
Andrew Andrew
Lincoln Lincoln
Mateo Mateo
Ryan Ryan
Jaxon Jaxon
Nathan Nathan
Isaiah Isaiah
Thomas Thomas
Caleb Caleb
Rhett Christian
Hunter Hunter
Eli Eli
Jonathan Jonathan
Connor Connor
Landon Landon
Asher Asher
Cameron Cameron
Leo Leo
Theodore Theodore
Ezekiel Jeremiah Ezekiel
Jameson Hudson
Robert Robert
Easton Easton
Nicholas Nicholas
Ezra Ezra
Adam Colton Adam
Angel Angel
Brayden Brayden
Jordan Jordan
Dominic Dominic
Austin Austin
Alejandro Ian
Jaxson Jaxson
Greyson Greyson
Jose Jose
Carson Carson
Evan Evan
Maverick Maverick
Bryson Bryson
Jude Jace
Cooper Cooper
Xavier Xavier
Marcus Parker
