Liam Aiden Jaxon David James Samuel Alexander Samuel Mason Elijah William Mason Noah Dylan Wyatt Owen Andrew Lucas Andrew Charles Oliver Aaron Michael Joseph Ethan Logan Jayden Daniel Mateo Alexander Samuel Sebastian Jaxon Liam
19
Liam Liam Benjamin
Noah Noah
William William Carter
James James
Logan Logan
Mason Mason
Elijah Elijah
Oliver Oliver
Joseph Jacob Matthew Joseph
Lucas Lucas Jackson
Michael Michael
Alexander Alexander Henry
Ethan Ethan
Daniel Daniel
Aiden Aiden
Samuel Samuel
Sebastian Sebastian
David David
Wyatt Wyatt
