0 20 79 12 36 86 15 53 32 99 42 35 8 10 88 3 95 122 73 64 54 80 19 153 50 68 37 26 93 62 75 11 85 144 43 29 2 5 31 4 34 176 66 134 132 69 41 30 55 97 76 117 84 28 90 98 120 183 44 107 47 87 51 6 78 33 17 13 63 82 113 72 22 71 52 74 21 96 16 188 14 38 25 61 1 91 40 57 141 67 116 60 76 7 184 39 18 81 123 21 65 56 24 49 183 189 83 89 59 70 182 92 128 194 9 68 180 23 46 51 0
97
80 80
29 29
97 27 97
12 12
44 44
60 60
188 77
5 5
74 74
21 21
35 35
24 24
37 37
93 93
67 67
41 41
83 83
79 79
51 51
19 19
50 50
4 4
144 94
33 33
84 84
96 96
98 98
69 69
76 76
13 13
78 78
92 92
176 45
39 39
95 95
25 25
47 47
63 63
82 82
73 73
70 70
91 91
22 22
66 66
36 36
26 26
15 15
64 64
20 20
31 31
17 17
46 46 48
55 55
2 2
53 53
81 81 58
57 57
65 65
88 88
49 49
72 72
54 54
30 30
89 89
16 16
0 0
42 42
18 18
75 75
59 59
8 8
23 23
38 38
11 11
34 34
85 85
32 32
62 62
10 10
71 71
52 52
14 14
6 6
43 43
86 86
61 61
90 90
99 99
1 1
9 9
7 7
28 28
40 40
68 68
87 87
56 56
3 3
