S V F CD G AY W BK N A T O U E AF L AQ CT X P AT CB BW M AP R BR Y AB Z AC CK H CP I AZ K CL AN AA Q AR B CA C CR Q AS J BP D CV J BS Q CQ AN CW AW CU V S
56
A A
B B AX BD
C C AU BG BV
D D AM CF
E E
F F CM
G G
H H
I I
J J
K K
L L
M M
N N
O O
P P
Q Q AE AG AK AO BA BB BC BH BI BJ BL BM BQ BT BX CE CJ CN
R R
S S
T T
U U
V V
W W
X X
Y Y
Z Z
AA AA
AB AB
AC AC
AN AD AH AI AJ AL AN AV BE BN BO BU BY CH CI CO
AF AF
AP AP
AQ AQ
AR AR
AS AS
AT AT
AW AW BF BZ CC CS
AY AY
AZ AZ
BK BK
BP BP
BR BR
BS BS
BW BW
CA CA
CB CB
CD CD
CK CK
CL CL
CP CP
CQ CQ
CR CR
CT CT
CU CU
CV CV
CW CW
