Bowles Calvin Bowles Birge Bechtel Cory Stanley LeConte Campanile Bongo Artichokes Bongo Campanile LeConte VLSB LeConte Stanley Moses Greek Unit2 Wolf StrawberryCreek Wilde Bechtel Cory Bechtel Minor Memorial Maxwell Memorial Minor Bechtel Baker Strada UCha PhiKappaTau Hoyt Tan Warren Tan Hargrove BearFoodCourt SigmaPhiOmega Evan Blackwell McLaughlin Blackwell Evan Moffitt Evan Jacob TopDog Fenwick TopDog Jacob Foothill Davis Foothill Dwinelle Haas Crossroads Lawrence UCTheatre Lawrence Crossroads Haas Dwinelle HearstAnnex Dwinelle Foothill Davis Hildebrand Davis Foothill Haviland Morgan Haviland Foothill Jacob Hertz CVStarr Unit3 CKerr Unit3 CVStarr Hertz Jacob Hearst MLK Latimer Edwards Latimer Mulford Latimer South Pimentel Stacks Pimentel Moses RareTea Moses Wellman Sutardja Kah Gregoire Kresge Boalt VLSB Chez VLSB LeConte Stanley Campbell Stanley LeConte Campanile Wurster McCone Spats Stonefire PiLambda Stonefire Spats McCone Wurster Campanile LeConte Stanley Moses Greek Unit2 Milano Unit2 Greek Moses Stanley Cory Jacob TopDog Starbucks Chipotle Starbucks TopDog Jacob Cory Bechtel Birge Bowles
53
Evan Evan
Foothill Foothill Unit1
Campbell Campbell Doe Koshland
Birge Birge
Campanile Campanile
Moses Moses
VLSB VLSB
Wellman Wellman
Mulford Mulford Crescent
HearstAnnex HearstAnnex Lothlorien
LeConte RSF ALS
Haas Haas Pavilion
Boalt Boalt
Wurster Wurster Zellerbach
Blackwell Blackwell
Greek Greek
Maxwell Maxwell Barrows
Calvin Calvin Etcheverry Graduate
Sutardja Sutardja
Kresge Kresge PeoplesPark Castro
Hildebrand Hildebrand YogurtPark
Morgan Morgan Martinez
Baker Baker Simons Daiso
Unit2 Unit2
Unit3 Unit3
CKerr CKerr WayWest Ridge
Stacks Stacks Sherman
Bowles LaVals
Bongo Bongo ShengKee
Memorial TacoBell AlphaSigmaPhi
Strada Strada RoseGarden
Edwards Edwards Easterly
Crossroads Crossroads
Davis Browns
Warren Safeway
RareTea Gypsys
MLK Rochdale
Moffitt Cloyne
Wilde Wilde
Wolf Wolf
Spats Spats
Chipotle Chipotle MFoundry
Milano IndianRock
Chez NorthGate
Cory Extension
UCTheatre UCTheatre NCEM
Artichokes Cheeseboard
StrawberryCreek StrawberryCreek
McLaughlin GenPlantBio
Fenwick Barker
BearFoodCourt BearFoodCourt
TopDog GammaPhiBeta
PiLambda PiLambda PiAlphaPhi
