Wheeler Doe Campanile LeConte Birge Campbell Haviland Memorial McLaughlin South Stephens HearstAnnex Anthony GBC WayWest Cloyne Cafe3 Hearst Davis Kresge Normandy Cheit Soda Moffitt VLSB Etcheverry Latimer Stanley Latimer Evans Morrison Hertz Kroeber Wurster Kroeber Lewis Greek Bechtel Jacobs Cory Greek Morrison Evans Latimer Etcheverry Soda Sather Soda CVStarr Morgan Pimentel WayWest Ippuku Metropolitan FallRush Bongo BigC Pavilion BigC McCone BigC Pavilion Simons Koja LaNote Simons Pavilion BigC McCone Baker CZ Baker FSM Faculty Haas Stonefire Koshland Haviland Memorial Minor Maxwell MemorialStadium Maxwell Minor Memorial Haviland Campbell LeConte Campanile Doe Wheeler
31
Jacobs Jacobs
Bechtel Bechtel
Stanley Foothill
Moffitt Moffitt
Birge Birge
Morrison Morrison
Stephens Moses
Wheeler Dwinelle Sproul
Koshland RSF
Haas Haas
Wurster Boalt
Memorial IHouse
MemorialStadium Hargrove
McLaughlin McLaughlin
Kroeber Kroeber
Etcheverry Etcheverry
Anthony Anthony
Cheit Cheit
Sather Martinez Barker Unit3 OCF
WayWest Warren
Cloyne Cloyne
Metropolitan Metropolitan
Davis Davis
Hearst Hearst
Baker Baker
McCone CKerr
CZ Fiji
Stonefire Stonefire
Pavilion PeoplePark
Koja Legends TriDelta
LaNote Unit2
