86 125 49 19 3 54 67 2 46 117 70 36 15 199 42 1 42 76 78 8 12 181 9 60 66 23 185 43 51 18 177 39 156 37 126 32 175 70 57 7 163 161 87 60 93 55 132 167 71 61 107 98 148 78 116 58 40 38 20 47 188 198 67 140 25 183 4 31 115 89 62 192 43 92 127 72 186 196 131 160 147 113 111 129 171 75 63 143 88 151 184 108 135 52 114 1 180 49 98 187 35 68 100 182 96 182 92 133 39 172 88 151 80 151 37 11 99 79 99 167 65 167 71 61 104 24 168 24 104 61 71 67 86
82
1 1
2 2
3 5
143 6
8 8
9 10 13 26 110
11 11
78 14
151 17
19 19
79 21 137
67 22
88 27
58 28
61 30 69
35 35
36 36
38 38
47 41
108 44
7 45 101 145
12 48 123 138 149
51 51
52 52
115 53
54 54
172 56
57 57
25 64 150 153 154 158
66 66
71 71
72 72
37 73 97
63 74
75 75
76 76
20 82
18 84 139
87 87
89 89
68 90
98 91 173
92 92
93 93
46 94
100 100
114 105
180 106
107 107
113 113
116 116
117 117
86 120
55 121
15 122
125 125
126 126
129 129
132 132
140 140
65 146
148 148
133 152
156 156
32 157 159
160 160
163 163
23 169
96 174
175 175
177 177
4 179
181 181
183 183
184 184
185 185
168 189
192 192
80 194
196 196
198 198
199 199
