142 121 137 66 106 66 137 135 171 63 131 63 171 140 30 139 153 181 91 3 174 4 46 148 108 160 77 143 90 172 52 134 52 178 195 158 69 64 122 128 68 152 41 133 33 9 92 16 193 60 78 186 17 144 151 93 118 38 197 12 98 116 179 141 99 150 21 59 164 126 140 30 139 145 72 27 147 58 130 175 34 100 163 8 45 159 151 167 142 121 137 48 137 188 39 115 5 185 22 149 26 0 183 190 118 38 198 156 33 9 136 47 136 9 28 103 85 187 132 142
53
140 129 140
3 3
4 4
133 133
47 7
137 137
141 141
134 14
144 144
145 145
16 16 177
21 21 157
150 150
22 22
153 23
151 151
30 30
158 158
8 31
159 159
34 34
131 35
33 33
38 38
167 167
39 39
41 41
66 44
174 174
46 46
48 48 76
178 178
181 181
183 183
186 55 186
58 58
60 60 124
63 63
64 64
195 195
197 197
92 70
69 69
77 77
85 89
90 90
91 91
93 93
135 97
106 106 127
108 108
115 115
121 121
