Evans WursterHall Campbell Eshelman Marugame Gilman BotanicalGardens ClarkKerr ThaiNoodle Dwinelle MLK LatimerHall Plentea SutardjaDai Cornerstone ZellerbachHall Bowles Unit3 Spats Unit3 Bowles KroeberHall Barrows HortonHall UniversityVillage Yifang BerkeleyWayWest AlumniHouse ImmThai Blackwell Underhill RSF Firewings CaliforniaHall Firewings DurantHall Unit2 Pappys Milkbomb MemorialGlade StrawberryCreek Unit1 HAAS BAMPFA Barrows KroeberHall Bowles LeConte Moffit HappyLemon LawrenceHall BancroftLibrary HavilandHall VLSB HearstMining StrawberryCreek GreekTheatre SatherGate Doe HortonHall UniversityVillage Wheeler Raretea Yifang BerkeleyWayWest AlumniHouse ImmThai AshaTeaHouse HilgardHall Bowles Unit3 Milkbomb SouthHall Moffit WursterHall Evans
44
Doe Doe
HearstMining HearstMining
Wheeler Wheeler
Marugame Campanile
LeConte LeConte
Moffit Moffit
Dwinelle Dwinelle
SouthHall SouthHall HesseHall
Gilman Gilman
CaliforniaHall CaliforniaHall InternationalHouse
Bowles Bowles
BancroftLibrary BancroftLibrary
DurantHall DurantHall
Unit2 Stern Unit2
Campbell Campbell
GreekTheatre GreekTheatre CanyonPool
BAMPFA BAMPFA
BerkeleyWayWest BerkeleyWayWest
LawrenceHall LawrenceHall
Unit1 Unit1
Unit3 Unit3
HAAS Foothill HAAS
VLSB VLSB
RSF RSF
Blackwell Blackwell
ZellerbachHall ZellerbachHall
MLK MLK HildebrandHall
Eshelman Eshelman
Plentea Soda
Evans Cory
Barrows Barrows
AlumniHouse AlumniHouse
Spats Boalt
BotanicalGardens BotanicalGardens
HortonHall MemorialStadium
ClarkKerr DavisHall
MemorialGlade Kresge
SutardjaDai SutardjaDai
KroeberHall Etcheverry
SatherGate GiauqueHall
UniversityVillage UniversityVillage
HavilandHall HavilandHall
HilgardHall HilgardHall
ThaiNoodle ThaiNoodle
