Ippudo Platano Gypsys EastAsianLibrary Campbell HearstMining Chipotle Yifang NorthHall DavisHall TukTukThai BSC ClarkKerr Stern HortonHall Underhill Homeroom TheHabit FireTrails BrandyMelville ThaiBasil HesseHall EastBaySpiceCompany GSPP Wheeler AndrewsApartment Flavia UCafe UniversityVillage Fengcha Ikes Fengcha UniversityVillage TToust BobaNinja TennisCourts BancroftLibrary LittleCampanile EastAsianLibrary Campbell HearstMining Chipotle HAAS Mezzo BerkeleyArtStudio Quicklys Firewings TopDog Jupiter LatimerHall Tilden Gather TraderJoes YogurtPark OptometryBuilding LaBurrita BerkeleyBart HappyLemon BerkeleyWayWest Artichokes SnackShack AmoebaMusic LeConte Cafe3 ThaiNoodle Doe JambaJuice SteamTrains Underhill Wikiwiki NoodleGirl Wikiwiki LeConte AshaTeaHouse Bowles Namaste StrawberryCreek TennisCourts BobaNinja TToust Crossroads SouthHall BobbyGPizza InternationalHouse Raretea BanshoRamen LiKaShing Rachas NatApartment BetaLounge Ikes Fengcha HavilandHall UdupiPalace GrizzlyPeak AndrewsApartment UrbanOutfitters Cornerstone Campanile LeConte Cafe3 LewisHall SmokesPoutinerie Flavia HearstGym WursterHall Spats Evans DavisHall TukTukThai DavisHall Cinnaholic HortonHall Shengkee HortonHall Stern ClarkKerr Plentea PokeBar Homeroom TheHabit Ikea Milkbomb Blackwell SuperDuperBurgers Pappys HearstAnnex McDonalds HearstAnnex Bowles AshaTeaHouse Barrows BerkeleyBart BigC BerkeleyBart Barrows AshaTeaHouse LeConte Cafe3 ExtremePizza LaNote Toss YogurtPark LaVals YogurtPark GreatChina YogurtPark OptometryBuilding LaBurrita Unit3 Eshelman SweetheartCafe Ikes Fengcha LittleBird HalalGuys EndlessSweets Kips HesseHall ThaiBasil SutardjaDai Rachas NatApartment HildebrandHall Soda Platano Ippudo
84
Wheeler Wheeler
HortonHall HortonHall
SteamTrains KroeberHall
LatimerHall LatimerHall
LewisHall LewisHall
Jupiter Morganhall Jupiter
McDonalds Morrisonhall McDonalds
FireTrails MulfordHall
NorthHall NorthHall
OptometryBuilding OptometryBuilding
AshaTeaHouse AshaTeaHouse
HavilandHall Bonchon
Firewings Firewings
HappyLemon HappyLemon
SouthHall Ucha
Artichokes Artichokes LowerSproul
LaNote TacoBell LaNote
Ikes Gongcha Ikes Eureka
Yifang Yifang
Fengcha Fengcha
UCafe UCafe
BerkeleyBart SproulHall
TennisCourts TPTea
GreatChina SatherGate GreatChina
StrawberryCreek StrawberryCreek
BigC BigC TenderGreens
ClarkKerr ClarkKerr
Crossroads Crossroads
Cafe3 Cafe3
Raretea Raretea
Underhill Underhill
TraderJoes TraderJoes
Barrows Safeway
BobbyGPizza Marugame ImmThai
Kips Kips Muraccis
Pappys Pappys
BetaLounge BetaLounge
Spats Spats
Cornerstone Cornerstone
Cinnaholic TripleRock Slivers
WursterHall WursterHall
Shengkee Shengkee
Plentea Plentea
Chipotle Chipotle
Milkbomb Milkbomb
Campbell MemorialGlade
EastAsianLibrary EastAsianLibrary
ThaiNoodle ThaiNoodle
Mezzo Mezzo
NoodleGirl Teazone
PokeBar PokeBar
Quicklys Quicklys
TopDog TopDog
Gypsys Gypsys
SnackShack SnackShack
SmokesPoutinerie SmokesPoutinerie TheDwight
ThaiBasil ThaiBasil
BSC BSC
Platano Platano
EastBaySpiceCompany EastBaySpiceCompany
SweetheartCafe PeoplesCafe SweetheartCafe
SuperDuperBurgers SuperDuperBurgers
LaVals Target
JambaJuice JambaJuice
HalalGuys HalalGuys Gadani
ExtremePizza ExtremePizza
Wikiwiki Wikiwiki
TheHabit TheHabit
Homeroom Homeroom
BancroftLibrary Cheeseboard
Campanile ChezPanisse
Rachas Rachas
BobaNinja BobaNinja
TukTukThai TukTukThai Venus
Gather Gather
BerkeleyArtStudio SaturnCafe BerkeleyArtStudio
AmoebaMusic AmoebaMusic
GrizzlyPeak GrizzlyPeak
LaBurrita LaBurrita
AndrewsApartment AndrewsApartment
BanshoRamen BanshoRamen
LittleCampanile LittleCampanile
Namaste Namaste
UrbanOutfitters UrbanOutfitters
