S F K J E A E J O W X 3 H 10 T 8 P B C D U N V 1 I B2 G2 L2 Q2 Y2 Z2 R2 M2 H2 C2 D2 I2 N2 T2 U2 O2 J2 E2 F2 K2 P2 V2 49 A3 B3 57 A2 63 69 83 90 Y3 X3 D3 I3 104 T3 R3 105 107 C3 W3 80 79 V3 N3 M3 58 P3 F3 K3 J3 O3 77 G3 95 L3 91 H3 84 71 64 P3 128 51 23 W2 20 R 16 11 Y 5 Z 6 Z 5 Y 15 20 W2 23 22 Q Q3 50 51 72 73 74 Z3 Z2 R2 M2 H2 C2 B2 I 1 V N U D C B S
71
A A
B B
C C
D D
J3 J3 E3
K3 K3
M3 M3
N3 N3 U3
E E
F F
P P
O3 O3
U U
V3 V3
J J
K K
6 M
N N
W3 W3
X3 X3
O O
Y3 Y3
T T
G3 G3
V V
H3 H3
C3 C3
D3 D3
W W G
X X
Z Z
L3 L3
I3 I3
H H
I I
B2 B2
C2 C2
D2 D2
E2 E2
F2 F2
3 L
Y Y
G2 G2
H2 H2
I2 I2
J2 J2
K2 K2
R3 R3
T3 T3
L2 L2
M2 M2
N2 N2
O2 O2
P2 P2
R R X2
Q2 Q2
R2 R2
T2 T2
U2 U2
V2 V2
Q Q
W2 W2
Y2 Y2
Z2 Z2
A3 A3
Q3 Q3
Z3 Z3
B3 B3
A2 A2
F3 F3
P3 P3
