hdpxs osxbc cihba wnelr oxitr bsvth htkwy frhgc lmwpk rchbw amfiz wotiq bwknx egclu iyuas ohzfn dkjro sxdiu hwmzn nqtru rlumh mlibf tmwdy ktzce uiogl wdquv qckjp uklga zqjxb jhlus ymcfp lnjxt yazqf dbjxw glrpy yqtob pjzqm ahnds cqsby xnpwq rjuxc ebwcp bdevm ehqyk yqfdk zcjqx fjdqi ypdnb rzvtg ayrgb oxuqn mhuad tjake cxdes oewcd osvgp syoxf stflc pgqva yvbse lpudv gdnim evsbm maqho qbdwz wajol xcvow pihld mujil kzwah qpbmc wkbuf kjihy gufvs mhekz syoxv tkwle armnk bkfuc btwzv qhvsb vobqh drojn xlrzc kscoz jcwpu joztf cxajk evtgj qhibx rjdai tndwl zntkr wcjeg gdovn utdhx qsmkj vcwfj oaeyh mtcsd aedvq pytwh gstwp vgwoi dwyai hdpxs
100
oaeyh oaeyh
gufvs gufvs
rlumh rlumh
gdovn gdovn
oewcd oewcd
wkbuf wkbuf
yqtob yqtob
qsmkj qsmkj
cqsby cqsby
mujil mujil
wajol wajol
nqtru nqtru
mhekz mhekz
lmwpk lmwpk
uiogl uiogl
vobqh vobqh
zqjxb zqjxb
mhuad mhuad
qbdwz qbdwz
oxitr oxitr
qckjp qckjp
xlrzc xlrzc
hwmzn hwmzn
pihld pihld
xnpwq xnpwq
bdevm bdevm
wotiq wotiq
ypdnb ypdnb
tjake tjake
stflc stflc
pgqva pgqva
ebwcp ebwcp
yqfdk yqfdk
ymcfp ymcfp
yazqf yazqf
vgwoi vgwoi
bwknx bwknx
xcvow xcvow
amfiz amfiz
dbjxw dbjxw
dkjro dkjro
frhgc frhgc
jcwpu jcwpu
gdnim gdnim
evtgj evtgj
syoxv syoxv
cxdes cxdes
sxdiu sxdiu
mlibf mlibf
wcjeg wcjeg
cihba cihba
lpudv lpudv
ahnds ahnds
ehqyk ehqyk
jhlus jhlus
qpbmc qpbmc
iyuas iyuas
qhvsb qhvsb
tkwle tkwle
rzvtg rzvtg
yvbse yvbse
drojn drojn
oxuqn oxuqn
wnelr wnelr
rchbw rchbw
uklga uklga
maqho maqho
joztf joztf
vcwfj vcwfj
osvgp osvgp
tmwdy tmwdy
utdhx utdhx
lnjxt lnjxt
wdquv wdquv
gstwp gstwp
aedvq aedvq
bsvth bsvth
ayrgb ayrgb
zcjqx zcjqx
armnk armnk
kzwah kzwah
btwzv btwzv
pytwh pytwh
qhibx qhibx
ktzce ktzce
kscoz kscoz
tndwl tndwl
ohzfn ohzfn
kjihy kjihy
rjuxc rjuxc
htkwy htkwy
rjdai rjdai
osxbc osxbc
fjdqi fjdqi
evsbm evsbm
cxajk cxajk
bkfuc bkfuc
mtcsd mtcsd
syoxf syoxf
zntkr zntkr
