Hayward Shreveport Hartford NorthLasVegas SterlingHeights Champaign Charlotte Lubbock Melbourne Torrance Brighton Oxnard SanBuenaventura Norwich Utica Anchorage OverlandPark Trenton Anaheim Columbus SantaClara VeroBeach Stamford Marysville Boise Eugene BatonRouge PuntaGorda Hemet Mobile SanBernardino Pueblo Youngstown SouthBend Fresno Topeka Downey Burlington ElPaso SaintPaul GrandRapids Vancouver Henderson NewYorkCity York Tucson Deltona Salem Poughkeepsie Elkhart Modesto Worcester Kalamazoo RoundLakeBeach Independence Cincinnati NewportNews SimiValley Aberdeen SantaClara VeroBeach PalmBay CorpusChristi StPaul Savannah Lacey PortArthur Marina Kissimmee Huntsville ThousandOaks PortSaintLucie Olympia Syracuse Nashua Tyler Arvada Scranton Sarasota HuntingtonBeach Harrisburg BoiseCity Detroit Duluth GreenBay Laredo Roseville Monroe Escondido Mesquite NewBedford Orem Bethlehem Boston ElMonte ElPaso SanAntonio JohnsonCity HavredeGrace Bryan Hampton Gastonia CapeCoral Bloomington Louisville Trenton Flint Fullerton Youngstown Hagerstown Plano Greenville OverlandPark VeroBeach PembrokePines Racine SantaClarita Newburgh Waterbury Victorville Scottsdale Omaha Champaign SterlingHeights Springfield Spartanburg LakeCharles Boulder Carrollton Norwalk Burlington Albuquerque Hialeah Marina Barnstable ThousandOaks Huntsville Reno Shreveport Hayward
97
PuntaGorda PuntaGorda
Tyler Tyler
Cincinnati Cincinnati
ThousandOaks ThousandOaks
Norwich Norwich
PalmBay PalmBay
Tucson Tucson
Utica Utica
Pueblo Pueblo
Albuquerque Albuquerque
Laredo Laredo
NewportNews NewportNews
Barnstable Barnstable
JohnsonCity JohnsonCity
Greenville Greenville
Eugene Eugene
Racine Racine
Nashua Nashua
RoundLakeBeach RoundLakeBeach
Springfield Harlingen
Newburgh Newburgh
HavredeGrace HavredeGrace
Charlotte Charlotte
OverlandPark OverlandPark
Omaha Omaha
Topeka Topeka
CapeCoral CapeCoral
Deltona Deltona
Anchorage Anchorage
Marina Marina Frederick
Salem Salem
Stamford LasVegas Stamford
Downey Downey
Hagerstown Hagerstown
Bryan Birmingham
SanBuenaventura SanBuenaventura
Mesquite Mesquite
Flint Flint
ElMonte McAllen
Lubbock Lubbock
CorpusChristi CorpusChristi
Marysville Layton Marysville
Fullerton Fullerton
Bethlehem Bethlehem
NorthLasVegas NorthLasVegas
Norwalk StLouis
GrandRapids GrandRapids
Boise Boise
Arvada Arvada
Oxnard Oxnard
Hemet Hemet
Scranton Scranton
Fresno Fresno
Waterbury Waterbury
LakeCharles LakeCharles
Olympia Olympia
PortArthur RichmondCounty
Duluth Duluth
Modesto Modesto
Henderson Henderson
HuntingtonBeach HuntingtonBeach
Huntsville Huntsville
Lacey Lacey
Burlington Burlington
Columbus Columbus
Savannah Savannah
Vancouver Vancouver
Detroit Detroit
Hialeah Hialeah
StPaul CathedralCity
NewYorkCity NewYorkCity
GreenBay GreenBay
SouthBend Bakersfield
Monroe Monroe
Louisville Louisville
ElPaso ElPaso
SantaClara SantaClara
Kissimmee Kissimmee
Hampton Newark
Torrance Torrance
Hartford Hartford
Plano Plano
Bloomington Bloomington
Kalamazoo Kalamazoo
NewBedford NewBedford
Carrollton SiouxFalls
Elkhart Elkhart
Champaign Champaign
Anaheim Anaheim
SaintPaul SaintPaul
York York
Spartanburg Spartanburg
Scottsdale Scottsdale
Aberdeen Aberdeen
Mobile Mobile
Melbourne Melbourne
Reno Ogden
