Aberdeen Reno Hampton Lowell Chattanooga SaltLakeCity Redding Montgomery SouthLyon Frederick Modesto SanBernardino Hartford Riverside Henderson Austin Winston Tuscaloosa Hampton Pensacola Elkhart Racine Norwalk Miramar McAllen GreenBay Columbia Lakewood StPetersburg Lewisville Gainesville Scranton Reno Aberdeen
22
Pensacola Pensacola
SaltLakeCity SaltLakeCity
Gainesville Gainesville
Hampton Hampton Newburgh
Winston Winston
Tuscaloosa Tuscaloosa
Henderson WestValleyCity Henderson
Chattanooga Chattanooga
Modesto Modesto
Lewisville Lewisville
Miramar Miramar
Racine Racine
Reno Reno Springdale
Lowell Lowell
SanBernardino SanBernardino
SouthLyon SouthLyon
Austin Austin
Montgomery Montgomery
GreenBay GreenBay
Redding SanAntonio
StPetersburg StPetersburg
McAllen Marina
