Hayward Asheville CedarRapids Memphis Winston Hickory Kennewick PuntaGorda Omaha Topeka Montgomery SantaCruz Tucson Bradenton Huntsville Yonkers Waterloo Springdale McHenry Torrance PalmBay Modesto Hampton RichmondCounty Charlotte BelAir York NewBedford SimiValley SaintPaul AtlanticCity Rochester Downey Abilene GrandRapids SaintLouis Harlingen Waco Corona Deltona Bryan Barnstable Medford GulfportBiloxi Chicago Burbank Newark LakeCharles Washington Tucson Aurora Tucson Bradenton Huntsville KansasCity McAllen Atlanta Sebastian Kennewick NewYorkCity Newark Bloomington Durham Asheville CedarRapids Memphis Winston Murrieta Winston Memphis CedarRapids Hayward
45
PuntaGorda PuntaGorda
Hickory Tyler HuntingtonBeach Hickory
Montgomery ThousandOaks
PalmBay PalmBay
Tucson Tucson
Barnstable Barnstable
Yonkers Yonkers
Burbank Burbank
McHenry McHenry
Harlingen Harlingen
Charlotte Charlotte
Omaha Omaha
Topeka Topeka
Deltona Deltona
Atlanta Danbury Atlanta
Downey Downey
Asheville Asheville
McAllen McAllen
Chicago Chicago
GrandRapids GrandRapids
BelAir BelAir Monroe
Aurora Aurora Bakersfield
CedarRapids CedarRapids
LakeCharles LakeCharles
Bradenton Bradenton
RichmondCounty RichmondCounty
SantaCruz SantaCruz
Modesto Modesto
Huntsville Huntsville
NewYorkCity NewYorkCity
Murrieta Tampa
Springdale Springdale
Hayward SantaClara
Durham Durham
Newark Newark
Torrance Torrance
Memphis Memphis
Kennewick Kennewick
Bloomington Bloomington
NewBedford NewBedford
SaintPaul SaintPaul
York York
Waco Waco
Waterloo Waterloo
Hampton Hampton
