5 1 78 69 27 82 66 8 50 35 168 55 100 46 197 92 115 91 117 97 137 102 122 177 170 20 185 159 16 58 42 89 106 108 196 188 83 103 149 38 157 198 147 124 164 130 112 93 190 5 182 79 26 5
50
1 1
130 130
8 8
137 137
16 16
147 147
20 20
149 149
27 27
157 157
159 159
35 35
164 164
38 38
168 168
42 42
170 170
46 46
177 177
50 50
182 182
55 55
185 185
58 58
188 188
190 190
66 66
196 196
197 197
69 69
198 198
78 78
79 79
82 82
83 83
89 89
91 91
92 92
93 93
97 97
100 100
102 102
103 103
106 106
108 108
112 112
115 115
117 117
122 122
124 124
