Glameow Inkay Spheal Gothorita Archeops Electivire Furret Turtwig Meganium Ivysaur Zygarde Ledian Beheeyem Golett Wartortle Mudbray Fomantis Throh Glalie Buneary Gigalith Spheal Cacturne Weedle Poochyena Piplup Swanna Spiritomb Bergmite Feebas Togepi Sigilyph Yanma Electivire Glameow
23
Electivire Electivire
Spiritomb Spiritomb
Turtwig Wailord
Bergmite Gumshoos Bergmite
Ivysaur Spinarak
Ledian Ledian
Buneary Buneary
Glalie Glalie
Inkay Inkay
Zygarde Zygarde
Togepi Togepi
Yanma Yanma
Mudbray Mudbray
Piplup Piplup
Archeops Archeops
Spheal Spheal
Meganium Meganium
Furret Furret
Glameow Loudred
Gigalith Gigalith
Gothorita Gothorita
Golett Golett
Beheeyem Beheeyem Leavanny
