0 52 101 174 130 75 83 143 0 80 68 126 20 156 179 103 114 85 16 98 135 106 131 73 189 157 197 199 27 151 17 46 184 102 121 23 62 42 155 140 70 45 19 97 72 55 11 171 144 74 125 36 82 147 59 116 109 176 117 168 134 118 152 181 153 6 195 149 63 81 84 68 128 5 26 9 139 108 185 113 136 193 111 198 76 92 10 166 122 7 67 13 145 83 91 25 183 87 180 69 87 34 30 31 138 50 40 148 4 154 139 53 123 0
94
4 4
9 9 88
10 10
11 11
13 13
16 16
17 17
19 19
20 20
23 23
26 26
27 27
30 30
31 31 196
34 34
122 35 122 162
36 36
40 40
42 42
45 45 137
46 46
149 48 149
50 50
52 52
53 53
55 55
59 59
62 62
63 63
68 66
67 67
69 69
70 70
72 72
74 74
75 75
76 76
80 80
81 81
82 82
83 83
84 84
85 85
87 87
91 91
97 97
98 98
102 102
103 103
153 105
106 106
108 108
109 109
111 111
114 114
116 116
117 117
121 121
125 125
126 126
128 128
130 130
131 131
134 134
136 136
138 138
139 139
140 140
143 143
144 144
145 145
147 147
151 151
152 152
156 156
157 157
6 160
166 166
168 168
171 171
174 174
176 176
73 177
179 179
180 180
181 181
183 183
184 184
185 185
189 189
195 195
197 197
198 198
199 199
