1 16 160 32 163 100 0 22 76 50 27 29 164 105 79 57 119 49 193 99 97 100 12 8 30 170 84 124 195 178 39 131 43 117 100 18 115 63 40 191 60 134 62 142 151 177 77 6 159 54 171 180 100 19 88 41 113 100 44 175 80 76 59 121 129 89 189 100 45 196 100 68 55 127 83 100 101 46 137 155 183 100 111 51 150 100 125 182 100 141 21 158 199 100 1
75
0 0
1 1
100 3 10 15 24 25 26 28 31 36 38 56 82 86 136 138 148 153 157 172 174 188 192 194
8 8
12 12
16 16
18 18
19 19
21 21
22 22 35
27 27
29 29 93
30 30
32 32
43 43
44 44
45 45
49 49
50 50
54 54
55 55
57 57
59 59
60 60
63 63
68 68
39 74
76 76
77 77
80 80
83 83
84 84
88 88
89 89 186
97 97
99 99
101 101
105 105
111 111
113 113
115 115
117 117
119 119
121 121
124 124
125 125
127 127
129 129
131 131
134 134
137 137
141 141
142 142
150 150
151 151
155 155
158 158
159 159
160 160
163 163
164 164
170 170
171 171
175 175
177 177
178 178
180 180
182 182
183 183
189 189
191 191
193 193
195 195
196 196
199 199
