74 72 80 76 73 77 75 38 31 39 36 35 32 37 31 38 46 50 41 47 48 46 2 8 6 2 151 157 153 154 160 156 159 151 58 53 55 52 54 57 59 58 118 116 114 111 119 113 118 141 148 146 145 143 142 141 169 165 167 166 168 161 163 164 169 172 174 180 179 178 175 171 172 192 197 198 199 191 192 98 99 96 98 132 136 135 139 137 131 140 135 132 87 89 82 81 88 83 85 81 86 87 21 26 29 28 23 25 24 30 28 21 121 128 122 126 121 18 13 16 19 17 11 14 18 63 70 68 66 61 62 69 63 102 182 185 184 189 182 75 77 72 74
100
2 2
6 6
8 8
11 11
13 13
14 14
16 16
19 19
23 23
25 25
26 26
28 28
29 29
30 30
31 31
32 32
35 35
36 36
37 37
38 38
39 39
41 41
46 46
47 47
50 50
52 52
53 53
54 54
55 55
57 57
58 58
59 59
61 61
62 62
66 66
68 68
69 69
70 70
73 73
74 74
75 75
76 76
77 77
80 80
81 81
82 82
83 83
85 85
86 86
88 88
89 89
96 96
99 99
102 104
111 111
113 113
114 114
116 116
118 118
119 119
122 122
126 126
128 128
131 131
135 135
136 136
137 137
139 139
140 140
141 141
142 142
145 145
146 146
148 148
151 151
153 153
156 156
157 157
160 160
161 161
163 163
164 164
165 165
166 166
167 167
168 168
169 169
172 172
174 174
175 175
178 178
179 179
180 180
185 185
189 189
191 191
192 192
197 197
198 198
199 199
