Soda Guadeloupe China Australia Czech United Azerbaijan Botswana Bouvet Colombia Cocos Cayman Finland Egypt Comoros Cuba Austria Central Aruba Hong Denmark Algeria Antigua Guyana Guam Belize Czech Bermuda Fiji Brazil Cambodia Faroe Azerbaijan Soda
24
United United
Cambodia Cambodia
Aruba Aruba
Fiji Argentina Fiji
Antigua Antigua
Guam Guam
Bermuda Bermuda
China China
Central Central
Australia Australia
Cocos Cocos
Azerbaijan Angola
Austria Austria
Bouvet Bouvet
Belize Belize
Czech Czech
Colombia Colombia
Cayman Cayman
Denmark Denmark
Guyana Guyana
Guadeloupe Guadeloupe
Egypt Egypt
Botswana Botswana
Comoros Comoros
