FleaBottom Bobbingbourne Urubaen Trebon SatishVille Eggmanland Batcave TheBoilingRock Ademre Carvahall Accrington MinistryofMagic Yll TheBurningPlains Olivanders TheBurningPlains TheGreatDivide HighGarden Vintas HorneaterPeaks CrastersKeep ShriekingShack TheSpine Carvahall Westopolis Arkham MinistryofMagic UtgardMountain Severen GringottsBank Ebonfall SatishVille TheAturanEmpire FleaBottom
24
Olivanders Olivanders
Vintas Vintas
Yll Yll
TheBoilingRock TheBoilingRock
TheBurningPlains TheBurningPlains
Batcave Batcave
SatishVille SatishVille
Eggmanland Eggmanland
Carvahall TheVale
Trebon Trebon
ShriekingShack ShriekingShack
UtgardMountain UtgardMountain Glimthain
TheGreatDivide TheGreatDivide
Bobbingbourne Bobbingbourne
Accrington Accrington
MinistryofMagic MinistryofMagic
TheSpine Coalwatch
HighGarden HighGarden
Westopolis Westopolis
Ademre Ademre
Urubaen Urubaen
Arkham Arkham
Ebonfall Ebonfall
GringottsBank GringottsBank
