140 153 123 28 108 186 148 134 59 62 112 22 180 41 101 139 19 11 79 130 115 32 177 61 34 134 42 80 133 185 55 83 57 84 175 117 49 4 103 162 47 196 151 29 168 127 45 50 184 180 6 154 24 144 25 104 182 36 162 103 76 125 179 149 95 158 160 23 65 174 44 145 178 33 190 146 94 137 197 97 93 173 12 166 8 150 27 82 89 35 155 73 100 40 80 133 114 62 167 9 61 177 102 13 122 115 53 169 152 77 18 96 135 10 196 1 39 198 176 123 116 21 19 41 101 7 47 159 195 46 112 22 140
94
4 4
45 5 45
6 6
7 7
8 8
9 9
10 10
11 11
12 12 193
13 13
112 14 112
18 18
19 19
21 21
22 22
25 25 132
27 27
29 29
32 32
35 35
36 36
39 39
40 40
41 41
42 42
44 44
47 47
49 49
50 50
122 51
53 53
55 55
150 56 150
57 57
59 59
61 61
62 62
65 65
73 73
76 76
77 77
79 79
80 80
82 82
83 83 142
84 84
184 85
89 89
93 93
94 94
95 95
96 96
97 97
101 101
102 102
103 103
104 104
108 108
114 114
115 115
117 117
123 123
125 125
127 127
149 128
130 130
133 133
134 134
135 135
139 139
146 146
151 151
153 153
154 154
158 158
159 159
160 160
166 166
167 167
168 168
169 169
152 170
173 173
175 175
176 176
177 177
178 178
179 179
182 182
185 185
186 186
190 190
196 196
197 197
