AAA AAB ABB ABC AAC AAD ABD ACD ACC ACB ACA ADA BAA BAB BBB BBC BAC BAD BBD BCD BCC BCB BCA BDA CAA CAB CBB CBC CAC CAD CBD CCD CCC CCB CCA CDA DAA DAB DBB DBC DAC DAD DBD DCD DCC DCB DCA DDA EAA EAB EBB EBC EAC EAD EBD ECD ECC ECB ECA EDA FAA FAB FBB FBC FAC FAD FBD FCD FCC FCB FCA FDA GAA GAB GBB GBC GAC GAD GBD GCD GCC GCB GCA GDA HAA HAB HBB HBC HAC HAD HBD HCD HCC HCB HCA HDA IAA IAB IBB IBC IAC IAD IBD ICD ICC ICB ICA IDA JAA JAB JBB JBC JAC JAD JBD JCD JCC JCB JCA JDA KAA KAB KBB KBC KAC KAD KBD KCD KCC KCB KCA KDA LAA LAB LBB LBC LAC LAD LBD LCD LCC LCB LBB LAB LAA KDA KCA KBA KAA JDA JCA JBA JAA IDA ICA IBA IAA HDA HCA HBA HAA GDA GCA GBA GAA FDA FCA FBA FAA EDA ECA EBA EAA DDA DCA DBA DAA CDA CCA CBA CAA BDA BCA BBA BAA ADA ACA ABA AAA
60
AAD AAD
IAD IAD
ABB ABB
ABC ABC
IBB IBB
IBC IBC
ACB ACB
ICB ICB
ACD ACD ADD
ICD ICD IDD
BAD BAD
JAD JAD
BBB BBB
BBC BBC
JBB JBB
JBC JBC
BCB BCB
JCB JCB
BCD BCD BDD
JCD JCD JDD
CAD CAD
KAD KAD
CBB CBB
CBC CBC
KBB KBB
KBC KBC
CCB CCB
KCB KCB
CCD CCD CDD
KCD KCD KDD
DAD DAD
LAD LAD
DBB DBB
DBC DBC
LBB LBB
LBC LBC
DCB DCB
LCB LCB
DCD DCD DDD
LCD LCD LDD
EAD EAD
EBB EBB
EBC EBC
ECB ECB
ECD ECD EDD
FAD FAD
FBB FBB
FBC FBC
FCB FCB
FCD FCD FDD
GAD GAD
GBB GBB
GBC GBC
GCB GCB
GCD GCD GDD
HAD HAD
HBB HBB
HBC HBC
HCB HCB
HCD HCD HDD
