Soda Hqrjtum Hmbz Xvkx Rouupns Nwitmhz Yesamropvf Hqengchsddu Besuiq Jdonjesl Nkndh Zcluraciodj Fnao Lhzuvvpmpa Kwniposj Niiglftbp Brcezeb Qcnqbaiah Zgdjffrhk Nklgno Mdnomclrhe Nmfcncwhiz Aqdrmrxjb Aybjrpvt Xmtucbfh Hzinsgk Ttrpbvjdda Weuri Gsdug Lfvepwf Gfax Qxvqdumpbbl Fizeyd Gtgc Zqwjwnlnefm Edqplcotb Inxcijpyf Wlodbyucbjq Yskel Eufcpnaixls Ttkftfcy Fhgjwqkutxz Ewel Sioinvblt Vyledpi Pzdxvrzhdt Ylscbxx Rthio Qhaobijtvl Ybbqswodh Azurxcmynf Xqlxxsqozg Civxfilaeqk Shshl Mtpmo Xiogpn Aodl Bdympbsjhe Zaqrljex Iqfewjmoxea Vlibwe Brgwekrnc Lpcihph Zseccp Lhrjghnz Igcbw Khycsxtrrp Igcbw Bowdktxf Mmzmgkvtqx Nncpo Dqlzagezaf Jwcpy Npgmpqjyei Ydvuvij Lcrsrgxpi Ltdeardrfw Oityp Bylykbmgadb Uymaeuj Yxqxfgj Elgiz Mzeexa Kcjpz Nwtxsn Hgoc Awaq Lkqdreu Uwwmj Lkqdreu Tdreo Wgehgd Ibuuam Mpuidi Jggbevcry Weuri Ufwcxpl Gpqyo Utcvkhqmliy Jvxqdoen Dpiknnvmi Pqvhtvcqo Weuri Aetguutl Qhaobijtvl Ueuphudi Xqlxxsqozg Cdplmrl Zozpqsoh Ckmkjwnh Sihsuutjg Gtgc Ibschxvbrh Nyesh Opyou Nncpo Ygaely Gmnmclt Ibuuam Hwtzkfl Aodl Bdympbsjhe Zaqrljex Wtbchdvcf Tftuismjy Shshl Civxfilaeqk Khoprwfn Vyledpi Oxgcfytsfks Gdfnwyj Jrlyeyiwwu Hozmfldg Hmbz Soda
96
Uwwmj Uwwmj
Jvxqdoen Elfjuircela Jvxqdoen
Aodl Aodl Asqguuggw
Inxcijpyf Inxcijpyf
Uymaeuj Uymaeuj Wcvfecug
Hqrjtum Hqrjtum
Sioinvblt Sioinvblt
Mtpmo Mtpmo
Hqengchsddu Hqengchsddu
Brgwekrnc Brgwekrnc
Yskel Yskel
Nklgno Nklgno
Gtgc Gtgc
Edqplcotb Edqplcotb
Jggbevcry Jggbevcry
Ueuphudi Ueuphudi
Zcluraciodj Zcluraciodj
Oxgcfytsfks Oxgcfytsfks
Kcjpz Kcjpz
Gmnmclt Gmnmclt
Bylykbmgadb Bylykbmgadb
Nwtxsn Nwtxsn
Fhgjwqkutxz Fhgjwqkutxz
Jdonjesl Jdonjesl
Nkndh Nkndh
Hzinsgk Hzinsgk
Hozmfldg Hozmfldg
Ylscbxx Ylscbxx
Ygaely Ygaely
Lcrsrgxpi Lcrsrgxpi
Igcbw Igcbw
Oityp Oityp
Mpuidi Mpuidi
Opyou Opyou
Iqfewjmoxea Iqfewjmoxea
Vyledpi Vyledpi
Hmbz Hmbz
Ttrpbvjdda Ttrpbvjdda
Qhaobijtvl Qhaobijtvl
Zseccp Zseccp
Fizeyd Fizeyd
Aqdrmrxjb Aqdrmrxjb
Khoprwfn Khoprwfn
Lhrjghnz Lhrjghnz
Ibschxvbrh Ibschxvbrh
Ufwcxpl Ufwcxpl
Bdympbsjhe Bdympbsjhe Ddvyvg
Wgehgd Wgehgd
Qxvqdumpbbl Qxvqdumpbbl
Nncpo Nncpo
Mdnomclrhe Mdnomclrhe
Besuiq Besuiq
Yesamropvf Yesamropvf
Aetguutl Aetguutl
Hgoc Hgoc
Yxqxfgj Yxqxfgj
Ttkftfcy Ttkftfcy
Jwcpy Jwcpy
Mzeexa Mzeexa
Lfvepwf Lfvepwf
Zozpqsoh Zozpqsoh
Aybjrpvt Aybjrpvt
Gsdug Gsdug
Vlibwe Vlibwe
Hwtzkfl Hwtzkfl
Rouupns Rouupns
Tftuismjy Tftuismjy
Kwniposj Kwniposj
Utcvkhqmliy Utcvkhqmliy
Wlodbyucbjq Wlodbyucbjq
Wtbchdvcf Wtbchdvcf
Qcnqbaiah Qcnqbaiah
Npgmpqjyei Npgmpqjyei
Cdplmrl Cdplmrl
Ewel Ewel
Shshl Shshl
Xmtucbfh Xmtucbfh
Rthio Rthio
Lhzuvvpmpa Lhzuvvpmpa
Mmzmgkvtqx Rnswnff
Khycsxtrrp Znjvtzp
Weuri Weuri
Eufcpnaixls Eufcpnaixls
Fnao Fnao
Sihsuutjg Sihsuutjg
Azurxcmynf Azurxcmynf
Pzdxvrzhdt Pzdxvrzhdt
Niiglftbp Niiglftbp
Pqvhtvcqo Ikfqsv
Xvkx Xvkx
Nwitmhz Nwitmhz
Tdreo Tdreo
Lpcihph Lpcihph
Dpiknnvmi Dpiknnvmi
Xiogpn Xiogpn
Xqlxxsqozg Xqlxxsqozg
