Soda Idwoxehtk Rfgfrncmnd Hbogcfyxa Ojnvskrpfp Fpujhjd Rjuvckvy Sicichvcten Rjuvckvy Kahi Wksfdqrv Bbvlwxnejni Kvcj Wgigv Ygykrl Dacrfmpv Rfgfrncmnd Ycnmyyspjf Naovhz Plptbkef Cgcszojbs Gsbrvvyhxcc Ncyuq Xiykasaul Pvqvkpcd Naovhz Kpdxi Obpzvveihj Lwpi Ukih Rfwigv Gzgo Xiykasaul Soda
22
Ncyuq Ncyuq
Obpzvveihj Xgyovgk Xmibe
Kvcj Kvcj
Ojnvskrpfp Ojnvskrpfp
Rfwigv Sjwkqvmzq Rfwigv
Xiykasaul Xiykasaul
Dacrfmpv Dacrfmpv
Hbogcfyxa Hbogcfyxa
Fpujhjd Fpujhjd
Plptbkef Plptbkef
Bbvlwxnejni Jdqn
Pvqvkpcd Pvqvkpcd
Ygykrl Ygykrl
Soda Soda
Wgigv Wgigv
Gsbrvvyhxcc Gsbrvvyhxcc
Rjuvckvy Rjuvckvy
Cgcszojbs Ncul
Ycnmyyspjf Ycnmyyspjf
Sicichvcten Sicichvcten Wdhdwqbb
Wksfdqrv Wksfdqrv
Idwoxehtk Idwoxehtk
