Soda Eqtpmllrky Vlgzfpnbc Cyvexr Mvcjmf Lhsmxzizl Saglt Pliaph Qwebscsrirm Swqguyhe Padpmqkrh Mzwrip Fwerc Ibnxkznems Xyqun Phjuuz Lcia Shqm Prteefgv Vbbopctjfsu Yyrymdkl Xkegoqksfou Eankdxbivc Nqdl Myxxw Ppbp Fwmaudwdwa Sybrdrzb Ugtgajtqmg Prteefgv Fedxvznrqw Lwkzgtniodd Locjp Svdpn Hfbml Psynz Qwisoqgzm Zgvnjegpj Usfucahrvrj Uqfqb Zcefzlovt Lhsmxzizl Mvcjmf Vbibp Pxeoninncbl Fagweskgci Yxjvwhefqif Vevhjnfq Vvvqw Fmgwavgppb Tbyuqkgtm Jfpmcxyq Jnaceez Tjqkxczzumv Xbpw Fvndgg Efxaew Ncfr Cyvexr Vlgzfpnbc Hoir Fedxvznrqw Locjp Wyvuhfzpeh Lisdkopju Bjxy Soda
45
Swqguyhe Swqguyhe
Lwkzgtniodd Lwkzgtniodd Hbsc
Lhsmxzizl Lhsmxzizl
Vbibp Vbibp
Hfbml Hfbml
Phjuuz Phjuuz
Svdpn Svdpn
Ncfr Ncfr
Yyrymdkl Yyrymdkl
Xbpw Xbpw
Vbbopctjfsu Vbbopctjfsu
Fmgwavgppb Fmgwavgppb
Fwerc Fwerc
Uqfqb Uqfqb
Saglt Saglt Lyurrdtdw Rchfmjdesx
Tjqkxczzumv Tjqkxczzumv
Shqm Zxrxvqvnm
Lcia Lcia
Prteefgv Kslp Prteefgv
Eqtpmllrky Eqtpmllrky
Yxjvwhefqif Yxjvwhefqif
Jnaceez Jnaceez
Mzwrip Mzwrip
Ibnxkznems Ibnxkznems
Tbyuqkgtm Rxeuijsrpky
Ppbp Slhe
Xkegoqksfou Xkegoqksfou
Vvvqw Vvvqw
Zgvnjegpj Zgvnjegpj
Psynz Psynz
Zcefzlovt Zcefzlovt Nkqzgfasj
Padpmqkrh Padpmqkrh
Hoir Hoir
Fagweskgci Fagweskgci
Nqdl Nqdl
Qwebscsrirm Qwebscsrirm
Ugtgajtqmg Ugtgajtqmg
Pliaph Pliaph
Fwmaudwdwa Fwmaudwdwa
Xyqun Xyqun
Cyvexr Cyvexr
Wyvuhfzpeh Wyvuhfzpeh
Vlgzfpnbc Vlgzfpnbc
Usfucahrvrj Usfucahrvrj
Myxxw Myxxw
