0 18 13 21 13 117 85 89 81 37 60 49 144 78 55 52 68 7 56 38 193 80 93 43 187 25 4 97 139 28 77 42 47 62 76 20 51 105 8 19 12 34 99 5 36 35 26 64 72 90 45 44 65 102 73 33 25 79 66 90 50 109 91 148 46 154 133 31 40 94 23 15 61 9 98 87 17 70 1 84 54 157 27 142 29 57 39 63 86 161 120 32 172 40 92 24 100 67 177 16 6 96 22 75 151 95 83 88 126 87 59 53 69 97 139 10 116 2 114 3 0
94
13 13
97 97
139 48
31 31
87 87
95 95
81 81
44 44
17 17
177 74
29 29
40 40 14
4 4
21 21 82
25 25
16 16
85 85
88 88
6 6
86 86
68 68
93 93
75 75
53 53
50 50
3 3
70 70
61 61
33 58 33
19 19
60 60
64 64
73 73
46 46
80 80
52 52
42 42
83 83
99 99
49 49
34 34
65 65
27 27 41
22 22
79 79
18 18
5 5
1 1
15 15
55 55
2 2
43 43 11
84 84
20 20
54 54
94 94
37 37
69 69
66 66
0 0
92 92
32 32
62 62
10 10
28 28
56 56
38 38
187 71
78 78
90 90
24 24
47 47
12 12
7 7
59 59
98 98
72 72
45 45
23 23
63 63
9 9
57 57
67 67
35 35
36 36
89 89
39 39
8 8
91 30 91
26 26
96 96
76 76
77 77
51 51
