0 5 67 76 69 65 51 80 59 28 12 42 23 20 87 78 32 96 17 74 56 30 33 85 50 68 45 37 26 13 15 14 2 58 16 97 35 48 83 93 19 46 64 60 54 76 67 3 36 1 62 73 75 51 83 59 83 88 22 24 22 2 58 10 91 87 78 49 5 33 53 15 11 87 91 64 46 19 46 64 60 1 62 5 0
46
2 2
3 3
11 6 11
87 7
97 9
10 10
12 12
13 13
14 14
15 15
16 16
17 17
53 18
20 20
23 23
26 26
78 29
30 30
33 31
32 32
36 36
58 41 58
42 42
45 45
46 46
48 48
54 54
56 56
59 59 99
60 60 77
76 61
19 63
64 64
67 67
68 68
69 69
74 74
75 75
51 79
80 80
96 82
85 85
49 89
91 91
93 93
24 98
