0 55 57 112 188 123 128 99 137 172 120 196 106 147 23 67 94 144 185 35 182 12 69 142 38 145 100 145 132 194 43 45 157 148 64 81 101 83 82 29 167 189 11 143 96 105 72 150 186 89 117 20 149 10 149 163 56 77 21 169 141 95 90 197 24 174 116 140 14 167 98 170 124 183 125 195 1 114 134 119 48 16 66 169 86 175 192 129 58 19 152 59 135 85 164 127 108 57 55 0 84 13 79 121 102 51 100 145 50 39 36 160 131 91 140 2 112 139 191 181 191 85 135 59 171 74 132 178 55 0
86
1 1
2 2
128 3
139 9 139
10 10 176
11 11
12 12
13 13
14 14
16 16
19 19
20 20
21 21
23 23
24 24
124 26 124
67 27 67
29 29
35 35
38 38
39 39
157 41 157
43 43
45 45
96 46
85 49 85
50 50
51 51
116 52
55 55 92
56 56
57 57 138
59 59
64 64
66 66
181 68
69 69 161
189 71 189
72 72
182 73 182
74 74
77 77
82 82
83 83 198
86 86
89 89
90 90
94 94
95 95
186 97 186
99 99
100 100
101 101
102 102
114 103
147 104 147
105 105
106 106
81 107
108 108
112 112
119 119
123 123
125 125
129 129
132 132
137 137
141 141
142 142
143 143
148 148
150 150
152 152
160 160
164 164
98 166
167 167
169 169
170 170
172 172
175 175
185 185
188 188
195 195
196 196
197 197
