0 24 132 126 162 100 182 40 44 142 192 104 61 6 39 196 128 32 82 136 186 138 161 108 67 98 158 86 14 46 8 144 123 12 18 42 84 96 112 160 118 54 48 97 146 166 198 134 130 154 106 178 188 88 34 194 60 57 176 180 110 92 140 109 122 28 76 150 30 2 114 94 58 37 4 90 78 171 74 190 64 20 170 102 193 91 72 40 36 80 172 191 120 168 163 16 52 103 160 149 22 69 184 174 152 26 62 148 70 156 38 50 192 0
96
0 0
2 2
4 4
6 6
8 8
160 10 160
12 12
14 14
16 16
18 18
20 20
22 22
24 24
26 26
28 28
30 30
32 32
34 34
36 36
38 38
40 40
42 42
44 44
46 46
48 48
50 50
52 52
54 54
92 56 68 92
58 58
60 60
62 62
64 64
149 66
70 70
72 72
74 74
76 76
78 78
80 80
82 82
84 84
86 86
88 88
90 90
94 94
96 96
98 98
100 100
102 102
104 104
106 106
108 108
110 110
112 112
114 114
91 116
118 118
120 120
122 122
130 124 130
126 126
128 128
132 132
134 134
136 136
138 138
140 140
142 142
144 144
146 146
148 148
150 150
152 152
154 154
156 156
158 158
162 162
61 164
166 166
168 168
170 170
172 172
174 174
176 176
178 178
180 180
182 182
184 184
186 186
188 188
190 190
192 192
194 194
196 196
198 198
