71 37 60 35 11 5 83 88 41 31 79 73 26 47 67 42 70 42 36 30 25 99 7 87 61 39 52 86 89 59 29 16 24 34 69 40 47 67 90 85 52 39 61 75 19 75 15 94 45 62 66 58 77 93 55 32 6 99 43 84 81 95 21 95 81 33 2 39 3 14 54 49 13 97 28 3 39 52 86 56 68 56 86 18 27 9 65 9 0 9 65 96 38 64 91 37 71
46
0 0
2 2
5 5
6 6
7 7
47 10 47
11 11
13 13
15 15
18 18
19 19 74
21 21 50
24 24
26 26
28 28
29 29
30 30
33 33
35 35
36 36
38 38
39 39
41 41
42 42
45 45
49 49
70 53 70
54 54
55 55
59 59
60 60
61 61
64 64
65 65
66 66
69 69
77 77
68 78
79 79
84 84
85 85
87 87
88 88
94 94
95 95
96 96
