Chelmbourne Edgwich Staintree Elgrove Wenborough Prestey Sudwich Enlow Waltbrook Hornley Pemwold Melborne Egcastle Cookbridge Rocktree Whitborough Rocktree Barnden Shrivlow Flitham Enbage Stainside Whitover Stainhall Southmere Shrivside Edglow Dartsted Kingsbrook Wenden Stainfield Pemwood Bracklow Leatherlow Alfby Stapwell Bromgrove Hartbage Barngrove Egborne Cookton Horncester Edgchester Wenwang Stapwold Marlton Alfwell Casford Stapwang Bursted Staflow Cleredon Wyhead Sodside Brainbridge Nortcastle Whitavon Alfcastle Barnham Stapmoor Stapthorne Clerethorne Burchester Hurstworth Rocktree Barnden Durditch Hornley Barngrove Prestdon Stainden Casford Wetborne Chelmbourne
54
Hornley Hornley
Pemwold Pemwold
Dartsted Dartsted
Bracklow Bracklow
Sudwich Sudwich
Stapmoor Stapmoor
Flitham Kingsley Flitham
Stapwell Stapwell
Wenwang Sudworth Wenwang
Chelmbourne Shaftwich
Alfwell Aldhall Alfwell
Wenden Wenden
Edgchester Edgchester
Enlow Enlow
Wenborough Wenborough
Southmere Southmere
Waltbrook Waltbrook
Whitover Whitover
Marlton Marlton
Stapthorne Stapthorne
Egborne Egborne
Cleredon Cleredon
Stainside Stainside
Hartbage Hartbage
Pemwood Pemwood
Prestey Prestey
Barnham Barnham
Casford Casford
Alfby Leatherlake Alfby
Whitborough Whitborough Horndown
Prestdon Prestdon
Hurstworth Hurstworth
Stainhall Stainhall
Stainfield Elside
Enbage Enbage
Whitavon Whitavon
Shrivlow Shrivlow
Bursted Bursted
Rocktree Rocktree
Sodside Sodside
Staintree Staintree
Durditch Durditch
Shrivside Shrivside
Wyhead Wyhead
Clerethorne Barnside
Edgwich Edgwich
Horncester Horncester
Staflow Staflow
Brainbridge Brainbridge
Egcastle Egcastle
Elgrove Elgrove
Leatherlow Leatherlow
Cookton Cookton
Cookbridge Cookbridge
