Soda Browning Kenilworth Bret Vermont Bristol Keeler Pardee Yolo Martin Haskell Bowditch Fresno Center Bataan Haste Kentucky Marin Greenwood Heinz Allston Solano Addison Shasta Columbia Byron Haviland Belrose Menlo Bancroft Cutter Muir Florida Fulton Amador High Kentucky Forest Ajax Poppy Arch Anne Hospital Mabel Summit Vicente Alvarado Overlook Mabel Spring Mabel Terrace Latham Lewiston Eunice Domingo Soda
44
Addison Addison
Ajax Ajax
Allston Allston
Anne Anne
Arch Arch
Bancroft Bancroft
Bataan Bataan
Belrose Belrose
Bowditch Bowditch
Bret Bret
Bristol Bristol
Browning Browning
Menlo Burnett Colusa Menlo
Byron Byron
Columbia Columbia
Spring Comstock Poplar Spring
Cutter Cutter
Domingo Domingo
Lewiston Edith Lewiston
Eunice Eunice
Florida Florida
Forest Forest
Fresno Fresno
Fulton Fulton
Greenwood Greenwood
Haskell Haskell
Haste Haste
Haviland Haviland
Heinz Heinz
High High
Hospital Hospital
Keeler Keeler
Kenilworth Kenilworth
Mabel Mabel
Marin Madera Marin
Martin Martin
Muir Muir
Overlook Overlook
Pardee Pardee
Poppy Poppy
Shasta Shasta
Summit Summit
Terrace Terrace
Vermont Vermont
