186 14 2 5 17 11 19 22 29 32 33 30 35 49 45 70 61 67 71 74 86 89 90 79 97 107 104 121 108 134 128 136 138 140 143 144 150 156 157 162 168 174 172 178 177 183 190 188 194 195 196 198 186
51
128 128
2 2
5 5
134 134
136 136
138 138
11 11
140 140
14 14
143 143
144 144
17 17
19 19
150 150
22 22
156 156
157 157
30 30
29 29
32 32
33 33
162 162
35 35
168 168
172 172
45 45
174 174
49 49
178 178
177 177
183 183
188 188
61 61
190 190
194 194
195 195
67 67
196 196
198 198
70 70
71 71
74 74
79 79
86 86
89 89
90 90
97 97
104 104
107 107
108 108
121 121
