Whitgrove Sodberling Ellerbridge Boothingchester Sundendford Botbeck Whitringlake Milthorne Rothingcombe Faldenhall Wethampton Egsted Southmere Ribberrenston Farnditch Abglewold Wychditch Rothendcombe Bastlebury Emmerley Tippendham Basditch Hampingcastle Waltbeck Cannerthorne Elside Wetsmith Warsmith Falderbrough Marlbrook Wychchester Prestwick Egmerhampton Suddenmoor Melwood Endleshall Candleswick Skellingover Warsmith Horsnell Siavon Abgleham Sundlethorne Fullensborne Blansbrook Rotherlow Worford Falderseythorne Durbrook Sodport Skelberden Hamscombe Alfmere Leatherport Alddleringworth Worhall Hampingworth Bursmith Hannersmith Shaftborough Wychcompwold Sirenshall Hampingbascombe Wetwick Stapbrook Southbury Bassinghead Nortwell Marlcester Penddenchester Suddingover Ellerbridge Ketchester Watchlake Tippingbage Dartden Cirerham Wolley Elfield Falworth Botshot Hurstdown Shaftwick Abcester Sifield Enderbeck Marlbeck Sodberling Bromstanham Clereennell Botbeck Dribblecombe Whitgrove Sodberling Bothenton Cookfield Staindledown Endingnell Toddenmerbrough Casbrook Redcombe Siey Worhall Alddleringworth Bothenhall Worrenberwang Tipstoke Burlake Endleberey Reddingtree Stapbrough Penby Cihead Staplow Ketchester Watchlake Tippendham Stainbrough Worford Dribberham Wychcompwold Aldtree Todhampton Bootwick Wycastle Boothingchester Ellerbridge Sodberling Whitgrove
91
Hampingworth Hampingworth
Staplow Staplow
Wetsmith Wetsmith
Horsnell Horsnell
Ketchester Boothingmanstree Ketchester
Bastlebury Bastlebury Hamwold
Sodport Sodport
Sirenshall Sirenshall
Alfmere Alfmere
Emmerley Emmerley
Cihead Skellenshot Cihead
Prestwick Prestwick Ketnell
Worhall Worhall Reddendeney
Rothendcombe Rothendcombe
Nortwell Nortwell
Reddingtree Eley
Wetwick Wetwick
Worrenberwang Worrenberwang
Sifield Sifield
Blansbrook Blansbrook
Bromstanham Bromstanham
Falworth Falworth
Abcester Abcester
Falderseythorne Falderseythorne
Leatherport Leatherport
Elside Elside
Marlbeck Tippenbrook
Dartden Dartden
Durbrook Durbrook Toddenmoor
Hampingcastle Hampingcastle
Dribblecombe Dribblecombe
Stapbrough Stapbrough
Sundendford Chedworth Sundendford
Tippendham Tippendham
Watchlake Watchlake Farndlesover
Basditch Basditch
Egmerhampton Egmerhampton
Tipstoke Tipstoke
Dribberham Dribberham
Whitgrove Whitgrove
Wycastle Wycastle
Rothingcombe Rothingcombe
Bothenhall Bothenhall
Endleberey Endleberey
Candleswick Candleswick
Sundlethorne Sundlethorne
Shaftborough Shaftborough
Whitringlake Whitringlake
Enderbeck Enderbeck
Penby Penby
Casbrook Casbrook
Siavon Siavon
Farnditch Farnditch
Botbeck Botbeck
Abglewold Abglewold
Bootwick Bootwick
Southmere Southmere
Suddenmoor Suddenmoor Staincombe
Milthorne Milthorne
Clereennell Clereennell
Egsted Egsted
Ellerbridge Ellerbridge
Ribberrenston Ribberrenston
Wychchester Wychchester
Suddingover Suddingover
Cannerthorne Cannerthorne
Worford Worford
Skellingover Skellingover
Southbury Southbury
Warsmith Horstleover
Abgleham Abgleham
Stainbrough Wendleringdown
Skelberden Skelberden
Waltbeck Waltbeck
Wolley Wolley
Hampingbascombe Hampingbascombe
Wethampton Wethampton
Bursmith Bursmith
Siey Siey
Rotherlow Rotherlow
Melwood Melwood
Sodberling Sodberling
Bothenton Bothenton
Tippingbage Tippingbage
Marlcester Marlcester
Faldenhall Faldenhall
Wychcompwold Wychcompwold
Marlbrook Marlbrook
Redcombe Redcombe
Endingnell Endingnell
Todhampton Todhampton
