Warfield Chilbury Brackcompwang Chelmstanwell Hammerringey Skelling Suddleborne Cammerrensmoor Wyborne Cambingstoke Suddlecombe Chippingsted Botherseyworth Falport Soddlewick Hamsling Hannenmanswick Ashborne Tipwick Cannerthorne Chedderrenswich Ciditch Stainbrough Fulbourne Southbasport Elcompbridge Chiphead Pendingbrook Ketsmith Whitchester Siringwang Chedtree Burglebrough Sudsmith Suddleover Chedtree Millendon Windling Dribblewick Skellingden Barndberbrough Worhall Dribbingworth Bastleseyham Hammenshead Cicombe Todtree Cannerthorne Chedderrenswich Dartseyworth Worberbrook Sundlerensford Ashfield Suddlecombe Horstlescompstoke Bothingney Pendingbrook Ketsmith Warfield
43
Barndberbrough Barndberbrough
Pendingbrook Suddlecastle Pendingbrook
Chedtree Chedtree
Ashfield Ashfield Ketport
Suddleborne Suddleborne
Soddlewick Soddlewick
Chippingsted Chippingsted
Suddlecombe Ellingreham Basringney Suddlecombe
Burglebrough Burglebrough
Suddleover Suddleover
Sudsmith Elmansham Sudsmith
Worberbrook Worberbrook
Whitchester Whitchester
Warfield Warfield
Chilbury Chilbury
Cambingstoke Cambingstoke
Windling Windling
Dribbingworth Leatherbleside Dribbingworth
Cammerrensmoor Cammerrensmoor
Botherseyworth Botherseyworth
Tipwick Tipwick
Chelmstanwell Chelmstanwell
Horstlescompstoke Horstlescompstoke
Falport Pendlewood Falport
Hannenmanswick Hannenmanswick
Chiphead Chiphead
Cicombe Cicombe
Skellingden Skellingden
Brackcompwang Brackcompwang
Stainbrough Stainbrough
Todtree Todtree
Bastleseyham Bastleseyham
Chedderrenswich Chedderrenswich
Hammerringey Hammerringey
Ashborne Ashborne
Southbasport Southbasport
Wyborne Wyborne
Worhall Worhall
Siringwang Siringwang
Hamsling Hamsling
Ciditch Northall
Millendon Millendon
Skelling Skelling
