Hamsbourne Chipfield Hamperrehampton Prestbourne Elbage Cimansbrough Wendleslake Boothenrensborough Wendleslake Stafdenbourne Enderton Camhampton Shaftthorne Skelgrove Rocklow Suddlebaschester Chilringfield Rotmerby Sunderborough Rotmerby Chilringfield Egginglow Sodderrenshead Leatherblesley Botherstanport Prestbourne Skelgrove Sudbage Shaftthorne Camhampton Horscompborne Chipfield Hamperrehampton Prestbourne Botherstanport Leatherblesley Enderton Dribstoke Endbeck Dribstoke Rocklow Camsborne Sundlechester Hamsbourne
20
Enderton Enderton
Sundlechester Sundlechester
Camhampton Hartberbury Camhampton
Chipfield Chipfield Cammercastle
Hamperrehampton Hamperrehampton
Leatherblesley Leatherblesley Camswich
Boothenrensborough Candlesdon Boothenrensborough
Skelgrove Warrewick
Endbeck Melshot
Sodderrenshead Sodderrenshead
Shaftthorne Shaftthorne
Sunderborough Ciley Sunderborough
Rocklow Rocklow
Stafdenbourne Chipsted
Sudbage Sudbage
Chilringfield Chilringfield
Prestbourne Prestbourne
Cimansbrough Cimansbrough
Botherstanport Wolvencester
Rotmerby Rotmerby
