0 15 30 45 31 47 63 48 33 18 3 4 5 6 7 8 23 24 9 10 25 40 54 53 68 52 36 50 65 80 95 80 79 78 77 76 75 90 75 91 107 122 106 122 107 91 92 108 93 94 109 124 123 108 93 94 79 80 81 82 83 84 85 70 71 56 41 57 73 58 43 28 12 11 10 9 8 7 6 5 20 5 4 19 34 49 48 62 64 65 80 81 82 98 99 84 85 100 85 86 87 103 104 103 87 86 85 84 83 82 81 80 65 64 62 48 33 17 16 0
49
0 0
3 3
5 5
7 7
8 8
10 10
12 13
15 15
18 18
20 20 35
23 23
25 25
28 28
30 30
31 31 46
34 34
36 36 51
40 40
41 41 55
45 45
47 47
50 50
52 52
56 56
57 57
63 63
68 68
70 70
71 71
73 73
75 75
76 76
78 78
80 80
83 83
85 85
87 88
90 90 105
93 93
95 95 110 111
98 98
100 100 115 116
103 103
106 106 120 121
108 108
109 109
104 119
122 122
124 124
