0 49 154 116 32 75 116 6 38 153 110 44 182 77 50 157 70 155 28 103 170 146 136 91 19 74 63 126 111 22 118 48 199 186 180 179 196 105 81 78 12 10 100 133 125 168 156 141 4 14 83 60 104 97 36 73 184 128 134 191 127 109 9 35 164 24 61 117 107 159 87 130 20 121 197 186 193 178 151 39 8 26 176 86 106 175 17 118 31 190 99 85 160 145 161 163 194 76 139 18 185 54 98 56 154 102 108 89 173 65 84 42 109 25 12 69 135 81 58 105 79 96 67 47 29 119 117 0
96
4 4
6 6
9 9
10 10
12 12
14 14
17 17
18 18
19 19
20 20
22 22
24 24
25 25
26 26
185 27 185
28 28
31 31
32 32
36 36
38 38
39 39
42 42
44 44
47 47
48 48
49 49
50 50
111 51 111 149
58 58
63 63
118 64
65 65
67 67
69 69
70 70
74 74
75 75
77 77
78 78
79 79
81 81
83 83
85 85
87 87
89 89
91 91
29 95
96 96
98 98
99 99
100 100
102 102
103 103
104 104
106 106
108 108
109 109
116 116 120
117 117
119 119
121 121
125 125
126 126
128 128
130 130
133 133
134 134
191 137
35 138
139 139
145 145
146 146
151 151
155 155
156 156
157 157
159 159
160 160
163 163
8 166
168 168
170 170
173 173
175 175
176 176
178 178
179 179
180 180
182 182
184 184
186 186
193 193
194 194
196 196
197 197
199 199
