0 185 23 153 115 107 155 128 28 187 154 114 17 5 160 8 163 190 21 129 47 89 19 125 50 182 137 17 72 78 52 199 59 106 177 94 17 96 175 173 6 15 16 116 66 188 22 74 38 145 26 167 69 176 51 164 111 112 135 83 130 9 103 31 151 24 152 143 175 117 14 13 102 30 81 3 35 157 138 178 70 166 108 37 101 196 18 192 113 76 42 159 43 87 11 193 39 56 67 2 98 88 183 100 112 135 27 158 123 48 4 119 165 141 58 86 84 46 12 26 80 110 88 172 134 37 101 68 92 170 71 8 135 93 22 188 0
96
0 0
163 1 146
2 2
3 3
4 4
5 5
8 8
9 9
11 11 65
13 13
14 14
15 15
16 16
17 17
18 18
108 20
21 21
22 22
23 23
24 24
26 26
27 27
28 28
31 31
76 33
35 35
38 38
39 39
42 42
43 43
47 47
50 50
51 51
52 52
56 56
59 59
66 66
67 67
68 68
69 69
70 70
71 71
72 72 184
74 74
78 78
80 80
81 81
83 83
84 84
86 86
89 89
93 93
94 94
96 96
98 98
100 100
101 101
102 102
103 103
107 107
111 111
114 114
115 115
116 116
12 120
125 125
128 128
129 129
130 130
30 133 197
134 134
137 137
138 138
141 141
143 143
151 151
152 152
153 153
154 154
157 157
158 158
159 159
160 160
164 164
166 166
167 167
172 172
173 173
119 174
177 177
182 182
183 183
187 187
190 190
193 193
199 199
