Kaimganj Leixlip Isakogorka Yucheng Korolev Tsirang MilpaAlta MontecatiniTerme GobernadorGalvez Novopokrovskaya Albi Karasuyama Tsukawaki Novopokrovskaya Anahuac MilpaAlta PinhalNovo Racine Gobo Malaybalay Dankov Narangba GobernadorGalvez Tocache Kansk EncarnaciondeDiaz Mesa Kawit Fagaras Pilibhit Norristown Brecht Tsirang MilpaAlta Kaimganj
23
Dankov Dankov
Karasuyama Karasuyama
Narangba Narangba
Pilibhit Irvine Pilibhit
Tsukawaki Tsukawaki
Fagaras Fagaras
Racine Racine
PinhalNovo PinhalNovo
Brecht Brecht
Anahuac Anahuac
Yucheng Yucheng
Korolev Korolev
EncarnaciondeDiaz EncarnaciondeDiaz
Novopokrovskaya Novopokrovskaya
Albi Albi
Tsirang Tsirang
Tocache Fandriana Tocache
Isakogorka Isakogorka
GobernadorGalvez GobernadorGalvez
Gobo Gobo
Leixlip Leixlip
MilpaAlta MilpaAlta
MontecatiniTerme MontecatiniTerme
