2 9 179 49 73 45 189 66 93 31 181 91 140 169 199 27 131 17 139 11 57 75 109 175 87 124 123 101 33 97 135 113 195 55 19 7 99 105 10 39 95 196 7 151 115 183 36 63 35 27 76 161 165 26 119 153 147 1 147 13 28 137 133 154 129 185 3 47 5 155 154 159 25 173 8 163 52 111 85 145 103 61 23 77 65 53 121 166 37 81 72 149 144 193 177 4 127 142 143 89 34 38 117 82 43 41 164 83 157 79 21 167 164 197 71 195 69 59 36 141 17 2
95
1 1 51
3 3
5 5
7 7
9 9
11 11
13 13
95 15 95
17 17
19 19
21 21
23 23
25 25
27 27
161 29 161
31 31
33 33
35 35
37 37
39 39
41 41
43 43
45 45
47 47 107
49 49
53 53
55 55
57 57
59 59
61 61
63 63
65 65
34 67
69 69
71 71
73 73
75 75
77 77 187
79 79
81 81
83 83
85 85
87 87
89 89
91 91
93 93
97 97
99 99
101 101
103 103
105 105
109 109
111 111
113 113
115 115
117 117
119 119
121 121
123 123
72 125
127 127
129 129
131 131
133 133
135 135
137 137
139 139
141 141
143 143
145 145
147 147
149 149
151 151
153 153
155 155
157 157
159 159
163 163
165 165
167 167
169 169
196 171
173 173
175 175
177 177
179 179
181 181
183 183
185 185
189 189
82 191
193 193
195 195
197 197
199 199
