0 1 6 11 16 21 26 32 33 31 37 31 35 34 31 37 36 42 41 46 51 57 58 56 61 66 71 76 81 76 71 66 61 56 59 60 56 61 62 63 61 66 71 74 75 71 76 81 83 82 81 76 79 80 76 71 66 61 65 64 61 56 57 51 53 52 51 46 41 46 48 47 46 51 57 56 61 66 71 73 72 71 76 81 76 71 66 71 76 81 87 86 92 93 91 96 101 106 101 96 91 94 95 91 96 101 105 104 101 103 102 101 106 112 111 116 121 127 128 126 131 136 141 146 151 156 162 156 151 146 141 136 131 126 130 129 126 131 136 141 144 145 141 146 151 153 152 151 156 162 161 164 165 161 167 166 171 176 181 186 181 176 171 176 181 186 181 184 185 181 176 180 179 176 171 166 170 169 166 171 176 181 186 192 191 196 197 198 0 1 6 11 16 21 26 29 30 26 21 16 11 12 13 11 16 21 25 24 21 26 21 16 11 6 1 0 198 197 196 191 196 197 198 0 1 6 1 0 198 197 196 191 192 186 181 176 171 166 167 161 162 156 151 146 141 136 131 126 127 121 116 121 116 111 116 121 127 126 131 136 141 143 142 141 136 137 138 136 140 139 136 131 136 141 146 151 146 141 136 131 126 127 121 116 111 112 106 107 108 106 101 96 97 98 96 99 100 96 101 106 101 96 91 92 86 87 81 76 71 66 61 56 57 51 46 41 42 36 37 31 32 26 21 16 11 6 1 0
94
1 3
6 7
12 12
13 13
11 14
16 17 19
21 22
24 24
25 25
26 27
29 29
30 30
32 32
33 33
34 34
35 35
37 38
36 39
42 42
41 44
47 47
48 48
52 52
53 53
58 58
59 59
60 60
62 62
63 63
64 64
65 65
66 68 70
72 72
73 73
74 74
75 75
76 78
79 79
80 80
82 82
83 83
81 84
87 87
86 90
93 93
94 94
95 95
97 97
98 98
99 99
100 100
102 102
103 103
104 104
105 105
107 107
108 108
106 109
112 112
111 113 114
116 118
121 122
127 127
128 128
129 129
130 130
131 135
137 137
138 138
139 139
140 140
142 142
143 143
144 144
145 145
146 149
152 152
153 153
151 155
156 159
162 162 163
164 164
165 165
169 169
170 170
171 173
179 179
180 180
181 183
184 184
185 185
186 187 189
192 192
191 193 195
