93 18 157 138 18 62 70 174 143 77 165 43 87 136 177 53 64 170 56 34 90 176 147 26 19 154 47 91 40 116 82 151 52 163 63 86 119 1 109 36 95 2 73 161 137 49 117 168 14 99 11 66 65 126 98 107 24 4 76 16 39 140 122 41 171 125 141 81 35 61 79 54 72 45 51 128 84 111 86 57 132 105 101 172 124 169 20 130 75 102 27 129 131 129 46 146 70 80 121 49 93
85
1 1
2 2
4 4
14 14
18 18
19 19
20 20
24 24
26 26
27 27
34 34
36 36
131 38 115 131
39 39
40 40
43 43
46 46
47 47
49 49
51 51
52 52
53 53
56 56
57 57
61 61
62 62
63 63
64 64
65 65
66 66
132 67
70 70
72 72
73 73
129 74 129
75 75
76 76
77 77
79 79
80 80
81 81
82 82
84 84
86 86
87 87
90 90
91 91 110
95 95
98 98
99 99
101 101
102 102
105 105
170 108 170
109 109
111 111
116 116
117 117
119 119
121 121
122 122
124 124
125 125
130 130
136 136
137 137
138 138
140 140
141 141
143 143
146 146
147 147
151 151
154 154
169 155 169
157 157
161 161
163 163
165 165
168 168
171 171
172 172
174 174
176 176
177 177
