Acton Carlsbad Bellflower Bolinas Angwin Atascadero Bonsall Clyde Boronda Beckwourth Calistoga Anaheim Bystrom Aromas Bootjack Azusa Brea Bishop Carson Antioch Bluewater Cerritos Bell Alpaugh Benicia Beaumont Calabasas Brentwood Biola Arbuckle Blythe Danville Armona Berkeley Alameda Carrick Bonita Belvedere Arcadia Belmont Brisbane Corning Brawley Alhambra Ashland Covelo Cartago Bodfish Cotati August Castroville Fontana Alpine Columbia Avalon Alamo Banning Dinuba Alturas Florin Calexico Anderson Caribou Folsom Bayview Albany Escondido Fruitdale Byron Biggs Fallbrook Artesia Diablo Clayton Arcata Belden Gardena Campbell Arnold Bradley Capitola Barstow Calimesa Burbank Camarillo Clovis Fellows Bradbury Bakersfield Burney Duarte Cupertino Bloomington Ceres Auburn Farmersville Almanor Cambria Cayucos Arvin Bishop Fruitdale Avenal Chowchilla Avery Fullerton Adelanto Clayton Alhambra Burlingame Ducor Cerritos Broadmoor Amesti Cabazon Crockett Calipatria Escalon Clyde Boronda Buttonwillow Corona Calexico Blairsden Atherton Corcoran Delhi Farmersville Covelo Foresthill Covelo Coalinga Columbia Fortuna Calwa Carson Fallbrook Farmington Compton Acton
97
Adelanto Adelanto
Alameda Alameda
Alamo Alamo
Albany Albany
Alhambra Alhambra
Almanor Almanor
Alpaugh Alpaugh
Alpine Alpine
Foresthill Altadena
Alturas Alturas
Amesti Amesti
Anaheim Anaheim
Anderson Anderson
Angwin Angwin
Antioch Antioch
Cerritos Aptos Cerritos
Arbuckle Arbuckle
Arcadia Arcadia
Arcata Arcata
Armona Armona
Arnold Arnold
Aromas Aromas
Artesia Artesia
Arvin Arvin
Ashland Ashland
Atascadero Atascadero
Atherton Atherton
Escondido Atwater
Corona Auberry
Auburn Auburn
August August
Avalon Avalon
Avenal Avenal
Avery Avery
Azusa Azusa
Bakersfield Bakersfield Canyondam
Banning Banning
Barstow Barstow
Bayview Bayview
Beaumont Beaumont
Beckwourth Beckwourth
Belden Belden
Bell Bell
Bellflower Bellflower
Belmont Belmont
Belvedere Belvedere
Benicia Benicia
Berkeley Berkeley
Biggs Biggs
Biola Biola
Bishop Bishop
Blairsden Blairsden
Bloomington Bloomington
Bluewater Bluewater
Blythe Blythe
Bodfish Bodfish
Bolinas Bolinas
Bonita Bonita
Bonsall Bonsall
Bootjack Bootjack
Cotati Boron
Boronda Boronda
Compton Bowles
Bradbury Bradbury
Bradley Bradley Caruthers
Brawley Brawley
Brea Brea
Brentwood Brentwood
Brisbane Brisbane
Broadmoor Broadmoor
Burbank Burbank
Burlingame Burlingame
Burney Burney
Buttonwillow Buttonwillow
Byron Byron
Bystrom Bystrom
Cabazon Cabazon
Calabasas Calabasas
Calexico Calexico
Calimesa Calimesa
Calipatria Calipatria
Calistoga Calistoga
Calwa Calwa
Camarillo Camarillo
Cambria Cambria
Campbell Campbell
Capitola Capitola
Caribou Caribou
Carlsbad Carlsbad
Duarte Carmichael
Columbia Carpinteria
Carrick Carrick
Carson Carson
Cartago Cartago
Castroville Castroville
Cayucos Cayucos
Ceres Ceres
