Acadia Biscayne Cuyahoga Channel Indiana Crater Badlands Basin Gunnison Glacier Gateway Teton Isle Guadalupe Sequoia Wrangell Denali Katmai Everglades Congaree Caverns Rocky Biscayne Acadia Tortugas Bend Voyageurs Kenai Haleakala Shenandoah Clark Canyonlands Cascades Acadia
24
Sequoia Arches
Badlands Badlands
Bend Bend
Biscayne Biscayne
Gunnison Gunnison
Glacier Brycecanyon Glacier
Canyonlands Canyonlands
Acadia Capitol
Caverns Caverns
Channel Channel
Congaree Congaree
Crater Crater
Cuyahoga Cuyahoga
Denali Denali
Tortugas Tortugas
Everglades Everglades
Gateway Gateway
Teton Teton
Basin Basin
Voyageurs Smoky
Guadalupe Guadalupe
Haleakala Haleakala
Indiana Indiana
Isle Isle
