pace other quadruple ask enemy desk injection gallon profound coast swear tool railcar attraction guarantee joystick swop electronics interface environment bleed pier pig straighten identity coincide dive view profound virgin blonde native development exempt buffet election lifestyle cotton dialogue home flag injury tolerate decisive greeting begin science mercy financial fortune notebook interactive error widen banana driver imposter tablet note deter terms hospitality teacher excuse rob demand feature opposed dip exclusive vegetarian linger physics dough linger vegetarian market country triple candle enemy illusion joint output structure throne boom quality autonomy paper viable likely viable atmosphere rent sunrise audience ignore liver swop nationalist page mature native development skeleton knot bleed smile headline bowel brake exempt buffet pipe blonde native development confrontation forge terminal respect chair pardon guarantee attraction coffin bitter certain drawer chew curriculum bleed pier approval circulation stress enemy desk development native blonde virgin winner virgin blonde native mercy mixture pace
96
pace pace
likely likely comfortable
excuse excuse
feature feature
skeleton skeleton
environment environment
injury injury
output output
ignore due shiver ignore
page page
audience audience
profound profound
throne throne
guarantee guarantee
physics physics
exempt exempt
tablet tablet
injection injection
market market
forge forge
terms thumb
headline headline
dough dough
exclusive exclusive
other other
winner assignment
buffet buffet
autonomy autonomy
respect respect
pig pig
financial financial
interactive interactive
tool tool
rob rob
dip dip
imposter imposter
swear swear
coast coast
stress stress
mature mature
chair chair
rent rent
straighten straighten
boom boom
nationalist acceptance
bitter rage
structure structure
decisive decisive
desk spoil
dive dive
atmosphere atmosphere
attraction attraction
ask ask
smile smile
pardon pardon
knot knot
curriculum curriculum
coincide coincide
vegetarian exile
teacher teacher
drawer drawer
widen widen
election election
country country
note note
liver liver
home home
development development
brake scheme
cotton cotton
error error
mercy mercy
virgin virgin
confrontation confrontation
enemy control enemy
railcar railcar
electronics electronics
begin begin
identity identity
greeting greeting
viable viable
lifestyle lifestyle
interface interface
chew offset
candle candle
swop swop
driver driver
deter deter
pipe pipe
coffin coffin
native native
flag flag
bowel bowel
illusion illusion
triple triple
quadruple quadruple
