9iIwk jASvw 1xmtC qkJ6b XYzcU jT5CK q0lus 1uRw3 jAwQw knY3U vE0Pj WGJpQ aHGHb kmzhT RhUVQ QVYVG LZomt Ew56P jYfXn MA43U Mj2eQ iEXNY jASvw 9iIwk h2rea 0mah3 ChXAd 1eRkH 0mah3 rrNj1 Esl6u fS0W8 k64Ok fS0W8 k64Ok ZgtaX k64Ok fS0W8 Esl6u rrNj1 5R5Xa 9iIwk jASvw oqPYQ 0GdkR jASvw 9iIwk 6EWVx jT5CK WJNpN AgYPL tnjfN YH6mk WJNpN 5VT1H 1uRw3 Ri2t4 y89SK 1uRw3 7G74f QVYVG WJNpN Y7IDR YH6mk 5ioW1 Be0ab XZKtP bXinH 5ioW1 YH6mk WJNpN jT5CK 6EWVx 9iIwk
39
5ioW1 5ioW1
Ew56P SgDk6
Mj2eQ Mj2eQ ZzWHp
7G74f 7G74f
iEXNY iEXNY
ZgtaX Vake4 JgjFI pXCjI ZgtaX veOJ7 iCgvV
Be0ab Be0ab
XZKtP XZKtP dw7aX
XYzcU XYzcU
LZomt LZomt
1xmtC 1xmtC
qkJ6b qkJ6b
y89SK y89SK
Ri2t4 Ri2t4
jYfXn jYfXn
jT5CK jT5CK 5BDPJ
jASvw jASvw
5R5Xa 5R5Xa
9iIwk 9iIwk
Y7IDR Y7IDR 4a0W8
fS0W8 p9vQm fS0W8
1uRw3 1uRw3 1pxZM
h2rea h2rea
YH6mk YH6mk
RhUVQ RhUVQ
oqPYQ oqPYQ
0GdkR 0GdkR
k64Ok BnAjj
jAwQw jAwQw
bXinH bXinH
AgYPL AgYPL
vE0Pj vE0Pj
ChXAd ChXAd
aHGHb aHGHb
tnjfN tnjfN
1eRkH 1eRkH
kmzhT kmzhT
WGJpQ WGJpQ
5VT1H 5VT1H
