Taozhuang Chharra Ilesa Rutherglen Ulu Boo Esmeraldas Somma Artur Bang Gudermes Bourbonnais Strathfield Waverly Nonsan Memmingen Alatyr Kallio Tupelo Rosedale Jackson Chharra Ramla Azrou Hechingen Aytos Villa Cibinong Boo Donggongon Caravaca Vernon Besuki Middle Gua Oulmes Fort Uran Freetown Southsea Gauting Bhit Sicklerville Chharra Esperanza Boo Durazno Miracema Severodvinsk Vernon Jingzhou Uran Jhol Udumalaippettai Carnot Bhit Taozhuang
44
Uran Uran Pottstown Jinotepe
Artur Artur New
Boo Boo
Rutherglen Rutherglen
Villa Villa Rafiganj
Somma Somma
Tupelo Tupelo
Strathfield Strathfield
Memmingen Memmingen
Esmeraldas Esmeraldas
Gudermes Gudermes
Bang Bang
Azrou Azrou
Kallio Kallio
Ramla Ramla
Southsea Sarandi Calauan
Jingzhou Jingzhou
Taozhuang Taozhuang
Fort Fort
Oulmes Oulmes
Chharra Wesseling
Cibinong Cibinong
Caravaca Caravaca
Donggongon Donggongon
Alatyr Alatyr
Severodvinsk Severodvinsk
Rosedale Rosedale
Bhit Camayenne Longgang
Jackson Jackson
Esperanza Esperanza
Gauting Gauting
Ulu Ulu
Freetown Freetown
Waverly Waverly
Nonsan Nonsan
Aytos Aytos
Hechingen Hechingen
Durazno Durazno
Sicklerville Sicklerville
Ilesa Ilesa
Bourbonnais Bourbonnais
Udumalaippettai Udumalaippettai
Middle Middle
Besuki Besuki
