BU FF DU GA DI CZ GM BE HJ DP AT CM HP HM BZ ER FY DE GO EG HC CI CS AD FW EO FU FL BQ GE DK DM CR BN CK FD CV CA CY AR EQ CX GY CW FN EN AY FB CT DL AP EC FS GH CQ DT EV HH DQ GG DD GP BA DS GT EY ET HA FP AF FO EK GQ AA BG DJ DA EL AE BK FR ES CO AX EH AM GK BM HI HG GN CE AE AQ BY BF CD DZ AU DR AS FG DE GO DX DP HF CA AV GS FN DH DV FF BU
97
AE AE
AF AF
BZ AN BZ
AP AP
AQ AQ
AR AR
AT AT
AV AV
AX AX
AY AY
BA BA
BE BE
BF BF
BG BG
BM BH BM
BK BK
BN BN
BQ BQ
BU BU
HI BW
BY BY
CA CA
CD CD
CI CI
CK CK
CM CM
CO CO
CQ CQ
CR CR
CS CS
CT CT
CV CV
CW CW
CX CX
CY CY
CZ CZ
DD DD
DE DE
DI DI
DJ DJ
DK DK
DL DL
DM DM
DP DP
DQ DQ
DR DR
DS DS
DT DT
DU DU
DV DV
DX DX
DZ DZ
EC EC
EG EG
EH EH
EK EK
EL EL
EN EN
EO EO
EQ EQ
ER ER
ES ES
ET ET
EV EV
EY EY
FB FB
FD FD
FF FF
FG FG
GS FI GS
FL FL
FN FN
FP FP
FR FR
FS FS
FU FU
FW FW
FY FY
GA GA
GE GE
GH GH
GK GK
GM GM
GN GN
GO GO
GP GP
GQ GQ
GT GT
GY GY
HA HA
HC HC
HF HF
HG HG
HH HH
HJ HJ
HM HM
HP HP
