55 57 182 101 173 162 177 45 151 20 149 171 188 86 80 88 66 43 140 58 166 133 10 163 184 153 78 77 143 74 175 109 97 40 42 62 179 122 61 115 48 63 106 158 29 113 15 13 146 90 56 85 181 147 26 185 131 17 14 36 168 11 118 81 12 84 16 91 48 186 33 83 137 111 189 71 159 59 119 152 30 126 164 27 170 160 32 134 116 76 67 114 28 172 8 44 9 53 127 148 41 49 150 105 74 107 55
95
8 8
9 9
11 11
12 12
13 13
15 15 135
16 16
17 17
20 20
26 26
27 27
29 29
30 30
32 32
33 33
36 36
40 40
41 41
42 42
43 43
45 45
48 48
49 49
53 53
127 54
56 56
57 57
58 58
59 59
61 61
62 62
63 63
66 66
67 67
71 71
74 74
76 76
77 77
78 78
80 80
81 81
83 83
85 85
86 86
88 88
90 90
91 91
97 97
101 101
105 105
106 106
107 107
109 109
111 111
113 113
114 114
115 115
116 116
118 118
119 119
122 122
126 126
131 131
133 133
134 134
137 137
140 140
146 146
148 148
149 149
150 150
151 151
152 152
153 153
158 158
159 159
160 160
162 162
163 163
166 166
168 168
170 170
171 171
172 172
173 173
175 175
177 177
179 179
181 181
182 182
184 184
185 185
186 186
188 188
189 189
