Clearnesse Ironshore Newley Courtcastle Valhaven Newby Ironriver Corbank Esterash Lochmage Corbank Woodice Oldmoor Southwheat Valhaven Woodice Eastcastle Clearland Greenshore Rosemill Buttermead Stoneglass Greyice Buttermead Brightmere Esterfall Goldwyvern Lightmere Esterfall Snowshore Westmill Marbleiron Freyview Foxhaven Marbleiron Foxvale Bushgate Wellmage Bluedell Westvale Violetley Wellmage Greenshore Brightmere Stoneglass Dellwyn Oakmere Butterbush Westerlight Erilyn Stonefair Fairsage Irondeer Morwald Courtwall Fairsage Wildemarsh Stonefair Wolflea Eriwall Morwall Erilyn Courtcastle Ironshore Shoreburn Clearnesse
25
Marbleiron Marbleiron
Courtcastle Courtcastle
Ironriver Ironriver
Courtwall Courtwall
Morwald Morwald
Clearnesse Clearnesse
Valhaven Valhaven
Buttermead Buttermead
Violetley Violetley
Westvale Westvale
Woodice Woodice
Esterfall Esterfall
Eriwall Eriwall
Goldwyvern Goldwyvern
Newby Newby
Foxvale Foxvale
Morwall Morwall
Oakmere Oakmere
Foxhaven Foxhaven
Freyview Freyview
Ironshore Ironshore
Oldmoor Oldmoor
Dellwyn Dellwyn
Butterbush Butterbush
Corbank Corbank
