Brightmere Orbarrow Verthedge Ironshore Fieldedge Orbarrow Morwall Windbridge Stonefair Esterash Clearnesse Stonefair Seamoor Northwynne Westvale Seamoor Bluedale Butterway Oldmoor Orfort Northriver Snowsage Applecastle Foxvale Goldcrest Icenesse Greensummer Snowsage Foxvale Northriver Oakmere Wellbank Corbank Wellmage Lightmere Esterfall Freymere Wooddell Violetfay Shoreburn Wooddell Wellmage Southwheat Ostwynne Wellmage Goldwyvern Corbank Valhaven Greyice Mallowway Irondeer Greyice Ironriver Ostwynne Flowermill Newby Summermage Erilyn Blackbush Mallowbridge Erilyn Southpine Wolflea Redwell Bushgate Wolflea Silverbarrow Westerlight Erilyn Clearland Violetley Erilyn Newby Deephedge Newmill Springfox Greenshore Mistshore Eastcastle Greenshore Woodice Snowshore Silverwitch Dellwyn Fairsage Eriwall Rosemill Courtedge Coldville Butterhill Morwald Courtedge Courtcastle Ironriver Eastcastle Woodice Eriwall Fairice Starryhill Fogland Foxhaven Buttermead Janholt Freyview Bluelake Silverlea Mallowness Freyview Westmill Butterbush Bluedell Highmont Stoneglass Courtwall Bluedell Freyview Newley Flowerfield Bluewyn Courtcastle Eastcastle Strongfall Marbleiron Wildemarsh Windbridge Lochmage Redlake Rosegate Brightrock Esterash Windbridge Brightmere
50
Marbleiron Marbleiron
Courtcastle Courtcastle
Ironriver Ironriver
Courtwall Courtwall
Morwald Morwald
Clearnesse Clearnesse
Valhaven Valhaven
Buttermead Buttermead
Violetley Violetley
Westvale Westvale
Woodice Woodice
Esterfall Esterfall
Eriwall Eriwall
Goldwyvern Goldwyvern
Newby Newby
Foxvale Foxvale
Morwall Morwall
Oakmere Oakmere
Foxhaven Foxhaven
Freyview Freyview
Ironshore Ironshore
Oldmoor Oldmoor
Dellwyn Dellwyn
Butterbush Butterbush
Corbank Corbank
Esterash Esterash
Stonefair Stonefair
Westerlight Westerlight
Clearland Clearland
Bushgate Bushgate
Brightmere Brightmere
Stoneglass Stoneglass
Wildemarsh Wildemarsh
Wellmage Wellmage
Snowshore Snowshore
Irondeer Irondeer
Lightmere Lightmere
Southwheat Southwheat
Westmill Westmill
Lochmage Lochmage
Shoreburn Shoreburn
Erilyn Erilyn
Eastcastle Eastcastle
Rosemill Rosemill
Wolflea Wolflea
Greenshore Greenshore
Bluedell Bluedell
Newley Newley
Fairsage Fairsage
Greyice Greyice
