129 15 41 157 110 154 196 154 110 157 4 2 46 25 84 188 86 180 145 32 181 8 142 122 69 61 9 69 122 142 8 181 32 187 83 30 99 31 88 146 113 146 88 1 20 66 6 66 20 53 153 121 192 175 63 36 74 36 45 118 45 118 10 118 13 92 179 161 185 95 68 89 114 93 131 65 175 192 103 98 48 34 109 184 85 133 106 133 85 184 168 31 99 145 199 139 94 27 140 149 141 149 140 27 165 27 94 24 51 62 71 64 119 64 71 90 77 152 90 71 62 156 171 177 119 162 49 171 156 62 51 197 107 197 5 197 51 34 48 97 101 170 73 170 101 97 48 98 103 123 65 185 95 11 108 44 70 96 11 95 185 158 84 164 105 164 84 7 19 43 72 21 182 21 72 21 182 21 72 79 112 12 17 137 124 92 179 92 124 137 124 92 179 188 86 180 145 99 129
57
1 1
6 130
4 4
133 133
7 7
73 136 73
10 10 100
139 139
13 13
142 142
137 16
145 145
19 19
5 148 28
45 22
21 151 67
25 25
154 154 193
157 157
31 31
74 160
34 34
119 163
196 37 196
118 166 118
165 40
181 169 181
43 43
141 172
46 46
175 175
49 49
106 178 106
101 52
2 55
184 184
170 58
187 187
61 61
182 190
64 64
70 70
179 76
79 79
107 82
85 85
88 88
152 91
94 94
97 97
103 103
109 109
112 112
105 115
121 121
124 124
113 127
