1 7 23 67 64 98 93 11 59 80 72 86 55 6 91 24 14 89 35 28 47 41 71 50 97 9 60 84 68 80 72 56 52 84 60 9 20 6 8 33 45 38 44 89 35 28 29 57 50 71 41 63 13 62 92 83 37 10 37 85 48 42 95 39 4 3 58 96 58 3 4 73 40 46 18 46 40 73 4 39 95 42 48 70 94 17 16 32 22 12 27 82 21 82 53 13 74 63 41 71 100 43 99 43 100 61 5 19 30 26 67 23 7 1
31
1 1
4 4
7 7
10 10 25
13 13 76
16 16
19 19
22 22
28 28
18 31
60 34
37 37
40 40
43 43
46 46
6 49
52 52
55 55
58 58
61 61
64 64
67 67
70 70
73 73
99 79
82 82
85 85
96 88
91 91
94 94
97 97
