FacultyClub Durham HealthServices VLSB BerkeleyLawLibrary MartinezCommons Giauque SutardjaDai StudentUnion EarthLibrary CesarChavez OBrien FPF Underhill UpperHearstParking BancroftLibrary AndersenAuditorium Stephens Morrison UpperHearstParking HearstFountain StowPlaza CareerCenter HearstFountain EthnicLibrary HearstFieldAnnex Sproul SimpsonCenter AquaticCenter AnthropologyLibrary Sproul Spieker Evans Mulford McCone Davis FoxCottage LatinAmerican Manville Unit3 BerkeleyWayWest Jacobs Unit3 HearstGym Davis EnergyBuilding Bechtel BrainImagingCenter EnergyBuilding McCone Mulford Latimer Boalt EngineeringLibrary MSRI BancroftDance NewspapersLibrary LawrenceofScience Evans BancroftDance Durant ArtHistoryLibrary IdaHouse MediaCenter AlumniHouse Stanley LeConte MediaCenter AlumniHouse VisualCenter MLK CITRIS Hildebrand SEAsianLibrary Senior SpringerGateway DonnerLaboratory Hildebrand SocialLibrary Etcheverry MLK LawSchool HearstGreekTheatre Hilgard BioscienceLibrary Stanley Bowles Wellman MaxwellField WooHonFai Wellman Birge FPF Campbell MelvinLaboratory Koshland OBrien CesarChavez FoundersRock SproulPlaza UniversityHouse NorthGate OptometryLibrary Library NorthGate PhysicsLibrary MartinezCommons Investigative HealthServices BanwayBuilding TAAP Warren PacificFilmArchive TAAP MathLibrary FacultyClub Wheeler Cheit IRLE FacultyClub
48
FacultyClub FacultyClub EarthquakeLibrary
BioscienceLibrary BioscienceLibrary
SutardjaDai SutardjaDai
Etcheverry Etcheverry
SproulPlaza SproulPlaza
Hilgard Hilgard
StudentUnion StudentUnion
UniversityHouse UniversityHouse
LawrenceofScience LawrenceofScience
Jacobs Pimentel Jacobs
Mulford Mulford
CareerCenter CareerCenter
HearstGym HearstGym
Durham Durham
OBrien OBrien
Library Library
Spieker Spieker
FPF FPF
PacificFilmArchive PacificFilmArchive
BrainImagingCenter BrainImagingCenter
Morrison Morrison
Wheeler Wheeler
Cheit Cheit
Manville Manville
Koshland Koshland
Investigative Investigative
EarthLibrary EarthLibrary
EnergyBuilding EnergyBuilding
MediaCenter MediaCenter
StowPlaza StowPlaza
MartinezCommons MartinezCommons
MelvinLaboratory MelvinLaboratory
BancroftDance BancroftDance
AndersenAuditorium AndersenAuditorium
Unit3 Unit3
AnthropologyLibrary AnthropologyLibrary
Stephens Stephens
McCone InternationalHouse
OptometryLibrary OptometryLibrary
IRLE IRLE
SpringerGateway SpringerGateway
DonnerLaboratory DonnerLaboratory
ArtHistoryLibrary ArtHistoryLibrary
Sproul Sproul
Birge Birge
CITRIS CITRIS
NewspapersLibrary NewspapersLibrary
Warren Warren
