FacultyClub MLK Minor EnvDesignLibrary BrainImagingCenter SocialLibrary Barrows Gilman Morgan LBNL EastAsianLibrary McLaughlin PhysicsLibrary EastAsianLibrary Evans LBNL HealthServices MoffittLibrary Wheeler SpaceLab ChildCenter Soda SpaceLab VLSBAddition CareerCenter Wheeler LiKaShingCenter Wellman IdaHouse EnergyBuilding Simon Wellman SharedServices JuliaMorgan Blum FSM Haas FoundersRock FSM Durant CesarChavez UniversityHouse OxfordResearchUnit Warren Haas Blackwell Lewis RegionalLibrary InsectaryGreenhouse Jacobs OptometryLibrary VLSB GoldmanSchool HearstFountain Stanley Jacobs BioscienceLibrary InsectaryGreenhouse SEAsianLibrary FoundersRock EngineeringLibrary GraduateServices NatrLaboratory DataLab CounselingLibrary DoeMemorialLibrary RecreationalSports LeConte Campbell IRLE BAMPFA WestGate SpringerGateway IRLE LeConte CounselingLibrary Birge Classof54Gate Stephens OBrien Haviland HaasPavilion Anthony Archaeological PEERLibrary HaasPavilion Hilgard InnovationStudio UpperHearstParking MediaCenter Cory DonnerLaboratory Hilgard Unit1 HearstGreekTheatre UCBExtension AnnaHeadAlumnae StowPlaza BancroftParking Barker PacificFilmArchive MartinezCommons MemorialPool Demography VisualCenter Eshleman Tan VisualCenter AndersenAuditorium Tan SummerSession MaxwellField Wurster Latimer SimpsonCenter Wurster PublicAffairs FoxCottage TennisCenter Davis InternationalHouse Cheit PacificFilmArchive StowPlaza UCBExtension Foothill Hertz EthnicLibrary Architects Senior EthnicLibrary Parking ChildStudyCenter MusicLibrary LudwigsFountain ChanningBowditch Tang GPB Hesse Investigative ChanningBowditch MelvinLaboratory LudwigsFountain University LowerHearstParking TheGlade TAAP Giannini Manville TAAP EarthLibrary NorthGate BusinessLibrary HearstGym Unit2 Pimentel HearstGym MemorialStadium StudentUnion LawrenceofScience EarthLibrary LowerHearstParking Underhill JacksonHouse Etcheverry Underhill KoretVisitorCenter SproulPlaza LawrenceofScience StudentUnion AnthropologyLibrary NewspapersLibrary HearstFieldAnnex VisitorCenter McCone Boalt LawSchool MSRI Boalt ArtHistoryLibrary AlumniHouse EastGate ArtHistoryLibrary Durham WomensFacultyClub HaasClubhouse BerkeleyWayWest NatrLaboratory LatinAmerican BerkeleyWayWest Unit3 HaasClubhouse 1914Fountain PhilosophyLibrary South Dwinelle CalvinLaboratory Giauque BancroftDance Cleary PhilosophyLibrary Mulford Hildebrand EllsworthParking ClarkKerrCampus Extension Cal1CardOffice ClarkKerrCampus Kroeber OldArtGallery CITRIS BerkeleyLawLibrary HearstMining Zellerbach BanwayBuilding Sproul Kroeber Spieker EllsworthParking MathLibrary Koshland SatherGate MSRI AquaticCenter GreekTheatre Campanile Chou AquaticCenter Bowles Bechtel WooHonFai BrainImagingCenter SoutheastAsian Minor Moses MLK BancroftLibrary Library FPF SutardjaDai BancroftLibrary EarthquakeLibrary RSSBuilding Morrison Stern EarthquakeLibrary FacultyClub
100
FacultyClub FacultyClub
BioscienceLibrary BioscienceLibrary
SutardjaDai SutardjaDai
Etcheverry Etcheverry
SproulPlaza SproulPlaza
Hilgard Hilgard
StudentUnion StudentUnion
EarthquakeLibrary EarthquakeLibrary
UniversityHouse UniversityHouse
LawrenceofScience LawrenceofScience
Pimentel Pimentel
Mulford Mulford
CareerCenter CareerCenter
HearstGym HearstGym
Durham Durham
OBrien OBrien
Library Library
Spieker Spieker
FPF FPF
PacificFilmArchive PacificFilmArchive
BrainImagingCenter BrainImagingCenter
Morrison Morrison
Wheeler Wheeler
Cheit Cheit
Manville Manville
Koshland Koshland
Jacobs Jacobs
Investigative Investigative
EarthLibrary EarthLibrary
EnergyBuilding EnergyBuilding
MediaCenter MediaCenter
StowPlaza StowPlaza
MartinezCommons MartinezCommons
MelvinLaboratory MelvinLaboratory
BancroftDance BancroftDance
AndersenAuditorium AndersenAuditorium
Unit3 Unit3
AnthropologyLibrary AnthropologyLibrary
Stephens Stephens
InternationalHouse InternationalHouse
OptometryLibrary OptometryLibrary
IRLE IRLE
SpringerGateway SpringerGateway
DonnerLaboratory DonnerLaboratory
ArtHistoryLibrary ArtHistoryLibrary
Sproul Sproul
Birge Birge
CITRIS CITRIS
NewspapersLibrary NewspapersLibrary
Warren Warren
PhysicsLibrary PhysicsLibrary
CesarChavez CesarChavez
BerkeleyWayWest BerkeleyWayWest
MSRI MSRI
HealthServices HealthServices
WooHonFai WooHonFai
TAAP TAAP
MathLibrary MathLibrary
AquaticCenter AquaticCenter
UpperHearstParking UpperHearstParking
Evans Evans
BancroftLibrary BancroftLibrary
HearstFieldAnnex HearstFieldAnnex
HearstFountain HearstFountain
BerkeleyLawLibrary BerkeleyLawLibrary
Underhill Underhill
Campbell Campbell
Davis Davis
NorthGate NorthGate
Giauque Giauque
AlumniHouse AlumniHouse
Bowles Bowles
Wellman Wellman
VLSB VLSB
Senior Senior
Stanley Stanley
SocialLibrary SocialLibrary
EastAsianLibrary EastAsianLibrary
SimpsonCenter SimpsonCenter
EthnicLibrary EthnicLibrary
FoxCottage FoxCottage
Hildebrand Hildebrand
MaxwellField MaxwellField
SEAsianLibrary SEAsianLibrary
IdaHouse IdaHouse
Bechtel Bechtel
BanwayBuilding BanwayBuilding
EngineeringLibrary EngineeringLibrary
Durant Durant
Soda Soda
McCone McCone
LatinAmerican LatinAmerican
VisualCenter VisualCenter
LawSchool LawSchool
LeConte LeConte
HearstGreekTheatre HearstGreekTheatre
MLK MLK
Boalt Boalt
Latimer Latimer
FoundersRock FoundersRock
