FacultyClub EarthLibrary Library OBrien PacificFilmArchive LawrenceofScience FacultyClub DonnerLaboratory Birge BancroftDance Warren Mulford Morrison EnergyBuilding StudentUnion CITRIS BrainImagingCenter Morrison Koshland BancroftDance Spieker Stephens Sproul MediaCenter EarthquakeLibrary ArtHistoryLibrary UniversityHouse FPF SutardjaDai UniversityHouse IRLE Manville Pimentel Cheit Jacobs Hilgard Manville InternationalHouse Wheeler Durham AndersenAuditorium AnthropologyLibrary Durham MartinezCommons SproulPlaza MelvinLaboratory StowPlaza CareerCenter DonnerLaboratory OptometryLibrary CareerCenter Unit3 Investigative SpringerGateway NewspapersLibrary Investigative BioscienceLibrary HearstGym Etcheverry FacultyClub
25
FacultyClub FacultyClub
BioscienceLibrary BioscienceLibrary
SutardjaDai SutardjaDai
Etcheverry Etcheverry
SproulPlaza SproulPlaza
Hilgard Hilgard
StudentUnion StudentUnion
EarthquakeLibrary EarthquakeLibrary
UniversityHouse UniversityHouse
LawrenceofScience LawrenceofScience
Pimentel Pimentel
Mulford Mulford
CareerCenter CareerCenter
HearstGym HearstGym
Durham Durham
OBrien OBrien
Library Library
Spieker Spieker
FPF FPF
PacificFilmArchive PacificFilmArchive
BrainImagingCenter BrainImagingCenter
Morrison Morrison
Wheeler Wheeler
Cheit Cheit
Manville Manville
