0 169 20 107 56 85 38 61 19 127 102 100 127 152 98 78 167 162 64 69 78 43 166 156 43 184 60 75 82 130 54 82 124 102 65 124 16 19 82 191 120 24 5 52 113 115 9 52 128 172 58 66 114 140 87 185 190 193 178 108 68 77 79 48 1 77 40 108 49 106 96 137 91 96 81 89 83 41 89 15 131 132 143 119 195 177 15 55 17 136 174 183 12 17 63 49 93 175 49 178 35 153 7 35 74 128 45 70 21 14 62 147 186 154 118 186 147 118 6 35 45 46 125 182 139 150 34 72 139 103 125 73 71 67 179 59 67 37 121 59 67 18 28 129 194 155 60 189 192 148 88 112 60 148 27 161 42 105 97 199 198 26 133 146 126 13 131 3 13 133 53 23 39 22 8 11 10 30 8 171 180 165 33 170 111 104 173 110 94 104 33 36 160 168 47 111 170 33 8 10 22 4 29 123 197 4 3 2 157 122 145 51 95 157 181 32 50 76 176 42 32 27 161 151 196 44 116 99 86 80 44 86 158 31 117 134 57 31 60 9 19 56 9 20 0
93
3 3
8 8
13 13
15 15
17 17
18 18
19 19
21 25
26 26
32 32
33 33
35 35
38 38
42 42
44 44 135
46 46
47 47
48 48
49 49
51 51
52 52
55 55
56 56
58 58
60 60
64 64
65 65
67 67 149
69 69
71 71
73 73
74 74
75 75
76 76
77 77
80 80
82 82
83 83
85 85 92
87 87
88 88
7 90 141
91 91
93 93
94 94
96 96
97 97
99 99
102 102
103 103
105 105
106 106
112 112
113 113
114 114
117 117
119 119
120 120
123 123
124 124
131 131
132 132
133 133
134 134
136 136
139 139
140 140
143 143
145 145
148 148
153 153
154 154
155 155
158 158
161 161 188
162 162
167 167
168 168
169 169
170 170
171 171
172 172
173 173
174 174
175 175
177 177
178 178
180 180
181 181
191 191
195 195
197 197
199 199
