0 63 88 8 9 19 81 80 19 31 11 84 68 35 11 40 90 91 21 1 11 19 43 51 54 85 58 54 43 60 94 87 18 75 45 95 69 59 45 24 14 62 57 33 47 22 33 52 17 25 37 3 24 17 38 56 26 16 38 48 65 72 48 42 73 70 86 44 73 76 99 78 76 20 73 53 5 20 71 79 55 39 41 98 27 41 82 29 10 39 83 15 4 5 23 64 32 23 30 89 96 46 93 74 89 61 46 97 49 67 12 36 34 67 12 6 0 7 77 13 92 8 28 66 2 13 0
47
1 1
2 2
3 3
4 4
6 6
10 10
11 11
16 16
17 17
23 23
24 24
25 25
26 26
28 28
29 29
30 30
31 31
32 32
41 41
43 43
44 44
45 45
46 46
47 47
48 48
12 50
53 53
57 57
58 58
59 59
61 61
62 62
67 67
70 70
73 73
76 76
77 77
78 78
81 81
82 82
85 85
86 86
88 88
89 89
95 95
97 97
99 99
