1 81 62 9 43 100 43 100 45 37 26 53 59 94 49 42 46 26 53 38 19 59 69 15 68 15 69 29 90 2 15 31 67 56 44 95 51 80 34 33 83 32 82 6 82 32 33 20 51 95 44 18 48 18 89 17 78 70 27 28 57 12 22 55 66 28 55 40 60 13 96 3 35 41 27 28 18 35 3 92 3 18 97 4 52 25 99 3 39 18 89 98 89 75 17 89 36 88 9 65 1
44
2 2
3 3
4 4 50
6 5 6
56 7
98 8
9 9
92 10
48 11 48
12 12
13 13
43 14 43
15 15
99 16
17 17
18 18
19 19
20 20
53 21
22 22 47
68 23
44 24 44
25 25
26 26
27 27
28 28
29 29
66 30
31 31
32 32
33 33
34 34
35 35
36 36
37 37
38 38
39 39
40 40
41 41
42 42
45 45
46 46
49 49
51 51
