1 2 164 188 61 131 61 147 85 33 59 33 140 168 32 87 107 128 112 67 135 156 67 167 101 179 39 71 39 179 101 167 67 41 67 112 80 88 44 88 149 99 74 149 165 78 149 88 151 152 175 151 191 125 191 151 95 53 95 42 95 53 55 175 113 41 13 8 145 27 55 123 25 123 177 122 134 172 84 28 186 47 187 198 139 77 139 137 65 35 121 89 48 26 114 18 155 109 132 150 132 109 196 62 92 97 24 97 92 18 176 18 100 194 23 104 23 194 100 92 117 114 198 187 198 139 137 65 75 130 26 114 18 92 62 172 195 134 122 40 45 127 31 66 90 111 157 60 129 16 41 13 66 13 69 197 161 58 35 58 161 69 68 76 79 32 115 170 51 12 141 30 69 13 66 22 14 159 31 134 122 177 15 105 166 190 160 98 166 46 52 94 164 118 50 118 164 94 164 124 38 61 2 15 1
79
2 2
78 3 78
25 4 25
13 5 13
53 6 53
1 7
8 8
71 9 71
157 10
94 11 94
12 12
14 14
15 15
16 16
50 17 50
18 18
161 19
80 20 70 80
152 21
22 22 63
23 23
24 24 37
26 26
27 27
28 28
33 29 33
30 30
31 31
32 32
88 34 88
35 35 57
150 36
38 38
39 39
40 40
41 41 72
42 42 64
66 43 66
44 44
45 45
46 46
47 47
48 48
77 49 77
51 51
52 52 82
65 54 65
55 55
131 56
58 58
59 59
60 60
61 61 93
62 62
67 67
68 68
69 69
104 73
74 74
75 75
76 76
79 79
125 81
167 83
84 84
85 85
164 86
87 87
89 89
90 90
111 91
92 92
95 95
176 96
97 97
98 98
99 99
100 100
101 101
