1 23 27 66 63 17 12 63 14 21 45 8 97 14 89 32 41 61 81 6 32 38 52 65 37 51 19 99 36 53 71 48 18 36 79 37 38 69 62 34 69 88 58 44 70 24 69 67 60 57 67 54 84 30 54 47 94 77 29 16 39 82 40 25 94 16 31 60 86 64 76 26 43 5 35 50 7 78 49 7 35 92 3 74 9 55 3 9 10 90 68 4 86 33 20 28 80 72 11 100 95 85 100 20 80 15 20 73 42 83 98 91 46 75 98 13 56 42 93 22 59 2 22 73 87 96
50
2 2
5 5
7 7
8 8
9 9
10 10
11 11
12 12
13 13
15 15
17 17
19 19
20 20
22 22
23 23
25 25
26 26
29 29
30 30
31 31
34 34
35 35
40 40
42 42
47 47
48 48
50 50
51 51
52 52
54 54
57 57
60 60
61 61
63 63
64 64
65 65
67 67
68 68
69 69
75 75
79 79
80 80
82 82
86 86
88 88
89 89
94 94
95 95
97 97
100 100
