159 77 140 14 97 126 172 119 86 129 41 148 47 182 48 117 7 72 45 25 101 137 53 193 180 109 127 142 46 192 130 107 189 32 79 170 158 74 129 15 71 139 100 59 147 101 25 138 69 171 10 66 36 17 133 173 27 166 121 63 13 106 197 6 52 156 31 114 92 158 102 5 159 164 81 30 11 104 20 41 148 51 65 165 184 76 149 4 44 131 88 29 50 108 83 44 107 130 64 156 56 84 16 178 8 193 180 109 159
70
65 2 26 65 93 98 154
79 3 79
4 4
6 6
7 7
10 10 200
11 11
13 13
14 14
15 15 167
17 17
149 21
159 22
193 24 193
81 28
31 31
32 32
64 34 64 111 128 174
114 35 114
36 36
46 37 46
108 38
147 40
41 41
164 43
45 45
47 47
48 48
51 51
52 52
53 53
59 59
44 60
127 61 146
63 63
71 71 157
72 72
74 74 185
76 76
77 77 190
102 82 102 123
137 85 137
86 86
20 87
88 88
56 96
97 97
158 99 158
100 100 181 199
101 101 132
106 106
107 107 120 134
109 109
92 116
121 121
180 122 180
126 126
133 133
138 138
139 139
140 140
27 145 169
148 148
69 155
156 156
165 165
172 172
178 178
119 191
192 192
