Home141 Home109 Home20 Home149 Home88 Home11 Home49 Home11 Home10 Home150 Home28 Home64 Home29 Home96 Home21 Home52 Home66 Home91 Home115 Home120 Home115 Home91 Home53 Home174 Home78 Home161 Home73 Home28 Home104 Home21 Home96 Home30 Home51 Home30 Home160 Home48 Home29 Home154 Home128 Home6 Home163 Home6 Home114 Home22 Home65 Home67 Home100 Home170 Home101 Home87 Home101 Home170 Home100 Home67 Home42 Home32 Home42 Home67 Home100 Home138 Home100 Home170 Home165 Home79 Home110 Home40 Home83 Home27 Home83 Home40 Home4 Home101 Home39 Home94 Home166 Home94 Home39 Home101 Home162 Home157 Home92 Home84 Home101 Home162 Home179 Home36 Home150 Home28 Home150 Home36 Home150 Home76 Home105 Home52 Home21 Home104 Home123 Home164 Home53 Home174 Home86 Home5 Home167 Home56 Home174 Home173 Home34 Home174 Home53 Home164 Home95 Home54 Home124 Home5 Home86 Home174 Home12 Home140 Home31 Home140 Home12 Home74 Home12 Home174 Home34 Home174 Home86 Home5 Home78 Home5 Home78 Home122 Home143 Home82 Home145 Home82 Home26 Home168 Home81 Home75 Home121 Home26 Home2 Home134 Home119 Home89 Home119 Home60 Home16 Home131 Home159 Home2 Home134 Home62 Home134 Home2 Home97 Home161 Home73 Home28 Home150 Home47 Home49 Home11 Home61 Home20 Home109 Home141
70
Home10 Home1
Home89 Home3 Home89
Home4 Home4
Home5 Home5 Home63
Home42 Home7
Home11 Home11
Home84 Home13
Home141 Home15
Home16 Home16 Home112
Home20 Home20 Home126
Home74 Home25 Home74
Home26 Home26
Home27 Home27 Home111
Home31 Home31 Home172
Home32 Home32 Home125
Home34 Home34 Home176
Home28 Home35
Home36 Home36 Home103
Home29 Home37
Home138 Home43
Home96 Home44 Home96
Home166 Home45
Home47 Home47
Home48 Home48
Home140 Home50
Home51 Home51 Home147
Home53 Home53
Home119 Home55
Home60 Home60
Home62 Home62 Home127 Home152
Home64 Home64
Home66 Home66
Home67 Home67
Home120 Home69 Home120
Home75 Home75
Home76 Home76
Home81 Home81
Home82 Home82 Home177
Home83 Home83
Home86 Home86
Home87 Home87 Home135
Home88 Home88
Home91 Home91
Home92 Home92
Home97 Home97
Home100 Home100
Home105 Home105
Home73 Home106
Home110 Home110
Home114 Home114
Home122 Home122
Home124 Home124
Home128 Home128
Home131 Home131
Home2 Home132
Home134 Home134
Home49 Home136
Home143 Home143
Home78 Home144
Home149 Home149
Home154 Home154
Home163 Home156
Home157 Home157
Home161 Home161
Home164 Home164
Home165 Home165
Home167 Home167
Home170 Home170
Home145 Home171
Home173 Home173
