Home46 Home49 Home9 Home28 Home26 Home3 Home30 Home55 Home60 Home42 Home0 Home39 Home41 Home71 Home17 Home13 Home35 Home68 Home40 Home84 Home69 Home63 Home66 Home50 Home29 Home30 Home5 Home82 Home89 Home31 Home32 Home88 Home75 Home15 Home20 Home23 Home14 Home24 Home64 Home48 Home82 Home17 Home80 Home74 Home45 Home6 Home9 Home49 Home46
26
Home5 Home5
Home9 Home9
Home71 Home11 Home71
Home88 Home12 Home33 Home85
Home13 Home13
Home24 Home27
Home28 Home28
Home30 Home30
Home31 Home31
Home39 Home39
Home40 Home40
Home41 Home41
Home42 Home42
Home45 Home45
Home48 Home48
Home49 Home49
Home55 Home55
Home15 Home57
Home60 Home60
Home14 Home62
Home63 Home63 Home83
Home66 Home66
Home68 Home68
Home69 Home69
Home80 Home80
Home82 Home82
