K GG BX AD DL DA CS J FV DI J DT DP DB GR BW EO AE EU GR DH GS AR EM FM GI FS FM CO J GO AF EB GD DV AF DV BY DD AG BV A FP AH M DQ F AP CU EC GQ DZ EC AV GN U AP FW AS F FH G EP GF BF CC BS AC FO FQ AC BI DW CB FI BI BE GU EU BB I BI FA AQ EI EU BA AQ AB BA FY O AC W CA AJ EW AT BE BC CI AO CJ CM V BZ EG FD B CP CA BC N CV Z EE EV CL Z CA CE EN DO ED ER CD BK GC BO DK DR GV FT BK BN EX AA EA BN Q FR FK CN EH CF CN FR CG S FR Y BH FN DS DM X FN Y L EB FX M BT G BE Q BQ P AI FE C FZ AN EY FB BP EY D FZ AK DG BD GT ET C GK BJ ES FU CR ES P AI C FZ AK EL H DE BT GP AW EJ DE H T DN DJ FF EQ AZ BM BJ AZ H GH R GA GH DF GL AU DY R DC BR CH DX CK EZ CV CK AL DC AY FC EF AY CQ FJ E AY CT GM BL BR GE AX AL K
97
A A
B B
C C
D D
E E
F F
G G
H H
I I
J J
K K
L L
M M
N N
O O AM BU
P P
Q Q
R R
S S
T T
U U
V V
W W
X X
Y Y BG
Z Z
AA AA
AB AB
AC AC
AD AD
AE AE
AF AF
AG AG
AH AH
AI AI
AJ AJ
AK AK
AL AL
AN AN
AO AO
AP AP
AQ AQ
AR AR
AS AS
AT AT
AU AU
AV AV
AW AW
AX AX
AY AY
AZ AZ
BA BA
BB BB
BC BC
BD BD
BE BE
BF BF
BH BH
BI BI
BJ BJ
BK BK
BL BL
BM BM
BN BN
BO BO
BP BP
BQ BQ
BR BR
BS BS
BT BT
BV BV
BW BW
BX BX
BY BY
BZ BZ
CA CA
CB CB
CC CC
CD CD
CE CE
CF CF
CG CG
CH CH
CI CI
CJ CJ
CK CK
CL CL
CM CM
CN CN
CO CO
CP CP
CQ CQ
CR CR
CS CS
CT CT
CU CU
CV CV
