50 163 146 50 109 50 123 90 50 30 64 50 109 50 44 105 50 54 75 50 79 69 50 153 73 50 87 77 50 167 78 50 121 173 50 118 192 50 125 94 50 149 82 50 65 198 50 89 93 50 70 110 50 171 144 50 88 97 50 199 143 50 27 152 50 178 141 50 132 25 50 100 195 50 55 45 50 1 39 50 106 53 50 80 37 50 112 34 50 101 22 50 31 21 50 76 20 50 117 16 50 51 15 50 145 177 50 119 157 50 85 12 50 176 11 50 161 6 50 29 3 50 63 99 50 23 2 50 124 137 50
44
50 0 4 7 9 10 13 14 18 36 38 40 41 47 49 56 57 61 71 81 83 86 92 96 102 107 108 111 113 115 120 126 127 128 129 133 134 136 138 139 142 147 148 156 162 164 169 170 172 179 180 181 182 185 186 187 197
1 1
23 23
25 25
27 27
29 29
30 30
31 31
44 44
51 51
53 53
54 54
55 55
109 62 84
69 69
76 76
77 77
78 78
80 80
82 82
85 85
88 88
89 89
99 99
101 101
110 110
112 112
117 117
118 118
121 121
123 123
124 124
125 125
141 141
143 143
144 144
146 146
153 153
157 157
161 161
176 176
177 177
195 195
198 198
