Satish PQ09CSX G1659O1PE 4VB5RO1 M6CD1Y QHH48VD7JJ 07XQDCJI ZZWSZUGS I2FNEL5 JSSS9HX U0LMCHUU IWQ50AIEVI 59E13RE KEV198T80A 7RO0MRK 59E13RE LP5SPDN I2FNEL5 4V9UNUZ8LD JNTKTNY5D0 O2N6HBZK8 7CRTCJA BGPJX1OI XCH8 WQHN9 CQN7O RX6VI K936 EXNDPNTC0 19LN S657MFMG EXNDPNTC0 RX6VI SUC1CH EG23K QL51A0KUT FPB1OLF3 VZNCA0 QAL7Z5UN EHS8A FPB1OLF3 O9SQOADVF QL51A0KUT JNTKTNY5D0 O2N6HBZK8 7CRTCJA IBAUCTY OJ27JN021 2FB0FS3KWX 5FYYHKTYU2 FFLBM RHCPZZ8Q 2FB0FS3KWX IBAUCTY UQKXJVX 9C1O4TX B86761T TJ5M0R1Z IQXEPH9QO B0H9VDIK 5N65HLXKU IEYK8 YFWARI3U HNB0AV 6WSDW 7Y6VTLTLE UG30UB5EM VNYZ5QVO77 TJ5M0R1Z 0NE1H72XF AO31B76 974GXG05E OQ4PBF8L QJ0LM8 F1G8HC PL0UHK SKLZM 30N0P 7Y6VTLTLE PL0UHK FI29YX JOBN3N 974GXG05E QJ0LM8 5HGKBK IEOT36K F3YJ HX4PKBU7 V4R09 0I7Y HX4PKBU7 IZBGG78J PQ09CSX CXLQGGJ746 4VB5RO1 8YK2RM Satish 9HCNMB0JT KFW40WJ MOAM N26J6EU AETBJC WQM0D4 R2POU4T Y06D ODSGN281 XGYWBMTWT V7T5SI ODSGN281 VNCFO 1PUOCTGWF QU5Y0N2LQ Z7O3VM2U04 YKTEQKEL QU5Y0N2LQ ZL6OIISZ2 V0XPIYMYB V1AX ZL6OIISZ2 VNCFO V7T5SI QEAJAFMPY W11G7Z MOAM Satish
49
S657MFMG S657MFMG
ODSGN281 ODSGN281
FPB1OLF3 FPB1OLF3 ITHI7K6W1B
SKLZM SKLZM
CXLQGGJ746 CXLQGGJ746
QL51A0KUT QL51A0KUT
B0H9VDIK B0H9VDIK
RX6VI RX6VI
XGYWBMTWT XGYWBMTWT
IEYK8 IEYK8
QAL7Z5UN QAL7Z5UN
KEV198T80A 6HNG
VNYZ5QVO77 VNYZ5QVO77
M6CD1Y M6CD1Y
PL0UHK PL0UHK
59E13RE 59E13RE
V4R09 V4R09
QU5Y0N2LQ QU5Y0N2LQ
IQXEPH9QO IQXEPH9QO
5N65HLXKU 5N65HLXKU
7CRTCJA 7CRTCJA
WQM0D4 WQM0D4
QEAJAFMPY QEAJAFMPY
O2N6HBZK8 O2N6HBZK8
JOBN3N JOBN3N
EHS8A EHS8A
07XQDCJI 07XQDCJI
19LN 19LN
K936 K936
5HGKBK 5HGKBK
JSSS9HX JSSS9HX
QHH48VD7JJ QHH48VD7JJ
V7T5SI V7T5SI
EG23K EG23K
6WSDW 6WSDW
OJ27JN021 OJ27JN021
AETBJC AETBJC
2FB0FS3KWX 2FB0FS3KWX
U0LMCHUU U0LMCHUU
AO31B76 AO31B76
R2POU4T R2POU4T
PQ09CSX PQ09CSX
N26J6EU N26J6EU
F3YJ F3YJ
F1G8HC F1G8HC
QJ0LM8 QJ0LM8
VNCFO VNCFO
SUC1CH SUC1CH
0I7Y 0I7Y
