Satish ENMF 5AGDS DXGEHOF R6VBAVZ0B PTWCQ ZY9VPYMXA PZMGYZL LGBBG 00P07 AGSA2I VZBD9QV8 OXXUCOFC3 ZY9VPYMXA R6VBAVZ0B ENMF PYD9SISJI KRM4B 71JKTWIJ AK5DQ3 3YAJ48L8DT 92R432 KRM4B VFRT26 1BZLEM YXBMACC VPQ3SCZD Q1GPNKF7O5 9XFF VPQ3SCZD ZRYV5F 1ILZRYDHY WZ1MC3189 KSHB2KG RQ6902O3P TBFPZEBP ICTGXV 351R 399VM5PU6 BVNZ 8U5UW U0958 BVNZ FS1RWBVR7 1BZLEM U0958 TAI8UPP PTL1QU OK29GJ ER2YSPML1C Z6H98 2J5C 4INC2D8SDN JTT8198QPE 2J5C NSBI OXWYDF BBFYA9B OK29GJ UVP4WIKK ENMF Satish
25
VFRT26 VFRT26
ICTGXV ICTGXV
Z6H98 Z6H98
KSHB2KG KSHB2KG
9XFF 9XFF
1BZLEM 1BZLEM
4INC2D8SDN 4INC2D8SDN
YXBMACC YXBMACC
UVP4WIKK UVP4WIKK
BBFYA9B BBFYA9B
ER2YSPML1C ER2YSPML1C
ZRYV5F ZRYV5F
PYD9SISJI PYD9SISJI
399VM5PU6 399VM5PU6
NSBI NSBI
PTL1QU PTL1QU
ZY9VPYMXA ZY9VPYMXA
WZ1MC3189 WZ1MC3189
PTWCQ PTWCQ
92R432 92R432
FS1RWBVR7 FS1RWBVR7
PZMGYZL PZMGYZL
KRM4B KRM4B
R6VBAVZ0B R6VBAVZ0B
OXWYDF OXWYDF
