LU68 PIW6IC50D YR1G5AYFJ P5F5G PIW6IC50D FPZT ZH2INF 5HULMUDLAQ 3J6SSA OOAS CPB2G 3J6SSA GH8C G4QE3I UDBFED L2MG8NMU M71OYIS EEZS HQG39M YSEDVWTUST ZE5CVXXZC KBI1CALMNJ IHN21LA4 BQ5OUI M71OYIS RP28W1 I49ID BQ5OUI HE0R1EZN9 F3KYKRQW6 01G9IQ2 KCOFJD L2MG8NMU ARTWTP9 J3H3CKHTS UDBFED 8UPUEGO A118 U7WDA2Z1 ZMQ5BH L7QS0UEPJ 5T3W CB93 GLUWC 5T3W 7GAD3F Q7ZEY VSEMBLQ7O3 W6YZ5IB U7WDA2Z1 H1LQ91V P5F5G FM2G14H8I G90OCSZY FPZT CPB2G XV55 9QJRN 01QU MXJIYJYNH4 LQQ5IH LTI99R XU4IP5J 4VE7V BRG51KM 4C88SXD SMKUVHVP Satish 4C88SXD PUW25N CKNDWG ZMZIWZ 4UE11 LTI99R XU4IP5J BRG51KM Y99D5Y12 7T8I47 SQLSVN KUDS J7EUOPWQ EBO9YD47 DDB26ZHC 2GEII6 KUDS SQLSVN 5XYO CXQDH6YMZ8 J2ETZ1C 2P6O4RH0 7T8I47 CV6NHW7M ETNCY9XH2 2CUB41BE 7YZ45UL88 YQB2CII950 VOAV VIMVIHOY 02X2C FU90E C8WREP ETNCY9XH2 R4DHH1KAWR MXJIYJYNH4 9QJRN OWZ42C5 8AEKBAKS WCKDX 4RGA VG9H9B R5XAD9J7 DYYG23O S9D1BZACEW LBR67PCKBJ GT9LU ETB2 YDG8AEOM DYYG23O 6DSNDY VG9H9B 9K8PLAET A8WYICH3 GKMO7E NL759YK8J 2B1K6EW9CL GT9LU 3IXHQXHYBV GKMO7E DX16SQ 29D6AOX P6RI91D87 RN53CTZ NN7ZEA QWHT 79KTC8AS9 08W7NAP6G 2841 W71YV1R66L LI4EXO81 716QJY 21841CIYO W71YV1R66L 2JLZE 716QJY 0TRB9358 G7PWWJ FWM5C 8MDFNIK8AY G7PWWJ QUFALN M649OA AKDE80E0B E9DZLL 9V10EOH QUFALN S4XB7I2C 4OJB6 ZZACWP GE62L 4OJB6 7DPM9 JA1QYGQ0N9 JHMI MLKOJ JX6GCY YU3U1T 7RUMCGSI 1UCE MLKOJ KRTUQM B690 JA1QYGQ0N9 FM2HEMVR1 ZZACWP PFQFEJGD4C ET82NVH9 7622OJ 4FEG 2BLLD3SK E5HD YJYOMJ6A GNVXN 4TME Q7Z37G5 VGYKKKOFLZ 6PVQIBNB9 GNVXN 8TH7QVQY ZVKJMH7669 6VVS6 6Z9AYLO YSRPP 5Q8CRZ2VCM FIMPNJZ71 H35F 5Q8CRZ2VCM 9PCUL07FJ 26PG CS9HHJ2XP GN4G0L2 LUQ3 HM48FZD0 9J84 LUQ3 E2DHWGC H41HZ6 X9MIV9 QW15YTSV I38TH1O AV4KL 0ZW9ZBMKBT GILAN21GR3 O44VZ I2GUQ1XYTA OEMHKCHOT B3R68HYWZ ZRI9UW LM7KL5G3V 7HSLUFQG DST5W4G0 43IK3HR83 A2H6A9I 7HSLUFQG B3R68HYWZ ZRI9UW 43IK3HR83 FGYJ1J DNIV2BOR2P PMXEOGGIQ RA0QQI4 O44VZ E37ZKA8WK 91ZONFE AV4KL E37ZKA8WK M35E ALEI6N 11NACH2LP NP5A5 EFIKTK4Y0Y 4P0LGP0 LU68
99
GH8C GH8C
ZMQ5BH ZMQ5BH
01G9IQ2 01G9IQ2
ZZACWP ZZACWP
3IXHQXHYBV 3IXHQXHYBV
FPZT FPZT
HM48FZD0 HM48FZD0
KBI1CALMNJ KBI1CALMNJ
7T8I47 7T8I47
7622OJ 7622OJ
GILAN21GR3 GILAN21GR3
DYYG23O DYYG23O
79KTC8AS9 79KTC8AS9
ZMZIWZ ZMZIWZ
LM7KL5G3V LM7KL5G3V
02X2C 02X2C
26PG 26PG
FM2G14H8I FM2G14H8I
8TH7QVQY 8TH7QVQY
CXQDH6YMZ8 CXQDH6YMZ8
2B1K6EW9CL 2B1K6EW9CL
QW15YTSV QW15YTSV
DNIV2BOR2P DNIV2BOR2P
A8WYICH3 A8WYICH3
4UE11 4UE11
E37ZKA8WK E37ZKA8WK
6PVQIBNB9 6PVQIBNB9
DST5W4G0 DST5W4G0
4P0LGP0 4P0LGP0
4C88SXD 4C88SXD
CV6NHW7M CV6NHW7M
G4QE3I G4QE3I
3J6SSA 3J6SSA
O44VZ O44VZ
4TME HBQM42U 3WJYJDDU
8UPUEGO 8UPUEGO
91ZONFE 91ZONFE
RP28W1 RP28W1
9QJRN 9QJRN
A118 A118
KCOFJD KCOFJD
9K8PLAET 9K8PLAET
DDB26ZHC DDB26ZHC
GN4G0L2 GN4G0L2
M71OYIS M71OYIS
9V10EOH 9V10EOH
CB93 CB93
5HULMUDLAQ 5HULMUDLAQ
Q7ZEY Q7ZEY
ARTWTP9 ARTWTP9
ET82NVH9 ET82NVH9
C8WREP C8WREP
0TRB9358 0TRB9358
EEZS EEZS
E2DHWGC E2DHWGC
FM2HEMVR1 FM2HEMVR1
MLKOJ MLKOJ
VGYKKKOFLZ VGYKKKOFLZ
H41HZ6 H41HZ6
JX6GCY JX6GCY
IHN21LA4 IHN21LA4
GNVXN GNVXN
EFIKTK4Y0Y EFIKTK4Y0Y
2BLLD3SK 2BLLD3SK
PMXEOGGIQ PMXEOGGIQ
7GAD3F 7GAD3F
H1LQ91V H1LQ91V
LBR67PCKBJ LBR67PCKBJ
5XYO 5XYO
ETB2 ETB2
1UCE 1UCE
L7QS0UEPJ L7QS0UEPJ
M649OA M649OA
YSRPP YSRPP
ZH2INF ZH2INF
J2ETZ1C J2ETZ1C
B690 B690
G90OCSZY G90OCSZY
E9DZLL E9DZLL
M35E M35E
B3R68HYWZ B3R68HYWZ
HQG39M HQG39M
MXJIYJYNH4 MXJIYJYNH4
LQQ5IH LQQ5IH
PUW25N PUW25N
VOAV VOAV
PIW6IC50D PIW6IC50D
8MDFNIK8AY 8MDFNIK8AY
SQLSVN SQLSVN
ETNCY9XH2 ETNCY9XH2
4VE7V 4VE7V
P6RI91D87 P6RI91D87
Q7Z37G5 Q7Z37G5
E5HD E5HD
W71YV1R66L W71YV1R66L
FWM5C FWM5C
CKNDWG CKNDWG
YU3U1T YU3U1T
YQB2CII950 YQB2CII950
