0 81 90 0 71 26 79 8 55 92 37 78 28 89 8 33 92 8 38 25 42 49 88 97 36 60 96 40 7 66 3 4 40 60 80 59 62 75 44 80 45 20 53 44 70 65 86 17 98 39 69 77 31 57 1 51 47 1 56 41 31 54 15 14 34 94 19 34 35 10 46 16 61 24 27 68 72 27 30 67 85 18 30 24 16 84 49 87 20 63 49 76 73 25 22 23 32 83 21 29 43 82 29 91 50 12 5 91 9 74 11 95 2 52 93 64 52 48 13 58 2 9 99 6 26
50
2 2
6 6
9 9
11 11
12 12
14 14
15 15
16 16
20 20
21 21
22 22
24 24
25 25
26 26
29 29
30 30
31 31
36 36
37 37
38 38
40 40
41 41
43 43
44 44
46 46
47 47
50 50
54 54
56 56
57 57
59 59
60 60
65 65
67 67
71 71
73 73
74 74
75 75
76 76
77 77
79 79
80 80
82 82
83 83
84 84
89 89
91 91
92 92
94 94
95 95
