0 160 27 28 65 177 28 93 68 69 14 68 126 15 28 118 54 64 190 128 26 43 190 54 16 188 102 132 55 146 165 31 138 170 55 31 110 10 31 172 34 73 178 39 73 21 43 42 90 78 125 114 108 94 148 151 140 185 115 140 196 25 7 51 6 85 195 157 29 32 192 105 32 98 23 85 56 99 71 156 95 193 194 22 41 71 59 7 198 163 60 78 114 94 140 18 180 13 154 179 66 154 147 184 30 142 111 112 46 100 119 38 107 46 109 37 46 122 52 50 13 111 30 147 4 167 101 84 80 176 9 77 161 80 89 117 137 19 197 83 130 36 83 92 19 129 153 164 4 11 101 3 4 81 158 141 103 12 134 79 104 152 79 135 74 79 61 182 175 45 75 113 33 40 88 124 131 183 47 86 58 47 187 62 47 116 44 183 168 24 174 186 24 133 106 5 40 1 5 33 87 166 139 159 149 87 96 97 72 96 76 169 2 96 63 191 20 155 181 49 123 136 57 17 155 49 53 121 199 144 189 162 70 144 121 150 143 121 171 120 17 8 48 91 20 173 127 35 135 0 67 82 0 27 145
100
0 0
2 2
4 4
5 5
6 6
8 8
9 9
11 11
13 13
14 14
15 15
16 16
17 17
21 21
23 23
25 25
26 26
29 29
33 33
36 36
39 39
40 40
44 44
48 48
49 49
50 50
51 51
53 53
55 55
56 56
57 57
58 58
59 59
61 61
62 62
63 63
64 64
65 65
66 66
76 76
81 81
82 82
84 84
85 85
87 87
88 88
89 89
91 91
92 92
95 95
96 96
97 97
98 98
99 99
100 100
101 101
103 103
105 105
107 107
108 108
109 109
110 110
114 114
121 121
122 122
123 123
125 125
126 126
128 128
130 130
137 137
142 142
145 145
150 150
151 151
152 152
155 155
156 156
157 157
158 158
160 160
161 161
163 163
171 171
174 174
175 175
177 177
178 178
180 180
183 183
184 184
188 188
189 189
190 190
191 191
192 192
194 194
195 195
196 196
197 197
