qaNF4 9NiO9NIt6mT 9JJWGryKp1iJ5JrjK3 e2CQ 10rY1cuVgs tH7nO948j59TD TBzN IU22L8 MQoYo ed344Yt4h6KSl9M4437 ERPMg4g6 3l6XBJU8C1Vc5ugKIhUy J ed344Yt4h6KSl9M4437 GqPS06 tH7nO948j59TD 62a8663U0b b88Y9j2qm7Ik9Uc1Akg 4o t4g038uD0J7N2MjjK 4N9h9q6 4o vWPW65z 5NI1AGh6XyxT39yE 3AZZS7ZlVKs4rRsl T930LVMZqWnRhtA bIXpEU56v5EwRurYx eN9bdj6 gE2u1BLhV0VP9W4K FXctIQn9v zvAc9Z2d7eDxV gE2u1BLhV0VP9W4K 3AZZS7ZlVKs4rRsl Vg LgZ3kgV 5NI1AGh6XyxT39yE eh31Ty 4o nOiawiwD0EH865 8AGaG4q0Iof9C IAPW3R nOiawiwD0EH865 owJxU5AByA1usDUB3gkv 5J K8FRNDo9AOC85 23LQ1uFKh B6zwxFUTXP7207OU l 23LQ1uFKh nOiawiwD0EH865 8L8HD9 Tgw4KRLY56280J0 3I3Et2jII8y o2TJY8U Tgw4KRLY56280J0 8AGaG4q0Iof9C EEGmmDga XwqXZ5 10rY1cuVgs X1 qaNF4 a049zYG55Zn66Xbmpdp0 fnMwNw1M6Naw awsq33VKPi6omYhDxD EEGmmDga
25
qaNF4 qaNF4
fnMwNw1M6Naw fnMwNw1M6Naw
3l6XBJU8C1Vc5ugKIhUy 3l6XBJU8C1Vc5ugKIhUy
e2CQ e2CQ
4o 4o
5NI1AGh6XyxT39yE 5NI1AGh6XyxT39yE
IU22L8 IU22L8
gE2u1BLhV0VP9W4K gE2u1BLhV0VP9W4K
o2TJY8U o2TJY8U
T930LVMZqWnRhtA T930LVMZqWnRhtA
zvAc9Z2d7eDxV zvAc9Z2d7eDxV
owJxU5AByA1usDUB3gkv owJxU5AByA1usDUB3gkv
t4g038uD0J7N2MjjK t4g038uD0J7N2MjjK
10rY1cuVgs 10rY1cuVgs
3AZZS7ZlVKs4rRsl 3AZZS7ZlVKs4rRsl
9NiO9NIt6mT 9NiO9NIt6mT
Tgw4KRLY56280J0 Tgw4KRLY56280J0
B6zwxFUTXP7207OU B6zwxFUTXP7207OU
tH7nO948j59TD tH7nO948j59TD
bIXpEU56v5EwRurYx bIXpEU56v5EwRurYx
b88Y9j2qm7Ik9Uc1Akg b88Y9j2qm7Ik9Uc1Akg
J J
awsq33VKPi6omYhDxD awsq33VKPi6omYhDxD
a049zYG55Zn66Xbmpdp0 a049zYG55Zn66Xbmpdp0
l l
