w22P6su70O6jf3FJ EL5n1KQ3kn p772t3OLqj Ut7hqt9A WD8QxBAx49P Q P6C89a32 2mk9O8P6 Q 7xf20x1m1od50iPHUtr e87h NQThb6mm4a WbNQJ5005mGN e87h FR3SCSFtuk055ORI Rf0x16WtfDv T4EKg4Vc FR3SCSFtuk055ORI QqvW51K9Cm MJ2l1N0ojTC EL5n1KQ3kn 2qbTYSv3J NESaNvTSnt9E9du 98E9ia5 gv3T5z4 659Cx 2qbTYSv3J 98E9ia5 89ukpivGhdck21Krrh40 TMULg iT7 QE9dXn5y6j2YYh zM5l4u83ERoh6lnR78 gE7S 3WRvw jxDm s8xx0T2h 5op72W0VS69N eZEbm QE9dXn5y6j2YYh jxDm 4932 0b 3505 AyBBdkPvTTt19wqt 9jWI53P36dh95 FKWv88jkw79me T8C17MZ6g69gmQ ymzG1qC7YsJFFmeog 7DmqFE KIOJyBXM922ydZA5 9jWI53P36dh95 0b vRH6pA1I75N1 jxDm 6c1qFsEg9xI 2mk9O8P6 SdP9W8WRSw kg8257p31rTQvRWjGF NU7gnWcAs4nq66FS 9fo1FxSJvnO 68ZC6T1G2o9Q95CKs MjwmiyLlZn L2a jY83MVt5i7C19 thypPB22BchO3Od9 MjwmiyLlZn x60I798qq0Sq6Xdc9s0 0IBy7AQ154pMIDBr2E 8kQ991Y80Dy khC 4B5uWNh7Dl3lRP 8kQ991Y80Dy v Epp31Y6 x60I798qq0Sq6Xdc9s0 J68F52raS3n1L6ZYK 336P8 MnF3RrhkA5IuhY Fe5xMwq0a8 XQxkrBxnI O73Lh6 Han188Ox EnmWLiDA9NE89oNUTbx 9o4t O73Lh6 2a5Zkf5zd4Va3 E76twn5gNBei01uh2PkH MEv16358FQ yd7324WTF aCCE FUnTXn w6Z 2P201UD8Q c3x9Cmq8W5oa57mjASv MEv16358FQ Fe5xMwq0a8 2P201UD8Q Nstvw8dF9rhja lP84Whn Le6BO3R b817BTo6GdPc96ig2 wUtvmN9V14Vw0fcE01F ywj3aNhyxUH 9bEwQSkRTB XMV256fk Nstvw8dF9rhja BZa306Pc3 L46h8MG90TBpA8v9 I4640OD iwa3b66QgtEN3 oex2A06Dl q7Ehaiz qGr382CkPK997QVHAL rti 8s3AAaGRDoeQCE9 q7Ehaiz LK1h2AhdhXWb7Czrr QyqY4vHYw8HuZ1xqo dElaPKehji2fqD9H4h9 PdNbuD3b97N264 1wh33nDt6y0W6 I4640OD 1utCvCS3yEzt0HBbKt 360B15fOiy1XBl 9Ge7Sge1bnha0Jm c9i08aXpBX5L7Y9g lP84Whn d Le6BO3R 5nYY46YfUGovj nOMN589D7t0QjhnBj3wn oyti0PDcb6jz Z93vITe403 Iqcp2LHc0iz446x59 nOMN589D7t0QjhnBj3wn Nstvw8dF9rhja h5 CDuc4XdY7zp 2l90gxx61rTb0CbF 6qc68848myvIqoZWw 2T6osNpb4 tbwtQej d5P0NXv8 r9qUrqog71Fz9gx pwvBbQ870l3Io2K dQnWD4K3Y JbMQX8p9 36Y155M7F1ZG8 wC12hFFKGF b5a4h JbMQX8p9 AcC1Sh8w37Px0m 8w6aRuq A O7W5C8z8H93l Ru0A1pKIpZYWG A 1e90fR0FtB7Ev156y PHXESKmVA4 Sr IEtn6zEV03H3 e1M0JsNJ5 j nw566uv 1CYyNxk8m7fToc6XLW7T mmF WMKy4XnjMCqO 1wF6 mmF nw566uv r9qUrqog71Fz9gx IEtn6zEV03H3 pwvBbQ870l3Io2K iFF184 2YlhGrefFhV6JLtw 5tQKcAo3 JfgS42SLYQ875K 7d2Q05crlPi o 9e60h3poT1v5TKPk DY34 A6gMJKsUfUSuEI76 o 5tQKcAo3 q 8tvL5MpO9J735t dUdv 0Lw86e I6 o83v2nI1sQs 6v326555i1Io5Z I6 uF131buM7L27 0Lw86e 1MHxxU Ja L7Mfs3034VwaB7kd3Z hG8udpL53V l Ja 5FXI0 rcnFY8496Nr2v81Ax d2A2ZPVl61Vtm2kT 1MHxxU je0uE0UV Ls7i6h3d558LQMh6h 85682ijoufq1DW o88qO93T 920ucA0jXEv 3ZLt1fWbH0f1fCMh2 Ls7i6h3d558LQMh6h 1MHxxU TByQ7zH089 GXFdnTo0Mk JBYT6heC6yE4 88e7 fJQi1GAp0 b6DdFnSk8qdk45 b19692 6nB9xzJ7b5115Qu5 PELS5 baJvRpx2qsf2 6nB9xzJ7b5115Qu5 b6DdFnSk8qdk45 GXFdnTo0Mk P 1MHxxU iFF184 Q2PY 3 3z4E RYtkT5 8Qe2lSUyQa usTG0We6G9WDs7Dk RYtkT5 Q2PY EL5n1KQ3kn Ut7hqt9A 7xf20x1m1od50iPHUtr 0 WD8QxBAx49P DqfU93360y3I66U0 67zx6J5N914IyP9GV5 Tk46 DqfU93360y3I66U0 9q06155efQSN M40P0vmSkH961FtFpaR bfYVB7M6I5 c2m39UUoMb 7tAK5gvusa66TB8HH7nq cZ9 2Et5UN6ZJ19iz c2m39UUoMb
100
d d
5nYY46YfUGovj 5nYY46YfUGovj
TMULg TMULg
aCCE aCCE
P P
vRH6pA1I75N1 vRH6pA1I75N1
6v326555i1Io5Z 6v326555i1Io5Z
6c1qFsEg9xI 6c1qFsEg9xI
2l90gxx61rTb0CbF 2l90gxx61rTb0CbF
IEtn6zEV03H3 IEtn6zEV03H3
L46h8MG90TBpA8v9 L46h8MG90TBpA8v9
kg8257p31rTQvRWjGF kg8257p31rTQvRWjGF
2P201UD8Q 2P201UD8Q
1e90fR0FtB7Ev156y 1e90fR0FtB7Ev156y
RYtkT5 RYtkT5
b817BTo6GdPc96ig2 b817BTo6GdPc96ig2
Tk46 Tk46
4B5uWNh7Dl3lRP 4B5uWNh7Dl3lRP
2T6osNpb4 2T6osNpb4
E76twn5gNBei01uh2PkH E76twn5gNBei01uh2PkH
jxDm jxDm
e1M0JsNJ5 e1M0JsNJ5
FR3SCSFtuk055ORI FR3SCSFtuk055ORI
PELS5 PELS5
9jWI53P36dh95 9jWI53P36dh95
eZEbm eZEbm
Le6BO3R Le6BO3R
khC khC
2Et5UN6ZJ19iz 2Et5UN6ZJ19iz
c3x9Cmq8W5oa57mjASv c3x9Cmq8W5oa57mjASv
NU7gnWcAs4nq66FS NU7gnWcAs4nq66FS
Rf0x16WtfDv Rf0x16WtfDv
8w6aRuq 8w6aRuq
nOMN589D7t0QjhnBj3wn nOMN589D7t0QjhnBj3wn
KIOJyBXM922ydZA5 KIOJyBXM922ydZA5
1wF6 1wF6
MEv16358FQ MEv16358FQ
XQxkrBxnI XQxkrBxnI
usTG0We6G9WDs7Dk usTG0We6G9WDs7Dk
Ut7hqt9A Ut7hqt9A
TByQ7zH089 TByQ7zH089
q7Ehaiz q7Ehaiz
v v
d5P0NXv8 d5P0NXv8
hG8udpL53V hG8udpL53V
A6gMJKsUfUSuEI76 A6gMJKsUfUSuEI76
dUdv dUdv
uF131buM7L27 uF131buM7L27
4932 4932
68ZC6T1G2o9Q95CKs 68ZC6T1G2o9Q95CKs
920ucA0jXEv 920ucA0jXEv
J68F52raS3n1L6ZYK J68F52raS3n1L6ZYK
MjwmiyLlZn MjwmiyLlZn
1utCvCS3yEzt0HBbKt 1utCvCS3yEzt0HBbKt
p772t3OLqj p772t3OLqj
r9qUrqog71Fz9gx r9qUrqog71Fz9gx
9o4t 9o4t
XMV256fk XMV256fk
7DmqFE 7DmqFE
L7Mfs3034VwaB7kd3Z L7Mfs3034VwaB7kd3Z
b19692 b19692
I6 I6
FKWv88jkw79me FKWv88jkw79me
o83v2nI1sQs o83v2nI1sQs
659Cx 659Cx
Q Q
gv3T5z4 gv3T5z4
89ukpivGhdck21Krrh40 89ukpivGhdck21Krrh40
8tvL5MpO9J735t 8tvL5MpO9J735t
b6DdFnSk8qdk45 b6DdFnSk8qdk45
6qc68848myvIqoZWw 6qc68848myvIqoZWw
ywj3aNhyxUH ywj3aNhyxUH
MJ2l1N0ojTC MJ2l1N0ojTC
P6C89a32 P6C89a32
thypPB22BchO3Od9 thypPB22BchO3Od9
EnmWLiDA9NE89oNUTbx EnmWLiDA9NE89oNUTbx
2YlhGrefFhV6JLtw 2YlhGrefFhV6JLtw
q q
3 3
Han188Ox Han188Ox
SdP9W8WRSw SdP9W8WRSw
iFF184 iFF184
O7W5C8z8H93l O7W5C8z8H93l
ymzG1qC7YsJFFmeog ymzG1qC7YsJFFmeog
I4640OD I4640OD
85682ijoufq1DW 85682ijoufq1DW
8Qe2lSUyQa 8Qe2lSUyQa
yd7324WTF yd7324WTF
3z4E 3z4E
JBYT6heC6yE4 JBYT6heC6yE4
3505 3505
9q06155efQSN 9q06155efQSN
qGr382CkPK997QVHAL qGr382CkPK997QVHAL
7d2Q05crlPi 7d2Q05crlPi
nw566uv nw566uv
Q2PY Q2PY
QqvW51K9Cm QqvW51K9Cm
36Y155M7F1ZG8 36Y155M7F1ZG8
T8C17MZ6g69gmQ T8C17MZ6g69gmQ
pwvBbQ870l3Io2K pwvBbQ870l3Io2K
