0 74 22 49 0 38 26 0 68 11 71 1 92 58 41 21 83 81 15 41 1 21 54 39 91 86 8 96 70 31 96 10 80 27 47 34 61 17 69 34 14 64 53 14 30 72 16 73 88 42 23 16 77 10 63 65 48 63 67 62 60 10 14 51 5 12 66 36 97 24 50 46 24 76 28 12 45 7 75 56 7 5 99 9 43 94 6 25 78 18 87 59 33 18 29 98 32 93 84 29 37 9 18 35 57 4 40 95 82 55 89 3 90 79 3 13 85 19 2 3 5 45 11 20 0 52 44 11
50
0 0
1 1
2 2
3 3
4 4
5 5
6 6
7 7
8 8
9 9
10 10
11 11
12 12
13 13
14 14
15 15
16 16
17 17
18 18
19 19
20 20
21 21
22 22
23 23
24 24
25 25
26 26
27 27
28 28
29 29
30 30
31 31
32 32
33 33
34 34
35 35
36 36
37 37
38 38
39 39
40 40
41 41
42 42
43 43
44 44
45 45
46 46
47 47
48 48
49 49
