0 90 79 138 89 73 96 51 6 58 68 85 75 11 121 49 40 100 35 124 92 17 13 5 109 22 46 41 28 72 33 2 36 56 174 29 14 61 65 3 12 139 16 57 18 42 48 127 82 99 32 25 166 124 93 174 81 107 47 51 30 103 20 53 128 8 67 71 128 8 149 7 76 34 125 87 84 24 63 55 101 2 33 17 111 31 141 60 198 88 173 97 147 95 145 42 51 105 19 116 142 107 179 185 61 65 2 33 72 28 41 161 71 148 94 160 138 89 73 153 167 175 178 166 124 35 100 168 126 60 140 0
76
0 0 15 37 43 52 59 62 86
57 1 57
2 2 27 78
3 3
79 4 79
5 5
6 6
7 7
8 8
107 9 50 80
42 10 42
11 11
12 12
13 13
14 14
16 16
17 17 21
18 18
19 19
20 20
22 22
89 23 26 89
24 24 54 98
25 25
28 28
29 29
30 30
31 31
32 32
33 33 74
34 34
35 35 69
36 36
93 38 93
142 39
40 40
41 41
100 44
128 45
46 46
47 47
48 48
49 49
51 51
53 53
55 55
56 56
58 58
60 60
61 61 70
63 63
141 64
65 65
153 66
67 67
68 68
71 71
72 72 83
73 73
75 75
76 76
125 77
81 81
82 82
84 84
85 85
87 87
88 88
90 90
175 91
92 92
94 94
95 95
96 96
97 97
99 99
