loc0 loc25 loc138 loc42 loc46 loc37 loc144 loc49 loc105 loc52 loc106 loc160 loc53 loc78 loc82 loc62 loc157 loc198 loc131 loc44 loc77 loc129 loc162 loc93 loc168 loc11 loc134 loc96 loc122 loc50 loc196 loc76 loc97 loc163 loc36 loc116 loc89 loc191 loc39 loc28 loc187 loc107 loc170 loc147 loc181 loc57 loc199 loc127 loc184 loc164 loc165 loc20 loc113 loc186 loc83 loc197 loc150 loc10 loc32 loc138 loc25 loc183 loc188 loc120 loc135 loc179 loc41 loc119 loc192 loc151 loc130 loc141 loc156 loc75 loc47 loc159 loc109 loc69 loc158 loc58 loc185 loc100 loc85 loc141 loc14 loc150 loc17 loc167 loc123 loc80 loc67 loc65 loc92 loc58 loc0
72
loc129 loc129 loc15
loc130 loc130
loc131 loc131
loc134 loc134
loc120 loc8 loc120
loc10 loc10
loc138 loc138 loc118
loc11 loc11
loc14 loc14
loc144 loc144
loc17 loc17
loc147 loc147
loc20 loc20
loc150 loc150
loc25 loc25
loc127 loc27
loc28 loc28
loc156 loc156
loc157 loc157 loc112
loc168 loc31 loc168 loc66
loc160 loc160 loc45
loc32 loc32
loc162 loc162
loc36 loc36
loc37 loc37
loc164 loc164
loc167 loc167
loc41 loc41
loc39 loc39
loc165 loc165
loc44 loc172
loc42 loc42
loc46 loc46
loc47 loc47
loc49 loc49
loc109 loc177 loc109
loc179 loc179
loc52 loc52
loc53 loc54
loc76 loc182
loc184 loc184
loc185 loc185
loc57 loc57
loc187 loc187
loc188 loc188
loc186 loc186
loc183 loc183
loc191 loc191
loc192 loc192
loc67 loc67
loc196 loc196
loc69 loc69
loc198 loc198
loc197 loc197
loc75 loc75
loc78 loc78
loc82 loc82
loc83 loc83
loc141 loc84
loc85 loc85
loc89 loc89
loc92 loc92
loc93 loc93
loc96 loc96
loc97 loc97
loc100 loc100
loc105 loc105
loc106 loc106
loc113 loc113
loc116 loc116
loc119 loc119
loc122 loc122
