loc0 loc23 loc19 loc94 loc99 loc47 loc25 loc47 loc7 loc12 loc42 loc4 loc67 loc13 loc67 loc4 loc81 loc25 loc46 loc71 loc90 loc62 loc45 loc62 loc60 loc95 loc60 loc62 loc90 loc29 loc70 loc98 loc3 loc98 loc59 loc37 loc30 loc22 loc30 loc53 loc1 loc2 loc87 loc72 loc93 loc71 loc78 loc9 loc88 loc8 loc5 loc6 loc61 loc78 loc71 loc93 loc27 loc4 loc62 loc45 loc43 loc58 loc92 loc24 loc74 loc58 loc43 loc49 loc91 loc49 loc33 loc49 loc50 loc96 loc50 loc56 loc77 loc21 loc94 loc99 loc23 loc15 loc89 loc86 loc80 loc68 loc86 loc68 loc82 loc54 loc83 loc48 loc32 loc89 loc15 loc23 loc0
32
loc6 loc6
loc7 loc7
loc8 loc8
loc62 loc16 loc62
loc95 loc20
loc21 loc21
loc23 loc23 loc84
loc24 loc24
loc25 loc25
loc93 loc26 loc93
loc13 loc28 loc79
loc29 loc29
loc91 loc31 loc39 loc91
loc33 loc33
loc22 loc34
loc45 loc35 loc45
loc96 loc40
loc42 loc42
loc48 loc48
loc49 loc49
loc3 loc51
loc68 loc52
loc54 loc54
loc61 loc61
loc67 loc65
loc86 loc69 loc86
loc72 loc72
loc98 loc75
loc81 loc81
loc88 loc88
loc90 loc90
loc99 loc99
