22 25 3 36 24 3 99 2 76 39 1 82 7 64 14 85 61 14 77 23 7 48 4 68 51 4 14 1 18 54 1 58 44 12 1 63 2 88 0 56 9 55 70 6 83 9 8 47 65 8 86 90 8 69 29 8 9 62 0 81 13 27 17 72 0 81 79 13 81 0 93 28 0 66 42 2 43 91 2 80 1 73 87 4 75 3 38 98 3 49 41 3 97 33 15 20 62 0 37 10 59 32 10 74 57 10 92 16 40 11 5 53 67 5 95 46 5 60 3 34 78 3 22
38
2 2
5 5 19
6 6
12 12
15 15
16 16
0 21 31
23 23
29 29
32 32
36 36
39 39
41 41
42 42
43 43
46 46
47 47
53 53
55 55
58 58
59 59
65 65
66 66
69 69
72 72
73 73
74 74
75 75
78 78
79 79
83 83
85 85
87 87
3 89
90 90
93 93
95 95
97 97
