0 195 157 0 113 51 0 143 188 0 22 178 125 6 165 72 6 74 71 6 80 123 6 53 9 140 177 9 194 105 18 116 9 41 73 18 9 6 89 166 6 162 0 111 168 0 102 17 42 63 6 88 106 6 81 153 6 98 14 60 99 14 95 139 14 129 119 24 20 13 70 29 13 90 182 13 2 68 150 2 199 23 2 83 126 2 24 117 27 167 8 151 130 8 136 170 25 56 50 3 110 49 15 133 3 57 198 3 185 107 3 28 142 112 11 47 147 11 93 145 3 85 21 7 173 135 7 69 76 7 66 196 7 96 40 7 127 77 8 94 141 8 62 122 7 138 115 7 144 131 7 39 8 176 7 101 169 16 36 7 152 187 2 32 67 2 108 75 26 43 78 26 2 120 155 2 55 160 2 45 3 174 79 3 121 5 192 132 5 33 191 84 5 54 91 11 97 184 10 159 179 10 148 164 4 52 82 4 154 124 4 10 186 4 183 109 4 44 134 4 189 37 4 35 172 4 190 3 58 171 3 34 146 11 175 86 11 161 104 11 137 114 11 15 3 21 8 100 12 197 181 12 163 8 170 1 38 156 1 149 128 1 61 30 1 65 31 1 158 118 1 87 180 1 64 46 1 103 19 59 1 92 0 193 48
80
1 1
2 2
5 5
11 11
14 14
16 16
24 24
25 25
26 26
27 27
30 30
31 31
33 33
36 36
37 37
44 44
46 46
50 50
51 51
52 52
53 53
56 56
58 58
59 59
63 63
64 64
71 71
72 72
74 74
77 77
80 80
81 81
82 82
83 83
87 87
90 90
97 97
99 99
100 100
101 101
104 104
106 106
110 110
112 112
113 113
115 115
117 117
118 118
119 119
121 121
127 127
128 128
131 131
132 132
133 133
134 134
135 135
146 146
147 147
148 148
149 149
150 150
158 158
160 160
162 162
163 163
165 165
166 166
171 171
185 185
186 186
188 188
190 190
191 191
192 192
193 193
194 194
195 195
197 197
198 198
