73 96 38 96 15 48 32 1 50 53 94 2 27 88 45 77 14 17 93 64 90 64 93 17 10 45 88 22 70 83 55 34 58 39 80 39 58 34 55 83 29 22 88 100 60 46 99 62 99 46 99 62 12 43 20 35 39 80 7 28 40 16 40 28 91 28 40 13 48 15 79 95 19 1 68 4 74 66 31 86 37 76 18 19 1 50 61 67 92 33 92 68 4 69 98 9 57 44 57 9 98 21 3 63 30 84 7 4 68 1 32 48 15 96 38 96 73
41
1 1
38 5 8
9 9 71
10 10
33 11 33 82
12 12
13 13
14 14
15 15
18 18
19 19
21 21
22 22
90 25 90
27 27
29 29
34 34
44 44 49
46 46 75
48 48
50 50
53 53
57 57
62 65
66 66
68 68
74 74
76 76
77 77
91 78 81 91
79 79
83 83
84 84
16 85
86 86
93 93
94 94
96 96
98 98
99 99
100 100
