74 123 109 161 11 99 137 97 100 73 146 8 141 8 42 8 146 45 186 28 186 28 113 28 1 47 198 100 72 110 18 34 7 34 18 1 13 121 6 121 13 15 148 105 117 3 180 158 43 187 75 4 168 4 29 92 150 39 14 28 155 175 165 64 24 64 165 175 79 70 116 138 34 151 33 151 33 76 166 14 59 65 91 131 53 37 152 37 53 131 91 65 170 63 57 194 57 63 66 122 26 193 51 199 133 199 51 193 127 32 153 159 50 66 63 57 195 86 57 194 57 63 170 172 5 48 132 30 167 24 131 200 101 65 59 60 35 188 183 25 44 25 183 188 35 60 59 14 166 76 112 76 21 76 61 141 129 163 94 34 52 153 32 153 52 197 169 116 70 189 98 125 103 147 103 125 73 100 198 130 151 33 140 181 20 96 20 161 109 123 74
76
4 4
5 5
11 11
172 12
14 14 118
152 16 152
64 17 90
18 18
20 20
25 23
32 27 32
21 31
39 39
42 42 142
44 44 107
45 45
47 47
50 50
51 51 77 190
52 52
53 53
133 54 133
76 56 76 154
28 58
59 59
60 60
61 61
63 63 139 174
66 66
72 72
73 73
7 80
123 81 123
33 83 108
86 86 128
113 88 113
6 89
91 91
94 94
147 95
96 96 184
97 97
98 98
99 99
100 100 134 173
103 103
105 105
109 109
121 111
112 112 114
8 115
116 116 120
125 125 157
127 127
129 129
130 130
132 132
151 135
194 136
138 138
140 140
122 143
146 146
155 155
158 158
161 161
163 163
165 165 171
167 167
37 178
168 179
13 192
193 193
198 198
199 199
200 200
