AA AB AF AT AR AF AQ AS AG AW BC BD AW AX BF AZ AV BA BE AX AG AV BB BI BP BO BI AH BH BL BN BH BM BG BK BJ BG AH AB AP AO AE AB AG AU AY DG CO DD CM DB DC CM AL CN DF DI CP DJ DH CP AM DK CS AM CQ AD AL CO DE CV CK CW CX CK AK CY CL CZ DA CL AK AD AM CR DL DM CT DO AN CT DN CU AN AD AA AJ BU CH CG BU CI CJ BU CA BS CC CB BS AI BQ BW BV BQ CF BT CE CD BT AJ AC BX BR BZ BY BR AI AC
25
AA AA
AB AB
AC AC
AD AD
AE AE
AF AF
AG AG
AH AH
AI AI
AJ AJ
AK AK
AL AL
AM AM
AN AN
AO AO
AP AP
AQ AQ
BD BD
BE BE
BF BF
BG BG
BH BH
BI BI
BJ BJ
BK BK
