0 153 117 125 166 38 117 28 95 102 115 151 139 102 35 95 123 112 118 96 195 8 123 109 73 8 103 113 133 83 52 71 190 36 175 192 85 16 3 190 33 197 159 156 186 130 100 80 199 98 64 199 162 14 156 58 89 141 59 89 30 39 57 119 150 165 144 150 138 161 132 45 138 22 5 7 57 141 196 185 106 180 12 171 72 63 128 93 63 177 47 72 191 134 160 154 76 167 187 88 99 74 41 88 167 6 114 92 75 21 44 182 19 75 67 176 21 188 142 105 137 188 157 32 193 124 194 43 178 90 124 32 51 54 79 9 62 170 10 56 42 48 9 170 17 42 140 198 24 179 68 163 131 24 134 78 184 122 181 78 191 34 183 135 70 53 50 135 1 71 46 148 87 11 148 158 46 27 53 101 116 20 82 147 155 61 69 29 126 127 84 146 77 101 23 174 152 107 49 174 164 81 52 94 13 60 143 13 40 103 65 113 168 86 129 172 97 129 2 4 189 91 26 136 169 110 111 18 136 15 37 120 121 26 120 66 173 55 66 149 145 110 31 25 108 104
100
0 0
6 6
8 8
9 9
11 11
13 13
14 14
17 17
20 20
21 21
23 23
24 24
27 27
28 28
29 29
33 33
34 34
35 35
36 36
40 40
41 41
42 42
44 44
49 49
52 52
53 53
54 54
56 56
58 58
59 59
60 60
64 64
66 66
68 68
69 69
70 70
71 71
72 72
73 73
75 75
78 78
80 80
81 81
83 83
84 84
85 85
94 94
95 95
96 96
97 97
99 99
102 102
104 104
105 105
107 107
109 109
114 114
117 117
118 118
119 119
120 120
121 121
123 123
124 124
126 126
127 127
129 129
130 130
131 131
136 136
138 138
143 143
144 144
146 146
147 147
149 149
151 151
152 152
154 154
157 157
158 158
160 160
162 162
163 163
165 165
166 166
168 168
169 169
170 170
171 171
172 172
174 174
181 181
182 182
183 183
184 184
187 187
188 188
190 190
194 194
