5 71 76 40 75 50 56 81 62 60 8 26 25 7 81 11 50 22 75 6 16 42 92 68 18 92 16 93 35 64 51 87 45 72 30 70 45 2 30 36 53 67 34 47 0 95 67 96 10 53 82 12 87 86 69 29 21 98 57 79 63 54 37 46 74 33 84 37 23 89 3 97 83 78 88 38 78 9 31 3 23 52 63 90 57 66 65 43 39 61 48 24 14 99 58 27 99 19 15 48 85 20 1 4 65 39 13 49 80 13 91 55 28 94 44 77 28 41 59 44 73 32 17 73 5
50
1 1
2 2
3 3
5 5
6 6
7 7
9 9
10 10
11 11
12 12
14 14
15 15
17 17
18 18
24 24
25 25
26 26
28 28
29 29
31 31
32 32
33 33
35 35
38 38
39 39
41 41
43 43
45 45
50 50
53 53
55 55
60 60
61 61
67 67
70 70
73 73
75 75
76 76
77 77
81 81
83 83
84 84
86 86
88 88
89 89
90 90
91 91
92 92
96 96
97 97
