Soda loc75 loc70 loc80 loc37 loc51 loc9 loc56 loc74 loc1 loc35 loc56 loc34 loc22 loc79 loc60 loc59 loc27 loc77 loc5 loc56 loc6 loc44 loc40 loc44 loc6 loc7 loc22 loc43 loc26 loc67 loc90 loc45 loc48 loc32 loc45 loc19 loc71 loc33 loc67 loc90 loc45 loc66 loc97 loc36 loc66 loc45 loc49 loc20 loc45 loc19 loc26 loc67 loc26 loc43 loc22 loc15 loc58 loc62 loc94 loc54 loc9 loc24 loc21 loc50 loc18 loc52 loc69 loc18 loc21 loc98 loc42 loc14 loc11 loc24 loc2 loc51 loc65 loc64 loc8 loc31 loc41 loc31 loc8 loc83 loc91 loc83 loc64 loc63 loc86 loc96 loc53 loc55 loc29 loc95 loc28 loc13 loc55 loc29 loc53 loc92 loc12 loc61 loc23 loc61 loc12 loc63 loc10 loc86 loc63 loc57 loc87 loc4 loc63 loc86 loc63 loc46 loc88 loc82 loc72 loc46 loc3 loc63 loc4 loc78 loc47 loc94 loc16 loc5 loc85 loc84 loc76 loc25 loc80 Soda
40
loc8 loc8 loc17
loc10 loc10
loc12 loc12
loc13 loc13
loc18 loc18
loc19 loc19
loc20 loc20
loc21 loc21
loc23 loc23 loc30
loc26 loc26
loc28 loc28
loc29 loc29
loc31 loc31
loc32 loc32
loc33 loc33
loc36 loc36
loc41 loc38 loc41
loc40 loc39 loc40
loc43 loc43
loc44 loc44 loc89
loc45 loc45 loc81 loc93
loc48 loc48
loc49 loc49 loc73
loc53 loc53
loc55 loc55
loc57 loc57
loc61 loc61
loc66 loc66
loc67 loc67
loc91 loc68 loc91
loc71 loc71
loc72 loc72
loc79 loc79
loc83 loc83
loc86 loc86 loc99
loc90 loc90
loc92 loc92
loc95 loc95
loc96 loc96
loc97 loc97
