Soda loc106 loc36 loc145 loc156 loc6 loc172 loc106 loc25 loc53 loc179 loc151 loc123 loc182 loc70 loc78 loc73 loc177 loc130 loc2 loc48 loc132 loc44 loc162 loc54 loc105 loc160 loc108 loc143 loc98 loc19 loc105 loc93 loc54 loc135 loc104 loc163 loc104 loc195 loc129 loc104 loc163 loc42 loc163 loc104 loc135 loc67 loc129 loc17 loc23 loc74 loc13 loc34 loc84 loc167 loc97 loc84 loc34 loc14 loc121 loc88 loc14 loc34 loc94 loc17 loc23 loc74 loc13 loc34 loc32 loc189 loc34 loc13 loc74 loc23 loc17 loc129 loc92 loc57 loc157 loc59 loc20 loc40 loc137 loc75 loc57 loc157 loc57 loc92 loc124 loc63 loc184 loc5 loc82 loc43 loc27 loc180 loc133 loc164 loc47 loc87 loc192 loc170 loc196 loc142 loc113 loc196 loc170 loc192 loc87 loc47 loc164 loc197 loc165 loc176 loc95 loc89 loc10 loc131 loc147 loc111 loc128 loc112 loc29 loc111 loc38 loc122 loc111 loc30 loc39 loc198 loc28 loc125 loc119 loc109 loc166 loc28 loc198 loc24 loc31 loc111 loc169 loc102 loc37 loc102 loc141 loc111 loc30 loc136 loc39 loc30 loc11 loc111 loc193 loc38 loc147 loc10 loc180 loc66 loc150 loc76 loc12 loc100 loc165 loc176 loc158 loc8 loc81 loc149 loc183 loc127 loc152 loc183 loc127 loc60 loc148 loc187 loc22 loc148 loc101 loc81 loc49 loc79 loc15 loc8 loc21 loc176 loc35 loc194 loc55 loc77 loc56 loc174 loc173 loc107 loc173 loc56 loc77 loc41 loc150 loc12 loc165 loc115 loc99 loc115 loc164 loc47 loc87 loc192 loc87 loc47 loc52 loc196 loc51 loc155 loc103 loc51 loc196 loc16 loc178 loc196 loc170 loc192 loc87 loc47 loc164 loc188 loc26 loc27 loc43 loc50 loc43 loc1 loc65 loc62 loc93 loc71 loc175 loc63 loc4 loc168 loc19 loc132 loc18 loc90 loc117 loc18 loc91 loc85 loc18 loc48 loc186 loc45 loc139 loc70 loc182 loc179 loc120 loc123 loc190 loc46 loc191 loc116 loc117 loc179 loc58 loc53 loc140 loc25 loc53 loc179 loc3 loc64 loc199 loc64 loc3 Soda
88
Soda Soda
loc3 loc3
loc6 loc6
loc142 loc7 loc142
loc8 loc8
loc99 loc9
loc10 loc10
loc11 loc11
loc13 loc13
loc14 loc14
loc15 loc15
loc17 loc17
loc20 loc20
loc22 loc22
loc23 loc23
loc24 loc24
loc25 loc25
loc26 loc26
loc28 loc28
loc30 loc30
loc32 loc32
loc34 loc34 loc118 loc138
loc35 loc35
loc36 loc36
loc37 loc37 loc181
loc38 loc38
loc39 loc39
loc40 loc40
loc41 loc41
loc42 loc42 loc171
loc45 loc45
loc50 loc50 loc83
loc51 loc51
loc53 loc53
loc55 loc55
loc57 loc57 loc72
loc58 loc58
loc59 loc59
loc196 loc61 loc185
loc64 loc64
loc65 loc65
loc74 loc74
loc75 loc75
loc77 loc77
loc79 loc79
loc199 loc80 loc199
loc82 loc82
loc84 loc84
loc88 loc88
loc90 loc90
loc94 loc94
loc95 loc95
loc97 loc97
loc100 loc100
loc101 loc101
loc103 loc103
loc106 loc106
loc107 loc107 loc146
loc109 loc109
loc111 loc111
loc193 loc114 loc193
loc121 loc121
loc122 loc122
loc52 loc126
loc128 loc128
loc131 loc131
loc136 loc136
loc137 loc137
loc140 loc140
loc141 loc141
loc145 loc145
loc147 loc147
loc151 loc151
loc163 loc154 loc163
loc155 loc155
loc156 loc156
loc157 loc157
loc165 loc165
loc167 loc167
loc170 loc170
loc172 loc172
loc173 loc173
loc180 loc180
loc183 loc183
loc188 loc188
loc189 loc189
loc192 loc192
loc194 loc194
