RG BD DR JP SX QN GT SX AL EQ SX RG AU BM HL OM XT EC OM RH JA OW KF JA OM BM FM TX WS FL SB WS TH IW VC TH EY FT JD FO OK JD XN NZ YT RB NZ AW DU NZ OS AH HG NZ YU IV NZ TH NT RY RL OO KK RL AR JR RL NZ QP VX CO UR VX LL LG VX AD YR VX LJ KC XA LJ NF GE VE RU CP VE VY EW IY QI NO NM IY HX HA KV NO IY VE VX OM AU BI XE OD XU TV YK XU RG OV PN FG EF XK FG AG DM FG HN BR FG OV KL ED SO UU LW CF ED UU JP RG TD BE TK SK BE RG
37
RL RL
TH TH
FG FG
WS WS
KV KV
UU UU
JA JA
BM BM
XU XU
XN XN
SB SB
QI QI
JR JR
BR BR
NF NF
DM DM
GE GE
EQ EQ
YK YK
VY VY
TV TV
DU DU
XK XK
FM FM
AR AR
AW AW
NT NT
EF EF
HN HN
HA HA
YT YT
KL KL
EC EC
EY EY
TK TK
XT XT
QN QN
