RV RP CY RV NL MT RV MQ TU RV TO AL OO LQ OW BI NS EQ MA MB LQ QJ RV UI EM WE ME BM WE VP PS WE EE UQ WE IE BB WE RH UM WE DQ DY FN UL SJ QO HU SJ UN YZ SJ MH VI SJ FL DZ SJ QR YV VD ZX YV KL HF YV KY EJ YV XC KV HP HJ KV CJ FR KV EA EX KV YV IH KF FU LF KF RR ST KF UR VF XM TL WT XM SQ QA XM GL JL XM JB FH XM CE IV XM WY TW XM KF YV YJ VQ QN QC GZ QN CI QK QN VG DR QN HS TH QN LR GB QN CV JP QN TP NP AQ RX NP PV DC ZR NP QN YF DB UX MP AA UO MP UT ZG MP WJ WM JG WJ EN ZU PH KT WJ UX QN WK LV CW XX FT CT CW YS VY CW PQ FA CW XB KU FT DX AD TK FT CW QN YV SJ WE FM GU EC TD GU LE TC GU CG WH GU PW PX SA BV GU LS IX GU YI RM JR AZ OZ JR PP JA JR GU IA OQ FY IA AU NR XD QG RN NR IA YT IJ SA OJ IY SA LM WU SA GU XG NM VE TG NM PN LI NM EO WA NM AX MF AO YG MF BR NM GR WI KC MF NM PJ SL YD AF SL LK VC SL JC WX SL YX ZZ SL ID VW KH SL NM GU OX RV LN PB RV NS LQ
37
EQ EQ
CG CG
QC QC
SL SL
YD YD
SJ SJ
CW CW
KL KL
MF MF
PJ PJ
PN PN
FT FT
UO UO
TG TG
IA IA
IV IV
GR GR
XG XG
VF VF
LF LF
PX PX
DR DR
NL NL
QG QG
FU FU
QJ QJ
UQ UQ
TO TO
WX WX
PS PS
FH FH
WH WH
VY VY
HS HS
ZG ZG
CY CY
DC DC
