0 144 157 16 24 16 113 179 44 171 74 4 133 52 130 94 142 87 79 160 167 110 167 160 167 188 121 91 67 150 164 156 106 86 139 37 139 86 39 29 114 76 132 95 192 7 59 7 103 156 164 150 62 83 62 22 82 196 141 49 48 155 111 70 82 196 18 32 18 196 82 22 62 12 62 140 124 181 120 181 124 140 124 40 64 11 124 181 168 21 6 25 3 90 88 57 195 7 59 174 53 151 53 174 125 174 53 151 66 194 66 169 135 145 135 169 84 40 64 185 153 137 20 145 58 103 100 103 58 145 135 5 65 123 72 177 56 122 41 147 35 147 41 122 56 45 148 45 123 109 80 173 126 36 126 173 80 131 8 138 63 88 90 116 117 116 90 3 104 31 80 131 8 98 9 170 183 170 9 30 176 30 113 30 113 16 24 16 157 144 0
81
113 1 15 99
0 2
3 3
4 4
5 5
6 6
7 7
8 8 38
9 9
12 10 12
11 11
106 13 50
121 14
16 16 93
125 17 28
18 18
41 19 41
20 20
21 21
22 22
117 23
24 24
25 25
110 26
144 27
29 29
30 30
31 31
32 32 77
177 33 92
145 34
35 35 78
36 36 46
37 37 47
39 39
40 40
176 42
132 43
44 44
45 45
48 48
49 49
59 51 59
52 52
53 53 54
151 55
56 56
57 57
58 58
183 60
100 61 73 100
62 62
63 63
64 64
65 65
66 66
67 67
83 68 83
157 69
70 70
80 71 80
72 72
74 74
111 75
76 76
79 79
140 81
82 82
84 84
148 85
86 86
87 87
88 88
167 89
90 90
91 91
94 94
95 95
120 96
194 97
98 98
