0 31 51 24 25 65 83 65 83 53 29 22 68 11 68 72 75 40 75 72 35 70 35 28 33 59 80 85 80 98 80 59 7 1 10 33 28 35 72 97 37 97 20 2 69 38 77 38 69 78 2 61 27 2 64 89 21 4 19 39 19 4 31 51 34 42 55 14 55 42 34 51 62 24 51 73 63 88 95 8 57 74 57 8 16 51 24 66 6 84 0
38
1 1
2 2 26
37 3 37
4 4 47
89 5
6 6
7 7
8 8
95 9
10 10
11 11 18
74 12
14 13 14
69 15
16 16
70 17
19 19
20 20
21 21
22 22
98 23
24 24
25 25
27 27 50
28 28 30
29 29
31 31 43
85 32
33 33
34 34 44
35 35
77 36
38 38
39 39 45
40 40 49
83 41
42 42 48
65 46
