gucdicwxmb epdwcjuvdr vugkhjygfe vkrlpmybdj zpjhxyylhb rnpokwoqgt jqtguzxxsl evdoyagqfp gkcfktyute zjbarjhmau xawkqmfmmx smwxdupkdv ouxenssqdu rnpokwoqgt wtlzrefwav siatqqydwf yiwwdwbzth oggftsricu qzdrdcxoib wtyqwjwskq gwnccktgki seeyrseflx gjmmikaxih zpjhxyylhb koawdpgqdx aokbiptbzc psiebvskfb xtvbrolacp chjuuxuacs jedsthbmzo lkvobxyfca lbuiysostx eysfgfavho wtyqwjwskq qzdrdcxoib vugkhjygfe epdwcjuvdr gucdicwxmb
18
vugkhjygfe vugkhjygfe ahqdrcepub
psiebvskfb zumetrybth psiebvskfb
wtyqwjwskq wtyqwjwskq
vkrlpmybdj vkrlpmybdj
yiwwdwbzth yiwwdwbzth
koawdpgqdx koawdpgqdx
siatqqydwf tvuprbwofb
rnpokwoqgt rnpokwoqgt iwdghbmiai
zjbarjhmau zjbarjhmau
lkvobxyfca lkvobxyfca
xawkqmfmmx xawkqmfmmx
oggftsricu oggftsricu
epdwcjuvdr epdwcjuvdr
seeyrseflx seeyrseflx
zpjhxyylhb zpjhxyylhb
gkcfktyute gkcfktyute
evdoyagqfp evdoyagqfp
gwnccktgki ztplgyvqhm
