evdoyagqfp xawkqmfmmx xftptyrlvl qbiylslccb kvxwqiryyu iwdghbmiai sjtuxgdwms hsjqtjkukk wirlbujvjm phknwbtipl xguvjomcdt nwlccbonas bbwcqzwyoz ijbfzrqwct bimtbhwsby yhpfnjjqmm unihwwnyqz kijbyyuzhd wtyqwjwskq fznfvsgjhc ouxenssqdu kvfpaspidv zpjhxyylhb bswhowadhl ljhmnbaicr bswhowadhl xsjzeyxnpw ymvlfsdhbu frfueiglva pymtnhypxd pwgublhwxg afrdrejwtp wtlzrefwav sipmuleqch xychpimpzb sipmuleqch wtlzrefwav sipmuleqch xychpimpzb lnicnhmajr qpxtrjvxpe qiqnnrlapz osdeymjeil jrmlkfexfk scesbtewjx hxkhivkhyl xnppuesbrr eqdxeqvtsb xnppuesbrr gllungmori xnppuesbrr eqdxeqvtsb lndsfxewdc kyrhqthnvz lnicnhmajr aruwdskzta vugkhjygfe xywdziunpr vugkhjygfe zumetrybth tvuprbwofb opmnfgpclg bpbbtoptwg rnpokwoqgt oownpsyviv oavtmpaqji qydclznxrd xwrvhrxnqy pbefrggyje wtlzrefwav eysfgfavho bpbbtoptwg opmnfgpclg xsjzeyxnpw ymvlfsdhbu xsjzeyxnpw bswhowadhl zpjhxyylhb jwcdeoubpx hofbtczdgp yqwistxtxc nbjyrygtdh jatkaoyfxb nbjyrygtdh czvqvijjlb seeyrseflx jrmlkfexfk pymtnhypxd pwgublhwxg hofbtczdgp jwcdeoubpx zpjhxyylhb kvfpaspidv wtyqwjwskq kijbyyuzhd unihwwnyqz vnzypgtlkj gbdejcnknd ahqdrcepub afortwurqt chjuuxuacs bimtbhwsby yhpfnjjqmm unihwwnyqz pbefrggyje xzwkhxkxjr cttlxdtaiw xzwkhxkxjr pbefrggyje xwrvhrxnqy ebqxbaqnmm oegfbrwyrp xqwyvbvueh vqakgbtmpu eaozvwjoso ldnozwuuuq spdafzaivh ldnozwuuuq eaozvwjoso dnmgxnhbgi vnzypgtlkj unihwwnyqz pbefrggyje xwrvhrxnqy ebqxbaqnmm oegfbrwyrp wynbxuuxru qzdrdcxoib wynbxuuxru epdwcjuvdr eooyfwmxln fczruomdab uhalgukdzb kwbnyneokj wirlbujvjm phknwbtipl zivwgfcxqi phknwbtipl gkcfktyute rlxmdzqomd cmdqzmgvfi rlxmdzqomd gkcfktyute phknwbtipl wirlbujvjm kwbnyneokj uhalgukdzb yriqtwavfx uhalgukdzb kwbnyneokj qqtzqvrvyc tgbmxdmvwe qqtzqvrvyc xvgujpzkiw rfcbhdtwvm byyqgjwsrp gjmmikaxih lkvtxfwozs wkwwcqjtxf wtjzgzopuw byyqgjwsrp gjmmikaxih jrusiskazm vkrlpmybdj cdqkyomyxw qcktwemqbm xychpimpzb lnicnhmajr ytidnmibdj owusjcmdkp sinegnctim jfccyptuug sinegnctim owusjcmdkp stdiixwrjc ummqduagjn fczruomdab eooyfwmxln epdwcjuvdr wynbxuuxru lazlsvgukx wynbxuuxru jqtguzxxsl optviwhmbr jqtguzxxsl pcilmgdrgc qepegujmaa ixyurvbpvu qepegujmaa koawdpgqdx qepegujmaa pcilmgdrgc jqtguzxxsl optviwhmbr jqtguzxxsl xftptyrlvl mysadifwma robpunozly mysadifwma xftptyrlvl evdoyagqfp
74
eooyfwmxln eooyfwmxln
vugkhjygfe vugkhjygfe guuudgvhny
cttlxdtaiw zmfuudfatm cttlxdtaiw
vkrlpmybdj vkrlpmybdj
koawdpgqdx psiebvskfb
ixyurvbpvu yiwwdwbzth qfbvncxldf
tgbmxdmvwe tgbmxdmvwe lcrihrmoqu
yriqtwavfx gucdicwxmb rkyixxpcbx
rnpokwoqgt rnpokwoqgt
wtlzrefwav wtlzrefwav mdyuzxshey
xawkqmfmmx xawkqmfmmx
xywdziunpr oggftsricu xywdziunpr
ouxenssqdu ouxenssqdu
nwlccbonas nwlccbonas itbfnxnauh
seeyrseflx seeyrseflx hkempoemlv
jqtguzxxsl smwxdupkdv
ahqdrcepub ahqdrcepub
bswhowadhl bswhowadhl
evdoyagqfp evdoyagqfp
robpunozly bnmegnfgii
ymvlfsdhbu aokbiptbzc ymvlfsdhbu
jrmlkfexfk jrmlkfexfk
cmdqzmgvfi qgfchcatzi
wkwwcqjtxf wkwwcqjtxf
xqwyvbvueh tvcolajnao xqwyvbvueh
qepegujmaa qepegujmaa etdxtwotzh
lnicnhmajr lnicnhmajr
xychpimpzb bulywvvpni xychpimpzb
bbwcqzwyoz bbwcqzwyoz
hsjqtjkukk hsjqtjkukk
jrusiskazm jrusiskazm
wynbxuuxru tmrnpjqnxx wynbxuuxru
lndsfxewdc lndsfxewdc
oegfbrwyrp oegfbrwyrp
xftptyrlvl uooysjrxsb fluzhooehk
gkcfktyute xkasbvrrxd
optviwhmbr optviwhmbr vfdsalrajq ivugtsvtqb
mysadifwma mysadifwma
zivwgfcxqi euqbrkzdsw zivwgfcxqi
kvxwqiryyu kvxwqiryyu
gllungmori qxuqrfzzob
pcilmgdrgc pcilmgdrgc wwqchwdmtx ivgbjyugdu
kvfpaspidv kvfpaspidv
qzdrdcxoib voaumgrcuj
aruwdskzta aruwdskzta
qpxtrjvxpe qpxtrjvxpe tmatbexcil
jfccyptuug tgkujfknod
xnppuesbrr xnppuesbrr
xwrvhrxnqy xwrvhrxnqy xifuopshzj
uhalgukdzb uhalgukdzb
phknwbtipl fdgcygwgjf
hofbtczdgp hofbtczdgp
nbjyrygtdh nbjyrygtdh cpwyxulkjm
pbefrggyje pbefrggyje
kyrhqthnvz kyrhqthnvz
byyqgjwsrp qxfgqgbbdn byyqgjwsrp
oavtmpaqji oavtmpaqji ichabbvkhm
osdeymjeil osdeymjeil
scesbtewjx scesbtewjx
stdiixwrjc stdiixwrjc
kijbyyuzhd kijbyyuzhd
ljhmnbaicr pdljcbluhp
bimtbhwsby bimtbhwsby
lkvtxfwozs lkvtxfwozs
lazlsvgukx bbczvyonym
eqdxeqvtsb eqdxeqvtsb
epdwcjuvdr kgktiatgjn
afortwurqt afortwurqt
gbdejcnknd gbdejcnknd
afrdrejwtp afrdrejwtp
xguvjomcdt xguvjomcdt
ldnozwuuuq ldnozwuuuq
qiqnnrlapz qiqnnrlapz
vnzypgtlkj vnzypgtlkj
