mdyuzxshey vkrlpmybdj tvcolajnao ouxenssqdu qydclznxrd cmdqzmgvfi zpybghfdbe bswhowadhl psiebvskfb zpybghfdbe cmdqzmgvfi tmrnpjqnxx wtlzrefwav jrmlkfexfk gllungmori rkyixxpcbx gllungmori jrmlkfexfk wtlzrefwav hsjqtjkukk smwxdupkdv aokbiptbzc koawdpgqdx xywdziunpr jrusiskazm koawdpgqdx unihwwnyqz qepegujmaa unihwwnyqz koawdpgqdx smwxdupkdv hsjqtjkukk wtlzrefwav tmrnpjqnxx cmdqzmgvfi zpybghfdbe bswhowadhl wtyqwjwskq yiwwdwbzth xftptyrlvl yiwwdwbzth xftptyrlvl knfzsnhzvx oewptytlja bbwcqzwyoz fxuhthwjjp nwlccbonas oewptytlja owusjcmdkp lnicnhmajr kyblmbvqtv chjuuxuacs lnicnhmajr oggftsricu qgfchcatzi syxecaxosc ixyurvbpvu syxecaxosc gwnccktgki ixyurvbpvu uooysjrxsb seeyrseflx uooysjrxsb ixyurvbpvu syxecaxosc qgfchcatzi oggftsricu euqbrkzdsw wtjzgzopuw eysfgfavho phknwbtipl kdujdjjwot zjbarjhmau kdujdjjwot phknwbtipl hadchvmijq xplqpgpbvq lkvobxyfca fznfvsgjhc yhpfnjjqmm xkasbvrrxd eysfgfavho phknwbtipl kdujdjjwot ebqxbaqnmm zumetrybth jatkaoyfxb zumetrybth ebqxbaqnmm ljhmnbaicr owusjcmdkp lnicnhmajr oggftsricu qgfchcatzi syxecaxosc ixyurvbpvu siatqqydwf ahqdrcepub siatqqydwf ixyurvbpvu hkempoemlv mswyvpdrsy lndsfxewdc zpybghfdbe bswhowadhl oegfbrwyrp tgbmxdmvwe rnpokwoqgt zpjhxyylhb ebqxbaqnmm kdujdjjwot zjbarjhmau wkwwcqjtxf qcktwemqbm tvcolajnao vkrlpmybdj mdyuzxshey
38
rkyixxpcbx eooyfwmxln rkyixxpcbx
seeyrseflx vugkhjygfe seeyrseflx
gllungmori gllungmori
vkrlpmybdj zmfuudfatm vkrlpmybdj
zumetrybth zumetrybth
wtyqwjwskq wtyqwjwskq
psiebvskfb psiebvskfb
yiwwdwbzth jqtguzxxsl
koawdpgqdx koawdpgqdx
tgbmxdmvwe tgbmxdmvwe
zjbarjhmau zjbarjhmau bulywvvpni
lkvobxyfca lkvobxyfca
wtlzrefwav wtlzrefwav
xftptyrlvl jedsthbmzo xftptyrlvl
nwlccbonas nwlccbonas
ahqdrcepub ahqdrcepub lazlsvgukx
kdujdjjwot kdujdjjwot
gwnccktgki gwnccktgki
qepegujmaa xtvbrolacp qepegujmaa
jatkaoyfxb bnmegnfgii jatkaoyfxb
cmdqzmgvfi qfbvncxldf cmdqzmgvfi
aokbiptbzc aokbiptbzc
oegfbrwyrp lbuiysostx
ljhmnbaicr ljhmnbaicr
qcktwemqbm qcktwemqbm
knfzsnhzvx knfzsnhzvx
mdyuzxshey mdyuzxshey mysadifwma
mswyvpdrsy mswyvpdrsy
ebqxbaqnmm ebqxbaqnmm
hadchvmijq hadchvmijq wynbxuuxru
lnicnhmajr lnicnhmajr
oewptytlja oewptytlja
lndsfxewdc lndsfxewdc
owusjcmdkp owusjcmdkp
qydclznxrd qydclznxrd
ixyurvbpvu optviwhmbr
fznfvsgjhc fznfvsgjhc
euqbrkzdsw euqbrkzdsw
