6hCusiQT0Dw1LIp2c8t 1jBi0PTJvZ64NCk3reI SECHBLFm7bW62pstcwe Uv7XYOsaE8oMl5DQhic p7C1cIWa2tJX9kg5nNY kdyp0bCzWM2rU1FScgR W0N3IQHSdCRGKnYbwMj uW7VXTAoUdhGiRZnO63 ywO1XheVujSkEBKJxTa PXwJy9Y6BZ801hbHvfL IoSHlG7cO6LeXtWYKnQ 6rVipBYlOMyk9qG5Es7 SIDBPyJCVt2EMvR7QKl AnckEa9MJVFx0ewu7O4 WBgfautTI2zFSxrZdHq uW7VXTAoUdhGiRZnO63 5zViNbaOX8m4BQUucgE WBgfautTI2zFSxrZdHq rBmhTeQNjp4DsRAIKix tOQBn9zgN0xkqAXWd4G Psl7zqLQbpI2F6Zxjki vSGuRnONcjWfmhQtTLr cowxX98L4ZCzi1F0v2I KoCJyXzNqDA40c5u3mG ZQYfJ5rnoaTWL3CgkP0 cKIb6lrqdPxg41s2ZtX 3DjndOCM0Z5JlbYQr6z HfcDe8M9tPKSATRaZyp 2Be8qciQWxX5OGkTovJ KoCJyXzNqDA40c5u3mG cKIb6lrqdPxg41s2ZtX n8BR0mWQMH2UOzkIvtp 3DjndOCM0Z5JlbYQr6z p7C1cIWa2tJX9kg5nNY psCgZixY0EkVrlhQ78a jrkGdcRHTXnEtFM4byq 9cdU8XIeDth5YnmqWNv 6ZUX1F4wKzs2JncqrCm jrkGdcRHTXnEtFM4byq 83nqOsurZC7mNJVkYvy obFHZn58LiTK7tU4qPr jrkGdcRHTXnEtFM4byq UCS08hXP9ZWriMjIdEk jqEoINsWgAHPK23nfx8 IlPsROCJnVuvY9ztkBg uqDslFf152aSvKkZy4d B1yRejAKLtzmXFhdW7a 0pR2dNDmQ8oq4YaV3eH ovScIEk3it5uYA4m0V1 jrkGdcRHTXnEtFM4byq kcPgNQThEV1pHUs98Rf 8lahQvKgdf0Xt5mOxAG r7eGb1yPwH4mTBqxSYE IlPsROCJnVuvY9ztkBg tHlZLpFmMs2C4Ke5Iva B1yRejAKLtzmXFhdW7a jrkGdcRHTXnEtFM4byq 1gIAyBPEZj03p64La9s MaAJp7XESHWcrk3Ysnl tzCcW8fgerZ7MPsKRYo r7eGb1yPwH4mTBqxSYE Dcx9AuBZiOREsF8tCf7 tzCcW8fgerZ7MPsKRYo 1jBi0PTJvZ64NCk3reI MmyIjL9eCtx6gWz3wVZ
25
6hCusiQT0Dw1LIp2c8t 6hCusiQT0Dw1LIp2c8t
MmyIjL9eCtx6gWz3wVZ MmyIjL9eCtx6gWz3wVZ
1jBi0PTJvZ64NCk3reI 1jBi0PTJvZ64NCk3reI
tzCcW8fgerZ7MPsKRYo tzCcW8fgerZ7MPsKRYo
Dcx9AuBZiOREsF8tCf7 Dcx9AuBZiOREsF8tCf7
r7eGb1yPwH4mTBqxSYE r7eGb1yPwH4mTBqxSYE
IlPsROCJnVuvY9ztkBg IlPsROCJnVuvY9ztkBg
tHlZLpFmMs2C4Ke5Iva tHlZLpFmMs2C4Ke5Iva
B1yRejAKLtzmXFhdW7a B1yRejAKLtzmXFhdW7a
0pR2dNDmQ8oq4YaV3eH 0pR2dNDmQ8oq4YaV3eH
ovScIEk3it5uYA4m0V1 ovScIEk3it5uYA4m0V1
jrkGdcRHTXnEtFM4byq jrkGdcRHTXnEtFM4byq
uqDslFf152aSvKkZy4d uqDslFf152aSvKkZy4d
jqEoINsWgAHPK23nfx8 jqEoINsWgAHPK23nfx8
MaAJp7XESHWcrk3Ysnl MaAJp7XESHWcrk3Ysnl
8lahQvKgdf0Xt5mOxAG 8lahQvKgdf0Xt5mOxAG
SECHBLFm7bW62pstcwe SECHBLFm7bW62pstcwe
obFHZn58LiTK7tU4qPr obFHZn58LiTK7tU4qPr
83nqOsurZC7mNJVkYvy 83nqOsurZC7mNJVkYvy
9cdU8XIeDth5YnmqWNv 9cdU8XIeDth5YnmqWNv
1gIAyBPEZj03p64La9s 1gIAyBPEZj03p64La9s
UCS08hXP9ZWriMjIdEk UCS08hXP9ZWriMjIdEk
kcPgNQThEV1pHUs98Rf kcPgNQThEV1pHUs98Rf
6ZUX1F4wKzs2JncqrCm 6ZUX1F4wKzs2JncqrCm
psCgZixY0EkVrlhQ78a psCgZixY0EkVrlhQ78a
