0 4 77 13 41 122 123 41 45 173 45 23 36 67 41 113 112 41 42 16 86 68 3 32 16 71 43 21 142 141 140 21 23 16 13 65 84 64 24 84 132 133 84 10 197 10 114 115 10 80 38 148 147 146 38 48 26 160 159 158 26 92 10 87 149 87 28 10 88 31 118 119 31 34 121 120 34 38 26 10 33 4 84 143 84 39 107 106 39 46 170 46 40 135 134 40 74 54 18 97 91 18 102 103 18 5 117 116 5 79 30 6 50 0 93 44 105 104 44 39 27 46 0 40 2 98 60 109 108 60 129 128 60 63 2 72 22 57 188 57 136 137 57 75 5 61 52 15 96 12 139 138 12 59 95 15 58 100 101 58 1 99 7 82 1 33 0 54 191 54 25 125 124 25 49 194 49 9 161 9 73 47 164 47 152 47 78 187 186 185 78 17 47 62 19 9 57 53 178 177 176 53 31 8 87 20 29 69 111 110 69 7 1 155 1 83 167 83 90 11 179 11 131 130 11 70 56 14 11 35 90 182 90 94 127 126 94 25 51 66 49 25 17 9 18 0 11 83 37 89 76 37 55 15 5 6 0
84
100 100
101 101
102 102
103 103
104 104
105 105
106 106
107 107
108 108
109 109
110 110
111 111
112 112
113 113
114 114
115 115
116 116
117 117
118 118
119 119
120 120
121 121
122 122
123 123
124 124
125 125
126 126
127 127
128 128
129 129
130 130
131 131
132 132
133 133
134 134
135 135
136 136
137 137
138 138
139 139
140 140
141 141
142 142
143 143 144
84 145
146 146
147 147
148 148
149 149 150
87 151
152 152 153
47 154 166
155 155 156
1 157
158 158
159 159
160 160
161 161 162
9 163
164 164 165
167 167 168
83 169
170 170 171
46 172
173 173 174
45 175
176 176
177 177
178 178
179 179 180
11 181
182 182 183
90 184
185 185
186 186
187 187
188 188 189
57 190
191 191 192
54 193
194 194 195
49 196
197 197 198
10 199
