0 31 15 32 52 53 84 19 83 82 19 54 55 45 2 75 69 68 11 28 18 74 73 2 63 62 23 39 2 10 66 67 33 4 11 30 4 2 24 19 17 32 9 42 50 51 22 20 3 36 47 96 12 95 94 12 44 29 41 13 9 38 8 87 49 93 5 91 92 48 99 35 3 22 1 61 60 1 26 59 58 16 89 88 40 90 98 97 48 81 43 0 16 3 37 40 64 65 80 79 48 14 70 71 77 76 21 78 57 56 6 9 41 27 86 85 49 5 46 34 27 21 25 34 14 72 7 15
50
50 50
51 51
52 52
53 53
54 54
55 55
56 56
57 57
58 58
59 59
60 60
61 61
62 62
63 63
64 64
65 65
66 66
67 67
68 68
69 69
70 70
71 71
72 72
73 73
74 74
75 75
76 76
77 77
78 78
79 79
80 80
81 81
82 82
83 83
84 84
85 85
86 86
87 87
88 88
89 89
90 90
91 91
92 92
93 93
94 94
95 95
96 96
97 97
98 98
99 99
