0 75 25 27 65 30 170 94 110 44 105 79 134 39 35 37 35 120 47 183 180 64 104 17 15 100 20 95 40 135 130 99 145 124 159 129 72 141 132 186 42 186 77 125 74 54 69 179 189 139 149 114 195 144 140 55 58 32 30 160 162 160 137 160 154 184 169 82 108 102 101 2 13 10 12 66 67 123 120 122 151 152 150 110 57 110 180 182 180 190 125 128 117 168 165 90 92 90 185 85 115 0
82
2 2 28
0 3
12 11 12
13 13
15 15
17 16 17
20 20
25 25
27 27 118
30 30
32 32
35 35 38
37 36 37
39 39
42 41 42
40 43
44 44
47 47
135 52 135 138
54 54
55 55
57 56 57
58 58
64 64
65 65 68
66 66
67 67
69 69
72 72
74 74
75 78
79 79
82 82
85 87
92 91 92
94 94
95 95 97
99 99
100 100
101 101
102 102
104 104
105 105
108 108
110 110 113
114 114
77 116
120 120
122 122
123 123
124 124
125 125
128 128
129 129
132 131 132
130 133
134 134
137 136
139 139
141 141
140 142
144 144
145 145 148
149 149
152 152
154 154
159 159
160 160
162 161
117 166
168 168
170 172
179 179
180 180
182 181 182
183 183
184 184
186 186
185 187
189 189
190 192
195 195 197
