0 70 72 70 49 80 69 99 64 59 29 94 4 79 90 79 34 50 25 65 67 96 67 65 20 15 75 77 75 15 20 65 68 32 49 69 4 80 45 35 38 17 15 40 42 58 55 35 10 45 47 88 37 35 10 12 10 35 55 14 54 19 45 4 50 52 98 95 5 85 30 85 87 85 39 9 60 9 30 4 40 44 89 84 44 24 4 70 0
40
4 4
5 5 8
12 11 81
10 13
17 16
15 18
20 20 23
25 28
29 29
32 31 32
30 33
37 37
39 39
40 40
42 42
44 44
47 46
45 48
49 49
52 51 52
54 54
55 55 57
58 58
60 60 63
65 65
67 67
68 68
72 71
77 76
79 79
80 80 82 83
84 84
85 85
87 86
88 88
89 89
90 90 92
94 94
96 97
99 99
