loc0 loc193 loc130 loc121 loc148 loc175 loc139 loc145 loc154 loc118 loc146 loc29 loc113 loc38 loc137 loc29 loc113 loc5 loc155 loc77 loc185 loc131 loc83 loc185 loc32 loc131 loc56 loc155 loc173 loc164 loc73 loc199 loc136 loc181 loc119 loc101 loc181 loc73 loc146 loc20 loc137 loc164 loc173 loc128 loc74 loc191 loc182 loc92 loc110 loc74 loc128 loc2 loc164 loc65 loc137 loc38 loc112 loc40 loc148 loc58 loc103 loc184 loc94 loc103 loc166 loc79 loc151 loc115 loc34 loc151 loc115 loc43 loc196 loc160 loc178 loc16 loc196 loc88 loc187 loc61 loc124 loc142 loc70 loc124 loc7 loc169 loc106 loc7 loc142 loc97 loc133 loc78 loc150 loc105 loc69 loc150 loc42 loc133 loc150 loc195 loc15 loc168 loc141 loc132 loc15 loc177 loc24 loc159 loc114 loc87 loc123 loc156 loc147 loc186 loc30 loc147 loc93 loc123 loc30 loc183 loc174 loc99 loc135 loc9 loc144 loc198 loc9 loc162 loc81 loc171 loc135 loc27 loc117 loc126 loc108 loc63 loc126 loc171 loc135 loc72 loc180 loc165 loc189 loc48 loc165 loc102 loc138 loc75 loc129 loc157 loc21 loc183 loc3 loc138 loc66 loc174 loc102 loc84 loc189 loc18 loc135 loc54 loc180 loc39 loc120 loc192 loc39 loc111 loc1 loc163 loc153 loc91 loc172 loc55 loc127 loc109 loc64 loc127 loc91 loc163 loc10 loc190 loc139 loc112 loc175 loc31 loc148 loc76 loc140 loc104 loc122 loc95 loc104 loc194 loc149 loc176 loc59 loc167 loc158 loc188 loc125 loc62 loc188 loc23 loc125 loc116 loc197 loc134 loc170 loc107 loc71 loc143 loc8 loc170 loc26 loc197 loc152 loc98 loc161 loc179 loc44 loc161 loc80 loc125 loc86 loc158 loc59 loc176 loc122 loc50 loc184 loc121 loc193 loc0
88
loc1 loc1
loc2 loc2
loc3 loc3
loc157 loc4 loc49 loc67 loc85
loc5 loc5
loc183 loc6
loc7 loc7
loc8 loc8
loc9 loc9
loc10 loc10
loc110 loc11 loc47
loc120 loc12 loc22
loc193 loc13
loc185 loc14
loc15 loc15
loc16 loc16
loc179 loc17 loc89
loc18 loc18
loc109 loc19 loc46
loc20 loc20
loc21 loc21
loc23 loc23
loc24 loc24
loc115 loc25
loc26 loc26
loc27 loc27
loc136 loc28 loc37
loc29 loc29
loc30 loc30
loc31 loc31
loc32 loc32
loc123 loc33
loc34 loc34
loc107 loc35 loc53
loc135 loc36
loc38 loc38
loc39 loc39
loc40 loc40
loc113 loc41
loc42 loc42
loc43 loc43
loc44 loc44
loc153 loc45 loc90
loc48 loc48
loc50 loc50
loc195 loc51 loc60 loc96
loc133 loc52
loc54 loc54
loc55 loc55
loc56 loc56
loc189 loc57
loc58 loc58
loc59 loc59
loc61 loc61
loc62 loc62
loc63 loc63
loc64 loc64
loc65 loc65
loc66 loc66
loc176 loc68
loc69 loc69
loc70 loc70
loc71 loc71
loc72 loc72
loc73 loc73
loc74 loc74
loc75 loc75
loc76 loc76
loc77 loc77
loc78 loc78
loc79 loc79
loc80 loc80
loc81 loc81
loc172 loc82
loc83 loc83
loc84 loc84
loc86 loc86
loc87 loc87
loc88 loc88
loc91 loc91
loc92 loc92
loc93 loc93
loc94 loc94
loc95 loc95
loc97 loc97
loc98 loc98
loc99 loc99
loc199 loc100
