1 73 91 47 24 92 9 36 87 9 93 66 83 63 37 76 12 15 37 84 94 11 6 94 52 83 49 38 81 68 96 78 45 96 23 79 35 53 72 80 53 77 70 46 13 14 53 90 82 3 86 67 51 86 97 85 32 97 65 3 17 83 16 10 83 68 100 43 68 61 30 68 22 20 68 50 5 68 69 2 68 64 75 8 56 40 8 83 39 71 7 83 54 4 83 41 26 42 62 29 99 95 34 99 74 21 42 19 62 44 88 89 44 33 25 93 73 57 31 73 60 28 58 59 18 27 1 48 98 55 1
50
3 3
4 4
9 9
11 11
12 12
14 14
15 15
17 17
18 18
19 19
20 20
21 21
23 23
24 24
27 27
33 33
34 34
35 35
36 36
37 37
38 38
43 43
45 45
47 47
48 48
50 50
52 52
53 53
58 58
59 59
63 63
64 64
65 65
67 67
69 69
70 70
71 71
72 72
74 74
78 78
80 80
81 81
83 83
85 85
86 86
87 87
89 89
93 93
97 97
99 99
