10 50 87 85 50 51 84 50 10 4 5 27 3 4 2 1 4 44 20 0 19 30 28 7 37 38 8 9 39 35 9 6 7 33 41 42 34 33 32 40 43 36 40 15 29 13 14 12 11 14 19 47 0 48 46 0 49 45 0 10 50 99 60 98 94 95 97 60 96 90 55 93 88 92 55 91 52 53 54 55 56 57 58 59 60 61 62 63 64 65 66 67 68 69 70 71 72 73 74 75 76 77 78 79 80 81 50 10 21 24 23 31 25 26 22 24 18 17 16 10
47
1 1
2 2
3 3
5 5
6 6
7 7
8 8
11 11
12 12
15 15
21 21
22 22
23 23
25 25
29 29
32 32
34 34
35 35
36 36
37 37
38 38
39 39
41 41
42 42
43 43
51 51
52 52
53 53
54 54
56 56
57 57
58 58
59 59
61 61
62 62
84 84
85 85
50 86
87 87
90 90
91 91
92 92
93 93
96 96
97 97
98 98
99 99
