0 49 2 48 92 56 50 93 68 1 78 60 50 84 66 44 38 33 19 40 81 43 5 23 18 45 83 29 64 27 24 29 45 58 15 89 76 15 5 95 30 90 87 85 90 79 85 99 72 22 56 77 94 32 53 13 40 75 37 36 62 91 36 81 61 20 81 70 20 21 31 73 21 31 35 39 11 55 47 11 67 8 51 63 74 96 63 80 25 10 51 71 86 82 71 41 16 46 7 6 34 69 6 17 65 28 9 51 59 57 3 17 59 88 12 4 52 54 14 19 98 26 13 77 4 0
50
1 1
2 2
3 3
4 4
5 5
6 6
7 7
8 8
9 9
10 10
11 11
12 12
13 13
14 14
15 15
16 16
17 17
18 18
19 19
20 20
21 21
22 22
23 23
24 24
25 25
26 26
27 27
28 28
29 29
30 30
31 31
32 32
33 33
34 34
35 35
36 36
37 37
38 38
39 39
40 40
41 41
94 42
43 43
44 44
45 45
46 46
47 47
48 48
49 49
50 50
