0 127 109 187 180 115 76 117 169 79 117 160 33 76 180 189 123 42 141 116 42 28 76 55 31 97 176 44 98 88 61 109 8 88 187 181 125 65 199 102 181 108 102 192 172 77 36 172 22 183 147 50 183 67 64 25 67 146 19 36 41 192 57 170 156 110 182 3 170 153 156 128 58 3 111 137 124 100 111 185 48 111 166 129 195 186 150 75 186 68 53 195 49 27 99 86 78 9 126 103 99 140 9 78 99 103 35 159 138 113 184 82 135 113 12 168 90 80 138 139 63 159 24 104 92 107 52 136 144 173 136 151 142 114 167 134 171 29 14 122 73 119 144 193 197 85 16 175 114 14 144 179 188 164 179 4 66 191 165 130 191 101 26 69 40 59 11 59 148 1 11 174 196 10 194 74 47 37 74 43 10 83 93 178 94 190 13 21 71 93 191 95 132 120 30 2 10 93 157 96 6 158 163 84 112 158 84 81 23 60 20 81 131 162 133 27 56 35 20 139 7 18 177 149 54 7 108 72 181 46 145 38 155 46 87 5 62 17 45 161 89 17 70 106 17 152 105 91 0
97
1 1
2 2
3 3
4 4 32
5 5
6 6
7 7
8 8
9 9
10 10
11 11 34
12 12
13 13
14 14
156 15
16 16
17 17
18 18
19 19
20 20
21 21
22 22
23 23
24 24
25 25
26 26
27 27 39
28 28
29 29
30 30
31 31
33 33
35 35
36 36
37 37
38 38
40 40
41 41
42 42
43 43
44 44
45 45
46 46
47 47
48 48
49 49
50 50
189 51
52 52
53 53
54 54
55 55
56 56
57 57
58 58
59 59
60 60
61 61
62 62
63 63
64 64
65 65
66 66
67 67
68 68
69 69
70 70
71 71
72 72
73 73
74 74
75 75
76 76
77 77
78 78
79 79
80 80
81 81
82 82
83 83
84 84
85 85
86 86
87 87
88 88
89 89
90 90
91 91
92 92
93 93
94 94
95 95
96 96
97 97
98 98
99 99
100 100
