Soda FY FN Soda GN FG FF Soda FS EY Soda FM EW Soda ET ES Soda FO EQ Soda FV EO Soda FP EN Soda FH EK Soda EJ EH Soda FK EG Soda GD EE Soda FC FD DO Soda EI DL Soda FL DK Soda FT FU DJ DI Soda FE DE Soda EV DA CZ Soda GL CW Soda DR CU Soda EF CT Soda EA CR Soda CQ CP Soda CX CO Soda DM CI Soda DX CH Soda GA CF Soda DS CE Soda CN CD Soda CK CC Soda GG CB Soda DY DZ CA BZ Soda CS BX BW Soda EU BV Soda GB GC BU Soda BT BS Soda CL BR Soda EB BQ BP Soda GJ GK BO BN Soda EL BL Soda CG BK Soda DN BH Soda FI FJ BG Soda CY BF Soda EC BE Soda CM BD BC Soda FZ BA Soda BB AZ AY Soda GM AX Soda DV DW AW AV Soda GE GF AT AS Soda BM AR Soda AU AQ Soda DP DQ AP Soda FQ FR AO AN Soda CJ AM Soda DH AL Soda DG AJ AI Soda GO AH Soda BY AG AF Soda EX AE Soda DC DD AB Soda BI BJ AA Z Soda EP Y Soda EZ FA X W Soda AK V Soda AC AD U T Soda FB S Soda DB P Soda DT DU O N Soda CV M Soda ER L Soda FW FX K J Soda GH GI I H Soda Q R G Soda ED F E Soda EM D Soda DF C B
47
DZ DZ
C C
F F
I I
K K
O O
R R
U U
X X
AA AA
FA FA
AD AD
FD FD
AG AG
FG FG
AJ AJ
FJ FJ
AO AO
AT AT
FR FR
AW AW
AX AX
FU FU
AZ AZ
FX FX
BD BD
GC GC
GF GF
BJ BJ
GI GI
GK GK
BO BO
BQ BQ
GO GO
BT BT
BU BU
BX BX
CA CA
DA DA
DD DD
DJ DJ
DO DO
DQ DQ
DT DT
DU DU
DW DW
DX DX
