99 85 61 38 69 2 59 95 35 57 35 85 87 92 13 0 18 98 46 78 77 94 74 97 79 41 33 4 15 29 28 29 4 94 59 88 23 16 74 77 72 34 95 82 90 7 39 81 86 43 64 39 10 14 93 37 32 71 53 71 66 14 52 10 18 55 83 17 65 96 68 60 17 83 55 18 81 25 58 70 47 25 70 30 45 64 36 13 76 91 73 9 44 31 42 22 62 27 11 12 42 19 31 72 26 22 48 57 20 48 54 56 54 21 35 67 82 35 79 49 89 99
48
0 0
57 1
2 2
83 3
4 4
28 5 28
35 6 35
7 7
67 8
9 9
10 10
11 11
12 12
13 13
14 14
15 15
16 16
17 17
18 18
19 19
20 20
21 21
22 22
23 23
56 24
25 25
26 26
27 27
29 29
30 30
31 31
32 32
33 33
34 34
36 36
37 37
38 38
39 39
53 40
41 41
42 42
43 43
44 44
45 45
46 46
47 47
48 48
49 49
