0 3 2 5 6 9 12 11 14 15 16 13 14 33 37 39 40 41 42 44 46 47 48 45 44 49 51 49 50 52 57 55 54 56 58 61 58 62 66 67 69 68 67 66 62 64 62 66 70 71 65 72 76 77 78 79 80 81 83 86 85 84 90 17 21 20 32 23 26 28 30 29 27 28 26 24 23 32 20 21 17 18 19 17 90 82 81 79 78 88 77 76 74 72 76 75 63 62 58 54 52 50 49 44 42 41 40 39 37 33 34 36 35 34 33 14 11 12 9 8 7 6 5 4 2 1 0
33
3 3
4 4
7 7
8 8
12 10
13 13
15 15
18 18
19 19
20 20
21 21
23 25
27 27
30 30
35 35
36 36
37 37
42 42 43
47 47
48 48
51 53
55 55
56 56
58 59
61 60
63 63
70 70
71 71
64 73
74 74
78 78
80 80
86 86
