yZx4F8OpIk5Ar2sBMJAx ixBQklcj47gZLpsoK0Z1 YCHj3zwS8C1T4iIu3mub 9RASC8iIlFoW2F9PoUXZ ixBQklcj47gZLpsoK0Z1 p1HQ9bUXYQS3CJ4AN6us V4ruzNkikbvZgvGmKxRU ixBQklcj47gZLpsoK0Z1 xfBJiQuas9xv3hIOUe8o QEBtBeNKQExSkYcP2oS9 ixBQklcj47gZLpsoK0Z1 jCeMKHwHjip9JKrkAm5C K5SbR7BNjzxCUkAdrGa5 ixBQklcj47gZLpsoK0Z1 UazrrrPRLBh6H6eOA2HA 1nX5xj0493ZNrFPUOVt9 ixBQklcj47gZLpsoK0Z1 Zauo7Svp8sg2NRSQA9LS OLNsB9xLMpVZMUaTLkU7 ixBQklcj47gZLpsoK0Z1 gXksUd6KlaYZJ76ZGW35 2Qd5LbYgFfAA4sIfyfR2 ixBQklcj47gZLpsoK0Z1 k4TDiYyIyLOxd2S09stN OX2sgS0EKma0KPRXo24b ixBQklcj47gZLpsoK0Z1 d0AuYg0eUOBgxIa5jBVn VjnDj9OGcLX4d3Nv51sc ixBQklcj47gZLpsoK0Z1 j6jfX0BSBKdiymevadhL Ux0fPXy37kADOkMzDLQ2 ixBQklcj47gZLpsoK0Z1 YXB7UTVLkwJ3CJcMVTzW KUHOkJLpmumLs35BloNl ixBQklcj47gZLpsoK0Z1 fueUfAJSPntByRITD3U5 BoPjxvlt26bTwBLbfnZh ixBQklcj47gZLpsoK0Z1 FciSQxyNkHFgE3UoxohL 9Z5V9EodIIW8gVo35688 ixBQklcj47gZLpsoK0Z1 mhfSTNs1vGxIVkKDB1R9 ylc14u4guzQsG1HGoIaW ixBQklcj47gZLpsoK0Z1 MjcrC2MkSyccg6AM7KMW 3NlcmlomZH13bXyH9A3z ixBQklcj47gZLpsoK0Z1 aUS8Ma4u9DWG5rGkGMu3 hCu50otWd5xV17Ex0c3a ixBQklcj47gZLpsoK0Z1 xZZYawX5nu7IXCQrv42B Z5A3tROaNW2mCwf9Mwns ixBQklcj47gZLpsoK0Z1 Jn3m6dkxcdxrs3nZhgmu evP9W9Sp0JotOHAnvl9E ixBQklcj47gZLpsoK0Z1 s5fMEgh8w2WeOnudUhZu tg1w5Br4i5001iky5uAt ixBQklcj47gZLpsoK0Z1 1i2SRvgsOcvOFdgVwaG2 Jl9fGpEEaLR4lmSJYVKz ixBQklcj47gZLpsoK0Z1 z9JZzDi8GuH17SntHGlQ HSXLfkse2epBWUyN8pxf ixBQklcj47gZLpsoK0Z1 u8Sh3uzUVF2pFMTdyMgE uwJup2WiLVChmnkelhR8 ixBQklcj47gZLpsoK0Z1 P4umUwM6g1EE7yTS6Of0 pPbHJPhuUpIghy2AweIy ixBQklcj47gZLpsoK0Z1 2GGOgT8kgyBmX858M38j 6Jr0nCoMaw4eIQVNKP8W ixBQklcj47gZLpsoK0Z1 0jgipIrBRNs0kV2NH91o 3iE4IApcSktKRl2GtSrk ixBQklcj47gZLpsoK0Z1 MMuVzSLYdkYJSnZzYgpt brD3Sp7VWuo0VotesZDK ixBQklcj47gZLpsoK0Z1 SxhNwhmBZW56skeskoXT a37twrOQlX8ckvFplsbJ ixBQklcj47gZLpsoK0Z1 Xi43pjkClGI3uOUPwRgu jNwxb36aecxF5XD0TZsi ixBQklcj47gZLpsoK0Z1 7CGzOuRZKgL5gDBkIvbd DcSTxOIrGBCA1ofmh1Ax ixBQklcj47gZLpsoK0Z1 UOpTUdRPdo3iSH1YUYbS 4lxb7UVZ0IdttMx5EVCR ixBQklcj47gZLpsoK0Z1 tNuKCHy4dCH7Llx93jAM fmbU4gOuVAuPiFa2wYtH ixBQklcj47gZLpsoK0Z1 coccrxCAACMV0GSxD2xc Inoe9G8z2rKt9ExKxFhC ixBQklcj47gZLpsoK0Z1 t3p35rQwuMfICpxwBTRV bgjTCRWT0daVlg0oTZuF ixBQklcj47gZLpsoK0Z1 c2xoK29xdkQaHgutY5NS oNRzekgjmcfhwbUnE9E5 ixBQklcj47gZLpsoK0Z1 e6PVUjjd6ajldcTPycA6 73lJNME3ed7CVENNhT28 ixBQklcj47gZLpsoK0Z1 VjV0iKUpTgDz3hfRQQBE BiRrnnrx5JOsn416i8Ay ixBQklcj47gZLpsoK0Z1 xjrY90FEcI7klV7sjO39 O3Hkka0xTn4TYlQWkSEt ixBQklcj47gZLpsoK0Z1 JJferyIpT4R55BIN93bf j8a5XYXH6AK0uHrNRime ixBQklcj47gZLpsoK0Z1 YVk7gUo67rF6xKmFfZP9 O3xMbN12rGc5j9ED6F9z ixBQklcj47gZLpsoK0Z1 sYiNL7uSzhZbFuuuJ7Ov KdV5bt367BMwPhG3obI3 ixBQklcj47gZLpsoK0Z1 bSPdwFdSvkSaDMkIhhIm C04v6gWpT9KEgVsdyDUb ixBQklcj47gZLpsoK0Z1 iPYb45Axawv8d5E4ZUWT E0w68ygm8mlxdWmjUSMA ixBQklcj47gZLpsoK0Z1 sI5I68bj40h6dFM0JU7L Kfp9FANmk4ssEoL1cMm0 ixBQklcj47gZLpsoK0Z1 u3rvHKE2Cknh2L20VX31 TIQTzk08mTKB7r8LXluj ixBQklcj47gZLpsoK0Z1 5r3y5ay8x9ziAFT7j2sD zXytU8JEQ4DXd0b8k0xu ixBQklcj47gZLpsoK0Z1 4vVzhXxSoe23m0D4crAQ pyuAeTbcVcifrFis8Hjk ixBQklcj47gZLpsoK0Z1 BZsQtDdUez4tRoWxvdSR O0o0dsnizntbY4XTBc6U ixBQklcj47gZLpsoK0Z1 3Nm0UHOvSd34D8rM2yZH gQemLIX7nMImczKz1saV ixBQklcj47gZLpsoK0Z1 lRyI32Z3izBPgy0raiSy yZx4F8OpIk5Ar2sBMJAx
50
ixBQklcj47gZLpsoK0Z1 ixBQklcj47gZLpsoK0Z1
3NlcmlomZH13bXyH9A3z 3NlcmlomZH13bXyH9A3z
ylc14u4guzQsG1HGoIaW ylc14u4guzQsG1HGoIaW
BoPjxvlt26bTwBLbfnZh BoPjxvlt26bTwBLbfnZh
Ux0fPXy37kADOkMzDLQ2 Ux0fPXy37kADOkMzDLQ2
OX2sgS0EKma0KPRXo24b OX2sgS0EKma0KPRXo24b
OLNsB9xLMpVZMUaTLkU7 OLNsB9xLMpVZMUaTLkU7
1nX5xj0493ZNrFPUOVt9 1nX5xj0493ZNrFPUOVt9
K5SbR7BNjzxCUkAdrGa5 K5SbR7BNjzxCUkAdrGa5
9RASC8iIlFoW2F9PoUXZ 9RASC8iIlFoW2F9PoUXZ
pyuAeTbcVcifrFis8Hjk pyuAeTbcVcifrFis8Hjk
3Nm0UHOvSd34D8rM2yZH 3Nm0UHOvSd34D8rM2yZH
TIQTzk08mTKB7r8LXluj TIQTzk08mTKB7r8LXluj
E0w68ygm8mlxdWmjUSMA E0w68ygm8mlxdWmjUSMA
KdV5bt367BMwPhG3obI3 KdV5bt367BMwPhG3obI3
j8a5XYXH6AK0uHrNRime j8a5XYXH6AK0uHrNRime
O3Hkka0xTn4TYlQWkSEt O3Hkka0xTn4TYlQWkSEt
73lJNME3ed7CVENNhT28 73lJNME3ed7CVENNhT28
oNRzekgjmcfhwbUnE9E5 oNRzekgjmcfhwbUnE9E5
xfBJiQuas9xv3hIOUe8o xfBJiQuas9xv3hIOUe8o
t3p35rQwuMfICpxwBTRV t3p35rQwuMfICpxwBTRV
MjcrC2MkSyccg6AM7KMW MjcrC2MkSyccg6AM7KMW
YCHj3zwS8C1T4iIu3mub YCHj3zwS8C1T4iIu3mub
sYiNL7uSzhZbFuuuJ7Ov sYiNL7uSzhZbFuuuJ7Ov
iPYb45Axawv8d5E4ZUWT iPYb45Axawv8d5E4ZUWT
a37twrOQlX8ckvFplsbJ a37twrOQlX8ckvFplsbJ
sI5I68bj40h6dFM0JU7L sI5I68bj40h6dFM0JU7L
brD3Sp7VWuo0VotesZDK brD3Sp7VWuo0VotesZDK
SxhNwhmBZW56skeskoXT SxhNwhmBZW56skeskoXT
uwJup2WiLVChmnkelhR8 uwJup2WiLVChmnkelhR8
coccrxCAACMV0GSxD2xc coccrxCAACMV0GSxD2xc
c2xoK29xdkQaHgutY5NS c2xoK29xdkQaHgutY5NS
e6PVUjjd6ajldcTPycA6 e6PVUjjd6ajldcTPycA6
Jl9fGpEEaLR4lmSJYVKz Jl9fGpEEaLR4lmSJYVKz
tg1w5Br4i5001iky5uAt tg1w5Br4i5001iky5uAt
bSPdwFdSvkSaDMkIhhIm bSPdwFdSvkSaDMkIhhIm
u3rvHKE2Cknh2L20VX31 u3rvHKE2Cknh2L20VX31
evP9W9Sp0JotOHAnvl9E evP9W9Sp0JotOHAnvl9E
2GGOgT8kgyBmX858M38j 2GGOgT8kgyBmX858M38j
mhfSTNs1vGxIVkKDB1R9 mhfSTNs1vGxIVkKDB1R9
Z5A3tROaNW2mCwf9Mwns Z5A3tROaNW2mCwf9Mwns
u8Sh3uzUVF2pFMTdyMgE u8Sh3uzUVF2pFMTdyMgE
YXB7UTVLkwJ3CJcMVTzW YXB7UTVLkwJ3CJcMVTzW
p1HQ9bUXYQS3CJ4AN6us p1HQ9bUXYQS3CJ4AN6us
k4TDiYyIyLOxd2S09stN k4TDiYyIyLOxd2S09stN
hCu50otWd5xV17Ex0c3a hCu50otWd5xV17Ex0c3a
xjrY90FEcI7klV7sjO39 xjrY90FEcI7klV7sjO39
MMuVzSLYdkYJSnZzYgpt MMuVzSLYdkYJSnZzYgpt
4vVzhXxSoe23m0D4crAQ 4vVzhXxSoe23m0D4crAQ
aUS8Ma4u9DWG5rGkGMu3 aUS8Ma4u9DWG5rGkGMu3
