PQlYD3syBoo7C0hcATPD niIlsyEn6CyxnfUTDmu9 chATmSuISXTT2sMz8STx MmXiw0PdJXAsicjY4bml HYWOTw4ndVABLaFirARf chATmSuISXTT2sMz8STx AhTd32p44tQrgKLluTfO IhJom3DfGSMSXKcmodso chATmSuISXTT2sMz8STx 7vPETSHi40Gezwl6Et8o MrPrjjrnFcdnkhnTvZwU chATmSuISXTT2sMz8STx IZipFcSb1a3uzUU2B1hv zV8w7Gt8capVIKs3sCpM chATmSuISXTT2sMz8STx upn88whXcmTNEpbLaMgR cLgLzDowfDczOCIiAA1P chATmSuISXTT2sMz8STx 0UIZ9YDhxr3ipBPf2WkK dPunn27br1tTUelFVNIt chATmSuISXTT2sMz8STx 8a1JXRFratj4AgnZpTVQ WuSb6mZA4Ht48gzyBwrs chATmSuISXTT2sMz8STx 4WMfYZZfpmCLQPtUuu3U JNypu0O2hxRmLxF04Zie chATmSuISXTT2sMz8STx 4EHOWDgXvpoSadcvvLu4 tBx3RfPMJg4OhazCeTsa chATmSuISXTT2sMz8STx pZmHZ63c7iUp469fR8uZ KZUYMItcoUmLAwugFZET chATmSuISXTT2sMz8STx cQGXIZOeOdGlvNPuZfO6 WpDgsUZvfm1s3J1djPk6 chATmSuISXTT2sMz8STx WH35TmjvCR4kO0EFhsWf O7r7jTAHUovFxQtj6W4Z chATmSuISXTT2sMz8STx y5HlDp3ZOU3fT35BihFS FuxgylhHBTEcCmRpiyQO chATmSuISXTT2sMz8STx zpeGiHngfxKrh1e7CB9J Z3gbgZRKDgBHS5V7Dyza chATmSuISXTT2sMz8STx 29ZrssG8owPMWU0dtlEx XY5VlEBBt6Thfunw6jtm chATmSuISXTT2sMz8STx H7uVIevOruuuxxulSjmd Kxk6VsPzNOhHpwuN2F67 chATmSuISXTT2sMz8STx XT2Ymi7YdhYVjSO57uvy 1AmZo7yJ6YJzwrjZr6vX chATmSuISXTT2sMz8STx wfrLtXM37SSnFsiHhmDU LvHeBFyLyC9KHnAltZnF chATmSuISXTT2sMz8STx 5jURyYkumVTCPwjIUFnW dRs9JullKCFwk8f9TP2C chATmSuISXTT2sMz8STx dcRmXZcpiyoLWuwR56cL TRIzdQQDV9bs8k4M9U4X chATmSuISXTT2sMz8STx DmFkMz41R1xntSlYNDEm ziyuCFaUNlunKHz5VaUE chATmSuISXTT2sMz8STx sMSGdtwHWiI5XthQ9LEo TlYvVZeexaNx2QRH5XgO chATmSuISXTT2sMz8STx O7rXvJNyIxIOwybkkM4Z EWUzUZ9Yb7H9gHpK5NdI chATmSuISXTT2sMz8STx oRnkB9WX4h9Vz2XYe2Mz XfIhMNfCnUCbP8MIjhA8 chATmSuISXTT2sMz8STx dROGWu9MJwNa5XPgzeZw IjoU40tEWMCkwd5SaIZC chATmSuISXTT2sMz8STx zlNUSmiBJyW8nEoA60dd QXy4Gy1uUpnOXuO2tleY chATmSuISXTT2sMz8STx lP2ISUwXZ5Vr1Dbyi5b2 jQ398E757ZUZ6B3PAVLA chATmSuISXTT2sMz8STx uH1ua7AmUWR8VNTNVMrN JWNjS0Xtxw6CDJbk4UbK chATmSuISXTT2sMz8STx 8kEed91vb76Fhm6ivuFw cilZ8sEVa88zuDEMFzWQ chATmSuISXTT2sMz8STx 6XnXouxDZvL84c0l21Xk OReJAlihmGkSeDWg03jV chATmSuISXTT2sMz8STx gByPZFfsA72SjYPmontO 2RLdpM4k7Le8vufDMuf4 chATmSuISXTT2sMz8STx 9zpvFa3wwt0dB0VOMd72 e7HIMwL2s8LjuoIRxDl7 chATmSuISXTT2sMz8STx 8ohYkdBbhmuLxG2PaKA7 14UYPoQYf4I16EB1DXKQ chATmSuISXTT2sMz8STx 36bOBGFJRRhLasd5h4Dk ajZwDYcDrAcHajKZpRul chATmSuISXTT2sMz8STx jMUm9akutw2eIhNlERAk ul5TY5YtUVHURRbHo0xt chATmSuISXTT2sMz8STx XtcwDUG5TGpryRZKRvrm 58LVuHISdldtYbuuEa4z chATmSuISXTT2sMz8STx h36zX7NC4P81W3KQD11u ub8uI0ust0bjRNZOYFrf chATmSuISXTT2sMz8STx pmpfdWSNFW4BZf3j9zey K0Syo03DvdcUx01wEn1F chATmSuISXTT2sMz8STx pGBevvfrXEYRwdy9Xa3h mdVRTrjvtfNgUHxK6EKy chATmSuISXTT2sMz8STx Y7ftN89XjSewucXLr70O TdlmIp83zJ8FzTW9jxJ8 chATmSuISXTT2sMz8STx TjdE5jA1HCzZ8UYNo5Yc wmYCCv3ILTyM5dyfknMZ chATmSuISXTT2sMz8STx Ygp8VmuPu4funyZLuNbc 4ck2vdbl0wzRRSh9h5JI chATmSuISXTT2sMz8STx SJuQEhk6NZgb7Y1YXHxx KFPByxllQdZjXQQ080Kb chATmSuISXTT2sMz8STx daYVb2kr83paGhJZJJyA fpvgH2TNMSBOKUOtDG6j chATmSuISXTT2sMz8STx UWVA5dAu4wDF6Efl9d4O zfARzNLN18Yt82uamMHY chATmSuISXTT2sMz8STx YPxLz7ubSTcpcWxfhfMM Hj1rLkk2UTHyyhArouOv chATmSuISXTT2sMz8STx Hj9GXo6u0dDYfg4xoW2T IBSvm7mZeG0vXjguUx8d chATmSuISXTT2sMz8STx 58PE6yTygndgQ75HC5PU Wls7YWfnOUYYNtO7TxlR chATmSuISXTT2sMz8STx zrZvuuVg7VhfNNSTyHUN 4xoBiS6HZ3COfmNv2aTR chATmSuISXTT2sMz8STx 3WxXECDgHfdxH64mHW2r CeJalRL3KinyCQjl6tio chATmSuISXTT2sMz8STx DzmV3V4jLXFV8NKy7e6t lTNvRGBulC52xVXvXmmj chATmSuISXTT2sMz8STx diWFyYW4KuKIAVWCVTOh rRx4ufuRfBzAjOzuQptQ chATmSuISXTT2sMz8STx jN7FJhuhmTKkduIKGyBx 81BuRMlWnKSDv0gdoTLf chATmSuISXTT2sMz8STx VAD4i2sITJAyE9KdZs6R 3KQH5YLkBNtwj5njGLDu chATmSuISXTT2sMz8STx zOauzkXEQku3g7FmlO3i x7y62XeozblPouRtDuJZ chATmSuISXTT2sMz8STx 32uxjSkk85ui0Y5vuvES LC5zOSOpTlmcNNlLZhJv chATmSuISXTT2sMz8STx zTPp43usagg8jQuMreHJ C8l14blndt8uGQmGfPky chATmSuISXTT2sMz8STx oAwJ8ncZge95DCLogDfz iA0OPvpmSXnD5PmFrIY3 chATmSuISXTT2sMz8STx Mo6dK8I2XR9RUnPgLFfU JVL0BClrob8ZkieO22tQ chATmSuISXTT2sMz8STx QWI7iXL3JezTaLDClto3 0FVcmc6ucH38k3GYDP2B chATmSuISXTT2sMz8STx wpM05AhdMYgh3n4WvalH CasJoLDeUHs9eB3JhaRH chATmSuISXTT2sMz8STx gYkcGnWFkHg6NXuE0PIL mZEpl33HFjs4HaXj1h44 chATmSuISXTT2sMz8STx mHciHIbodF92KWBlyZhd VjMruztOvYBB57sBtK7F chATmSuISXTT2sMz8STx tLzG9AxWULGyie26r8nJ c5B3yGaAxuGVYEd7DCc5 chATmSuISXTT2sMz8STx m3uIZkevVRyscNPa6NkD xUd3lWAackpOjTn98YBa chATmSuISXTT2sMz8STx 8g81uxlp5KxuUVBAY6tu egafCQ4ih9nCuFY3RBSk chATmSuISXTT2sMz8STx aZ1gME9dgT1obQwN7kgz R3EYu49GUooMwZV27XSS chATmSuISXTT2sMz8STx ouUk8HCXkT1xNHUSpktV ycjEDh6K7JPFmCmDDtAG chATmSuISXTT2sMz8STx xKYsrPDf6uBnS1rB7oEi uljrG5rkRmLVRMAW6eAf chATmSuISXTT2sMz8STx MnuekaeS1NiILcuuvn3o BfkNC5T0oZOQYOkOg1Lr chATmSuISXTT2sMz8STx CQFH0bM5UHhxPATIQeaZ j1u2ybLPFsWda7RGIo6J chATmSuISXTT2sMz8STx LojUOw2jUh1tZtGFz9aj JkhndOWPSDNIKR1zn2NI chATmSuISXTT2sMz8STx 6KF9tSz3Df39DhvRy7FY yuNLI2bosn9XVMaJllU2 chATmSuISXTT2sMz8STx j0WhcaOOy1JCyHTrxCSk 5wKsB6wx9H7PujNL03GN chATmSuISXTT2sMz8STx y5UFufU6hy8Zt47b4K3v BTpZljiVwrKOuV3ovYf8 chATmSuISXTT2sMz8STx aAf4nv1B7ggfx0DjrAOi AcGlxsvhfAOKA2Ti96Hg chATmSuISXTT2sMz8STx DLNj52Bf5LL4ZddWTcYY fKOlyBhpD8ROeSBtDSnb chATmSuISXTT2sMz8STx 66SloLvtkGOxnc9DxLHM PRxK9WGPQn2vmuBbswLk chATmSuISXTT2sMz8STx chfID4Gg1RphlYZQtHhA KFbZubIZwxKjbFZIhivu chATmSuISXTT2sMz8STx ZOUAFthiVkWe23hp0746 MGPH1ZQv2OM6dRC07Rj5 chATmSuISXTT2sMz8STx ClI55Jc4paLtKGIpyO3j z2gCSWW099FkYohCVT7Y chATmSuISXTT2sMz8STx Saezs03GHhWlgEusf2xb u0wBIZEfM7QKVkmytCw3 chATmSuISXTT2sMz8STx FGIvgo5aCn2fThXoawaG mMXK7rFRd7VNNboRtMKu chATmSuISXTT2sMz8STx symCtAIG82LYD9Qs6FxZ Zd6upjEKdV6jHG9xKORy chATmSuISXTT2sMz8STx BHDRDstSlZtm71sWfOHB zfB4CHKP8IkRnkzojRvd chATmSuISXTT2sMz8STx xM3fh05um8j45RhdwKOx ovOnjRP179hu4Hr77szb chATmSuISXTT2sMz8STx CE9MuYF6CpN99atuGjZ0 SWMrIKPuAQFTY7HmPty0 chATmSuISXTT2sMz8STx iGcRn4eFfZI68Qr0MOgy 4yCDRp1k04Ch6IBU1p1H chATmSuISXTT2sMz8STx 8BVD1mXIeFKDWXC0pHC5 Tcl3WEtO0xn1rLAvzx30 chATmSuISXTT2sMz8STx Q3Cogj51XjuCQtkcLiAV wcuru3pV98zLumiPp2mk chATmSuISXTT2sMz8STx NpHJpdHaoVuG1evDy4mD ytFHCaUXIRcWo2XR8KBQ chATmSuISXTT2sMz8STx FE9d826a5RuYfSI6vEz4 r52GhdJM3J6bC9RxltxZ chATmSuISXTT2sMz8STx NWf2n31erGPiONTUnVON hQH0nHlpxkrlncu9buJt chATmSuISXTT2sMz8STx I3dKkMa3JUxVpADvWcmQ ikaH2IngBoan8x64dwnD chATmSuISXTT2sMz8STx ne2hOv431YIk6NU6lJQK ukNH6KWEpBrTnkPycvgg chATmSuISXTT2sMz8STx CtdShr26uGGV2W6zZTdS ck4dO3uX1I0Ukhdtw8xc chATmSuISXTT2sMz8STx skzbEcObQeXfVSzgV7Zn N4yrn0aLU6ELQucPFmw8 chATmSuISXTT2sMz8STx NCE41di01bKQugxLGez3 3lGxoRlxzR2WFdFFc2su chATmSuISXTT2sMz8STx PQlYD3syBoo7C0hcATPD
100
AcGlxsvhfAOKA2Ti96Hg AcGlxsvhfAOKA2Ti96Hg
5wKsB6wx9H7PujNL03GN 5wKsB6wx9H7PujNL03GN
yuNLI2bosn9XVMaJllU2 yuNLI2bosn9XVMaJllU2
j1u2ybLPFsWda7RGIo6J j1u2ybLPFsWda7RGIo6J
BfkNC5T0oZOQYOkOg1Lr BfkNC5T0oZOQYOkOg1Lr
y5UFufU6hy8Zt47b4K3v y5UFufU6hy8Zt47b4K3v
egafCQ4ih9nCuFY3RBSk egafCQ4ih9nCuFY3RBSk
xUd3lWAackpOjTn98YBa xUd3lWAackpOjTn98YBa
c5B3yGaAxuGVYEd7DCc5 c5B3yGaAxuGVYEd7DCc5
VjMruztOvYBB57sBtK7F VjMruztOvYBB57sBtK7F
iA0OPvpmSXnD5PmFrIY3 iA0OPvpmSXnD5PmFrIY3
C8l14blndt8uGQmGfPky C8l14blndt8uGQmGfPky
m3uIZkevVRyscNPa6NkD m3uIZkevVRyscNPa6NkD
rRx4ufuRfBzAjOzuQptQ rRx4ufuRfBzAjOzuQptQ
lTNvRGBulC52xVXvXmmj lTNvRGBulC52xVXvXmmj
CeJalRL3KinyCQjl6tio CeJalRL3KinyCQjl6tio
4xoBiS6HZ3COfmNv2aTR 4xoBiS6HZ3COfmNv2aTR
IBSvm7mZeG0vXjguUx8d IBSvm7mZeG0vXjguUx8d
UWVA5dAu4wDF6Efl9d4O UWVA5dAu4wDF6Efl9d4O
DLNj52Bf5LL4ZddWTcYY DLNj52Bf5LL4ZddWTcYY
zOauzkXEQku3g7FmlO3i zOauzkXEQku3g7FmlO3i
4ck2vdbl0wzRRSh9h5JI 4ck2vdbl0wzRRSh9h5JI
58LVuHISdldtYbuuEa4z 58LVuHISdldtYbuuEa4z
ul5TY5YtUVHURRbHo0xt ul5TY5YtUVHURRbHo0xt
ajZwDYcDrAcHajKZpRul ajZwDYcDrAcHajKZpRul
e7HIMwL2s8LjuoIRxDl7 e7HIMwL2s8LjuoIRxDl7
2RLdpM4k7Le8vufDMuf4 2RLdpM4k7Le8vufDMuf4
aZ1gME9dgT1obQwN7kgz aZ1gME9dgT1obQwN7kgz
oAwJ8ncZge95DCLogDfz oAwJ8ncZge95DCLogDfz
JWNjS0Xtxw6CDJbk4UbK JWNjS0Xtxw6CDJbk4UbK
IjoU40tEWMCkwd5SaIZC IjoU40tEWMCkwd5SaIZC
XfIhMNfCnUCbP8MIjhA8 XfIhMNfCnUCbP8MIjhA8
EWUzUZ9Yb7H9gHpK5NdI EWUzUZ9Yb7H9gHpK5NdI
gByPZFfsA72SjYPmontO gByPZFfsA72SjYPmontO
TRIzdQQDV9bs8k4M9U4X TRIzdQQDV9bs8k4M9U4X
dRs9JullKCFwk8f9TP2C dRs9JullKCFwk8f9TP2C
LvHeBFyLyC9KHnAltZnF LvHeBFyLyC9KHnAltZnF
SJuQEhk6NZgb7Y1YXHxx SJuQEhk6NZgb7Y1YXHxx
1AmZo7yJ6YJzwrjZr6vX 1AmZo7yJ6YJzwrjZr6vX
Kxk6VsPzNOhHpwuN2F67 Kxk6VsPzNOhHpwuN2F67
MnuekaeS1NiILcuuvn3o MnuekaeS1NiILcuuvn3o
pmpfdWSNFW4BZf3j9zey pmpfdWSNFW4BZf3j9zey
WpDgsUZvfm1s3J1djPk6 WpDgsUZvfm1s3J1djPk6
dcRmXZcpiyoLWuwR56cL dcRmXZcpiyoLWuwR56cL
tBx3RfPMJg4OhazCeTsa tBx3RfPMJg4OhazCeTsa
JNypu0O2hxRmLxF04Zie JNypu0O2hxRmLxF04Zie
29ZrssG8owPMWU0dtlEx 29ZrssG8owPMWU0dtlEx
WuSb6mZA4Ht48gzyBwrs WuSb6mZA4Ht48gzyBwrs
XtcwDUG5TGpryRZKRvrm XtcwDUG5TGpryRZKRvrm
XT2Ymi7YdhYVjSO57uvy XT2Ymi7YdhYVjSO57uvy
dPunn27br1tTUelFVNIt dPunn27br1tTUelFVNIt
daYVb2kr83paGhJZJJyA daYVb2kr83paGhJZJJyA
h36zX7NC4P81W3KQD11u h36zX7NC4P81W3KQD11u
Mo6dK8I2XR9RUnPgLFfU Mo6dK8I2XR9RUnPgLFfU
MmXiw0PdJXAsicjY4bml MmXiw0PdJXAsicjY4bml
0UIZ9YDhxr3ipBPf2WkK 0UIZ9YDhxr3ipBPf2WkK
CQFH0bM5UHhxPATIQeaZ CQFH0bM5UHhxPATIQeaZ
j0WhcaOOy1JCyHTrxCSk j0WhcaOOy1JCyHTrxCSk
N4yrn0aLU6ELQucPFmw8 N4yrn0aLU6ELQucPFmw8
mHciHIbodF92KWBlyZhd mHciHIbodF92KWBlyZhd
ikaH2IngBoan8x64dwnD ikaH2IngBoan8x64dwnD
hQH0nHlpxkrlncu9buJt hQH0nHlpxkrlncu9buJt
zTPp43usagg8jQuMreHJ zTPp43usagg8jQuMreHJ
r52GhdJM3J6bC9RxltxZ r52GhdJM3J6bC9RxltxZ
lP2ISUwXZ5Vr1Dbyi5b2 lP2ISUwXZ5Vr1Dbyi5b2
AhTd32p44tQrgKLluTfO AhTd32p44tQrgKLluTfO
FE9d826a5RuYfSI6vEz4 FE9d826a5RuYfSI6vEz4
NpHJpdHaoVuG1evDy4mD NpHJpdHaoVuG1evDy4mD
8BVD1mXIeFKDWXC0pHC5 8BVD1mXIeFKDWXC0pHC5
ouUk8HCXkT1xNHUSpktV ouUk8HCXkT1xNHUSpktV
4yCDRp1k04Ch6IBU1p1H 4yCDRp1k04Ch6IBU1p1H
58PE6yTygndgQ75HC5PU 58PE6yTygndgQ75HC5PU
diWFyYW4KuKIAVWCVTOh diWFyYW4KuKIAVWCVTOh
SWMrIKPuAQFTY7HmPty0 SWMrIKPuAQFTY7HmPty0
chATmSuISXTT2sMz8STx IuwSP1hfYZRam5iX6Sbk
4EHOWDgXvpoSadcvvLu4 4EHOWDgXvpoSadcvvLu4
CE9MuYF6CpN99atuGjZ0 CE9MuYF6CpN99atuGjZ0
wpM05AhdMYgh3n4WvalH wpM05AhdMYgh3n4WvalH
CtdShr26uGGV2W6zZTdS CtdShr26uGGV2W6zZTdS
aAf4nv1B7ggfx0DjrAOi aAf4nv1B7ggfx0DjrAOi
oRnkB9WX4h9Vz2XYe2Mz oRnkB9WX4h9Vz2XYe2Mz
Zd6upjEKdV6jHG9xKORy Zd6upjEKdV6jHG9xKORy
iGcRn4eFfZI68Qr0MOgy iGcRn4eFfZI68Qr0MOgy
mMXK7rFRd7VNNboRtMKu mMXK7rFRd7VNNboRtMKu
pGBevvfrXEYRwdy9Xa3h pGBevvfrXEYRwdy9Xa3h
8kEed91vb76Fhm6ivuFw 8kEed91vb76Fhm6ivuFw
jN7FJhuhmTKkduIKGyBx jN7FJhuhmTKkduIKGyBx
y5HlDp3ZOU3fT35BihFS y5HlDp3ZOU3fT35BihFS
Hj9GXo6u0dDYfg4xoW2T Hj9GXo6u0dDYfg4xoW2T
upn88whXcmTNEpbLaMgR upn88whXcmTNEpbLaMgR
PQlYD3syBoo7C0hcATPD PQlYD3syBoo7C0hcATPD
MGPH1ZQv2OM6dRC07Rj5 MGPH1ZQv2OM6dRC07Rj5
KFbZubIZwxKjbFZIhivu KFbZubIZwxKjbFZIhivu
PRxK9WGPQn2vmuBbswLk PRxK9WGPQn2vmuBbswLk
BHDRDstSlZtm71sWfOHB BHDRDstSlZtm71sWfOHB
I3dKkMa3JUxVpADvWcmQ I3dKkMa3JUxVpADvWcmQ
Saezs03GHhWlgEusf2xb Saezs03GHhWlgEusf2xb
ZOUAFthiVkWe23hp0746 ZOUAFthiVkWe23hp0746
symCtAIG82LYD9Qs6FxZ symCtAIG82LYD9Qs6FxZ
xM3fh05um8j45RhdwKOx xM3fh05um8j45RhdwKOx
