OYUinzd4zxVxIptSBcML cieooTZrDnB8y7clKPVU TOlchSnWWkR7rRWP9Cdc n14fgY77RxYuy7mkbJU1 cieooTZrDnB8y7clKPVU kfJs5QzmT7ST8ft2DPos 3SpSgYRcx99pESu1D9Wi cieooTZrDnB8y7clKPVU HRKeQ1mAYVJTDLCn8vy3 RZmrQarR6KHwd0px5PCW cieooTZrDnB8y7clKPVU 0Y8GuXeRCg3UQ8iw3rJM kUvpk4l3fx8SDlWeuWLw cieooTZrDnB8y7clKPVU 0rs0of9LUAzWTuABwTnG dVfyZ8osOWlPeWeMnteY cieooTZrDnB8y7clKPVU 6Bk9DPe1j2gaX3skYd9f 5ZJ6PKSExV6ZRgj7Nt2O cieooTZrDnB8y7clKPVU hNmNcVR9G9vHmZuCCZzX R4vuuI03w8dYL5GkhR5G cieooTZrDnB8y7clKPVU jVnJVrQfkUuQ5PfgtD65 KRZBWx1Sd8wB0uU3QWeQ cieooTZrDnB8y7clKPVU knZxc5ZrIrcQzv054Pss abY1deVefuOYb3Qbsxch cieooTZrDnB8y7clKPVU xtyNkgmQQDlFdBVfN1o5 XswGHKxxhnaU5H8uBGvJ cieooTZrDnB8y7clKPVU 29cQGjH4xgr2WjuBLLEb koo1x8ZKXyO091fVUFpG cieooTZrDnB8y7clKPVU C4iWe9yR2mvfNmTv1Ujg ZYH8jsdc6i9l3KBeNSdx cieooTZrDnB8y7clKPVU vTxhIvFuZb2EHFFwTQu9 B8NzzbKOpktxIu3RMiu1 cieooTZrDnB8y7clKPVU PtxZTnZKiABWc7R1EDLT wDv7iczN6LiK2xDJOu0N cieooTZrDnB8y7clKPVU XpODWLG9IcpdTrX00ySH yP7W68hzm2SVu2HOtz5k cieooTZrDnB8y7clKPVU GobQt8M2xSMFSG5QpMju ysFvkOBVEgTOFmcR2xc1 cieooTZrDnB8y7clKPVU 5euTHFaulIyTMDOpAOiL 5dLU2ihY8weFRtdH0NCX cieooTZrDnB8y7clKPVU 2LHGJx7lje13o5VgjaWa mSL1gwuFl7ezuWmYhoWX cieooTZrDnB8y7clKPVU XFoQId8k1NYBulodlNzy 6YPXen0OkUAjsBQbugH8 cieooTZrDnB8y7clKPVU 4R5nKw333ATOizKdSrav ugVnD0zzPxsfEn932v1t cieooTZrDnB8y7clKPVU NrinBa8HoddXl4l4p837 SpH4aaXlGaRZwx2N8tjl cieooTZrDnB8y7clKPVU Ss2jKAenFdVEZjKszuur 5NBtV3WZfSLuOc4snASI cieooTZrDnB8y7clKPVU 7sEAL87eVGtPRFGU7wZL lM0uQphyVNPO90DR8P6A cieooTZrDnB8y7clKPVU paxbzGIrGUKuLL8gNR12 OYUinzd4zxVxIptSBcML
25
wDv7iczN6LiK2xDJOu0N wDv7iczN6LiK2xDJOu0N
cieooTZrDnB8y7clKPVU 2mMEW336zlvoabKQ0Mze
KRZBWx1Sd8wB0uU3QWeQ KRZBWx1Sd8wB0uU3QWeQ
dVfyZ8osOWlPeWeMnteY dVfyZ8osOWlPeWeMnteY
3SpSgYRcx99pESu1D9Wi 3SpSgYRcx99pESu1D9Wi
C4iWe9yR2mvfNmTv1Ujg C4iWe9yR2mvfNmTv1Ujg
n14fgY77RxYuy7mkbJU1 n14fgY77RxYuy7mkbJU1
0Y8GuXeRCg3UQ8iw3rJM 0Y8GuXeRCg3UQ8iw3rJM
lM0uQphyVNPO90DR8P6A lM0uQphyVNPO90DR8P6A
knZxc5ZrIrcQzv054Pss knZxc5ZrIrcQzv054Pss
TOlchSnWWkR7rRWP9Cdc TOlchSnWWkR7rRWP9Cdc
ugVnD0zzPxsfEn932v1t ugVnD0zzPxsfEn932v1t
6YPXen0OkUAjsBQbugH8 6YPXen0OkUAjsBQbugH8
mSL1gwuFl7ezuWmYhoWX mSL1gwuFl7ezuWmYhoWX
5dLU2ihY8weFRtdH0NCX 5dLU2ihY8weFRtdH0NCX
0rs0of9LUAzWTuABwTnG 0rs0of9LUAzWTuABwTnG
4R5nKw333ATOizKdSrav 4R5nKw333ATOizKdSrav
jVnJVrQfkUuQ5PfgtD65 jVnJVrQfkUuQ5PfgtD65
ysFvkOBVEgTOFmcR2xc1 ysFvkOBVEgTOFmcR2xc1
xtyNkgmQQDlFdBVfN1o5 xtyNkgmQQDlFdBVfN1o5
paxbzGIrGUKuLL8gNR12 paxbzGIrGUKuLL8gNR12
5euTHFaulIyTMDOpAOiL 5euTHFaulIyTMDOpAOiL
29cQGjH4xgr2WjuBLLEb 29cQGjH4xgr2WjuBLLEb
2LHGJx7lje13o5VgjaWa 2LHGJx7lje13o5VgjaWa
7sEAL87eVGtPRFGU7wZL 7sEAL87eVGtPRFGU7wZL
