woebegone felony equipping felony Isfahan thoroughfare balustrade babysat funny McCall diligent numerology stanza administer trill fulsome embroil papal archive dull swingy Fisk mediate funky millennium inform secondary inform limitate PDP oriole bunch midstream noon MN exothermic MN casserole renaissance casserole MN monotonous dreadnought monotonous Durango Reilly Durango sinh Durango Hewlett December Zorn trimester Curtis illusion griddle illusion transfuse trimester yogurt Simon connubial Winchester bat directory numerology viscous shovel choice lexicon Vega lexicon involuntary spill mitre involuntary slowdown involuntary backplate relaxation Irvin cowhand explosion cowhand Andersen extrovert Tucson deduce postscript Wheller car softball anvil Sunday silage Sunday whatsoever Sunday thirteen broil barnacle yearn funny switchmen imperishable switchmen Gilmore simulate Stephen PDP septillion McCall funny wingspread funny transonic atom coarse torus icon update bifurcate Durango Palo Auberge Rodney swordfish Modesto shroud Rio sweatsocks hamper sphalerite Curtis trimester transfuse catenate Darwin Elizabethan Goodrich Simon yogurt tate atom mack Irvin woebegone
100
Andersen Andersen
Auberge Auberge
Curtis Curtis
Darwin Darwin
December December
Durango Durango
Fisk Fisk
Gilmore Gilmore
Goodrich Goodrich
Hewlett Hewlett
Irvin Irvin
Isfahan Isfahan
McCall McCall
Modesto Modesto
PDP PDP
Reilly Reilly
Rodney Rodney
Simon Simon
Stephen Stephen
Sunday Sunday
Tucson Tucson
Vega Vega
Wheller Wheller
Winchester Winchester
Zorn Zorn
administer administer
anvil anvil
archive archive
babysat babysat
backplate backplate
barnacle barnacle
bat bat
bifurcate bifurcate
broil broil
bunch bunch
car car
casserole casserole
catenate catenate
choice choice
coarse coarse
connubial connubial
deduce deduce
diligent diligent
directory directory
dreadnought dreadnought
dull dull
embroil embroil
equipping equipping
exothermic exothermic
explosion explosion
extrovert extrovert
felony felony
fulsome fulsome
funky funky
funny funny
griddle griddle
icon icon
illusion illusion
imperishable imperishable
inform inform
involuntary involuntary
limitate limitate
mack mack
mediate mediate
midstream midstream
millennium millennium
mitre mitre
monotonous monotonous
noon noon
numerology numerology
oriole oriole
papal papal
postscript postscript
relaxation relaxation
renaissance renaissance
secondary secondary
septillion septillion
shovel shovel
silage silage
simulate simulate
sinh sinh
slowdown slowdown
softball softball
sphalerite sphalerite
spill spill
stanza stanza
swingy swingy
swordfish swordfish
tate tate
thirteen thirteen
thoroughfare thoroughfare
transfuse transfuse
transonic transonic
trimester trimester
update update
viscous viscous
whatsoever whatsoever
wingspread wingspread
yearn yearn
yogurt yogurt
