Loc23 Loc27 Loc16 Loc7 Loc11 Loc24 Loc36 Loc21 Loc40 Loc9 Loc44 Loc8 Loc40 Loc26 Loc24 Loc7 Loc32 Loc20 Loc41 Loc46 Loc20 Loc36 Loc3 Loc43 Loc47 Loc5 Loc4 Loc10 Loc6 Loc1 Loc4 Loc47 Loc12 Loc17 Loc42 Loc38 Loc29 Loc38 Loc19 Loc46 Loc25 Loc23 Loc2 Loc18 Loc0 Loc39 Loc37 Loc31 Loc45 Loc30 Loc48 Loc22 Loc28 Loc18 Loc39 Loc13 Loc23
21
Loc6 Loc6
Loc7 Loc7
Loc9 Loc9
Loc10 Loc10
Loc11 Loc11 Loc15 Loc33
Loc12 Loc12
Loc17 Loc17
Loc20 Loc20
Loc21 Loc21
Loc27 Loc27
Loc29 Loc29 Loc35
Loc30 Loc30
Loc13 Loc34 Loc49
Loc36 Loc36
Loc41 Loc41
Loc42 Loc42
Loc43 Loc43
Loc44 Loc44
Loc45 Loc45
Loc46 Loc46
Loc48 Loc48
