birthday bottom top is there why amazing are you bye hi zipper line inquire evanescent gainful need dog oceanic boundless mute absent perish physical consort badge airplane compete joke bang teeny scientific imitate separate impend attack angry volleyball spill selfish differ knot spread unused worship tent use nimble absorb fearless
25
birthday birthday
fearless fearless
absorb absorb
nimble nimble
use use
tent tent
worship worship
unused unused
spread spread
knot knot
differ differ
selfish selfish
spill spill
volleyball volleyball
angry angry
attack attack
impend impend
separate separate
imitate imitate
scientific scientific
teeny teeny
bang bang
joke joke
compete compete
airplane airplane
