GSDEYlNcCM Dkc5CxJ6RV 97dvK2Az7S ShiApsZfxN ViIGFkuCy7 97dvK2Az7S MImiDijd1o VWD9Yy5Xrg zH4Z0p0Ftj VlwfpLcOHZ vD4d0BZ03p zH4Z0p0Ftj 2Xeaya9zol b501iB6FBB HMrJ59Oqha 2Xeaya9zol NgxnYo41LY 4lUeyqYb0U J6nn6V6pVr dyS1o5lQHD OpwMnuSGmp 0sg7h6elOW I1RTFIGWhc ITqWOrk6ub YrPP1U1r20 I1RTFIGWhc pzbJYPJ1Je rBboL3WGMh R0OKpbbX8l b3jUAAPOlA cqCbnI2bkr NgxnYo41LY I1RTFIGWhc NULo72dPyj OGWcs2X8pk bc4pLp9tiD dqEsxDzQkU vCSWEyz4PC Bfj8GrCEUo dqEsxDzQkU 8pgnfE3xKu oRs9wR3IGE OGWcs2X8pk 8pgnfE3xKu ReGEuwhnqY ZZt4oj1N7Y dojrtYXceT wXTrLT9dUx 1aPtXDhYtV ESDdDChkYw 1iUrZ2N0MA ReGEuwhnqY bBhvVMv8Dt 0gqiqztWgj fhmE7A9rVl 79JJ9GZF8c s8EkvbOYAX 1iUrZ2N0MA UgxUR9jKcJ Ma7DUhMrCQ pm1Yq2dCLL uXkvSfF7Kv 88s4txyVUX jEhj8SsLxM iyQiEnpG35 pm1Yq2dCLL xKltif8n2P l4hZbrGnD5 4ViGHxfdlc MpRNDD0glq lrFRnKniRv tc8Ui0HLCm niEIQoqP5I xKltif8n2P gSP0irArmo N08DpqDewo M9d0z6OccV gSP0irArmo OwDrBJtg2E SDcTVr32JM I1RTFIGWhc TH1GgoG5GU qJld7Tm42G 7cteJXIZM1 YrPP1U1r20 ckEVpwA8CD YQKcyMibnc Octagmmhko 1koyFI8rlU G05S6XZiBa 4RZs4XFvF9 OR78sPVsV9 EZQ9HUGjRN 5wb0VR04nl PzwBWrPM7w DFUEuoVNn7 4JtfcKJvHu H0NdoJawvz oQb2PqTM8x GwtnXYfCts Iroa6leixY oQb2PqTM8x 7EHiEUKwtc DFUEuoVNn7 H0NdoJawvz OR78sPVsV9 ECFKqOm791 YZKJeBb8Pe fbxiHLAsv4 ECFKqOm791 tvKOOMQ7Sv rCrtLJTXdv fbxiHLAsv4 KpPj50fAfy zG9cl6Gy30 ka4cgDWgq7 6Zg7j6t8kt qOQTd9nboV ka4cgDWgq7 HpRVhY9Btb OF1HL5xl4P KpPj50fAfy OND9LnuOus eQGeDFyUBy 97dvK2Az7S
50
GSDEYlNcCM GSDEYlNcCM
ka4cgDWgq7 ka4cgDWgq7
wXTrLT9dUx wXTrLT9dUx
dojrtYXceT dojrtYXceT
KpPj50fAfy KpPj50fAfy
TH1GgoG5GU TH1GgoG5GU
H0NdoJawvz H0NdoJawvz
NgxnYo41LY NgxnYo41LY
iyQiEnpG35 iyQiEnpG35
1aPtXDhYtV 1aPtXDhYtV
8pgnfE3xKu 8pgnfE3xKu
oRs9wR3IGE oRs9wR3IGE
4RZs4XFvF9 4RZs4XFvF9
cqCbnI2bkr cqCbnI2bkr
M9d0z6OccV M9d0z6OccV
7cteJXIZM1 7cteJXIZM1
Iroa6leixY Iroa6leixY
ESDdDChkYw ESDdDChkYw
YrPP1U1r20 YrPP1U1r20
uXkvSfF7Kv uXkvSfF7Kv
b3jUAAPOlA b3jUAAPOlA
N08DpqDewo N08DpqDewo
1koyFI8rlU 1koyFI8rlU
4ViGHxfdlc 4ViGHxfdlc
ckEVpwA8CD ckEVpwA8CD
Octagmmhko Octagmmhko
79JJ9GZF8c 79JJ9GZF8c
I1RTFIGWhc I1RTFIGWhc
lrFRnKniRv lrFRnKniRv
zH4Z0p0Ftj zH4Z0p0Ftj
97dvK2Az7S 97dvK2Az7S
vD4d0BZ03p vD4d0BZ03p
VWD9Yy5Xrg VWD9Yy5Xrg
tvKOOMQ7Sv tvKOOMQ7Sv
G05S6XZiBa G05S6XZiBa
fhmE7A9rVl fhmE7A9rVl
OpwMnuSGmp OpwMnuSGmp
s8EkvbOYAX s8EkvbOYAX
4lUeyqYb0U 4lUeyqYb0U
Dkc5CxJ6RV Dkc5CxJ6RV
4JtfcKJvHu 4JtfcKJvHu
fbxiHLAsv4 fbxiHLAsv4
MpRNDD0glq MpRNDD0glq
vCSWEyz4PC vCSWEyz4PC
UgxUR9jKcJ UgxUR9jKcJ
YZKJeBb8Pe YZKJeBb8Pe
EZQ9HUGjRN EZQ9HUGjRN
0gqiqztWgj 0gqiqztWgj
OGWcs2X8pk OGWcs2X8pk
YQKcyMibnc YQKcyMibnc
