g3ylJsdLuC idQHxtSnxr BUMLJo6sc3 TSSOUimHPg IGpxjveim7 yvMowGbkvn QOx0Q2p9eD 5sNanI9agV WCfxK7Y8pw HHHZ1vC1rP WvFZJEkTrw HHHZ1vC1rP 12ECENJIev 7wS9dKOnJR J3muHocLp9 7wS9dKOnJR 723MhcLxt0 yky49wE4YG BNkM7qaRNw XlU2fx0ZPn Cqa6jMOeIY fXy828RCG4 GQ4F0g3Mdj TP2TNyk7wl 2nSOTVmvxV 5hWe1EOa3M LIaAthcOOG 5hWe1EOa3M yUArOGL7bN 6akdokYv9t QrJxLpX875 dj8JMfo3hX 4znnlMjVra RxW7o7Y2pP 5hWe1EOa3M 2nSOTVmvxV yky49wE4YG BNkM7qaRNw IA0Uf143OT JD3uem81Lg 2q1lo9tSYb JD3uem81Lg IA0Uf143OT BNkM7qaRNw XlU2fx0ZPn 1KJyArncTt z8wUSSybzM gTAImjNH8G 7ZWqK2F5XG 0SQlBVJ1YY 0mnwiU4XrT 0SQlBVJ1YY 7ZWqK2F5XG gTAImjNH8G pWVnBerIra IT4pKw3giW 7wS9dKOnJR qnkfLCmfDn Pijq8aHqIR AL20k9yp9D z9nRKYQ1ub 8ZKCAWlImg KZfI0wRW9K bsEkAY2K41 KZfI0wRW9K xjSWG1YKh9 Q2bVxDrpEx bserQRNqfz Q2bVxDrpEx oEdovEhrWM Q2bVxDrpEx xjSWG1YKh9 1KJyArncTt z8wUSSybzM gTAImjNH8G pWVnBerIra MXIvZpEPtW 4TTtdOaCTp O6QhQ7e2YE DJYFSgxecW O6QhQ7e2YE 4TTtdOaCTp uqBwmUCwgE u4FAx2sHZm 1TfvXd6dPZ dC48GQHGzO RN0bCAV6rQ dC48GQHGzO oCk2Yieytb Tk8ERvdKxF WAi18jd2vJ PY68abXYga KO0qxEFqYe 1QXjsHNYao vajlhYBumL dC48GQHGzO oCk2Yieytb Tk8ERvdKxF WAi18jd2vJ Tk8ERvdKxF oCk2Yieytb 33omYiVXOD YAqGe4tKAP VpC9l6m3bG qqiMfzDvYA vLjEFrUVJv pKK7T4agKn vLjEFrUVJv qjDSEKmZMW jBYJ7v19BQ ZqWjuL44qr VpC9l6m3bG qqiMfzDvYA 5SSy593K31 33omYiVXOD oCk2Yieytb dC48GQHGzO 1TfvXd6dPZ 1N2P3Sa7im x066w6eh4W Pijq8aHqIR fXy828RCG4 KUJdxKVZFO fXy828RCG4 Pijq8aHqIR qnkfLCmfDn QTNhZIciNJ CSjLrGbUz3 QTNhZIciNJ qnkfLCmfDn Pijq8aHqIR nFqfAnhO3U euuICgBLD4 sxXDJEzMkM mcFTstBR1U I6HmSOF6YH t85IIqKEZh I6HmSOF6YH mcFTstBR1U sxXDJEzMkM euuICgBLD4 nFqfAnhO3U Pijq8aHqIR s3eMpsYH00 nKHFs5cKTX 03xK87sjTf 7g0Idy1nzK KUJdxKVZFO fXy828RCG4 uIf3wnJUdn oIVQ2qkgnR s3eMpsYH00 Pijq8aHqIR x066w6eh4W fWIjO8yhE3 EG1t1o8YrR fWIjO8yhE3 EG1t1o8YrR WDULGPTRTU FqFik17fFH dqqG7Zio8x 2O61j91J3T 7ZWqK2F5XG gTAImjNH8G p3w5kcAaF0 u4LnQNaaiz 1N2P3Sa7im srT70dfQEr 1N2P3Sa7im u4LnQNaaiz AOdvD4kI7u gNPoyTno9C 1QXjsHNYao vajlhYBumL dC48GQHGzO oWmQcQwHPo 2eMl9AO5o8 oWmQcQwHPo WcyuqGYOzU XOxGPscMMG yU6iUY8YgO Qu2MUNKITj g2I4si69gU oVMPVsMWrZ vnZBjkVngj IGpxjveim7 TSSOUimHPg 97ZNlakBoq mwzQG3SxnO rCoEuOa7EU eV8Vk47Uma rCoEuOa7EU XW1Wn7EqpN GQ4F0g3Mdj FmtLnHv2HY YpRs8m6oyX FmtLnHv2HY u4FAx2sHZm uqBwmUCwgE 4TTtdOaCTp PcFJuErB3q FvzkpZRSj8 YAqGe4tKAP VpC9l6m3bG ZqWjuL44qr vUu8ijgxxf yvMowGbkvn IGpxjveim7 TSSOUimHPg BUMLJo6sc3 idQHxtSnxr g3ylJsdLuC
75
0mnwiU4XrT 0mnwiU4XrT wRn7Oi1bcW
oCk2Yieytb oCk2Yieytb bWDewy6WbV
97ZNlakBoq 97ZNlakBoq
oWmQcQwHPo oWmQcQwHPo
u4FAx2sHZm u4FAx2sHZm 2OsmeZV9xh
g2I4si69gU g2I4si69gU
oVMPVsMWrZ oVMPVsMWrZ
mwzQG3SxnO mwzQG3SxnO
pKK7T4agKn TyL7NE2puV
s3eMpsYH00 s3eMpsYH00
723MhcLxt0 723MhcLxt0
TSSOUimHPg LCKLTNE1vp
vUu8ijgxxf vUu8ijgxxf
CSjLrGbUz3 CSjLrGbUz3 xtp1B5q0W1
0SQlBVJ1YY Pz3egMzKU8
srT70dfQEr srT70dfQEr K05xB79KZo
1QXjsHNYao 1QXjsHNYao
WcyuqGYOzU WcyuqGYOzU
QrJxLpX875 QrJxLpX875
4znnlMjVra 4znnlMjVra
nFqfAnhO3U TBzLS0OAYU 0hs3CNDF4L
2q1lo9tSYb CxfzSa2YOV
bserQRNqfz KpxiCfRqh3
Pijq8aHqIR Pijq8aHqIR lfdanPGo3c
dj8JMfo3hX dj8JMfo3hX
Tk8ERvdKxF Tk8ERvdKxF
KUJdxKVZFO KUJdxKVZFO 0wTk0mYkLH
1TfvXd6dPZ 1TfvXd6dPZ mbSdju1TJK
uIf3wnJUdn uIf3wnJUdn
QTNhZIciNJ QTNhZIciNJ h5Si5BAPN0
XlU2fx0ZPn XlU2fx0ZPn
IA0Uf143OT IA0Uf143OT uvoepIQg9n
nKHFs5cKTX nKHFs5cKTX
8ZKCAWlImg t25XjDwQhD tubjzjzUpV
qjDSEKmZMW qjDSEKmZMW
BUMLJo6sc3 BUMLJo6sc3 jPXsbXPNMq fecMfiAuGC
03xK87sjTf 03xK87sjTf
fXy828RCG4 fXy828RCG4
FvzkpZRSj8 FvzkpZRSj8
oIVQ2qkgnR oIVQ2qkgnR bhojeHeddF
GQ4F0g3Mdj GQ4F0g3Mdj
u4LnQNaaiz u4LnQNaaiz
qnkfLCmfDn dMOAUqH7Z3 qnkfLCmfDn
WAi18jd2vJ WAi18jd2vJ S8BtTu4yH9
YpRs8m6oyX 2S929yZddP YpRs8m6oyX
5SSy593K31 5SSy593K31
oEdovEhrWM CUEWGmB7Gt oEdovEhrWM
2O61j91J3T 2O61j91J3T
gTAImjNH8G M2hatQPY96
RN0bCAV6rQ pk0Vh75DnH RN0bCAV6rQ
12ECENJIev Oiowits7js 12ECENJIev
euuICgBLD4 r8njDwxc2t
z9nRKYQ1ub z9nRKYQ1ub
JD3uem81Lg JD3uem81Lg
J3muHocLp9 gZXiityEnU
2eMl9AO5o8 emYRLTiyj9
XW1Wn7EqpN XW1Wn7EqpN
t85IIqKEZh onlLq65Azx
yU6iUY8YgO yU6iUY8YgO
TP2TNyk7wl TP2TNyk7wl
LIaAthcOOG LeZK9UvMT9
YAqGe4tKAP YAqGe4tKAP
eV8Vk47Uma x7iq98BiN3
yky49wE4YG yky49wE4YG Pv5LMSkQii WRd4lScvm6
EG1t1o8YrR 8KtuAXHUy3
IT4pKw3giW IT4pKw3giW
jBYJ7v19BQ jBYJ7v19BQ
WvFZJEkTrw WvFZJEkTrw aEo62SfMqH
7g0Idy1nzK 7g0Idy1nzK
BNkM7qaRNw BNkM7qaRNw
bsEkAY2K41 bsEkAY2K41 Q1N77BLmyb
fWIjO8yhE3 KHDeTTvJC1
idQHxtSnxr idQHxtSnxr
MXIvZpEPtW biWuM2iRnz
yvMowGbkvn yvMowGbkvn
