MzId8uwrPz N4DMbR59L3 qg08r1Pg6g uVIshS2g8a 8UaR4YpZys VBTKstUXwG UX9cuf8Obj OhLW7kGQcM VBTKstUXwG uVIshS2g8a zUWT7uduzq U5XdtBFGOe aU8DhVMUfY Z82QDWb0Pr HTp005294X IU0Ia8127Z T3o9dNVbcG Z82QDWb0Pr ctUVEJSyNR KMo4YIX1eu T3o9dNVbcG TDmNOuGJBk pxgZ5VHtpD MzId8uwrPz MuYreynm57 osdKgXyg1e f91pUtm9EZ MuYreynm57 VbPBW7rmhF UphA2uAaYC vzXeZbLrSW HEqjxwCWnl UphA2uAaYC BtCEVbHoQI lraBaKP2We vZijjgnvKU jKpmFoejPZ O1KJBq3Gfw 6lpxgUxCxO jKpmFoejPZ gLI8ArV2Ui vZijjgnvKU JagiZ1urqa 49j9bb4FwD itxsAH2eBE il87Tf64CR lraBaKP2We I4iTN5KXjB BtCEVbHoQI VbPBW7rmhF txD9e6zJ8c MzId8uwrPz sY3UqAEMG3 oPQmRUijH5 QwY2G6aX6c 8Jejdr7ynm aUbShUrdkZ RLF9v27sOQ 7d3UA4fKWz 8Jejdr7ynm sY3UqAEMG3 HG8olhhcTZ oWdH0Xcxwv WujASZ2Phm 1AtHE9Fk5J
25
MzId8uwrPz MzId8uwrPz
TDmNOuGJBk TDmNOuGJBk
T3o9dNVbcG T3o9dNVbcG
Z82QDWb0Pr Z82QDWb0Pr
BtCEVbHoQI BtCEVbHoQI
7d3UA4fKWz 7d3UA4fKWz
VBTKstUXwG VBTKstUXwG
HG8olhhcTZ HG8olhhcTZ
RLF9v27sOQ RLF9v27sOQ
QwY2G6aX6c QwY2G6aX6c
MuYreynm57 MuYreynm57
8Jejdr7ynm 8Jejdr7ynm
oPQmRUijH5 oPQmRUijH5
f91pUtm9EZ f91pUtm9EZ
gLI8ArV2Ui gLI8ArV2Ui
6lpxgUxCxO 6lpxgUxCxO
qg08r1Pg6g qg08r1Pg6g
IU0Ia8127Z IU0Ia8127Z
U5XdtBFGOe U5XdtBFGOe
vzXeZbLrSW vzXeZbLrSW
UphA2uAaYC UphA2uAaYC
8UaR4YpZys 8UaR4YpZys
osdKgXyg1e osdKgXyg1e
zUWT7uduzq zUWT7uduzq
I4iTN5KXjB I4iTN5KXjB
