1 1eX K f L 1eX 3 U 1eO 5 n 1eX 7 z 1eX G K u A K r 1fC K 1eC 1eY 1eX P 1dZ 1aJ 1dV 1aM 1aJ 1bL m 1aJ 1aQ 1aZ 1aJ 2 1eX K E 1dF K 1eX v e Y 1eO 1eX 1eS 1dW 1eX t 1dU 1eX 4 1aS 1eO 1aO 1dN 1eX 1fG 1dD K 1eU 1cW 1eX 1fA H B 1cT 1eX 1dR 1aJ o 1bT 1aJ 1dI 1bX 1aJ 1eE 1cR 1eX 1eM w 2 1cZ K 6 1cO 1eX K 1eA 1cN 1eX l 1cL 1eX 1eI 1cJ K 1cK 1eX 1eO 1dG 1eM 1dL Y 1cI 1eX x 1bU K 1eV 1bQ K 1eN 1bK K 1eR 1aJ 1dY 1cD 1eX k 1aC 1aJ 2 1cB 1eX S 1bG K 1eK 1bF K p 1bD K 1eG 1bB K 1fF 1bZ 1eX 1cG 1eO 1aX K 1eQ 1aT K 1cM O 1bY 1eX 1dO 1bV 1eX 1cH 1bS 1eX D 1bR 1eX 1dA 1bP 1eX 1cA 1aN K 1bO 1eX 1cY 1bN 1eX M 1bM 1eX 1dJ 1aU 1eM 1aK K d 1bI 1eX j 1bE 1eX 1fD 1aI K 1cP 1aH K 1aP 1aB K 1aA 1bA 1eX B 1aW 1eX 1bH 1aR 1eX 1
77
1 1
1aA 1aA
1aB 1aB
1aC 1aC
1aJ 1aE 1aJ 1aY 1cE 1cF 1dC 1dH 1eB
1aI 1aI
1aK 1aK
1eO 1aL
1aM 1aM
1aN 1aN
1aP 1aP
1aQ 1aQ
1aR 1aR
1aS 1aS
1aT 1aT
1aU 1aU
1eX 1aV 1bJ 1cC 1cS 1cX 1dK 1dM 1eD 1eF 1eH 1eJ
1aW 1aW
1aX 1aX
1aZ 1aZ
1bA 1bA
1bB 1bB
K 1bC 1bW 1cQ 1cU 1dP 1dS 1dT
1bD 1bD
1bE 1bE
1bF 1bF
1bG 1bG
1bH 1bH
1bK 1bK
1bL 1bL
1bM 1bM
1bN 1bN
1bO 1bO
1bP 1bP
1bQ 1bQ
1bR 1bR
1bS 1bS
1bT 1bT
1bU 1bU
1bV 1bV
1bX 1bX
1bY 1bY
1cB 1cB
1cD 1cD
1cG 1cG
1cH 1cH
1cI 1cI
1cJ 1cJ
1cK 1cK
1cN 1cN
1cO 1cO
1cP 1cP
1cR 1cR
1cT 1cT
B 1cV
1cW 1cW
1cY 1cY
1cZ 1cZ
1dA 1dA
1dD 1dD
2 1dE
1dF 1dF
1dG 1dG
1dI 1dI
1dJ 1dJ
1dN 1dN
1dO 1dO
1dR 1dR
1dV 1dV
1dW 1dW
1dY 1dY
1dZ 1dZ
1eA 1eA
1eC 1eC
1eE 1eE
1eG 1eG
1eI 1eI
