1 x l z h l o U x e W 9 X 1bI B x e 6 x j 1aZ 1aI 1aX v 1aI i H 1aI L N 1aI 1aK 1aT 1aI Z k 1aI R K 1aI J 5 x T n 1aI 1bA r 1aI d F 1aI 1aO y 1aI 4 s 1aI G 1bC 1aI 3 x e x l 2 1bH x 1bJ 1bE x 1bI A 1aL 1aU 1bI 1aN 8 e c 1bD x 1bF 1aL 1bB e 1aF x 1aH 3 1aI 1aP 1aG 1aI q l x e 1aL e 1aW l 1bK 1aL 1aQ l p 1aD x 1
35
x 1aA 1aC 1aV 1bM S
1aI 1aB 1bL 7 C I V
1aD 1aD
1aF 1aF
1aG 1aG
1aL 1aJ 1aL 1bG
1aK 1aK
1aN 1aN
1aQ 1aQ
e 1aR 1aY E P
1aT 1aT
1aU 1aU
1aW 1aW
1aX 1aX
1aZ 1aZ
1bA 1bA
1bB 1bB
1bC 1bC
1bF 1bF
1bH 1bH
1bI 1bI Q
1bK 1bK
5 5
8 8
9 9
A A
B B
G G
H H
J J
K K
L L
N N
R R
T T
