153 170 15 173 107 15 183 24 170 32 62 106 1 24 134 143 9 109 5 192 69 118 69 192 29 109 104 176 95 77 53 145 178 45 155 60 155 195 25 60 0 139 138 131 73 80 39 70 180 130 154 131 138 139 121 178 145 53 161 21 84 120 47 58 47 120 47 106 93 12 129 54 141 129 12 34 30 47 104 109 9 125 79 172 133 190 71 11 168 150 64 81 108 41 91 19 186 83 92 82 149 148 65 57 149 193 179 149 82 40 90 23 142 103 98 103 48 17 48 3 98 2 100 127 38 160 100 56 191 14 163 78 189 78 163 101 191 17 198 17 151 23 90 35 169 92 171 186 19 91 137 91 133 172 26 181 146 75 67 28 59 152 28 72 89 49 10 44 49 159 74 89 72 126 59 67 164 136 181 146 75 16 144 110 22 86 13 124 76 196 13 86 22 110 144 117 135 194 26 119 158 96 128 96 158 143 134 165 153
85
128 50 128
81 81
83 83
40 40
96 96
29 29
89 89 20
76 7
126 126
56 56
180 180
86 86 4
16 16
178 178
41 41
23 23
95 95
90 90
183 188
19 19
77 77
153 153
192 192
137 137 177
13 13
5 5
79 79
109 99
163 163
15 15
73 197
9 156
70 70
136 136
160 160 37
198 42
35 35
93 93
2 2
161 161
120 120 36
195 195
17 187
98 122 98 88
127 127
172 172
118 68 118
194 194
146 146
196 196
119 119
47 47
145 145
170 170
34 34
49 167 49
53 53
80 140
21 21 184
152 152
60 112 60
108 108
134 134
135 135
186 52
124 124
131 131
75 182
26 26
3 3
169 169
139 43
58 113 58
12 12
0 0
138 138 61
28 28
168 168
74 74
189 147 8
171 171
179 179
11 11
129 129
150 150
