Patrick0 Julia9 Ray12 Lela13 Brenda11 Matthew10 Julia9 Frank5 Ray12 Tempie14 Doris19 Paula23 Vivian22 Doris19 Catherine21 Robert20 Doris19 John24 Tisha27 Louise26 Lorraine25 John24 William28 Yvonne32 Danny31 Kyle30 Phyllis29 William28 Danny31 Flora33 Brenda42 Donna38 William41 Bette40 Donna38 Maria39 Iona35 William37 Fred36 Iona35 Stephane34 Flora33 Donna38 Scott43 Richard46 Jose45 Gina44 Scott43 Carolyn47 Gerald49 Ronald48 Carolyn47 Sylvia50 Jenny59 Cheryl57 Joseph61 Amy62 Paul63 Joshua64 David65 Christine60 Cheryl57 Charles58 Lori51 Sylvia50 Don52 Jack54 Mercedes56 Lena55 Jack54 Anthony53 Don52 Cheryl57 Amy62 Joseph66 Rhonda68 Steven67 Joseph66 Michell69 Cheryl71 Thomas80 Ray76 Carol79 Salvador78 Ray76 Luisa81 Billie85 Evangelina87 Darnell86 Billie85 Keith88 Velva90 Nancy95 Judith99 Donna97 Nancy95 Robert98 Michael96 Nancy95 Colleen100 Brandon103 Glen102 Dominique101 Colleen100 Vicente104 Jared106 Ryan105 Vicente104 Ruth107 Morton111 Bill113 Valerie112 Morton111 Helen110 Jeremy109 Jean108 Ruth107 Jeremy109 Gordon114 Fidel118 Barbara117 Gordon114 Christina116 Ashley115 Gordon114 Peggy119 Levi126 Joshua127 Mark123 Levi126 Rick128 Christi133 Robert136 Andrew135 Christi133 Robert137 Eric138 Irma139 Heidi140 Scott141 William134 Christi133 Eric138 Sharon142 Man144 Samuel143 Sharon142 Roberta145 Jean163 Martha162 David161 Richard166 Scott171 John175 Marion174 Scott171 Jeremy173 Sal172 Scott171 Bradley176 Elda180 Bernie183 Geri185 Frances190 Antonia193 Quinn192 Frances190 Marjorie194 George195 James199 Joseph191 Frances190 George195 Jennifer196 Tiffany197 Mary198 Jesus187 Amy189 Deanna188 Jesus187 Brenda186 Geri185 Minnie184 Bernie183 Robert182 Joshua181 Elda180 Margaret179 Glayds178 Steven177 Bradley176 Michael164 Richard166 David167 Kevin168 Paul170 Terry160 Rhonda159 Ken158 Kristy157 Karl152 Tony156 John154 Karl152 Michael155 Patricia153 Karl152 Elizabeth147 Michael148 Brent149 Rebecca151 Nicholas150 Brent149 Margaret146 Roberta145 Elizabeth147 Kristy157 David161 Michael164 Lizzie165 Kevin168 Cynthia169 Tessa130 Timothy132 Darla131 Tessa130 Jean129 Rick128 Richard125 Marlene124 Mark123 Peggy119 Susie120 Luz121 Naomi122 Cinthia92 Joyce94 Joel93 Cinthia92 Johnathan91 Velva90 Ellis89 Keith88 Emily77 Ray76 Cheryl71 Aaron72 Sarah73 Loretta75 Josephine74 Sarah73 Dorothy70 Michell69 Luisa81 Dorothy82 David83 Tom84 Ian16 Dave18 Mary17 Ian16 Christine15 Tempie14 Gabrielle8 Taylor7 Louis6 Frank5 Patrick0 Lawrence3 Antoinette2 Patrick0 Minnie4 Elaine1
100
Elaine1 Elaine1
Antoinette2 Antoinette2
Lawrence3 Lawrence3
Minnie4 Minnie4
Louis6 Louis6
Taylor7 Taylor7
Gabrielle8 Gabrielle8
Matthew10 Matthew10
Brenda11 Brenda11
Lela13 Lela13
Mary17 Mary17
Dave18 Dave18
Robert20 Robert20
Catherine21 Catherine21
Vivian22 Vivian22
Paula23 Paula23
Lorraine25 Lorraine25
Louise26 Louise26
Tisha27 Tisha27
Phyllis29 Phyllis29
Kyle30 Kyle30
Yvonne32 Yvonne32
Fred36 Fred36
William37 William37
Maria39 Maria39
Bette40 Bette40
William41 William41
Brenda42 Brenda42
Gina44 Gina44
Jose45 Jose45
Richard46 Richard46
Ronald48 Ronald48
Gerald49 Gerald49
Lori51 Lori51
Lena55 Lena55
Mercedes56 Mercedes56
Charles58 Charles58
Jenny59 Jenny59
Christine60 Christine60
Joseph61 Joseph61
Paul63 Paul63
Joshua64 Joshua64
David65 David65
Steven67 Steven67
Rhonda68 Rhonda68
Dorothy70 Dorothy70
Josephine74 Josephine74
Loretta75 Loretta75
Emily77 Emily77
Salvador78 Salvador78
Carol79 Carol79
Thomas80 Thomas80
Dorothy82 Dorothy82
David83 David83
Tom84 Tom84
Darnell86 Darnell86
Evangelina87 Evangelina87
Ellis89 Ellis89
Joel93 Joel93
Joyce94 Joyce94
Michael96 Michael96
Donna97 Donna97
Robert98 Robert98
Judith99 Judith99
Dominique101 Dominique101
Glen102 Glen102
Brandon103 Brandon103
Ryan105 Ryan105
Jared106 Jared106
Jean108 Jean108
Valerie112 Valerie112
Bill113 Bill113
Ashley115 Ashley115
Christina116 Christina116
Barbara117 Barbara117
Fidel118 Fidel118
Susie120 Susie120
Luz121 Luz121
Naomi122 Naomi122
Marlene124 Marlene124
Richard125 Richard125
Joshua127 Joshua127
Darla131 Darla131
Timothy132 Timothy132
William134 William134
Andrew135 Andrew135
Robert136 Robert136
Robert137 Robert137
Irma139 Irma139
Heidi140 Heidi140
Scott141 Scott141
Samuel143 Samuel143
Man144 Man144
Margaret146 Margaret146
Nicholas150 Nicholas150
Rebecca151 Rebecca151
Patricia153 Patricia153
John154 John154
Michael155 Michael155
Tony156 Tony156
