Jennifer0 Liza16 Wesley18 Nannie17 Liza16 Doris15 Etha14 Doris22 Fred19 James24 Nadine27 Christina26 Norma25 James24 Jason28 Derick31 Robert39 Annie38 Michael42 Gina41 Annie38 Tyrone43 Ruth50 Wilma52 Hector58 Miriam57 Richard62 James69 Deena71 William72 David73 Steve75 Richard74 David73 Jesus70 James69 Laura66 Deena71 Carolyn76 Melinda80 Robbie78 Carolyn76 Randy79 David77 Carolyn76 Ella81 Hazel88 Maria89 Richard85 Hazel88 Loretta90 Don96 William95 Mike99 Paul97 William95 Christopher92 Darline94 Anna93 Christopher92 Raphael91 Loretta90 William95 Kenneth98 Robert87 Todd86 Richard85 Ella81 Cory82 Eliseo83 Brian84 Armando68 September67 Laura66 Richard62 Douglas63 Sonya64 Angela65 Michael61 Miriam57 Natalie60 Robert59 Miriam57 Wilma52 David53 Ida54 Tony56 James55 Ida54 Virginia51 Ruth50 Emma47 Mabel46 John45 Cindy44 Tyrone43 Emma47 Edna48 Dana49 Tony40 Annie38 Willie33 Derick31 Mona32 William30 Lonnie29 Jason28 Willie33 Ruby34 Drew35 Louis37 Charles36 Drew35 William23 Fred19 Jennifer21 Daniel20 Fred19 Etha14 Charles12 John13 Wilma9 Charles12 Gregory11 Gladys10 Wilma9 Dorian5 Robert6 Manuel7 Kathleen8 Patricia4 Jennifer0 Dorian5 Janet2 Jennifer0 Mark3 Lorraine1
50
Lorraine1 Lorraine1
Janet2 Janet2
Mark3 Mark3
Patricia4 Patricia4
Robert6 Robert6
Manuel7 Manuel7
Kathleen8 Kathleen8
Gladys10 Gladys10
Gregory11 Gregory11
John13 John13
Nannie17 Nannie17
Wesley18 Wesley18
Daniel20 Daniel20
Jennifer21 Jennifer21
Doris22 Doris22
William23 William23
Norma25 Norma25
Christina26 Christina26
Nadine27 Nadine27
Lonnie29 Lonnie29
William30 William30
Mona32 Mona32
Charles36 Charles36
Louis37 Louis37
Robert39 Robert39
Tony40 Tony40
Gina41 Gina41
Michael42 Michael42
Cindy44 Cindy44
John45 John45
Mabel46 Mabel46
Edna48 Edna48
Dana49 Dana49
Virginia51 Virginia51
James55 James55
Tony56 Tony56
Hector58 Hector58
Robert59 Robert59
Natalie60 Natalie60
Michael61 Michael61
Douglas63 Douglas63
Sonya64 Sonya64
Angela65 Angela65
September67 September67
Armando68 Armando68
Jesus70 Jesus70
Richard74 Richard74
Steve75 Steve75
David77 David77
Robbie78 Robbie78
