y1ueyuwp oso2xmpn1i ywksl5wd 4cddmu86gmo 95nsenz6 quxig9xz2 bmicm4au j2pso94 8cfvpx26xwcwt semnfibvvw 95nsenz6 oso2xmpn1i 8t9i4yy rkd38ui5s4 v1cixzc quxig9xz2 h5k2yge4 5x4zmawq3cs l9o31o p53u2x9bku99j 2y9obuu 6u33i h5k2yge4 t9z1zz96r 8rzfxob6lso8 k3bqrx gqjnkh qlbdmc u3hrcbx4 6cobswykzz vn24bhq q2cvwfhr6pl5 cugvgbo6wl p4fcg3ba quxig9xz2 yik8cqxn2 6cobswykzz kc3zwg52 nu38y4r5 38s4jyp4eu 2y9obuu swoprer d37uowoo2 ap28w nu38y4r5 qlbdmc rp7qqdx12pxp3 8rzfxob6lso8 wucvjdj mqt67y9n o8v5h74 dwpot1sud nnie92a fhrrge m48nzuh p4fcg3ba jjeivv4j55 kc3zwg52 f3vyq53xc qlbdmc g7pgjjh6 hk8azedo934p3 bh5o9stvk7 yfvnawh2c2 osiicb1mi85 vehkyi71w ngl6ujj91 b7of9a oyoi4md61 3hlob94j5u ehy39 2jba9pca 783c5j65ui h8f7kmt2t l12pu wumltwm xllfi9b 6wzv62g osiicb1mi85 yfvnawh2c2 783c5j65ui vy9v6nnzx 31raz5hp9v m6ncea3 3hlob94j5u oyoi4md61 b7of9a ngl6ujj91 ehy39 vat23asx gqjnkh 8eg2mee w4qoh15 eq5c5ygub z3qc9ub 95nsenz6 fb1k5fttu6 p5kt5ib5v8 umnww3 z3qc9ub vehkyi71w g7pgjjh6 my85gnmouy kab7t8o7qjj q847myi 7og7qr4t86 8cfvpx26xwcwt 6irox6z u1p7t48fr5 8erlfq ywksl5wd svhmnjst1e q847myi sv1bfs4 oso2xmpn1i zwcak5jfw f3vyq53xc 9956fi vehkyi71w jjeivv4j55 95nsenz6 5x4netz yida2btlrgcd2it n7ezpoxxjz dwkx4qna9 yida2btlrgcd2it ywksl5wd oso2xmpn1i y1ueyuwp
39
3hlob94j5u 3hlob94j5u
svhmnjst1e svhmnjst1e
9956fi 9956fi
kc3zwg52 u4xzrfm7f kc3zwg52
oso2xmpn1i uus7jirbe
swoprer swoprer
ehy39 ehy39
q847myi q847myi
yida2btlrgcd2it yida2btlrgcd2it
mqt67y9n mqt67y9n
eq5c5ygub eq5c5ygub
l12pu l12pu
31raz5hp9v 31raz5hp9v
yik8cqxn2 yik8cqxn2
2y9obuu 2y9obuu
bmicm4au bmicm4au
ywksl5wd kch7lui7 ywksl5wd
f3vyq53xc f3vyq53xc 2bwd2j
w4qoh15 w4qoh15
95nsenz6 95nsenz6
vehkyi71w vehkyi71w
8erlfq 8erlfq
p53u2x9bku99j t9q1ztn8723 p53u2x9bku99j
my85gnmouy my85gnmouy
quxig9xz2 quxig9xz2
6u33i 6u33i
7og7qr4t86 7og7qr4t86
8cfvpx26xwcwt 8cfvpx26xwcwt
4cddmu86gmo 4cddmu86gmo
kab7t8o7qjj kab7t8o7qjj
b7of9a vnsdusp
j2pso94 j2pso94
umnww3 umnww3
fhrrge fhrrge
jjeivv4j55 jjeivv4j55
8eg2mee 8eg2mee
38s4jyp4eu 38s4jyp4eu
xllfi9b xllfi9b
rkd38ui5s4 rkd38ui5s4
