htb26qt lnnsb9 zjj1dm8s bp96npcev6ok l8yypbh zjj1dm8s ligw3mffc aplkk57cpzm 44yverx ben42py9 nd9xavj hq5mh8mi 6u4sf1gi id5491f19 gg7w7g4xq zou7sx9w id5491f19 p5ujl2azex w7iil bmq8ez5t k9f3w9 t4iedm gd5ct4 itrx5fucdq t4iedm id5491f19 tq8pgw7ge tmyhwxa ben42py9 44yverx ic2r4blmm9 rz6wreexh1r wqkqf pe165 ml5lp1nmef onl7cjn vrem3ey3kg44 2akx591l5c 8gc7dka8lfy txlltgki ml5lp1nmef 812l47wm ilaz9q vqthskq txlltgki s9vu9xx884 3881femiv8 zqteiadetai5 9tdu9g pxudbw3kn txlltgki 5612qqmh xpxnortd g3d1x5t915as czpcwszblx e3z4naodl7 cou34kvbi x73l73jp 4wptk69oipw x73l73jp a8cy4e1t8 fl6nxu2p t6jinp 87jxa 52a3fj2zh z4kx8k9 x1ttaiih9 m5r6ali r5aqeg7i kxhc6t8tu piawzpgtzz9 1161ildqnj ynuam4f8 4nwqnlye m5r6ali 87jxa 9sp3riwrk66 t6jinp t6fnmkuk xpxnortd 29vqtk3x itbc25it1yep 4lvyha1 iffsi dflx2lut 2hzpyd itbc25it1yep b8apl2kn grn3uqx9y bu6z3q 89ladcv nm7ud qq3mi u8tp4tq kxhc6t8tu oafxqw 9egqgrh7x4e kwtb3cg 2akx591l5c fgkuly81y pllpn kxhc6t8tu 8m3pascg vl6czuab 8m3pascg 5b63nad1 7seihxs 5i361v f1bbmjcq og6n7bgq8h u8tp4tq art44ncra nulw7xl tpuaixp a8n9m6il6 z4kx8k9 hipbkq7s74z 1jhmm8m85 onl7cjn lg3pxcmyz ysiw8m4l z4kx8k9 b4mzy7ptg h1gz5hzz vx6dadli2g 479y34 z4kx8k9 tpuaixp qq3mi 7hz6j8 zjh83ae yhp7wbv9 og6n7bgq8h qq3mi b8apl2kn itbc25it1yep 3w86rqxzpi q42s9z886w5 itbc25it1yep 29vqtk3x siimi45 3khitn6 mucolb1r hc2hf5t8 tu8xxomxhi pt2n7hl yhvc7zg eb3m8w2lan fej54ps5j hyc885fvjls pt2n7hl tu8xxomxhi siimi45 eb3m8w2lan tjwldi f92ere3 eb3m8w2lan c9c2oc6rv 5xz8hm5sa3 e7lxs lyvvnwfs 5612qqmh ushjdkdhm9 gxy4oc4 ligw3mffc pwqxinlzb3s ozag34bm9 cm6lmd765k 89ladcv 6u4omh ht1efrhmh ozag34bm9 hjrkpj3ea pwqxinlzb3s ozag34bm9 9lvbrlgk jeiqok i6lsw66h t6jinp dt4ljfgjkizpq ozag34bm9 jeiqok yr44oj2 p5ujl2azex qvqqfqui3f82 6evi4pv zou7sx9w xm1yvdr pmyqr fgkuly81y aq2rero4e zqteiadetai5 3kxd1h fgkuly81y czpcwszblx 89ladcv uzsjpl5f5 1ebc3 yx6dguko a5u8g4sej 52oycn21v 5nsjpxd uzsjpl5f5 sf9yqti 6a87gkworxixf ay5sahonq84 mucolb1r aq2rero4e fgkuly81y ligw3mffc gxy4oc4 pgqlp zjj1dm8s qvfndvc htb26qt
76
wqkqf wqkqf
txlltgki txlltgki
ozag34bm9 ozag34bm9
l8yypbh l8yypbh
ushjdkdhm9 ushjdkdhm9
yhp7wbv9 yhp7wbv9
z4kx8k9 y3eg7gqq6
7hz6j8 7hz6j8
itrx5fucdq itrx5fucdq
og6n7bgq8h og6n7bgq8h 59yzvtv p9mtts
5xz8hm5sa3 6k7du
2hzpyd yg6hizqty
zjj1dm8s 7pbkkbbpw 5stwoup
ynuam4f8 ynuam4f8
812l47wm 4ka6l1c8w 812l47wm
tu8xxomxhi tu8xxomxhi
vqthskq 9oii82xaa
czpcwszblx hwu8dv9jgknbm
pt2n7hl pt2n7hl euhqqqmdpe
kxhc6t8tu kxhc6t8tu
aplkk57cpzm aplkk57cpzm
i6lsw66h i6lsw66h
9egqgrh7x4e 9egqgrh7x4e
mucolb1r mucolb1r
zjh83ae zjh83ae
8m3pascg 8m3pascg
p5ujl2azex obabms
h1gz5hzz h1gz5hzz
vl6czuab vl6czuab 37v6d
ay5sahonq84 ay5sahonq84
uzsjpl5f5 uzsjpl5f5
ic2r4blmm9 ic2r4blmm9
dt4ljfgjkizpq dt4ljfgjkizpq
x73l73jp x73l73jp dlkmpx
9sp3riwrk66 k3qywmpr g2g6fxcwr2l
q42s9z886w5 q42s9z886w5
art44ncra art44ncra
1161ildqnj 1161ildqnj
yr44oj2 yr44oj2
yx6dguko yx6dguko
f92ere3 f92ere3
pwqxinlzb3s pwqxinlzb3s
grn3uqx9y grn3uqx9y
s9vu9xx884 s9vu9xx884
hc2hf5t8 hc2hf5t8
4wptk69oipw 1ca2x2cnc
aq2rero4e 8jea4n4ez
87jxa 87jxa
itbc25it1yep 4w6uhigzl
ilaz9q ilaz9q
hyc885fvjls hyc885fvjls
hq5mh8mi hq5mh8mi
piawzpgtzz9 piawzpgtzz9
8gc7dka8lfy 8gc7dka8lfy
a5u8g4sej a5u8g4sej
t4iedm t4iedm
yhvc7zg yhvc7zg
iffsi iffsi
zou7sx9w zou7sx9w
tjwldi tjwldi
9lvbrlgk 9lvbrlgk
nd9xavj nd9xavj
nm7ud nm7ud
pmyqr pmyqr
6u4sf1gi 6u4sf1gi
ht1efrhmh ht1efrhmh
1jhmm8m85 1jhmm8m85
gd5ct4 gd5ct4
89ladcv mw8g2qjo1
kwtb3cg kwtb3cg
ysiw8m4l ysiw8m4l
e7lxs e7lxs
vrem3ey3kg44 vrem3ey3kg44
52a3fj2zh 52a3fj2zh
fej54ps5j fej54ps5j
3khitn6 3khitn6
