ZfI6StUliqd8YxBr0zVp iIGMVrFttQwSK537NlPz Nl2bc3MSn18o40GhzK2S ahOHRJ1vvp181ZC4ei0x Z6746tUNXH05XsKVq5bc sxZzRXnVfKw2KrspKPg1 Z38PT2VWeDoNiuh4rc0v Af4sQnaDf5G2yrOfmk45 Z38PT2VWeDoNiuh4rc0v UoiNiYnewh16WNDFqvYW DAvuGg8yBm9dlM56DKBP 4yYsNk20bqSMlyASIn37 a5U0eplwXr4BNJCc524G 4yYsNk20bqSMlyASIn37 PliCEYTca2VSVL723rNz B9cGlC4TxkeYqPQ0m71O Z6746tUNXH05XsKVq5bc ahOHRJ1vvp181ZC4ei0x gGXF4imn3IOLlYGD81XA ZBTm8fkarNXg3vLUAnt8 SI1jqone3x4IZwZ6qVW6 98jc4TOf5CFD5ooRLXKs SI1jqone3x4IZwZ6qVW6 QGzcn6XPemZ0IhmCJCmq 5JVto9dbOz4Lu3AeAOZD uYmver98TgwbkIsM8XgU zs8puphf0SbuOBS6XpM9 ip0vmcqzxYgrY2Mc3Bu9 zs8puphf0SbuOBS6XpM9 uYmver98TgwbkIsM8XgU gX6xMy6pWnenI68kwgcu 9Hcyk2NqhBwOpTXRywvA gj1PIUxoUprs5rKMLNpv oeCop1Abe4Jnm8NehklA mMagcNSN7U8s7oy3e0j4 5JVto9dbOz4Lu3AeAOZD ufkSgxNAeRAXQFn3w6eB cC9SZGtAtirSBnbvLWzt MraBcGvDEL68zyTsBDgx BrKfKJuMlFXPiNrPkBbt ufkSgxNAeRAXQFn3w6eB QGzcn6XPemZ0IhmCJCmq SI1jqone3x4IZwZ6qVW6 4gVQx4yn8gZ0TQBRafbQ Z6746tUNXH05XsKVq5bc ZfI6StUliqd8YxBr0zVp
18
ip0vmcqzxYgrY2Mc3Bu9 ip0vmcqzxYgrY2Mc3Bu9 Fa64KRccvM4rqOgxBKtu
Af4sQnaDf5G2yrOfmk45 QUmdpeJNwq8Od3rclrVL RnnCc8OgQLqPe5HvvbS3 QBaUzVWA62rnfcsnEShZ Af4sQnaDf5G2yrOfmk45
98jc4TOf5CFD5ooRLXKs 98jc4TOf5CFD5ooRLXKs WEpQsV1SPLNjRDFxWGJw
ZBTm8fkarNXg3vLUAnt8 ZBTm8fkarNXg3vLUAnt8
a5U0eplwXr4BNJCc524G YzWX8RqUW0YPFsebUKYP
cC9SZGtAtirSBnbvLWzt cC9SZGtAtirSBnbvLWzt
gj1PIUxoUprs5rKMLNpv BFat56YSkekx77JCOMI4 gj1PIUxoUprs5rKMLNpv
SI1jqone3x4IZwZ6qVW6 SI1jqone3x4IZwZ6qVW6
uYmver98TgwbkIsM8XgU uYmver98TgwbkIsM8XgU
mMagcNSN7U8s7oy3e0j4 Hxhi6IYOb3B8uxHbGYVt mMagcNSN7U8s7oy3e0j4
QGzcn6XPemZ0IhmCJCmq QGzcn6XPemZ0IhmCJCmq
Z6746tUNXH05XsKVq5bc Z6746tUNXH05XsKVq5bc
zs8puphf0SbuOBS6XpM9 zs8puphf0SbuOBS6XpM9
gX6xMy6pWnenI68kwgcu gX6xMy6pWnenI68kwgcu
UoiNiYnewh16WNDFqvYW UoiNiYnewh16WNDFqvYW
5JVto9dbOz4Lu3AeAOZD 5JVto9dbOz4Lu3AeAOZD
ZfI6StUliqd8YxBr0zVp ZfI6StUliqd8YxBr0zVp
gGXF4imn3IOLlYGD81XA gGXF4imn3IOLlYGD81XA
