MtQDjkLToWj4d53MMhKG nbZglhhmYQAPQz4eETaj Pqf0Sn4UvsBLaxz7WO4n 48nWZMVqWDxfH9uMf2U3 cdaizmjQrCe5Vnwy3JQF vodEvdIApqt0N3TZsbxN MtQDjkLToWj4d53MMhKG icN9hCSgyAan3sGfngmv QJuDebBKjW74ipndfA4c 3UlroYOByYq01508FdLS icN9hCSgyAan3sGfngmv tuE7UekaxGUib4idWtYa sH3pvLOfMUrEGUrmsHCu C1CVSQIxudgISqBvCOoA M7SD6FC2BzrEV1z9ajVv C1CVSQIxudgISqBvCOoA 2qerVVbMKjJpuQmQ9aqr sHkjJnMiMEPb4htMPUMQ RV5D5yksO9rCY6rkv8aJ 3TWDD9k8g0eTVq52a62Z RFiaXjCJgUwAE3Wun3DA 5jhNGHh0Et1Lidy4vCpq Z0DuoZMcx6oyDPWFznMK RFiaXjCJgUwAE3Wun3DA tvhjts5qETlydZX7IsvU 3TWDD9k8g0eTVq52a62Z 5jhNGHh0Et1Lidy4vCpq wpBgd82GxlO3hr1i0lHL 1f1ShssvWmmfUiqDIjNc tVhIJJgs0kEFaQx1hdWm wpBgd82GxlO3hr1i0lHL 6t76eBKiZ6qd2L92px9I 84NRaHoY6w6nly57gw1M E84Fbb1fDMRXU6XgwbS0 Bc6dudheE3WGLxP0iDdK X9TJsvmT50zYeG0q6XSG 93aDiM8K0XhtiVcCVKi2 M2S9flVUcYP2sJdh8LXf wYRR07UrNAdstlFcx7n2 C1CVSQIxudgISqBvCOoA sGymQi0ZOpCowisPJkWe Y9NkTxuGcG1D46t8mZ67 ZBeXR80522AAM5P7qeaG LNMZej67uy0Whvqp5OR1 Dc1wEVV3kuOZotG6pNlL ag5vZ07KPwCr1Lpz8zM0 fmFrd4vggNac5TkiFJAd Z8MZ2JfftjeVVnGFSOQe PbYOO88SokShsv7XrgBm NMTjl1jsvrb7y2ggdCSc PbYOO88SokShsv7XrgBm W4IxjYZtRN88GGSV9Uoc lOEjyrMvpa6QONpUJC0R yZPIHwySFuIdRJCMzjnz wMERbIWoRIf6BT6nQKYQ LxEzX08MG9T8knIYbul0 uy6RcQAYd3ATM1Icq3my ECCnzlgsMEvTYjNwAlfM uy6RcQAYd3ATM1Icq3my dOKaHsIcDX32wPXAX2Gt zdtRVpQ9lVyEhNj9Evpp JajH9BPb1gw5kQ2oTRnP dOKaHsIcDX32wPXAX2Gt uy6RcQAYd3ATM1Icq3my e6duCKbQcxnU6ymY57XQ JajH9BPb1gw5kQ2oTRnP Dc1wEVV3kuOZotG6pNlL k7k4sHxeh1pR4sOjcVuj i2zuTkgDKtYA8Q9KejMN Dt5YfbjQq6VoKnyw6Zav JajH9BPb1gw5kQ2oTRnP Dc1wEVV3kuOZotG6pNlL Jjat3uJ5XboI9kZe0522 qZXSRyLD2TteA2dIJrXP vodEvdIApqt0N3TZsbxN zD7ErBenXxsG4D9b5TEV lxlEsWbbqG2dcyvjsLTA zbFdxZAJcbci5gs01pnM sZojFweTE55bBWYz0Tda 9Jr76N4fnNot7SNYqBKG gZVNRDm5p6aX5QEEX8UG vxiwkV1b5fV2sGCBFsRQ 5gumrx48u1yPpF6ivPOI 7TbbztQ90wmMzxjLFXzq oWxP87H6AXwFzF0dpB9d Yj14cJHLteGLwnT0JCVo zc2cVu7aHW2Uc4Z1tHon 4bQwji0D4wyEDLd54MWv nhEaUTk3tk8p91oyWRpp tUowOUG1V7iCXBCMR0AT 8KfYYXeMqM0D4nShLOzi 4bQwji0D4wyEDLd54MWv 8KfYYXeMqM0D4nShLOzi v0QJIKD4q7sFXrzFSb6J sZojFweTE55bBWYz0Tda zbFdxZAJcbci5gs01pnM Kfu1pc3YPMGebW7Iu8ex dKH5OdpmJKCU83bbXVxZ S8uMGvUglWyhnfV5Wzdp EtrZREkmL456viQQJ9Rb Pqf0Sn4UvsBLaxz7WO4n nbZglhhmYQAPQz4eETaj MtQDjkLToWj4d53MMhKG
44
Yj14cJHLteGLwnT0JCVo jgcWqrcniA4q9WNs9xkc
LxEzX08MG9T8knIYbul0 LxEzX08MG9T8knIYbul0
zD7ErBenXxsG4D9b5TEV zD7ErBenXxsG4D9b5TEV
5gumrx48u1yPpF6ivPOI yHMPX8vHctuUweyLluyz 5gumrx48u1yPpF6ivPOI
tVhIJJgs0kEFaQx1hdWm tVhIJJgs0kEFaQx1hdWm
zdtRVpQ9lVyEhNj9Evpp zdtRVpQ9lVyEhNj9Evpp
Kfu1pc3YPMGebW7Iu8ex Kfu1pc3YPMGebW7Iu8ex
Bc6dudheE3WGLxP0iDdK Bc6dudheE3WGLxP0iDdK
ECCnzlgsMEvTYjNwAlfM Eu0wGcDBBrgvePzHfqrS ECCnzlgsMEvTYjNwAlfM
Z8MZ2JfftjeVVnGFSOQe Z8MZ2JfftjeVVnGFSOQe
gZVNRDm5p6aX5QEEX8UG gZVNRDm5p6aX5QEEX8UG
v0QJIKD4q7sFXrzFSb6J v0QJIKD4q7sFXrzFSb6J
Pqf0Sn4UvsBLaxz7WO4n Pqf0Sn4UvsBLaxz7WO4n
S8uMGvUglWyhnfV5Wzdp S8uMGvUglWyhnfV5Wzdp
dKH5OdpmJKCU83bbXVxZ 0uvEfLgT4s8ImTk9VWBt dKH5OdpmJKCU83bbXVxZ
4bQwji0D4wyEDLd54MWv 9GrchmlNCDIapQ9OnEYh 4bQwji0D4wyEDLd54MWv
48nWZMVqWDxfH9uMf2U3 48nWZMVqWDxfH9uMf2U3
NMTjl1jsvrb7y2ggdCSc XmlH4l2BXG35TF70bZqZ NMTjl1jsvrb7y2ggdCSc
uy6RcQAYd3ATM1Icq3my uy6RcQAYd3ATM1Icq3my
cdaizmjQrCe5Vnwy3JQF cdaizmjQrCe5Vnwy3JQF
W4IxjYZtRN88GGSV9Uoc W4IxjYZtRN88GGSV9Uoc
ZBeXR80522AAM5P7qeaG m1IYiQsUBuvvpTv7yWXO
M7SD6FC2BzrEV1z9ajVv H59EihDjhfpS7ToXFM3L
vxiwkV1b5fV2sGCBFsRQ vxiwkV1b5fV2sGCBFsRQ
8KfYYXeMqM0D4nShLOzi 8KfYYXeMqM0D4nShLOzi
Jjat3uJ5XboI9kZe0522 L8bxdxuDa5issn2PiN3u Jjat3uJ5XboI9kZe0522
dOKaHsIcDX32wPXAX2Gt dOKaHsIcDX32wPXAX2Gt
k7k4sHxeh1pR4sOjcVuj k7k4sHxeh1pR4sOjcVuj
EtrZREkmL456viQQJ9Rb EtrZREkmL456viQQJ9Rb
93aDiM8K0XhtiVcCVKi2 93aDiM8K0XhtiVcCVKi2
yZPIHwySFuIdRJCMzjnz yZPIHwySFuIdRJCMzjnz
M2S9flVUcYP2sJdh8LXf M2S9flVUcYP2sJdh8LXf
Z0DuoZMcx6oyDPWFznMK Z0DuoZMcx6oyDPWFznMK
LNMZej67uy0Whvqp5OR1 LNMZej67uy0Whvqp5OR1
nbZglhhmYQAPQz4eETaj nbZglhhmYQAPQz4eETaj
9Jr76N4fnNot7SNYqBKG 9Jr76N4fnNot7SNYqBKG
MtQDjkLToWj4d53MMhKG pNXWB5geApaSjbsCCT4J
Dt5YfbjQq6VoKnyw6Zav Dt5YfbjQq6VoKnyw6Zav
sH3pvLOfMUrEGUrmsHCu sH3pvLOfMUrEGUrmsHCu
vodEvdIApqt0N3TZsbxN vodEvdIApqt0N3TZsbxN
fmFrd4vggNac5TkiFJAd fmFrd4vggNac5TkiFJAd
tUowOUG1V7iCXBCMR0AT tUowOUG1V7iCXBCMR0AT
oWxP87H6AXwFzF0dpB9d oWxP87H6AXwFzF0dpB9d
tuE7UekaxGUib4idWtYa PZrpdQAa8H8tkrajh08J
