9WdSftrlWeJdclTkQ4Ss 8w6JkwNghwwfzVWZlMG6 u8OLHMd8iqOiUbQQ7wxA VHkCxqV9Ecgzij51DFic EnQuMk7pVZUnmn2BboBv g6Fit1BcwBIbAAJnBKGn 5E8wNso5HkheqEVi0Uhr 1Mr5ej8RW5Yk1ZWYpV5x EfhuR5UGBxqkoqdQBn2E 5JVDuLtVtH8dvmcH9fd6 6jnt0RQvUBeXBhrLOwzh 5E8wNso5HkheqEVi0Uhr 7DZfG4yobV0xCcSaxf27 vXrEXAmThLoQVXFImZcg b9q1t3OMZ6dXE5R6ca5w tb41LamjPxrSZBTCVL4N b7ZT2hEEnAs84vAc9csm D3gODzQIzHZRe5A487BX sg5cs9DlFxbTEStxmnQo xtgYSd34f56WAH3CCBpW t9sTQNaMU9o2HF5pm7xT 8X2kWfVN7ACYeLRlwU5k ElLrRzuv43VPHSxgF9aR xtgYSd34f56WAH3CCBpW PFAHK1LPbENiUm01N8B0 g5fwwkfUKem4JdibLkXM D3gODzQIzHZRe5A487BX tb41LamjPxrSZBTCVL4N IC3wlDskAWyf0o1M61kl F5wAHGfxfHDlSYlCHBkp b9q1t3OMZ6dXE5R6ca5w 3pFVvt0XFh3JvOGqpp1y f67LrguccbwZw0aXriuu 85xSse1gOLjILYSRUgB9 QYsTJmc2IUi36H1YK47s 2QgUKFj4HV0dn5Ia55tj IWOalMs6IXX5Ln6F9Eov LI8fhHKJlh7mQx1nNK0m 2TderjwrXrNV2UBZ77eD Z2YJKymsE6JEohxl2CgC Wvcwm6VpeYnZXpTH3IZP 2TderjwrXrNV2UBZ77eD yMXdJdorJpzOHHt9uIfg KkeFTm4eTA6qHgViFx48 Wvcwm6VpeYnZXpTH3IZP nOsoIFzZBhdd6bjP45Ba xTqag3TRSmD8TI7ozU6T qzhMj5jvroYQ0sxm9D9f ymIUUgCvgB7r5le0Mh11 a050Gc07llzkwp1sFUA0 YUvMCsDyzZfhbCs0qJRu P6PcaiimLTne6w5m7SJi ymIUUgCvgB7r5le0Mh11 qyWH5Ui5kFJGpXM7i2RZ qzhMj5jvroYQ0sxm9D9f ivvO5yUvAxjOjLiwMPV4 xTqag3TRSmD8TI7ozU6T VkEnPX1CQCoh4CxlXSlf 2Bx9KHBjUU4KACeYmEka EEWjQ3rZ3GM9oucA2vc5 kITtdSORrLGuHqAl2YGb oq1GulTWdKtwAlNIQxnY 2dfprAgHp3T6RrgooKgP uJlmjikTUoEO48jGpFMW CwkDmD51N1Lhnzhdl5se c2cBpUI19bqo5IjxQzNs m6rR2iEESZqKqRpPfrCl x81SdeDfzbsk8wgCHcJT 468JV90VoJDfHRf7bwGC yLnN3wvof669Fh58DxrQ 72cxNTZ1Tw5teVGiR2xj nnG2z19YXqYOoAxMQkFV 2dfprAgHp3T6RrgooKgP Mi1upMhcgP7iV16OWKN5 NXZByMrsstrrXRLxVcyg qsbRHSDlSHG3Ep5gugbq 3MmCPAjYheu6g9TkIxDm NXZByMrsstrrXRLxVcyg gZiMcGUkLd8qaWleLH1T 2YL9dYowMkTTxjU0fVal c2cBpUI19bqo5IjxQzNs uJlmjikTUoEO48jGpFMW TrUW9m3qjkTMvqHNRot0 zbsjvfwSdNExCnTFLo8x 4uRnU5kYfamseynbdI9c m0W1PzAhoOpYXaJ0LLW5 l0FfsrqWcvxMXnkTPBHi Ca5sYccbD9TUz7JLHrcf Wf6tYlitgmZKoXfughsS m0W1PzAhoOpYXaJ0LLW5 hC71hIuyRaST3AiaSZqg YygsiZkXDS9oQ07w4psX 7hwqk4bfHzoBgB4yaE5p CIdYfkuOMaRk394L6cKF OAcbYkMyAi1Iu0vWaaFc iS3QMNvYa0RbuZKbJowP YygsiZkXDS9oQ07w4psX kITtdSORrLGuHqAl2YGb VkEnPX1CQCoh4CxlXSlf ZUt08qPkISJA3VT4fdsK 5doygtE58PVlrfBbaaxD 4FGKBBtL0fTw4RscYaCG YygsiZkXDS9oQ07w4psX UE66Ok3YtceUJCwuX3xr v0QCMKnmfkXllH4nQHen SbMznZDIZs7TTEfAUGt3 UE66Ok3YtceUJCwuX3xr WV8Z5wDVbRdJmbJjyC7p COVfDobG5VcfcSxLDUch btiXecpJBKmrIHtQ7jPA 4wWd3kvalFkda9M583i7 FzgyYozZJweUgT2UncY3 btiXecpJBKmrIHtQ7jPA lrXvsaItMucJuqzZylSg hC71hIuyRaST3AiaSZqg cXmjc3Wu4kjM1IHGgfA5 m0W1PzAhoOpYXaJ0LLW5 UQEmoPmHSH2FlTDuXOEx LkczcKgnoMrSVImHJ0fO KkJFwKldxLItiBZ9EoaZ Mufarp9xGx29xj0P1ijS lVjpvSHc5hBrS7dzTmI1 iuuWW5781KuHBsKkyWMa qmJjxb5ffqkJdxtR9mHb DrhvxXimsmLLGRkE94hS Tgouk8HApNFShyYjQedR Dv6lwBgjbbZceuQXFzFf sCcEFmBkhTop4sycKzuM Tgouk8HApNFShyYjQedR khygntR9CTz08DjsR0la 4Vpgk6JikqRWfmTLGFMS iuuWW5781KuHBsKkyWMa gZCyL2MJze1aowodommu m54EIZlfduVsUOzACS5b aRTaaeyCiUc9wpTmFn5B QYsTJmc2IUi36H1YK47s m54EIZlfduVsUOzACS5b bw0K7NVh1sgqlnescYkX nP45x6vSjSYCI8DDOBiZ gY86LqbQLTIYrcgU8Crt aGWdv30UuUFiszMErlJF jGNThQH3U9Qqi91Eop7X ddzqPXECnHQT4a4RIpSF aIWn0UzDaHCuDeD4TF6U jGNThQH3U9Qqi91Eop7X W5rNQea9NsCafaUbLgWC Udew7VNFg6dndWFd4Xv7 CBlKOXlRycQbkyDm6Ich rW1b1NT9NaRlIIxoT8XF Udew7VNFg6dndWFd4Xv7 qtHpIO00aVjMjk7M0v9K k3PQRnKD222tnpAYeJ4O laRDyozSdXcFtmdQ5VqD NjrNYv2s9TjuFmdhy6vq eULKHiriYHElwEbrQo2X k3PQRnKD222tnpAYeJ4O G2jsO08FPT3xFngeyu4B 61VEe5QpRdEG1AHTZmSn jGNThQH3U9Qqi91Eop7X rW1b1NT9NaRlIIxoT8XF fm9EBymrV0VSOljfjrTQ kvWSRFx5cBJAdKv02AAn ObIUeV1Y9WxgQVINEZzj XEhAPaVgnAiGpIfFTnuy RP9IQz70eEvTJVIHw5Lv l5OFQGDhW1xJJ8ERuglz CgUyoeVDFzkf0g6EiF8w RP9IQz70eEvTJVIHw5Lv XzID4BBPQnOnz9XMetpC NqvNOj5h3GSbJm5NawjL ObIUeV1Y9WxgQVINEZzj CITGt2jOx7Lecs3CtylJ 63EFNMvLteBrV7Lj9nA4 nmwnnNlPCMIjajSEo2R3 C5aQkckiWq5qVUhbiI57 yXrak2UUHdgFCsCWvgfp oakCd1HozhO35GtImcF2 C5aQkckiWq5qVUhbiI57 R22TNV5lr1tmI44FcHvv RDnAjQbgrCahBSBieO1p QDFrfZgHiHMBgGJy1v64 Py9pyPdsXNOp2IZqhQo2 dsEyS8WvuzfBZPrbbzZx RSJQdRAK7H6zYHVeXyPj kvWSRFx5cBJAdKv02AAn CJPsPFylFkMPqvXrW58O 63EFNMvLteBrV7Lj9nA4 dsEyS8WvuzfBZPrbbzZx QDFrfZgHiHMBgGJy1v64 WWEBxNNG20y6nEEMPvzN RiZJXix70KkeQI5YZY9j NWAZrSnr0i1Dj5TA6dLc fuNQ8Sfy86k6zaBQjwEz euZ15YwFUeCb42J4vvX6 wqyhoOJuJuNfuZ1c9ZhU KYytbd9CXAYZLlOU2JVI 6KcltWtleWJ6izN3XL0F wqyhoOJuJuNfuZ1c9ZhU PUX0RecerGn3NX5t2hBc euZ15YwFUeCb42J4vvX6 NWAZrSnr0i1Dj5TA6dLc 24YcTAlCtPoNC11H3BAQ jLS4UljOCe6h8LwAOGRX m2kNeowjoX6iaPduqLLc WgneGAZv4qtDq8Q5DYZf uwYFKqdXzHrDjwNLVxGZ fHaNehOegdlwymJ5Tbvp 1wSeohNTb1oCspxe2x4j MCc3yEIO8tXzzu5ZknlT EGP8Bd7gbzca7HmQthfa CMQ0OeWc1jOFVxmSr3hH kuIwHVHn49UEM4TprHKr MCc3yEIO8tXzzu5ZknlT m2kNeowjoX6iaPduqLLc KqTw626stjcdChciHrJ6 4MuL6AbQo2ozZ4x7psrd EfhuR5UGBxqkoqdQBn2E GPM8ezkS8AlTI0cYCnrm fzCA3w8Mu664WC0yRZb5 EfhuR5UGBxqkoqdQBn2E 6jnt0RQvUBeXBhrLOwzh EnQuMk7pVZUnmn2BboBv QHOT9LWV0s6xVVreglDh OLGSBuAPLZmdhTN6ApoS VHkCxqV9Ecgzij51DFic 1Oc2bGjHzXrMLiYLik5Z g6Fit1BcwBIbAAJnBKGn OBEPyJuvhH0Z9VoT2UNC h52UeNen88U7Y4iFuOF7 z0rRwRZbA1TaaAgS8PYu OBEPyJuvhH0Z9VoT2UNC x74MQe7pEH17MLQqDD8H 4HAqq83HvFVwM7RSa8NQ EqrhH8oFQmMRN10foGjV qsQI3bptDcBOGz4nQEL5 CuGwf3E2mmIEpZeaF5CW d5LnqmMpt2Ka3sWGmvow tlptthCZhNn9sCWA6nK3 QBNhPcmtLfTR2DSrZWqu qsQI3bptDcBOGz4nQEL5 tlptthCZhNn9sCWA6nK3 8IUV6HBSYn47shRwVW5F fxnnXXAtldMGBgqECnVx DmIjX4adnoqSEDmx2f39 JuSdCG8HSUzwufkmRvTN PqB0lgs9Brze4wJGQzAM mkGdh9qd7uj9x5W3Koxj mUdsQgC4b4x2HD8wqon6 FE29I03FH1qEyEvIQNGT PqB0lgs9Brze4wJGQzAM 1ae7bJScGomdGEdgag5b 8IUV6HBSYn47shRwVW5F JuSdCG8HSUzwufkmRvTN RNtZ6m1O9hQj2ovJiJE3 u8OLHMd8iqOiUbQQ7wxA 1uTE034Q24DWmybWBbX4 8w6JkwNghwwfzVWZlMG6 hYQ8wC7QWWx5wW2TCt2Y
100
1uTE034Q24DWmybWBbX4 1uTE034Q24DWmybWBbX4
3MmCPAjYheu6g9TkIxDm 3MmCPAjYheu6g9TkIxDm
FE29I03FH1qEyEvIQNGT FE29I03FH1qEyEvIQNGT
6KcltWtleWJ6izN3XL0F 6KcltWtleWJ6izN3XL0F
61VEe5QpRdEG1AHTZmSn 61VEe5QpRdEG1AHTZmSn
7DZfG4yobV0xCcSaxf27 7DZfG4yobV0xCcSaxf27
cXmjc3Wu4kjM1IHGgfA5 cXmjc3Wu4kjM1IHGgfA5
Z2YJKymsE6JEohxl2CgC Z2YJKymsE6JEohxl2CgC
aGWdv30UuUFiszMErlJF aGWdv30UuUFiszMErlJF
yMXdJdorJpzOHHt9uIfg yMXdJdorJpzOHHt9uIfg
oakCd1HozhO35GtImcF2 oakCd1HozhO35GtImcF2
5doygtE58PVlrfBbaaxD 5doygtE58PVlrfBbaaxD
VkEnPX1CQCoh4CxlXSlf VkEnPX1CQCoh4CxlXSlf
Wf6tYlitgmZKoXfughsS Wf6tYlitgmZKoXfughsS
mkGdh9qd7uj9x5W3Koxj mkGdh9qd7uj9x5W3Koxj
dsEyS8WvuzfBZPrbbzZx dsEyS8WvuzfBZPrbbzZx
z0rRwRZbA1TaaAgS8PYu z0rRwRZbA1TaaAgS8PYu
NqvNOj5h3GSbJm5NawjL NqvNOj5h3GSbJm5NawjL
g5fwwkfUKem4JdibLkXM g5fwwkfUKem4JdibLkXM
OLGSBuAPLZmdhTN6ApoS OLGSBuAPLZmdhTN6ApoS
2YL9dYowMkTTxjU0fVal 2YL9dYowMkTTxjU0fVal
P6PcaiimLTne6w5m7SJi P6PcaiimLTne6w5m7SJi
8IUV6HBSYn47shRwVW5F 8IUV6HBSYn47shRwVW5F
RNtZ6m1O9hQj2ovJiJE3 RNtZ6m1O9hQj2ovJiJE3
Tgouk8HApNFShyYjQedR Tgouk8HApNFShyYjQedR
EEWjQ3rZ3GM9oucA2vc5 EEWjQ3rZ3GM9oucA2vc5
wqyhoOJuJuNfuZ1c9ZhU wqyhoOJuJuNfuZ1c9ZhU
4MuL6AbQo2ozZ4x7psrd 4MuL6AbQo2ozZ4x7psrd
RDnAjQbgrCahBSBieO1p RDnAjQbgrCahBSBieO1p
72cxNTZ1Tw5teVGiR2xj 72cxNTZ1Tw5teVGiR2xj
EqrhH8oFQmMRN10foGjV EqrhH8oFQmMRN10foGjV
gZiMcGUkLd8qaWleLH1T gZiMcGUkLd8qaWleLH1T
btiXecpJBKmrIHtQ7jPA btiXecpJBKmrIHtQ7jPA
6jnt0RQvUBeXBhrLOwzh 6jnt0RQvUBeXBhrLOwzh
b9q1t3OMZ6dXE5R6ca5w b9q1t3OMZ6dXE5R6ca5w
PFAHK1LPbENiUm01N8B0 PFAHK1LPbENiUm01N8B0
JuSdCG8HSUzwufkmRvTN JuSdCG8HSUzwufkmRvTN
CgUyoeVDFzkf0g6EiF8w CgUyoeVDFzkf0g6EiF8w
Mufarp9xGx29xj0P1ijS Mufarp9xGx29xj0P1ijS
lVjpvSHc5hBrS7dzTmI1 lVjpvSHc5hBrS7dzTmI1
eULKHiriYHElwEbrQo2X eULKHiriYHElwEbrQo2X
468JV90VoJDfHRf7bwGC 468JV90VoJDfHRf7bwGC
1Oc2bGjHzXrMLiYLik5Z 1Oc2bGjHzXrMLiYLik5Z
zbsjvfwSdNExCnTFLo8x zbsjvfwSdNExCnTFLo8x
jLS4UljOCe6h8LwAOGRX jLS4UljOCe6h8LwAOGRX
1wSeohNTb1oCspxe2x4j 1wSeohNTb1oCspxe2x4j
24YcTAlCtPoNC11H3BAQ 24YcTAlCtPoNC11H3BAQ
nOsoIFzZBhdd6bjP45Ba nOsoIFzZBhdd6bjP45Ba
OBEPyJuvhH0Z9VoT2UNC OBEPyJuvhH0Z9VoT2UNC
C5aQkckiWq5qVUhbiI57 C5aQkckiWq5qVUhbiI57
Dv6lwBgjbbZceuQXFzFf Dv6lwBgjbbZceuQXFzFf
ddzqPXECnHQT4a4RIpSF ddzqPXECnHQT4a4RIpSF
QYsTJmc2IUi36H1YK47s QYsTJmc2IUi36H1YK47s
YygsiZkXDS9oQ07w4psX YygsiZkXDS9oQ07w4psX
sCcEFmBkhTop4sycKzuM sCcEFmBkhTop4sycKzuM
fuNQ8Sfy86k6zaBQjwEz fuNQ8Sfy86k6zaBQjwEz
LI8fhHKJlh7mQx1nNK0m LI8fhHKJlh7mQx1nNK0m
t9sTQNaMU9o2HF5pm7xT t9sTQNaMU9o2HF5pm7xT
8w6JkwNghwwfzVWZlMG6 8w6JkwNghwwfzVWZlMG6
Ca5sYccbD9TUz7JLHrcf Ca5sYccbD9TUz7JLHrcf
nmwnnNlPCMIjajSEo2R3 nmwnnNlPCMIjajSEo2R3
WgneGAZv4qtDq8Q5DYZf WgneGAZv4qtDq8Q5DYZf
2dfprAgHp3T6RrgooKgP 2dfprAgHp3T6RrgooKgP
UQEmoPmHSH2FlTDuXOEx UQEmoPmHSH2FlTDuXOEx
l5OFQGDhW1xJJ8ERuglz l5OFQGDhW1xJJ8ERuglz
TrUW9m3qjkTMvqHNRot0 TrUW9m3qjkTMvqHNRot0
kuIwHVHn49UEM4TprHKr kuIwHVHn49UEM4TprHKr
oq1GulTWdKtwAlNIQxnY oq1GulTWdKtwAlNIQxnY
xtgYSd34f56WAH3CCBpW xtgYSd34f56WAH3CCBpW
QHOT9LWV0s6xVVreglDh QHOT9LWV0s6xVVreglDh
Mi1upMhcgP7iV16OWKN5 Mi1upMhcgP7iV16OWKN5
yXrak2UUHdgFCsCWvgfp yXrak2UUHdgFCsCWvgfp
NXZByMrsstrrXRLxVcyg NXZByMrsstrrXRLxVcyg
IWOalMs6IXX5Ln6F9Eov IWOalMs6IXX5Ln6F9Eov
KqTw626stjcdChciHrJ6 KqTw626stjcdChciHrJ6
DmIjX4adnoqSEDmx2f39 DmIjX4adnoqSEDmx2f39
COVfDobG5VcfcSxLDUch COVfDobG5VcfcSxLDUch
OAcbYkMyAi1Iu0vWaaFc OAcbYkMyAi1Iu0vWaaFc
W5rNQea9NsCafaUbLgWC W5rNQea9NsCafaUbLgWC
2TderjwrXrNV2UBZ77eD 2TderjwrXrNV2UBZ77eD
rW1b1NT9NaRlIIxoT8XF rW1b1NT9NaRlIIxoT8XF
v0QCMKnmfkXllH4nQHen v0QCMKnmfkXllH4nQHen
laRDyozSdXcFtmdQ5VqD laRDyozSdXcFtmdQ5VqD
IC3wlDskAWyf0o1M61kl IC3wlDskAWyf0o1M61kl
1ae7bJScGomdGEdgag5b 1ae7bJScGomdGEdgag5b
4wWd3kvalFkda9M583i7 4wWd3kvalFkda9M583i7
nnG2z19YXqYOoAxMQkFV nnG2z19YXqYOoAxMQkFV
2QgUKFj4HV0dn5Ia55tj 2QgUKFj4HV0dn5Ia55tj
ymIUUgCvgB7r5le0Mh11 ymIUUgCvgB7r5le0Mh11
x81SdeDfzbsk8wgCHcJT x81SdeDfzbsk8wgCHcJT
qyWH5Ui5kFJGpXM7i2RZ qyWH5Ui5kFJGpXM7i2RZ
bw0K7NVh1sgqlnescYkX bw0K7NVh1sgqlnescYkX
NWAZrSnr0i1Dj5TA6dLc NWAZrSnr0i1Dj5TA6dLc
vXrEXAmThLoQVXFImZcg vXrEXAmThLoQVXFImZcg
g6Fit1BcwBIbAAJnBKGn g6Fit1BcwBIbAAJnBKGn
63EFNMvLteBrV7Lj9nA4 63EFNMvLteBrV7Lj9nA4
qsbRHSDlSHG3Ep5gugbq qsbRHSDlSHG3Ep5gugbq
RSJQdRAK7H6zYHVeXyPj RSJQdRAK7H6zYHVeXyPj
fzCA3w8Mu664WC0yRZb5 fzCA3w8Mu664WC0yRZb5
R22TNV5lr1tmI44FcHvv R22TNV5lr1tmI44FcHvv
