1 97 96 1 93 91 1 101 197 182 101 188 176 101 175 174 101 172 168 101 198 165 101 169 161 101 193 158 101 171 154 101 196 152 101 192 151 101 183 148 101 190 147 101 163 143 101 157 141 101 200 140 101 187 139 101 167 138 101 173 136 101 178 133 101 162 132 101 185 131 101 146 130 101 199 129 101 155 127 101 153 126 101 134 125 101 186 124 101 145 123 101 142 122 101 179 121 101 184 120 101 166 119 101 189 118 101 194 117 101 150 116 101 135 115 101 159 114 101 177 113 101 164 112 101 156 111 101 128 110 101 160 109 101 180 108 101 191 107 101 149 106 101 137 105 101 181 104 101 170 103 101 195 102 101 144 87 1 81 79 1 99 75 1 90 74 1 85 71 1 82 70 1 84 66 1 89 65 1 76 58 1 73 57 1 98 55 1 59 54 1 68 52 1 63 50 1 61 49 1 56 48 1 80 47 1 78 46 1 41 39 1 100 38 1 40 37 1 51 36 1 43 34 1 44 32 1 53 31 1 86 30 1 77 27 1 29 25 1 83 23 1 35 21 1 33 19 1 26 18 1 92 17 1 28 16 1 24 15 1 45 14 1 94 13 1 72 12 1 42 11 1 69 10 1 67 9 1 22 8 1 62 7 1 95 6 1 88 5 1 20 4 1 60 3 1 64 2
99
2 2
3 3
4 4
5 5
6 6
7 7
8 8
9 9
10 10
11 11
12 12
13 13
14 14
15 15
16 16
17 17
18 18
19 19
20 20
21 21
22 22
23 23
24 24
25 25
26 26
27 27
28 28
29 29
30 30
31 31
32 32
33 33
34 34
35 35
36 36
37 37
38 38
39 39
40 40
41 41
42 42
43 43
44 44
45 45
46 46
47 47
48 48
49 49
50 50
51 51
52 52
53 53
54 54
55 55
56 56
57 57
58 58
59 59
60 60
61 61
62 62
63 63
64 64
65 65
66 66
67 67
68 68
69 69
70 70
71 71
72 72
73 73
74 74
75 75
76 76
77 77
78 78
79 79
80 80
81 81
82 82
83 83
84 84
85 85
86 86
87 87
88 88
89 89
90 90
91 91
92 92
93 93
94 94
95 95
96 96
97 97
98 98
99 99
100 100
