1 43 41 1 48 35 1 37 32 1 42 31 1 51 99 93 51 94 85 51 97 84 51 90 83 51 95 82 51 89 78 51 96 74 51 87 73 51 92 70 51 75 69 51 86 67 51 71 66 51 77 65 51 68 62 51 80 61 51 98 60 51 63 59 51 81 58 51 72 57 51 100 56 51 79 55 51 88 54 51 91 53 51 76 52 51 64 28 1 45 27 1 46 26 1 34 25 1 24 23 1 49 22 1 50 21 1 38 20 1 44 18 1 47 16 1 36 15 1 29 13 1 39 10 1 12 9 1 14 8 1 30 7 1 11 6 1 33 5 1 19 4 1 40 3 1 17 2
49
2 2
3 3
4 4
5 5
6 6
7 7
8 8
9 9
10 10
11 11
12 12
13 13
14 14
15 15
16 16
17 17
18 18
19 19
20 20
21 21
22 22
23 23
24 24
25 25
26 26
27 27
28 28
29 29
30 30
31 31
32 32
33 33
34 34
35 35
36 36
37 37
38 38
39 39
40 40
41 41
42 42
43 43
44 44
45 45
46 46
47 47
48 48
49 49
50 50
