Jacksonville Atlanta Louisville Arlington Portland Seattle LasVegas Charlotte Miami Oakland Philadelphia Houston ColoradoSprings Houston Philadelphia Oakland Phoenix OklahomaCity FortWorth SanJose Indianapolis SanJose Boston SanAntonio Detroit Tulsa Milwaukee Austin Raleigh Austin Omaha LongBeach Baltimore Tampa Philadelphia Chicago Minneapolis Tulsa Milwaukee Nashville Milwaukee Tulsa Detroit FortWorth OklahomaCity Denver Washington Austin Milwaukee Jacksonville
22
Indianapolis LosAngeles Indianapolis
Phoenix Phoenix
Philadelphia Philadelphia
SanJose SanJose
Austin Austin
Jacksonville Jacksonville
FortWorth FortWorth
Detroit Columbus
Atlanta SanFrancisco Fresno Atlanta
Seattle Seattle
Boston Boston
Nashville ElPaso
Portland Portland
Raleigh Memphis
LasVegas LasVegas
Louisville Louisville
Oakland Albuquerque
Milwaukee Tucson
LongBeach LongBeach
ColoradoSprings VirginiaBeach
Minneapolis Minneapolis
Tulsa Tulsa
