SaintPaul Garland Newark Scottsdale Honolulu Memphis Louisville Irving Anaheim Seattle Wichita Lincoln Minneapolis SanDiego ColoradoSprings NorthLasVegas SanDiego ChulaVista Cincinnati StPetersburg Cincinnati ChulaVista Baltimore Mesa Baltimore LongBeach Greensboro Dallas LongBeach Baltimore Albuquerque FortWayne Albuquerque BatonRouge Albuquerque Baltimore ChulaVista JerseyCity Toledo Atlanta Jacksonville Tulsa Austin LosAngeles Plano Fresno KansasCity Miami Omaha Miami KansasCity Norfolk Denver Detroit Tucson Detroit Denver Norfolk KansasCity Fresno Plano LosAngeles Plano Fresno Lexington JerseyCity Toledo JerseyCity Richmond Minneapolis Charlotte Irvine Fremont Irvine Buffalo Oakland Philadelphia SanFrancisco Stockton Houston ColoradoSprings SanDiego ChulaVista Charlotte Phoenix Durham SantaAna Durham Phoenix Columbus Glendale Hialeah Glendale Columbus Milwaukee StPetersburg VirginiaBeach Seattle Anaheim Irving Louisville Newark Garland SaintPaul
39
Houston Houston
Phoenix Phoenix
Austin SanAntonio Austin
SanDiego SanDiego SanJose
Dallas Dallas
BatonRouge FortWorth
Columbus Columbus
Charlotte Charlotte
Mesa Indianapolis
Denver Denver
LosAngeles ElPaso
Memphis Memphis
Hialeah OklahomaCity Hialeah
Baltimore Baltimore
Milwaukee Milwaukee
Tucson Tucson Raleigh
Atlanta Atlanta
LongBeach LongBeach
Toledo Tampa
KansasCity NewOrleans
Minneapolis Bakersfield
Omaha Aurora
Honolulu Honolulu
SantaAna SantaAna Pittsburgh
Lexington Lexington
Stockton Stockton
StPetersburg Henderson StPetersburg Lubbock
Cincinnati Cincinnati
FortWayne Anchorage FortWayne
Plano Plano
Lincoln Lincoln
Newark Newark
Durham Durham WinstonSalem
JerseyCity JerseyCity Laredo
Louisville Madison
Fremont Chandler
Scottsdale Scottsdale
Glendale Glendale
Fresno Chesapeake Spokane
