Porterton Wallton Davisstad Leechester Castanedachester Leechester Pettyton Bondmouth Pettyton Leechester Davisstad Newmanburgh Gallowaymouth Rioshaven Gallowaymouth Newmanburgh Davisstad Wallton Derekmouth Charlesberg Weberbury Kimberlyburgh Weberbury Charlesberg Sethland Ellisstad Sethland Charlesberg Kevinberg Patriciabury Kevinberg Adamside Kevinberg Charlesberg Derekmouth Jeffreyfort Johnsonchester Jeffreyfort Garytown Audreyfort Garytown Jeffreyfort Derekmouth Geraldside Michellehaven Ramosborough Michellehaven Cranemouth Michellehaven Geraldside Joseport Hallborough Joseport Gabrielburgh Joseport Geraldside Derekmouth Wallton Danielleport Melissaview Cheyennefurt Watsonville Cheyennefurt Melissaview Campbellhaven Annberg Campbellhaven Melissaview Danielleport Scottburgh Laurenbury Haleview Laurenbury Scottburgh Danielleport Cooperton Lopezborough Waltersmouth Lopezborough Cooperton Danielleport Wallton Davisstad Jacksonton Singletonton Clarkbury Singletonton Jacksonton Davisstad Wallton Porterton Dianashire Burgessview Williamfort Moodyburgh Gregoryberg Smithfort Gregoryberg Moodyburgh Heatherberg Thomasborough Heatherberg Moodyburgh Williamfort Thomasville Lopezburgh Byrdfurt Lopezburgh Thomasville Williamfort Williamport Ashleystad Holthaven Ashleystad Codyton Ashleystad Williamport Williamfort Burgessview Marcusburgh Tylerbury Paultown Tylerbury Jamestown Tylerbury Marcusburgh Matthewburgh Virginiastad Robinsonmouth Virginiastad Matthewburgh Bondfort Shawnmouth Bondfort Adamview Bondfort Matthewburgh Marcusburgh Fletcherland Willisfurt Fletcherland Kingview Williamschester Kingview Fletcherland Marcusburgh Burgessview Billton Banksburgh Simmonsburgh Michaelville Simmonsburgh Banksburgh Yvonneborough Parkermouth Yvonneborough Banksburgh Billton Burgessview Dianashire Ashleyborough Paulburgh Walltown Johnberg Walltown Callahantown Maryport Callahantown Walltown Scotttown Jacksonview Scotttown Walltown Paulburgh Robertsstad Toddtown Swansonshire Toddtown Robertsstad Paulburgh Ashleyborough Osborneville Christophermouth Shawnhaven Christophermouth Osborneville Payneview Barnesmouth Harrisport Barnesmouth Payneview Jacksonville Jennifertown Jacksonville Payneview Teresafort Smithtown Teresafort Payneview Osborneville Ashleyborough Clarkberg Reevestown Judithview Michaelview Judithview Reevestown Clarkberg Burtonview Murphyside Bakertown Murphyside Burtonview Clarkberg Ashleyborough Dianashire Porterton
51
Swansonshire Abigailhaven Swansonshire
Johnberg Williamshire
Ellisstad Osbornemouth Ellisstad
Bondmouth Bondmouth Mercedesmouth Taylorton
Smithfort Smithfort Millerborough
Kimberlyburgh Kimberlyburgh Candiceland
Cheyennefurt Thompsonshire
Waltersmouth Adamport Adkinsberg
Pettyton Jonesfurt
Codyton Mindyview Codyton Ryanside
Byrdfurt Loweryborough Garciamouth Byrdfurt
Michaelview Michaelview Clarenceview
Ramosborough Ramosborough Fordhaven
Shawnmouth Shawnmouth Priceville Buckleyside
Audreyfort Audreyfort Patriciaside
Teresafort Calvinton
Parkermouth Parkermouth Shawnfort
Gabrielburgh Gabrielburgh Hodgesstad
Smithtown Smithtown Abigailville Jacksonland
Michaelville Michaelville Williamland
Sethland Tannerhaven
Adamview Harrisborough Adamview
Holthaven Vickiville Holthaven
Weberbury Clarkport
Clarkbury Jermaineton Clarkbury
Robinsonmouth Robinsonmouth Horneside
Jamestown Wilsonstad
Williamschester Williamschester Mirandaview
Annberg Annberg Dyerport Houstonchester
Rioshaven Josephstad Rioshaven
Jacksonview Jacksonview Danielville
Willisfurt Ortizberg
Hallborough Kylieview Hallborough
Johnsonchester Nealfurt Susanfort
Shawnhaven Candaceborough Dannyside
Jennifertown Feliciaville Jennifertown
Bakertown Derekville Jameston Bakertown
Watsonville Christyland Watsonville Robertomouth
Lopezburgh Leahmouth
Harrisport Brendaview Harrisport
Paultown Hansonbury
Haleview Hallstad Haleview
Thomasborough Masseyside Thomasborough Ortegaberg
Adamside Andrewschester Bradberg Adamside
Maryport Combsville Reynoldsview Maryport
Virginiastad Johnsonberg
Patriciabury Patriciabury Troyfort Thomasmouth
Jacksonville Christopherhaven
Barnesmouth Clarkborough
Castanedachester Suttonville
Cranemouth Joneschester Cranemouth
