A0 J3 J0 A0 J9 H2 A0 I4 G4 A0 G2 G0 A0 H3 E7 A0 F6 E6 A0 E3 E2 A0 H4 D9 A0 F8 D3 A0 I8 D2 A0 E0 D1 A0 H6 C9 A0 I0 C5 A0 D4 C1 A0 G1 B6 A0 G3 A7 I9 G9 A7 A8 A0 C0 A4 H5 H0 A4 J4 B5 A4 F1 B3 A4 A0 A2 J2 I7 A2 I1 H7 A2 J6 F4 A2 E9 E1 A2 C7 B2 A2 J1 E8 B1 A2 F5 F3 A3 I5 E4 A3 E5 D8 A3 I2 D5 A3 F7 D0 A3 F2 C4 A3 H8 B9 A3 A9 A2 G5 D7 B4 A1 J8 H9 A1 I3 G8 A1 H1 F9 A1 I6 D6 A1 F0 C3 A1 G7 B8 A1 C8 B7 A1 J7 B0 A1 J5 A6 A1 C6 A5 G6 C2 A5 A1 A0
50
A1 A1
A2 A2
A3 A3
A4 A4
A5 A5
A6 A6
A7 A7
A8 A8
A9 A9
B0 B0
B1 B1
B2 B2
B3 B3
B4 B4
B5 B5
B6 B6
B7 B7
B8 B8
B9 B9
C0 C0
C1 C1
C2 C2
C3 C3
C4 C4
C5 C5
C6 C6
C7 C7
C8 C8
C9 C9
D0 D0
D1 D1
D2 D2
D3 D3
D4 D4
D5 D5
D6 D6
D7 D7
D8 D8
D9 D9
E0 E0
E1 E1
E2 E2
E3 E3
E4 E4
E5 E5
E6 E6
E7 E7
E8 E8
E9 E9
F0 F0
