0 23 139 64 50 34 132 119 193 90 55 119 78 118 25 57 60 112 54 187 49 54 60 4 57 34 78 36 14 78 121 7 50 123 189 39 123 126 94 197 48 139 63 84 76 33 184 186 15 194 61 19 128 176 173 160 10 137 158 190 137 152 198 106 196 174 87 196 17 79 149 181 114 120 175 105 120 138 11 175 107 149 144 159 135 188 180 142 51 100 169 148 51 142 47 22 142 47 98 91 65 161 133 150 77 98 65 26 107 79 56 67 96 27 30 8 196 5 74 141 154 125 3 117 154 80 183 43 80 141 21 141 32 59 97 31 140 145 124 66 145 68 140 86 2 31 59 5 41 75 5 198 10 16 156 155 110 102 155 70 182 5 12 81 20 53 12 62 134 44 173 85 1 69 58 1 109 46 24 172 131 163 178 127 116 131 24 89 147 177 82 29 177 191 24 6 9 195 199 104 108 83 40 192 101 168 52 9 83 176 170 37 35 176 128 179 153 92 179 99 128 151 162 45 157 42 151 185 167 28 194 72 38 185 28 115 103 130 33 15 64 88 23 0
94
0 0 73
1 1
2 2
3 3
4 4
5 5
6 6
7 7
8 8
9 9
10 10 71
11 11
12 12
51 13 51
14 14
15 15
16 16
17 17
87 18 87 95
19 19
20 20
21 21 93
22 22
23 23
24 24
25 25
26 26
27 27
28 28
29 29
30 30
31 31
32 32
33 33
34 34
35 35
36 36
37 37
38 38
39 39
40 40
41 41
42 42
43 43
44 44
45 45
46 46
47 47
48 48
49 49
50 50
52 52
53 53
54 54
55 55
56 56
57 57
58 58
59 59
60 60
61 61
62 62
63 63
64 64
65 65
66 66
67 67
68 68
69 69
70 70
72 72
74 74
75 75
76 76
77 77
78 78
79 79
80 80
81 81
82 82
83 83
84 84
85 85
86 86
88 88
89 89
90 90
91 91
92 92
94 94
96 96
97 97
98 98
99 99
