K BH CD FS BH K B CA FQ FD BJ DV BF DP GL GR CC CY CI EV EG EP C DR FX CH FU FM DZ AB I DZ AB DN EH FU CH E EZ CH C BZ DY ES AF BD GC ED AE X DJ EE L N ER L BB CW DU CV CW AT AU AO GM BI CO DB EF FK EM EA FK DX DB CO FW P EC FJ BP FF FA FJ GJ P FJ FA D AR GM AO CZ AO AU GK FT H BR CJ H CJ FH CK DY BZ EI GG AG EG CN EV DE EO EY CC CM CR DP BX BF CP CS GN BS AN EL BV DK DI DM DG U DC EB AN DS GA DH DS AA DQ EW AJ DQ BK BW Z J EQ FC GI CU CT GF DL FP CE EQ DL Y GA BW CG GO AQ AC V GO FI DD FZ T DT EK AI DT DA GH DD FL AK BM DF AV AK BY BE FL BA GP CB BA G AV AK BY DW DO DW AP FV W AX AL F M GN BC BT CF BT M GN BL CP AW Q CL O A BG AZ O CL Q AH EU EX GQ EN FD FQ CA GD ET S AY S GB ET B K
98
B B
G G
I I
L L
M M
P P
O R
T T
U U
V V
X X
Y Y
Z Z
AB AB
AF AF
AG AG
AH AH
AJ AJ
CF AM CF
AN AN
CL AS
AW AW
AX AX
BA BA
BB BB
BE BE
BF BF
BG BG
BI BI
BJ BJ
BL BL
AP BO
BP BP
BZ BQ
BR BR
BX BX
BY BY
CB CB
CE CE
CJ CJ
CK CK
CM CM
H CQ
CT CT
CW CW
CY CY
DB DB
DC DC
DG DG
DH DH
DI DI
DK DK
DP DP
DR DR
DS DS
DV DV
DX DX
DZ DZ
EA EA
EC EC
ED ED
EG EG
EH EH
AY EJ
EK EK GE
EL EL
EM EM
EN EN
EO EO
EQ EQ
EU EU
EV EV
EZ EZ
FD FD
DO FE
CZ FG
FH FH
FI FI
FJ FJ
FM FM
AI FO
FP FP
AU FR
FS FS
FU FU
FV FV
FX FX
FZ FZ
GC GC
GD GD
GF GF
GG GG
GI GI
GJ GJ
GK GK
GL GL
GO GO
GR GR
