0 186 111 140 49 144 62 160 143 116 114 143 10 163 125 8 143 102 175 122 195 132 77 106 19 62 122 61 87 113 199 112 123 108 113 100 92 185 93 69 68 185 159 60 165 135 45 60 154 156 71 51 156 43 51 46 141 194 133 73 103 95 97 174 22 193 74 137 57 74 103 79 36 30 79 47 103 179 87 100 181 89 68 12 150 117 38 41 63 167 94 151 86 94 173 86 56 152 38 53 96 67 24 23 52 124 168 99 44 59 124 7 168 37 41 167 38 81 39 149 145 39 85 146 32 28 162 85 25 33 121 55 33 145 190 47 179 119 176 70 119 17 192 70 136 3 64 31 107 180 184 155 180 31 6 64 18 177 182 164 177 196 157 177 98 105 139 166 189 139 91 131 118 161 84 16 161 26 118 1 161 47 182 197 142 188 104 130 126 42 170 21 142 104 110 172 5 170 83 54 11 20 109 183 187 40 14 72 148 58 72 102 178 13 148 158 88 127 101 78 129 75 191 66 27 48 134 9 48 78 27 101 169 2 171 76 111 49 128 147 138 29 115 50 153 35 90 147 198 82 34 65 198 15 128 120 80 127 4 49
100
1 1
3 3
4 4
5 5
6 6
9 9
11 11
12 12
13 13
16 16
18 18
21 21
23 23
25 25
27 27
29 29
31 31
32 32
33 33
36 36
37 37
38 38
39 39
41 41
44 44
48 48
49 49
51 51
56 56
58 58
59 59
61 61
64 64
65 65
69 69
70 70
73 73
75 75
78 78
79 79
80 80
81 81
82 82
83 83
85 85
86 86
88 88
94 94
96 96
97 97
98 98
99 99
100 100
101 101
102 102
107 107
109 109
111 111
112 112
114 114
118 118
121 121
122 122
124 124
125 125
127 127
128 128
130 130
132 132
133 133
135 135
136 136
140 140
141 141
144 144
146 146
147 147
148 148
149 149
151 151
155 155
156 156
160 160
169 169
172 172
173 173
178 178
179 179
183 183
187 187
188 188
189 189
190 190
191 191
192 192
193 193
194 194
195 195
197 197
199 199
