0 79 83 97 79 85 26 79 74 95 80 14 73 59 35 42 63 66 35 95 12 92 56 33 72 76 55 72 50 20 91 49 64 53 77 10 30 70 88 94 70 90 68 34 47 20 68 5 22 60 32 13 21 11 13 22 99 9 81 10 5 81 69 98 78 15 36 65 98 27 69 38 54 1 87 51 75 41 96 86 67 43 23 89 18 4 89 8 7 77 46 40 71 62 37 24 82 19 61 24 25 28 62 29 67 84 16 45 57 58 48 57 44 3 6 17 93 39 17 45 2 16 29 40 53 1 95 52 74 31
50
0 0
1 1
3 3
5 5
7 7
9 9
10 10
11 11
12 12
13 13
14 14
15 15
16 16
17 17
18 18
19 19
20 20
23 23
25 25
27 27
28 28
29 29
31 31
32 32
36 36
39 39
41 41
49 49
51 51
53 53
54 54
57 57
61 61
62 62
63 63
64 64
67 67
70 70
77 77
83 83
86 86
87 87
88 88
91 91
92 92
93 93
95 95
96 96
97 97
99 99
