msfltdkillnepsteinhd hepsteinsddnfkillmlt nkilltdhlmdepsteinsf fddsepsteinhnlkilltm ddtmkillepsteinflsnh hepsteinsddnfkillmlt lthfkilldnsmepsteind epsteinskilldlndhmtf tfkilllnmsdhepsteind hsdfepsteintlnkilldm ftmnsldepsteinkillhd sltepsteinkillndmdfh epsteinskilldlndhmtf killnsfmhdepsteindtl fdshnmkillepsteinltd flmkillnsepsteinddth killdmnsfhldepsteint dfslntkillmepsteindh mndepsteinftsdkilllh epsteintdkilllnfdhms dfslntkillmepsteindh dhkilllsepsteinmntdf killepsteinlhtfdsmdn epsteinkillmsftnddlh fkillepsteindlhdnsmt stepsteinhkillfmnldd ndkillftdsmepsteinlh slepsteinntkillhddfm dlnsthfmepsteinkilld epsteindfhlmdnskillt fmsepsteindntldhkill tlmsdhdnkillfepstein lsdepsteinfmkillndth slepsteinntkillhddfm fkillepsteindlhdnsmt nltdmsfepsteinkilldh hnfdtmlepsteinkillds nhslfmepsteindtkilld epsteinfthlnmddkills fepsteinhsntddkilllm ddlmnftepsteinhskill dnkillepsteinlshdtfm dhepsteindsnlkillfmt epsteinfsddmthkillnl tlsfdmdepsteinnhkill smfepsteindkillthlnd dmdepsteinnhkilllsft epsteinskillhfdmntdl ftldepsteinkillhsdmn dnfkillsepsteindtlhm hnsdkilllftdmepstein epsteinfsddmthkillnl dmdepsteinnhkilllsft dthepsteinkillmsldfn fshtdepsteinmldnkill dmepsteinfnhltkillsd epsteinkillmsftnddlh dnkillepsteinlshdtfm lmhdtfdepsteinnkills ddepsteinhltfkillsmn nmlfshtdkillepsteind fltsndepsteinmkillhd tsepsteinnmdkillfhld nfdhkilllsmtepsteind dfkilllmtepsteinhdsn tdfepsteinnlhdkillsm epsteinmhndfkilltdls hsdlepsteinmnkilldft hsndepsteindlmtkillf lndsdkilltmepsteinhf tdfepsteinnlhdkillsm tfdmdslepsteinkillnh nfdhkilllsmtepsteind sldnhepsteindftkillm nhkillepsteindmdlsft dmkillshfepsteinltnd nepsteinlmdkilldhfts ntlepsteindmfdshkill hmfnddkillepsteinslt lhsepsteindtdnmkillf lnsmkilltfdepsteindh fhndskillepsteintldm lhsepsteindtdnmkillf dfdkillepsteinslmhnt ntlepsteindmfdshkill killmlepsteindthnfsd killlepsteindndtfhms depsteinnlsfmhtkilld fkillepsteinmldnhstd epsteinkillnmsdhtdlf nepsteinlmdkilldhfts nhkillepsteindmdlsft nmlfshtdkillepsteind killhdfdepsteinsltnm ddepsteinhltfkillsmn nhmkilllsftepsteindd fmdhlepsteinstdnkill tmsdnfdlkillhepstein mftkillepsteinndlhsd lhepsteinkilldtnmfsd tmsdnfdlkillhepstein lkilltndepsteindsmfh fmdhlepsteinstdnkill epsteindlsfdntmkillh dnkillepsteinlshdtfm killepsteinlhtfdsmdn epsteinlshkilldnfdmt flepsteindndhmtkills killdmnsfhldepsteint hkilldfepsteinmdlnts hepsteinnfdmtslkilld shmlepsteinkilldfntd tepsteinddfnlkillhms nfmdkillhdlepsteinst hdepsteinskillldtnfm snfdlkillmtdhepstein hkilldfepsteinmdlnts fdshnmkillepsteinltd killnfsdhltmepsteind tnkillhldsfdepsteinm tmsfnkillldhepsteind killhddfntepsteinlms tmlepsteinsdnfkillhd tmsfnkillldhepsteind killnsfmhdepsteindtl fthddnmlepsteinkills
50
msfltdkillnepsteinhd msfltdkillnepsteinhd
lhepsteinkilldtnmfsd lhepsteinkilldtnmfsd
flepsteindndhmtkills flepsteindndhmtkills
hepsteinsddnfkillmlt hepsteinsddnfkillmlt
fhndskillepsteintldm fhndskillepsteintldm
nepsteinlmdkilldhfts nepsteinlmdkilldhfts
ndkillftdsmepsteinlh ndkillftdsmepsteinlh
ddtmkillepsteinflsnh ddtmkillepsteinflsnh
nltdmsfepsteinkilldh nltdmsfepsteinkilldh
lndsdkilltmepsteinhf lndsdkilltmepsteinhf
lsdepsteinfmkillndth lsdepsteinfmkillndth
killmlepsteindthnfsd killmlepsteindthnfsd
ntlepsteindmfdshkill ntlepsteindmfdshkill
dmepsteinfnhltkillsd dmepsteinfnhltkillsd
tmlepsteinsdnfkillhd tmlepsteinsdnfkillhd
epsteinmhndfkilltdls epsteinmhndfkilltdls
hdepsteinskillldtnfm hdepsteinskillldtnfm
fmsepsteindntldhkill fmsepsteindntldhkill
mftkillepsteinndlhsd mftkillepsteinndlhsd
hnsdkilllftdmepstein hnsdkilllftdmepstein
fshtdepsteinmldnkill fshtdepsteinmldnkill
epsteindlsfdntmkillh epsteindlsfdntmkillh
epsteindfhlmdnskillt epsteindfhlmdnskillt
killdmnsfhldepsteint killdmnsfhldepsteint
depsteinnlsfmhtkilld depsteinnlsfmhtkilld
tlmsdhdnkillfepstein tlmsdhdnkillfepstein
dfkilllmtepsteinhdsn dfkilllmtepsteinhdsn
epsteinskilldlndhmtf epsteinskilldlndhmtf
nfdhkilllsmtepsteind nfdhkilllsmtepsteind
dhkilllsepsteinmntdf dhkilllsepsteinmntdf
nkilltdhlmdepsteinsf nkilltdhlmdepsteinsf
hsndepsteindlmtkillf hsndepsteindlmtkillf
epsteinlshkilldnfdmt epsteinlshkilldnfdmt
dnkillepsteinlshdtfm dnkillepsteinlshdtfm
lmhdtfdepsteinnkills lmhdtfdepsteinnkills
dhepsteindsnlkillfmt dhepsteindsnlkillfmt
fdshnmkillepsteinltd fdshnmkillepsteinltd
killnsfmhdepsteindtl killnsfmhdepsteindtl
tlsfdmdepsteinnhkill tlsfdmdepsteinnhkill
epsteinkillmsftnddlh epsteinkillmsftnddlh
stepsteinhkillfmnldd stepsteinhkillfmnldd
hnfdtmlepsteinkillds hnfdtmlepsteinkillds
fepsteinhsntddkilllm fepsteinhsntddkilllm
killepsteinlhtfdsmdn killepsteinlhtfdsmdn
epsteintdkilllnfdhms epsteintdkilllnfdhms
hsdfepsteintlnkilldm hsdfepsteintlnkilldm
dlnsthfmepsteinkilld dlnsthfmepsteinkilld
ddlmnftepsteinhskill ddlmnftepsteinhskill
lnsmkilltfdepsteindh lnsmkilltfdepsteindh
nhmkilllsftepsteindd nhmkilllsftepsteindd
