00 10 20 21 12 20 30 41 40 67 69 70 71 68 70 62 54 59 61 58 66 56 57 58 56 53 51 55 52 51 50 53 54 63 97 92 96 99 95 96 98 94 93 92 91 90 63 64 72 73 85 74 89 87 86 74 75 76 80 77 82 81 76 77 78 83 79 78 65 63 72 84 88 01 11 62 60 00 13 24 31 25 26 43 33 34 24 25 35 27 18 19 09 08 17 16 07 08 18 29 28 36 44 46 47 45 46 36 37 38 39 28 38 48 49 42 32 22 23 24 15 06 05 04 14 03 13 02 01
29
06 06
26 26
31 31
37 37
48 48
50 50
53 53
54 54
56 56
59 59
60 60
64 64
65 65
66 66
67 67
68 68
69 69
78 78
79 79
80 80
81 81
83 83
85 85
86 86
88 88
89 89
91 91
96 96
97 97
