149 100 105 109 105 108 145 146 148 147 145 114 118 115 117 126 122 123 124 121 125 140 125 121 122 126 117 116 107 100 149 060 062 054 053 054 062 070 069 067 070 071 070 062 054 053 056 053 054 063 072 084 072 073 085 074 086 087 086 074 075 076 077 078 077 076 077 078 079 063 090 091 092 097 096 098 094 093 092 097 090 063 054 053 056 053 051 050 053 054 062 060 149 000 010 020 030 040 041 030 020 021 012 002 001 000 149 100 101 102 103 101 100 149 000 001 002 013 024 025 026 016 017 008 009 019 018 029 028 038 048 047 046 036 037 038 028 029 018 027 035 025 024 034 033 043 042 032 022 023 024 025 024 015 006 005 004 014 013 002 001 000 149
31
006 006
140 142
026 026
024 031
037 037
048 048
050 050
053 053
054 054 059
056 056 066
060 060
063 064 065
067 067
071 068
069 069
078 078 083
079 079
076 080 081
085 085
086 086
084 088
087 089
091 091
096 096
097 097
103 103
102 104
109 111
115 115
123 123
126 126
