start loc17 start loc25 start loc1 loc4 loc5 loc22 loc5 loc6 loc7 loc8 loc9 loc18 loc9 loc10 loc11 loc10 loc20 loc19 loc10 loc9 loc8 loc7 loc6 loc5 loc4 loc13 loc4 loc12 loc21 loc12 loc4 loc1 loc16 loc1 loc2 loc15 loc24 loc15 loc14 loc23 loc14 loc23 loc14 loc2 loc1 start
19
loc1 home1
loc4 home2 home19
loc21 home3
loc14 home4
loc15 home5
loc19 home6 home23 home24
loc18 home7
loc16 home8
loc11 home9
loc17 home10
loc8 home11
loc5 home12
loc22 home13
loc23 home14 home15
loc24 home16
loc25 home17 home18
loc12 home20
loc13 home21
loc20 home22
