FortCollins GulfportBiloxi Cincinnati FortCollins Harlingen Arlington FortCollins Elizabeth Akron FortCollins Elkhart Champaign Cincinnati Bakersfield CorpusChristi Marina JohnsonCity Bloomington ColoradoSprings ChulaVista Howell Flint DalyCity Durham Fitchburg Asheville Escondido BelAir LittleRock Huntington Greensboro DalyCity Houston Fresno Houston Beaumont Bethlehem Howell Lubbock Louisville Deltona ChulaVista ColoradoSprings Layton LasVegas Kennewick Cleveland LasVegas Greenville Boston Chandler Anaheim Kennewick ElPaso CollegeStation Fullerton KansasCity FortWorth Berkeley DavidsonCounty Canton KansasCity CapeCoral Austin LasVegas Downey Carrollton Fullerton JerseyCity Lexington Jackson Laredo GardenGrove CollegeStation Boise Laredo Lakewood Lafayette Hampton Frederick Carrollton Laredo CoralSprings Birmingham Macon Albany Lorain CedarRapids Bryan HighPoint Hialeah Bryan Albany Kaneohe Fairfield Lancaster Anchorage Killeen LongBeach Gainesville Killeen LasCruces Joliet Fairfield FortWayne Layton Bloomington Boston GreenBay DesMoines Lansing Inglewood Hickory Arvada Fargo Charleston Boulder Baltimore BonitaSprings Charleston Baltimore Hayward Hartford Aurora Lakeland Bellevue Independence ClarkeCounty Aurora Dallas LosAngeles Jefferson Marysville Cambridge Gastonia Fremont ElkGrove Irvine HavredeGrace Burbank Cambridge Honolulu ElkGrove Harrisburg Fontana GulfportBiloxi Hollywood Buffalo Cambridge BatonRouge Jefferson Columbus Dallas Clarksville Bradenton Bridgeport McAllen Chicago Clearwater Evansville Concord Clearwater Lewisville Cary Irving Lacey Detroit Corona Brighton Huntsville HuntingtonBeach Manchester Eugene BoiseCity HuntingtonBeach Henderson Bremerton Grayslake Denton Bremerton Allentown Corona AppleValley Kissimmee Amarillo Alexandria Kissimmee FortWaltonBeach FortSmith Lowell DaytonaBeach LakeCharles Chattanooga Burlington Kailua GrandRapids Garland Burlington Indianapolis Albuquerque Davenport DaytonaBeach Arvada Erie Athens Hagerstown CathedralCity Leominster Arvada FortSmith Arvada Glendale Columbia Barnstable Fayetteville Houma Madison Kennewick Jacksonville Charlotte AtlanticCity Jacksonville Gilbert Kenosha Barnstable Brownsville Fayetteville Appleton Kenosha Dayton Augusta Fairfield Hemet Knoxville Harlingen FortCollins
94
Barnstable Aberdeen Barnstable
Greensboro Abilene
Akron Akron
Albuquerque Albuquerque
Alexandria Alexandria
Allentown Allentown
Amarillo Amarillo
Anaheim Anaheim
Anchorage Anchorage
CorpusChristi AnnArbor
AppleValley AppleValley
Appleton Appleton
Arvada Arvada
Manchester Atlanta Manchester
Augusta Augusta
Austin Austin
Bakersfield Bakersfield
Baltimore Baltimore
Beaumont Beaumont
Bellevue Bellevue
Berkeley Berkeley ElMonte
Bethlehem Bethlehem
Boise Boise
BoiseCity BoiseCity
BonitaSprings BonitaSprings
Bradenton Bradenton
Bremerton Bremerton
Brighton Brighton
Brownsville Brownsville
Burbank Burbank
CapeCoral CapeCoral
Carrollton Carrollton
Cary Cary
CedarRapids CedarRapids
Champaign Champaign
Chandler Chandler
Chicago Chicago
Cleveland Cleveland
CollegeStation CollegeStation
ColoradoSprings ColoradoSprings
Dallas Dallas
DalyCity DalyCity
Evansville Danbury Evansville
DavidsonCounty DavidsonCounty
Layton Denver Layton
DesMoines DesMoines
Detroit Detroit
ElPaso ElPaso
Elizabeth Elizabeth
Elkhart Elkhart
Erie Erie
Eugene Eugene
Fairfield Fairfield
Fargo Fargo
Fayetteville Fayetteville
Fontana Fontana
FortCollins FortCollins
FortWaltonBeach FortWaltonBeach
Frederick Frederick
Fremont Fremont
Fresno Fresno Kalamazoo
Garland Garland
Gilbert Gilbert
GrandRapids GrandRapids
Grayslake Grayslake
Hampton Hampton
Harlingen Harlingen
Harrisburg Harrisburg
Hemet Hemet
Henderson Henderson
Hickory Hickory
Hollywood Hollywood
Houston Houston
Independence Independence
Indianapolis Indianapolis
Inglewood Inglewood
Irvine Irvine
Irving Irving
Jacksonville Jacksonville
Jefferson Jefferson
Joliet Joliet
Kennewick Kennewick
Knoxville Knoxville
Lacey Lacey
Lafayette Lafayette
Lakeland Lakeland
Lakewood Lakewood
Lancaster Lancaster
LasCruces LasCruces
Leominster Leominster
LittleRock LittleRock
Lorain Lorain
Louisville Louisville
Lubbock Lubbock
