BatonRouge Bellevue Bloomington Brownsville Bridgeport Beaumont Bryan Birmingham AnnArbor Brownsville Anchorage Bellevue BatonRouge Boise Arvada Alexandria Antioch Arvada Alexandria Austin Athens Abilene Bremerton Albuquerque Augusta Bethlehem Albany Augusta Akron Aurora Aberdeen BonitaSprings Amarillo Anaheim BoiseCity Aberdeen Arlington Aurora Appleton Allentown Bremerton Boston Albuquerque Baltimore Barnstable Berkeley Atlanta AppleValley Baltimore Asheville Burbank Bellevue Bloomington Buffalo AtlanticCity BelAir Burbank Bellevue Bradenton Bellevue BatonRouge
23
Aberdeen Aberdeen
Abilene Abilene
Albany Albany
Albuquerque Albuquerque Boulder
Amarillo Amarillo
Anchorage Anchorage
AnnArbor AnnArbor
Arvada Arvada
Atlanta Atlanta
AtlanticCity AtlanticCity
Aurora Aurora
Barnstable Barnstable
BatonRouge BatonRouge
Beaumont Beaumont
Berkeley Berkeley
Bethlehem Bethlehem
Birmingham Birmingham
BoiseCity BoiseCity
Boston Boston
Bradenton Bradenton Cambridge
Bryan Bryan
Buffalo Buffalo
Burbank Burbank
