CorpusChristi Birmingham Erie Bridgeport Chicago ColoradoSprings DavidsonCounty ChulaVista Athens Bremerton Denton Chicago ColoradoSprings DavidsonCounty Danbury Dayton Dallas Danbury BoiseCity Cleveland BoiseCity Billings DaytonaBeach Baltimore BoiseCity Bellevue Clearwater Boulder CollegeStation Barnstable Boulder Clearwater Bradenton Canton CathedralCity Anaheim Champaign Elkhart Anchorage BelAir Birmingham Anchorage Carrollton Buffalo Cambridge Bloomington Buffalo Columbia Canton Bradenton Charleston Canton Boston Albany Deltona Anchorage Davenport Clarksville Chattanooga Boise Duluth Abilene Chattanooga Escondido Aurora Arlington Augusta BatonRouge Chesapeake Beaumont Detroit CostaMesa Bethlehem Detroit Austin Asheville BatonRouge Allentown Augusta Cincinnati Amarillo Boise Chattanooga AtlanticCity Bellevue Clearwater Charlotte Corona Bryan Charlotte Berkeley AnnArbor Columbus Albuquerque Berkeley Arvada Antioch Dayton BonitaSprings CedarRapids Burbank Alexandria CedarRapids Cary ElPaso Akron Aberdeen Concord Akron DalyCity ClarkeCounty CoralSprings Akron ElPaso CorpusChristi
46
Akron Akron
Albuquerque Albuquerque
Alexandria Alexandria
Amarillo Amarillo
Anaheim Anaheim
DavidsonCounty AppleValley
Chicago Appleton Chicago
Arvada Arvada
Asheville Asheville
Augusta Augusta
Austin Austin
Beaumont Beaumont
BelAir BelAir
Bloomington Bloomington
BoiseCity BoiseCity
BonitaSprings BonitaSprings
Boulder Boulder
Bremerton Bremerton
Bridgeport Bridgeport
Cleveland Brownsville
Bryan Bryan
Canton Canton
CorpusChristi CapeCoral CorpusChristi Downey
Carrollton Carrollton
CathedralCity CathedralCity
Champaign Champaign
ChulaVista Chandler
Charleston Charleston
Chattanooga Chattanooga
Cincinnati Cincinnati
Clearwater Clearwater
ColoradoSprings ColoradoSprings
Columbia Columbia
Columbus Columbus
Dallas Dallas
DalyCity DalyCity
Danbury Danbury
Davenport Davenport
Deltona Deltona
Denton Denton
Burbank Denver ElMonte
Chesapeake Durham
ElPaso ElPaso
Buffalo Elizabeth
Elkhart Elkhart
Escondido Escondido
