152 75 153 50 184 7 14 187 156 45 160 159 53 82 69 82 102 181 125 54 115 129 58 1 156 112 22 129 25 77 129 118 61 45 124 120 108 136 93 98 72 93 136 103 74 108 89 60 3 74 21 74 166 64 0 62 29 49 46 39 136 108 8 187 14 96 85 14 7 184 179 119 101 139 36 169 140 169 142 36 139 65 110 171 68 66 6 162 97 162 157 106 162 6 144 65 119 179 0 154 78 123 40 170 146 170 123 78 154 51 23 123 67 17 20 67 7 179 0 95 0 154 51 88 130 180 16 52 107 41 24 173 24 163 91 150 149 41 26 71 135 26 41 133 116 147 84 161 4 131 113 48 182 5 113 4 161 56 84 147 116 165 134 10 165 114 32 43 116 90 133 41 24 143 151 42 13 38 63 11 38 13 94 173 24 149 33 43 19 79 83 145 62 155 121 70 155 176 186 127 80 186 12 104 24 9 183 185 111 185 167 183 50 75 152
66
0 0
130 130
154 2
5 5
134 134
136 136
9 9
8 8
139 139
12 12
13 13
142 142 28
143 143
144 144
145 145
149 149
151 151
153 153
97 27 97
157 157
146 31
163 163
95 35 95
49 37
165 165
166 166 81
111 168 111
169 169
170 170
41 41
51 172 51
45 45
171 171
160 175
42 42
50 50
180 180
53 53
182 182
183 183
56 56
184 184
58 58
181 181
60 60
54 54
38 38
65 65
66 66
21 73 92
75 75
78 78
79 79
85 85
36 87
89 89
90 90
94 94
96 96
101 101
140 105
112 112
113 113
116 116
121 121
69 126
