location0 location113 location116 location161 location116 location86 location77 location116 location5 location181 location168 location79 location180 location79 location147 location79 location75 location153 location184 location71 location184 location153 location137 location174 location198 location172 location14 location75 location32 location104 location130 location51 location18 location142 location128 location188 location128 location104 location76 location104 location32 location109 location144 location109 location32 location81 location134 location92 location182 location92 location196 location90 location2 location177 location28 location73 location177 location53 location92 location114 location60 location36 location7 location147 location62 location92 location134 location63 location199 location83 location151 location165 location185 location165 location156 location165 location151 location83 location199 location63 location66 location190 location59 location56 location163 location30 location192 location23 location4 location163 location30 location40 location165 location155 location125 location165 location178 location54 location63 location44 location193 location61 location149 location183 location42 location1 location175 location99 location123 location99 location175 location105 location128 location46 location69 location194 location97 location157 location146 location92 location173 location38 location41 location97 location99 location123 location95 location123 location140 location179 location72 location138 location59 location98 location19 location126 location88 location126 location19 location98 location59 location138 location58 location142 location87 location118 location89 location176 location83 location160 location3 location89 location59 location186 location33 location159 location135 location55 location106 location79 location67 location142 location158 location142 location113 location0
65
location0 location0
location2 location2
location3 location3
location79 location6 location9 location64 location79 location96 location119
location63 location11
location188 location12 location24 location143 location188
location88 location15 location88
location4 location17
location126 location21 location139
location23 location23 location27
location28 location28
location59 location34 location59 location167
location185 location37
location38 location38
location158 location39 location158
location144 location45 location144
location46 location46
location14 location47
location182 location52
location54 location54
location55 location55
location60 location60
location177 location68 location177 location187
location71 location71 location132
location72 location72 location136
location76 location76 location111
location86 location86
location89 location89
location90 location90
location149 location91 location149
location92 location92 location170
location98 location98
location99 location99
location116 location103
location105 location105
location156 location107
location109 location109
location114 location114
location123 location115 location121
location147 location117
location142 location120 location142
location161 location122 location161
location125 location125
location130 location130
location95 location131
location134 location134
location135 location135
location137 location137
location140 location140
location151 location151
location155 location155 location162
location157 location157
location159 location159
location163 location163
location180 location164 location180
location172 location172
location174 location174
location175 location175
location176 location176
location181 location181
location97 location189
location192 location192
location194 location194
location40 location197
location199 location199
