UOF89 MXST9 RQZSX DQTJ3 GNMDA PGY5W T5W7D JXXUO RQZSX 45DYM VMBKR 1P1UA IY314 TH1G8 N6XF7 MV8NN GMOBL NV2VY 0JUN2 S1W7I YUMDY C821A N6XF7 MXX55 TH1G8 QQ4SP EI5ZM BXL4N F8JE7 YGEXQ KKZKB QQ4SP 45DYM VMBKR HYEF7 RQZSX OLSL2 SXCXT 8D0H4 OLSL2 O2XJ9 SXCXT 2WIJP ZCU97 SKA5V TC4MB N33WE PN6N5 TC4MB 49CGM XOPIR FOXDK SZKKG XOPIR HMYFI ZCU97 DYG9M SKA5V 2WIJP KU8EX Z6GW2 KPNHM MOOJF 1HTOE KPNHM KU8EX UOF89
25
KPNHM KPNHM
SZKKG SZKKG
S1W7I S1W7I
8D0H4 8D0H4
IY314 IY314
NV2VY NV2VY
DYG9M DYG9M
SXCXT SXCXT
SKA5V SKA5V
GNMDA GNMDA
JXXUO JXXUO
T5W7D T5W7D
49CGM 49CGM
0JUN2 0JUN2
TC4MB TC4MB
Z6GW2 Z6GW2
N6XF7 N6XF7
ZCU97 ZCU97
EI5ZM EI5ZM
MXST9 MXST9
MXX55 MXX55
1P1UA 1P1UA
FOXDK FOXDK
XOPIR XOPIR
YGEXQ YGEXQ
