fab8g f5Qx2 QxiXc Gt2w1 f5Qx2 Q0oXi TjmY2 f5Qx2 zgyDJ 9u8oD dAx9s zgyDJ n9AEE UrLSh zgyDJ 1SvIs 2Z0oU zgyDJ NQJeb c17Qf zgyDJ IOMJd Lqz0g zgyDJ VIl39 3XMfZ zgyDJ tB1i9 Gt2w1 Flgse HigE0 zgyDJ UnQrq 0SCRq F7m3U VUKiE zgyDJ 0YoJb 77EXR zgyDJ f5Qx2 4Dy05 pnHil U8evV 7ZD2v pnHil BWyM2 cDkiZ pnHil cm8oa Upoa8 pnHil 4Dy05 eDWES aiycm 4Dy05 8tK4L gc3GT 4Dy05 8PY0r dRMou 4Dy05 tEdSo a0yqa 4Dy05 6iHOa 1SXiN 4Dy05 pesnn rmi3m 4Dy05 EEBHE TQZik 4Dy05 GHmnJ o4F0A 4Dy05 1xx4U ZlgGe 4Dy05 DHhK9 LEdo3 4Dy05 p3t9G B3NSd 4Dy05 yM9nQ bSoeD 4Dy05 1bOlM vonuO 4Dy05 9ZatH RgC1Q 4Dy05 RnwlC HPcVt 4Dy05 KBkC3 H6HgM 7J90B h8sUC H6HgM 3qT0X lJfgZ H6HgM x8KLa Pl36F H6HgM KB016 HZ0mP H6HgM K6Wkq kCdcu H6HgM HKgVO qchZ3 H6HgM 015ql bepE0 H6HgM fr0Bd rO2GE H6HgM nScgp 4cLlE H6HgM 1pNjr tcyH9 cQMFl I7fCS 4Dy05 wPPZK 4Dy05 5Ix1v f5Qx2 BXKN1 yLjxK f5Qx2 guI5B hbrXC f5Qx2 wKKkJ zkkNw f5Qx2 fab8g
61
H6HgM H6HgM rzyrR g1WJz G91ym HaHFT Vjk2Z lJJK2 BJ1iC uQK8T CT8M8 L54Jg XDGuI TtUXd obqW1 BybTG
f5Qx2 f5Qx2 4GEPG iy8Ty tQXF5
VUKiE VUKiE
cQMFl cQMFl
Gt2w1 Gt2w1 1OpM2
RgC1Q RgC1Q
3XMfZ 3XMfZ
9ZatH 9ZatH
Lqz0g Lqz0g
bepE0 bepE0
B3NSd B3NSd
77EXR mgHYN Bw1D7
wPPZK 3FUsL
ZlgGe ZlgGe
fab8g fab8g
Flgse Flgse
4Dy05 ciJ7c RhMSo KzS0e G944F PpZP8 gwQSf b4E7v lcarA AGorf 4b2sA
yM9nQ yM9nQ
F7m3U F7m3U
o4F0A o4F0A
pnHil sF84c bD2TR O1QPI l0HDP
nScgp nScgp
cm8oa cm8oa
cDkiZ cDkiZ
I7fCS KWmhW FW6DI
zgyDJ wiGnS Nbb6U fhc2k LBzlR 8xyrX adW6k P5ucv nRTkO
BWyM2 BWyM2
qchZ3 qchZ3
kCdcu kCdcu
RnwlC RnwlC
TQZik TQZik
wKKkJ wKKkJ
c17Qf c17Qf
Q0oXi Q0oXi
lJfgZ lJfgZ
2Z0oU 2Z0oU
KB016 KB016
015ql 015ql
tEdSo tEdSo
1xx4U 1xx4U
VIl39 VIl39
1SvIs 1SvIs
fr0Bd fr0Bd
HKgVO HKgVO
n9AEE n9AEE
dAx9s dAx9s
Upoa8 4ORRk
0YoJb 0YoJb
aiycm aiycm
8tK4L 8tK4L
7J90B 7J90B
GHmnJ GHmnJ
DHhK9 DHhK9
x8KLa x8KLa
guI5B guI5B
eDWES eDWES
pesnn pesnn
1pNjr 1pNjr
9u8oD 9u8oD
8PY0r 8PY0r
5Ix1v 5Ix1v
