29Bwa I2lfX di7h7 YTtfA X6hJp qUtyk YTtfA Iks3D XmtJy YTtfA hOy4D g95ez YTtfA Cfmbw yMPWG jQ7g0 C565q uT5W0 OFvld C565q uWr4y 2Fhi4 C565q LNh60 F2nEN ZPM4o 3iQ53 GHZOS Ib5xu ZPM4o C565q yMPWG YTtfA KYsbm xyghb YTtfA cy4fm 7uKJ4 29Bwa 5rdYI 9ZyoJ 29Bwa JrJcE C14Q6 29Bwa cRVnK IjjWK 29Bwa RrouS yFKGt 29Bwa me1sW jtJls 29Bwa jLZgo SAUL4 29Bwa zQjQm 1H2uK 8yfOn k9NwV NvAYI EWhpw S6OMl NvAYI FnVf8 6ceXl NvAYI FkLYM OoKEI mQvLs mY2cU OoKEI NvAYI 4gH6P wdXpe w4BF1 8RNd8 wdXpe NvAYI P3lE7 AWuA9 EZzdy BnM1k AWuA9 gCujL 27qFp AWuA9 jse5F Xhpv3 AWuA9 gk2cW nogr2 AWuA9 NvAYI 1H2uK 8aYYW 59AZY Dkq13 7XIxZ C0eRL TXvJf 7XIxZ hQThM BoNoJ 7XIxZ Vjg5l kbRYl 7XIxZ O9k9o GX9Mz 7XIxZ qt5AA u4uj9 7XIxZ di7h7 29Bwa tao9t dwc7b vSPJ5 LdsTN dwc7b IjTCu kjpV4 dwc7b 29Bwa 1H2uK 19YKC dU1Ub DCl5F 7Lw2B P8Fbf rUUVt 7Lw2B Ss744 G6G4p lA2MC Ss744 luD6b zTyzX Ss744 61loU 7l0Vw Ss744
50
7XIxZ 7XIxZ
NvAYI NvAYI
C565q C565q
1H2uK 1H2uK
wdXpe wdXpe
OoKEI OoKEI
di7h7 di7h7
yMPWG yMPWG
tao9t tao9t
6ceXl 6ceXl
KYsbm KYsbm
nogr2 nogr2
Xhpv3 Xhpv3
19YKC 19YKC
yFKGt yFKGt
OFvld OFvld
8RNd8 8RNd8
8aYYW 8aYYW
7l0Vw 7l0Vw
EWhpw EWhpw
F2nEN F2nEN
IjjWK IjjWK
kbRYl kbRYl
P3lE7 P3lE7
BoNoJ BoNoJ
qt5AA qt5AA
dU1Ub dU1Ub
w4BF1 w4BF1
Iks3D Iks3D
uWr4y uWr4y
lA2MC lA2MC
hOy4D hOy4D
LNh60 LNh60
G6G4p G6G4p
DCl5F DCl5F
FnVf8 FnVf8
3iQ53 3iQ53
Vjg5l Vjg5l
gk2cW gk2cW
uT5W0 uT5W0
GHZOS GHZOS
C0eRL C0eRL
5rdYI 5rdYI
jse5F jse5F
zQjQm zQjQm
rUUVt rUUVt
P8Fbf P8Fbf
X6hJp X6hJp
Cfmbw Cfmbw
vSPJ5 vSPJ5
