0 70 34 71 3 0 99 94 95 63 62 25 63 2 17 82 83 37 12 47 82 2 21 68 79 78 48 46 76 77 43 46 13 98 67 40 66 97 38 13 67 49 44 16 93 61 28 93 60 81 42 80 19 8 61 6 8 43 23 69 21 23 89 54 36 55 90 14 36 15 58 10 29 92 10 59 15 53 30 35 84 85 26 96 65 26 64 35 74 75 24 39 11 24 45 73 72 41 87 51 33 50 22 4 50 86 32 9 27 56 57 9 56 91 31 18 20 7 18 41 45 35 5 52 30 88 1 30 84
49
50 50
51 51
52 52
53 53
54 54
55 55
56 56
57 57
58 58
59 59
60 60
61 61
62 62
63 63
64 64
65 65
66 66
67 67
68 68
69 69
70 70
71 71
72 72
73 73
74 74
75 75
76 76
77 77
78 78
79 79
80 80
81 81
82 82
83 83
84 84
85 85
86 86
87 87
88 88
89 89
90 90
91 91
92 92
93 93
94 94
95 95
96 96
97 97
98 98
