0 92 45 197 198 152 51 11 79 66 91 133 185 33 179 180 125 97 56 95 130 183 49 100 163 164 15 144 60 64 35 113 35 112 113 35 68 92 159 5 192 191 192 143 60 65 30 189 139 96 140 96 139 189 30 166 165 103 59 103 104 30 65 1 43 101 44 136 187 136 85 67 2 88 148 195 196 23 118 50 118 23 196 149 88 2 88 149 196 23 109 110 17 110 109 21 12 178 122 94 121 94 122 178 12 21 154 93 14 116 25 115 25 116 25 116 14 86 53 10 56 42 95 131 184 20 24 107 168 107 31 78 91 66 79 41 181 127 77 127 181 182 128 77 33 74 83 57 18 147 80 147 32 193 194 146 80 146 194 27 194 146 80 147 18 161 0
78
100 100
101 101
43 102
103 103
104 104
59 105
31 106 108
107 107
109 109 169
110 110 170
17 111
112 112 171
113 113 172
35 114
115 115 173
116 116 174
25 117
118 118 175
50 119 120
121 121 177
122 122
94 123
97 124 126
125 125
127 127
128 128
77 129
130 130
131 131
95 132
133 133
91 134 135
136 136
85 137 138
139 139
140 140 190
96 141
191 142 191
143 143
144 144
80 145
146 146
147 147
148 148
149 149
88 150
51 151 153
152 152
154 154
93 155 156
92 157 158
159 159
161 160 161
0 162
163 163
164 164
165 165
166 166
168 167 168
2 176
178 178
179 179
180 180
181 181
182 182
183 183
184 184
185 185
33 186
187 187 188
189 189
192 192
193 193
194 194
195 195
196 196
197 197
198 198
