0 2 5 50 24 47 95 23 47 96 99 49 24 11 48 97 98 48 23 11 5 12 53 26 54 52 25 26 12 25 51 27 56 55 27 13 6 58 28 59 29 30 62 14 30 61 60 29 14 6 2 13 28 57 64 31 63 15 31 32 66 65 32 15 7 33 68 34 70 69 34 16 67 33 16 7 3 17 36 74 73 36 71 35 17 8 35 72 38 78 77 38 18 37 75 76 37 1 4 9 19 39 80 79 39 40 81 82 40 19 20 41 84 83 41 85 42 20 9 42 86 88 43 87 21 44 90 89 44 93 46 94 22 46 45 92 91 45 22 10 43 21 10 4 18 8 3 1
50
50 50
51 51
52 52
53 53
54 54
55 55
56 56
57 57
58 58
59 59
60 60
61 61
62 62
63 63
64 64
65 65
66 66
67 67
68 68
69 69
70 70
71 71
72 72
73 73
74 74
75 75
76 76
77 77
78 78
79 79
80 80
81 81
82 82
83 83
84 84
85 85
86 86
87 87
88 88
89 89
90 90
91 91
92 92
93 93
94 94
95 95
96 96
97 97
98 98
99 99
