0 1 7 16 33 138 68 67 136 135 67 33 68 137 92 186 185 92 45 183 91 184 3 8 144 71 74 150 36 73 148 147 73 143 71 35 145 72 35 17 36 74 149 156 77 155 38 77 157 78 158 153 76 151 75 154 76 37 152 75 37 18 78 38 18 8 17 72 146 139 69 70 141 142 70 34 140 69 34 16 188 93 187 10 21 89 179 180 89 44 177 88 87 175 43 88 178 90 181 182 90 44 21 43 87 176 85 172 171 85 42 173 86 174 83 168 167 83 41 84 170 169 84 20 41 86 42 20 9 39 79 159 160 79 163 81 164 82 166 165 82 40 80 161 162 80 39 19 81 40 19 9 4 91 45 22 93 46 189 94 129 64 130 127 63 64 31 128 63 31 15 65 132 32 66 134 133 66 131 65 32 15 7 3 1 4 10 22 46 94 190 118 58 117 28 58 195 97 98 197 48 98 198 196 97 48 23 47 96 194 193 96 51 104 25 51 103 95 192 191 95 47 24 49 199 99 49 100 14 30 125 62 123 61 124 126 62 30 61 27 56 114 113 56 57 115 116 57 28 13 55 111 112 55 27 13 6 29 60 121 122 60 59 119 120 59 29 14 6 2 102 50 24 11 23 5 11 50 101 26 54 110 109 54 53 107 108 53 26 12 52 105 106 52 25 12 5 2
100
100 100
101 101
102 102
103 103
104 104
105 105
106 106
107 107
108 108
109 109
110 110
111 111
112 112
113 113
114 114
115 115
116 116
117 117
118 118
119 119
120 120
121 121
122 122
123 123
124 124
125 125
126 126
127 127
128 128
129 129
130 130
131 131
132 132
133 133
134 134
135 135
136 136
137 137
138 138
139 139
140 140
141 141
142 142
143 143
144 144
145 145
146 146
147 147
148 148
149 149
150 150
151 151
152 152
153 153
154 154
155 155
156 156
157 157
158 158
159 159
160 160
161 161
162 162
163 163
164 164
165 165
166 166
167 167
168 168
169 169
170 170
171 171
172 172
173 173
174 174
175 175
176 176
177 177
178 178
179 179
180 180
181 181
182 182
183 183
184 184
185 185
186 186
187 187
188 188
189 189
190 190
191 191
192 192
193 193
194 194
195 195
196 196
197 197
198 198
199 199
