0 97 91 87 83 98 2 4 1 96 71 35 92 84 43 15 42 99 64 42 54 47 42 51 46 42 48 85 16 82 81 90 69 81 68 66 81 62 60 81 70 49 59 56 49 55 53 49 74 52 49 38 57 61 79 77 58 81 63 34 49 81 75 67 24 88 89 76 78 80 16 44 42 45 27 29 39 40 18 73 30 23 28 31 50 32 26 41 19 36 37 65 12 8 13 14 33 20 11 9 17 21 25 10 3 5 7 93 6 45 22 86 72 94 95
50
6 6
7 7
15 15
16 16
20 20
24 24
34 34
36 36
38 38
42 42
44 44
45 45
46 46
47 47
48 48
49 49
51 51
52 52
53 53
54 54
55 55
56 56
57 57
58 58
59 59
60 60
61 61
62 62
63 63
64 64
66 66
67 67
68 68
69 69
70 70
74 74
75 75
76 76
77 77
78 78
79 79
80 80
81 81
82 82
85 85
88 88
89 89
90 90
94 94
99 99
