0 164 160 0 146 136 0 159 131 0 148 126 0 134 124 0 123 118 0 130 106 0 135 101 0 128 95 0 140 93 0 155 91 0 162 89 0 151 86 0 72 70 0 141 63 0 156 62 0 107 47 0 99 42 0 64 39 0 152 35 0 68 32 0 115 28 0 157 26 0 79 25 0 38 17 0 61 12 77 2 165 142 2 102 60 2 90 52 2 71 43 2 109 40 2 56 30 2 87 29 2 96 27 2 58 24 2 51 18 2 153 14 2 45 132 10 2 12 0 15 88 80 15 11 84 120 9 0 133 8 144 137 8 0 54 74 5 154 1 150 127 1 139 113 1 129 110 1 122 108 1 103 94 1 112 66 1 119 65 1 83 55 1 125 53 1 100 50 1 116 46 1 69 44 1 73 36 1 138 34 1 117 31 1 78 23 1 149 22 1 92 21 1 147 16 1 5 81 121 3 48 4 158 111 4 145 33 7 104 19 7 4 161 75 3 114 59 3 143 57 3 85 49 3 98 37 3 67 20 3 163 13 3 4 1 6 105 82 6 97 76 6 166 41 6
74
2 2
3 3
4 4
6 6
7 7
9 9
11 11
12 12
13 13
15 15
16 16
18 18
20 20
21 21
23 23
25 25
27 27
29 29
31 31
32 32
34 34
35 35
36 36
37 37
39 39
41 41
42 42
44 44
45 45
46 46
48 48
49 49
51 51
52 52
54 54
55 55
57 57
58 58
60 60
61 61
62 62
63 63
65 65
67 67
69 69
70 70
71 71
72 72
73 73
75 75
77 77
79 79
80 80
81 81
83 83
85 85
87 87
89 89
90 90
92 92
93 93
94 94
96 96
98 98
99 99
100 100
102 102
103 103
104 104
106 106
107 107
108 108
110 110
112 112
