Soda ClarkKerr MainStacks Soda LakeMerrit GBC Soda GoldenStatePark Doe Soda Cory BWW LiKaShing Soda Wellman MemorialGlade Soda Unit1 Campbell Soda Sproul Campanille Soda Davis Soda Stanley MLK Etcheverry Unit2 RSF Etcheverry Dwinelle Hertz Bechtel Dwinelle Cory Soda
18
Doe Doe
Dwinelle Wheeler MemorialStadium Morgan Mulford BC TheRoof
Davis Stephans Blackwell
Cory Haas
Hertz Hertz
Soda Barrows Unit3 Foothill
RSF RSF
Sproul Sproul
GBC GBC
MLK MLK
BWW BWW
MainStacks MainStacks
Wellman Wellman
Unit1 Unit1
Unit2 Unit2
ClarkKerr ClarkKerr
LakeMerrit LakeMerrit
GoldenStatePark GoldenStatePark
