Soda ElGrullo Pomona Soda DKingGallery Gregoire Soda Venus BerkeleyHillel Soda Whittier Hillside Soda Jalisco BotanicalGardens Soda Myto ICSI Soda Rochdale EthnicStudiesLibrary Soda Moses OaklandArena Soda Griffiths Fruitvale Soda BerkeleyMarina ClarkKerr Soda CasaLatina BC Soda MemorialStadium BWW Soda MainStacks MLK Soda Richmond MemorialGlade Soda Upland Latimer Soda Sibley Dwinelle CREAM Guadalajara Dwinelle CafeTibet BayStreet Dwinelle AlphaCentauri SigmaKappa Dwinelle Tuhuamixtel SatherGate Dwinelle DeltaDelta Martinez Dwinelle ThetaChi MiningCircle Dwinelle Kips TheRoof Dwinelle Riverside Foothill Dwinelle Alcatraz Blackwell Dwinelle VictoryPoint Campanille Dwinelle SanDiego Evans Dwinelle Bechtel LiKaShing Chino Davis Rockridge Mulford Davis Tuxcacuesco NorthGate Davis Soda Etcheverry Ehrman TildenPark Etcheverry PaloAlto DowntTownBerkeley Etcheverry Royston Ontario Etcheverry GraduateBerkeley LosBanos Hearst Etcheverry Cory ChezPanisse Compton Cory Rasputin AlphaChi Cory OaklandMarina FoxTheater Cory SanBernardino Stephans Cory CasaDeChocolates Pimentel Cory RSF Stanley Cory Etcheverry Soda
35
DeltaDelta DeltaDelta
Soda InternationalHouse BerkeleyHigh Saturn Perris Fontana Tijuana MexicoCity TripleRock Tang BAMPFA Platano SantaBarbara Sacramento Irvine ChiOmega
BerkeleyHillel BerkeleyHillel
Cory Jupiter Talpa Tako Cancun
Etcheverry Mars LosAngeles
Venus Venus
AlphaCentauri AlphaCentauri
Gregoire Gregoire
BayStreet BayStreet
Dwinelle Emeryville SouthGate FantasticComics
Pomona Pomona
Compton Compton
Davis Ashby
SanBernardino SanBernardino
Upland Upland
Chino Chino
Whittier Whittier
SanDiego SanDiego
Jalisco Jalisco
Guadalajara Guadalajara
Bechtel SanMiguel
Tuxcacuesco Tuxcacuesco
ElGrullo ElGrullo
Tuhuamixtel Tuhuamixtel
Myto Myto
Kips Kips
Rasputin Rasputin
CREAM CREAM
DKingGallery DKingGallery
CafeTibet CafeTibet
Riverside Riverside
VictoryPoint VictoryPoint
ChezPanisse ChezPanisse
SigmaKappa SigmaKappa
AlphaChi AlphaChi
