0 60 69 61 34 20 18 8 33 37 99 93 15 10 93 99 7 84 96 89 92 21 81 79 78 84 7 72 99 11 85 80 78 2 95 63 78 19 47 52 12 19 47 66 49 1 78 14 86 12 67 20 18 20 34 88 56 88 22 83 13 77 50 6 87 41 70 41 87 25 6 7 72 98 99 11 99 7 84 96 89 24 64 44 38 43 24 43 38 54 14 78 79 16 79 81 79 78 2 95 45 2 78 55 32 23 68 99 7 6 51 8 18 20 34 61 69 60 0
38
0 0
1 1
81 3 81
88 4 88
72 5 62 72
7 7
10 10
11 11 29
13 13
14 14
16 16 40 76
70 17 70
23 23
24 24 31
25 25 35
37 28
89 30
34 34
38 38
41 41 65
69 42 69
44 44
47 47
50 50
95 58
68 59
60 60
61 61
63 63
66 66
67 67
18 71
56 74
83 83
86 86
19 94
96 96
98 98
