A42 A100 A78 A107 A101 A95 A169 A44 A166 A185 A56 A88 A13 A67 A136 A5 A44 A63 A30 A189 A30 A63 A98 A132 A147 A164 A154 A104 A118 A146 A31 A146 A118 A91 A124 A12 A139 A142 A99 A199 A36 A97 A125 A182 A125 A168 A15 A168 A18 A150 A70 A13 A67 A2 A130 A35 A2 A141 A2 A35 A58 A176 A57 A157 A133 A36 A199 A99 A62 A164 A147 A132 A98 A12 A124 A12 A98 A0 A16 A105 A9 A108 A45 A6 A83 A119 A76 A187 A188 A167 A72 A165 A156 A60 A156 A165 A72 A165 A82 A165 A72 A167 A77 A115 A77 A167 A13 A101 A49 A127 A32 A195 A39 A190 A73 A190 A39 A47 A39 A76 A119 A83 A103 A173 A0 A98 A148 A98 A197 A13 A70 A150 A70 A13 A197 A13 A88 A56 A185 A193 A108 A9 A105 A116 A67 A104 A118 A91 A93 A153 A166 A44 A169 A95 A101 A106 A101 A95 A169 A28 A169 A95 A151 A17 A158 A11 A158 A17 A151 A95 A101 A106 A149 A106 A101 A107 A186 A121 A177 A112 A21 A44 A169 A129 A107 A186 A143 A186 A34 A186 A64 A191 A30 A63 A98 A50 A87 A183 A84 A43 A183 A87 A1 A77 A66 A170 A61 A71 A42
78
A0 A0
A2 A2
A189 A3 A189
A115 A4 A179
A5 A5
A199 A7
A9 A9
A13 A13 A75
A16 A16
A17 A17
A193 A20 A40 A193
A21 A21
A15 A23
A28 A28 A194
A30 A30 A90 A196
A32 A32 A137
A149 A33
A34 A34 A94
A35 A35
A72 A37 A72 A114
A57 A38 A57
A39 A39
A42 A42
A43 A43
A45 A45
A191 A46 A191
A133 A51
A168 A54
A58 A58
A64 A64
A82 A65 A82
A67 A67
A70 A70
A71 A71
A76 A76
A77 A77
A78 A78
A84 A84
A88 A88 A113
A60 A92 A184
A93 A93
A95 A95
A150 A96
A98 A98
A100 A100
A182 A102 A182
A103 A103
A105 A105
A106 A106 A144
A107 A107
A186 A111
A50 A117
A118 A118
A44 A120
A11 A122
A73 A123
A124 A124 A145
A66 A126
A127 A127
A47 A128
A130 A130
A132 A132
A141 A135
A136 A136
A139 A139
A142 A142
A143 A143 A172
A148 A148 A192
A154 A154
A31 A159
A167 A167
A176 A176
A177 A177
A125 A181
A183 A183
A185 A185
A187 A187
A197 A198
