COM MDG IDN LBN JPN CHL HUN LVA KOR IDN GUY GNQ PAK HUN MKD MDG MWI COM MNG MMR NPL PRY SJM IDN HKG GUM HTI HKG MDA PRY BIH BHS BES BOL BLM BLZ BGR BFA BIH AZE BLR BIH BOL BHR BOL BLZ RUS SGP QAT ALB AND ARG ARM AND ARE POL PYF RUS SGP QAT LBY LBR SGS MUS DJI DMA NGA FSM FIN GAB ETH ESH ECU FRO GGY FRA GBR GEO GHA GIB EST NCL LBR SGS MUS DJI DNK NER MYT CUB CUW NZL SGS SHN CHN COD COG ROU SLB SGS COM REU GLP REU SDN MEX POL PNG NLD NIU CZE CYP CYM CZE DEU CXR MWI JOR JEY NFK NGA FSM FIN EGY ETH GAB FIN FSM NGA NFK NGA GMB PCN PRI CRI PRT CRI CAF BVT KEN CRI GNB GTM LAO KGZ KNA CHE LAO LUX NIC LUX LAO KGZ CRI MLT PSE PER NIU PLW PNG POL MEX SDN ATA MYS IRN IRQ IOT ISL IRQ IRN MYS DZA DOM SAU MCO MLI CPV COK HND COK CPV MHL CPV LIE CPV MLI MEX POL MNE OMN COM REU COM NER COM
80
SHN SHN
SGS SGS KHM
SDN SDN
CPV RWA CPV
RUS RUS
REU REU AFG
PSE PSE
PRY PRY MOZ
POL POL
PNG PNG
PCN PAN
PAK PAK
NZL NZL
CAF NRU CIV CAF
NPL NPL
NIU NIU
NIC NIC IRL AUS ABW
NFK NFK ALA
NER NER MTQ
MYT MYT
MMR MMR
MLI MLI
MEX MEX
MDA MDA
HND MAR HND GRC
MHL MAC
LUX LUX
LIE LTU LIE
BVT LKA
LBR LBR
LBN LBN
LAO LAO
GNB KWT
KOR KOR
KNA KNA
HKG KAZ HKG
JPN JPN
JEY JEY
MWI ITA
IRN IRN
IOT IOT
IDN IDN COL
HUN HUN
HTI HTI CAN
ROU HRV
PYF HMD
GUM GUM
GNQ GNQ
GMB GMB
FSM GIN FSM
GIB GIB
GHA GHA
GEO GEO ESP
GBR GBR
GAB GAB
FRA FRA
FIN FIN
ESH ESH
EGY EGY
ECU ECU
DZA DZA
DMA DMA
DJI DJI
DEU DEU
CYP CYP
CXR CXR
COK COK
COG COG
COD COD
CHN CHN
BOL BMU
BLM BLM
BHS BHS
BHR BHR BDI
BLZ BEN
AZE AZE
PRT ATG
ARM ARM
ARE ARE
ALB ALB
