DZA DMA DJI ATG CYM CXR DEU CYP ASM FSM GIB CAF CHN CYP CYM CZE CYP ASM ATA DMA HND GNB GRL GLP BGR BDI BEL BIH BRN COD CAN CIV CAN BRB BHS BLM BES BLR BOL BGD BFA BLM CMR CCK BTN CHL BWA CMR CCK BLR CCK CMR EGY ESH FRO FRA GBR ESH ECU FJI ESH EGY FSM GIB GGY ERI FSM GIB ESP GAB FIN AFG FIN GIB GGY ETH EST GUY GTM COG COK AUT GUY GTM HMD HRV GNQ GRD GUM GUY GRC BRA BHS DOM CUW DNK ARE ALB ARG ARM ALB GMB CAN CIV BFA BLM BRA BHS BMU AZE BGR GLP GNB AGO DZA
44
HND HND GEO
HMD HMD
GRL HKG
GRD GRD
GRC GRC
GNQ GNQ
GLP GLP
FSM GHA FSM
GBR GBR
FRO FRO
FRA FRA
FIN FLK FIN
ERI ERI
ECU ECU
DOM DOM AUS
DNK DNK
DJI DJI
CZE CZE
CYM CYM
CXR CXR
CUW CUW
GUY CUB
COG COG
COD COD
CIV CHE
CCK CCK
CAN CAN
CAF CAF BVT
BRN BRN
BRB BRB
BLR BLR BEN
BLM BLM
BHS BHS
BGD BGD
BFA BFA
BES BES
BDI BDI
ASM ATF
ATA ATA
ARG ARG
ARE ARE
ESP AND
ALB ALB
AFG ABW
