Soda 124 24 77 88 143 103 175 35 155 84 103 46 14 39 180 6 52 138 64 52 6 180 39 159 24 169 2 183 181 179 183 164 154 2 134 89 75 96 90 150 123 117 96 56 106 24 124 133 12 124 119 7 124 12 40 195 33 171 78 85 53 79 140 60 166 136 196 33 136 177 40 85 101 Soda 100 27 162 0 53 107 45 97 31 109 3 153 125 3 31 128 176 55 197 18 55 37 63 11 17 83 90 67 135 140 105 22 90 83 74 87 15 83 132 115 44 182 20 38 115 31 93 1 31 37 131 157 95 189 29 99 57 59 49 145 127 65 29 131 132 104 26 76 9 29 92 144 170 5 29 118 2 28 32 86 116 48 7 124 Soda 167 47 110 36 193 47 54 163 13 122 62 73 43 139 141 4 150 184 72 43 155 121 158 8 25 82 50 113 8 43 187 51 16 192 160 16 142 194 149 148 173 94 148 152 34 80 126 34 148 98 156 128 42 98 70 69 142 120 91 61 191 21 41 61 10 30 13 185 114 130 10 81 16 167 108 146 111 108 198 178 172 68 188 19 168 185 68 Soda
96
99 99
100 100
101 101
132 102 132
103 103
104 104
105 105
106 106
107 107
108 108
109 109
110 110
111 111
40 112 151
113 113
114 114
115 115
116 116
117 117
118 118
119 119
120 120
121 121
122 122
123 123
124 124
125 125
126 126
127 127
128 128
83 129
130 130
131 131
133 133
134 134
135 135
136 136
48 137
138 138
139 139
140 140
141 141
142 142
143 143
144 144
145 145
146 146
70 147 190
148 148
149 149
150 150
152 152
153 153
154 154
155 155
156 156
157 157
158 158
159 159
160 160
17 161 186
162 162
163 163
164 164
6 165
166 166
167 167
168 168
169 169
170 170
171 171
172 172
173 173
7 174
175 175
176 176
177 177
178 178
179 179
180 180
181 181
182 182
183 183
184 184
185 185
187 187
188 188
189 189
191 191
192 192
193 193
194 194
195 195
196 196
197 197
198 198
