Soda 50 55 56 60 52 53 65 64 53 63 62 61 52 51 57 54 50 51 58 59 79 78 77 76 75 66 67 68 90 91 92 93 94 69 68 95 96 97 98 99 89 88 87 86 85 67 80 81 82 83 84 74 73 72 71 70 66 Soda o p r t q r s u w y x v a0 a b b0 d0 d d1 h1 h i i0 i1 i j j0 l0 l l1 n m l k k0 k1 k j j1 g0 g g1 h0 h g f f0 f1 f e e0 e1 e d c c0 c1 c b b1 a1 a
50
a0 a0
a1 a1
b0 b0
b1 b1
c0 c0
c1 c1
d0 d0
d1 d1
e0 e0
e1 e1
f0 f0
f1 f1
g0 g0
g1 g1
h0 h0
h1 h1
i0 i0
i1 i1
j0 j0
j1 j1
k0 k0
k1 k1
l0 l0
l1 l1
y y
54 54
55 55
56 56
57 57
58 58
59 59
60 60
61 61
62 62
63 63
64 64
65 65
69 69
72 72
74 74
77 77
79 79
82 82
84 84
87 87
89 89
92 92
94 94
97 97
99 99
