69 133 51 107 185 7 133 169 3 20 51 133 40 190 19 141 89 66 81 40 91 76 165 129 34 74 24 148 68 76 171 63 64 127 181 140 16 63 119 108 50 200 90 127 85 39 106 194 149 168 176 119 28 187 73 128 177 42 187 157 118 0 11 117 12 182 96 12 138 0 11 175 152 104 83 33 180 159 14 17 23 164 21 101 14 163 53 31 146 47 167 196 6 192 6 175 11 197 89 176 84 198 88 75 52 106 194 110 20 121 150 166 123 142 67 75 50 195 175 115 102 10 132 62 109 41 122 95 174 13 34 194 103 125 92 154 31 137 172 37 8 53 31 94 178 120 98 114 55 126 178 174 13 160 65 5 151 93 54 9 42 56 109 62 30 86 183 156 77 10 144 49 162 119 97 184 70 91 186 108 100 189 60 5 158 193 191 155 193 189 71 130 61 136 25 82 27 11 185 87 188 105 2 199 12 32 44 2 105 188 170 135 58 135 69
29
189 189
97 97
190 190
12 12
84 84
82 82
20 20
135 135
58 48
10 10 113
169 169
55 55
191 191
132 132
167 167
192 59
133 133
70 70
195 195
88 88
91 91
125 125
81 81
6 6
89 89
101 101
93 93
54 54
51 51
