Soda 60 14 37 57 65 86 37 26 100 42 59 67 69 2 78 89 67 84 82 5 84 36 39 49 34 36 67 48 4 77 95 43 72 76 21 19 76 97 80 81 73 47 81 35 30 74 46 30 31 16 30 25 70 79 44 61 71 18 61 22 24 7 61 20 87 23 66 63 17 66 56 9 17 6 91 20 52 88 29 15 94 62 15 52 93 13 33 50 3 68 8 99 32 90 54 98 83 41 96 27 98 92 64 40 38 64 58 85 51 58 75 11 32 12 45 97 55 43 77 26 10 28 4 26 53 14
50
2 2
3 3
4 4
5 5
6 6
7 7
8 8
9 9
10 10
11 11
12 12
13 13
14 14
15 15
16 16
17 17
18 18
19 19
20 20
21 21
22 22
23 23
24 24
25 25
26 26
27 27
28 28
29 29
30 30
31 31
32 32
33 33
34 34
35 35
36 36
37 37
38 38
39 39
40 40
41 41
42 42
43 43
44 44
45 45
46 46
47 47
48 48
49 49
50 50
51 51
