Soda 177 134 111 35 56 135 67 170 33 142 136 187 147 48 119 44 147 89 146 138 163 178 78 66 146 94 138 162 11 19 61 28 164 9 28 174 175 169 139 198 159 117 122 179 118 71 72 77 49 14 72 71 110 39 118 83 143 88 83 169 17 175 19 131 172 87 131 70 15 46 116 96 2 116 17 19 37 99 18 124 82 103 70 82 18 186 70 183 8 156 45 97 148 181 92 31 148 38 37 42 6 37 125 80 114 76 22 80 5 101 90 5 57 112 50 167 199 11 113 122 190 12 79 21 102 12 138 168 153 171 196 130 184 107 104 130 95 153 69 193 51 40 69 59 153 196 109 185 10 154 176 10 25 193 74 40 161 151 85 84 151 43 60 36 85 84 47 63 145 141 63 180 75 52 64 86 25 41 52 160 106 123 166 150 93 20 150 106 165 155 134 129 152 141 144 30 195 120 32 129 100 105 32 34 98 100 132 157 29 13 7 4 13 149 188 140 16 128 155 53 123 166 62 20 26 65 191 26 127 66 55 54 89 187 27 136 137 158 24 189 182 24 33 200 108 133 68 58 133 126 3 108 194 121 115 67 194 173 Soda
98
2 2
3 3
4 4
5 5
6 6
7 7
8 8
9 9
10 10
11 11
12 12
13 13
14 14
15 15
16 16
17 17
18 18
19 19
20 20
21 21
22 22
84 23 84
24 24
25 25
26 26
27 27
28 28
29 29
30 30
31 31
32 32
33 33
34 34
35 35
36 36
37 37
38 38
39 39
40 40
41 41
42 42
43 43
44 44
45 45
46 46
47 47
48 48
49 49
50 50
51 51
52 52
53 53
54 54
55 55
56 56
57 57
58 58
59 59
60 60
61 61
62 62
63 63
64 64
65 65
66 66
67 67
68 68
69 69
70 70
71 71
72 72 81
186 73
74 74
75 75
76 76
77 77
78 78
79 79
80 80
82 82
83 83
85 85
86 86
87 87
88 88
89 89
90 90
166 91
92 92
93 93
94 94
95 95
96 96
97 97
98 98
99 99
100 100
101 101
