Wurster Minnesota Jacobs Soda Stanley Evans Soda Class Insectary Lincoln Carson Class Georgia Honolulu Topeka Chvez Class Optometry Stadium Class Honolulu Indianapolis Class Pennsylvania Juneau Idaho UC McLaughlin Hazardous Baton Frank Sutardja Florida Morgan Gilman Phoenix Florida Campanile Gayley Maine Nevada Arkansas Maine Frank Denver North Gayley Frank Hildebrand Silver Zellerbach Hildebrand McLaughlin Baton Pitzer Cory Providence Maxwell Madison Montgomery Alaska Eshleman Montgomery Parking Martin Montgomery Bancroft Observatory Latimer Kentucky Oregon Raleigh Latimer Spieker Barrows Dwinelle Campbell Barrows Brain Donner Moffitt Barrows Hesse California Salem Hesse Missouri Moses Visitor Missouri Barrows Blackwell Wheeler Recreational Simon Lansing Barker Simon Barrows Latimer Montgomery Vermont Simpson Lewis Tennessee Chan Iowa Tennessee Memorial Hartford Tennessee Warren Anthony Ohio Charleston Anthony Sather Alabama Massachusetts Des Boston Alabama Salt Goldman Kleeberger Alabama Tennessee Montgomery Life Annapolis Montgomery Class Juneau Alumni Haste Hilgard Class Wurster
50
Wurster Wurster
Barrows Barrows
Class Class
Simon Simon
Hilgard Hilgard
Hesse Hesse
Visitor Visitor
Alabama Alabama
Montgomery Montgomery
Tennessee Tennessee
Kleeberger Kleeberger
Goldman Goldman
Moses Moses
Recreational Recreational
California California
Moffitt Moffitt
Blackwell Blackwell
Boston Boston
Indianapolis Indianapolis
Salem Salem
Brain Brain
Massachusetts Massachusetts
Spieker Spieker
Honolulu Honolulu
Maxwell Maxwell
Optometry Optometry
Raleigh Raleigh
Juneau Juneau
Observatory Observatory
Pennsylvania Pennsylvania
Parking Parking
Vermont Vermont
McLaughlin McLaughlin
Frank Frank
Pitzer Pitzer
Oregon Oregon
Stanley Stanley
Hazardous Hazardous
Chan Chan
Sutardja Sutardja
Idaho Idaho
Anthony Anthony
Simpson Simpson
Cory Cory
Gilman Gilman
Sather Sather
Florida Florida
North North
Nevada Nevada
Silver Silver
