Rhode UC Harrisburg Kentucky Hellman Haviland Kentucky Ida Arkansas Kentucky Senior Campbell Lawrence Martin Valley Lawrence Wurster Kentucky Grinnell Donner University Silver Kentucky Michigan Koshland Kentucky Residence Dwinelle Kentucky Colorado East Cheyenne Kentucky Berkeley Davis Zellerbach South Natural Campanile Santa Simpson Campanile Chou Albany Campanile New Oregon Campanile Alaska Parking Frank Campanile LeConte Montpelier Campanile Nevada Fox Campanile Calvin Augusta Botanical Kroeber Evans Moses Cory Kroeber Lansing Sibley Kroeber Austin Indianapolis Kroeber Kleeberger Campanile Birge Baton Campanile Pitzer Genetics Gayley Hawaii Cleary Salem Blackwell Cleary Bancroft Stadium Recreational Cleary Wickson Springer Phoenix Warren Bechtel Greenhouse Hearst Andersen Greenhouse Observatory Eshleman Greenhouse Witter West Montgomery Carson West Greenhouse McLaughlin Energy Massachusetts Pennsylvania Energy Greenhouse Denver Lincoln Hesse Denver Trenton Ishi Hazardous Trenton Giannini Barrows Morrison Moffitt Alabama Jacobs Goldman Durant Mississippi Goldman Boise Eye Goldman Alabama Morrison Giannini Maine Morrison Haste Wisconsin Denver Jackson Raleigh CNMAT Clark Unit Wheeler Heating Des Hartford Heating Frankfort Etcheverry Heating Greenhouse Tallahassee Gilman Greenhouse Golden Minnesota Little Golden Bowles Blum Chvez Bowles Iowa Brain Virginia California Columbus Florida California Hargrove Idaho California Bowles Greenhouse Concord Cyclotron Stern Sproul Boalt Simon Chan Atlanta Simon Illinois Memorial Simon Optometry Bismarck Nashville Lower Optometry Tan Mathematical Optometry Hertz Giauque Optometry Tennessee Boston Optometry Kansas Delaware Maryland Topeka Lewis Maryland Optometry Salt Class Optometry Banway Dover Wyoming Insectary Springfield Wyoming International Providence Richmond Wyoming Optometry Maxwell Woo Optometry Greenhouse Martinez Old Montana BART Greenhouse Krutch Connecticut Cyclotron Northwest Police Faculty Soda Columbia Jones Edwards Columbia Doe Madison Foothill Durham Columbia Utah Mulford Morgan Columbia Oklahoma Tang Columbia Greenhouse Jefferson Anthony CNMAT Greenhouse Warren Cleary Genetics Campanile South Davis McCone Annapolis Kentucky Nebraska McEnerney Olympia Kentucky University Life Rhode
100
Rhode Rhode
Olympia Olympia
Kentucky Kentucky
McEnerney McEnerney
Cheyenne Cheyenne
East East
University University
Valley Valley
Harrisburg Harrisburg
Hellman Hellman
Martin Martin
Donner Donner
Life Life
Campanile Campanile
Michigan Michigan
Baton Baton
Silver Silver
Moses Moses
Grinnell Grinnell
Cory Cory
CNMAT CNMAT
Cleary Cleary
Warren Warren
Nevada Nevada
Columbia Columbia
BART BART
Austin Austin
Blackwell Blackwell
Bowles Bowles
Tang Tang
Simpson Simpson
Oregon Oregon
Krutch Krutch
Florida Florida
LeConte LeConte
Simon Simon
Berkeley Berkeley
Brain Brain
Class Class
Heating Heating
Annapolis Annapolis
Jefferson Jefferson
Utah Utah
Durham Durham
Energy Energy
Pennsylvania Pennsylvania
Maryland Maryland
West West
Hawaii Hawaii
Edwards Edwards
Santa Santa
Salt Salt
Columbus Columbus
Wisconsin Wisconsin
Birge Birge
Mathematical Mathematical
Mississippi Mississippi
Lower Lower
Lansing Lansing
Clark Clark
Illinois Illinois
Montgomery Montgomery
Mulford Mulford
Madison Madison
Etcheverry Etcheverry
Richmond Richmond
Tennessee Tennessee
Maxwell Maxwell
Providence Providence
Chvez Chvez
Springer Springer
Observatory Observatory
Durant Durant
Little Little
Hertz Hertz
Police Police
Chou Chou
Bancroft Bancroft
Minnesota Minnesota
Hargrove Hargrove
Montana Montana
Moffitt Moffitt
Jones Jones
Hartford Hartford
Trenton Trenton
McLaughlin McLaughlin
Concord Concord
Sproul Sproul
Boalt Boalt
Stadium Stadium
Insectary Insectary
Foothill Foothill
Haste Haste
Jacobs Jacobs
Hearst Hearst
Morrison Morrison
International International
Barrows Barrows
Nashville Nashville
Topeka Topeka
