Donner Hertz Eye Idaho Cyclotron Providence Tang Architects Cyclotron Hertz Gilman Foothill Gayley Ishi Martinez Cory Ishi Foothill Life Phoenix Recreational Stadium Kansas Iowa Nevada Durham Iowa Mississippi Durham Doe Alabama Jackson Stadium Tallahassee Little Old Minnesota Little Ishi Illinois Topeka Haste Wurster Cyclotron Haas North Wyoming Annapolis North Cyclotron Heating Brain Optometry McCone Brain CNMAT Maryland Brain Cyclotron Juneau Helena Santa Albany Helena Campanile McLaughlin Helena Cyclotron Donner
25
Donner Donner
Cyclotron Cyclotron
Helena Helena
North North
McCone McCone
Juneau Juneau
Wurster Wurster
Optometry Optometry
Haas Haas
Santa Santa
Phoenix Phoenix
Illinois Illinois
Haste Haste
Providence Providence
Life Life
Topeka Topeka
Foothill Foothill
Minnesota Minnesota
Ishi Ishi
Gilman Gilman
Tallahassee Tallahassee
Old Old
Gayley Gayley
Recreational Recreational
Iowa Iowa
