1 54 2 46 142 131 132 140 139 200 199 137 198 135 139 114 135 134 133 141 20 138 136 197 195 57 56 21 188 136 20 50 131 130 129 144 42 3 41 74 73 41 145 146 148 149 126 143 145 128 146 127 147 49 48 47 19 50 133 200 196 150 123 151 39 78 81 79 37 78 122 150 125 173 163 169 168 174 170 168 162 170 90 59 61 16 59 25 22 60 158 162 167 171 154 162 157 152 121 110 106 77 38 35 68 76 67 10 76 121 119 28 36 182 185 183 99 93 185 194 182 187 96 95 94 92 63 27 70 36 33 12 75 11 107 69 12 11 10 105 176 178 179 177 178 32 88 100 101 64 80 166 83 84 102 160 82 192 190 189 192 191 193 184 186 181 161 159 82 112 155 108 65 102 86 100 91 15 31 100 58 175 55 24 94 98 180 52 53 51 23 53 18 55 58 98 97 172 87 85 164 165 104 156 153 115 111 116 113 120 109 118 124 89 85 86 113 111 117 66 62 27 15 30 16 39 7 34 103 13 29 43 72 40 8 9 6 34 14 61 26 45 44 5 71 4 44 2 17
64
1 1
2 2
3 3
4 4
5 5
6 6
7 7
8 8
9 9
10 10
11 11
12 12
13 13
14 14
15 15
16 16
17 17
18 18
19 19
20 20
21 21
22 22
23 23
24 24
25 25
26 26
27 27
28 28
29 29
30 30
31 31
32 32
33 33
34 34
36 36
37 37
165 165
39 39
40 40
41 41
42 42
43 43
44 44
45 45
46 46
47 47
48 48
49 49
50 50
51 51
52 52
53 53
54 54
55 55
56 56
57 57
58 58
59 59
60 60
182 182
192 192
111 111
121 121
153 153
