A J L AH BC BD BA BT BR AL S AI BG CB CA BG CU CT BE BW BX BE AM BF BG BY BH O P R T AN BY AI BD BB BC AG AT BM AW AV BM BS BV BQ BS CL CN CM CO BO BP CI CK CJ CL BU CH CJ CN CQ CP CS CV BZ CS CR CE CG CF CD CC BJ CD BN BK BJ BI BK BL AQ AP W BL AR AO AQ U V AP AS AA Z AS AU AW AY AZ AG AK AJ AH AF AJ Q AX AD AU AB AD AE Y AC D G F I H N M K N F D X B C E B
40
A A
B B
D D
F F
G G
H H
I I
K K
M M
O O
P P
S S
T T
V V
X X
Y Y
AD AD
AG AG
AJ AJ
AM AM
AO AO
AQ AQ
AS AS
AV AV
AX AX
BA BA
BF BF
BG BG
BI BI
BJ BJ
BN BN
CA CA
CB CB
CC CC
CK CK
CN CN
CO CO
CP CP
CS CS
CT CT
