AirportRoad TanglinHalt Tyersall AirportRoad TanglinHalt Bayshore SwissClub TanjongPagar SembawangHills SwissClub Frankel Tengeh GhimMoh Crawford Tengah GhimMoh Frankel SwissClub Springleaf CityHall Gombak Boulevard SouthernGroup LowerSeletar Gombak LeonieHill BukitBatokEast RiverValley Simei SungeiRoad Geylang TiongBahruStation BukitBatokEast Simei KakiBukit BukitHoSwee Sembawang JooKoon BoatQuay PearlsHill Redhill Gombak CityHall KampongGlam RobertsonQuay Sudong GaliBatuMandai CompassvaleTrafalgar Frankel Tengeh Seletar SembawangHills SimpangNorth Bendemeer NeeSoon AirportRoad
23
Frankel Frankel
Redhill Redhill
Sudong Sudong
Gombak DowntownCore
Sembawang Sembawang
SimpangNorth SimpangNorth
Tengeh Tengeh Safti
LeonieHill LeonieHill
LowerSeletar LowerSeletar
Simei Simei
Bayshore ChoaChuKang Hillcrest
TanjongPagar TanjongPagar
Tyersall Tyersall
JooKoon JooKoon
TiongBahruStation TiongBahruStation
PearlsHill PearlsHill
SwissClub SwissClub
NeeSoon NeeSoon
GaliBatuMandai GaliBatuMandai
CityHall CityHall
RiverValley RiverValley
GhimMoh GhimMoh
SungeiRoad SungeiRoad
