YuhuaEast TelokBlangahDrive Sennett SerangoonGarden SingaporeRiver PotongPasir LowerSeletar BoonLayPlace ChengSan Mandai ClementiCentral Serangoon FloraDrive Geylang Mandai ClementiCentral Midview UpperPayaLebar TagoreSindo SerangoonNorth Punggol Midview ClementiCentral Mandai PasirRis BedokNorth ChengSan Sengkang Brickworks KampongUbi KampongTiongBahru TelokBlangahRise KampongUbi Sentosa IstanaNegara KallangWay TelokBlangahRise KallangWay PenjuruCrescent BukitBatokEast BoonLay HongKah Kembangan LoyangEast SenokoSouth ClementiNorth Clementi BoonTeck Katong EvertonPark ReservoirView PulauPunggolTimor Khatib SimpangNorth Paterson Geylang Simei Shipyard TamanJurong ChangiPoint Shipyard SembawangStraits LorongChuan Kangkar YishunCentral TanjongIrau FarrerCourt Aljunied TanjongIrau Kangkar Saujana HougangCentral DefuIndustrialPark BoatQuay Saujana JurongRiver Northshore Hillcrest SengkangTownCentre ChoaChuKang JurongRiver Kangkar BrasBasah FarrerPark UpperThomson HongKah ClarkeQuay Matilda RafflesPlace BedokSouth ClarkeQuay Shipyard OrangeGrove PeoplesPark BayfrontSubzone Trafalgar OneTreeHill SembawangStraits SwissClub WestCoast HougangEast JurongPort TanglinHalt SembawangSprings DairyFarm PeiChun JurongPort JooSengPayaLebar SenokoWest KentRidge Commonwealth WestCoast SouthernIslands Bangkit MandaiEstate Boulevard RochorCanal YishunWest PasirPanjang1 KebunBahru MountEmily Redhill Moulmein BukitBatokWest PengSiang Tampines KebunBahru MountEmily PayaLebarNorth Tanglin TiongBahru Bishan TiongBahruStation TuasBay TiongBahru ShangriLa ConeyIsland PayaLebarNorth SembawangEast PayaLebarNorth Victoria Rochor PunggolField Victoria PayaLebar PasirRisDrive TohGuan PayaLebarEast MountPleasant PayaLebarEast MountEmily Redhill SouthernIslands SembawangHills Dunearn UluPandan Dunearn Seletar Woodgrove PearlsHill Northland WoodlandsWest BukitBatokSouth PasirPanjang2 SerangoonCentral Port BukitTimah KianTeck LittleIndia DhobyGhaut Cairnhill WoodlandsSouth KianTeck SenokoNorth Dunearn SembawangHills SouthernIslands WestCoast HougangEast Changi Plab EastCoast Sembawang Changi HougangEast Changi SembawangCentral NatureReserve MandaiWest Senja Commonwealth Chatsworth Queenstown InstitutionHill Chatsworth Commonwealth SungeiRoad Kranji PangSua Bedok Kranji SungeiRoad WaterwayEast Shipyard SembawangStraits OneTreeHill Katong BoonTeck Crawford UpperThomson HongKah OneTreeHill SembawangStraits PasirRis Mandai ChengSan JurongWestCentral ClementiWest Anson PasirRis Mandai Simpang CityHall TelokBlangahDrive Sennett YuhuaEast
91
Sentosa Sentosa
BedokNorth BedokNorth
TelokBlangahRise SungeiKadut TelokBlangahRise
Geylang Geylang
SerangoonCentral SerangoonCentral
BayfrontSubzone BayfrontSubzone
Port Port
PearlsHill PearlsHill
BedokSouth BedokSouth
Bangkit YioChuKang
Punggol Punggol
SembawangHills SembawangHills
Anson OneNorth AngMoKioTownCentre
EastCoast EastCoast
Moulmein Moulmein
BoatQuay BoatQuay
PeoplesPark PeoplesPark
TanglinHalt MandaiEast
TuasBay TuasBay
InstitutionHill InstitutionHill
BoonLayPlace BoonLayPlace
JurongWestCentral JurongWestCentral
TagoreSindo TagoreSindo
WaterwayEast WaterwayEast
SimpangNorth SimpangNorth AlexandraNorth
Kembangan Kembangan
Paterson Paterson
Matilda Matilda
JooSengPayaLebar JooSengPayaLebar
PunggolField PunggolField
SerangoonNorth SerangoonNorth
JurongPort JurongPort
LowerSeletar LowerSeletar
Dunearn KeatHong
SerangoonGarden SerangoonGarden
DairyFarm DairyFarm
KebunBahru KebunBahru
PasirRisDrive PasirRisDrive
SembawangEast TuasPromenade
KentRidge KentRidge
WestCoast TuasNorthPioneer
Khatib Khatib
HongKah HongKah
BukitBatokSouth BukitBatokSouth
PulauPunggolTimor PulauPunggolTimor
Sennett ChinaSquare Sennett
Shipyard Shipyard PasirRisPark
Sembawang Sembawang
Chatsworth Chatsworth
ChoaChuKang ChoaChuKang
Tampines Tampines
CityHall CityHall
Northland Mountbatten Northland
PayaLebarEast PayaLebarEast Museum
OneTreeHill OneTreeHill
OrangeGrove OrangeGrove
DhobyGhaut DhobyGhaut
SingaporeRiver SingaporeRiver
NatureReserve ChangiWest
Aljunied Aljunied
Serangoon Serangoon
ReservoirView ReservoirView
BukitBatokWest BukitBatokWest
TohGuan TohGuan
PasirRis PasirRis
SembawangStraits SembawangStraits
SouthernIslands SouthernIslands HongKahNorth
DefuIndustrialPark DefuIndustrialPark
RochorCanal RochorCanal
TiongBahru TiongBahru
ClementiNorth ClementiNorth
Tanglin Tanglin
WoodlandsWest WoodlandsWest
Saujana Saujana
SungeiRoad SungeiRoad
MountEmily GeylangEast
HougangEast TampinesNorth
UluPandan UluPandan YioChuKangEast
Trafalgar Trafalgar
Commonwealth Commonwealth
PeiChun PeiChun
Brickworks Brickworks
ChangiPoint ChangiPoint
MountPleasant BenoiSector
UpperThomson UpperThomson
Cairnhill Cairnhill
EvertonPark EvertonPark
Mandai Mandai
IstanaNegara IstanaNegara
PangSua PangSua
HougangCentral HougangCentral
