NatureReserve Rochor Sentosa PasirRisPark SembawangSprings SungeiRoad Novena TampinesWest KeatHong Novena SingaporePolytechnic PunggolTownCentre YishunCentral ClementiCentral YishunCentral Woodgrove Pandan Cecil TheWharves PasirPanjang2 TanjongRhu GeylangBahru AirportRoad ShangriLa Springleaf GeylangBahru YuhuaEast TanjongRhu PasirPanjang2 Cecil SungeiRoad KallangWay AnchorvaleBuangkok YioChuKang MandaiWest YioChuKang WestCoast WesternIslands Semakau Frankel FarrerPark MandaiEast KampongGlam Semakau SungeiRoad ClarkeQuay KampongGlam PasirRisCentralTown BishanEast ChoaChuKang Guilin GreenwoodPark Trafalgar Seletar ChangiBay PeoplesPark NorthEasternIslands Phillip Yishun ChangiBay TanglinHalt MandaiEstate GreenwoodPark WaterwayEast PasirRisCentralTown MonksHill Outram HougangCentral KampongUbi SungeiKadut ChangiPoint Admiralty Changi CompassvaleTrafalgar Changi Ridout InstitutionHill Outram Sennett JurongWestCentral HougangCentral WoodlandsSouth KampongUbi Shipyard NeeSoon OrangeGrove Tyersall DefuIndustrialPark OrangeGrove JurongPort ChengSan YishunWest Clementi YewTee LiuFang Victoria SerangoonGarden Lavender Victoria Clementi Novena YioChuKangWest StraitsView Plab LoyangWest Mandai LoyangWest PasirRisWestElias ChoaChuKangCentral LoyangEast Kranji NatureReserve
46
PasirPanjang2 PasirPanjang2
YioChuKang YioChuKang Boulevard
SungeiRoad SungeiRoad
FarrerPark FarrerPark
MandaiWest NorthCoast MandaiWest
TheWharves Townsville
KallangWay KallangWay
Shipyard Shipyard
Yishun Yishun
Sennett Sennett
NeeSoon NeeSoon
Victoria Victoria
PunggolTownCentre PunggolTownCentre
JurongWestCentral JurongWestCentral
Novena Novena
Ridout Ridout
Guilin Guilin
DefuIndustrialPark DefuIndustrialPark
Springleaf Springleaf
SingaporePolytechnic SingaporePolytechnic
KampongGlam KampongGlam
MandaiEstate TuasBay
OrangeGrove OrangeGrove
MonksHill MonksHill
SembawangSprings SembawangSprings
ChoaChuKangCentral ChoaChuKangCentral
Tyersall Tyersall
SerangoonGarden SerangoonGarden
Phillip Phillip
Trafalgar Trafalgar
ClementiCentral ChangiWest ClementiCentral
CompassvaleTrafalgar ConeyIsland
Semakau Semakau
SungeiKadut SungeiKadut
Woodgrove Woodgrove
AirportRoad AirportRoad
TanglinHalt TanglinHalt
Kranji Kranji
TampinesWest TampinesWest YuhuaWestBoonLay
GreenwoodPark GreenwoodPark
BishanEast BishanEast
Outram Outram
Mandai BukitBatokCentral
Sentosa Sentosa
AnchorvaleBuangkok AnchorvaleBuangkok
LoyangEast LoyangEast
