139 18 11 85 2 38 2 147 3 134 155 50 3 81 3 26 48 154 51 19 26 16 77 136 65 16 26 3 17 59 22 42 22 41 22 59 17 3 104 4 84 189 102 75 4 21 79 21 4 6 4 34 73 124 63 56 13 30 10 61 10 40 20 67 83 5 87 37 5 37 10 129 7 60 12 195 25 31 15 14 27 52 101 194 43 29 49 65 163 23 14 24 138 51 15 14 43 12 60 7 90 8 36 8 178 1 106 158 119 89 1 66 9 193 53 9 78 21 86 152 32 47 76 115 33 62 32 47 1 178 8 185 52 174 170 7 149 2 153 26 159 57 18 11 18 139
64
1 1 58 172
2 2 72 98 157 161
5 5 35 82 95
7 7 74 182
8 8
9 9 184
11 11 127
13 13
14 14
15 15 118 128 142
16 16 108 186
18 18
21 21 113
22 22
23 23
25 25 141
26 26 198
27 27
30 30 144
31 31 131
32 32
33 33
37 37 109
38 39 44
41 41 112
43 43
47 47
48 48
57 57
60 60
17 64 69 187
65 65
67 67
6 71 125 188 191
75 75
77 77
78 78
79 79 114
81 81 122
84 84
85 85
89 89
61 91
3 96 111
101 101
104 104
12 105 146
106 106
119 119
20 123
10 130
134 134
138 138
4 145 148
147 147
152 152
153 153
19 156
158 158
36 165
34 173
42 176
178 178
189 189
