A0 N9 B4 M9 J7 L3 R7 O6 G4 L0 T4 D7 O6 R7 J1 E1 A0 F9 G2 A8 Q8 B7 O7 M3 P5 H6 P5 S2 T3 M3 T9 I2 G8 T0 D6 A9 T0 G8 I2 T9 N0 G9 D8 S0 O1 T2 O1 J6 N7 S5 I8 H0 T8 T5 A6 K2 J2 I0 J2 T5 D8 G9 N0 Q2 H8 D3 O5 G6 E5 T9 B2 L1 M6 A5 K3 N2 T6 P9 S4 C4 B0 T6 C4 H7 M1 E4 J5 H4 B2 H9 D2 B6 S4 H2 A2 O8 B7 L5 Q9 R2 P0 C0 R2 M0 Q9 F4 A2 I2 B6 D2 I3 R0 S8 D0 S5 G1 O0 C9 F3 C9 K1 A1 D0 C8 L6 N8 I7 C3 C8 C3 F8 M5 P8 M7 M5 P8 L7 P8 O4 D6 J0 K9 E7 A3 T0 H3 B5 L4 D4 C1 K9 L9 L0 K6 E9 L2 K8 O3 R3 O2 R3 O3 F8 B8 I5 R9 I9 M8 T0 T7 P6 C5 P1 F0 J4 B3 Q7 A7 P6 C5 P1 H1 Q1 S6 G0 R1 L0 E0 G0 Q4 M4 H1 P1 Q3 R6 P7 S7 P7 T1 K7 C5 N9 B4 F5 I4 F2 F7 S1 N4 J8 B1 N9 A0
88
A0 A0
A1 A1
A2 A2
A3 A3
A8 A8
A9 A9
B0 B0
B2 B2
B3 B3
B4 B4 I6 N6
C0 C0
C1 C1
D3 C2 D3
C3 C3
C4 C4
C8 C8
D4 D4
L7 D5
D7 D7
D8 D8
E4 D9 E4
T2 E2
J5 E3
E5 E5
E7 E7
F3 E8
I0 F1 I0
F2 F2
Q7 F6 Q7
F9 F9
G0 G0
G1 G1
G4 G4
G6 G6
G9 G9
H0 H0
H1 H1
H2 H2
H3 H3
H4 H4
J7 H5 S9
H6 H6 N1
I2 I2
I3 I3
I4 I4
I8 I8
I9 I9
J0 J0
J1 J1
J2 J2
K1 K1
K3 K3
T0 K5 Q0 T0
K6 K6
L6 L6
L9 L9
M0 M0
M5 M5
M6 M6
N0 N0
N2 N2
N4 N4
N7 N7
N8 N8
O1 O1
O2 O2 R8
O3 O3
O5 O5
Q1 P2
P5 P5
P6 P6
P7 P7 Q5
P9 P9
Q3 Q3
Q8 Q8
R0 R0
A7 R4
R6 R6
R9 R9
S0 S0
S2 S2
S5 S5
S7 S7
S8 S8
T1 T1
T5 T5
T8 T8
T9 T9
