J6 I7 D4 F1 C4 C5 G4 H3 G8 C5 H0 E8 D0 D2 D5 D6 B0 D4 D6 B0 I9 A6 B8 F8 G2 I5 J9 C7 G6 I5 E0 G0 B8 H3 J8 B9 B7 C4 J6 F9 J5 B5 E6 E1 B1 F7 H7 G9 I4 F6 E5 J4 J1 E6 C8 G5 A8 A9 E7 E6 H2 B6 B7 E6 F4 I4 J3 D2 J0 D3 D7 J3 B4 H7 H9 A2 D8 E4 B2 G1 B2 H7 H8 G7 E3 H8 H6 D1 A5 G3 C8 F3 C0 A1 C6 C3 A7 A1 A5 D9 H4 I2 A0 J5 I3 J7 C2 I0 I3 C9 H5 I1 I6 H4 H5 D9 B1 J6
46
A0 A0
A2 A2
A5 A5
A7 A7
A8 A8
A9 A9
B0 B0
D0 B3 D0
B5 B5
B6 B6
B7 B7
B9 B9
G1 C1
C2 C2
C3 C3
C4 C4
C6 C6
C9 C9
D6 D6 F0
D8 D8
E0 E0
E1 E1
J4 E2 J4
E4 E4 F5
F3 F3
F7 F7
F8 F8
F9 F9
G0 G0
G6 G6
G8 G8
G9 G9
H0 H0
H2 H2
H3 H3
H4 H4
H5 H5
H7 H7
H8 H8
I3 I3
I7 I7
J5 J5
J6 J6
J7 J7
J8 J8
J9 J9
