Latias Bounsweet Wurmple Keldeo Dartrix Latias Zorua Wurmple Exeggutor Duskull Pidgeot Reshiram Gengar Primeape Smeargle Raticate Unown Magearna Lycanroc Raticate Primeape Vibrava Elgyem Aggron Voltorb Petilil Infernape Arceus Scolipede Infernape Noivern Talonflame Palkia Noivern Staryu Darumaka Cinccino Petilil Luvdisc Darumaka Voltorb Alomomola Golisopod Charmeleon Vibrava Aggron Relicanth Exeggutor Crabominable Wurmple Pangoro Scizor Marshtomp Gible Frogadier Greninja Jigglypuff Gible Delphox Yanma Latias Toxicroak Corsola Guzzlord Shelgon Latias
25
Wurmple Wurmple
Shelgon Shelgon
Magearna Magearna
Jigglypuff Jigglypuff
Toxicroak Toxicroak
Primeape Primeape
Scolipede Scolipede
Luvdisc Luvdisc
Reshiram Reshiram
Dartrix Dartrix
Raticate Raticate
Palkia Palkia
Charmeleon Charmeleon
Relicanth Relicanth
Noivern Noivern
Bounsweet Bounsweet
Talonflame Talonflame
Elgyem Elgyem
Petilil Petilil
Exeggutor Exeggutor
Infernape Infernape
Staryu Staryu
Golisopod Golisopod
Vibrava Vibrava
Keldeo Keldeo
