Qwilfish Drampa Gengar Bounsweet Froakie Drampa Phanpy Lotad Amoonguss Stufful Jumpluff Steenee Volcarona Magmar Wartortle Zekrom Wartortle Magmar Phanpy Skiddo Skorupi Munna Skorupi Magnemite Weepinbell Honedge Noibat Simisear Slowbro Nincada Slowbro Simisear Sandile Meloetta Inkay Meloetta Sandile Metapod Weezing Metapod Sandile Simisear Noibat Terrakion Scatterbug Tsareena Scatterbug Terrakion Politoed Tornadus Kakuna Tornadus Politoed Terrakion Metang Crawdaunt Metang Terrakion Politoed Dewpider Whismur Bastiodon Weezing Plusle Jumpluff Vullaby Drapion Tropius Shellos Xerneas Shellos Tropius Drapion Tropius Qwilfish
39
Qwilfish Qwilfish
Simisear Simisear
Drapion Drapion Taillow
Meloetta Meloetta Porygon2
Volcarona Volcarona
Metang Slurpuff Metang
Skiddo Skiddo
Sandile Sandile
Magmar Magmar
Drampa Drampa
Noibat Noibat
Lotad Lotad
Scatterbug Scatterbug
Vullaby Vullaby
Inkay Inkay Vespiquen
Steenee Steenee
Skorupi Skorupi
Shellos Shellos
Metapod Metapod
Crawdaunt Crawdaunt Woobat
Froakie Froakie
Nincada Nincada Comfey Seaking
Gengar Gengar Tauros
Honedge Honedge
Amoonguss Amoonguss
Jumpluff Jumpluff
Munna Munna Swadloon
Kakuna Kakuna Treecko
Magnemite Magnemite
Whismur Whismur
Weezing Weezing Escavalier
Bounsweet Bounsweet
Weepinbell Weepinbell
Stufful Stufful
Tsareena Shellder
Plusle Plusle
Bastiodon Bastiodon
Xerneas Wailord
Zekrom Conkeldurr
