Qwilfish Drampa Gengar Bounsweet Froakie Drampa Phanpy Lotad Amoonguss Lotad Phanpy Magmar Wartortle Zekrom Wartortle Steenee Volcarona Magmar Phanpy Skiddo Noibat Honedge Skorupi Magnemite Yungoos Xerneas Seaking Nincada Slowbro Nincada Comfey Magnemite Weepinbell Escavalier Weezing Metapod Sandile Meloetta Inkay Meloetta Sandile Simisear Noibat Terrakion Scatterbug Tsareena Shellder Bastiodon Whismur Dewpider Politoed Tornadus Kakuna Tornadus Politoed Terrakion Metang Crawdaunt Metang Terrakion Noibat Skiddo Skorupi Munna Swadloon Magnemite Shellos Vullaby Paras Taillow Drapion Vullaby Jumpluff Vullaby Drapion Tropius Shellos Xerneas Shellos Tropius Qwilfish
53
Qwilfish Qwilfish
Simisear Simisear
Phanpy Phanpy
Terrakion Terrakion
Drapion Drapion
Meloetta Meloetta Porygon2
Volcarona Volcarona
Metang Slurpuff Metang
Skiddo Skiddo
Politoed Politoed
Tropius Tropius
Sandile Sandile
Magmar Magmar
Taillow Taillow
Slowbro Slowbro
Drampa Drampa
Noibat Noibat
Lotad Lotad
Scatterbug Scatterbug
Vullaby Vullaby
Inkay Inkay Vespiquen
Steenee Steenee
Tornadus Tornadus
Skorupi Skorupi
Dewpider Dewpider
Shellos Shellos
Metapod Metapod
Wartortle Wartortle
Crawdaunt Crawdaunt Woobat
Paras Paras
Froakie Froakie
Nincada Nincada
Gengar Gengar Tauros
Honedge Honedge
Amoonguss Amoonguss Stufful
Tsareena Tsareena
Jumpluff Jumpluff Plusle
Munna Munna
Kakuna Kakuna Treecko Lumineon
Magnemite Magnemite
Whismur Whismur
Xerneas Xerneas Wailord
Weezing Weezing
Zekrom Zekrom Conkeldurr
Comfey Comfey
Bounsweet Bounsweet
Seaking Seaking
Weepinbell Weepinbell
Shellder Shellder
Swadloon Swadloon
Yungoos Yungoos
Bastiodon Bastiodon
Escavalier Escavalier
