Champaign Escondido Madison Champaign Bryan Honolulu Jacksonville Dallas Alexandria Minneapolis Erie Lexington Minneapolis Huntsville Erie Plen Monterey Hemet Atlantic Collins Hemet Dallas Chandler Berkeley Grays Jacksonville Bradenton Canton Albuquerque Kissimmee Lacey Muskegon Huntington Lacey Jersey Lorain Lansing Cincinnati Lorain Harlingen Fayetteville Macon Barnstable Gilbert Prairie Barnstable Fayetteville Arvada Appleton Leominster Houma Arvada Bloomington Medford Boulder Chicago Fayetteville Albany Hartford Abilene GreenBay Corpus Columbus Clearwater Lancaster Columbus Athens Corpus Abilene Aribel Moreno Merced Bridgeport ElPaso Kailua Vegas ElPaso Nashua Moreno Garland Nashua Kissimmee Miramar Irvine Kissimmee Harlingen Albuquerque Cary Charles Hollywood Baton Charles Davidson Baltimore Lafayette Davidson Melbourne Lafayette Montgomery Cathedral Kaneohe Brighton Montgomery Myrtle Denton Buffalo Joliet Irving Deltona Joliet Kansas Bellevue Kalamazoo Houston Bellevue Charles Kennewick Aurora Chesapeake Cruces Boston Kennewick Chesapeake Amarillo Hickory Brownsville Mobile Layton Cambridge Brownsville Hollywood Cedar Hesperia
50
Champaign Champaign
Brownsville Brownsville
Huntington Huntington
Houma Houma
Cary Cary
Medford Medford
Chandler Chandler
Nashua Nashua
Bradenton Bradenton
Hartford Hartford
Harlingen Harlingen
Huntsville Huntsville
Chicago Chicago
Leominster Leominster
Lexington Lexington
Grays Grays
Erie Erie
Hollywood Hollywood
Corpus Corpus
Barnstable Barnstable
Muskegon Muskegon
Minneapolis Minneapolis
GreenBay GreenBay
Kansas Kansas
Deltona Deltona
Baltimore Baltimore
Cedar Cedar
Davidson Davidson
Dallas Dallas
Macon Macon
Aribel Aribel
Kissimmee Kissimmee
Alexandria Alexandria
Miramar Miramar
Appleton Appleton
Albany Albany
Abilene Abilene
Merced Merced
Bloomington Bloomington
Cathedral Cathedral
Plen Plen
Lansing Lansing
Montgomery Montgomery
Hemet Hemet
Bridgeport Bridgeport
Mobile Mobile
Albuquerque Albuquerque
Lorain Lorain
Joliet Joliet
Moreno Moreno
