Burlington Frederick Independence Naperville Harlingen Chicago Hialeah Greensboro Independence Burlington Cambridge ElMonte Denver Rapids Julian Fayetteville Aribel Honolulu Burlington Killeen Prairie Apple Greenville Plen Chattanooga Frederick Lewisville Aribel Kenosha Corona Arlington Hampton Bloomington Hayward Amarillo Barnstable Columbus Bridgeport Miramar Clarke Columbus Hampton Nashville Columbus Cedar Bradenton Hialeah McAllen Julian Davenport Merced Denver Costa Cedar Julian Corona Buffalo Downey Brighton Burlington
23
Honolulu Honolulu
Buffalo Buffalo
Greenville Greenville
Independence Independence
Chicago Chicago Louisville
Denver Denver
Killeen Killeen
Merced Merced
Hampton Hampton Myrtle
Chattanooga Chattanooga
McAllen McAllen
Columbus Columbus
Cambridge Cambridge
Rapids Rapids
Naperville Naperville
Hayward Hayward
Clarke Clarke
Bridgeport Bridgeport
Amarillo Amarillo
Davenport Davenport
Prairie Prairie
Miramar Miramar
Cedar Cedar
