Danbury Lorain Boulder Cathedral Killeen Huntington Elkhart Cathedral Lancaster Elkhart Erie Vegas Lorain Lincoln Viejo Fayetteville Apple Anchorage Daytona Kaneohe Anchorage Minneapolis Marysville Memphis Concord Eight Athens Concord Naperville Fitchburg Julian Huntsville Gulfport Brownsville Madison Cleveland Gulfport Madison Boise Atlanta Chicago Bloomington Elizabeth Irving Bakersfield Gastonia Chesapeake Escondido Fremont Corpus Miami Escondido Asheville Fairfield Baton Columbus Carrollton Asheville Chesapeake Manchester Monterey Six Gastonia Buffalo Mobile Bakersfield ElkGrove Evansville Nine Akron Davidson Evansville Bryan ElkGrove Bonita Gilbert Columbia Jackson Kansas Corona Elizabeth Lacey Appleton Two Hampton Prairie ElPaso Montgomery Merced Detroit Montgomery Moreno Hampton Modesto Lauderdale Seven Denton Hayward Hemet Gainesville Fresno Four Canton Leominster Henderson Canton Layton Aurora Marina Austin Fullerton Dayton Duluth Aurora Vista Independence Gainesville Aurora Clarksville Monroe Naples CSprings Lewisville Allentown Chandler Berkeley Muskegon CSprings Monroe Berkeley Moreno Two Melbourne Lacey Bloomington Corona Houston Arlington Rapids Downey Kailua Bridgeport Abilene Lansing Johnson Barnstable Charleston Johnson One Burlington Jefferson Myrtle Inglewood Billings Laredo Charleston Abilene Murfreesboro Arlington Bridgeport Houston Atlanta Burbank Joliet Durham Hollywood Amarillo Mesquite Birmingham Amarillo Glendale Hartford Hickory GreenBay Murrieta Ten Louisville Three Boston Louisville Anaheim Kissimmee Charlotte Jacksonville Ten Lakeland Grays Aberdeen Fargo Lowell Aberdeen Albuquerque Ten Hickory Lafayette GreenBay Bedford Bremerton Cary Bedford Chula Alexandria Macon Honolulu Kenosha Flint Frederick Baltimore Kenosha Bremerton Brighton Bethlehem Hialeah Brighton Plen Dallas Milwaukee Mesa Hialeah Milwaukee Champaign Albany Cambridge Daly Albany Boise Aribel Augusta Eleven Denver Bradenton Kennewick Denver Atlantic Eleven Chattanooga Aribel Naperville Havre Marysville Viejo Hesperia Greenville Greensboro Collins Five Harrisburg Jersey Greenville McAllen Hesperia Clarke Irvine LA Hagerstown Medford Antioch Hagerstown Irvine Indianapolis Clarke Lakewood
100
Athens Athens
Hagerstown Hagerstown
Lancaster Lancaster
Asheville Asheville
Clarke Clarke
Monterey Monterey
Laredo Laredo
Carrollton Carrollton
Modesto Modesto
Boulder Boulder
Bridgeport Bridgeport
Ten Ten
Apple Apple
Johnson Johnson
Birmingham Birmingham
Kenosha Kenosha
Corpus Corpus
Lowell Lowell
Clarksville Clarksville
Huntington Huntington
Viejo Viejo
Lafayette Lafayette
Abilene Abilene
Hialeah Hialeah
Austin Austin
Naples Naples
Anaheim Anaheim
Seven Seven
Melbourne Melbourne
Lewisville Lewisville
Davidson Davidson
Kissimmee Kissimmee
Monroe Monroe
Bethlehem Bethlehem
Gainesville Gainesville
Cary Cary
Glendale Glendale
Prairie Prairie
Charleston Charleston
Baltimore Baltimore
Antioch Antioch
Kennewick Kennewick
Detroit Detroit
Mobile Mobile
Lacey Lacey
Albany Albany
Elkhart Elkhart
Lakeland Lakeland
Dallas Dallas
Baton Baton
Leominster Leominster
Gilbert Gilbert
Bedford Bedford
Four Four
Cleveland Cleveland
Canton Canton
Denton Denton
Miami Miami
Havre Havre
Hampton Hampton
Chesapeake Chesapeake
Hayward Hayward
Hickory Hickory
Layton Layton
Jacksonville Jacksonville
Amarillo Amarillo
Huntsville Huntsville
Hesperia Hesperia
Fayetteville Fayetteville
Killeen Killeen
Arlington Arlington
Cambridge Cambridge
Boise Boise
Akron Akron
Greensboro Greensboro
Aberdeen Aberdeen
Mesa Mesa
Denver Denver
Kailua Kailua
Elizabeth Elizabeth
Erie Erie
Dayton Dayton
Hartford Hartford
Muskegon Muskegon
Vista Vista
Fairfield Fairfield
Montgomery Montgomery
Allentown Allentown
Three Three
Merced Merced
Daytona Daytona
Brownsville Brownsville
Anchorage Anchorage
Rapids Rapids
Irving Irving
Burlington Burlington
Manchester Manchester
Bradenton Bradenton
Mesquite Mesquite
Julian Julian
