AA BW AO AT CS DJ DO AT BO DN CV BS DD BN DR AQ AG CG CF AM CG AB AQ DN BD DQ DL DG CP DQ DA CO CB DT BD AV DT DP AH CB BB CC BX CK AE BC DC AE BI BX BB CY BK CN BP CW BM BP BK BU AX AN BQ CU CQ CR AU BR AZ CT DI CX DE AR CT BL AF AZ AL AU BD BA CE BV DH BH BV BA AS CL BG AS AK DK BF AJ AP DK DB AK AI AD AS AC BE BZ DM AC CJ CD DF DU CI AC BA BY CM CA BJ BT DS CZ DV BT BY AO AA AY AW CH
47
AA AA
AC AC
AD AD
AJ AJ
AM AM
AN AN
AO AO
AP AP
AU AU
AW AW
BB BB
BD BD
BE BE
BF BF
BH BH
BI BI
BJ BJ
BM BM
BO BO
BQ BQ
BT BT
BV BV
BW BW
CC CC
CD CD
CE CE
CH CH
CI CI
CL CL
CM CM
CP CP
CQ CQ
CR CR
CS CS
CV CV
CY CY
CZ CZ
DD DD
DF DF
DG DG
DI DI
DN DN
DQ DQ
DS DS
DT DT
DU DU
DV DV
