DK BY AE DK BG AJ BI CW DV CK ES HF EI GJ BF BV AP DM GJ BF FF HC CH CA HC CV FD GV DY BD EM GD EY CV BD CK AT CW AJ DD BQ BC BJ EP DE FV CX AL EA FH GK FH AC EI EW HA DU AC EP BZ GC AW EK BO AR GZ FE AD BB BZ AR AW BK EX AQ ET DS GT EH FP FD EH EL FV EH CM FB AA EX EU DI AI BE GY CJ DZ GO CG FR DA CB EN DA CD FA EZ CD AY CO AV FS EG BL BR CF EA AZ GL DG EF DJ BP DG AK CF FS BU AV EG FT AO AG AN AF CZ FY GQ DC GS AS BA DC DX FY CS DX CL FQ DN HB FZ AM CC FU HG GG FU AM FI HB FW AD FQ CR FM ED BW DA CG CL CP DW EE CU BM CP GM GW CT HE FC DB FM DQ DR GH FL CQ FX BS GH DB AU BH CI DF AH DF CY GU HD EO FN EV EJ HD CY ER GR BX CE ER AU BH GE HH EB GE FG BH AU DO DT BN FC DP HE DZ AI CJ GN AB BS GA GX FR DK
93
AA AA
AB AB
AG AG
AK AK
AM AM
AN AN
AO AO
AT AT
AU AU
AV AV
AY AY
AZ AZ
BC BC
BE BE
BF BF
BH BH
BI BI
BL BL
BM BM
BP BP
BR BR
BV BV
BW BW
BZ BZ
CA CA
CC CC
CD CD
CE CE HJ
CG CG
CI CI
CK CK
CM CM
CP CP
CR CR
CS CS
CT CT
CU CU
CW CW
CX CX
CY CY
DB DB
DD DD
DE DE
DF DF
DI DI
GK DL
DM DM
DN DN
DO DO
DP DP
DT DT
DU DU
DX DX
DZ DZ
EA EA
EB EB
ED ED
EF EF
EL EL
EM EM
EN EN
EO EO
EP EP
BY EQ
ES ES
ET ET
EW EW
EY EY
FA FA
FB FB
FD FD
FG FG
FH FH
FN FN
FP FP
FT FT
FW FW
FZ FZ
AH GB
GG GG
GN GN
GR GR
GT GT
GV GV
GX GX
GY GY
GZ GZ
HB HB
HC HC
HD HD
HE HE
HF HF
DA HI
