Soda ResidenceHalls LowerSproulPlaza HavilandHall NorthField FacultyGlade DoeMemorialLibrary HavilandHall AlumniHouse LowerSproulPlaza CareerCenter VLSB OBrienHall GoldmanPlaza HildebrandHall Insectary GoldmanPlaza Dwinelle Insectary CareerCenter HaasPavilion HesseHall LatimerHall RSF HaasPavilion KroeberHall FacultyClub HearstFieldAnnex DurantHall EshlemanHall ObservatoryHill FacultyClub EvansDiamond BerkeleyArtMuseum DavisHall HearstGreekTheatre BotanicalGarden EvansHall ClearyHall KoshlandHall BrainImagingCenter BerkeleyWayWest KoshlandHall EdwardsStadium LeConteHall PoliceUC EyeCenter CyclotronRd CaliforniaHall EdwardsStadium McLaughlinHall BanwayBldg EdwardsStadium LevineFrickeField GoldmanField BarrowsHall MinorHall DonnerLab ChanShunAuditorium MinorHallAddition MorganHall BarrowLane GoldmanField Cory OldArtGallery BARTStation BarrowsHall BarrowLane EvansDiamond AnthonyHall FoundersRock GilmanHall HilgardHall LewisHall MulfordHall Moffitt BancroftLibrary HilgardHall TangCenter LewisHall BancroftLibrary BoaltHall MosesHall JacobsHall BoaltHall EastGate GilmanHall AnthonyHall ChouHall EastAsianLibrary CampbellHall McConeHall ClarkKerrCampus HearstMiningCircle BowlesHall HertzHall InternationalHouse EtcheverryHall HertzHall CNMAT BowlesHall MLK CalvinLaboratory Greenhouse MaxwellFamilyField ClarkKerrCampus CalvinLaboratory BerkeleyArtMuseum Campanile AnthonyHall BerkeleyArtMuseum GianniniHall PimentelHall FoxCottage GianniniHall McEnerneyHall BlackwellHall GiauqueHall OptometryClinic MorrisonHall GayleyRd GiauqueHall CheitHall NorthGateHall BirgeHall BlumHall CheitHall HaasPavilion AlumniHouse IshiCourt KrutchTheater BarkerHall IshiCourt Soda
40
AlumniHouse AlumniHouse
AnthonyHall AnthonyHall
BancroftLibrary BancroftLibrary
BanwayBldg BanwayBldg
BarkerHall BarkerHall
BarrowLane BarrowLane
BarrowsHall BarrowsHall
BARTStation BARTStation
BerkeleyArtMuseum BerkeleyArtMuseum
BerkeleyWayWest BerkeleyWayWest
BirgeHall BirgeHall
BlackwellHall BlackwellHall
BlumHall BlumHall
BoaltHall BoaltHall
BotanicalGarden BotanicalGarden
BrainImagingCenter BrainImagingCenter
EastAsianLibrary EastAsianLibrary
CaliforniaHall CaliforniaHall
CalvinLaboratory CalvinLaboratory
Campanile Campanile
CampbellHall CampbellHall
CareerCenter CareerCenter
ChanShunAuditorium ChanShunAuditorium
VLSB VLSB
CheitHall CheitHall
ChouHall ChouHall
ClarkKerrCampus ClarkKerrCampus
CNMAT CNMAT
Cory Cory
CyclotronRd CyclotronRd
DavisHall DavisHall
DoeMemorialLibrary DoeMemorialLibrary
DonnerLab DonnerLab
DurantHall DurantHall
Dwinelle Dwinelle
EastGate EastGate
EdwardsStadium EdwardsStadium
EshlemanHall EshlemanHall
EtcheverryHall EtcheverryHall
EvansDiamond EvansDiamond
