Soda EtcheverryHall WicksonNaturalArea Emeryville SproulPlaza AnthonyHall HertzHall Unit1 BancroftLibrary EastGate ChouHall Belmont StHelena MinorHallAddition FoundersRock EvansHall Hayward Saratoga MartinezCommons Brisbane Oakley Orinda GiauqueHall Alameda Pittsburg SatherTower KleebergerFieldHouse WursterHall Fairfield SanRafael IshiCourt SanPablo HearstGreekTheatre CalvinLaboratory PimentelHall BarkerHall Piedmont NorthGateHall HargroveMusicLibrary DonnerLab LewisHall WestGate FrankSchlessingerWay Pacifica Hillsborough Cory BlumHall Pinole ClearyHall MulfordHall ZellerbachHall WellmanHall SternHall WomenFacultyClub Healdsburg Campanile Insectary KroeberHall WheelerHall GoldmanField GilmanHall Unit3 Albany Benicia ZellerbachPlayhouse LowerSproulPlaza ClarkKerrCampus WestCircle HearstMiningCircle StadiumRimWay SanRamon Soda
70
MartinezCommons MartinezCommons
ChouHall ChouHall
GilmanHall GilmanHall
WestGate WestGate
ClarkKerrCampus ClarkKerrCampus
Albany Albany
GoldmanField GoldmanField
Fairfield Fairfield
Insectary Insectary
Orinda Orinda
StHelena StHelena
Hayward Hayward
WursterHall WursterHall
NorthGateHall NorthGateHall
HargroveMusicLibrary HargroveMusicLibrary
AnthonyHall AnthonyHall
Belmont Belmont
WheelerHall WheelerHall
WestCircle WestCircle
DonnerLab DonnerLab
Emeryville Emeryville
MinorHallAddition MinorHallAddition
HertzHall HertzHall
FrankSchlessingerWay FrankSchlessingerWay
SatherTower SatherTower
WellmanHall WellmanHall
Pittsburg Pittsburg
ZellerbachPlayhouse ZellerbachPlayhouse
BlumHall BlumHall
SternHall SternHall
PimentelHall PimentelHall
HearstGreekTheatre HearstGreekTheatre
Oakley Oakley
ClearyHall ClearyHall
MulfordHall MulfordHall
StadiumRimWay StadiumRimWay
Pinole Pinole
SanRamon SanRamon
Benicia Benicia
SproulPlaza SproulPlaza
Unit3 Unit3
BancroftLibrary BancroftLibrary
FoundersRock FoundersRock
Unit1 Unit1
EvansHall EvansHall
WicksonNaturalArea WicksonNaturalArea
Hillsborough Hillsborough
ZellerbachHall ZellerbachHall
WomenFacultyClub WomenFacultyClub
Pacifica Pacifica
LowerSproulPlaza LowerSproulPlaza
SanRafael SanRafael
KroeberHall KroeberHall
HearstMiningCircle HearstMiningCircle
CalvinLaboratory CalvinLaboratory
EtcheverryHall EtcheverryHall
BarkerHall BarkerHall
Campanile Campanile
Alameda Alameda
KleebergerFieldHouse KleebergerFieldHouse
Saratoga Saratoga
GiauqueHall GiauqueHall
SanPablo SanPablo
Cory Cory
Healdsburg Healdsburg
LewisHall LewisHall
IshiCourt IshiCourt
Brisbane Brisbane
EastGate EastGate
Piedmont Piedmont
