LegendsAquaticCenter DurantHall GolbousPlace ValleyLifeSciencesBu MemorialGlade EucalyptusGrove LewisHall CITRIS NorthGateHall SodaHall LeConteHall LevineFrickeSoftball GoldmanField EllsworthParkingStru StarrEastAsianLibrar NorthField LawSchool SoutheastAsianStudie LegendsAquaticCenter InvestigativeReporti SatherTower LegendsAquaticCenter
20
LegendsAquaticCenter LegendsAquaticCenter
NorthGateHall NorthGateHall
LeConteHall LeConteHall
GolbousPlace GolbousPlace
LevineFrickeSoftball LevineFrickeSoftball
MemorialGlade MemorialGlade
StarrEastAsianLibrar StarrEastAsianLibrar
CITRIS CITRIS
ValleyLifeSciencesBu ValleyLifeSciencesBu
LawSchool LawSchool
EllsworthParkingStru EllsworthParkingStru
GoldmanField GoldmanField
SoutheastAsianStudie SoutheastAsianStudie
SatherTower SatherTower
EucalyptusGrove EucalyptusGrove
SodaHall SodaHall
NorthField NorthField
LewisHall LewisHall
DurantHall DurantHall
InvestigativeReporti InvestigativeReporti
