BerkeleyArtMuseumand LawSchool BancroftLibrary ArchitectsEngineersA SatherTower FallProgramforFreshm SpiekerAquaticsCompl CareerCenter WarrenHall ChancellorsEsplanade MulfordHall LawrenceHallofScienc HaasSchoolofBusiness UniversityHouse IRLE McConeHall EvansDiamond Demography AnthonyHall BarrowsHall LiKaShingCenter Library AlumniHouse BancroftDanceStudio PublicAffairsOfficeo HavilandHall MorrisonHall NorthField KoshlandHall SimpsonCenterforStud InsectaryGreenhouse AcademicInnovationSt MariesHouse PacificFilmArchiveBe LatinAmericanStudies ObservatoryHill GolbousPlace Sebastians McLaughlinHall FacultyGlade UniversityHealthServ SutardjaDaiHall EvansHall CoryHall StanleyHall GraduateTheologicalU EllsworthParkingStru MosesHall MathematicalSciences KoretVisitorCenter LawrenceBerkeleyNati MartinezCommons GoldmanField EnergyBiosciencesBui UpperHearstParkingSt CheitHall HearstMemorialMining LeConteHall BowlesHall ClarkKerrCampus FacultyClub ManvilleHall CesarEChavezStudentC GianniniHall CaliforniaHall EdwardsTrackStadiumG ZellerbachHall HenryHWheelerBrainIm InvestigativeReporti WellmanHall NaturalResourcesLabo MagnesCollectionofJe AHammock BanwayBuilding MaxwellFamilyFieldan SimonHall FoxCottage2350Bowdit EastAsianStudiesInst Unit1ResidentHall InternationalHouse LowerHearstParkingSt BerkeleyArtMuseumand
81
LatinAmericanStudies LatinAmericanStudies
BerkeleyArtMuseumand BerkeleyArtMuseumand LegendsAquaticCenter
ManvilleHall ManvilleHall
PacificFilmArchiveBe PacificFilmArchiveBe
LowerHearstParkingSt LowerHearstParkingSt
FoxCottage2350Bowdit FoxCottage2350Bowdit
KoshlandHall KoshlandHall
Unit1ResidentHall Unit1ResidentHall
LawrenceHallofScienc LawrenceHallofScienc
LiKaShingCenter LiKaShingCenter
Sebastians Sebastians
LeConteHall LeConteHall
EnergyBiosciencesBui EnergyBiosciencesBui
ArchitectsEngineersA ArchitectsEngineersA
EdwardsTrackStadiumG EdwardsTrackStadiumG
MathematicalSciences MathematicalSciences
EllsworthParkingStru EllsworthParkingStru
FallProgramforFreshm FallProgramforFreshm
HavilandHall HavilandHall
AnthonyHall AnthonyHall
InternationalHouse InternationalHouse
LawrenceBerkeleyNati LawrenceBerkeleyNati
GolbousPlace GolbousPlace
CesarEChavezStudentC CesarEChavezStudentC
HenryHWheelerBrainIm HenryHWheelerBrainIm
EvansDiamond EvansDiamond
CoryHall CoryHall
UniversityHealthServ UniversityHealthServ
NorthField NorthField
ObservatoryHill ObservatoryHill
MartinezCommons MartinezCommons
AlumniHouse AlumniHouse
BancroftDanceStudio BancroftDanceStudio
Demography Demography
MagnesCollectionofJe MagnesCollectionofJe
BanwayBuilding BanwayBuilding
MariesHouse MariesHouse
WarrenHall WarrenHall
InsectaryGreenhouse InsectaryGreenhouse
CaliforniaHall CaliforniaHall
BowlesHall BowlesHall
AcademicInnovationSt AcademicInnovationSt
Library Library
CheitHall CheitHall
AHammock AHammock
StanleyHall StanleyHall
LawSchool LawSchool
GoldmanField GoldmanField
MaxwellFamilyFieldan MaxwellFamilyFieldan
HaasSchoolofBusiness HaasSchoolofBusiness
UniversityHouse UniversityHouse
MulfordHall MulfordHall
BarrowsHall BarrowsHall
KoretVisitorCenter KoretVisitorCenter
PublicAffairsOfficeo PublicAffairsOfficeo
WellmanHall WellmanHall
ChancellorsEsplanade ChancellorsEsplanade
InvestigativeReporti InvestigativeReporti
GraduateTheologicalU GraduateTheologicalU
SatherTower SatherTower
FacultyGlade FacultyGlade
EastAsianStudiesInst EastAsianStudiesInst
ZellerbachHall ZellerbachHall
BancroftLibrary BancroftLibrary
SutardjaDaiHall SutardjaDaiHall
SimonHall SimonHall
FacultyClub FacultyClub
SimpsonCenterforStud SimpsonCenterforStud
HearstMemorialMining HearstMemorialMining
CareerCenter CareerCenter
MosesHall MosesHall
SpiekerAquaticsCompl SpiekerAquaticsCompl
EvansHall EvansHall
McConeHall McConeHall
GianniniHall GianniniHall
NaturalResourcesLabo NaturalResourcesLabo
MorrisonHall MorrisonHall
McLaughlinHall McLaughlinHall
IRLE IRLE
UpperHearstParkingSt UpperHearstParkingSt
ClarkKerrCampus ClarkKerrCampus
