a ct cc a cd cb a cl bq a by bm a ck ay a bb av a bl as a cm an a bp al a bf ak a br ad a bi cu z a bh y a cs x a ch w a bx v a ce q a ap o a cg n a ah l a cf k cq cn k a ca g a f u r e b bt bk b bz ba b d bo ab d s ar b cv am b bs ae b ao p b t i b aw c at ac c bg h c b d a
40
a a m aa ai bd be bu bw cj cr
d d
f f
i i
b j aq
n n
o o
p p
q q
t t
w w
x x
y y
z z
ae ae
al al
am am
ap ap
ar ar
av av
aw aw
ba ba
bg bg
bi bi
bk bk
bl bl
bm bm
bp bp
bq bq
bs bs
bt bt
bx bx
by by
cb cb
ce ce
cg cg
ch ch
cm cm
cn cn
l cp
