a gc fz a gg fv a fw fo a gj fh a fi eq a gb el a fs ei a gm ed a eh eb a gn dz a gi dw a ej dr a gd df a gf dc a ev db a ee cz a dm co a fc cn a fm ce a ch bz a gh bu a go bt a bx bq a cx bp a fn bo a gl bk a er bi a dj bf a bw ba a cv az a bm av a dn as a bg ar a bc ao a fy am a dh al a au ag a bl ad a dq aa a bv x a fg w a de s a fr p a da o a ff j a dk i a dl h a cf gr d z f eg cw f d a ak c ez ds c gk ci c fj bb c es aw c et ai c em u c a cp b fk fa b fd en b ew ec b dv cm b ge ck b dp by b cq an b fq ah b bs ae b ft ab b ga q b r n b fe l b ac k b m g b a
74
a a e t y aj bd br cd cl ct cu dg dx ea ep eu ey fb gp
b b ap cb do dt du ex fu
c c fl
h h
j j
k k
l l
m m
o o
p p
u u
w w
aa aa
ab ab
ae ae
ag ag
ah ah
ak ak
al al
an an
ar ar
aw aw
az az
bb bb
bc bc
bf bf
bi bi
bl bl
bm bm
bv bv
by by
bz bz
ch ch
ci ci
ck ck
cp cp
cq cq
d cs
cv cv
de de
df df
dj dj
dm dm
dn dn
dq dq
dv dv
ec ec
ed ed
ee ee
eg eg
em em
en en
eq eq
er er
et et
ev ev
ew ew
fa fa
fd fd
ff ff
fg fg
fh fh
fn fn
fr fr
fs fs
fv fv
fy fy
fz fz
ga ga
gb gb
gh gh
gl gl
gm gm
gn gn
