MasterYi Tiny Thresh Pantheon Sona Malphite CrystalMaiden KogMaw Disruptor Rammus Chen SkywrathMage Kennen Xerath ChaosKnight Ziggs CentaurWarrunner Visage Galio Viper Zilean Cassiopeia Talon NightStalker Bane Shen TrollWarlord Bane Cassiopeia CentaurWarrunner Galio Phoenix Jax WraithKing OutworldDevourer ElderTitan WraithKing VelKoz Heimerdinger ChaosKnight SkywrathMage SpiritBreaker Draven Jinx Axe Razor Bristleback Maokai Tailyah Bristleback Draven Fiddlesticks Ekko Lich ChaosKnight SpiritBreaker Rumble Graves Ziggs Akali Heimerdinger Broodmother Ursa Lucian Windranger Magnus Renekton Undying Anivia Morgana Undying XinZhao Kalista Ashe Shyvana Jayce Kalista Spectre Kayn Skarner Bard Lux Jhin Swain Kled Jhin Skarner RekSai Kayn Omniknight ArcWarden Ahri Pantheon Spectre Renekton Riven Slark Sejuani NaturesProphet BountyHunter LegionCommander Rammus Sona Thresh Weaver LoneDruid Nautilus Nunu LoneDruid Oracle Ezreal Braum SandKing Ezreal Nunu
48
MasterYi MasterYi
Tailyah Tailyah
Ahri Ahri
Galio Galio
Phoenix Phoenix
Spectre Spectre
Ezreal Ezreal
KogMaw KogMaw
Jayce Jayce
Morgana Morgana
TrollWarlord TrollWarlord
Oracle Oracle
Jax Jax
Shyvana Shyvana
Akali Akali
Malphite Malphite
Anivia Anivia
Bristleback Bristleback
Skarner Skarner
Bard Bard
SpiritBreaker SpiritBreaker
Slark Slark
Lich Lich
CrystalMaiden CrystalMaiden
ArcWarden ArcWarden
Ashe Ashe
Kled Kled
Magnus Magnus
Maokai Maokai
Nunu Nunu
BountyHunter BountyHunter
Rumble Rumble
Jinx Jinx
Lucian Lucian
Xerath Xerath
CentaurWarrunner CentaurWarrunner
Disruptor Disruptor
Heimerdinger Heimerdinger
Tiny Tiny
ChaosKnight ChaosKnight
Lux Lux
Jhin Jhin
Draven Draven
Ziggs Ziggs
WraithKing WraithKing
Talon Talon
NightStalker NightStalker
LoneDruid LoneDruid
