Zeus Bloodseeker Lulu Xayah Braum Timbersaw Juggernaut Katarina Syndra Leshrac Enchantress Syndra Sion Timbersaw Xayah Lulu Twitch Jax AncientApparition Twitch Gragas Shen Tinker Visage Jax Blitzcrank Dazzle EmberSpirit Blitzcrank Jax Olaf Rammus TreantProtector Sven ElderTitan Skarner Juggernaut Sona Lycan TreantProtector Yorick Lycan Rammus Kled Renekton Slardar Tidehunter Bloodseeker Zeus
19
Lulu Lulu
Shen Shen
Zeus Zeus
Syndra Syndra
Lycan Lycan
Jax Nocturne
Renekton Renekton
Sven Sven
Slardar Slardar
ElderTitan ElderTitan
Xayah Xayah Axe
Blitzcrank Blitzcrank
Braum Braum
TreantProtector TreantProtector
Leshrac Leshrac
Twitch Twitch
EmberSpirit EmberSpirit
Dazzle Dazzle
Bloodseeker Bloodseeker
