0 7 8 10 72 67 63 59 57 51 60 64 68 71 11 10 26 28 12 30 31 32 30 33 36 35 29 30 12 13 14 31 40 76 78 99 79 81 41 33 30 31 14 47 46 91 43 80 99 86 42 45 47 14 31 30 28 26 10 9 24 23 0
45
0 0 1 2 3 4 5 6 21 22
7 7 25
8 8 52 53 54 55 56 58 62 66 74
9 9
10 10
11 11
12 12 65 69 70 73
13 13
14 14 15 17 18 19 20
99 16 83 85 99
23 23
24 24
26 26
28 27 28 77
29 29 34 38 75 95 96 97 98
30 30
31 31
32 32
33 33
35 35 37 39 82 84 87
36 36
40 40
41 41
42 42
43 43 44
45 45
46 46
47 47 48 49 50 89 90 92 93
51 51
57 57
59 59
60 60 61
63 63
64 64
67 67
68 68
71 71
72 72
76 76
78 78
79 79
80 80 88 94
81 81
86 86
91 91
