0 4 1 3 6 96 92 94 99 98 94 90 95 91 90 96 92 96 6 11 24 30 42 46 49 48 44 40 41 47 42 55 58 57 53 55 52 54 50 51 55 67 73 80 83 88 82 80 81 86 87 81 84 80 73 79 75 76 70 77 75 71 79 72 78 74 73 67 66 60 64 68 62 63 66 67 55 42 40 43 49 40 42 30 31 37 35 34 39 38 39 30 24 20 23 26 28 24 30 33 32 38 30 24 20 22 29 25 27 21 20 24 11 17 14 18 10 12 19 16 14 13 15 11 6 2 6 5 9 8 0
42
0 0
1 1
4 4
2 7
8 8
10 10
14 14
15 15
18 18
19 19
20 20
21 21
23 23
26 26
31 31
38 36 38
39 39
40 40
41 41
46 46
48 48
50 50
51 51 59
57 57
60 60
62 62
63 63
64 65
67 69
74 74
75 75
77 77
78 78
79 79
81 81
80 85
87 87
88 88
90 90
95 95
92 97
98 98
