6 199 195 192 191 190 192 199 198 197 194 199 189 172 168 158 143 133 124 111 112 118 115 112 117 110 112 114 111 124 133 143 146 147 149 144 147 145 143 133 132 138 137 130 139 135 134 139 133 143 158 159 152 154 153 150 155 151 156 157 151 150 158 168 169 160 167 163 166 165 161 167 160 162 164 168 172 189 183 180 189 182 184 188 187 181 184 186 180 189 172 171 175 170 176 172 177 173 179 170 174 178 172 168 158 143 133 124 128 127 120 121 122 125 121 128 129 123 126 124 111 103 105 101 102 107 109 100 107 102 101 105 103 96 93 97 92 94 99 98 94 90 95 91 90 96 80 81 84 89 80 88 82 80 86 87 81 80 73 74 78 72 79 75 77 70 75 79 71 73 67 69 63 62 68 64 60 66 67 55 58 57 53 55 52 54 50 51 55 42 47 45 40 44 48 49 46 43 49 40 42 30 34 35 37 31 30 42 40 42 30 38 32 33 30 24 28 26 23 25 27 21 20 29 22 20 24 11 15 13 14 17 12 18 10 12 19 16 14 13 15 11 6 5 2 6 8 0 4 1 3 6
87
0 0
1 1
4 4
2 7
8 8
10 10
14 14
15 15
18 18
19 19
20 20
21 21
23 23
26 26
31 31
38 36 38 39
40 40 41
46 46
48 48
50 50
51 51 59
57 57
60 60
62 62
63 63
64 65
69 69
74 74
75 75
77 77
78 78
79 79
81 81
80 85
87 87
88 88
90 90
95 95
97 97
98 98
101 101
105 105 106
107 107
109 109
112 112
111 113
114 114
115 115
118 118
120 120
125 125
126 126
128 128
129 129
130 130
132 132
134 134
137 137
139 139
144 144
145 145
146 146
143 148
149 149
150 150
152 152
153 153
157 157
163 163
164 164
166 166
167 167
170 170
176 176
177 177
178 178
179 179
181 181
182 182
180 185
186 186
187 187
190 190
191 191
194 194
199 196
198 198
