0 145 3 4 49 59 55 49 50 58 66 62 146 1 86 81 82 75 80 119 123 130 134 126 119 80 74 67 75 70 67 62 58 103 109 24 29 76 69 71 63 30 29 24 19 60 65 61 60 12 20 129 20 27 35 43 51 43 47 52 77 73 42 45 46 42 43 54 56 64 91 103 98 96 101 54 48 40 118 124 120 122 106 107 99 101 117 111 106 99 93 97 89 93 87 118 40 32 26 19 12 4 0 108 1 149 148 1 38 34 39 37 34 38 1 108 0 4 10 121 125 115 13 10 17 25 14 6 11 15 22 18 11 15 21 16 23 141 147 139 25 85 28 23 31 36 31 100 105 113 114 112 104 110 102 104 76 88 84 76 7 6 10 5 6 9 133 131 142 143 90 2 0
88
0 0
4 4
5 5
7 7
9 8 9
10 10 135
11 11
12 12
13 13
15 15 127
16 16
18 18
19 19
22 22
23 23
24 24
25 25
26 26
27 27 33
28 28
29 29
30 30
31 31
32 32
34 34
35 35
36 36 44
39 39
40 40
42 42
43 43
45 45
47 47
49 49
51 51 53
55 55
56 56 138
60 60
62 62
64 64 68 137
65 65
66 66
67 67
69 69
70 70
73 73
75 75 132
76 76
77 77 78
80 80
81 81
82 82
84 83 84
85 85
86 86
89 89
93 93
90 94
88 95
96 96
97 97
98 98
101 101
104 104
105 105
108 108
109 109
110 110
111 111
113 113
114 114
117 117
118 118
119 119
120 120
122 122
123 123
125 125
129 128
131 131
133 133
134 134
141 141
142 142
143 143
145 145
146 146
148 148
