1 77 70 25 66 10 90 85 24 49 90 12 67 40 20 67 99 76 99 98 54 26 7 63 96 93 28 42 37 27 28 96 47 80 91 88 31 29 91 29 36 19 5 80 11 81 32 61 71 9 39 9 23 72 94 62 60 97 69 57 21 83 15 35 62 63 84 58 22 18 16 45 52 27 92 46 86 44 43 46 64 22 46 45 22 13 8 87 48 3 13 22 63 47 7 41 33 6 7 51 17 56 38 17 82 89 17 78 51 50 11 25 100 1
47
1 1
20 2
3 3
5 5
6 6
7 7
8 8
9 9
12 12
39 14 39
16 16
17 17
19 19
21 21
26 26
28 28
29 29
33 33
35 35
40 40
41 41
42 42
45 45
49 49
50 50
91 53 91
13 55
58 58
61 61
62 62
63 63
64 64
67 67
76 68 76
71 71
72 72
93 73
77 77
81 81
82 82
83 83
85 85
87 87
90 90
94 94
99 99
100 100
