1 128 118 103 126 199 185 78 117 156 128 130 76 43 128 76 109 199 47 138 151 47 143 79 55 47 147 90 191 181 68 94 114 5 96 77 62 189 28 175 15 134 71 178 52 163 92 28 134 71 28 92 32 122 38 32 94 123 142 12 68 181 4 186 93 152 120 96 73 147 57 120 73 66 172 150 190 44 66 150 21 112 97 3 60 37 180 60 72 26 51 11 72 137 148 165 6 72 34 159 84 133 61 84 104 40 84 69 159 30 180 138 47 199 36 67 188 171 8 188 9 35 46 113 131 113 100 179 53 100 83 78 113 131 9 89 140 162 136 89 169 88 39 182 41 91 198 166 139 91 101 166 91 167 184 16 80 166 184 149 121 183 56 49 158 194 13 59 158 49 56 121 86 88 33 45 14 33 20 135 197 106 195 87 127 17 111 145 74 111 200 2 111 17 127 70 87 197 119 20 88 132 42 149 31 146 110 108 196 192 25 144 108 168 99 192 24 82 23 105 48 23 155 187 10 95 160 27 155 27 177 18 65 176 116 54 1
95
2 2
3 3
6 6
195 7
9 9
11 11
12 12
13 13
14 14
16 16
17 17
20 20
21 21
25 25
27 27
28 28
155 29 155
32 32
34 34
35 35
36 36
40 40
42 42
44 44
45 45
52 52
53 53
57 57
59 59
60 60
116 64 116
65 65
67 67
68 68
70 70
74 74
76 76
77 77
78 78
79 79
82 81 153
87 87
89 89
91 91
92 92
93 93
94 94
95 95
97 97
99 99
100 100 164
108 108
112 112
114 114
117 117
118 118
119 119
120 120
121 121
122 122
123 123
126 126
127 127
131 129 131
132 132
137 137
139 139
140 140
142 142
143 143
147 147
148 148
149 149
151 151
159 159
160 160
84 161
163 163
165 165
167 167
33 170
172 172
176 176
178 178
180 180
181 181
182 182
183 183
184 184
186 186
188 188
190 190
191 191
192 192
197 197
