187 86 156 141 37 59 37 141 103 88 153 29 3 27 88 151 94 4 7 68 162 185 199 195 63 195 199 70 162 185 32 122 71 22 109 22 71 181 100 65 140 117 64 65 183 197 24 46 81 123 150 148 123 15 127 82 101 28 116 184 57 28 127 81 60 24 168 197 34 197 24 34 61 65 174 64 95 58 159 157 19 53 35 137 165 74 129 160 39 69 146 114 93 41 146 69 1 26 0 114 134 154 194 165 137 96 180 16 194 167 33 130 139 189 193 54 189 89 54 97 135 14 20 21 192 106 163 111 106 6 169 149 132 143 12 6 106 108 21 90 105 17 36 8 66 98 144 98 155 104 166 78 166 186 2 30 173 72 136 178 161 49 191 188 49 77 49 188 11 113 104 52 144 172 98 177 145 179 125 110 179 36 145 38 7 99 67 138 50 142 175 102 128 124 133 181 124 128 75 102 9 31 50 196 99 118 47 67 18 121 37 187
85
2 2
6 6
7 7
8 8
9 9
12 12
59 13 59
15 15
18 18
124 23 124
29 29
30 30
32 32 45
33 33
36 36 87
39 39
41 41
37 42 120
69 44 69 171
47 47
63 48 63
52 52
53 53
54 54 55
58 58
65 65
67 67
68 68
70 70
71 71
72 72
117 73 117
78 78 164
114 79 114
189 80
82 82
157 83 157
86 86
89 89
90 90
101 92
93 93
94 94
95 95
97 97
77 107
108 108
109 109 131
110 110
111 111
144 119
34 126
127 127
128 128
132 132
133 133
134 134
136 136
140 140
142 142
146 146
148 148
150 150
106 152
153 153
154 154
156 156
160 160
161 161
162 162
163 163
165 165
166 166
169 169 190
172 172
173 173
175 175
159 176
180 180
181 181
183 183
184 184
191 191
196 196
199 199
