0 18 85 100 49 98 12 98 137 11 123 108 67 173 114 170 104 67 10 170 28 180 106 60 90 112 60 180 105 41 119 9 150 143 196 125 42 39 38 143 35 125 182 141 4 124 115 88 89 47 142 9 132 15 32 176 76 123 101 11 86 81 49 22 19 37 103 149 37 152 151 59 29 163 52 127 157 126 192 43 135 23 192 63 126 164 155 122 70 109 197 92 69 70 197 175 107 14 156 84 154 68 14 72 6 111 147 140 99 147 34 79 56 169 160 148 64 118 116 45 74 138 1 184 153 162 2 168 139 161 131 87 71 30 87 161 44 66 1 74 27 116 64 158 136 193 93 165 198 65 177 195 128 75 55 177 50 198 130 110 169 97 117 181 185 167 95 77 181 186 188 189 40 82 8 82 187 188 13 62 17 183 191 17 171 36 179 33 36 121 61 53 174 120 53 54 7 56 46 190 178 16 48 190 146 134 5 16 113 31 129 133 159 166 24 73 144 24 58 91 155 83 172 31 83 3 26 94 57 51 199 29 103 78 25 21 194 0
97
1 1
2 2
3 3
4 4
5 5
6 6
7 7
8 8 96
9 9
10 10
11 11
12 12 80
13 13
14 14
15 15
16 16
17 17
18 18
19 19
49 20 49
21 21
22 22
23 23
24 24
25 25
26 26
27 27
28 28
29 29
30 30
31 31
32 32
33 33
34 34
35 35
36 36
37 37
38 38
39 39
40 40
41 41
42 42
43 43
44 44
45 45
46 46
47 47
48 48
50 50
51 51
52 52
53 53
54 54
55 55
56 56
57 57
58 58
59 59
60 60
61 61
62 62
63 63
64 64
65 65
66 66
67 67
68 68
69 69
70 70
71 71
72 72
73 73
74 74
75 75
76 76
77 77
78 78
79 79
81 81
82 82
83 83
84 84
85 85
86 86
87 87
88 88
89 89
90 90
91 91
92 92
93 93
94 94
95 95
97 97
98 98
99 99
100 100
