e9 b4 j6 g2 f8 c4 j5 c9 a4 j5 i0 c6 e5 e4 c4 e5 a0 d9 j3 i7 h9 h1 h6 c2 h9 b2 g6 i1 i6 e8 b7 c0 c8 j2 b8 i6 a3 b0 j0 c3 i1 j3 c1 a9 e6 g0 i4 i5 g9 d0 f6 a2 a6 d8 f1 g4 j8 f1 c7 h2 e0 d8 g8 d1 d3 g5 g3 b5 d1 c5 h8 d4 f7 f5 e1 e3 f4 h3 i8 d2 h3 f2 g7 b1 f2 f4 e1 f7 f0 b3 f3 h5 g1 a5 h5 j4 j1 b6 a8 e2 h0 a8 f9 i3 e7 j7 i2 d5 i5 h4 a7 g9 d7 h7 i9 a1 b9 d6 a9 j9 e9
50
a1 a1
a4 a4
a8 a8
b1 b1
b2 b2
b3 b3
b5 b5
b6 b6
b7 b7
c8 c8
d0 d0
d1 d1
d2 d2
d3 d3
d4 d4
d5 d5
d7 d7
d8 d8
d9 d9
e0 e0
e2 e2
e8 e8
e9 e9
f1 f1
f6 f6
f8 f8
f9 f9
g1 g1
g2 g2
g3 g3
g4 g4
g8 g8
g9 g9
h2 h2
h3 h3
h4 h4
h5 h5
h6 h6
h9 h9
i0 i0
i1 i1
i2 i2
i3 i3
i6 i6
i7 i7
i8 i8
i9 i9
j1 j1
j2 j2
j3 j3
