According going thing got Very report perfect A proud very for money good fatherpaid Your Use Looking pick I this believe you Oan on Hang Breakfast up it shake and black think humans what According You lint your Wave in row told flying Is that fuzz Special Never thought make Three days grade high Those were glad tooka day hitchhiked around did come back growing Looks Hear about not care bees because anyway flies The the off body little fat its get small too are wings Its able be should bee a way no is there of laws known all to
50
to to
known known
of of
is is
way way
bee bee
be be
Its Its
are are
small small
its its
little little
off off
The The
anyway anyway
bees bees
what what
think think
and and
it it
Breakfast Breakfast
on on
you you
this this
pick pick
Use Use
fatherpaid fatherpaid
money money
very very
A A
report report
got got
going going
lint lint
Wave Wave
row row
flying flying
that that
Special Special
thought thought
Three Three
grade grade
Those Those
glad glad
day day
around around
come come
growing growing
Hear Hear
not not
