0 181 127 0 158 46 196 105 128 41 179 46 136 88 46 90 41 80 41 0 58 28 186 94 22 94 31 58 1 155 98 1 169 52 122 39 0 17 146 95 3 174 73 119 3 126 188 14 162 53 65 82 138 179 150 76 163 10 168 110 84 28 30 115 173 111 141 61 115 30 28 148 159 16 152 29 44 9 157 176 13 114 9 5 182 56 172 84 55 107 5 25 62 77 166 53 72 156 74 29 7 165 4 66 4 132 156 83 29 7 5 123 16 30 12 109 87 12 145 15 75 45 164 120 45 60 15 53 76 141 100 42 32 23 32 35 45 96 19 131 71 178 137 97 54 19 32 15 126 14 79 193 130 2 130 79 18 93 18 185 11 187 113 11 118 70 24 142 6 175 99 24 27 85 6 24 11 131 68 33 18 149 20 144 38 48 34 20 198 1 10 50 147 36 43 67 26 47 154 40 125 36 47 26 3 8 160 129 9 116 8 3 51 17 104 184 37 17 0
72
0 0
2 2 180
3 3
4 4
8 8 143
9 9
12 12
16 16
17 17
18 18
19 19
166 21
24 24
29 29
31 31
32 32
33 33
35 35
38 38
39 39 78 183 195
43 43
46 46
50 50
51 51
52 52
58 58
60 60
62 62
68 68
65 69
70 70
74 74
77 77
80 80 197
22 86
93 93 194
94 94
96 96
11 103
105 105
109 109
115 115
116 116
119 119
125 125
126 126
129 129
131 131
37 133
136 136
142 142
156 156
157 157
158 158
159 159
160 160
163 163
73 170
174 174
6 177 199
178 178
179 179
182 182
184 184
185 185
188 188
66 189
55 190
23 191
1 192
193 193
198 198
