0 70 91 52 32 91 60 68 57 60 43 97 85 19 7 73 5 12 34 55 6 34 22 89 4 22 12 87 94 84 67 50 24 62 13 24 67 2 27 25 94 77 66 81 61 48 59 77 92 44 93 53 77 33 63 46 33 71 90 82 17 11 26 45 54 58 75 98 99 72 98 54 38 80 74 40 16 80 14 9 94 49 28 35 10 95 30 79 28 65 23 28 18 11 49 90 21 52 42 96 56 1 20 41 31 47 20 83 1 88 57 51 86 78 51 76 64 3 19 97 36 60 37 15 29 91 8 0 69 39
50
1 1
2 2
3 3
4 4
5 5
6 6
8 8
10 10
11 11
14 14
15 15
17 17
25 25
26 26
28 28
30 30
31 31
32 32
33 33
35 35
36 36
37 37
39 39
40 40
42 42
44 44
48 48
51 51
57 57
58 58
60 60
63 63
65 65
67 67
69 69
70 70
72 72
73 73
74 74
76 76
80 80
82 82
83 83
85 85
86 86
90 90
91 91
92 92
97 97
98 98
