190 75 155 142 1 42 155 1 175 162 95 0 87 51 190 75 166 56 68 199 146 39 68 167 63 10 68 25 187 22 25 117 110 28 147 86 191 178 115 191 126 108 133 150 156 116 93 105 164 93 163 54 50 158 41 50 32 54 108 69 30 35 59 126 9 148 177 159 81 173 159 101 177 148 185 31 148 9 126 3 133 28 147 67 165 8 67 33 114 106 92 132 83 129 12 83 58 80 127 40 20 80 157 141 79 154 58 33 114 92 132 152 96 140 191 19 22 117 89 179 73 88 143 71 171 71 66 179 100 89 112 85 98 7 85 149 11 179 64 65 38 145 121 53 145 6 145 168 130 192 84 186 194 72 102 109 198 102 151 120 151 17 198 160 24 189 111 29 174 131 186 23 168 103 44 64 55 34 16 21 57 169 176 21 16 34 55 64 44 61 82 52 188 134 99 2 182 123 113 182 97 124 113 91 182 37 14 18 44 82 52 138 13 26 44 122 172 4 47 46 170 62 107 180 49 76 60 74 56 166 75 161 125 45 183 77 117 153 70 5 153 45 56 15 135 190
96
1 1
2 2
3 3
5 5
8 8
10 10
11 11
21 21
22 22
23 23
147 27
29 29
30 30
32 32
33 33
34 34
55 36 55
38 38
40 40
44 44
45 45
46 46
47 47
50 50
52 52
54 54
56 56
57 57
60 60
61 61
62 62
65 65
66 66
67 67
68 68
69 69
71 71
76 76
83 83
84 84
92 92
93 93
113 94 113
95 95
99 99
100 100
101 101
102 102
103 103
25 104
106 106
108 108
109 109
111 111
112 112
114 114
116 116
117 117
9 118
121 121
123 123
129 129
132 132
133 133
135 135
165 136 165
6 137
138 138
115 139
141 141
142 142
146 146 193
149 149
152 152
153 153
156 156
162 162
163 163
164 164
166 166
168 168
169 169
172 172
173 173
176 176
177 177
179 179
120 181
182 182
185 185
186 186
188 188
189 189
192 192
171 195
198 198
