Loc1 Loc165 Loc161 Loc173 Loc185 Loc145 Loc79 Loc26 Loc195 Loc54 Loc95 Loc117 Loc73 Loc97 Loc161 Loc109 Loc173 Loc107 Loc132 Loc151 Loc10 Loc102 Loc130 Loc134 Loc100 Loc77 Loc108 Loc51 Loc168 Loc77 Loc108 Loc51 Loc69 Loc17 Loc48 Loc186 Loc60 Loc49 Loc108 Loc51 Loc168 Loc45 Loc88 Loc159 Loc20 Loc86 Loc126 Loc86 Loc20 Loc159 Loc120 Loc191 Loc156 Loc194 Loc70 Loc78 Loc83 Loc88 Loc19 Loc136 Loc131 Loc144 Loc129 Loc91 Loc16 Loc54 Loc10 Loc75 Loc56 Loc27 Loc18 Loc135 Loc16 Loc175 Loc154 Loc82 Loc68 Loc17 Loc40 Loc13 Loc36 Loc150 Loc72 Loc98 Loc146 Loc90 Loc72 Loc150 Loc44 Loc151 Loc173 Loc43 Loc192 Loc31 Loc112 Loc29 Loc184 Loc167 Loc38 Loc87 Loc133 Loc177 Loc139 Loc184 Loc29 Loc112 Loc166 Loc156 Loc151 Loc10 Loc103 Loc0 Loc91 Loc16 Loc127 Loc152 Loc101 Loc160 Loc183 Loc92 Loc183 Loc160 Loc187 Loc46 Loc166 Loc112 Loc11 Loc2 Loc34 Loc59 Loc46 Loc187 Loc160 Loc101 Loc137 Loc101 Loc152 Loc171 Loc140 Loc39 Loc6 Loc39 Loc89 Loc57 Loc152 Loc127 Loc16 Loc175 Loc148 Loc61 Loc64 Loc3 Loc141 Loc188 Loc65 Loc3 Loc196 Loc111 Loc176 Loc143 Loc118 Loc96 Loc47 Loc53 Loc196 Loc169 Loc188 Loc198 Loc8 Loc14 Loc158 Loc191 Loc58 Loc174 Loc164 Loc119 Loc164 Loc155 Loc74 Loc131 Loc193 Loc111 Loc136 Loc111 Loc176 Loc35 Loc121 Loc165 Loc157 Loc85 Loc81 Loc63 Loc93 Loc5 Loc165 Loc1
83
Loc1 Loc1
Loc3 Loc3
Loc143 Loc4 Loc110
Loc5 Loc5
Loc6 Loc6 Loc115
Loc8 Loc8
Loc126 Loc12 Loc126
Loc13 Loc13
Loc136 Loc15
Loc18 Loc18 Loc50
Loc19 Loc19
Loc90 Loc22
Loc26 Loc26
Loc151 Loc28
Loc29 Loc29 Loc180
Loc31 Loc31 Loc76
Loc137 Loc33
Loc36 Loc36
Loc165 Loc37 Loc153
Loc38 Loc38 Loc122
Loc39 Loc39
Loc44 Loc44
Loc45 Loc45
Loc51 Loc51
Loc164 Loc55 Loc164
Loc58 Loc58
Loc59 Loc59
Loc60 Loc60
Loc78 Loc62
Loc63 Loc63
Loc64 Loc64
Loc16 Loc66
Loc68 Loc68 Loc99 Loc199
Loc69 Loc69
Loc70 Loc70
Loc72 Loc72
Loc73 Loc73
Loc82 Loc82
Loc83 Loc83
Loc85 Loc85 Loc128
Loc87 Loc87
Loc89 Loc89
Loc91 Loc91
Loc92 Loc92 Loc106
Loc97 Loc97
Loc98 Loc98
Loc102 Loc102 Loc114
Loc127 Loc104 Loc127
Loc111 Loc111
Loc112 Loc112
Loc35 Loc113
Loc117 Loc117
Loc119 Loc119
Loc121 Loc121
Loc2 Loc123
Loc130 Loc130
Loc131 Loc131
Loc132 Loc132
Loc135 Loc135
Loc144 Loc144
Loc145 Loc145
Loc150 Loc150
Loc152 Loc152
Loc154 Loc154
Loc155 Loc155
Loc156 Loc156
Loc157 Loc157
Loc160 Loc160
Loc161 Loc161
Loc166 Loc166 Loc178
Loc167 Loc167
Loc169 Loc169
Loc171 Loc171
Loc183 Loc172 Loc183
Loc175 Loc175
Loc177 Loc177
Loc186 Loc186
Loc187 Loc187
Loc188 Loc188
Loc192 Loc192
Loc194 Loc194
Loc196 Loc196
Loc198 Loc198
