Loc1 Loc37 Loc92 Loc57 Loc69 Loc65 Loc53 Loc25 Loc44 Loc25 Loc53 Loc27 Loc92 Loc89 Loc25 Loc53 Loc27 Loc4 Loc87 Loc16 Loc35 Loc52 Loc70 Loc50 Loc51 Loc18 Loc90 Loc94 Loc34 Loc10 Loc59 Loc38 Loc54 Loc67 Loc42 Loc55 Loc73 Loc21 Loc73 Loc3 Loc64 Loc95 Loc80 Loc55 Loc64 Loc43 Loc60 Loc47 Loc85 Loc15 Loc64 Loc55 Loc80 Loc75 Loc10 Loc34 Loc2 Loc31 Loc24 Loc31 Loc2 Loc7 Loc20 Loc7 Loc2 Loc34 Loc10 Loc75 Loc6 Loc94 Loc48 Loc90 Loc18 Loc71 Loc12 Loc70 Loc16 Loc87 Loc4 Loc58 Loc26 Loc91 Loc78 Loc32 Loc17 Loc84 Loc23 Loc65 Loc88 Loc45 Loc88 Loc5 Loc49 Loc37 Loc1
38
Loc31 Loc0
Loc2 Loc2 Loc11
Loc3 Loc3 Loc29
Loc4 Loc4
Loc6 Loc6
Loc7 Loc7 Loc68
Loc21 Loc9 Loc21
Loc10 Loc10
Loc92 Loc13 Loc92
Loc15 Loc15
Loc17 Loc17
Loc18 Loc18 Loc63 Loc98
Loc37 Loc19
Loc20 Loc22
Loc25 Loc25 Loc56
Loc32 Loc32
Loc34 Loc34
Loc38 Loc38
Loc44 Loc41 Loc62
Loc42 Loc42
Loc43 Loc43
Loc45 Loc45 Loc76
Loc16 Loc46
Loc47 Loc47
Loc49 Loc49
Loc50 Loc50
Loc52 Loc52
Loc53 Loc53
Loc55 Loc55
Loc65 Loc65 Loc81
Loc69 Loc69
Loc70 Loc70
Loc57 Loc72
Loc87 Loc74 Loc87
Loc24 Loc79
Loc80 Loc80
Loc90 Loc90
Loc91 Loc91
