0 7 81 52 40 51 79 70 23 51 9 23 28 43 54 19 65 5 8 92 72 8 21 38 94 19 27 45 15 63 69 15 18 16 57 98 97 42 86 16 18 10 98 82 39 87 34 13 83 84 99 89 11 1 31 99 13 6 34 24 53 95 3 56 62 20 96 20 49 14 91 88 90 50 88 35 36 29 68 93 25 47 71 37 81 55 12 40 2 58 32 75 64 78 44 59 80 66 33 80 48 41 67 26 85 33 37 0
47
1 1 4
2 2
5 5
6 6
7 7
9 9
10 10
11 11
12 12
16 16 77
18 18
19 19
20 20
21 21
23 23
24 24
32 32
36 36
37 37
38 38
42 42
45 45
47 47
48 48
49 49
51 51
53 53
55 55
59 59
96 60
64 64
70 70
71 71
72 72
41 73 76
80 80
82 82
83 83
86 86
87 87
88 88
89 89
90 90
93 93
95 95
97 97
98 98
