gc as ac gc ej ad gl dr bb bt f bf cb gr af cj ee cl ct cw bc by ah bc bs bz gn dx ei gh x dx fv fq ce fk fv bd p o fu ev ct cl cs bi fc ca dz bi cj el cv ao ag fp gd bf fn ae ex dl av ex dm bb ap dr be bx au gl be ad gj di gi d eq cy n eq dt ak gb n d dh en dq bp cf cu ea w bj cu fi cf aw do eh aw h dj gg dp eo bq c dd cc ci at fe fs ff ay e c a gq es eg du dw eg aj du ga m y aj eg fg bu gq v dn ai v dk dc cz ar dc aq b bn df et bk fm u dg fr q r bw co as ba bw ax r fx fd fo ft bo an bl gm dg cm ab bk ds cp cr k cp j bv gf fw dy bh gp ew cg fy fb ed fl cn ed fj g br fb al er eu l go z de ep ef ch am cd ck z dv al fy cx db fa bg ge bm i bg t ec gp fz gk em aa gk gc
99
a a
b b
d d
e e
g g
j j
p p
q q
u u
v v
y y
ab ab
ac ac
ad ad
ae ae
ah ah
ai ai
am am
an an
ao ao
ap ap
as as
at at
aw aw
db az db
bb bb
bc bc
bi bi
bj bj
bl bl
bn bn
bp bp
bq bq
br br
bt bt
bu bu
bv bv
bx bx
by by
cg cg
cj cj
ck ck
cl cl
cm cm
cn cn
co co
cp cp
gl cq
cr cr
cs cs
cv cv
cz cz
dg dg
dh dh
di di
dj dj
dn dn
do do
dp dp
dq dq
ds ds
dw dw
dx dx
dy dy
ee ee
el el
em em
en en
ep ep
eq eq
er er
es es
et et
bf ey
fa fa
fd fd
fe fe
ff ff
df fh
fi fi
fk fk
fn fn
fo fo
fq fq
fr fr
ft ft
fw fw
fy fy
ga ga
ge ge
gg gg
gh gh
gi gi
gj gj
gk gk
gm gm
gn gn
go go
gq gq
