Liam Jaxon Isaiah Charles Andrew Owen Michael Luke Aaron Oliver Grayson Jack Christopher Gabriel Noah Dylan Noah Joseph Joshua Noah Gabriel Logan John Jayden Daniel Mateo Alexander Samuel Sebastian Isaac Mateo Alexander Samuel Alexander Samuel Mason William Elijah Mason William Grayson Oliver Charles Andrew Lucas Julian Lucas Andrew Caleb James Jaxon Liam
18
Liam Liam Benjamin
Noah Noah
William William Carter
James James
Logan Logan
Mason Mason
Elijah Elijah
Oliver Oliver
Joseph Jacob Matthew Joseph
Lucas Lucas Jackson
Michael Michael
Alexander Alexander Henry
Julian Ethan
Daniel Daniel
Jaxon Aiden David
Samuel Samuel
Sebastian Sebastian
Dylan Wyatt
