Liam Jordan Leonardo George Ethan Brantley Kai Blake Calvin Nathan Kevin John Messiah Zion Hayden Austin Rowan Theodore Jude Zachary Hunter Zachary Jude Zachary Hunter Steven Abel Weston Kevin Finn Kevin Weston Abel Steven James Steven Sawyer Eli Tyler Waylon Jaxon King Matthew John Messiah Zion Rhett Christian Nicholas Silas Ryder Zion Messiah Eric Samuel Emmanuel Gael Wyatt Edward Wyatt Gael Dawson Declan Brayden Declan Dawson Alejandro Dawson Gavin Waylon Marcus Waylon Gavin Zion Hayden Bennett John Messiah Miguel Amir Aaron Chase Dean Patrick Oliver Patrick Dean Chase Aaron Chase Dean Beau Dean Patrick Easton Richard Aiden Tucker Charles Tucker Aiden Richard Preston Richard Aiden Tucker Colton Adam Malachi Bryson Malachi Adam Malachi Henry Jayce Gabriel Jayce Matthew John Kevin Nathan Connor Jasper Elliot Brody Elliot Jasper Alan Santiago Kaleb Antonio Jesse Kaleb Abraham Giovanni Abraham Kaleb Antonio Grant Zayden August Jackson Ezra Jose Ashton Grant Max Jayden Bentley Camden Maverick Noah Brandon Kingston Miles Nolan Elijah Nolan Miles Kingston Brandon Noah Lucas Joshua Jason Wesley Caleb Elliott Jeremy Joel Dylan Joel Jeremy Elliott Carter Santiago Alan Jasper Elliot Grayson Maxwell Anthony Maverick Noah Lucas Joshua Jack Jordan Leonardo Xander Maddox Ezekiel Maddox Kaiden Maddox Xander Oscar Xander Leonardo George Emmett Graham Maximus Graham Emmett Xavier Emmett George Ethan Juan Ivan Hudson Jameson Matteo Julian Matteo Jameson Hudson Ivan Juan Braxton Brantley Ethan George Leonardo Jordan Jack Joshua Jack Jordan Liam
69
Liam Liam Evan
Noah Noah
Beau William
James James Isaac
Nolan Logan Nolan
Jameson Benjamin
Charles Mason Charles
Elijah Elijah Adrian
Oliver Oliver Andrew
Finn Jacob
Lucas Lucas
Aaron Michael Aaron
Grayson Alexander Grayson
Ethan Ethan
Kaiden Daniel
Matthew Matthew
Aiden Aiden Mateo
Henry Henry
Jude Joseph Jace
Jackson Jackson
Samuel Samuel
Edward Sebastian
Brody David
Carter Carter
Wyatt Wyatt
Jayden Jayden
John John
Antonio Owen
Dylan Dylan Lincoln
Kingston Luke
Gabriel Gabriel Cameron
Anthony Anthony Angel
Jack Jack
Julian Julian Josiah
Oscar Levi
Kai Christopher Carson
Joshua Joshua
Xavier Ryan Xavier
Jaxon Jaxon
Nathan Nathan
Hunter Isaiah Thomas Hunter
Caleb Caleb
Christian Christian
Eli Eli
Preston Jonathan
Connor Connor
Bennett Landon
Brayden Asher Brayden
Bryson Leo Bryson
Theodore Theodore
Ezekiel Jeremiah Ezekiel
Hudson Hudson
Giovanni Robert
Easton Easton
Nicholas Nicholas
Ezra Ezra
Colton Colton
Jordan Jordan
Maximus Dominic
Austin Austin
Alejandro Ian
Adam Adam
Kaleb Elias
Weston Jaxson
Eric Greyson
Jose Jose
Maverick Maverick
Grant Cooper
Marcus Parker
