LOC16 LOC94 LOC5 LOC52 LOC19 LOC5 LOC37 LOC46 LOC53 LOC65 LOC28 LOC82 LOC81 LOC12 LOC34 LOC20 LOC90 LOC34 LOC82 LOC37 LOC80 LOC72 LOC7 LOC92 LOC10 LOC80 LOC95 LOC22 LOC1 LOC16 LOC18 LOC15 LOC46 LOC25 LOC59 LOC13 LOC42 LOC66 LOC49 LOC74 LOC6 LOC76 LOC93 LOC62 LOC93 LOC76 LOC14 LOC29 LOC87 LOC70 LOC6 LOC87 LOC48 LOC56 LOC48 LOC61 LOC27 LOC82 LOC28 LOC91 LOC78 LOC32 LOC68 LOC27 LOC82 LOC34 LOC69 LOC0 LOC23 LOC97 LOC0 LOC36 LOC51 LOC73 LOC67 LOC43 LOC29 LOC55 LOC3 LOC51 LOC36 LOC26 LOC4 LOC47 LOC63 LOC45 LOC71 LOC44 LOC33 LOC9 LOC33 LOC64 LOC84 LOC2 LOC77 LOC8 LOC77 LOC2 LOC24 LOC86 LOC30 LOC24 LOC57 LOC83 LOC41 LOC16
37
LOC3 LOC3
LOC4 LOC4
LOC9 LOC9 LOC85
LOC12 LOC12
LOC15 LOC15
LOC8 LOC17
LOC18 LOC18
LOC20 LOC20
LOC22 LOC22
LOC23 LOC23
LOC25 LOC25
LOC26 LOC26
LOC28 LOC28
LOC29 LOC29
LOC61 LOC31 LOC61
LOC33 LOC33
LOC36 LOC36
LOC37 LOC37
LOC43 LOC43
LOC45 LOC45 LOC50 LOC79
LOC46 LOC46
LOC47 LOC47
LOC52 LOC52
LOC53 LOC53
LOC56 LOC56 LOC98
LOC57 LOC57
LOC59 LOC59
LOC62 LOC62 LOC89
LOC70 LOC70
LOC73 LOC73 LOC99
LOC78 LOC78
LOC81 LOC81
LOC82 LOC82
LOC90 LOC90
LOC95 LOC95
LOC44 LOC96
LOC97 LOC97
