zero three two zero seven fourteen twentyone fifteen twentytwo twentynine thirtyfive thirtyfour thirtythree thirtytwo thirtyone thirty twentynine thirtysix fortythree fortynine fortyeight fortyseven fortysix fortyfive fortyfour fortythree fortynine fortytwo thirtysix thirtyseven thirtyeight thirtynine forty fortyone thirtyfour twentyseven twentysix twentyfive twentyfour twentythree twentytwo twentyeight twentyseven twenty nineteen eighteen seventeen sixteen fifteen eight fourteen thirteen twelve eleven ten nine eight one zero
24
three three
zero five six
seven seven
nine nine
eleven eleven
twelve twelve
thirteen thirteen
fourteen fourteen
fifteen fifteen
sixteen sixteen
eighteen eighteen
nineteen nineteen
twenty twenty
twentyfive twentyfive
thirtyone thirtyone
thirtytwo thirtytwo
thirtyfour thirtyfour
thirtyfive thirtyfive
thirtyseven thirtyseven
thirtyeight thirtyeight
forty forty
fortytwo fortytwo
fortyfive fortyfive
fortysix fortysix
