zero six seven fourteen twentyone twentyeight thirtyfive fortytwo fortynine fiftysix sixtythree seventy seventyseven eightyfour ninetyone ninetyeight ninetyseven ninetysix ninetyfive ninetyfour ninetythree ninetytwo eightyfive ninetyone ninety eightynine eightyeight eightyseven eightysix eightyfive seventyeight eightyfour eightythree eightytwo eightyone eighty seventynine seventyeight seventyone seventyseven seventysix seventyfive seventyfour seventythree seventytwo seventyone sixtyfour seventy sixtynine sixtyeight sixtyseven sixtysix sixtyfive sixtyfour fiftyseven sixtythree sixtytwo sixtyone sixty fiftynine fiftyeight fiftyseven fifty fiftysix fiftyfive fiftyfour fiftythree fiftytwo fiftyone fifty fortythree fortynine fortyeight fortyseven fortysix fortyfive fortyfour fortythree thirtysix fortytwo fortyone forty thirtynine thirtyeight thirtyseven thirtysix twentynine thirtyfive thirtyfour thirtythree thirtytwo thirtyone thirty twentynine twentytwo twentyeight twentyone fifteen sixteen seventeen eighteen nineteen twelve five zero four three zero seven fourteen eight fifteen twentytwo twentythree twentyfour twentyfive twentysix twentyseven twenty thirteen six zero seven six thirteen twelve eleven ten nine eight one zero
50
zero two
three three
four four
five five
six six
ten ten
twelve twelve
fourteen fourteen
fifteen fifteen
twenty twenty
twentytwo twentytwo
twentyfour twentyfour
twentyfive twentyfive
twentynine twentynine
thirty thirty
thirtythree thirtythree
thirtyfour thirtyfour
thirtyfive thirtyfive
thirtysix thirtysix
thirtyseven thirtyseven
thirtynine thirtynine
fortyfour fortyfour
fortyfive fortyfive
fortyseven fortyseven
fortyeight fortyeight
fifty fifty
fiftyone fiftyone
fiftythree fiftythree
fiftyfive fiftyfive
fiftyseven fiftyseven
sixty sixty
sixtyone sixtyone
sixtytwo sixtytwo
sixtyfive sixtyfive
sixtysix sixtysix
sixtyseven sixtyseven
sixtyeight sixtyeight
seventy seventy
seventyone seventyone
seventyfive seventyfive
seventyseven seventyseven
seventyeight seventyeight
seventynine seventynine
eightyone eightyone
eightytwo eightytwo
eightyfour eightyfour
eightyseven eightyseven
eightyeight eightyeight
eightynine eightynine
ninetyfive ninetyfive
