zero six five zero seven three zero four two zero sixtynine sixtyeight sixtyseven sixtysix sixtyfive sixtyfour seventyone seventyseven seventysix seventyfive seventyfour seventythree seventytwo seventyone seventyeight eightyfive ninetyone ninety eightynine eightyeight eightyseven eightysix eightyfive ninetytwo ninetyeight ninetyseven ninetysix ninetyfive ninetyfour ninetythree ninetytwo ninetynine onehunfive onehunfour onehunthree onehuntwo onehunone onehun ninetynine onehunsix onehuntwelve onehuneleven onehunten onehunnine onehuneight onehunseven onehunsix onehunthirteen onehunnineteen onehuneighteen onehunseventeen onehunsixteen onehunfifteen onehunfourteen onehunthirteen onehuntwenty onehuntwentysix onehuntwentyfive onehuntwentyfour onehuntwentythree onehuntwentytwo onehuntwentyone onehuntwenty onehuntwentyseven onehunthirtythree onehunthirtytwo onehunthirtyone onehunthirty onehuntwentynine onehuntwentyeight onehuntwentyseven onehunthirtyfour onehunforty onehunthirtynine onehunthirtyeight onehunthirtyseven onehunthirtysix onehunthirtyfive onehunthirtyfour onehunfortyone onehunfortyseven onehunfortysix onehunfortyfive onehunfortyfour onehunfortythree onehunfortytwo onehunfortyone onehunfortyeight onehunfiftyfour onehunfiftythree onehunfiftytwo onehunfiftyone onehunfifty onehunfortynine onehunfortyeight onehunfiftyfive onehunsixtyone onehunsixty onehunfiftynine onehunfiftyeight onehunfiftyseven onehunfiftysix onehunfiftyfive onehunsixtytwo onehunsixtyeight onehunsixtyseven onehunsixtysix onehunsixtyfive onehunsixtyfour onehunsixtythree onehunsixtytwo onehunsixtynine onehunseventyfive onehunseventyfour onehunseventythree onehunseventytwo onehunseventyone onehunseventy onehunsixtynine onehunseventysix onehuneightytwo onehuneightyone onehuneighty onehunseventynine onehunseventyeight onehunseventyseven onehunseventysix onehuneightythree onehunninety onehunninetysix onehunninetyfive onehunninetyfour onehunninetythree onehunninetytwo onehunninetyone onehunninety onehuneightynine onehuneightythree onehuneightyfour onehuneightyfive onehuneightysix onehuneightyseven onehuneightyeight eightyfour seventyeight seventynine eighty eightyone eightytwo eightythree seventy sixtyfour fiftyseven sixtythree sixtytwo sixtyone sixty fiftynine fiftyeight fiftyseven fifty fiftysix fiftyfive fiftyfour fiftythree fiftytwo fiftyone fifty fortythree fortynine fortyeight fortyseven fortysix fortyfive fortyfour fortythree thirtysix fortytwo fortyone forty thirtynine thirtyeight thirtyseven thirtysix twentynine thirtyfive thirtyfour thirtythree thirtytwo thirtyone thirty twentynine twentytwo twentyeight twentyseven twentysix twentyfive twentyfour twentythree twentytwo fifteen twentyone twenty nineteen eighteen seventeen sixteen fifteen eight fourteen thirteen twelve eleven ten nine eight one
100
one one
two two
three three
six six
seven seven
ten ten
eleven eleven
twelve twelve
fourteen fourteen
fifteen fifteen
sixteen sixteen
seventeen seventeen
twenty twenty
twentythree twentythree
twentyfive twentyfive
twentysix twentysix
twentyseven twentyseven
twentynine twentynine
thirtythree thirtythree
thirtyfour thirtyfour
thirtyseven thirtyseven
thirtyeight thirtyeight
fortythree fortythree
fortyfour fortyfour
fortyfive fortyfive
fortynine fortynine
fiftytwo fiftytwo
fiftythree fiftythree
fiftyfive fiftyfive
fiftyseven fiftyseven
fiftyeight fiftyeight
sixty sixty
sixtyfour sixtyfour
sixtysix sixtysix
sixtyseven sixtyseven
sixtynine sixtynine
seventy seventy
seventyone seventyone
seventytwo seventytwo
seventyfive seventyfive
seventyseven seventyseven
seventyeight seventyeight
seventynine seventynine
eightytwo eightytwo
eightythree eightythree
eightyfour eightyfour
eightyseven eightyseven
ninetyeight ninetyeight
ninetynine ninetynine
onehunone onehunone
onehuneight onehuneight
onehunten onehunten
onehuneleven onehuneleven
onehunthirteen onehunthirteen
onehunsixteen onehunsixteen
onehunseventeen onehunseventeen
onehuneighteen onehuneighteen
onehunnineteen onehunnineteen
onehuntwentyone onehuntwentyone
onehuntwentythree onehuntwentythree
onehuntwentyfour onehuntwentyfour
onehuntwentysix onehuntwentysix
onehuntwentyseven onehuntwentyseven
onehuntwentyeight onehuntwentyeight
onehunthirty onehunthirty
onehunthirtyfive onehunthirtyfive
onehunforty onehunforty
onehunfortythree onehunfortythree
onehunfortyfour onehunfortyfour
onehunfortyfive onehunfortyfive
onehunfortysix onehunfortysix
onehunfortynine onehunfortynine
onehunfifty onehunfifty
onehunfiftyfour onehunfiftyfour
onehunfiftyseven onehunfiftyseven
onehunfiftynine onehunfiftynine
onehunsixty onehunsixty
onehunsixtyone onehunsixtyone
onehunsixtythree onehunsixtythree
onehunsixtyfour onehunsixtyfour
onehunsixtyfive onehunsixtyfive
onehunsixtysix onehunsixtysix
onehunsixtynine onehunsixtynine
onehunseventy onehunseventy
onehunseventyone onehunseventyone
onehunseventythree onehunseventythree
onehunseventyfour onehunseventyfour
onehunseventyfive onehunseventyfive
onehunseventysix onehunseventysix
onehunseventyeight onehunseventyeight
onehuneighty onehuneighty
onehuneightyone onehuneightyone
onehuneightytwo onehuneightytwo
onehuneightyfour onehuneightyfour
onehuneightyseven onehuneightyseven
onehunninety onehunninety
onehunninetyone onehunninetyone
onehunninetytwo onehunninetytwo
onehunninetythree onehunninetythree
onehunninetyfour onehunninetyfour
