90 25 69 13 97 67 70 19 97 1 40 85 45 40 97 82 91 74 81 76 71 28 47 80 28 79 53 12 29 26 12 53 62 24 87 22 87 92 16 17 72 16 92 93 94 64 61 39 64 94 93 24 55 48 18 86 93 94 51 2 78 20 78 30 78 20 78 8 43 8 78 2 47 80 28 71 96 52 73 75 52 88 52 58 14 58 52 58 38 9 52 88 23 90 15 56 25 69 3 34 25 90
36
43 43 10
70 11
2 2
25 25
19 35 31 19
20 20 41 4
9 9
34 34
14 33 14
93 32
18 36 18
22 21 22
30 30 37
38 46 38
8 8
45 45 49
17 7 17
13 13
12 12
85 44
40 40
29 42 29
47 47
3 3
1 1
26 26
52 27 0
23 23
88 6
78 5
15 15
24 24
28 28
48 48
39 39
16 16
