80 193 55 3 127 40 57 141 127 3 88 10 8 162 8 35 135 86 106 109 160 20 79 12 36 150 15 114 110 150 92 182 59 70 190 115 59 115 190 177 33 177 120 183 44 87 151 120 98 90 28 144 94 169 194 112 104 142 192 78 6 51 183 104 4 31 2 5 178 13 173 118 48 179 5 173 5 179 48 139 75 11 113 11 85 144 28 84 117 84 28 144 94 133 172 29 75 62 176 66 152 176 45 149 180 187 69 41 69 163 22 72 68 37 26 68 180 68 171 50 153 138 158 32 99 42 99 47 189 183 44 107 47 170 73 64 130 116 67 105 73 122 3 95 122 95 105 27 185 61 1 91 40 57 141 131 129 14 147 197 25 38 14 188 146 119 161 119 60 21 52 71 58 81 123 21 74 52 21 96 140 100 96 100 140 126 39 126 140 101 157 38 131 129 154 145 131 54 159 80
90
80 80
29 29
27 27 97
12 12
44 44
60 60
188 77
5 5
74 74
21 21
35 35
100 24
37 37
26 93 26
67 67
41 41 30
189 83
79 79
51 51
153 19 65
50 50
4 4
94 94
33 33 17
84 84
96 96 16
98 98
69 69
117 76
13 13
78 78
92 92
45 45
39 39 18
95 95
25 25
47 47
173 63
113 82
73 73
70 70
91 91
22 22
66 66
36 36
15 15
64 64
20 20 53
31 31
48 46 48
55 55
2 2
81 81
57 57
88 88
162 49
72 72
54 54
59 89 59
109 0
58 58
42 42
75 75
8 8
180 23
38 38
11 11
176 34
85 85
32 32
62 62
10 10
71 71
52 52
14 14
6 6
144 43
86 86
61 61
90 90
99 99
1 1
194 9
140 7
28 28
40 40
68 68
87 87
161 56
3 3
