Afghanistan Kuwait Kiribati Afghanistan Loochoo Kazakhstan Afghanistan Japan Italy Afghanistan Jordan HolySee Afghanistan Honduras Hawaii Afghanistan LewChew HanseaticRepublics Afghanistan Kenya Haiti Afghanistan Iraq Guyana Afghanistan Iran GuineaBissau Afghanistan Kosovo Guatemala Afghanistan Hungary Greece Afghanistan Hesse Germany Afghanistan Guinea Georgia Afghanistan Ireland Gabon Afghanistan Korea France Afghanistan Israel Fiji Afghanistan Ghana Ethiopia Afghanistan Hanover Estonia Afghanistan Jamaica Eritrea Afghanistan Latvia EquatorialGuinea Afghanistan Grenada Egypt Afghanistan Eswatini Ecuador Afghanistan Laos Dominicanrepublic Afghanistan Kyrgyzstan Dominica Afghanistan ElSalvador Djibouti Afghanistan Finland Denmark Congo Czechoslovakia Czechi Cyprus Cuba Croatia CotedIvoire Costarica Comoros Colombia China Chile Chad Canada Cameroon Cambodia Cabo Burundi Burma Burkina Bulgaria Brunswick Brunei Brazil Botswana Bosnia Bolivia Benin Belize Belgium Belarus Bavaria Barbados Bangladesh Bahrain Baden Azerbaijan Austrian Austria Australia Armenia Argentina Antigu Angola Andorra Algeria Albania
50
Afghanistan Afghanistan
Albania Albania
Algeria Algeria
Andorra Andorra
Angola Angola
Antigu Antigu
Argentina Argentina
Armenia Armenia
Australia Australia
Austria Austria
Austrian Austrian
Azerbaijan Azerbaijan
Baden Baden
Bahrain Bahrain
Bangladesh Bangladesh
Barbados Barbados
Bavaria Bavaria
Belarus Belarus
Belgium Belgium
Belize Belize
Benin Benin
Bolivia Bolivia
Bosnia Bosnia
Botswana Botswana
Brazil Brazil
Brunei Brunei
Brunswick Brunswick
Bulgaria Bulgaria
Burkina Burkina
Burma Burma
Burundi Burundi
Cabo Cabo
Cambodia Cambodia
Cameroon Cameroon
Canada Canada
Chad Chad
Chile Chile
China China
Colombia Colombia
Comoros Comoros
Costarica Costarica
CotedIvoire CotedIvoire
Croatia Croatia
Cuba Cuba
Cyprus Cyprus
Czechi Czechi
Czechoslovakia Czechoslovakia
Congo Congo
Denmark Denmark
Djibouti Djibouti
