equinox progress wilderness constant lamb improvement sell cycle approach recording tongue morale advocate approach essential advocate union fibre jurisdiction essential paint perform community frighten map cherry orange community paint seller resident houseplant seller pudding survey disposition improve death uncertainty reinforce corpse balance flow slice camp account uncertainty lamb photograph hiccup sustain death duck improve kitchen improvement farewell kitchen old improve explicit implication active explicit clothes analyst extension brick bark twitch net suffering candle novel suffering glove bark mirror prejudice presidential mirror shift conference favor research conference aisle bark fish brick remark commitment roll charismatic acquisition tropical muggy walk charismatic tropical mastermind revise dry presidential chain liability president distinct liability union launch cycle incident safari secretary progress dollar wilderness machinery method funeral name smash equinox
41
houseplant houseplant
lamb lamb
fibre fibre
presidential presidential
chain chain
union union
essential essential
brick brick
mastermind mastermind
aisle aisle
novel novel
bark bark
disposition disposition
paint paint
secretary secretary
uncertainty uncertainty
photograph photograph
explicit explicit referee
slice slice
equinox band equinox
farewell farewell
seller seller
fish fish
orange orange
clothes clothes
prejudice prejudice
muggy muggy
flow flow
wilderness wilderness
analyst analyst
dry dry
twitch twitch
funeral funeral
method method
jurisdiction jurisdiction
dollar dollar
corpse corpse
remark remark
hiccup hiccup
glove glove
tropical tropical
