novel genetic bear opposite discreet jelly pursuit novel anger pipe operational line sensitivity exercise freedom separate exercise distributor compromise strong glory slump talkative deprivation compromise polish statement tournament rock valley statement presence flight sit deprivation clock salesperson share admiration attractive posture salesperson plane clock prevent fitness set injury category fitness splurge plug pump need preoccupation inquiry voice sacrifice irony guideline increase sacrifice wear sketch lot likely engineer control increase voice splurge ghost final diagram wage parallel forest around parallel ghost diagram precede extension appearance hit crossing appearance peasant wording park agenda physical spell cemetery agenda ensure lemon gun ensure aspect gun descent implication hallway innovation hierarchy Bible protect reduction brain allow ideal mouse allow tip feign bacon consideration achievement fairy protect cooperative Bible feign hallway opposition pray vehicle consensus unanimous opposition descent extension hit advance hiccup projection connection hit tune leg terminal twitch coffee transform arise incongruous terminal arise wing opposition wife performance title girl performance shed gloom depressed range privilege depressed shed inspector few overlook incapable sex leadership track sex slam grimace Mars dialect literature quotation money literature Mars thrust reflection satellite Mars slam duck few coma minor spine pepper office seller peanut pastel minor pepper pedestrian nominate prospect pedestrian flourish abortion AIDS ground packet tease affect soap packet sentiment formulate sweet ton sentiment resort exercise racism button sticky separate symbol lump speech sequence flight linger differ preparation grudge lead mud resort distributor impound nap criminal moment go extend survival go anniversary moment nap dark float skin quaint reject judicial fool reject skin operational novel election row
78
row row
guideline guideline
impound impound
feign feign
mouse mouse
park park
minor minor
admiration admiration
diagram diagram
descent descent
button button
prospect prospect
affect affect
need need
overlook overlook
pump pump
privilege privilege
aspect aspect
survival survival
parallel parallel
sacrifice sacrifice
mud mud
sit sit
packet packet
category category
ensure ensure
distributor distributor
line line
literature literature
gloom gloom
rock rock
appearance appearance
float float
tip tip
ghost ghost
pedestrian pedestrian
plug plug
consideration consideration
range range
leadership leadership
preoccupation preoccupation
wage wage
lemon lemon
sweet sweet
reflection reflection
unanimous unanimous
wear wear
sticky sticky
lot lot
anger anger
innovation innovation
ground ground
physical physical
pursuit pursuit
nominate nominate
exercise exercise
pipe pipe
sentiment sentiment
hierarchy hierarchy
valley valley
judicial judicial
linger linger
depressed depressed
hallway hallway
attractive attractive
separate separate
engineer engineer
polish polish
title title
reject reject
pray pray
freedom freedom
genetic genetic
brain brain
forest forest
performance performance
fairy fairy
formulate formulate
