paint fetch ambiguous sink stop tame indicate sick boys glamorous ray fine boys inherit tame argue finish stereotyped puny stink fetch desire simple puny shed stereotyped ice sugar finish sick tame thumb imported wrist brake complain learning appear complain determine puny hit baseball fling floor diligent water stereotyped heady measure diligent same floor trucks slam ignite blade ignite stream shed rake blade baseball thumb tame stop fetch wooden paint
23
ambiguous ambiguous
rake rake
blade blade route
inherit inherit
paint paint
desire desire
indicate nutty indicate
ice ice
floor floor
thumb thumb
finish finish
measure measure
ray ray
diligent diligent
same same
determine determine
glamorous glamorous
slam slam
imported imported
complain complain
learning learning
stink stink
wooden wooden
