AA8E14 4FBDE1 B86446 3C7AA2 CB09C0 2C101C 35F60D B86446 B0C7A5 35F60D 31D332 D7CAF9 D443EB 7BF2B5 09A4FD 8D0852 37F745 7BF2B5 784F83 AE6906 AD298D DD2694 31D332 410DA1 FF8D45 298FDD 70146D 7E18E9 DF9F85 ACB11D D01E6B 724A76 29B2A4 70146D DF9F85 410DA1 298FDD 500783 800641 35FF16 E0E349 0801CC 9B0EC2 15E2D3 318BA7 7A7E10 1276AF B3243F D04F40 628AB2 B3243F E0E349 318BA7 561BC2 EF4D57 EDC0CA FA567E 1EB422 2EA2EE FA567E B833F0 657F93 467AB7 0D7DE7 9B9BDD 2F1AB5 2EA2EE 84EBFF E954F7 0D7DE7 24CE25 657F93 B7B073 A7E9D9 DBDC9A 994F93 94D700 DBDC9A A5CCB5 35FF16 500783 103C70 EC05F7 FD1783 539A92 EC05F7 D27DC1 6D778A 36D08C 567883 F53049 D27DC1 DDF3EB 7E5598 AFF8D1 8499F1 C0766C 7E5598 3B1041 3AA8C5 7E5598 0FBCDC 0A5C0E C0766C CEAE00 0FB66D 188645 673B36 C0766C 07D80A 44716B 143B88 567883 17A825 C98FE7 D5356A 3ADA02 61EDA9 E09D29 D9447D 825884 1472B4 48C2D5 825884 19FFAB 4B39CA D9447D 61EDA9 35F60D
50
AA8E14 AA8E14
A7E9D9 A7E9D9
37F745 37F745
44716B 44716B
D5356A D5356A
0A5C0E 0A5C0E
C98FE7 C98FE7
188645 188645
07D80A 07D80A
DBDC9A DBDC9A
DD2694 DD2694
628AB2 628AB2
9B9BDD 9B9BDD
3ADA02 3ADA02
D443EB D443EB
539A92 539A92
994F93 994F93
FD1783 FD1783
CB09C0 CB09C0
94D700 94D700
EF4D57 EF4D57
800641 800641
724A76 724A76
84EBFF 84EBFF
D7CAF9 D7CAF9
48C2D5 48C2D5
D04F40 D04F40
E954F7 E954F7
29B2A4 29B2A4
6D778A 6D778A
7E18E9 7E18E9
AFF8D1 AFF8D1
3B1041 3B1041
8D0852 8D0852
784F83 784F83
9B0EC2 9B0EC2
1276AF 1276AF
A5CCB5 A5CCB5
4FBDE1 4FBDE1
0FBCDC 0FBCDC
B7B073 B7B073
E09D29 E09D29
D01E6B D01E6B
2C101C 2C101C
467AB7 467AB7
500783 500783
B833F0 B833F0
19FFAB 19FFAB
FF8D45 FF8D45
0FB66D 0FB66D
