7FD578 1AC5CE 283373 7EA726 E5D023 7EA726 283373 853F1A 01684B 859C0E 17BEF0 62DE79 2A2C8A 01684B 853F1A 7FD578 9A65B7 7CDA20 6C7BF0 F94356 9A65B7 8633C5 AA2C70 8633C5 9F01C8 9A65B7 F94356 A085DD 853F1A 283373 877D0E CE97C4 1BD5F4 2E60FC CE97C4 C3030C 7EA726 138F30 C3030C 7B7BDE 4BCD0B 61D740 342A3C 57CBDE 9B7F16 57CBDE C03738 57CBDE 19E454 719360 4BCD0B 719360 981760 1176C9 853F1A 7FD578
20
9F01C8 9F01C8
AA2C70 66B94B
61D740 61D740
981760 FF39A5 981760 B40756
2E60FC 2E60FC
859C0E 859C0E
01684B 01684B 1EE680
283373 3E0BDD
1AC5CE 1AC5CE
1176C9 1176C9
9B7F16 6CAF19 9B7F16
6C7BF0 6C7BF0
E5D023 2C376F E5D023
719360 E27C41
877D0E 877D0E
7B7BDE 7B7BDE
C03738 EEEA40
4BCD0B F4C859
1BD5F4 1BD5F4
A085DD A085DD
