context cell indication association aspect stress interaction order drawing aspect construction while car context soil ability state thanks bedroom context interaction potato fact bread potato context priority study part anxiety bit part association context technology class farmer technology price technology relationship disaster fun satisfaction disaster technology context
20
context context road
aspect aspect
construction construction
study teaching departure
bedroom bedroom
satisfaction satisfaction
state state
technology reality
ability ability
price attempt
bread bread
soil soil
drawing currency wood fat
farmer farmer
interaction interaction
while while
bit bit
thanks thanks
anxiety anxiety
part store care
