engine buyer time engine opportunity key engine editor reaction engine engineering song engine stress practice engine economy card engine menu stranger style aspect stranger meal mind stranger section wealth stranger camera supermarket stranger side flight stranger training significance stranger personality business issue size stranger north theory stranger drawing effort stranger error stranger extent war beer extent analyst satisfaction extent two failure extent thanks girl extent piano police extent success finding extent statement poetry statement view temperature delivery map feature temperature statement extent measurement finding difference feedback extent stranger network tennis director network funeral preparation network comparison situation network age variation future age reputation credit age while industry age material emphasis age reputation trade equipment clothes grandmother equipment engine
48
engine engine process speech teacher chapter tax drawer figure sport bus worker idea birth singer departure space step teaching
age age interaction member accident beginning dirt ear understanding class
temperature temperature dealer
error error secretary eye
reputation reputation tension volume
police police
significance significance
flight flight
delivery delivery
menu menu
card card
situation situation
girl girl
stranger politics office area energy moment model tooth data money source difficulty
emphasis emphasis
song song
preparation preparation
business business
extent light tool leadership promotion standard problem country town sympathy
network series ratio education
grandmother grandmother
mind mind
engineering engineering
failure failure
funeral funeral
meal meal
material material
director director
feature choice
satisfaction satisfaction
side side
aspect aspect
poetry machine fact
beer beer
clothes clothes
two two
measurement measurement
view view
drawing drawing
piano piano
time time
section section
equipment answer performance
analyst analyst
buyer buyer
editor editor
war war
variation variation
