A AR BL D CL A AQ AM A CE S A W CH CA W CI BZ W BK BJ W BD AY O AL U Z O BA W CC AW W CT AS W CJ AO W AV AN W CO AG W BO AF W BI M AD W AH V W BP CQ T W AE R W BX I W J Y F CN BU F CV BE F BN AZ F CP BT X CR K X F W CS AA AP C AA B BQ BC B BH AC N BH BV L BM AK AI E CK BG E CW Q BF E BR BY L BW AX L BB AB BS CM AJ AB E L BH H AT CU H CD CB AU B W G P CF G
50
A A
B B
C C
D D
E E
F F
G G
H H
I I
J J
K K
L L
M M
N N
O O
P P
Q Q
R R
S S
T T
U U
V V
W W
X X
Y Y
Z Z
AA AA
AB AB
AC AC
AD AD
AE AE
AF AF
AG AG
AH AH
AI AI
AJ AJ
AK AK
AL AL
AM AM
AN AN
AO AO
AP AP
AQ AQ
AR AR
AS AS
AT AT
AU AU
AV AV
AW AW
AX AX
