Bowles Calvin Bowles Mulford Latimer MLK Hearst Jacob TopDog Starbucks Chipotle Starbucks TopDog Fenwick TopDog Jacob Cory Bechtel Cory Stanley LeConte Stanley Campbell MemorialStadium Hargrove Tan Warren Tan Hargrove MemorialStadium Campbell Stanley Moses Greek Unit2 Milano Unit2 Wolf Unit2 Greek Moses RareTea Moses Wellman Moses Stanley LeConte Campanile Bongo Artichokes Bongo Campanile Wurster McCone Spats Stonefire PiLambda Stonefire Spats McCone Wurster Campanile LeConte VLSB Boalt Kresge Boalt VLSB Chez VLSB LeConte Stanley Cory Bechtel Baker Strada Baker Bechtel Minor Memorial Maxwell Memorial Minor Bechtel Cory Jacob Hertz CVStarr Unit3 CKerr Unit3 CVStarr Hertz Jacob Foothill Dwinelle Haas Crossroads Lawrence UCTheatre Lawrence Crossroads Haas Dwinelle Foothill Davis Hildebrand Davis Foothill Haviland Morgan Haviland Foothill Jacob Evan SigmaPhiOmega Evan Blackwell McLaughlin Blackwell Evan Moffitt Evan Jacob Foothill Dwinelle HearstAnnex Dwinelle Foothill Jacob Hearst MLK Latimer South Pimentel Stacks Pimentel South Latimer Edwards Latimer Mulford Bowles
50
Evan Evan
Foothill Foothill Unit1
Campbell Campbell Doe Koshland
Bechtel Birge Wilde
Campanile Campanile
Moses Moses
VLSB VLSB
Wellman Wellman Sutardja
Mulford Mulford Crescent
HearstAnnex HearstAnnex Lothlorien
LeConte RSF ALS
Haas Haas Pavilion
Boalt Boalt
Wurster Wurster Zellerbach
Blackwell Blackwell
Greek Greek
Maxwell Maxwell Barrows
Calvin Calvin Etcheverry Graduate
Kresge Kresge PeoplesPark Castro
Hildebrand Hildebrand YogurtPark
Morgan Morgan Martinez
Baker Baker Simons Daiso
Unit2 Unit2
Unit3 Unit3
CKerr CKerr WayWest Ridge
Stacks Stacks Sherman
Bowles LaVals
Bongo Bongo ShengKee
Memorial TacoBell AlphaSigmaPhi
Strada Strada RoseGarden
Edwards Edwards Easterly
Crossroads Crossroads
Davis Browns
Warren Safeway
RareTea Gypsys
MLK Rochdale
Moffitt Cloyne
Wolf Wolf StrawberryCreek
Spats Spats
Chipotle Chipotle MFoundry
Milano IndianRock
Chez NorthGate
Cory Extension
UCTheatre UCTheatre NCEM
Artichokes Cheeseboard
McLaughlin GenPlantBio
Fenwick Barker
SigmaPhiOmega BearFoodCourt
TopDog GammaPhiBeta
PiLambda PiLambda PiAlphaPhi
