Cory Greek Lewis Kroeber Wurster Kroeber Hertz Morrison Evans Latimer Stanley Latimer Etcheverry VLSB Moffitt Soda Sather OCF Barrows Sather Soda Moffitt CVStarr Morgan Pimentel Cheit Normandy Kresge Davis Hearst Cafe3 Cloyne WayWest Ippuku WayWest GBC Anthony HearstAnnex Stephens South McLaughlin Memorial Haviland Campbell Birge LeConte Campanile Doe Wheeler Doe Campanile LeConte Campbell Haviland Koshland Stonefire Koshland Stonefire Minor Maxwell MemorialStadium Calvin Hargrove MemorialStadium Maxwell Minor Haas Faculty FSM Baker McCone BigC Pavilion BigC McCone Baker CZ CalHall Spieker CZ Baker McCone BigC Pavilion Simons Koja Simons Pavilion Simons LaNote Simons Pavilion BigC McCone Baker FSM Faculty Haas Minor Memorial Haviland Campbell LeConte Campanile Doe Wheeler Evans Morrison Greek Bechtel Jacobs Cory
32
Jacobs Jacobs
Bechtel Bechtel
Stanley Foothill
Moffitt Moffitt
Birge Birge
Morrison Morrison
Stephens Moses
Wheeler Dwinelle Sproul
Koshland RSF
Haas Haas
Wurster Boalt
Memorial IHouse
Hargrove Hargrove
McLaughlin McLaughlin
Kroeber Kroeber
Etcheverry Etcheverry
Anthony Anthony
Cheit Cheit
Sather Martinez Barker Unit3
OCF OCF
WayWest Warren
Cloyne Cloyne
Ippuku Metropolitan
Davis Davis
Hearst Hearst
Baker Baker
McCone CKerr
CZ Fiji
Stonefire Stonefire
Pavilion PeoplePark
Koja Legends TriDelta
LaNote Unit2
