MapLocation0 MapLocation65 MapLocation87 MapLocation74 MapLocation83 MapLocation31 MapLocation62 MapLocation22 MapLocation83 MapLocation0 MapLocation99 MapLocation19 MapLocation96 MapLocation70 MapLocation30 MapLocation32 MapLocation98 MapLocation30 MapLocation73 MapLocation64 MapLocation96 MapLocation20 MapLocation57 MapLocation49 MapLocation35 MapLocation58 MapLocation37 MapLocation21 MapLocation76 MapLocation35 MapLocation29 MapLocation89 MapLocation82 MapLocation6 MapLocation38 MapLocation56 MapLocation24 MapLocation89 MapLocation26 MapLocation88 MapLocation85 MapLocation9 MapLocation53 MapLocation7 MapLocation24 MapLocation26 MapLocation12 MapLocation89 MapLocation29 MapLocation63 MapLocation51 MapLocation36 MapLocation69 MapLocation53 MapLocation10 MapLocation51 MapLocation91 MapLocation3 MapLocation11 MapLocation92 MapLocation61 MapLocation86 MapLocation59 MapLocation61 MapLocation11 MapLocation3 MapLocation4 MapLocation60 MapLocation82 MapLocation66 MapLocation94 MapLocation47 MapLocation41 MapLocation93 MapLocation39 MapLocation52 MapLocation17 MapLocation39 MapLocation41 MapLocation27 MapLocation44 MapLocation33 MapLocation93 MapLocation55 MapLocation77 MapLocation67 MapLocation40 MapLocation8 MapLocation40 MapLocation67 MapLocation16 MapLocation25 MapLocation47 MapLocation42 MapLocation94 MapLocation5 MapLocation4 MapLocation3 MapLocation99 MapLocation1 MapLocation15 MapLocation28 MapLocation68 MapLocation45 MapLocation18 MapLocation68 MapLocation15 MapLocation48 MapLocation50 MapLocation13 MapLocation2 MapLocation78 MapLocation54 MapLocation72 MapLocation84 MapLocation43 MapLocation78 MapLocation54 MapLocation66 MapLocation34 MapLocation95 MapLocation2 MapLocation1 MapLocation0
46
MapLocation0 MapLocation0
MapLocation1 MapLocation1
MapLocation2 MapLocation2
MapLocation3 MapLocation3
MapLocation4 MapLocation4
MapLocation5 MapLocation5
MapLocation6 MapLocation6
MapLocation8 MapLocation8 MapLocation97
MapLocation10 MapLocation10
MapLocation13 MapLocation13
MapLocation68 MapLocation14 MapLocation68 MapLocation79
MapLocation17 MapLocation17
MapLocation19 MapLocation19
MapLocation20 MapLocation20
MapLocation24 MapLocation24
MapLocation27 MapLocation27
MapLocation35 MapLocation35
MapLocation37 MapLocation37
MapLocation39 MapLocation39
MapLocation40 MapLocation40
MapLocation42 MapLocation42
MapLocation44 MapLocation44
MapLocation45 MapLocation45
MapLocation48 MapLocation48
MapLocation49 MapLocation49 MapLocation80
MapLocation51 MapLocation51
MapLocation55 MapLocation55
MapLocation58 MapLocation58
MapLocation61 MapLocation61
MapLocation65 MapLocation65
MapLocation66 MapLocation66
MapLocation67 MapLocation67
MapLocation70 MapLocation70
MapLocation72 MapLocation72
MapLocation73 MapLocation73
MapLocation74 MapLocation74
MapLocation77 MapLocation77
MapLocation11 MapLocation81
MapLocation82 MapLocation82
MapLocation83 MapLocation83
MapLocation84 MapLocation84
MapLocation85 MapLocation85
MapLocation86 MapLocation86
MapLocation88 MapLocation88
MapLocation91 MapLocation91
MapLocation93 MapLocation93
