aa bo ds by cw ar bo by al cm bv cj cy dj cf bj aq cy dk de cg da az an aq cf dm dt du dd dt cl db bd ap dd do bs ct cr co ct br aj bi bh aj dc bs ak dg ce cq ak ac cq df bk ah ay af bk ao dl aw cn ag dh bn bq cu dq ch dv cd bp ax dq cz ae bn ag di aw bg bw ao bb dp cb au bb am dd ck ab ba bx bt cs bu ai cs cp bm bc bz dn bc cc av bc ca cx at av bl ci ad bl an bj cv al bo dr bf be as aa
50
aa aa
ab ab
ac ac
ae ae
af af
ag ag
aj aj
ak ak
am am
ao ao
ap ap
at at
au au
ax ax
ay ay
az az
bb bb
bc bc
bd bd
be be
bf bf
bg bg
bj bj
bk bk
bl bl
bo bo
br br
bs bs
bu bu
bv bv
by by
cb cb
ce ce
cf cf
ch ch
cj cj
cl cl
cm cm
cs cs
ct ct
cy cy
db db
de de
df df
dg dg
dj dj
dk dk
dq dq
dr dr
dv dv
