1 99 4 98 66 4 75 62 4 50 43 4 38 53 72 12 60 3 87 67 3 55 85 93 88 61 25 32 3 91 23 3 92 54 12 3 6 64 71 76 18 95 81 15 18 37 16 97 8 18 6 10 90 17 10 44 46 7 86 77 7 82 39 49 48 7 10 30 52 96 69 5 100 80 73 29 80 5 3 21 4 22 83 58 63 20 4 35 94 57 35 19 4 79 1 24 2 68 36 2 40 34 2 74 26 27 2 14 89 56 45 84 9 65 11 70 41 11 9 13 51 33 13 42 31 28 59 47 28 13 2 78
50
1 1
6 6
7 7
8 8
9 9
12 12
14 14
15 15
17 17
19 19
21 21
22 22
23 23
24 24
25 25
27 27
29 29
31 31
32 32
33 33
36 36
40 40
41 41
42 42
43 43
45 45
46 46
49 49
50 50
52 52
53 53
56 56
57 57
58 58
60 60
63 63
66 66
67 67
68 68
70 70
71 71
73 73
75 75
76 76
87 87
90 90
94 94
96 96
98 98
100 100
