0 45 76 89 50 63 88 28 26 73 24 12 60 90 72 60 82 29 11 50 18 76 58 1 15 80 7 48 61 51 92 87 44 92 67 62 14 54 49 86 23 42 17 10 21 95 70 10 74 32 20 69 9 95 57 53 97 2 57 75 78 85 46 64 59 25 41 16 46 35 84 3 77 79 23 5 42 39 61 66 56 6 83 33 6 80 98 1 81 55 71 91 4 38 94 43 99 19 96 52 31 38 68 55 13 45 47 37 8 47 93 27 36 40 30 34 65 22 0
50
2 2
4 4
5 5
7 7
11 11
12 12
13 13
14 14
17 17
21 21
24 24
25 25
26 26
29 29
34 34
36 36
38 38
42 42
43 43
46 46
47 47
48 48
50 50
51 51
52 52
53 53
54 54
55 55
56 56
57 57
58 58
61 61
62 62
64 64
68 68
70 70
75 75
76 76
77 77
78 78
80 80
83 83
84 84
86 86
87 87
88 88
91 91
94 94
98 98
99 99
