110 57 90 26 119 199 103 24 185 152 119 191 26 57 129 44 68 153 168 7 2 100 60 66 87 196 109 9 88 25 41 146 25 20 41 192 31 144 10 115 19 165 108 63 18 141 83 71 141 5 83 46 93 140 6 48 131 6 186 105 121 187 93 97 101 46 166 111 51 58 193 123 43 101 22 165 52 19 17 115 27 70 161 64 188 175 84 188 21 53 120 59 179 1 36 79 149 126 147 32 23 0 29 28 154 0 8 107 49 1 21 96 50 56 78 161 137 10 130 144 89 170 14 173 30 198 80 16 198 157 40 30 157 167 94 76 183 177 156 47 125 113 180 73 47 45 73 35 54 65 169 197 135 37 169 92 172 134 74 148 42 74 12 134 62 150 34 62 178 189 98 104 160 13 142 151 13 117 158 176 11 61 194 102 118 122 190 138 118 3 127 39 55 171 61 39 139 116 38 114 174 159 81 2 124 174 38 69 95 162 128 85 182 112 153 184 164 100 72 164 68 82 91 75 106 145 75 67 163 15 132 86 15 67 4 33 133 143 155 133 181 99 136 33 195 77 110
100
0 0
1 1
3 3
5 5
6 6
11 11
13 13
14 14
15 15
18 18
19 19
20 20
22 22
25 25
26 26
28 28
29 29
30 30
36 36
38 38
39 39
40 40
41 41
43 43
44 44
45 45
47 47
50 50
51 51
52 52
53 53
54 54
55 55
56 56
60 60
64 64
66 66
67 67
72 72
73 73
74 74
76 76
77 77
79 79
81 81
83 83
85 85
87 87
90 90
91 91
92 92
94 94
96 96
98 98
99 99
100 100
101 101
103 103
107 107
110 110
121 121
122 122
123 123
124 124
126 126
127 127
131 131
132 132
138 138
140 140
141 141
142 142
145 145
147 147
148 148
149 149
152 152
154 154
159 159
160 160
161 161
163 163
165 165
168 168
169 169
170 170
171 171
172 172
175 175
176 176
178 178
181 181
182 182
189 189
190 190
192 192
193 193
195 195
197 197
199 199
