0x0 0xf 0x20 0x1e 0x27 0x2f 0x23 0x31 0x4 0x1b 0x2 0x12 0x1a 0x2 0x8 0x10 0x23 0x5 0x3 0x4 0x23 0x22 0x2f 0x25 0x27 0xe 0x17 0x2d 0xe 0x28 0x6 0x2c 0x1 0x13 0x2e 0x1 0x30 0x18 0x1e 0x15 0x16 0x18 0x1f 0x26 0x14 0x20 0x11 0xf 0x2b 0x19 0x29 0x2a 0xc 0x21 0xd 0x9 0x24 0x1d 0xb 0x24 0x7 0x1c 0xf 0xc 0xa
25
0x1 0x1
0x4 0x4
0x6 0x6
0xc 0xc
0xe 0xe
0xf 0xf
0x10 0x10
0x13 0x13
0x16 0x16
0x17 0x17
0x18 0x18
0x19 0x19
0x1b 0x1b
0x1c 0x1c
0x1d 0x1d
0x22 0x22
0x24 0x24
0x25 0x25
0x26 0x26
0x28 0x28
0x29 0x29
0x2a 0x2a
0x2e 0x2e
0x2f 0x2f
0x31 0x31
