Location0 Location34 Location41 Location56 Location53 Location9 Location48 Location56 Location26 Location10 Location26 Location15 Location9 Location20 Location13 Location14 Location52 Location32 Location52 Location37 Location17 Location23 Location30 Location38 Location28 Location43 Location40 Location36 Location60 Location57 Location40 Location57 Location28 Location1 Location8 Location6 Location13 Location25 Location52 Location25 Location13 Location7 Location22 Location20 Location49 Location5 Location20 Location9 Location59 Location33 Location46 Location58 Location3 Location16 Location59 Location9 Location35 Location4 Location12 Location45 Location0
35
Location1 Location1
Location52 Location2
Location3 Location3
Location4 Location4
Location5 Location5
Location6 Location6
Location7 Location7
Location8 Location8
Location9 Location9 Location18 Location29
Location10 Location10 Location21
Location40 Location11 Location40
Location12 Location12
Location13 Location13
Location14 Location14
Location15 Location15
Location16 Location16
Location17 Location17
Location57 Location19
Location20 Location20
Location22 Location22
Location23 Location23
Location37 Location24 Location37
Location25 Location25
Location26 Location26
Location45 Location27
Location28 Location28
Location30 Location30
Location59 Location31
Location32 Location32 Location39
Location33 Location33
Location34 Location34
Location35 Location35
Location36 Location36
Location38 Location38
Location41 Location41
