Location0 Location43 Location25 Location34 Location36 Location62 Location30 Location29 Location82 Location67 Location121 Location58 Location97 Location112 Location44 Location13 Location132 Location71 Location124 Location56 Location93 Location101 Location87 Location101 Location93 Location13 Location108 Location90 Location97 Location48 Location60 Location27 Location80 Location58 Location30 Location126 Location105 Location110 Location17 Location100 Location39 Location17 Location110 Location105 Location110 Location46 Location38 Location78 Location12 Location95 Location72 Location109 Location31 Location89 Location59 Location61 Location59 Location12 Location39 Location128 Location15 Location85 Location26 Location7 Location4 Location26 Location20 Location117 Location55 Location79 Location8 Location40 Location39 Location100 Location22 Location116 Location131 Location23 Location6 Location130 Location84 Location99 Location23 Location33 Location75 Location14 Location2 Location37 Location45 Location36 Location69 Location63 Location36 Location88 Location72 Location64 Location118 Location35 Location24 Location115 Location16 Location37 Location102 Location113 Location125 Location129 Location86 Location74 Location16 Location115 Location37 Location45 Location19 Location69 Location52 Location66 Location52 Location9 Location73 Location10 Location52 Location28 Location53 Location106 Location70 Location57 Location49 Location98 Location31 Location1 Location31 Location98 Location49 Location57 Location121 Location67 Location47 Location71 Location25 Location43 Location0
41
Location1 Location1 Location41
Location2 Location2
Location17 Location3 Location11 Location17
Location4 Location4
Location61 Location5
Location6 Location6
Location7 Location7
Location8 Location8
Location9 Location9
Location10 Location10
Location12 Location12
Location13 Location13
Location14 Location14
Location15 Location15
Location16 Location16
Location80 Location18
Location19 Location19
Location20 Location20
Location26 Location21 Location26
Location22 Location22
Location23 Location23
Location24 Location24
Location25 Location25
Location27 Location27
Location28 Location28
Location29 Location29
Location30 Location30
Location31 Location31
Location105 Location32
Location33 Location33
Location34 Location34
Location35 Location35
Location36 Location36
Location37 Location37
Location38 Location38
Location39 Location39
Location40 Location40
Location87 Location42
Location43 Location43
Location44 Location44
Location45 Location45
