1 174 143 1 141 86 1 194 81 1 129 46 1 133 13 70 52 13 34 136 186 5 117 33 5 183 164 5 200 103 35 5 99 46 127 23 21 192 92 77 23 21 19 196 175 19 33 5 181 146 187 15 5 63 7 37 176 7 150 138 7 110 125 37 7 139 28 7 12 177 78 12 189 66 12 27 12 31 75 158 50 14 154 167 147 49 14 2 135 8 170 87 8 90 64 8 123 155 29 8 193 163 2 190 128 2 185 100 2 134 83 2 165 74 2 95 4 161 153 4 61 42 4 25 9 162 57 9 113 22 107 69 22 43 9 25 132 18 4 126 6 60 47 6 122 30 6 20 6 51 2 79 44 2 118 146 32 2 8 1 13 5 105 10 84 71 10 116 17 56 36 17 10 5 11 159 73 24 108 72 24 11 148 182 3 191 166 3 160 142 3 169 106 3 184 96 3 195 89 3 101 66 140 16 3 1
79
1 1 58 85 111 198
2 2
3 3
6 6 26 97 151
8 8 137
9 9 41 124 131
10 10 82
13 13
16 16 59
20 20 55 102
21 21
27 27 68
31 31
33 33
34 34
35 35
36 36
37 37
42 42
44 44
47 47
49 49
50 50
51 51
17 53
56 56
57 57
60 60
61 61
69 69
70 70
74 74
75 75
77 77
11 80
81 81
83 83
84 84
86 86
87 87
12 88
89 89
92 92
95 95
99 99
101 101
103 103
106 106
110 110
116 116
126 126
127 127
129 129
5 130 156
133 133
136 136
138 138
139 139
140 140
141 141
143 143
4 144 171
150 150
14 157
159 159
161 161
162 162
164 164
165 165
167 167
169 169
174 174
176 176
177 177
182 182
184 184
189 189
193 193
200 200
