1 63 98 24 1 86 20 1 45 5 85 75 5 62 36 5 32 35 3 56 80 2 66 50 2 89 37 2 25 60 58 25 3 48 19 3 17 79 42 17 8 78 22 8 17 3 91 4 71 69 4 7 52 47 7 15 7 5 31 6 34 26 6 18 92 11 65 61 11 94 9 93 27 68 75 77 9 74 50 49 46 27 9 6 5 14 87 90 16 1 64 97 13 99 38 13 1 54 10 100 83 10 51 40 10 1
35
1 1 23
6 6
10 10
11 11
13 12 13
16 16
17 17
20 20
4 21
22 22
24 24
25 25
27 27
15 29
36 36
40 40
42 42
45 45
50 50
54 54
61 61
63 63
71 71
8 72
74 74
75 75
3 76
77 77
83 83
87 87
89 89
90 90
91 91
93 93
100 100
