0 164 165 150 199 151 150 100 115 114 112 116 117 113 111 104 113 109 132 119 120 121 130 135 137 138 141 140 139 128 138 136 142 146 127 123 125 126 124 123 129 130 131 134 145 143 122 130 134 133 147 144 148 149 158 156 155 158 157 168 170 171 180 181 173 177 175 176 174 173 179 180 184 195 193 198 194 197 183 184 172 180 185 187 188 186 192 196 189 178 188 191 190 182 169 170 159 160 163 161 154 159 163 167 166 162 164 153 152 102 103 114 101 100 50 65 64 53 52 64 62 66 67 63 61 54 63 59 99 98 94 97 83 84 95 93 73 79 80 84 72 80 85 87 88 86 92 96 89 78 88 91 90 58 56 55 58 57 68 70 69 82 60 59 70 71 80 81 77 73 74 76 75 110 109 120 118 107 108 106 105 108 49 48 44 47 33 34 45 43 46 42 36 38 41 40 39 28 38 37 35 30 31 23 27 25 26 24 23 29 30 34 22 30 21 20 19 32 4 11 13 10 9 20 18 7 8 6 5 8 9 13 17 16 12 14 3 2 14 15 0 50 51 1
88
1 1
2 2
3 3
4 4
5 5
6 6
10 10
22 22
24 24
25 25
26 26
27 27
33 33
36 36
40 40
41 41
42 42
44 44
46 46
47 47
48 48
49 49
51 51
52 52
53 53
54 54
55 55
56 56
60 60
72 72
74 74
75 75
76 76
77 77
83 83
86 86
90 90
91 91
92 92
94 94
96 96
97 97
98 98
99 99
101 101
102 102
103 103
104 104
105 105
106 106
110 110
122 122
124 124
125 125
126 126
127 127
133 133
136 136
140 140
141 141
142 142
144 144
146 146
147 147
148 148
149 149
151 151
152 152
153 153
154 154
155 155
156 156
160 160
172 172
174 174
175 175
176 176
177 177
183 183
186 186
190 190
191 191
192 192
194 194
196 196
197 197
198 198
199 199
