0 51 50 65 64 62 66 67 63 61 54 63 59 93 95 84 83 97 94 98 99 96 92 86 88 91 90 89 78 88 87 85 80 84 81 80 79 73 77 75 76 74 73 72 80 71 70 69 82 60 59 70 68 57 58 56 55 58 4 11 13 10 9 20 21 30 34 49 48 44 47 33 34 45 43 31 30 29 23 27 25 26 24 23 22 30 35 37 38 41 40 39 28 38 36 42 46 32 19 20 18 7 8 6 5 8 9 13 17 16 12 14 3 2 14 15 0 50 64 53 52 1
44
1 1
2 2
3 3
4 4
5 5
6 6
10 10
22 22
24 24
25 25
26 26
27 27
33 33
36 36
40 40
41 41
42 42
44 44
46 46
47 47
48 48
49 49
51 51
52 52
53 53
54 54
55 55
56 56
60 60
72 72
74 74
75 75
76 76
77 77
83 83
86 86
90 90
91 91
92 92
94 94
96 96
97 97
98 98
99 99
