45 64 75 23 25 10 21 44 22 81 33 61 8 15 44 57 11 60 49 35 19 60 66 67 78 53 50 78 38 7 26 88 24 83 72 55 69 83 29 65 55 68 34 31 76 43 31 56 98 52 62 20 16 48 13 99 17 85 37 9 13 18 14 80 94 92 6 94 95 86 59 28 14 59 93 82 71 90 74 39 90 3 54 47 89 87 5 89 84 73 32 100 27 30 51 5 96 97 4 38 50 79 40 27 70 41 2 70 12 63 91 77 42 46 23 36 64 1 58 45
50
1 1
2 2
5 5
7 7
10 10
17 17
18 18
19 19
21 21
24 24
26 26
27 27
29 29
31 31
33 33
34 34
35 35
38 38
39 39
40 40
41 41
44 44
46 46
47 47
50 50
51 51
52 52
53 53
54 54
56 56
57 57
58 58
59 59
61 61
63 63
66 66
68 68
69 69
70 70
71 71
77 77
78 78
80 80
82 82
84 84
87 87
89 89
91 91
92 92
95 95
