1 8 29 33 189 105 33 137 75 120 12 75 133 159 100 62 172 167 196 175 186 194 192 190 168 188 185 200 161 167 186 199 179 197 162 191 176 193 180 182 162 179 163 174 187 195 169 171 174 178 166 164 165 177 173 184 164 173 198 183 170 181 34 96 154 63 57 8 89 35 64 38 92 69 43 76 26 53 6 26 102 134 110 71 145 39 71 139 108 67 160 118 86 68 7 86 22 23 106 123 117 25 84 93 147 49 98 113 41 78 98 129 111 49 23 85 95 27 103 22 3 61 91 116 66 14 91 32 134 138 58 6 30 10 119 141 17 20 55 119 131 13 44 115 81 13 156 99 142 48 114 157 144 56 74 31 73 146 132 112 107 132 73 65 128 124 52 46 124 2 36 87 65 104 157 54 114 126 121 47 126 72 140 153 50 45 21 153 158 18 45 94 149 82 109 135 136 152 88 97 130 51 97 37 15 88 16 28 9 16 4 28 80 143 155 90 83 148 70 110 19 5 43 60 5 101 122 42 101 79 77 150 127 40 150 24 35 125 151 59 11 89 1
100
4 4
6 6
7 7
9 9
12 12
13 13
14 14
20 20
21 21
22 22
27 27
28 28
29 29
30 30
32 32
33 33
34 34
35 35
38 38
42 42
45 45
46 46
47 47
48 48
49 49
52 52
57 57
58 58
60 60
64 64
65 65
66 66
67 67
68 68
69 69
74 74
77 77
78 78
80 80
81 81
82 82
83 83
86 86
88 88
89 89
90 90
93 93
94 94
99 99
103 103
105 105
106 106
107 107
108 108
110 110
112 112
114 114
115 115
117 117
119 119
120 120
121 121
123 123
125 125
127 127
128 128
131 131
134 134
137 137
138 138
140 140
141 141
143 143
146 146
147 147
148 148
149 149
151 151
152 152
156 156
160 160
164 164
167 167
168 168
169 169
170 170
171 171
173 173
175 175
179 179
180 180
184 184
186 186
188 188
191 191
195 195
196 196
197 197
198 198
199 199
