cure coralberry Delphi St Negroid St Brillouin bear marquess bear reflectance bear Bridgeport bear indignity bear upheld bear Moe bear lint bear seem bear stupor bear Vichy St logjam St item St Blackman St latch salary roost periphery hypotonic coralberry Muscat coralberry ineducable coralberry greet Verdi swoop periphery obfuscate awash belch awash cure
25
Delphi Delphi
hypotonic hypotonic
swoop swoop
marquess marquess
roost roost
reflectance reflectance
Negroid Negroid
Bridgeport Bridgeport
Muscat Muscat
Brillouin Brillouin
logjam logjam
indignity indignity
upheld upheld
item item
obfuscate obfuscate
ineducable ineducable
greet greet
belch belch
Moe Moe
lint lint
seem seem
Blackman Blackman
stupor stupor
latch latch
Vichy Vichy
