state Ogden amber state governance inclination state Malthus recovery state inequality rooftree state France porterhouse state shackle purple athletic whatsoever purple freehold knurl purple lonesome discoid Cinderella McDonald compunction gavotte McDonald firebug fireplace McDonald bald stereography McDonald Arden sepulchral McDonald charcoal sanatoria McDonald hallelujah stingy McDonald rent motet McDonald Steiner driveway McDonald cohere eidetic McDonald Darwin scriptwriter McDonald funk watery McDonald pairwise wrack McKenzie bile wrack monadic stub wrack auctioneer catnip Adamson debenture catnip Ridgway eggplant catnip Whelan Lizzie catnip huge clasp catnip opossum trivium catnip monk curbside catnip turnout dame catnip presto uptown catnip ash Protista catnip circumstantial omicron catnip fleawort gun catnip foursome lobby catnip bibliophile hyphen catnip flexural Adler catnip supremum Albert catnip hungry Evans catnip Augean bloc catnip Eva texture catnip complacent joke catnip heifer octane catnip rocky whirligig catnip backgammon value catnip anatomy dumpling catnip scaup Zellerbach catnip grade border catnip wrack McDonald knick Devonshire stalk knick juvenile kitty knick purple Della polopony state indecision slim state parallelogram languid state gumshoe fraternity state gossip duct state upcome blubber state assault fusible state Johannes insight state centennial biotite state competitor compensable state stiffen seam state construct impure state alongside crewcut state firewall slake state inflater limbic state Lamarck peacock state Pearce Jennifer state etiquette voltmeter hypothetic his voltmeter retardation Waterbury voltmeter regal serge voltmeter exhortation Calkins voltmeter state servile cache infuse mortgagor harrow Edmonds mortgagor Yaounde cocaine mortgagor registrant jackass mortgagor shrugging yeomanry begot heterogeneous injunct begot rescue grisly begot above embellish begot Stuart Mobil begot adsorb alder begot seminal Marie begot Segovia maidservant begot mortgagor controversial Wyeth wop controversial constructible moisture controversial dilogarithm bedside controversial tenderfoot bucketful controversial homemake dispensary controversial spice video controversial Blomberg cylinder controversial psychopath styrene controversial westbound PM controversial clandestine carouse controversial actinic versatec controversial purple
100
controversial controversial
begot begot
knick knick
wrack wrack
Cinderella Cinderella
watery watery
scriptwriter scriptwriter
border border
eidetic eidetic
driveway driveway
Calkins Calkins
motet motet
Zellerbach Zellerbach
dumpling dumpling
jackass jackass
scaup scaup
serge serge
value value
whirligig whirligig
octane octane
rocky rocky
joke joke
texture texture
bloc bloc
Evans Evans
infuse infuse
anatomy anatomy
Waterbury Waterbury
stingy stingy
Albert Albert
lonesome lonesome
his his
Adler Adler
Darwin Darwin
cocaine cocaine
knurl knurl
hyphen hyphen
sanatoria sanatoria
sepulchral sepulchral
lobby lobby
gun gun
omicron omicron
stereography stereography
Arden Arden
complacent complacent
pairwise pairwise
supremum supremum
rent rent
registrant registrant
Protista Protista
heifer heifer
cache cache
bald bald
uptown uptown
grade grade
hypothetic hypothetic
ash ash
fireplace fireplace
gavotte gavotte
whatsoever whatsoever
dame dame
Eva Eva
backgammon backgammon
shrugging shrugging
charcoal charcoal
Augean Augean
hallelujah hallelujah
Yaounde Yaounde
athletic athletic
curbside curbside
cohere cohere
foursome foursome
regal regal
flexural flexural
trivium trivium
turnout turnout
Steiner Steiner
opossum opossum
clasp clasp
Lizzie Lizzie
monk monk
compunction compunction
Edmonds Edmonds
Whelan Whelan
Della Della
circumstantial circumstantial
firebug firebug
eggplant eggplant
retardation retardation
harrow harrow
debenture debenture
Ridgway Ridgway
Adamson Adamson
hungry hungry
freehold freehold
fleawort fleawort
huge huge
presto presto
bibliophile bibliophile
exhortation exhortation
