Wkkykkf Tvudg Uvcri Zyyhram Chymiq Uvcri Wjujoc Echf Uvcri Pbdad Skz Vlu Pbdad Rtwel Msdv Pbdad Yojkkk Zjprkeo Pbdad Stpm Zdhsfkd Lscminl Stpm Bfjsn Obt Stpm Olcoaxo Fuykk Stpm Hgt Jxdb Stpm Oaqqs Lxur Ngr Oaqqs Rzl Frk Oaqqs Uevgy Wtkwuvz Oaqqs Qej Whbms Oaqqs Pnsw Jjyekjv Lzmpop Pnsw Voxfzc Dlrq Pnsw Xregj Garjd Pnsw Owzya Zyh Xibhm Uee Zyh Ifvsh Ykaft Zyh Rzqmyf Uvlf Zyh Ahyhyp Tuz Zyh Bgdp Rghyfd Zyh Nwc Rsyztto Zyh Bydz Nbl Zyh Bpp Hpuyzs Dxrptsi Fjpugw Hpuyzs Vxt Ibovih Bznayo Qzsx Ibovih Bspwtu Dqwijt Ibovih Mfgolex Mests Ibovih Zkxhnb Sicex Wufe Yrh Rocrqy Wufe Whvb Bceipk Wufe Exnrnuq Bxrwja Mlngcz Zfzecf Wufe Aldvdd Lcvdba Wufe Milr Bxrwja Apmo Adea Dam Apmo Ebxtxba Gps Apmo Mizx Bufcejd Apmo Vxks Nts Bxrwja Ifydm Vpsfe Bxrwja Zai Qbflfr Bxrwja Wufe Dkfelp Wzlje Bju Dkfelp Elqby Mdvxvwv Dkfelp Egfodf Wtsrwu Dkfelp Zdsg Giukxgh Hpym Zdsg Srcul Yjfzkt Zdsg Zxtqwkg Xzto Zdsg Nyc Qyva Zdsg Nlytaln Fbwc Zdsg Jnhmcwu Zdkju Zdsg Znne Gzcxjl Zdsg Wmqtyma Nwecls Zdsg Eefhw Dwx Vxsl Eefhw Vehoszy Znbucj Eefhw Igep Ipwhfqt Zezijw Tbbjk Bjmh Zezijw Cuqua Igep Hcl Yniy Igep Znovr Uvngpz Igep Pgvu Bwlpsl Igep Zkrljw Euw Igep Okwakwz Fiv Igep Zezijw Zkxhnb Wkgl Nttgn Zkxhnb Rwrgp Lies Zkxhnb Yptn Zeau Zkxhnb Mtgo Srpgef Zkxhnb Rzo Klowqwc Zkxhnb Apylxs Cjmdq Vxt Bht Dhlvt Vxt Umaqy Rbjvn Vxt Vlk Okuhrur Vxt Uxj Lngqcj Vxt Sag Zzenxoh Vxt Ofuyha Eiotl Vxt Qlrnmn Kdq Vxt Vus Hpuyzs Yphp Vyvg Hpuyzs Zyh Dytyp Rcguxn Ezni Dytyp Tost Guidwxn Dytyp Xir Mnf Dytyp Jaqkwg Ieie Dytyp Tbbiot Pgvrcnl Dytyp Pnsw Zvtdse Fggo Pbdad Dcra Nqwr Pbdad Cdq Lhwmy Pbdad Dus Uoxsv Pbdad Led Uvcri Jtsjpp Ypm Uvcri Wkkykkf
39
Zdsg Zdsg
Vxt Vxt
Igep Igep
Dytyp Dytyp
Nwecls Nwecls
Fiv Fiv
Uvcri Uvcri
Dkfelp Dkfelp
Pbdad Pbdad
Gzcxjl Gzcxjl
Ibovih Ibovih
Uoxsv Uoxsv
Stpm Stpm
Euw Euw
Bxrwja Bxrwja
Jxdb Jxdb
Lhwmy Lhwmy
Oaqqs Oaqqs
Nqwr Nqwr
Zkrljw Zkrljw
Zyh Zyh
Zdkju Zdkju
Wkkykkf Nhn
Qbflfr Qbflfr
Kdq Kdq
Klowqwc Klowqwc
Bwlpsl Bwlpsl
Pgvrcnl Pgvrcnl
Wufe Wufe
Whbms Whbms
Fuykk Fuykk
Tbbiot Tbbiot
Fggo Fggo
Wtkwuvz Wtkwuvz
Vpsfe Vpsfe
Olcoaxo Olcoaxo
Apylxs Apylxs
Wtsrwu Wtsrwu
Eiotl Eiotl
