A0 Q3 D3 N1 J3 E3 B3 M3 O0 K0 R1 P1 L1 R1 N2 W1 A1 F3 M0 O2 H0 M0 A1 N2 J2 Y0 H2 G2 I2 Z2 G2 L2 C3 V2 J3 I3 H1 V0 I3 V2 E2 M2 C2 C1 A2 M2 T0 E2 V3 N0 U3 L3 B0 G0 S2 Y0 V2 X0 F1 A3 M1 E1 E3 O1 E0 T2 S0 P0 T2 R0 Y0 U2 I1 V1 J1 T3 W2 I1 W0 G3 S3 W0 O3 U0 U2 J0 Z0 Y2 R3 J0 X2 F2 T1 Q0 P3 K3 G1 D1 D0 G1 S1 B1 D2 H3 I0 B1 U1 L0 Z1 I0 R2 Q1 Y1 X1 K2 Q2 X1 B2 K1 D3 N3 F0 P2 C0 F0 K1 Q1
50
A0 A0
B0 B0
C0 C0
E0 E0
F0 F0
H0 H0
I0 I0
K0 K0
L0 L0
M0 M0
N0 N0
O0 O0
P0 P0
S0 S0
U0 U0
V0 V0
Z0 Z0
A1 A1
B1 B1
C1 C1
D1 D1
F1 F1
H1 H1
K1 K1
L1 L1
M1 M1
O1 O1
T1 T1
U1 U1
V1 V1
X1 X1
Z1 Z1
B2 B2
C2 C2
N2 N2
P2 P2
Q2 Q2
R2 R2
U2 U2
V2 V2
W2 W2
X2 X2
C3 C3
D3 D3
F3 F3
L3 L3
N3 N3
P3 P3
S3 S3
T3 T3
