0 29 74 40 56 48 47 89 67 28 35 92 60 57 94 30 60 22 92 51 73 64 95 27 35 83 24 34 18 3 41 44 72 47 45 93 23 49 7 93 8 85 70 46 80 66 85 59 88 12 58 31 50 85 39 68 25 98 62 99 96 25 16 68 97 61 42 11 26 63 91 76 26 91 33 82 52 15 65 53 36 86 10 21 36 15 27 81 6 17 47 28 84 77 38 14 2 54 9 20 19 37 2 56 87 40 78 71 1 78 55 5 79 1 32 75 13 4 69 90 43 32 74
30
15 15
16 16
19 19
22 22
23 23
25 25
30 30
32 32
33 33
38 38
42 42
44 44
49 49
51 51
58 58
61 61
63 63
64 64
65 65
74 74
75 75
76 76
80 80
81 81
83 83
84 84
89 89
96 96
98 98
99 99
