0 34 2 56 93 2 16 67 80 16 58 32 18 87 51 18 0 20 42 74 71 42 50 90 64 50 65 92 96 68 45 76 3 13 21 23 4 10 46 39 62 73 10 39 77 12 38 54 99 43 47 95 60 47 91 49 43 12 75 19 12 8 85 48 8 6 78 25 6 3 4 98 53 45 3 0 2 27 40 66 27 88 52 28 1 22 11 79 57 11 63 72 82 55 37 11 1 9 86 31 9 30 69 44 30 59 17 83 94 17 9 81 89 14 7 24 84 41 36 24 70 33 5 26 35 29 26 15 5 7 97 61 5 1
25
6 6
8 8
13 13
17 17
23 23
28 28
35 35
42 42
46 46
47 47
48 48
52 52
54 54
55 55
56 56
70 70
73 73
75 75
77 77
78 78
84 84
85 85
89 89
93 93
95 95
