0 81 184 51 0 3 4 135 79 4 5 172 14 196 63 14 64 89 142 138 42 14 90 91 103 23 14 5 7 35 16 192 65 7 16 29 151 146 29 32 50 75 186 181 75 33 107 112 171 155 68 33 5 19 145 69 19 169 108 62 97 20 110 84 62 20 38 54 20 19 52 56 162 73 56 102 80 52 143 144 194 180 176 144 159 13 4 31 128 58 77 9 12 114 165 164 114 17 36 92 40 99 147 133 99 94 40 185 139 40 36 82 179 78 55 87 57 55 17 12 150 191 49 46 25 178 18 12 25 43 183 157 132 43 61 119 198 160 10 28 188 98 28 39 189 88 168 141 88 190 117 88 39 153 30 15 167 163 15 10 9 67 22 58 86 109 174 130 109 199 197 152 45 72 104 125 116 104 101 127 59 76 118 166 126 118 59 96 136 173 148 96 111 101 59 45 37 195 106 44 71 37 47 44 37 22 9 2 1 21 24 83 21 8 124 121 95 134 149 100 95 8 170 193 70 187 154 1 6 74 11 120 113 11 27 53 122 60 129 140 131 123 53 60 156 161 175 48 41 27 85 11 6 34 182 158 105 137 115 105 70 1 177 26 93 66 26 1
52
130 130
9 9
140 140
145 145
21 21
23 23
152 152
27 27
155 155
31 31
32 32
160 160
35 35
163 163
168 168
169 169
45 45
176 176
177 177
50 50
51 51
178 178
179 179
54 54
180 180
183 183
57 57
58 58
63 63
191 191
194 194
68 68
196 196
76 76
77 77
80 80
85 85
91 91
92 92
96 96
101 101
102 102
103 103
104 104
105 105
106 106
109 109
111 111
113 113
121 121
126 126
127 127
