0 37 78 63 55 66 57 8 43 66 41 49 45 52 38 75 86 26 32 38 58 12 41 66 55 42 55 57 29 57 8 40 4 9 73 3 79 59 71 66 57 8 40 95 53 10 95 40 8 57 66 41 49 98 1 94 22 68 14 94 80 50 61 40 95 16 97 70 69 77 44 74 23 48 17 23 74 36 8 50 20 18 65 82 92 24 85 7 92 82 65 18 20 35 19 42 55 57 8 6 37 0 2 34 91 2 0
38
1 1
2 2 28
3 3
4 4
24 5 11 13 24 25
6 6
7 7 15
8 8
9 9
10 10
12 12
14 14
16 16
17 17
18 18
19 19
20 20
44 21 44
22 22
23 23 27
26 26
29 29 46
32 30 32
42 31 42
95 33
34 34
35 35
36 36
37 37
38 38
50 39 50
40 40
41 41
43 43
45 45
57 47
48 48
49 49
