149 14 68 165 148 48 97 168 72 101 193 69 42 36 2 45 192 156 144 175 2 60 0 177 167 79 29 163 28 105 33 153 66 64 136 7 28 172 43 29 119 151 127 189 117 122 191 44 129 18 37 44 112 116 20 80 112 134 51 122 110 23 99 180 117 74 189 113 55 38 125 22 38 113 128 47 84 166 111 118 135 1 34 152 162 85 21 34 132 83 1 169 89 198 56 13 52 160 49 26 89 120 157 90 10 157 109 120 159 186 109 25 143 102 194 182 114 11 143 173 164 6 25 5 11 141 73 195 58 121 115 108 40 65 12 121 3 196 197 190 145 32 162 92 139 70 81 170 78 147 35 150 8 17 147 53 142 106 31 123 54 103 87 39 31 130 94 93 140 161 174 146 158 46 61 71 88 183 9 61 15 133 146 27 86 15 104 131 98 181 107 91 126 95 91 82 138 77 82 95 124 179 185 62 50 124 67 50 30 176 41 19 60 63 187 57 72 155 178 193 168 165 75 59 100 76 171 154 96 188 16 184 59 4 137 24 199 149
100
1 1
2 2
3 3
4 4
5 5
6 6
7 7
8 8
9 9
10 10
11 11
12 12
13 13
14 14
15 15
16 16
17 17
18 18
19 19
20 20
21 21
22 22
23 23
24 24
25 25
26 26
27 27
28 28
29 29
30 30
31 31
32 32
33 33
34 34
35 35
36 36
37 37
38 38
39 39
40 40
41 41
42 42
43 43
44 44
45 45
46 46
47 47
48 48
49 49
50 50
51 51
52 52
53 53
54 54
55 55
56 56
57 57
58 58
59 59
60 60
61 61
62 62
63 63
64 64
65 65
66 66
67 67
68 68
69 69
70 70
71 71
72 72
73 73
74 74
75 75
76 76
77 77
78 78
79 79
80 80
81 81
82 82
83 83
84 84
85 85
86 86
87 87
88 88
89 89
90 90
91 91
92 92
93 93
94 94
95 95
96 96
97 97
98 98
99 99
100 100
