PlmPdVeiiHQg3JYZCDWt KZAoViymglGlxlkbi0dq BqpTiWAotYe5nRTWXkzn PlmPdVeiiHQg3JYZCDWt vgVY143HiC3DIrnHqOVb qOK6WPKQJA4Q9XqXgSgT CofLnw0Ss4pVGWmPS5oO Oy6fETwECO5ouC6YS702 cYMPcE5UNSzOtkRY62gr kRqgoaGzBgIxzyW55b7b loEPY9WRgDIJ7DWZtMDr XEVVfArWHJg24STfORUs XbrNBzXJSitXalj9YB4o 8jko5XAn6JliQ07A0rUO PIekFeWZsA6etqyFB2SF UkqILZ2p4EbRuMBIrGXp nyd0fM2XE4qmli1xfIwr wZppnfABPMsntS9k4lvX XbrNBzXJSitXalj9YB4o U8sg63DCydwx1FzxqIaQ XdyhPab6W9wOZnKLq1fq fp0tOLe2bgMhAVnspvYT rrsfFE1VQlGvYiPVJPzk a06qeiApctGnC1GMtGuJ U8sg63DCydwx1FzxqIaQ 9zoM12ZWjXrKaszveCQH o85TEEBuzMbePdf5cbCv ML4pCjYl4gPEwSnvlRaD vfFBTNAIMMm13X2tZysq gu4ZhQvmb4pSQmUY70Nq E59siIyngnj5PIsLeowv 3cixCQKdOFnhNCezth5V ML4pCjYl4gPEwSnvlRaD 1kUMD8KZUKbCCVh7WHWn eJFQvXShtLM53SM8xiiu WErk2X2lm629vuxPHVtl muaifDkU51RuZjmGy3EY nKDJ3ylOzub2eWcHnAhq E8pbRn7LIeWnB3swkYzz gRC6QGMaofieuDp4DxNK ivcmXAg3WJYgMBzFenfb PWUaVYPeofxjJdT472wG 4QLswP82Wvxw9Z42obzh NXYVlLN4oRDZThND0BmP zXFq4Mw19qGmxfgvxgKV RuUdtXtfFCKpaLUcmsqg SNmFiRdCmf8vg1yMqr30 4AwtOzgg4YBT3wkiEwMr Osa2UT4anhyBl7doUFs5 Ueu5MpmB6m0Tj07uN555 4wKSG7BFou1CA7O0mLH6 NHPxOzu7Bj5bnsm7vmJS Osa2UT4anhyBl7doUFs5 WsVMGV8yZisK6ojnqzBE AmAHnr1XXkPpwJ6DUDIO JakuJordFcO229c3L5ct EY9cQTmyqhrzeZsobQa5 1ERN8pUhtdYbmxXPnWk4 JakuJordFcO229c3L5ct o1oGR6O0WpnFD6HgjJm1 jVItWJkETNqrkY47Hghp 3rqlQRwe5izypHjXjWla kaVGl3oG0Ulg2MgkbJB8 kwA1qrRggH9YLKcVfIe5 2chOacZ5nNYuf6eeGFSW KjQNU2EAAYEZSeJWPxLM DF1KTiOHBIkswyjh8uB1 ZqjU5adUgNWGWDhxv0Ya ZNY0bYUvhQMUm5V6mJno hZHynIvymuQxD6BftzWt 89uQTJVvGaob2884UTbx 20utbptZXLJi5iRJMPtt Vh6ScHVb39wz7CmKwIuA LWxNpOtygHuLI9qU5DwF Wq14UxgLNQSDYKfwPKLH 89uQTJVvGaob2884UTbx ZNY0bYUvhQMUm5V6mJno DF1KTiOHBIkswyjh8uB1 3NZ1POQXIwf6NGuaUl5h KjQNU2EAAYEZSeJWPxLM JTOsbkycRuz0e5JQ3gRH dvxgUZzwjHAP85QpElWp YFXFh0nBpGYXfL8mfny3 o1oGR6O0WpnFD6HgjJm1 BWhyt9wATIprZDhzxwVv H1kgaLgK3XrnSUWaxIp0 1tmkPhHujDQhTmW4oV7S WsVMGV8yZisK6ojnqzBE 4AwtOzgg4YBT3wkiEwMr 26HBw5rqKS910jXVuDWn zXFq4Mw19qGmxfgvxgKV E8pbRn7LIeWnB3swkYzz VKQB4EmoMIRFao2cUe1s nKDJ3ylOzub2eWcHnAhq ANdko3dYAy7a2BOq7wpm dRK5ma7NqggKZHlnDCi2 uaR7l3Qhn4FRAnSeVURz mjf2bYOpX2uCbKVikaAR W6pSplT3U7lJfu0pJGBX GzSNGBn4EPemDLEWXNxx N1MiBWI2XSNYPV4Bi2Zg DmOYSEzvATkNwLC4lcsN EVtx7khff7Fs8yuuQKJx 4E11EdbsS5KbjeJWtodD 48BAUsycKlkSkbOjYLFN 2Cz4Y4eG1XIezf9qpdQl X39Y1tqjVB1dYhLfEsBQ xHjRz67dW7C8omsktslg NA24XhOMsROCBnUViAJT 82AQRTkjWEU79atYWx1r lcQ1GcVaImUGztIdTr68 9gglBKpHLZmA2dFXYK5s 0q2ewXNjMVDn3GAFEoyU YXpO8M342ISxgv446YFJ eFBRJr5p5I2EdlVEayJ6 grvEnF7GDly5W5B32u51 EkRPPDhcu5ww6XulSOgx Ht8MCgqFhHoK08qA4XXh nweJtOYiRJ9VPbpUTVQU W9TKm0U6bNDZ1Aok7hNH zos6qdAgLydZyli2syMt eVsZLsrTO9vGrfl2kinU jJYVpHxqx7vGmijT2uyo nweJtOYiRJ9VPbpUTVQU XfoLhICApzD21ekC6Raj EkRPPDhcu5ww6XulSOgx nplSyFCfwWl94XgtPFkm N5YDsCDN1lKguyHbn4Zb ELEJN8tWDJT7mLhCdqW3 9EFf7Db1oVUr4vPii753 u4dtaT6NdEhJmWtNAXSE yHfbaNMH6AALGleUN7ln U7iVliqmXRkLwyPSNdfv ukPtLY7YueARRkX8hPaS 7qCgmo7DrrfnVQIWnbiV yKQw7YXCNsthb1VWEFur jKREQK0zNUshG5l5lIJd q4nqG9N45SSRxndw48Xl WZsO2i9GZwvMYoV9SyKS 6WGzUhXeOltLDbkIvTzq 804aK8wEArkuheeUiB4R 6NK21BPodyGlEh86UzyE fuCjhXAjnc4YFvoPeqP4 MPSdS6GmL12gP1dYVUis 6NK21BPodyGlEh86UzyE oera1CM7cj3K49AkZhzz 1JawjZrawLlOCGN1EB0O BrudisXSomFZhqJyPfJg LXqfTqJggDSh6mykPyz3 hvFnmSwhfuOmcUJJ8teU 804aK8wEArkuheeUiB4R WZsO2i9GZwvMYoV9SyKS CkcRIkbkwcSO7uvVYs8H 7yt9hKqOEGabqtqIEmdH jKREQK0zNUshG5l5lIJd 060q0aISPODkGeAbYbQ6 ukPtLY7YueARRkX8hPaS eUyNsK7nwP1YPac54CbU U7iVliqmXRkLwyPSNdfv 41HkeQtKSrMStkOA4nM4 zvH9G6FQ1xC7CVezs43e k8LvqKsQ4ejh0bCWs4fP 9iFeMEl5ieZvKvHKf9x4 yzZAQs8WNcqHoW4TRAoo YmmIBqqdn3Z6PuFXWNHi zvH9G6FQ1xC7CVezs43e ChEnlTNCMoqxBfyzEzW7 41HkeQtKSrMStkOA4nM4 YIxKvTpWMaQKGFtD5BDH zGdvV8W1IzIvw9dDijIG yneFBbj6YjKvwSUW253g 76b3evP8JEiQ8c6jd2b5 gDiXpOExvLIslrQ3rfBi MEVVMgbTLIgXdG4vAbeX N5YDsCDN1lKguyHbn4Zb Tr6dOTuKB3EM5juuJxqy C6w7afZujemehEooILjN MSj6zOuZ0EoAKjP4wXXW x5UVX06335fM5pfCNBMU Dwi7fYT8wa9I4Kzyto4Y nplSyFCfwWl94XgtPFkm Zzs5CIqF9Ll2avkxI78N bvNUsI1a9ORRkwy1plRX nsq4rhHWMCaIVcah5fcd 1wRG7TNgo9ui6iZBLuaw 88tlmRAaQO3KDf7QWuDb 6bLuQyxEzh3wnYgGbaCv YXpO8M342ISxgv446YFJ 9gglBKpHLZmA2dFXYK5s IxWh6LSiXwGUWSx9VJ39 xHjRz67dW7C8omsktslg tX1uDaXm9hMlEKqU7m9j 4E11EdbsS5KbjeJWtodD aGmUpeq6kVn42aPOEaUT DmOYSEzvATkNwLC4lcsN 4S2YiI3VYPKghkl95iqK GzSNGBn4EPemDLEWXNxx mjf2bYOpX2uCbKVikaAR 847MZ9RXdcbtrj0xf7hq VXU331oDUcuzaGGUYIl9 Oy6fETwECO5ouC6YS702 iFXIyHTPBX7ivXxsV1VM enzXJAvcXabmrwWV3YuL g0ywcwildP9K6oBendJq PBBsNLNC5p1ScJ69o6I3 z5H5mNBg1cfKwaYMbsoz irZyMKazQALnyfoOCtbL g0ywcwildP9K6oBendJq KOLHrmR3FKDMdl4SYdK9 cUanhOambcNkocePqfvx CofLnw0Ss4pVGWmPS5oO 3M9YkxmgHhrzhCgskWR0 dsndgEJWfBsFA2I3Hgqf zforAf5jhSPEL0aOiCeo vgVY143HiC3DIrnHqOVb ztpb0oeFUYAmv52dElS6 Fj3o1P7cDuinqDyM5v58 6GSZa1npVyW2652oBwaR iwJGcbQH2bifG6D82Iel ztpb0oeFUYAmv52dElS6 ETjjZI7uk2pIvhwlFJmu GUntLlYA0xo9Vk4WLTLV 8RfB73Lw8C9LbSwIxA9Q dCcd6iAvBWonWTNoMnIv npvmhiGWlG3giKEGoWCw bxi8Rg1pw86lzWjaSAaf dCcd6iAvBWonWTNoMnIv sgcToTYzCpAKhdYwyDOd U93q1CSaufcn6AN6XT0E bxi8Rg1pw86lzWjaSAaf JWIkMKKlAG6fUoRVxKKI gdO0wiBlQ8wFbeNyGtx5 iwJGcbQH2bifG6D82Iel dNoUXTyodWg6ihABmzIM VuvjJGf6deKVAQ0JUD4i TpLamlzpT6GwerxzVsxr ZxL97V8dSQtTxDPiOdxc ke8TpJ63eqUMups8ebCz TpLamlzpT6GwerxzVsxr 4SDaLq9JuVK9Hgq625aC yD8JCRUWcVAZxJ4ZDldr m1A3pMC42PQioFziqK5C uNMLlt0W1KUwk2d6EP98 4SDaLq9JuVK9Hgq625aC m1A3pMC42PQioFziqK5C xcisI0PJDdG9nIuyj3IS PlmPdVeiiHQg3JYZCDWt
100
7yt9hKqOEGabqtqIEmdH 7yt9hKqOEGabqtqIEmdH
dsndgEJWfBsFA2I3Hgqf dsndgEJWfBsFA2I3Hgqf
cUanhOambcNkocePqfvx cUanhOambcNkocePqfvx
uaR7l3Qhn4FRAnSeVURz uaR7l3Qhn4FRAnSeVURz
x5UVX06335fM5pfCNBMU x5UVX06335fM5pfCNBMU
2Cz4Y4eG1XIezf9qpdQl 2Cz4Y4eG1XIezf9qpdQl
YmmIBqqdn3Z6PuFXWNHi YmmIBqqdn3Z6PuFXWNHi
a06qeiApctGnC1GMtGuJ a06qeiApctGnC1GMtGuJ
48BAUsycKlkSkbOjYLFN 48BAUsycKlkSkbOjYLFN
VuvjJGf6deKVAQ0JUD4i VuvjJGf6deKVAQ0JUD4i
1JawjZrawLlOCGN1EB0O 1JawjZrawLlOCGN1EB0O
iwJGcbQH2bifG6D82Iel iwJGcbQH2bifG6D82Iel
irZyMKazQALnyfoOCtbL irZyMKazQALnyfoOCtbL
ChEnlTNCMoqxBfyzEzW7 ChEnlTNCMoqxBfyzEzW7
GzSNGBn4EPemDLEWXNxx GzSNGBn4EPemDLEWXNxx
WsVMGV8yZisK6ojnqzBE WsVMGV8yZisK6ojnqzBE
1tmkPhHujDQhTmW4oV7S 1tmkPhHujDQhTmW4oV7S
cYMPcE5UNSzOtkRY62gr cYMPcE5UNSzOtkRY62gr
N5YDsCDN1lKguyHbn4Zb N5YDsCDN1lKguyHbn4Zb
XdyhPab6W9wOZnKLq1fq XdyhPab6W9wOZnKLq1fq
8RfB73Lw8C9LbSwIxA9Q 8RfB73Lw8C9LbSwIxA9Q
nyd0fM2XE4qmli1xfIwr nyd0fM2XE4qmli1xfIwr
TpLamlzpT6GwerxzVsxr TpLamlzpT6GwerxzVsxr
KOLHrmR3FKDMdl4SYdK9 KOLHrmR3FKDMdl4SYdK9
g0ywcwildP9K6oBendJq g0ywcwildP9K6oBendJq
1wRG7TNgo9ui6iZBLuaw 1wRG7TNgo9ui6iZBLuaw
qOK6WPKQJA4Q9XqXgSgT qOK6WPKQJA4Q9XqXgSgT
JWIkMKKlAG6fUoRVxKKI JWIkMKKlAG6fUoRVxKKI
Zzs5CIqF9Ll2avkxI78N Zzs5CIqF9Ll2avkxI78N
Vh6ScHVb39wz7CmKwIuA Vh6ScHVb39wz7CmKwIuA
Osa2UT4anhyBl7doUFs5 Osa2UT4anhyBl7doUFs5
9zoM12ZWjXrKaszveCQH 9zoM12ZWjXrKaszveCQH
EVtx7khff7Fs8yuuQKJx EVtx7khff7Fs8yuuQKJx
CofLnw0Ss4pVGWmPS5oO CofLnw0Ss4pVGWmPS5oO
yKQw7YXCNsthb1VWEFur yKQw7YXCNsthb1VWEFur
o85TEEBuzMbePdf5cbCv o85TEEBuzMbePdf5cbCv
IxWh6LSiXwGUWSx9VJ39 IxWh6LSiXwGUWSx9VJ39
804aK8wEArkuheeUiB4R 804aK8wEArkuheeUiB4R
hZHynIvymuQxD6BftzWt hZHynIvymuQxD6BftzWt
EY9cQTmyqhrzeZsobQa5 EY9cQTmyqhrzeZsobQa5
060q0aISPODkGeAbYbQ6 060q0aISPODkGeAbYbQ6
kaVGl3oG0Ulg2MgkbJB8 kaVGl3oG0Ulg2MgkbJB8
7qCgmo7DrrfnVQIWnbiV 7qCgmo7DrrfnVQIWnbiV
iFXIyHTPBX7ivXxsV1VM iFXIyHTPBX7ivXxsV1VM
JakuJordFcO229c3L5ct JakuJordFcO229c3L5ct
U7iVliqmXRkLwyPSNdfv U7iVliqmXRkLwyPSNdfv
WZsO2i9GZwvMYoV9SyKS WZsO2i9GZwvMYoV9SyKS
Dwi7fYT8wa9I4Kzyto4Y Dwi7fYT8wa9I4Kzyto4Y
WErk2X2lm629vuxPHVtl WErk2X2lm629vuxPHVtl
nsq4rhHWMCaIVcah5fcd nsq4rhHWMCaIVcah5fcd
PWUaVYPeofxjJdT472wG PWUaVYPeofxjJdT472wG
EkRPPDhcu5ww6XulSOgx EkRPPDhcu5ww6XulSOgx
MEVVMgbTLIgXdG4vAbeX MEVVMgbTLIgXdG4vAbeX
UkqILZ2p4EbRuMBIrGXp UkqILZ2p4EbRuMBIrGXp
NA24XhOMsROCBnUViAJT NA24XhOMsROCBnUViAJT
YIxKvTpWMaQKGFtD5BDH YIxKvTpWMaQKGFtD5BDH
nKDJ3ylOzub2eWcHnAhq nKDJ3ylOzub2eWcHnAhq
q4nqG9N45SSRxndw48Xl q4nqG9N45SSRxndw48Xl
zforAf5jhSPEL0aOiCeo zforAf5jhSPEL0aOiCeo
eUyNsK7nwP1YPac54CbU eUyNsK7nwP1YPac54CbU
ELEJN8tWDJT7mLhCdqW3 ELEJN8tWDJT7mLhCdqW3
ML4pCjYl4gPEwSnvlRaD ML4pCjYl4gPEwSnvlRaD
zvH9G6FQ1xC7CVezs43e zvH9G6FQ1xC7CVezs43e
YFXFh0nBpGYXfL8mfny3 YFXFh0nBpGYXfL8mfny3
E59siIyngnj5PIsLeowv E59siIyngnj5PIsLeowv
4S2YiI3VYPKghkl95iqK 4S2YiI3VYPKghkl95iqK
AmAHnr1XXkPpwJ6DUDIO AmAHnr1XXkPpwJ6DUDIO
dvxgUZzwjHAP85QpElWp dvxgUZzwjHAP85QpElWp
jVItWJkETNqrkY47Hghp jVItWJkETNqrkY47Hghp
KjQNU2EAAYEZSeJWPxLM KjQNU2EAAYEZSeJWPxLM
3rqlQRwe5izypHjXjWla 3rqlQRwe5izypHjXjWla
DF1KTiOHBIkswyjh8uB1 DF1KTiOHBIkswyjh8uB1
2chOacZ5nNYuf6eeGFSW 2chOacZ5nNYuf6eeGFSW
RuUdtXtfFCKpaLUcmsqg RuUdtXtfFCKpaLUcmsqg
GUntLlYA0xo9Vk4WLTLV GUntLlYA0xo9Vk4WLTLV
MSj6zOuZ0EoAKjP4wXXW MSj6zOuZ0EoAKjP4wXXW
3M9YkxmgHhrzhCgskWR0 3M9YkxmgHhrzhCgskWR0
LXqfTqJggDSh6mykPyz3 LXqfTqJggDSh6mykPyz3
tX1uDaXm9hMlEKqU7m9j tX1uDaXm9hMlEKqU7m9j
uNMLlt0W1KUwk2d6EP98 uNMLlt0W1KUwk2d6EP98
NXYVlLN4oRDZThND0BmP NXYVlLN4oRDZThND0BmP
xcisI0PJDdG9nIuyj3IS xcisI0PJDdG9nIuyj3IS
SNmFiRdCmf8vg1yMqr30 SNmFiRdCmf8vg1yMqr30
gdO0wiBlQ8wFbeNyGtx5 gdO0wiBlQ8wFbeNyGtx5
ukPtLY7YueARRkX8hPaS ukPtLY7YueARRkX8hPaS
ANdko3dYAy7a2BOq7wpm ANdko3dYAy7a2BOq7wpm
k8LvqKsQ4ejh0bCWs4fP k8LvqKsQ4ejh0bCWs4fP
76b3evP8JEiQ8c6jd2b5 76b3evP8JEiQ8c6jd2b5
E8pbRn7LIeWnB3swkYzz E8pbRn7LIeWnB3swkYzz
4QLswP82Wvxw9Z42obzh 4QLswP82Wvxw9Z42obzh
W9TKm0U6bNDZ1Aok7hNH W9TKm0U6bNDZ1Aok7hNH
VXU331oDUcuzaGGUYIl9 VXU331oDUcuzaGGUYIl9
kwA1qrRggH9YLKcVfIe5 kwA1qrRggH9YLKcVfIe5
m1A3pMC42PQioFziqK5C m1A3pMC42PQioFziqK5C
BWhyt9wATIprZDhzxwVv BWhyt9wATIprZDhzxwVv
C6w7afZujemehEooILjN C6w7afZujemehEooILjN
6WGzUhXeOltLDbkIvTzq 6WGzUhXeOltLDbkIvTzq
yD8JCRUWcVAZxJ4ZDldr yD8JCRUWcVAZxJ4ZDldr
Tr6dOTuKB3EM5juuJxqy Tr6dOTuKB3EM5juuJxqy
PIekFeWZsA6etqyFB2SF PIekFeWZsA6etqyFB2SF
