TN93ZjZBMIgkJh9ck6Ha zWpsWJk9vbOt0JkC0vhz X0l14s0sRXjXSeLRZLOJ ac1xBQA0fTyrjmfkRJQN wqC51QdeDTq2cT8foWJ0 1GbSD7rTlpNb4qV46SKR vDgQrJL5dinUbTXXnFI5 qizvT7wmu308zgJRCTE2 w5Yg5o0VnYd77fs4XPRL RBvtNZMBTgecfVkYzQF0 ptVEb5MtTsnyDsszLqdb ncgdwkJBMYlPXBREt3a2 bDUuepVti8upHAAenmtw UMmbOoOKP6EkLMuN70H3 huAFXwtRjt3SQzwGHlqz fs293gU4e4aMhOljCB50 j2d1svPUTAqQIDPXwffl lRM59z2yUMoVl3kzgo9u bVCSBWLjvEmxQEUvDzc4 huAFXwtRjt3SQzwGHlqz o9aZyqilfPONdyLlpTRX ki0pv73E3TweydEr2xMN IMeOdBNxrGDg6Fs4Ao98 GvRFaXYJvrU5PAeeG88T C4VxHS7oWghMg001nCqT 7icmXpzpUEkwaV7qVEaJ qz4O4bOhKA0YZxpN4mu9 lYkJhGqsFKbDklNelAfr C4VxHS7oWghMg001nCqT SwF10yYWjKWmqxtGZBky MrSQPZSbMdgYshneAfKf ZhHxBzOYsJAOHrqq4mZM m1eNgjuhkxodElFqqgdb G6CUgOl4p73Rgc0T3f94 QE7OzkjvlSSywyVvAzrw mZGLfn0jbLOpy4dRbGU2 lIw41GL97UpW0SIulzFJ MrSQPZSbMdgYshneAfKf GvRFaXYJvrU5PAeeG88T gVtgypR1P6Eyj6R6BPn8 wy0RiFWOddqgqdcatQ9A o9XvbKLK829LHx1fwro4 q1ntlEPy5TkjTDK1N7QA yHPSS57AN08ejjILeFs9 fbJ1XhavEsRSCGVVB1U1 oAFZUXg8zx8H0DELrp92 K674cUKePzN7aRSq4iqU jjCSZnB5168QDqTrFROq fbJ1XhavEsRSCGVVB1U1 JBiXyXogbhO9RGLjMiRP olDP1pNg8HxpvCq8TOIJ K674cUKePzN7aRSq4iqU o53aRQwjhcCKlIFPSjvf o2dWBGyrvosFrr6mKxkG SUNxIlWVwIvWYg6OTKeH F2tHb2HX5QlBFzs8Czn0 cTQsPiFc1uh1wyO5LVD6 k1Tln9YIMlQqN0j9DgoX F2tHb2HX5QlBFzs8Czn0 bxgB5IUPnImEXqnS3iaV 69TQpRojisYUrVnWqBaA yHPSS57AN08ejjILeFs9 9OL9rFCWxsvkui0BnJrR o9XvbKLK829LHx1fwro4 dDuRIa3uykAHrqtnscL7 EY74ASuADSlYlDTJLkL6 uNXUIWejT1w4vLTe7QBt HDb2FcmjCYtiXtdvOxhu tDBlCuVAUlVhYfGmo0ZK LJTA7Za5kd0YC7vjiAyc uyIFjf9icYD5VmAzNfRQ VThEkwdtHmaZ1zsmfh4s uNXUIWejT1w4vLTe7QBt 0XkHA8PrhAZdfyodPJuj tDBlCuVAUlVhYfGmo0ZK QE7OzkjvlSSywyVvAzrw MGbVIBTGbPc6LEJTJ0O1 mZGLfn0jbLOpy4dRbGU2 E1No0jrU6hgJwSJDwUUZ ki0pv73E3TweydEr2xMN saIZq3FqZhdVPNoQWmqU vy2boLWO2lxg10y7uS0y myBc2oGXtwQIbhN8LZB1 nmetx4LmU9YBYTmghDrT 1ZOzWuPMAgV9noIUn6fI 3B3BIG6A4j9vPwAc8nQR 9qKQxzNhOFjJqaecQyK0 acKFNKRjJfiuZlOgTEsC 4jo8IXw984NR3wvT2Dr9 jHmvxfAZsjs2mCnHbbFf itlYcr1HLIijK6IEih7d k1M2cFnugZRKjqOUnjwv FMx2ghinkTg3bXUUbaTx itlYcr1HLIijK6IEih7d nmetx4LmU9YBYTmghDrT 6X2CNJieZ0I5rs3Wfu65 myBc2oGXtwQIbhN8LZB1 fpPjeU3Q7Ml0oxbNnONE THOlWrcPLTG3BoVkMtJU z5q6ttBPV27yxxLLSiEN RBvtNZMBTgecfVkYzQF0 dOBnQCXLXxGyjTj3QvT5 z5q6ttBPV27yxxLLSiEN 6yzFaM9N8M8BsjLACDds yAYyOcL4ZKdEiLdSPQJm bDUuepVti8upHAAenmtw KtbSULrz2h1IxsKP2DHz RpB10dFWsUl9DC779n8X DY8VhtrSq6Cc3rxJZ9sj gTUKyXNYZMF2asX4AtFU TcUz8pPP5kJyD6SKwm5I 3TCeOMdE7BbPZ0rpYuCY DY8VhtrSq6Cc3rxJZ9sj UV9ETXujgMy6Jbe14yrW vngNw4A9ZBI4o4Wf7Dba 5f6BSghRQWi4UfjviKjn 1xvTq3xEFTlQlaxDd2yR riaaYbNfyU7H6Pgj8ox2 e3j3O8zLHFaoF4L54lX4 oTKjE2BVS0AvV4XvUeLk jy3jNWgqegakpFSv6gUm vDgQrJL5dinUbTXXnFI5
50
lRM59z2yUMoVl3kzgo9u lRM59z2yUMoVl3kzgo9u
jHmvxfAZsjs2mCnHbbFf jHmvxfAZsjs2mCnHbbFf
qz4O4bOhKA0YZxpN4mu9 qz4O4bOhKA0YZxpN4mu9
fpPjeU3Q7Ml0oxbNnONE fpPjeU3Q7Ml0oxbNnONE
olDP1pNg8HxpvCq8TOIJ olDP1pNg8HxpvCq8TOIJ
o53aRQwjhcCKlIFPSjvf o53aRQwjhcCKlIFPSjvf
jy3jNWgqegakpFSv6gUm jy3jNWgqegakpFSv6gUm
lYkJhGqsFKbDklNelAfr lYkJhGqsFKbDklNelAfr
o9aZyqilfPONdyLlpTRX o9aZyqilfPONdyLlpTRX
vy2boLWO2lxg10y7uS0y vy2boLWO2lxg10y7uS0y
yAYyOcL4ZKdEiLdSPQJm yAYyOcL4ZKdEiLdSPQJm
bVCSBWLjvEmxQEUvDzc4 bVCSBWLjvEmxQEUvDzc4
X0l14s0sRXjXSeLRZLOJ X0l14s0sRXjXSeLRZLOJ
wy0RiFWOddqgqdcatQ9A wy0RiFWOddqgqdcatQ9A
SUNxIlWVwIvWYg6OTKeH SUNxIlWVwIvWYg6OTKeH
MrSQPZSbMdgYshneAfKf MrSQPZSbMdgYshneAfKf
1GbSD7rTlpNb4qV46SKR 1GbSD7rTlpNb4qV46SKR
saIZq3FqZhdVPNoQWmqU saIZq3FqZhdVPNoQWmqU
UMmbOoOKP6EkLMuN70H3 UMmbOoOKP6EkLMuN70H3
6yzFaM9N8M8BsjLACDds 6yzFaM9N8M8BsjLACDds
uNXUIWejT1w4vLTe7QBt uNXUIWejT1w4vLTe7QBt
1ZOzWuPMAgV9noIUn6fI 1ZOzWuPMAgV9noIUn6fI
4jo8IXw984NR3wvT2Dr9 4jo8IXw984NR3wvT2Dr9
oTKjE2BVS0AvV4XvUeLk oTKjE2BVS0AvV4XvUeLk
RpB10dFWsUl9DC779n8X RpB10dFWsUl9DC779n8X
69TQpRojisYUrVnWqBaA 69TQpRojisYUrVnWqBaA
m1eNgjuhkxodElFqqgdb m1eNgjuhkxodElFqqgdb
ki0pv73E3TweydEr2xMN ki0pv73E3TweydEr2xMN
nmetx4LmU9YBYTmghDrT nmetx4LmU9YBYTmghDrT
o2dWBGyrvosFrr6mKxkG o2dWBGyrvosFrr6mKxkG
w5Yg5o0VnYd77fs4XPRL w5Yg5o0VnYd77fs4XPRL
e3j3O8zLHFaoF4L54lX4 e3j3O8zLHFaoF4L54lX4
5f6BSghRQWi4UfjviKjn 5f6BSghRQWi4UfjviKjn
zWpsWJk9vbOt0JkC0vhz zWpsWJk9vbOt0JkC0vhz
j2d1svPUTAqQIDPXwffl j2d1svPUTAqQIDPXwffl
RBvtNZMBTgecfVkYzQF0 RBvtNZMBTgecfVkYzQF0
C4VxHS7oWghMg001nCqT C4VxHS7oWghMg001nCqT
ZhHxBzOYsJAOHrqq4mZM ZhHxBzOYsJAOHrqq4mZM
q1ntlEPy5TkjTDK1N7QA q1ntlEPy5TkjTDK1N7QA
GvRFaXYJvrU5PAeeG88T GvRFaXYJvrU5PAeeG88T
6X2CNJieZ0I5rs3Wfu65 6X2CNJieZ0I5rs3Wfu65
FMx2ghinkTg3bXUUbaTx FMx2ghinkTg3bXUUbaTx
KtbSULrz2h1IxsKP2DHz KtbSULrz2h1IxsKP2DHz
9OL9rFCWxsvkui0BnJrR 9OL9rFCWxsvkui0BnJrR
LJTA7Za5kd0YC7vjiAyc LJTA7Za5kd0YC7vjiAyc
jjCSZnB5168QDqTrFROq jjCSZnB5168QDqTrFROq
VThEkwdtHmaZ1zsmfh4s VThEkwdtHmaZ1zsmfh4s
EY74ASuADSlYlDTJLkL6 EY74ASuADSlYlDTJLkL6
K674cUKePzN7aRSq4iqU K674cUKePzN7aRSq4iqU
fbJ1XhavEsRSCGVVB1U1 fbJ1XhavEsRSCGVVB1U1
