azv xie hyb lko ijd ovx aur scm uon hwc pzr hob hsi wyg hob hsi taj gei ctf ccw zdi gei ctf til brw cwq gcw mtd eqx kxx mqu vfq kxx mis bgn ufa txp sau cuv bgn cib mpw ykc eqk hse whw boc faq gcr eqa sca faq qpl dgw std uvc gcr eqx ncc hln yfq ipq gcw cwq brw jwx dqy ijd jwx yvc wpu pvt yiy wpu pvt hip ubo hlc qzx zdd rcw cvb vxn rfl uyd xki gfr uyd rov zuz ivp ryg dxm jvc bxq pxx itj bxq hcc ryg jvc rgm vxd zwf ovx ihg hbg rti sob oqv azv yqq ydw irv loz rti oqv azv
48
hob wcd
mis mis
rfl rfl
gei gei cim
azv azv
rti rti
zuz zuz lmh
oqv oqv
aur aur
hip hip
hcc hcc
brw brw
yvc yvc
ipq ipq
ufa ufa
zdd uua
hlc hlc
hwc hwc
xie xie
yiy yiy
pzr pzr
ctf ctf
gfr gfr
hsi hsi
rcw rcw
jvc jvc
hyb hyb
boc boc
sau sau
cib cib
ijd ijd
vxn vxn
mpw mpw
ivp ivp
eqa eqa
ovx ovx
scm scm
vfq vfq
qzx qzx
jwx jwx
dqy dqy
rov rov
ncc ncc
uyd uyd
gcw gcw
cwq cwq
mtd mtd
yfq yfq
