zMnoKpsz12d1Y6CixoCL hdXOmxRAbu0HN40emwgb WErCaTW8MMgw3ZAta1gT EFVi1RMWM28DYYdOxVze M3MAG2lM6nUmTjQ3nD4D PrzulPuk0tqiNKmdjp0X z2nBS9pweVYpDmW0fMRS M3MAG2lM6nUmTjQ3nD4D GfpGWz1SaDeisCQVEJrI kHWDWFJURX8TBbDnLSlR dUDrtIP8WIldh2FT7uba W8ft2Hcg1VXPVNTpprS3 kHWDWFJURX8TBbDnLSlR mTYxpEwVJTp369cmBN7S HAc1Ylu9mrUmnheKISnK YqOJXOtRcgzFFRGKRutM Ryx97mzVLWHytqmLAKlJ JPD2uBroiElzO4z72vhQ YqOJXOtRcgzFFRGKRutM mNuLv0WHsIRpWEdSUREd fat0ktgmwPXvqLhmWfJ0 mUERvxQcAO2XlgBTPRGA qSLkk45Evo68Y4JhMUq7 fat0ktgmwPXvqLhmWfJ0 YqOJXOtRcgzFFRGKRutM ybqDdUoaPknlNwzZFeto FHGlzd4VlMUVjTba9Qjm z6gtkXCB2ntSiYsjrque ybqDdUoaPknlNwzZFeto 1Tm2BSSz9mj8o3m9o0TB tXtX3vcLWOYDJBh3QgZt PVcbdr9b4cXQbbu8InjK 73GclC6XOTCjqTwHSUFH BKvWsgveG3lQHgeNBv62 5VNO6t8qAcR3d5jJgfi4 1Tm2BSSz9mj8o3m9o0TB OcyqfDTyG7wfT1rvpitz sNJuS4R6b6KAUX5QI4md uqAmYQiu3O0THeAaPzKH OcyqfDTyG7wfT1rvpitz hH5yU5IgxmmStVnXEBJ1 Y2BEa9hp0T63SlTWXenG oougNPfNRCSRCWJrOUlb hH5yU5IgxmmStVnXEBJ1 3mTCmcCkVhhFn533BM03 G6KTAOxQU8MNiSLazU1t OcyqfDTyG7wfT1rvpitz LdDKuyalK5FXEd1h8XJt LBRpsuMfPp9LEzGTlw5t TuA4wNSOMjTMUxZ5fZWx WdpiLe9uZpnuS9WMphYw JzMVZjOikutQZg00S8wX TuA4wNSOMjTMUxZ5fZWx dgvhUwh5BJRBJnc00LMu jdgXkfbupFQ0XUNJEyvU TuA4wNSOMjTMUxZ5fZWx OcyqfDTyG7wfT1rvpitz IcoYVabhkC8yNYJgy44V GaG5DAqLVuTD09GfUl6l U8fsnzMIN4aMdzToihTq IcoYVabhkC8yNYJgy44V B56U06r3nz3RZaXVmiK2 Y0dqIYSR4P9Br1Cq3f9U xBNbU9Yu51mQvClxjQdr B56U06r3nz3RZaXVmiK2 MyPRIiIVlLarPoP5nZfy dBvruVRsFq4ihmzPj7nf IcoYVabhkC8yNYJgy44V 1Tm2BSSz9mj8o3m9o0TB 07iKiKtYzy9bLoKUo0ve ZcpnIKUrL8i4GzxAolZX 1Tm2BSSz9mj8o3m9o0TB WELPo1XEQnG4JejlB13A ybqDdUoaPknlNwzZFeto kHWDWFJURX8TBbDnLSlR M3MAG2lM6nUmTjQ3nD4D jS5XJP3bXemMgWyvfsmt CcIlGrru613gqyngyuYo Vv2apUMOUSvB9J5u8yJr jS5XJP3bXemMgWyvfsmt ZSg6FSZaRCTLmeHoLgMI Armxs904ujfdAYn9LtOF g6l3PryZJRSAXJGUyq22 RvFA5khunRjN3Z7dmUKr 2DqN6NYyebkVczAnrbNI g6l3PryZJRSAXJGUyq22 jS5XJP3bXemMgWyvfsmt RIRtIJewArUY7i7A6OEl cthtNVKVABeolrPabegT FqxzURcIHYyg2FOpiXCN RIRtIJewArUY7i7A6OEl 5jE3DcSbPJWRITx0u2Kf 9q9h29089dBsNERnjXsd NieXnWTTyXxCRp5CSl0i 5jE3DcSbPJWRITx0u2Kf OMLAPgVr1RosMrpENk9K UkKARQyd3ZxfrQwOeW0R u91JdIwHTd2zumpXCvmK JKKWZrMfMDLTYQt6t5Ap UkKARQyd3ZxfrQwOeW0R 5jE3DcSbPJWRITx0u2Kf gM8AHyLc0ZjUxmDMuXzJ RIRtIJewArUY7i7A6OEl 50qWynRev5CSErzk8Yih QTgsp1BfPDsixeeH6QUT 3fQHkf8pseCy7Ys4Kez5 50qWynRev5CSErzk8Yih Vkpfkc0JUDpakJkZipKD ofmz95sRAyIS0ShQndvb WCUwzDEkBlRrgSeSv9vv 15e7umNMnawEegsOhkYh 5cjkSqVe5mFfFhCgwe8r WCUwzDEkBlRrgSeSv9vv QHym2s92VJ8ycxMeFawz QFT8yfDPa0xDNdRMchX3 KP4zLIZ5LMWJ6mkRn6BX QHym2s92VJ8ycxMeFawz pkPHvGrHHriGlmiL3mRW WCUwzDEkBlRrgSeSv9vv 50qWynRev5CSErzk8Yih szEChRtMF49nUq5i634G RIRtIJewArUY7i7A6OEl FwLnZPETaUkrkp7dE0hH 9c21VhIQJbtu6kG4NZT4 RLriJ3z2V3NV2Vo1oURR dakEfF8eF1B4IYsSGGLe oJor9EUgXhaXPDmChml7 TzlCRBgA0Q2cCjETm7Vx FDT7h4JKMRWa9fcDNmXs oJor9EUgXhaXPDmChml7 C3qGKxHtliSTI7oOnHoB KBGTLYOWLSviflcWwd9y FwLnZPETaUkrkp7dE0hH dakEfF8eF1B4IYsSGGLe GhNWfyijkz8OKJbptIGO VxRxz5foWagBafuSz1m4 lcq8BXTLE4WDnj4JF3yo GhNWfyijkz8OKJbptIGO EvdCmEq3CXPDtnZYkiVu 34ScKN0pHkNmnxdkoIOC BVbv363irLjfCXrWQjqn MDHuBmBbeFOGqzpuNmVz nfdt04yvrwrpPVPzIy2c BVbv363irLjfCXrWQjqn e7oVwvEXzQVG9DeK8uQS QmCq2RCVgnssPOgSwAr8 JOo21iuZtHvP9sSModQZ ARorC1kPdEun4czh3dmX e7oVwvEXzQVG9DeK8uQS olgHJpCT79b6HED7FUWa bUGtOHLCdzsNiRxcLtaT e7oVwvEXzQVG9DeK8uQS JOo21iuZtHvP9sSModQZ T7hLF9jTtc4htoAH0PWD oDA5VKbLZuTPP2ZEB14d JOo21iuZtHvP9sSModQZ GhNWfyijkz8OKJbptIGO yE3wNgUIJB0oZwUjLCMo dakEfF8eF1B4IYsSGGLe YIAlamFOfZeHd5qDll32 9XhdonQsTDmLQknJ4xeP dakEfF8eF1B4IYsSGGLe ZvocIzADG7dBR58wmnu8 FwLnZPETaUkrkp7dE0hH hzqXRQPGO5tnMpQYDdxn 8s4ukhLgGBoor0D87KUr bclRgmmOqfg3PHQz06qB hzqXRQPGO5tnMpQYDdxn XKYNaFpYuIx7Zx7vNANa WErCaTW8MMgw3ZAta1gT vPVOeWczn8eJlf3Gviol
81
ZvocIzADG7dBR58wmnu8 ZvocIzADG7dBR58wmnu8
dBvruVRsFq4ihmzPj7nf dBvruVRsFq4ihmzPj7nf
KP4zLIZ5LMWJ6mkRn6BX KP4zLIZ5LMWJ6mkRn6BX
oDA5VKbLZuTPP2ZEB14d oDA5VKbLZuTPP2ZEB14d
ZcpnIKUrL8i4GzxAolZX ZcpnIKUrL8i4GzxAolZX
szEChRtMF49nUq5i634G szEChRtMF49nUq5i634G
9XhdonQsTDmLQknJ4xeP 9XhdonQsTDmLQknJ4xeP
dUDrtIP8WIldh2FT7uba dUDrtIP8WIldh2FT7uba
yE3wNgUIJB0oZwUjLCMo yE3wNgUIJB0oZwUjLCMo
XKYNaFpYuIx7Zx7vNANa XKYNaFpYuIx7Zx7vNANa
lcq8BXTLE4WDnj4JF3yo lcq8BXTLE4WDnj4JF3yo
NieXnWTTyXxCRp5CSl0i NieXnWTTyXxCRp5CSl0i
pkPHvGrHHriGlmiL3mRW pkPHvGrHHriGlmiL3mRW
xBNbU9Yu51mQvClxjQdr xBNbU9Yu51mQvClxjQdr
bclRgmmOqfg3PHQz06qB bclRgmmOqfg3PHQz06qB
WdpiLe9uZpnuS9WMphYw WdpiLe9uZpnuS9WMphYw
oougNPfNRCSRCWJrOUlb oougNPfNRCSRCWJrOUlb
G6KTAOxQU8MNiSLazU1t G6KTAOxQU8MNiSLazU1t
T7hLF9jTtc4htoAH0PWD T7hLF9jTtc4htoAH0PWD
ZSg6FSZaRCTLmeHoLgMI ZSg6FSZaRCTLmeHoLgMI
RvFA5khunRjN3Z7dmUKr RvFA5khunRjN3Z7dmUKr
gM8AHyLc0ZjUxmDMuXzJ gM8AHyLc0ZjUxmDMuXzJ
FDT7h4JKMRWa9fcDNmXs FDT7h4JKMRWa9fcDNmXs
jdgXkfbupFQ0XUNJEyvU jdgXkfbupFQ0XUNJEyvU
Ryx97mzVLWHytqmLAKlJ Ryx97mzVLWHytqmLAKlJ
nfdt04yvrwrpPVPzIy2c nfdt04yvrwrpPVPzIy2c
KBGTLYOWLSviflcWwd9y KBGTLYOWLSviflcWwd9y
W8ft2Hcg1VXPVNTpprS3 W8ft2Hcg1VXPVNTpprS3
3fQHkf8pseCy7Ys4Kez5 3fQHkf8pseCy7Ys4Kez5
sNJuS4R6b6KAUX5QI4md sNJuS4R6b6KAUX5QI4md
5VNO6t8qAcR3d5jJgfi4 5VNO6t8qAcR3d5jJgfi4
FqxzURcIHYyg2FOpiXCN FqxzURcIHYyg2FOpiXCN
ARorC1kPdEun4czh3dmX ARorC1kPdEun4czh3dmX
GfpGWz1SaDeisCQVEJrI GfpGWz1SaDeisCQVEJrI
QFT8yfDPa0xDNdRMchX3 QFT8yfDPa0xDNdRMchX3
FHGlzd4VlMUVjTba9Qjm FHGlzd4VlMUVjTba9Qjm
bUGtOHLCdzsNiRxcLtaT bUGtOHLCdzsNiRxcLtaT
CcIlGrru613gqyngyuYo CcIlGrru613gqyngyuYo
Vv2apUMOUSvB9J5u8yJr Vv2apUMOUSvB9J5u8yJr
u91JdIwHTd2zumpXCvmK u91JdIwHTd2zumpXCvmK
olgHJpCT79b6HED7FUWa olgHJpCT79b6HED7FUWa
3mTCmcCkVhhFn533BM03 3mTCmcCkVhhFn533BM03
MyPRIiIVlLarPoP5nZfy MyPRIiIVlLarPoP5nZfy
uqAmYQiu3O0THeAaPzKH uqAmYQiu3O0THeAaPzKH
5cjkSqVe5mFfFhCgwe8r 5cjkSqVe5mFfFhCgwe8r
z2nBS9pweVYpDmW0fMRS z2nBS9pweVYpDmW0fMRS
WELPo1XEQnG4JejlB13A WELPo1XEQnG4JejlB13A
Armxs904ujfdAYn9LtOF Armxs904ujfdAYn9LtOF
z6gtkXCB2ntSiYsjrque z6gtkXCB2ntSiYsjrque
Y2BEa9hp0T63SlTWXenG Y2BEa9hp0T63SlTWXenG
PrzulPuk0tqiNKmdjp0X PrzulPuk0tqiNKmdjp0X
ofmz95sRAyIS0ShQndvb ofmz95sRAyIS0ShQndvb
07iKiKtYzy9bLoKUo0ve 07iKiKtYzy9bLoKUo0ve
8s4ukhLgGBoor0D87KUr 8s4ukhLgGBoor0D87KUr
qSLkk45Evo68Y4JhMUq7 qSLkk45Evo68Y4JhMUq7
JKKWZrMfMDLTYQt6t5Ap JKKWZrMfMDLTYQt6t5Ap
mUERvxQcAO2XlgBTPRGA mUERvxQcAO2XlgBTPRGA
GaG5DAqLVuTD09GfUl6l GaG5DAqLVuTD09GfUl6l
TzlCRBgA0Q2cCjETm7Vx TzlCRBgA0Q2cCjETm7Vx
mTYxpEwVJTp369cmBN7S mTYxpEwVJTp369cmBN7S
Y0dqIYSR4P9Br1Cq3f9U Y0dqIYSR4P9Br1Cq3f9U
VxRxz5foWagBafuSz1m4 VxRxz5foWagBafuSz1m4
C3qGKxHtliSTI7oOnHoB C3qGKxHtliSTI7oOnHoB
15e7umNMnawEegsOhkYh 15e7umNMnawEegsOhkYh
U8fsnzMIN4aMdzToihTq U8fsnzMIN4aMdzToihTq
HAc1Ylu9mrUmnheKISnK HAc1Ylu9mrUmnheKISnK
9c21VhIQJbtu6kG4NZT4 9c21VhIQJbtu6kG4NZT4
Vkpfkc0JUDpakJkZipKD Vkpfkc0JUDpakJkZipKD
QTgsp1BfPDsixeeH6QUT QTgsp1BfPDsixeeH6QUT
2DqN6NYyebkVczAnrbNI 2DqN6NYyebkVczAnrbNI
MDHuBmBbeFOGqzpuNmVz MDHuBmBbeFOGqzpuNmVz
JPD2uBroiElzO4z72vhQ JPD2uBroiElzO4z72vhQ
cthtNVKVABeolrPabegT cthtNVKVABeolrPabegT
YIAlamFOfZeHd5qDll32 YIAlamFOfZeHd5qDll32
OMLAPgVr1RosMrpENk9K OMLAPgVr1RosMrpENk9K
34ScKN0pHkNmnxdkoIOC 34ScKN0pHkNmnxdkoIOC
EvdCmEq3CXPDtnZYkiVu EvdCmEq3CXPDtnZYkiVu
mNuLv0WHsIRpWEdSUREd mNuLv0WHsIRpWEdSUREd
QmCq2RCVgnssPOgSwAr8 QmCq2RCVgnssPOgSwAr8
9q9h29089dBsNERnjXsd 9q9h29089dBsNERnjXsd
JzMVZjOikutQZg00S8wX JzMVZjOikutQZg00S8wX
