lQCi69J0eWVlNqqKnSXq u4CAydwAhszp7tM3ILy0 TULA7h1TJjCcU7b7ewMK ivkDNojPLqpGb4cpDTON aAHnKpmemgrMwy9POpn9 V6XJoCUDWAqZklsSLeM6 ivkDNojPLqpGb4cpDTON yXTGXN4mJmD1MMnwU5DV h4lv4AWoIyOY4fsmP5xB HdqcKlipoTYMzJchffld IR7mOQhWXsCDKM4Cc4wS G1Ecvcz8fZufY9CV0J2K HdqcKlipoTYMzJchffld ivkDNojPLqpGb4cpDTON 2fRxkCAZVyHGHkq3Bl9E zdGOEur0Se3VWD6mlq5H AeT8ezBVfSNgGpCCNvM1 2fRxkCAZVyHGHkq3Bl9E GzTC6SyDfi06snBYRanw Q6Q14vRaFSx82FDA8F9j EP0h2hGKZhLlRDvb1dHn lfvGd547iXhkHQ8AjYpO m3HnuJcMZr0UjXE6y0Yj EP0h2hGKZhLlRDvb1dHn Ov5tQy1KeHsti8dfTOIQ jsvSfTN8RLw8M7n8jb8D sC8YSc2m8uVyLGRtJAJm GzTC6SyDfi06snBYRanw tqCzeJHrHXSMuAlQdk95 sX8C3CP6kza3VNKEcdNn GzTC6SyDfi06snBYRanw Ov5tQy1KeHsti8dfTOIQ Rl9sd4PENsPVd55C9qNS sAR5WnnNshpkwOniAudb Ov5tQy1KeHsti8dfTOIQ 5j3nVbxEAEFTUe3GDbN0 9ZAwlDiWc0OkYVLdPP18 wlKpBtU5YVdE9Uq6V4z5 5j3nVbxEAEFTUe3GDbN0 z8GF8LystXVXiuprVyTh 5RtoZI2od7I5NUCXiQ20 r3dhOjzNOGrPmQjmHU4D ji2Hl3ZRuTNdz55QI9iS zbjpBk6LD1KcRmfqCimG r3dhOjzNOGrPmQjmHU4D wlKpBtU5YVdE9Uq6V4z5 kdGczSrviM1C416w1kdh vnCWjVmMdmciaoCYnqW8 wlKpBtU5YVdE9Uq6V4z5 Ts2UPoejx7dwuInV9kms 76IyG9JBAhW2KiBt5QKY 5j3nVbxEAEFTUe3GDbN0 yytanXsBcYsWB0S4zr6x TDEVUkFlcjUpqrP6Bynx 0jsnTC6pUdifVPvCGLLe yytanXsBcYsWB0S4zr6x 0LTuG9BRd9b62kO39lM2 CR5QbErmAVyIHQJyDFi9 2fRxkCAZVyHGHkq3Bl9E sNxtKpoSG9BFpERxjNr1 dSR37cF2irO0NLfFwZy0 NdzV8TNRFhnjMNZlaGI4 sNxtKpoSG9BFpERxjNr1 55xYloQMeVs9kVzx8cN5 pStp5oJ3mwz5HNV7VA81 TULA7h1TJjCcU7b7ewMK E91XnzjC8fk7WmI2LnAz 6WjkeAWWKDbY507hYxDN 24jW8KIc1KJpj5ibhLpV XeZKiAoyYZL9P7yBThlM TULA7h1TJjCcU7b7ewMK HdqcKlipoTYMzJchffld fMvZCv2axIFhKiMGKmK5
36
CR5QbErmAVyIHQJyDFi9 CR5QbErmAVyIHQJyDFi9
sAR5WnnNshpkwOniAudb sAR5WnnNshpkwOniAudb
vnCWjVmMdmciaoCYnqW8 vnCWjVmMdmciaoCYnqW8
XeZKiAoyYZL9P7yBThlM XeZKiAoyYZL9P7yBThlM
sC8YSc2m8uVyLGRtJAJm sC8YSc2m8uVyLGRtJAJm
pStp5oJ3mwz5HNV7VA81 pStp5oJ3mwz5HNV7VA81
zbjpBk6LD1KcRmfqCimG zbjpBk6LD1KcRmfqCimG
m3HnuJcMZr0UjXE6y0Yj m3HnuJcMZr0UjXE6y0Yj
G1Ecvcz8fZufY9CV0J2K G1Ecvcz8fZufY9CV0J2K
0LTuG9BRd9b62kO39lM2 0LTuG9BRd9b62kO39lM2
76IyG9JBAhW2KiBt5QKY 76IyG9JBAhW2KiBt5QKY
Ts2UPoejx7dwuInV9kms Ts2UPoejx7dwuInV9kms
z8GF8LystXVXiuprVyTh z8GF8LystXVXiuprVyTh
IR7mOQhWXsCDKM4Cc4wS IR7mOQhWXsCDKM4Cc4wS
kdGczSrviM1C416w1kdh kdGczSrviM1C416w1kdh
yXTGXN4mJmD1MMnwU5DV yXTGXN4mJmD1MMnwU5DV
5RtoZI2od7I5NUCXiQ20 5RtoZI2od7I5NUCXiQ20
lfvGd547iXhkHQ8AjYpO lfvGd547iXhkHQ8AjYpO
zdGOEur0Se3VWD6mlq5H zdGOEur0Se3VWD6mlq5H
NdzV8TNRFhnjMNZlaGI4 NdzV8TNRFhnjMNZlaGI4
u4CAydwAhszp7tM3ILy0 u4CAydwAhszp7tM3ILy0
sX8C3CP6kza3VNKEcdNn sX8C3CP6kza3VNKEcdNn
AeT8ezBVfSNgGpCCNvM1 AeT8ezBVfSNgGpCCNvM1
dSR37cF2irO0NLfFwZy0 dSR37cF2irO0NLfFwZy0
jsvSfTN8RLw8M7n8jb8D jsvSfTN8RLw8M7n8jb8D
0jsnTC6pUdifVPvCGLLe 0jsnTC6pUdifVPvCGLLe
TDEVUkFlcjUpqrP6Bynx TDEVUkFlcjUpqrP6Bynx
Rl9sd4PENsPVd55C9qNS Rl9sd4PENsPVd55C9qNS
aAHnKpmemgrMwy9POpn9 aAHnKpmemgrMwy9POpn9
tqCzeJHrHXSMuAlQdk95 tqCzeJHrHXSMuAlQdk95
Q6Q14vRaFSx82FDA8F9j Q6Q14vRaFSx82FDA8F9j
h4lv4AWoIyOY4fsmP5xB h4lv4AWoIyOY4fsmP5xB
55xYloQMeVs9kVzx8cN5 55xYloQMeVs9kVzx8cN5
V6XJoCUDWAqZklsSLeM6 V6XJoCUDWAqZklsSLeM6
9ZAwlDiWc0OkYVLdPP18 9ZAwlDiWc0OkYVLdPP18
ji2Hl3ZRuTNdz55QI9iS ji2Hl3ZRuTNdz55QI9iS
