Potrero Meyers Brookdale Calaveras Welden Presidio Warner Granite Rossmoor Greenwood Laguna Home Delta Fremont Chinese Kentfield Merced Aguanga Welden Ida Huron Ames Campbell Old Carmel Richvale Kentfield Chinese Oceanside Merced Banning Sacramento Kern Santa Sherman Balsdon Fiorini Garden Smoke 18th All Colonnade Boulevard Ramona Yurok Linden Oildale Ramona 18th Balsdon Foothills Vista Moores Calaveras Meyers Greenwood Potrero
24
Balsdon Balsdon
Calaveras Calaveras Clayton
Meyers Meyers
Colonnade Woffard
Banning Banning
Laguna Laguna
Ames Ames
Warner Warner
Carmel Carmel
Fiorini Fiorini
Oceanside Oceanside
Ida Ida
Potrero Potrero
Santa Santa
Richvale Richvale
Kentfield Hume
Smoke Smoke
Linden Linden
Fremont Fremont
Boulevard Boulevard
18th 18th
All All
Chinese Chinese
Merced Merced
