Encanto Old Oceanside 18th Brookdale Fiorini Warner Potrero Warner Fiorini Merced Alpaugh Chittenden Huron Roseland Delta Merced Bangor Riverside Foothills Home Riverside Pumpkin Marina Lost Forest Old Crafton Elmira Cypress Forest Marina Banning Clark Balsdon Quail Calaveras Kern Veterans New Greenwood Richvale Iowa Beach Sherman Clark Ramona Long Laguna Woodbridge Moccasin Meyers Veterans Ramona Beach Kern Coachella Portola Boulevard Coachella South Homestead Manzanita Helm Robertsville Vista Ames Jane Linden Helm Santa Homestead Yubadocs Oildale City Cherokee Clayton San Presidio Clayton Cherokee Bonita All Welden Woodbridge Willow Garden Vernon Rossmoor All Chinese Sacramento Moores Carmel Campbell Pumpkin Kentfield Ida Carnelian Granite McAuley Colonnade Granite Fremont Ida Sacramento Chinese Old Armstrong Green Shafter Mount Mission Aguanga Mount Jane Mount Smoke Costa Two Armstrong Oceanside Old Encanto
47
Jane Woffard Jane
Banning Banning
Laguna Laguna
Clayton Clayton
Ames Ames
Warner Warner Cabbage
Kentfield Kentfield
Ramona Ramona
Santa Santa
Richvale Richvale
Kern Kern
Smoke Smoke
Garden Garden
Vista Vista
Delta Delta
Elmira Elmira
Presidio Presidio
Welden Welden
Sherman Sherman
All All
Chinese Chinese
Potrero Yurok
Foothills Foothills
Granite Granite
Quail Quail
City City
Calaveras Los
Pumpkin Pumpkin
Riverside Riverside
McAuley McAuley Glencoe
Mount Mount
Two Two
Homestead Homestead
Alpaugh Alpaugh
Woodbridge Woodbridge
Cypress Cypress
Cherokee Cherokee
Costa Costa
Encanto Encanto
Moccasin Moccasin
Vernon Vernon
Green Green
Shafter Shafter
Beach Beach
Forest Forest
Willow Willow
Bonita Bonita
