Castle Civic Portola Rowland Kaiser New Pacheco Willow South San City South San Donner Alameda Wallace Stanislaus Balboa Wallace Coulterville El Sulpizio La Rough Anaheim Ophir Cahuilla Presidio Jamul Anaheim New Rough Le Fremont Lebec Bodad Madera Richvale Washington Lebec Flying Artesia Mount Bodad Richvale Quail Terra Lebec Le Huron Cerro Temecula Bandini Costa Yucca Dutch Fremont Susan Chicken East Stone Ramona Moores Creston Bakersfield Bonny Pumpkin Hub Moores Stone Bandini Forbestown Alamo Ida Boulder Louis Cypress Glennville Ida East Palomar Patrick Fiorini Aguanga Ellis Roseland Skydive Beach California Magic Smith Ophir Smartsville Midtown Hammer Bonita Capuchino Brundage Bell Bradley Princeton Palomar Winterhaven Brundage Bell Calexico Magic Downtown Commonwealth California Skydive Garcia Dulzura Roseland Palomar Patrick Jane Butte Mecca Encanto Carmel Vallecito Flinn Collins Mecca Flinn Kentfield Mecca Stone Moores Creston Boulevard Cherokee Lincoln Boulevard Grasslands Nicolaus Patrick Church Garden Jamul Welwood Aptos Davis Visalia Louis Santa Olivehurst Davis Aptos Inaja Stockdale Inaja Pleasant Cambridge Nicolaus Bodfish Carnelian Stockdale Robertsville Singing Yankee Davenport Olivehurst Davis Visalia Newark Marshall Ames Fox Chittenden Armstrong Chinese Ames Jacumba Coachella Cudahy Newark Saint Bangor Colonnade Glencoe Marina Forest Tuxedo Fountain Tuxedo Woody Mecca Ballena Alamo Yurok Escondido Smoke Buena Livingston Skydive Lake Smoke Yale Escalon Coddingtown Chowchilla Yurok Sequoia Sonoma Fullerton Manzanita Fountain Clayton King Cabbage Northern Kaiser Antelope Timbuctoo Oildale Sherman Lost Northern Hoffman Clayton Del Helm Sheep Meyers Industrial Smoke King Manker Tijuana Helm Del Blue Bonny Sunny Three Blue Bonny Foothills Yubadocs Warner Parchester Stanton Industry Warner Clipper Kaiser Hoffman Potrero Castle
96
California California
Portola Portola
Cerro Cerro
Sunny Sunny Strawberry
Forbestown Forbestown
Sherman Sherman
Terra Terra
Industry Industry
Balboa Balboa
Rough Rough
Capuchino Capuchino
Clipper Veterans Ritter
Yankee Yankee
Stockdale All Stockdale
Garcia Garcia
Wallace Wallace
Richvale Richvale
Visalia Sacramento
Kaiser Kaiser
Donner Donner
Chittenden Chittenden
Alamo Alamo
Brundage Brundage
Hammer Hammer
Timbuctoo Timbuctoo
Bodad Bodad
Fullerton Fullerton
Cypress Cypress
Dulzura Dulzura
Del Del
Clayton Clayton
Saint Saint
Armstrong Armstrong
Louis Crestmont Louis
South South
Anaheim Anaheim
Hoffman Hoffman
Temecula Temecula
Stanislaus Delta
Rowland Rowland
Mecca Mecca
Fox Fox
Roseland Roseland
Helm Helm
Industrial Industrial
Beach Beach
Lake Lake
Cambridge Cambridge
Blue Blue
Bonny Bonny
Bradley Bradley
Glencoe Glencoe
Smith Smith
Winterhaven Winterhaven
Buena Buena
Fiorini Fiorini
Bangor Bangor
Manker Manker
Pleasant Pleasant
Presidio Presidio
Tijuana Tijuana
Bell Bell
Quail Quail
Grasslands Grasslands
Flinn Flinn
Cudahy Cudahy
Moores Moores
Parchester Parchester
Ramona Ramona
Davenport Davenport
Downtown Downtown
Church Calaveras
Costa Costa
Marshall Marshall
Coddingtown Coddingtown
Smoke Smoke
Collins Collins
Yurok Yurok
Civic Civic
Le Le
Santa Santa
Fountain Cressey
Escalon Escalon
Robertsville Robertsville
Three Three
Warner Warner
Antelope Antelope
Potrero Potrero
Escondido Escondido
Huron Huron
Carmel Carmel
Woody Woody
Sulpizio Sulpizio
Pacheco Pacheco
Bakersfield Bakersfield
Cabbage Cabbage
