loc0 loc190 loc84 loc0 loc51 loc64 loc38 loc187 loc82 loc38 loc64 loc66 loc99 loc154 loc10 loc183 loc125 loc10 loc95 loc65 loc10 loc64 loc12 loc113 loc67 loc17 loc116 loc180 loc9 loc157 loc162 loc100 loc9 loc17 loc47 loc197 loc105 loc47 loc10 loc194 loc43 loc10 loc18 loc126 loc35 loc18 loc49 loc165 loc30 loc173 loc153 loc30 loc62 loc189 loc56 loc33 loc49 loc30 loc44 loc79 loc90 loc44 loc152 loc122 loc32 loc26 loc192 loc133 loc73 loc56 loc102 loc56 loc26 loc18 loc10 loc14 loc143 loc41 loc14 loc10 loc51 loc92 loc159 loc45 loc0 loc94 loc5 loc139 loc87 loc5 loc129 loc37 loc134 loc83 loc5 loc106 loc57 loc48 loc24 loc144 loc53 loc24 loc4 loc166 loc115 loc4 loc198 loc46 loc96 loc149 loc7 loc78 loc168 loc45 loc72 loc7 loc96 loc4 loc34 loc4 loc185 loc6 loc196 loc104 loc6 loc167 loc91 loc6 loc71 loc28 loc195 loc191 loc28 loc6 loc148 loc131 loc27 loc163 loc135 loc27 loc6 loc93 loc29 loc177 loc136 loc22 loc127 loc16 loc147 loc85 loc16 loc178 loc40 loc150 loc117 loc40 loc110 loc63 loc40 loc16 loc156 loc46 loc142 loc22 loc16 loc86 loc13 loc188 loc2 loc137 loc98 loc184 loc13 loc4 loc24 loc53 loc52 loc182 loc132 loc23 loc3 loc108 loc80 loc3 loc121 loc1 loc140 loc55 loc36 loc111 loc101 loc36 loc25 loc193 loc118 loc25 loc55 loc1 loc171 loc146 loc114 loc11 loc160 loc123 loc11 loc76 loc19 loc145 loc141 loc19 loc138 loc50 loc11 loc75 loc20 loc179 loc37 loc186 loc31 loc61 loc20 loc99 loc8 loc112 loc88 loc8 loc58 loc181 loc37 loc20 loc107 loc59 loc176 loc151 loc39 loc89 loc15 loc170 loc158 loc15 loc21 loc124 loc155 loc77 loc21 loc11 loc42 loc3 loc81 loc23 loc3 loc24 loc0
95
loc1 loc1
loc3 loc3
loc5 loc5
loc7 loc7
loc9 loc9 loc119 loc161
loc11 loc11
loc13 loc13
loc15 loc15
loc17 loc17
loc19 loc19 loc69
loc21 loc21
loc23 loc23
loc25 loc25
loc27 loc27
loc29 loc29 loc97
loc31 loc31
loc33 loc33
loc35 loc35
loc37 loc37
loc39 loc39
loc41 loc41
loc43 loc43
loc45 loc45
loc47 loc47
loc49 loc49
loc51 loc51
loc53 loc53
loc55 loc55
loc57 loc57
loc59 loc59
loc61 loc61
loc63 loc63
loc65 loc65
loc67 loc67
loc71 loc71
loc73 loc73
loc75 loc75
loc77 loc77
loc79 loc79
loc81 loc81
loc83 loc83
loc85 loc85
loc87 loc87
loc89 loc89
loc91 loc91
loc93 loc93
loc95 loc95
loc99 loc99
loc101 loc101
loc6 loc103 loc175
loc105 loc105
loc107 loc107
loc0 loc109
loc111 loc111
loc113 loc113
loc115 loc115
loc117 loc117
loc121 loc121
loc123 loc123
loc125 loc125
loc127 loc127
loc129 loc129
loc131 loc131
loc133 loc133
loc135 loc135
loc137 loc137
loc139 loc139
loc141 loc141
loc143 loc143
loc145 loc145
loc147 loc147
loc149 loc149
loc151 loc151
loc153 loc153
loc155 loc155
loc157 loc157
loc159 loc159
loc163 loc163
loc165 loc165
loc167 loc167
loc4 loc169
loc171 loc171
loc173 loc173
loc177 loc177
loc179 loc179
loc181 loc181
loc183 loc183
loc185 loc185
loc187 loc187
loc189 loc189
loc191 loc191
loc193 loc193
loc195 loc195
loc197 loc197
loc102 loc199
