Soda BerkeleyWayWest Campanile Evans Kresge LawrenceHall GreekTheatre Doe Soda LeConte Foothill HavilandHall Dwinelle HearstMining HilgardHall CaliforniaHall Barrows Unit3 Campbell Cory Gilman ZellerbachHall DavisHall SouthHall Moffit DavisHall Wheeler LeConte Etcheverry GiauqueHall AlumniHouse InternationalHouse MemorialStadium LawrenceHall Doe Soda
21
Evans Evans BAMPFA
Doe Doe Bowles
HearstMining HearstMining
Wheeler Wheeler
Campanile Campanile
LeConte LeConte
Moffit Moffit
Dwinelle Dwinelle
SouthHall SouthHall Unit1
Gilman Gilman
CaliforniaHall CaliforniaHall
Etcheverry BancroftLibrary Unit2
Cory DurantHall
DavisHall Stern
Campbell Campbell
GreekTheatre GreekTheatre
BerkeleyWayWest BerkeleyWayWest
LawrenceHall LawrenceHall
InternationalHouse InternationalHouse
Unit3 Unit3
Foothill Foothill
