Ippudo Platano Soda HildebrandHall TPTea Campanile LeConte AmoebaMusic SnackShack Artichokes BerkeleyWayWest HappyLemon BerkeleyBart BigC BerkeleyBart SproulHall Boalt Jupiter Morganhall GiauqueHall Ikea Milkbomb Blackwell JacobsApartment AshaTeaHouse Barrows BerkeleyBart SproulHall Boalt Jupiter Morganhall StrawberryCreek Namaste Bowles HearstAnnex McDonalds HearstAnnex Bowles AshaTeaHouse LeConte AmoebaMusic SnackShack Artichokes SnackShack AmoebaMusic LeConte AshaTeaHouse Bowles HearstAnnex Pappys SuperDuperBurgers Blackwell JacobsApartment AshaTeaHouse LeConte Cafe3 ThaiNoodle Doe JambaJuice SteamTrains Underhill HortonHall Cinnaholic HortonHall Underhill Homeroom Underhill HortonHall Stern BerkeleyHigh Toss LaNote Toss BerkeleyHigh Stern ClarkKerr DollarTree TripleRock Cinnaholic HortonHall Underhill SteamTrains JambaJuice Doe ThaiNoodle Cafe3 LeConte Campanile LeConte Campanile TPTea TennisCourts BancroftLibrary Cheeseboard RSF Eshelman SweetheartCafe Eshelman Ikes Fengcha HavilandHall UdupiPalace HavilandHall Fengcha UniversityVillage TToust Crossroads LiKaShing Crossroads SouthHall Crossroads TToust UniversityVillage UCafe Flavia HearstGym WursterHall HearstGym Flavia SmokesPoutinerie Flavia UCafe UniversityVillage Fengcha Ikes Gongcha MSRI NoodleGirl Wikiwiki ACuppaTea GreekTheatre Tilden LatimerHall Jupiter LatimerHall Tilden GreekTheatre ACuppaTea Wikiwiki NoodleGirl Unit3 LaBurrita OptometryBuilding YogurtPark LaVals YogurtPark GreatChina YogurtPark OptometryBuilding LaBurrita HearstGym CaliforniaHall Gadani Marugame BobbyGPizza InternationalHouse BobbyGPizza Marugame Gadani HalalGuys EndlessSweets Kips HesseHall ThaiBasil BrandyMelville FireTrails BrandyMelville ThaiBasil HesseHall EastBaySpiceCompany GSPP Wheeler AndrewsApartment UrbanOutfitters AndrewsApartment GrizzlyPeak Unit1 Ikes Eureka Campbell EastAsianLibrary LittleCampanile WindmillCoffee PokeBar Homeroom TheHabit Ikea GiauqueHall Mezzo BerkeleyArtStudio Quicklys BerkeleyArtStudio Mezzo HAAS BerkeleyRoseGarden Spats Evans DavisHall TukTukThai DavisHall NorthHall Yifang Chipotle HearstMining Campbell HearstMining Chipotle Staples CanyonPool Rachas SutardjaDai BerkeleyThaiHouse SutardjaDai Rachas NatApartment HildebrandHall Soda Platano Ippudo
81
Wheeler Wheeler
HortonHall HortonHall Shengkee
SteamTrains KroeberHall
LatimerHall LatimerHall
SmokesPoutinerie LewisHall SmokesPoutinerie TheDwight
Morganhall Morganhall
McDonalds Morrisonhall McDonalds
FireTrails MulfordHall
NorthHall NorthHall
OptometryBuilding OptometryBuilding
AshaTeaHouse AshaTeaHouse
HavilandHall Bonchon
Quicklys Firewings Quicklys
HappyLemon HappyLemon
SouthHall Ucha
Artichokes Artichokes LowerSproul
LaNote TacoBell ExtremePizza LaNote
Gongcha Gongcha
Yifang Yifang
Fengcha Fengcha
UCafe UCafe
SproulHall SproulHall
TPTea TPTea
GreatChina SatherGate GreatChina
StrawberryCreek StrawberryCreek
BigC BigC TenderGreens
ClarkKerr ClarkKerr
Crossroads Crossroads
Cafe3 Cafe3
InternationalHouse Raretea
Underhill Underhill
YogurtPark TraderJoes
BerkeleyThaiHouse Safeway
Marugame Marugame
Kips Kips Muraccis
Pappys Pappys
NatApartment BetaLounge
Spats Spats
UrbanOutfitters Cornerstone UrbanOutfitters
TripleRock TripleRock
WursterHall WursterHall
PokeBar Plentea PokeBar
Chipotle Chipotle
BobbyGPizza ImmThai
Milkbomb Milkbomb
Campbell MemorialGlade
EastAsianLibrary EastAsianLibrary
ThaiNoodle ThaiNoodle
Mezzo Mezzo
Cinnaholic Slivers
Ikes Ikes
NoodleGirl Teazone
Jupiter TopDog Jupiter
Platano Gypsys Platano
SnackShack SnackShack
ThaiBasil ThaiBasil
Eureka Eureka
TukTukThai BSC TukTukThai Venus
EastBaySpiceCompany EastBaySpiceCompany
SweetheartCafe PeoplesCafe SweetheartCafe
SuperDuperBurgers SuperDuperBurgers
LaVals Target
JambaJuice JambaJuice
HalalGuys HalalGuys
Gadani Gadani
Wikiwiki Wikiwiki
TheHabit TheHabit
Homeroom Homeroom
Cheeseboard Cheeseboard
Campanile ChezPanisse
Rachas Rachas
TennisCourts BobaNinja
Tilden Gather
BerkeleyArtStudio SaturnCafe BerkeleyArtStudio
AmoebaMusic AmoebaMusic
GrizzlyPeak GrizzlyPeak
LaBurrita LaBurrita
AndrewsApartment AndrewsApartment
LiKaShing BanshoRamen
LittleCampanile LittleCampanile
Namaste Namaste
