Horse0 Breakfast74 Shower11 Printer53 Whale59 Ring45 Floppy40 Website24 Rollers18 Body99 Water83 Dislike70 Water83 Body99 Rollers18 Website24 Mail88 Robot9 Ice32 Website24 Urine73 Poop8 Settings94 Running77 Ring97 Allergies3 Solar58 Flowers98 Allergies3 Towel35 Monster47 Allergies3 Water52 Laptop36 Allergies4 Laptop79 Ice26 YouTube56 Laptop79 Allergies4 Ice30 Prints23 Website29 Shelf25 Whale22 Crab78 Book41 Rollers48 Monster80 Water66 Ice10 Towel12 Shoe87 Urine50 Trees96 BBQ86 Urine50 Printer75 Shoe46 Toilet1 Printer75 Allergies54 Leash27 Ring6 Settings33 Toilet20 Towel12 Water66 Kitty92 Monster80 Leash68 Kitty14 Male84 Book41 Crab78 Whale22 System90 Flowers72 Plus62 Post61 Comics49 Soda67 Dislike51 System90 Comics49 Dislike21 Shower15 Rollers91 Websites17 Leash89 Websites17 Rollers34 Post2 Dislike21 Plus62 Whale22 System69 Prints23 Ice30 Cat13 Water52 Running77 Breakfast42 Towel16 Settings94 Soda57 Breakfast19 Floppy64 Horse55 Towel28 Floppy64 Poop43 Shower11 Poop43 Horse0
45
Horse0 Horse0
Allergies3 Allergies3
Allergies4 Allergies4
Shower11 Settings5 Shower11
Robot9 Robot9
Ice10 Ice10 Floppy63
Cat13 Cat13
Kitty14 Kitty14
Shower15 Shower15
Towel16 Towel16
Websites17 Websites17
Breakfast19 Breakfast19
Toilet20 Toilet20
Whale22 Whale22 Bird82
Prints23 Prints23
Shelf25 Shelf25
Ice30 Ice30
Rollers34 Rollers34
Towel35 Towel35
Dislike70 Towel37
Leash89 Ice38 Websites81
Leash27 Monster39
Book41 Book41
Ring45 Ring45
Rollers48 Rollers48
Comics49 Comics49
Dislike51 Dislike51
Water52 Water52
Printer53 Printer53
Horse55 Horse55
Soda57 Soda57
Solar58 Solar58
Whale59 Whale59
Post61 Post61
Plus62 Plus62
Water66 Water66 Bird93
Leash68 Leash68
Allergies54 Monster71
Breakfast74 Breakfast74
Running77 Running77
Male84 Male84
BBQ86 BBQ86
Mail88 Mail88
Ring97 Ring97
Flowers98 Flowers98
