Shelf0 Toolbox153 Android196 Ice198 Towel92 Trees68 Sink157 Poop5 YouTube151 Robot164 Comics107 Nuclear65 Whale114 Robot164 Poop5 Towel92 Bird43 Post158 Whale126 Clock61 Printer188 Cat187 Whale31 Shower47 Shoes132 Shoe111 Flowers178 Plus112 Ice50 Urine97 Solar160 Allergies106 Flowers178 Shoe111 Dislike27 Flowers178 Settings75 Allergies106 Fusion131 Sink109 Shower57 Whale31 Clock61 Whale126 Book99 BBQ172 Website54 Prints152 Water38 Ice165 Puppy117 Clock2 Body55 Mail6 Poop76 Towel123 System156 Soap53 Laptop69 Leash77 Poop150 Robot93 Book171 Solar130 Allergies23 Fusion179 Fence74 Toilet13 Drugs184 Monster73 Fusion179 Comics28 Horse122 Light30 Comics28 Book171 Comics113 Toolbox72 Solar159 Ice9 Website190 Solar162 Ice9 Dog128 Solar159 Nuclear18 Laptop69 Poop150 Robot93 Laptop1 Leash77 Boat141 Clock139 Allergies88 Websites4 Clock139 Soap64 Crab83 Dog101 Boat141 Kitty56 Dog101 Water135 Rollers95 Kitty98 Laptop125 Water29 Clock145 Solar192 Soda119 Crab110 Soda100 Puppy155 Light49 Solar192 Kitty138 Plants129 Whale91 Water29 Clock145 YouTube33 Soda119 Kitty138 Rollers42 Cat70 Leash46 Cat70 Running66 System79 Drugs195 Running177 Drugs195 Clock25 Water90 Hnads116 Drugs39 Puppy133 Leash136 Towel154 Dislike143 Allergies176 Elevator120 Sink96 Rollers173 Boat67 Shoe174 Elevator115 Toilet191 Dog181 Dislike170 Toilet191 Horse26 Water21 Ring60 Solar71 Fusion104 Dislike186 Solar71 Fusion104 Websites94 Websites193 Poop80 Websites94 Settings102 Rollers63 Solar71 Cone185 Ring60 Solar71 Plants62 Shoes8 Boat67 Rollers173 Body180 Shoe17 YouTube199 Solar59 BBQ167 Hnads182 Android189 YouTube44 Ice41 Shelf40 Solar59 Bird11 Kitty194 Solar59 Laptop19 Ice41 Book24 Dislike27 Horse148 Toolbox10 Comics105 Kitty89 Kitty37 Comics105 BBQ36 Ring161 Rollers14 Ring84 Nuclear35 Kitty89 Crab81 System183 Toolbox144 Monster16 Leash45 Post158 Dog168 Android196 Robot134 Puppy140 Mail22 Ring82 Soap3 Toolbox147 Male149 Urine124 Mail22 Cat163 Whale137 Shower48 Cat163 Ice52 Toolbox147 Mail22 Puppy140 Ring169 Toolbox153 Shelf0
93
Shelf0 Shelf0
Clock2 Clock2
Websites4 Websites4
Mail6 Mail6
Shoes8 Shoes8 Dislike12 Soap58
Ice9 Ice9
Toilet13 Toilet13
Rollers14 Rollers14
Leash46 Cat15
Shoe17 Shoe17
Nuclear18 Nuclear18
Laptop19 Laptop19
BBQ36 Urine20 BBQ36
Mail22 Mail22 Allergies103
Book24 Book24
Dislike27 Dislike27 Soda197
Water29 Water29
Light30 Light30
Websites94 Fusion34
Nuclear35 Nuclear35
Water38 Water38
Drugs39 Drugs39
Shelf40 Shelf40
Ice41 Ice41
Shower47 Shower47
YouTube44 Robot51
Body55 Body55
Shower57 Shower57
Clock61 Clock61
Soap64 Soap64
Boat67 Boat67
Solar71 Solar71
Toolbox72 Toolbox72
Monster73 Monster73
Settings75 Settings75
Poop76 Poop76
Leash77 Leash77
Hnads182 Plus78 Hnads182
System79 System79
Poop80 Poop80
Ring82 Ring82
Crab83 Crab83
Rollers63 Breakfast85
Allergies88 Allergies88
Kitty89 Kitty89
Towel92 Towel92
Robot93 Robot93
Rollers95 Rollers95
Urine97 Urine97
Kitty98 Kitty98
Fusion104 Fusion104
Comics107 Comics107
Sink109 Sink109
Whale114 Whale114
Hnads116 Hnads116
Puppy117 Puppy117
Ring60 Plants118
Soda119 Soda119
Urine124 Urine124
Laptop125 Laptop125
Whale126 Whale126
Solar130 Solar130
Water135 Water135
Whale137 Whale137
Clock139 Clock139
Puppy140 Puppy140
Dislike143 Dislike143
Ring169 Toolbox146 Ring169
Horse148 Horse148
Male149 Male149
Poop150 Poop150
Toolbox153 Toolbox153
Towel154 Towel154
System156 System156
Post158 Post158
Solar162 Solar162
Robot164 Robot164
Ice165 Ice165
Dog168 Dog168
Book171 Book171
Shoe174 Shoe174
Sink157 Monster175
Allergies176 Allergies176
Flowers178 Flowers178
Dog181 Dog181
System183 System183
Cat187 Cat187
Printer188 Printer188
Website190 Website190
Solar192 Solar192
Kitty194 Kitty194
Drugs195 Drugs195
Android196 Android196
