S F K 2 X 3 X 2 K F S B P 8 T 10 Z 1 43 38 28 29 24 25 26 27 A2 33 37 42 47 46 45 44 39 34 30 25 24 D C 4 M 6 Z 5 Y 15 20 W2 23 19 14 9 H 10 T 8 P B C D U N V 1 I 11 16 R 16 11 I B2 G2 L2 Q2 L2 G2 B2 C2 H2 M2 R2 M2 H2 C2 D2 I2 N2 I2 D2 E2 J2 O2 J2 E2 F2 K2 P2 V2 U2 T2 48 Z2 Y2 X2 W2 23 22 Q 17 12 7 G W O J E A S
50
A A
B B
C C
D D
A2 A2
E E
F F
P P
U U
J J
K K
M M
N N
O O
T T
V V
W W
X X
Z Z
G G
H H
I I
B2 B2
C2 C2
D2 D2
E2 E2
F2 F2
3 L
Y Y
G2 G2
H2 H2
I2 I2
J2 J2
K2 K2
L2 L2
M2 M2
N2 N2
O2 O2
P2 P2
R R
Q2 Q2
R2 R2
T2 T2
U2 U2
V2 V2
Q Q
W2 W2
X2 X2
Y2 Y2
Z2 Z2
