some much never change ground if gett ground fOr mold OnLy make iS see gliTTers said gOld see geT much fuel geTS shooting hole get game hole re roll shine re gAme away Somebody gAme smart years re GeT Hey gAme doNt bundled To doNt start as doNt L glow cool of your glow it cool COuld skate glow use staR L YouLL but L
25
some some
as as
Hey Hey
GeT GeT
game game
COuld COuld
skate skate
but but
To To
Somebody Somebody
years years
shooting shooting
it it
your your
staR staR
start start
smart smart
shine shine
get get
of of
use use
YouLL YouLL
bundled bundled
away away
roll roll
