0 139 126 0 157 121 0 110 108 0 143 84 0 135 80 0 61 54 0 79 52 0 78 51 0 146 74 22 62 1 153 133 1 132 95 1 120 82 1 114 27 131 13 0 66 5 160 118 5 105 64 5 76 63 5 148 60 5 39 20 18 5 43 0 77 29 0 138 161 162 163 164 165 166 167 168 169 170 171 172 173 174 175 176 177 178 179 180 181 182 183 184 185 186 185 184 183 182 181 180 179 178 177 176 175 174 173 172 171 170 169 168 167 166 165 164 163 162 161 6 140 59 6 88 46 6 36 8 129 112 8 23 6 21 0 22 1 127 10 113 45 10 93 34 10 136 32 10 1 30 102 2 156 125 2 103 81 2 69 188 189 190 191 192 193 194 195 196 197 198 197 196 195 194 193 192 191 190 189 188 69 2 154 28 30 2 3 145 123 3 142 107 3 115 101 3 144 98 3 141 41 3 152 7 137 119 7 73 57 7 48 33 7 19 149 55 19 3 25 128 91 12 155 26 12 17 3 40 4 92 47 4 100 35 4 86 31 4 130 64 9 150 42 9 16 4 87 44 24 27 15 24 111 147 14 71 11 72 96 14 56 53 50 14 11 15 4 37 106 13 0
93
2 2 65 94 151
3 3
5 5
7 7
12 12
13 13
19 19
22 22
24 24
28 28
31 31
34 34
35 35
36 36
43 43
44 44
47 47
51 51
53 53
54 54
56 56
59 59
60 60
61 61
62 62
66 66
8 67
0 68 124
69 69
72 72
73 73
77 77
80 80
1 83 159
86 86
95 95
101 101
102 102
107 107
112 112
118 118
120 120
121 121
10 122
129 129
133 133
135 135
140 140
142 142
143 143
145 145
146 146
148 148
153 153
155 155
157 157
160 160
162 162
163 163
164 164
165 165
166 166
167 167
168 168
169 169
170 170
171 171
172 172
173 173
174 174
175 175
176 176
177 177
178 178
179 179
180 180
181 181
182 182
183 183
184 184
185 185
186 186 187
188 188
189 189
190 190
191 191
192 192
193 193
194 194
195 195
196 196
197 197
198 198 199
