0 67 61 0 75 55 0 59 53 0 70 50 0 85 86 87 88 89 90 91 92 93 94 95 96 97 98 99 11 1 81 48 1 77 40 1 28 0 13 84 10 63 21 10 20 71 5 68 41 5 76 20 5 6 57 39 6 80 35 6 0 16 33 4 65 54 4 46 32 4 83 24 4 66 42 19 4 0 1 56 52 8 45 36 8 64 3 74 37 3 38 17 3 25 51 12 79 31 12 3 23 18 8 3 49 7 3 58 2 73 15 34 2 82 30 2 43 29 2 62 22 2 47 27 15 2 72 9 60 26 9 44 14 78 69 14 9 2
50
0 0
8 8
9 9
12 12
14 14
15 15
16 16
18 18
19 19
20 20
28 28
29 29
35 35
38 38
39 39
43 43
45 45
48 48
49 49
50 50
51 51
52 52
53 53
54 54
58 58
59 59
62 62
66 66
67 67
71 71
72 72
76 76
78 78
80 80
82 82
84 84
86 86
87 87
88 88
89 89
90 90
91 91
92 92
93 93
94 94
95 95
96 96
97 97
98 98
99 99
