stop0 stop2 location4 stop80 stop2 stop0 location21 stop83 stop0 location36 stop39 stop0 stop79 stop61 stop0 location3 stop84 stop0 stop49 stop58 stop0 location29 stop23 stop0 stop70 stop19 stop0 stop32 stop18 stop0 location19 stop15 stop0 stop8 stop71 stop3 location35 stop77 stop3 stop0 location31 stop62 stop2 stop85 stop20 stop2 location1 stop14 stop2 location5 stop11 stop2 stop0 stop1 location32 location15 stop1 location16 location7 stop1 stop90 stop46 stop1 location14 stop55 stop1 stop28 stop56 stop1 stop17 stop7 stop1 location0 stop6 stop1 stop38 stop4 stop53 stop16 stop4 stop1 stop0
33
stop1 stop1 stop47 stop57 stop93 stop86 stop92
stop2 stop2 stop22 stop73 stop43
stop4 stop4
stop0 stop5 stop21 stop30 stop78 stop91 stop31 stop59 stop52 stop99 stop50
stop6 stop6
stop7 stop7
stop15 stop15
stop18 stop18
stop19 stop19
stop23 stop23
stop58 stop58
stop56 stop56
stop8 stop65
stop84 stop84
stop61 stop61
stop39 stop39
stop3 stop69
stop28 stop28
stop85 stop85
stop55 stop55
stop71 stop71
stop70 stop70
stop77 stop77
stop53 stop53
stop49 stop49
stop62 stop62
stop79 stop79
stop38 stop38
stop80 stop80
stop46 stop46
stop90 stop90
stop32 stop32
stop83 stop83
