stop0 location6 location3 stop0 location19 stop139 stop0 stop145 stop130 stop0 stop144 stop116 stop0 stop138 stop109 stop0 stop182 stop108 stop0 stop100 stop92 stop0 stop197 stop85 stop0 stop89 stop79 stop0 stop159 stop71 stop0 location20 stop70 stop0 location23 stop53 stop0 stop155 stop47 stop0 stop122 stop41 stop0 stop148 stop35 stop0 stop127 stop31 stop0 stop38 stop30 stop0 stop199 stop12 stop0 stop27 stop11 stop0 stop73 stop8 stop0 stop120 stop7 stop0 location14 stop6 stop0 stop10 stop5 stop0 stop3 location7 stop106 stop3 stop68 stop50 stop3 stop52 stop33 stop3 stop43 stop21 stop3 stop0 stop4 location27 stop44 stop4 stop186 stop2 location26 stop132 stop2 stop114 stop81 stop2 location17 stop76 stop2 stop0 stop4 stop129 stop1 stop181 stop153 stop1 location10 stop171 stop1 stop192 stop136 stop1 stop187 stop104 stop1 stop189 stop80 stop1 location2 stop78 stop1 stop123 stop74 stop1 location15 stop64 stop1 stop98 stop62 stop1 stop75 stop57 stop1 location0 stop55 stop1 stop118 stop36 stop1 stop90 stop26 stop1 stop166 stop20 stop1 stop156 stop9 stop1 stop0
53
stop0 stop0 stop13 stop14 stop15 stop16 stop22 stop23 stop25 stop34 stop40 stop42 stop51 stop58 stop65 stop72 stop77 stop88 stop96 stop101 stop102 stop105 stop124 stop128 stop133 stop135 stop137 stop180 stop142 stop163 stop158 stop183 stop191
stop2 stop2 stop17 stop60 stop84 stop172 stop162
stop3 stop3
stop4 stop4 stop194
stop7 stop7
stop8 stop8
stop9 stop9
stop1 stop18 stop39 stop54 stop69 stop112 stop126 stop147 stop176 stop150 stop195 stop167
stop21 stop21
stop31 stop31
stop33 stop33
stop35 stop35
stop38 stop38
stop41 stop41
stop44 stop44
stop55 stop55
stop62 stop62
stop64 stop64
stop68 stop68
stop70 stop70
stop73 stop73
stop74 stop74
stop80 stop80
stop81 stop81
stop89 stop89
stop90 stop90
stop92 stop92
stop100 stop100
stop106 stop106
stop109 stop109
stop114 stop114
stop122 stop122
stop123 stop123
stop130 stop130
stop144 stop144
stop148 stop148
stop159 stop159
stop139 stop139
stop197 stop197
stop156 stop156
stop186 stop186
stop187 stop187
stop189 stop189
stop171 stop171
stop166 stop166
stop199 stop199
stop153 stop153
stop138 stop138
stop155 stop155
stop182 stop182
stop145 stop145
stop181 stop181
stop192 stop192
