Aberdeen Reno Hampton Reno Hampton Tuscaloosa Hampton Newburgh ChulaVista Racine Elkhart MyrtleBeach Racine ChulaVista Newburgh Roanoke Riverside Murrieta Columbia Carrollton Lakewood Palmdale Olathe Kennewick Norwalk SaltLakeCity Redding SaltLakeCity AppleValley McAllen AppleValley SaltLakeCity Norwalk Kennewick Olathe Palmdale Austin Henderson WestValleyCity Frederick SouthLyon Scranton Gainesville Lewisville StPetersburg Henderson WestValleyCity Frederick WestValleyCity Lakewood Columbia Murrieta Riverside Hartford Riverside Roanoke Newburgh Hampton Reno Aberdeen
21
Elkhart Pensacola
SaltLakeCity SaltLakeCity Chattanooga
Gainesville Gainesville
Hampton Hampton Lowell
Tuscaloosa Winston Tuscaloosa
WestValleyCity WestValleyCity
Frederick Modesto
Henderson Henderson
Lewisville Lewisville
Norwalk Miramar
Racine Racine
Reno Reno Springdale
Hartford SanBernardino
SouthLyon SouthLyon
Newburgh Newburgh
Austin Austin
Kennewick Montgomery
Columbia GreenBay
Redding SanAntonio
StPetersburg StPetersburg
McAllen Marina
