Hayward Shreveport Orem Shreveport Hartford Downey Burlington Norwalk SouthLyon Norwalk Huntsville ThousandOaks Cambridge PortStLucie Cambridge ThousandOaks Huntsville Kissimmee Marina PortArthur Marina Frederick Minneapolis PalmBay Cambridge ThousandOaks PortSaintLucie ThousandOaks Huntsville Norwalk Burlington Downey Topeka Henderson Topeka Downey Burlington Worcester SantaBarbara Gastonia CapeCoral Seaside DalyCity SanJose Lafayette GreenBay Laredo Gastonia Hampton Bryan Lubbock Milwaukee StPaul Milwaukee Lubbock CostaMesa VeroBeach KansasCity Houston Jefferson Warren York Reno York LasCruces Houston KansasCity VeroBeach PembrokePines SantaMaria Poughkeepsie Salem Poughkeepsie SantaMaria PembrokePines SanBernardino PembrokePines VeroBeach KansasCity SantaClarita Racine PembrokePines VeroBeach OverlandPark Anchorage OverlandPark VeroBeach Stamford Marysville Pittsburgh Layton Marysville Stamford OverlandPark Trenton OverlandPark VeroBeach CostaMesa Bakersfield SouthBend Youngstown SaintPaul SanAntonio ElPaso SaintPaul Duluth Fullerton Youngstown SaintPaul Duluth Fullerton Paterson Victorville Scottsdale Victorville Paterson Fullerton Duluth Detroit Merced ElMonte Merced Detroit BoiseCity Harrisburg SaintPetersburg Utica Champaign SterlingHeights Springfield SterlingHeights Boston Vancouver Tallahassee Muskegon NewportNews SimiValley NewportNews Muskegon Tallahassee Vancouver Wilmington Arvada Tyler Arvada Harrisburg HuntingtonBeach Sarasota Scranton Fairfield Hemet PuntaGorda HavredeGrace Bryan NewYork Monroe Escondido Sacramento Escondido Independence Columbus Anaheim Columbus Visalia Carrollton Visalia Columbus Anaheim Eugene BatonRouge Phoenix Boulder Carrollton Newburgh Waterbury Fitchburg Oxnard SanBuenaventura Oxnard Brighton Torrance Albuquerque Torrance Melbourne Lubbock Bryan Hampton Gastonia CapeCoral Seaside Worcester Seaside Shreveport Hayward
77
PuntaGorda PuntaGorda
Tyler Tyler Nashua
Independence Cincinnati RoundLakeBeach
ThousandOaks ThousandOaks
SanBuenaventura Norwich SanBuenaventura
PalmBay PalmBay
NewYork Tucson Kalamazoo
Utica Utica
SanBernardino Pueblo
Albuquerque Albuquerque Hialeah
Laredo Laredo
NewportNews NewportNews
Youngstown Barnstable Hagerstown
SanAntonio JohnsonCity
OverlandPark Greenville OverlandPark
Eugene Eugene Boise
Racine Racine
Springfield Harlingen Spartanburg
Newburgh Newburgh
HavredeGrace HavredeGrace
Champaign Charlotte Champaign
Scottsdale Omaha Scottsdale
Topeka Topeka
CapeCoral CapeCoral Bloomington
Salem Deltona Salem
Anchorage Anchorage Fresno
Marina Marina
Stamford LasVegas Stamford
Downey Downey
Bryan Birmingham
Escondido Mesquite
Fullerton Flint Fullerton
ElMonte McAllen
Lubbock Lubbock
StPaul CorpusChristi Savannah CathedralCity
Layton Layton
Orem Bethlehem
Hartford NorthLasVegas Hartford
Sacramento StLouis
SaintPaul GrandRapids SaintPaul
Frederick Frederick
Arvada Arvada
Oxnard Oxnard
Hemet Hemet Mobile
Scranton Scranton
Waterbury Waterbury
Boulder LakeCharles
PortSaintLucie Olympia
PortArthur RichmondCounty Lacey
Duluth Duluth
Worcester Modesto
Henderson Henderson NewYorkCity
HuntingtonBeach HuntingtonBeach
Huntsville Huntsville
Burlington Burlington
Columbus Columbus
Vancouver Vancouver
Detroit Detroit
Marysville Marysville
GreenBay GreenBay
Bakersfield Bakersfield
Monroe Monroe
Trenton Louisville
ElPaso ElPaso
VeroBeach SantaClara
Kissimmee Kissimmee
Hampton Newark
Torrance Torrance
PortStLucie Plano
SouthLyon NewBedford
Carrollton SiouxFalls
Poughkeepsie Elkhart
Anaheim Anaheim
York York
SimiValley Aberdeen
Melbourne Melbourne
Reno Ogden
