Hayward Asheville Durham Asheville Norman Allentown Springdale Cambridge FortWayne Asheville McHenry Springdale Corona Modesto Hampton RichmondCounty Charlotte Hickory Kennewick PuntaGorda Omaha Topeka Montgomery PembrokePines Visalia AtlanticCity PanamaCity Houston Monroe BelAir York NewBedford DalyCity Bremerton BelAir SaintLouis NewOrleans Burbank NewOrleans Irvine LakeCharles Washington Wilmington Winston Murrieta Winston Tucson Bradenton Huntsville KansasCity Huntsville SouthBend StPaul Bradenton Tucson Aurora Tucson Bradenton Tucson Winston Hickory Trenton Murfreesboro Yonkers GulfportBiloxi Medford GulfportBiloxi Yonkers Murfreesboro Trenton Hickory Winston Wilmington PuntaGorda Kennewick Sebastian Atlanta Abilene Atlanta Abilene Downey Howell AtlanticCity Rochester Downey Carrollton Winston Hickory Norfolk FortCollins Durham Asheville Hayward
36
PuntaGorda PuntaGorda
Hickory Tyler HuntingtonBeach Hickory
Montgomery ThousandOaks SantaCruz
Tucson PalmBay Tucson
Medford Barnstable
Yonkers Yonkers Waterloo
Burbank Burbank Chicago
McHenry McHenry Newark Torrance
SaintLouis Harlingen
Charlotte Charlotte
Omaha Omaha
Topeka Topeka
Durham Deltona Durham Bloomington
Atlanta Danbury Atlanta
Downey Downey
Asheville Asheville CedarRapids
KansasCity McAllen
Abilene GrandRapids
BelAir BelAir
Aurora Aurora Bakersfield
LakeCharles LakeCharles
Bradenton Bradenton
RichmondCounty RichmondCounty
Modesto Modesto
Huntsville Huntsville
Kennewick NewYorkCity Kennewick
Murrieta Tampa
Monroe Monroe
Springdale Springdale
Hayward SantaClara
Winston Memphis
NewBedford NewBedford
AtlanticCity SaintPaul
York York
NewOrleans Waco
Hampton Hampton
