AndyandZeyu g8 f8 j8 j7 f8 c8 h8 b8 e8 AndyandZeyu8 b8 c8 d8 c4 d4 AndyandZeyu e5 d5 c5 j4 i5 f5 j4 h5 AndyandZeyu5 e5 g5 b5 i3 g3 j3 b3 c3 e3 g3 h3 AndyandZeyu3 g3 d3 f3 AndyandZeyu i6 d e AndyandZeyu f0 e0 d0 AndyandZeyu0 j0 g0 AndyandZeyu0 i0 b0 f0 h0 c0 d6 b6 AndyandZeyu6 h6 j5 c6 e6 j5 AndyandZeyu6 g6 AndyandZeyu h1 b1 c1 e1 AndyandZeyu1 d1 f1 AndyandZeyu1 b1 i1 i8 AndyandZeyu f6 f7 AndyandZeyu AndyandZeyu4 g4 AndyandZeyu j1 b4 e4 i4 h4 f4 i4 b4 AndyandZeyu g1 g2 AndyandZeyu AndyandZeyu7 j6 i7 g7 e7 d7 h7 b7 c7 j6 b h AndyandZeyu b2 AndyandZeyu2 h2 f2 e2 i2 c2 d2 AndyandZeyu2 j2 c f j i g j c
50
f f
g g
h h
i i
j j
f0 f0
g0 g0
h0 h0
i0 i0
j0 j0
f1 f1
g1 g1
h1 h1
i1 i1
j1 j1
f2 f2
g2 g2
h2 h2
i2 i2
j2 j2
f3 f3
g3 g3
h3 h3
i3 i3
j3 j3
f4 f4
g4 g4
h4 h4
i4 i4
j4 j4
f5 f5
g5 g5
h5 h5
i5 i5
j5 j5
f6 f6
g6 g6
h6 h6
i6 i6
j6 j6
f7 f7
g7 g7
h7 h7
i7 i7
j7 j7
f8 f8
g8 g8
h8 h8
i8 i8
j8 j8
