A TA231 W1 A Y1 M1 A TA241 L1 A TA101 D1 A TA171 A1 A TA71 TA19 A TA181 TA15 A O1 TA13 A TA41 TA5 A Q1 TA3 A B1 TA2 A TA23 Y A TA6 X A TA1 W A TA14 U A TA10 O A TA91 N A TA81 L A TA4 P1 D R1 TA8 D TA31 P D A TA61 J F C TA211 T1 C TA22 B TA191 X1 B I1 TA24 B V1 TA21 B TA16 TA12 B TA17 V B E1 T B TA201 S B S1 M B TA161 K B TA7 I B TA18 G B TA121 U1 E B C TA151 H C B A
40
A TA TA9 TA11 TA20 TB1 TA51 TA111 TA131 TA141 TA221
TA1 TA1
TA2 TA2
TA3 TA3
TA4 TA4
TA5 TA5
TA6 TA6
TA7 TA7
TA8 TA8
TA10 TA10
TA12 TA12
TA13 TA13
TA14 TA14
TA15 TA15
TA16 TA16
TA17 TA17
TA18 TA18
TA19 TA19
TA21 TA21
TA22 TA22
TA23 TA23
TA24 TA24
B TB11 TB21
TA31 TA31
TA41 TA41
TA61 TA61
TA71 TA71
TA81 TA81
TA91 TA91
TA101 TA101
TA121 TA121
TA151 TA151
TA161 TA161
TA171 TA171
TA181 TA181
TA191 TA191
TA201 TA201
TA211 TA211
TA231 TA231
TA241 TA241
