A TA1312NN TA512NN A TA1912NN D12 A TA2112NN TA142N A TA162N TA32N A I12 T2 A TA92N R2 A S2 Q2 A TA2N L2 A TA192N H2 A TA612NN D2 A Y12 TA221 A TA12N TA171 A J12 TA141 A TA12NN TA111 A TA51 TA31 A TA1812NN Y1 A TA1112NN T1 A TA1712NN S1 A G2 Q1 A R1 P1 A TA101 L1 A A2 K1 A B P12 B12 B N12 TA122N B TA182N N2 B H12 K2 B TA72N C2 B TA812NN TA231 B L12 TA91 B TA2312NN F1 B A I1 H1 A J2 TA24 A E12 TA22 A TA241 TA18 A TA41 TA16 A O2 TA15 A U12 TA6 A C1 TA5 A B1 TA4 A TA1212NN TA3 A U2 TA2 A V12 R A X12 P A W1 K A D1 J A TA1512NN E1 I A TA81 TA21 G A H F TA1412NN V F A TA181 E X2 G1 E A A1 R12 D A12 B2 D A TA22N B TA912NN TA12 B X1 TA8 B TA11 W B TA121 T B TA211 N B TB11 G TA132N C K12 TA102N C P2 TA71 C TA1012NN TB1 C O12 O1 C U1 TA10 C M2 M C B A
65
A TA TA1 TA14 TA19 TA20 TB21 TA61 TA151 TA161 TA191 TA62N TA82N TA112N TA152N TA172N TA202N TA222N TA232N TA242N TA312NN TA412NN TA712NN TA1612NN TA2012NN TA2212NN TA2412NN
TA2 TA2
TA3 TA3
TA4 TA4
TA5 TA5
TA6 TA6
B TA7 TA13 TA17 TA23 TA131 TA201 TA42N TA52N TA212N TA112NN
TA8 TA8
C TA9 TA212NN
TA10 TA10
TA11 TA11
TA12 TA12
TA15 TA15
TA16 TA16
TA18 TA18
TA21 TA21
TA22 TA22
TA24 TA24
TB1 TB1
TB11 TB11
TA31 TA31
TA41 TA41
TA51 TA51
TA71 TA71
TA81 TA81
TA91 TA91
TA101 TA101
TA111 TA111
TA121 TA121
TA141 TA141
TA171 TA171
TA181 TA181
TA211 TA211
TA221 TA221
TA231 TA231
TA241 TA241
TA2N TA2N
TA12N TA12N
TA22N TA22N
TA32N TA32N
TA72N TA72N
TA92N TA92N
TA102N TA102N
TA122N TA122N
TA132N TA132N
TA142N TA142N
TA162N TA162N
TA182N TA182N
TA192N TA192N
TA12NN TA12NN
TA512NN TA512NN
TA612NN TA612NN
TA812NN TA812NN
TA912NN TA912NN
TA1012NN TA1012NN
TA1112NN TA1112NN
TA1212NN TA1212NN
TA1312NN TA1312NN
TA1412NN TA1412NN
TA1512NN TA1512NN
TA1712NN TA1712NN
TA1812NN TA1812NN
TA1912NN TA1912NN
TA2112NN TA2112NN
TA2312NN TA2312NN
