3efbbd e758e6 efb6f6 8037ff 22c398 fc6ab6 3efbbd d1ae8e a3ccd4 2a53b1 a4f7ab 526e97 70d79e ccf3af 640320 de59c9 bfdfca 526e97 9fb27b 5b1cb0 bf356c 690d87 8216e5 1cb432 690d87 9e3235 390b11 bf356c d36b6f 770b7a 909532 bf7494 ff448b 6d606b 22b74c 1c0750 ab3e86 6d606b e43f08 ef9cce c1e4b0 ab3e86 ff448b bf7494 98b7f9 770b7a 1e3f90 6d8fd3 bf356c 5b1cb0 9fb27b aeb965 2a53b1 1aef1d d1ae8e 3efbbd
23
1aef1d 1aef1d
c1e4b0 c1e4b0
3efbbd 2b7733
390b11 390b11
d1ae8e d1ae8e
9e3235 525361 9e3235
22b74c e17800
1e3f90 1e3f90
d36b6f d36b6f
2a53b1 2a53b1
ef9cce ef9cce
de59c9 de59c9
526e97 526e97 1efe0a
ff448b ff448b
9fb27b 9fb27b
8037ff 8037ff
bfdfca bfdfca
909532 909532
fc6ab6 fc6ab6
8216e5 8216e5
22c398 22c398
98b7f9 98b7f9
aeb965 aeb965
