0 1 4 5 6 7 1 0 199 190 197 198 191 189 174 173 157 156 155 154 153 152 151 147 139 137 130 129 128 127 126 121 122 123 124 125 128 127 126 121 112 111 110 109 108 104 89 98 99 90 88 75 73 65 64 63 62 52 54 53 52 51 43 42 32 21 27 26 25 24 20 32 42 43 51 52 62 66 67 68 69 73 72 71 70 62 52 51 43 42 32 20 19 1 0
32
1 2 15 17
130 130
4 4
7 7
137 136
139 142 146
147 148
21 23 30
25 25
154 154
157 158 163 168 172
32 33 44
51 40 48
42 42
174 176 178 182 186
53 53
54 54
52 56
64 64
190 192 194
67 67
198 198
72 72
73 76
75 83 86 87
89 91 94 101
99 99
104 105
108 108
112 114 120
124 124
127 127
