ZPYnROAizafx LlIlpKJAPkkQ gYafjiXtvxVV etbjZlqcYdPF PKHkuTHeRXhO ijesYrTHxMcg nschEYWjrAsr ypApeqMQPnQA kzPlYxPdIHVo ijesYrTHxMcg etbjZlqcYdPF ZPYnROAizafx cnCYHfWEzHVB wHeDieHMYzAK PWbkkHsInEnz iMiJLkYtEKFU oKIKkmsSWzmH wHeDieHMYzAK REAQGzcNgDIR sCsqHQtCOoXA ZPYnROAizafx wHeDieHMYzAK KxaXxWtllfGF cQFNlImsTWTM AQgpWBullbIi KpiCGGuakHIr UGahWpWtmUQn ubtvaUeVUfmV OBeTLVdzIcuJ KpiCGGuakHIr jXOmYlZmvqnI HOzyAfsDoQkb LTAwItzHPRQl FLSRuaDcxhdD jXOmYlZmvqnI qFGlIHDqKyPA FLSRuaDcxhdD JNoAmCxHcsYw AuldkFyUpsYo AJnswnydWveO KIFXVOTzTwvk HVwGkspnDHbf AJnswnydWveO TglqUXfjbefC RPXFDLrswDGU TTwdgXpOLyxF TglqUXfjbefC jXfRZxvlYeVi HVwGkspnDHbf RIFFwQFTnqDn dGbWKexeVDcw buPIQiRvirDG gXcuqckdTdIP ynBAbhbIrUei FkNlSGMBOUbz TKKLChjfijhn qlMzHEurfTvO zcAOlsVDUDkc cQMSBGdRWmjB TKKLChjfijhn ynBAbhbIrUei AuldkFyUpsYo iCJxwFELfPya sFSBpaJxLpBT yHOsEGOhjOLt cyrwHgrhPvZj JUgFfUYYdpcT iCJxwFELfPya BujzcwTOtypK PFpQuVVRxbvV gkTmCiZxFrJw EnxwoQoiuLow PFpQuVVRxbvV sTgUExIipvWV RGYiIUdVAiVL YGzazHdyrGCd gJMLzBkWmUoV WWtfhwMSzfGW XUPTpPSzeKdd NMSHhfMtAJZb WWtfhwMSzfGW pjemGRILnFei RQBxIsRWzmfl UYTxhnOtiPHB zOkfhFVfOKVi VNEqJngxzCUO EwXugPkGUVkm zOkfhFVfOKVi aSwTAVmQLJow gJMLzBkWmUoV pJYrGRIbLWnD YGzazHdyrGCd IfTQNEFsiTgr uZQOmtLXDMXl LdhPogfUCfUq RsVDBpPbAfPa jXgKDXnEJsra etjGizhQhrRW MaGBJGHdxMeh QZQElPdcHxru etjGizhQhrRW ybLCwZqVZKud IviCzjPvcCWR CridpdwZYWlJ ybLCwZqVZKud QxNjgiXciQma dLJIzYxbuChF nlzJUuBrsbXD YQysVrjIrQBg pjemGRILnFei RGYiIUdVAiVL SKbQkQUhqQEt sTgUExIipvWV hzeJgpwlnaPA zCWezcJmUGqs yVSfaizVeLPT IvOdahrtFwzZ LNoKVqXhLEzn yVSfaizVeLPT KtoZVrQmJWki mgKEFEWheOqk yVSfaizVeLPT qMdmyWbGDdGe oOIjuHJcVRiV AEFrBHnTsTIs FenKhdsiadPr VZiXnxYZQNVo DiKlonktcqTP WVsMYkBGdGiy VZiXnxYZQNVo gOaXChSIRMdR XwPJYwaGcHxO OaFvNWZuTHit touUfboeiIya nxbMBCPhfQij yFQWQWtUUMle lznMKRYSMheH HCSFPVkAlsKL YIFfrMiRNqqd aSpDrTbKBytW geAceFJePWbe QFfSmYtuSTPl KxsKsdmykxTa WRiugWLCujBI BdgcPRHAevMd RfMVccrsgetv KxsKsdmykxTa WHSGrQQrrotE evYbQMSKanfJ jUpZsMKPsWME WHSGrQQrrotE WnABnktZDxMx vRfpxkfTkxRJ PiGAjicuPBgs vfHFyZGRGvFq nKmMbiEuiffc PNaoBNxIbrgW GvyjKkGcUdcI XfSacrjXjxeP vfHFyZGRGvFq NxxrxPgsnMqG JpwDMOwQmqOp vYrcfWFBiWlY EOKLHvbbCToE NxxrxPgsnMqG hPSXtHMMyKAK YIFfrMiRNqqd yFQWQWtUUMle kBTyfVdYeRhI OIjApACwnyqG nxbMBCPhfQij FenKhdsiadPr rmWPWcGZXZMo evRMhyiHKGXv qMdmyWbGDdGe fblrDraNAUxK IvOdahrtFwzZ WUqhotrexTBp hzeJgpwlnaPA cpNycWVdmzHJ vkOqMvrCUWYf DarYoJPRvpJy QDhUZstsJKtV mZUBOQTZyXOM vkOqMvrCUWYf tFUGlRwdZPSe wXjNgGRCXYRl LpugZyvqxfmq cpNycWVdmzHJ mZUBOQTZyXOM xogpFjQUGEgg HEwqlaeMfSzl tARvBeqQDqSY fiHhqLtPfdZy WsLfQLsirtHk ijfgIidkipEb ctZWqndwhbJm qxhFFIUEfnzV cxysDYemjhta VwnDoOCMNNaS AhJBAeSEuUkL cwlLlHKYSHkG OoWDPDlyJyRc kYuPQHaafCxH EUIZeYDuGKec YvLRANdegrdA qxhFFIUEfnzV cwlLlHKYSHkG EUIZeYDuGKec SnErwRYEuFXf ygJsJPbdLfFP IcNVObbuvzWY SnErwRYEuFXf zypYDSZfKAvD lIUKVwoOnEyc FoZLfdSCJZDk EKWhDcEeEkGK dXlgwkdKhUmB IQvKLYGCcCbd awuknolWPSuP EKWhDcEeEkGK xIUhUxhCILsJ NRXmrTGBWSuj cQMSBGdRWmjB xIUhUxhCILsJ xPYMCFkusDSL sHrtHYtDRNZd JQPenlkqwStc xPYMCFkusDSL UHctRHiZQkpZ WUHzPIhaINNz TAclfZjkIgUg tkrkUtkDqJLy PwUziuAPbAPX uzYTzVwixczQ nyTRNDRCsANl cRekprdsHHWw quZcTYtpBjSn hLCSOZLNEdhX xXoCKkdkKAne nyTRNDRCsANl lRgeGnDJBtMa tkrkUtkDqJLy WUHzPIhaINNz idefWDKaqcyp ocysUjOwnenm aXlcDzbXwAJW uaSeXTkrhIdS YyCbFndgmpDL AoaIXEzdsCrm mvdksSctoMVi ppfBOAvWYXyJ eTrfywteWUJB YyCbFndgmpDL TZmWJenJbEsV sFSBpaJxLpBT
100
ZPYnROAizafx ZPYnROAizafx
fiHhqLtPfdZy fiHhqLtPfdZy
IQvKLYGCcCbd IQvKLYGCcCbd
ctZWqndwhbJm ctZWqndwhbJm
IcNVObbuvzWY IcNVObbuvzWY
pjemGRILnFei pjemGRILnFei
cpNycWVdmzHJ cpNycWVdmzHJ
ypApeqMQPnQA ypApeqMQPnQA
QZQElPdcHxru QZQElPdcHxru
qxhFFIUEfnzV qxhFFIUEfnzV
TZmWJenJbEsV TZmWJenJbEsV
EwXugPkGUVkm EwXugPkGUVkm
nlzJUuBrsbXD nlzJUuBrsbXD
AoaIXEzdsCrm AoaIXEzdsCrm
jXgKDXnEJsra jXgKDXnEJsra
TTwdgXpOLyxF TTwdgXpOLyxF
mZUBOQTZyXOM mZUBOQTZyXOM
vkOqMvrCUWYf vkOqMvrCUWYf
zypYDSZfKAvD zypYDSZfKAvD
mvdksSctoMVi mvdksSctoMVi
OIjApACwnyqG OIjApACwnyqG
mgKEFEWheOqk mgKEFEWheOqk
hLCSOZLNEdhX hLCSOZLNEdhX
EKWhDcEeEkGK EKWhDcEeEkGK
fblrDraNAUxK fblrDraNAUxK
gkTmCiZxFrJw gkTmCiZxFrJw
nxbMBCPhfQij nxbMBCPhfQij
UYTxhnOtiPHB UYTxhnOtiPHB
wXjNgGRCXYRl wXjNgGRCXYRl
HEwqlaeMfSzl HEwqlaeMfSzl
wHeDieHMYzAK wHeDieHMYzAK
QDhUZstsJKtV QDhUZstsJKtV
xXoCKkdkKAne xXoCKkdkKAne
yFQWQWtUUMle yFQWQWtUUMle
DiKlonktcqTP DiKlonktcqTP
qlMzHEurfTvO qlMzHEurfTvO
evRMhyiHKGXv evRMhyiHKGXv
oOIjuHJcVRiV oOIjuHJcVRiV
QFfSmYtuSTPl QFfSmYtuSTPl
quZcTYtpBjSn quZcTYtpBjSn
KtoZVrQmJWki KtoZVrQmJWki
WWtfhwMSzfGW WWtfhwMSzfGW
zOkfhFVfOKVi zOkfhFVfOKVi
lznMKRYSMheH lznMKRYSMheH
aSpDrTbKBytW aSpDrTbKBytW
GvyjKkGcUdcI GvyjKkGcUdcI
lRgeGnDJBtMa lRgeGnDJBtMa
touUfboeiIya touUfboeiIya
ocysUjOwnenm ocysUjOwnenm
SKbQkQUhqQEt SKbQkQUhqQEt
WRiugWLCujBI WRiugWLCujBI
WsLfQLsirtHk WsLfQLsirtHk
AQgpWBullbIi AQgpWBullbIi
NMSHhfMtAJZb NMSHhfMtAJZb
ppfBOAvWYXyJ ppfBOAvWYXyJ
cQFNlImsTWTM cQFNlImsTWTM
HVwGkspnDHbf HVwGkspnDHbf
WHSGrQQrrotE WHSGrQQrrotE
EOKLHvbbCToE EOKLHvbbCToE
PFpQuVVRxbvV PFpQuVVRxbvV
RGYiIUdVAiVL RGYiIUdVAiVL
JpwDMOwQmqOp JpwDMOwQmqOp
WUqhotrexTBp WUqhotrexTBp
YGzazHdyrGCd YGzazHdyrGCd
qFGlIHDqKyPA qFGlIHDqKyPA
hPSXtHMMyKAK hPSXtHMMyKAK
LNoKVqXhLEzn LNoKVqXhLEzn
ubtvaUeVUfmV ubtvaUeVUfmV
yVSfaizVeLPT yVSfaizVeLPT
nschEYWjrAsr nschEYWjrAsr
dXlgwkdKhUmB dXlgwkdKhUmB
tARvBeqQDqSY tARvBeqQDqSY
QxNjgiXciQma QxNjgiXciQma
JNoAmCxHcsYw JNoAmCxHcsYw
YvLRANdegrdA YvLRANdegrdA
AhJBAeSEuUkL AhJBAeSEuUkL
cRekprdsHHWw cRekprdsHHWw
sTgUExIipvWV sTgUExIipvWV
nyTRNDRCsANl nyTRNDRCsANl
IfTQNEFsiTgr IfTQNEFsiTgr
XwPJYwaGcHxO XwPJYwaGcHxO
aXlcDzbXwAJW aXlcDzbXwAJW
TglqUXfjbefC TglqUXfjbefC
jXOmYlZmvqnI jXOmYlZmvqnI
uzYTzVwixczQ uzYTzVwixczQ
WnABnktZDxMx WnABnktZDxMx
UGahWpWtmUQn UGahWpWtmUQn
gJMLzBkWmUoV gJMLzBkWmUoV
yHOsEGOhjOLt yHOsEGOhjOLt
gXcuqckdTdIP gXcuqckdTdIP
FkNlSGMBOUbz FkNlSGMBOUbz
zCWezcJmUGqs zCWezcJmUGqs
PKHkuTHeRXhO PKHkuTHeRXhO
ybLCwZqVZKud ybLCwZqVZKud
NxxrxPgsnMqG NxxrxPgsnMqG
oKIKkmsSWzmH oKIKkmsSWzmH
nKmMbiEuiffc nKmMbiEuiffc
RQBxIsRWzmfl RQBxIsRWzmfl
sFSBpaJxLpBT sFSBpaJxLpBT
zcAOlsVDUDkc zcAOlsVDUDkc
