MfdzFvsdGbvl VoNfUrKVVTmI mmMjGkvjTCoD lFgwKopYqWSC ByOIdNUscaaI FBJfxxErGDSJ AMizjBPjmCZd nOAOIuLzBRCw mFYKjQfCsRtT QifLRRQkbeZy deJmWrylVSGK CuwogbndJgoN hypFtIVCahEe PQTqeEtJjrHq CuwogbndJgoN hypFtIVCahEe PnbamVANEguC TMtqGHcSigHN buqjmAINqGzN PnbamVANEguC ehvwzEqdJOJs SyelSPMftDaa uFHfCerNFIme GuSSYBNHDbKE rVqgoVgUmLRB UUfgFbkMxjKZ arcJTkwUqbUy SgyAcloZDNJV FGVxzATBToEc UUfgFbkMxjKZ GuSSYBNHDbKE NtVMseWKItey pkzKsTORVYro UVLyMXgqTFaJ uGMlduvuPOls tJMNrevGrvUO aBJRRPhsiAKx plKUVNXwKfVb qcdkpkNqqMWI VyXrTLUcizAa GXOXpdorUaOT aBJRRPhsiAKx FwMUcwhoFAni NtVMseWKItey pkzKsTORVYro FCrKCfVsEsBk GKWfMfVZxbJi dTiZHahuktjU FCrKCfVsEsBk DFscNnuMhxUC BkcPMTugAswL mtRsLIzrlNLu NtVMseWKItey mghmklyBsbHa BxGViQLocTbz DvRTDyBMOCbT mghmklyBsbHa noaMakAlHdwq hCxjbMrSlUJQ pQCFwcmaYfTN OxOMbLimJOmd sHmvjcbScYOJ tuAWqVDVesZP BbyhqvohDUZK aHWPEwFhStur tuAWqVDVesZP TKYUSygHfBDR pQCFwcmaYfTN PvZWLvSzyZfH noaMakAlHdwq pQCFwcmaYfTN EoEdLMroSPNp XwUlFDTbjpNE mghmklyBsbHa NlmuUUVQUbgI dDFWxTbuPymh ymJllvoAiAsf SojgLCNtJNvq LkEUjKFNAyBd dDFWxTbuPymh NlmuUUVQUbgI QifLRRQkbeZy VyXrTLUcizAa XdsuYjiPexAe QifLRRQkbeZy oFUEyQPISWry tywOQDwDhjwZ QPEIZKGvnFvj QifLRRQkbeZy dFUHctNjrywb EHsjieLYFsXi DAmjVaIibnaw dFUHctNjrywb MLnLJmQHwuOS IHnRSACwPeSd hLGIbMiwjPgd RabcWXICLpRH MLnLJmQHwuOS PUcvIgREsriS EKlhdWMAwsNS RICmsRCgzRsB TbekQRoKcInv ZjfLZjjegWJT PUcvIgREsriS ZjfLZjjegWJT pWbJtVdThhym rrRAqFcoDYfk TRkvIqPveIxn MOpktZzuQRCH jBrNTBMPxyQD jQrllEpFyFwz rrRAqFcoDYfk pWbJtVdThhym jQrllEpFyFwz VARFNCcqfgIc MTGbHUkgheIT wARTgiJzMSWu sHOyjNqQLXTd lFgwKopYqWSC syZneDWxHZbv FBJfxxErGDSJ MkUBuIisCVpZ AGbRQRBgaOdX MfdzFvsdGbvl
49
VyXrTLUcizAa VyXrTLUcizAa
buqjmAINqGzN buqjmAINqGzN
tywOQDwDhjwZ tywOQDwDhjwZ
SgyAcloZDNJV SgyAcloZDNJV
dDFWxTbuPymh dDFWxTbuPymh
EoEdLMroSPNp EoEdLMroSPNp
pQCFwcmaYfTN pQCFwcmaYfTN
AGbRQRBgaOdX AGbRQRBgaOdX
NlmuUUVQUbgI NlmuUUVQUbgI
QifLRRQkbeZy QifLRRQkbeZy
ymJllvoAiAsf ymJllvoAiAsf
lFgwKopYqWSC axLiuEEXvnsQ
SojgLCNtJNvq SojgLCNtJNvq
VARFNCcqfgIc VARFNCcqfgIc
mtRsLIzrlNLu mtRsLIzrlNLu
FCrKCfVsEsBk FCrKCfVsEsBk
PQTqeEtJjrHq PQTqeEtJjrHq
dFUHctNjrywb dFUHctNjrywb
PUcvIgREsriS PUcvIgREsriS QHpWWcCYavdw
noaMakAlHdwq noaMakAlHdwq
DvRTDyBMOCbT DvRTDyBMOCbT
MOpktZzuQRCH MOpktZzuQRCH
AMizjBPjmCZd AMizjBPjmCZd
RICmsRCgzRsB RICmsRCgzRsB
PnbamVANEguC PnbamVANEguC
jBrNTBMPxyQD jBrNTBMPxyQD
pkzKsTORVYro pkzKsTORVYro
ZjfLZjjegWJT ZjfLZjjegWJT
DFscNnuMhxUC DFscNnuMhxUC
hCxjbMrSlUJQ hCxjbMrSlUJQ
BbyhqvohDUZK BbyhqvohDUZK
uFHfCerNFIme uFHfCerNFIme
pWbJtVdThhym GemeldahvdVv
TbekQRoKcInv TbekQRoKcInv
MkUBuIisCVpZ MkUBuIisCVpZ
hLGIbMiwjPgd hLGIbMiwjPgd
deJmWrylVSGK deJmWrylVSGK
PvZWLvSzyZfH PvZWLvSzyZfH
rVqgoVgUmLRB rVqgoVgUmLRB
UVLyMXgqTFaJ UVLyMXgqTFaJ
GuSSYBNHDbKE GuSSYBNHDbKE
rrRAqFcoDYfk rrRAqFcoDYfk
GKWfMfVZxbJi GKWfMfVZxbJi
IHnRSACwPeSd IHnRSACwPeSd
plKUVNXwKfVb plKUVNXwKfVb
BkcPMTugAswL BkcPMTugAswL
arcJTkwUqbUy arcJTkwUqbUy
mFYKjQfCsRtT mFYKjQfCsRtT
MLnLJmQHwuOS MLnLJmQHwuOS
