loc0 loc187 loc177 loc0 loc180 loc169 loc0 loc182 loc166 loc0 loc199 loc163 loc0 loc158 loc140 loc0 loc195 loc139 loc0 loc142 loc126 loc0 loc144 loc119 loc0 loc153 loc107 loc0 loc114 loc93 loc0 loc91 loc82 loc0 loc83 loc80 loc0 loc167 loc74 loc0 loc141 loc71 loc0 loc116 loc69 loc0 loc108 loc68 loc0 loc62 loc61 loc0 loc118 loc59 loc0 loc89 loc57 loc0 loc155 loc51 loc0 loc174 loc46 loc0 loc78 loc42 loc0 loc178 loc40 loc0 loc133 loc39 loc0 loc130 loc37 loc0 loc172 loc32 loc0 loc79 loc24 loc0 loc127 loc7 loc154 loc47 loc7 loc17 loc0 loc171 loc23 loc5 loc185 loc161 loc5 loc186 loc156 loc5 loc92 loc31 loc5 loc120 loc2 loc168 loc148 loc2 loc197 loc105 loc2 loc194 loc101 loc2 loc149 loc99 loc2 loc123 loc97 loc2 loc190 loc66 loc2 loc70 loc65 loc2 loc96 loc60 loc2 loc98 loc56 loc2 loc53 loc49 loc2 loc136 loc28 loc2 loc102 loc19 loc2 loc64 loc18 loc2 loc193 loc16 loc2 loc173 loc44 loc10 loc2 loc45 loc9 loc137 loc36 loc9 loc2 loc35 loc117 loc8 loc189 loc122 loc8 loc2 loc5 loc0 loc7 loc3 loc198 loc181 loc3 loc196 loc129 loc3 loc121 loc54 loc3 loc100 loc48 loc3 loc111 loc27 loc3 loc110 loc15 loc3 loc150 loc11 loc145 loc72 loc11 loc3 loc38 loc87 loc12 loc4 loc138 loc132 loc4 loc146 loc6 loc175 loc170 loc6 loc184 loc135 loc6 loc165 loc95 loc4 loc176 loc90 loc4 loc157 loc22 loc4 loc67 loc6 loc124 loc52 loc6 loc88 loc26 loc6 loc4 loc29 loc188 loc1 loc179 loc143 loc1 loc104 loc103 loc1 loc128 loc77 loc1 loc86 loc76 loc1 loc159 loc73 loc1 loc55 loc50 loc1 loc151 loc41 loc1 loc81 loc34 loc1 loc125 loc33 loc1 loc84 loc30 loc1 loc109 loc21 loc1 loc131 loc20 loc1 loc75 loc14 loc1 loc134 loc13 loc1 loc4 loc0
93
loc1 loc1 loc43 loc63 loc160
loc2 loc2 loc112 loc152
loc3 loc3
loc4 loc4 loc115
loc5 loc5
loc7 loc7
loc8 loc8 loc25
loc9 loc9
loc11 loc11
loc13 loc13
loc15 loc15
loc16 loc16
loc17 loc17
loc18 loc18
loc20 loc20
loc23 loc23
loc24 loc24
loc26 loc26
loc28 loc28
loc31 loc31
loc33 loc33
loc34 loc34
loc38 loc38
loc39 loc39
loc40 loc40
loc41 loc41
loc49 loc49
loc51 loc51
loc52 loc52
loc53 loc53
loc55 loc55
loc57 loc57
loc59 loc59
loc61 loc61
loc62 loc62
loc64 loc64
loc67 loc67
loc68 loc68
loc75 loc75
loc78 loc78
loc79 loc79
loc82 loc82
loc84 loc84
loc89 loc89
loc90 loc90
loc93 loc93
loc0 loc94
loc95 loc95
loc96 loc96
loc97 loc97
loc100 loc100
loc103 loc103
loc105 loc105
loc107 loc107
loc108 loc108
loc109 loc109
loc110 loc110
loc116 loc116
loc117 loc117
loc119 loc119
loc122 loc122
loc123 loc123
loc126 loc126
loc133 loc133
loc135 loc135
loc141 loc141
loc142 loc142
loc143 loc143
loc145 loc145
loc148 loc148
loc153 loc153
loc154 loc154
loc155 loc155
loc158 loc158
loc159 loc159
loc161 loc161
loc169 loc169
loc170 loc170
loc171 loc171
loc176 loc176
loc178 loc178
loc179 loc179
loc181 loc181
loc182 loc182
loc184 loc184
loc186 loc186
loc187 loc187
loc188 loc188
loc189 loc189
loc190 loc190
loc195 loc195
loc197 loc197
loc198 loc198
