1 61 50 45 25 35 17 88 79 46 34 14 21 91 70 40 91 14 93 56 59 14 96 60 27 43 71 58 11 82 74 41 11 60 17 14 42 1 67 5 75 49 62 5 64 48 100 24 86 51 83 37 86 20 94 54 20 12 54 16 68 23 98 87 19 23 12 66 4 65 81 52 90 31 52 7 95 22 85 73 22 78 8 80 29 8 55 26 22 7 4 9 3 84 36 3 63 97 10 77 76 10 53 18 10 3 57 2 99 92 2 89 33 39 30 33 2 32 72 38 6 47 28 6 32 1 13 44 69 15
25
5 5
10 10
12 12
21 21
25 25
31 31
32 32
36 36
45 45
49 49
52 52
54 54
56 56
57 57
59 59
67 67
69 69
77 77
79 79
84 84
88 88
90 90
92 92
95 95
100 100
