0 59 73 198 3 152 169 9 152 3 82 9 55 66 160 13 33 66 176 142 40 103 183 59 71 24 121 124 49 37 149 85 37 156 121 24 71 21 147 191 194 111 133 86 177 92 108 166 158 181 70 167 104 141 164 83 50 166 108 187 94 39 27 64 175 27 153 184 172 17 87 127 84 68 84 127 100 135 60 80 195 60 110 69 100 44 115 97 48 146 107 48 15 97 11 14 186 159 136 11 81 129 139 81 192 72 52 165 199 132 143 16 118 132 52 72 61 113 26 54 18 25 78 171 18 78 148 76 5 41 30 95 19 5 106 170 42 35 170 193 43 150 38 2 42 98 6 2 144 197 155 22 155 197 162 109 125 190 117 120 45 91 116 12 123 29 53 29 62 12 184 138 32 94 187 180 178 67 151 134 182 31 34 36 114 34 134 46 20 34 134 151 131 145 130 119 10 130 77 47 163 74 79 102 196 79 51 8 126 128 8 126 188 7 173 96 1 188 7 173 140 92 108 63 111 90 28 147 65 0
96
1 1
5 5
6 6
7 7
9 9
10 10
11 11
12 12
15 15
16 16
17 17
18 18
21 21
22 22 168
197 23
24 24
25 25
26 26
27 27
30 30
31 31
34 34
35 35
36 36
38 38
39 39
40 40
42 42
49 49
50 50
55 55
106 56 89
59 59
60 60
61 61
62 62
66 66
67 67
68 68 101
71 71 93
73 73
64 75
79 79
80 80
83 83
87 87
91 91
95 95
96 96
102 102
104 104
186 105
108 108
109 109
110 110
111 111
118 118
119 119
52 122
123 123
124 124
129 129
130 130
135 135
136 136
138 138
140 140
141 141
142 142
144 144
145 145
147 147
150 150
151 151
152 152
155 155
156 156
53 157
158 158
160 160
170 161
162 162
163 163
164 164
171 171
172 172
173 173
178 178
47 179
184 184
187 187
125 189
193 193
194 194
196 196
198 198
