Soda A D K AI T AJ AK AH AI AU AS AT AE K D A F M W AM AC W AM AX AO AN X W M F A Soda A5 A6 A9 B7 B5 C1 A10 B6 B5 C1 B5 B6 B4 C8 A2 A4 A9 D6 A5 Soda C5 B2 E5 E6 B3 E6 E5 E4 C6 B1 E5 B2 C5 E3 C4 Soda A C I J C A E Q L U AG AL V P E A B S AB Z Y AQ AP AA N Y Z AB H B A Soda C9 A7 C10 D9 C10 A7 B8 D2 A7 A1 A7 C9 Soda C2 D4 D7 D10 B10 D8 C3 D4 C2 Soda
34
A1 A1 D5
B4 A3
A5 A5
A7 A7
A9 A9
B1 B1
B3 B3 C7
B5 B5
B7 B7
D9 B9 D1 D9
C1 C1 D3
C3 C3
C5 C5
C9 C9
D7 D7
D4 E1
E3 E3
E5 E5
E6 E7
H H
J J
N N
P P
Q Q
T T
AB AB
AC AC
I AF
AG AG
AO AO
AP AP
AS AS
AU AU
AH AW
