Soda a0 c2 e2 d4 c2 a0 Soda a h ak h a g s g a Soda a0 c9 a7 b10 d10 d7 d4 c2 a0 c5 b2 e5 e6 b3 e6 e5 b1 c6 e4 e3 c4 a0 Soda A5 A9 B7 B5 C1 A10 B6 B4 C8 A2 A4 A9 A6 A5 A9 A5 Soda a0 c9 a7 d2 b8 a7 c10 d9 c10 a7 c9 a0 Soda a d a i w i j aa z at as z aa j i u an am u i a b m ac av ab k l k b a Soda C5 E3 E4 C6 B1 E5 E6 B3 E6 E5 B2 C5 E3 C4 Soda C9 A7 B8 D1 D9 C10 A7 B8 D2 D9 C10 A7 A1 A7 C9 Soda C2 D4 E2 C2 D4 D7 D10 B10 A7 C9 Soda a0 c9 d5 a1 a7 c9 a0 a5 a9 b7 b5 c1 a10 b6 b5 c1 b5 b6 b4 c8 a2 a4 a9 a6 a5 a0 Soda A D K AI AS AU AI AH AK AJ T K D A C I J C A F M W AC AM AN X W M F A E P V AL AG U L Q E A Soda a e p q p q p e a Soda A B H AB Z AR Y AQ AP AA N Y Z AB S B A E A Soda
72
A1 A1 D5
B4 A3
A5 A5
A7 A7
A9 A9
B1 B1
B3 B3 C7
B5 B5
B7 B7
D9 B9 D9
C1 C1 D3
D4 C3 E1
C5 C5
C9 C9
D1 D1
D7 D7
E3 E3
E5 E5
E6 E7
H H
J J
N N
P P
Q Q
T T
AB AB
AC AC
I AF
AG AG
AN AO
AP AP
AS AS
AU AU
AH AW
b b
d d n
g f
h h
j j
l l ad ax
p p af
ak r t aj
u v
i x
z z
ab ab
q ah
s al
an an
w ap
as ar
at at
av av
a1 a1
b4 a3
a5 a5
a7 a7
a9 a9
b1 b1
b3 b3 c7
b5 b5
b7 b7
d9 b9 d1 d9
c1 c1 d3
d4 c3 e1
c5 c5
c9 c9
d5 d5
d7 d7
e3 e3
e5 e5
e6 e7
