181 152 136 163 160 152 162 161 165 164 152 157 159 152 158 156 155 154 153 86 87 77 85 88 61 45 44 32 38 36 35 34 33 37 41 42 32 40 43 16 105 104 92 76 103 100 92 102 101 97 92 98 96 95 94 93 11 12 2 3 7 2 9 ssp200 13 10 2 8 6 5 4 126 125 124 123 127 122 132 131 135 134 122 130 133 106 184 183 187 182 192 191 189 182 185 186 188 182 194 195 166 193 190 182 181 92 99 1 28 25 17 21 20 19 18 22 17 27 26 30 29 17 24 23 17 181 2 14 15 83 81 80 79 78 82 77 84 68 66 65 64 63 67 62 74 75 69 62 70 73 46 137 142 138 139 140 141 150 149 137 143 144 137 147 146 121 148 145 137 181 32 39 167 177 176 180 179 167 174 172 167 175 178 151 168 169 170 171 173 167 181 128 122 107 113 111 110 109 91 118 115 107 117 116 108 112 107 114 120 119 107 181 77 89 90 53 51 50 49 48 52 47 57 56 31 58 55 47 59 60 54 47 181 62 72 71 129 122
91
183 183
184 184
185 185
186 186
191 191
194 194
195 195
168 168
169 169
170 170
171 171
176 176
179 179
180 180
153 153
154 154
155 155
156 156
161 161
164 164
165 165
138 138
139 139
140 140
141 141
146 146
149 149
150 150
123 123
124 124
125 125
126 126
131 131
134 134
135 135
108 108
109 109
110 110
111 111
116 116
119 119
120 120
93 93
94 94
95 95
96 96
101 101
104 104
105 105
78 78
79 79
80 80
81 81
86 86
89 89
90 90
63 63
64 64
65 65
66 66
71 71
74 74
75 75
48 48
49 49
50 50
51 51
56 56
59 59
60 60
33 33
34 34
35 35
36 36
41 41
44 44
45 45
18 18
19 19
20 20
21 21
26 26
29 29
30 30
3 3
4 4
5 5
6 6
11 11
14 14
15 15
