1 104 93 1 96 78 1 94 23 1 53 45 147 19 1 106 66 12 1 132 31 10 143 55 10 1 9 1 24 134 8 145 105 8 1 131 71 7 1 6 62 10 82 5 90 70 5 2 142 133 2 29 25 2 5 1 4 144 121 4 127 116 4 114 64 4 1 3 74 69 3 135 63 3 137 61 3 73 54 3 112 52 3 1
32
1 1 129 11 13 15 17 21 59 109 113 125
3 3 37 41 65 83 89 115
131 131
5 5 95
133 133
7 7 141 87
135 135
9 9 27
137 137
6 139 51 79 97
143 143
145 145
19 19
147 147
2 149 35 39 43 47 49 57 67 75 77 81 91 99 101 103 107 111 117 119 123
23 23
25 25
29 29
31 31
4 33 85
45 45
53 53
55 55
61 61
63 63
69 69
71 71
73 73
93 93
105 105
121 121
127 127
