Leah Brian Russell Crystal Taylor Russell Connie Adrian Kellie Jon John Vicki Robert Derrick Jeffrey Robert Jordan Katrina Rachel April Jordan Dylan Ruth Lisa Stacey Charles Jade Rose Charles Tiffany Dylan Christina Ruth Carol Jennifer Meagan Cole Jennifer Shannon Megan Sonya Alexander Abigail Teresa Alexander Shannon Carol David Javier Benjamin Carol Kristie Russell Kelly Paula Michael Joshua Willie Gary Ryan Anthony Joshua Amanda Russell
25
Russell Russell
Carol Carol
Adrian Adrian
Anthony Anthony
Amanda Amanda
Gary Gary
Brian Brian
Lisa Lisa
Jade Jade
Paula Paula
David David
Dylan Dylan
Ruth Ruth
April April
Vicki Vicki
Jennifer Jennifer
Megan Megan
Javier Javier
Michael Michael
Ryan Ryan
Alexander Alexander
Jordan Jordan
Kelly Kelly
Rachel Rachel
Jon Jon
