Jason Jeremy Derek Julia Jonathan Mercedes Dana Edwin Angela Julia Michael Sandra Michelle Kristina Roy Molly Randy Jamie Kayla Regina Molly Sandra Johnny Billy Samuel Luis Michael Brenda Julia Susan Nancy Edward Nathaniel Kevin Brittany Kyle Joshua Cheryl Bryan Evan Brittany Sarah Dylan Christopher Shane Dylan Ralph Victoria Nicholas Alexandra Victoria Charles James Johnathan Maria Megan Johnathan Patricia Monique Tommy Leonard Erica Toni Alyssa Keith Timothy Leonard Tammy Jay Melissa Ashley Wendy Alyssa Elizabeth Wayne Garrett Barbara Carlos Rebecca Jacob Brett Rebecca Aaron Nancy Richard Christina Bruce Nancy James Desiree Nancy Richard Larry Kylie Jasmine Leonard Jessica Laura Carlos Kari Deanna Jane Deanna Kari Douglas Brian Danielle Scott Benjamin Kathy Deanna Mike Miranda Mary Sydney Carol Casey Lauren Jeanne Cynthia Beverly Rebekah Carlos Rebecca Kristen Garrett Phillip Miranda Mercedes David Eric Miranda Jeffery Maurice Cindy Victor Melinda Dustin Cindy Kristine Ricky Jeffery Ronnie Stacie Diana April Robin Juan Martha April Carrie Stacie Taylor Justin Samantha Steven Gregory Meredith Taylor Gregory Roy Ronald Phillip Jeffery Jordan Stephen Brad Thomas Shannon Richard Jacqueline Bryan David Grace Jeffrey Jacqueline Kimberly Gary Claire Mario Dillon Kristy Mario Anna Robert Jeffrey Kelly Brad Jordan Angelica Erin Nicole Chase John Krista Amber Andre Karen Desiree Claire Amber Spencer Mark Jon Tristan Linda Kelsey Wendy Daniel Rachel Monica Crystal Rachel Andrew Spencer Sabrina Shawn Tracy Adam Joseph Sabrina Jose Daniel Kara Erica Ryan George Gabriel Leonard Kara Tammy Kevin Derek Jason Anthony Amanda Stephanie Jennifer Anthony Brandi Reginald Harry Lisa Daniel Cory Misty Cristian Alexander Donald Janet Katelyn Donna William Cristian Donald Logan Jill Misty Cynthia Reginald Jason
100
Derek Derek
Nathaniel Nathaniel
Tracy Heather
Gabriel Gabriel
Adam Adam
Misty Misty
Shannon Shannon
Samantha Samantha
Katelyn Katelyn
Erin Adrian
John John
Nicole Nicole
Brad Brad
Claire Claire
David David
Lauren Lauren
Joshua Joshua
Mario Mario
Roy Roy
Kara Kara
Johnathan Johnathan
Dana Dana
Cristian Cristian
Ricky Ricky
Tristan Tristan
Deanna Paul
Laura Laura
Stacie Stacie
Jose Jose
Melissa Melissa
Kari Kari
Evan Evan
Carol Carol
Carrie Carrie
Brian Brian
Andrew Andrew
Jeffery Jeffery
Robert Robert
Mark Mark
Regina Regina
Kelsey Kelsey
Wayne Wayne
Megan Megan
Jeffrey Jeffrey
Shane Shane
Timothy Timothy
Joseph Joseph
Charles Charles
Crystal Crystal
William William
Mary Mary
Cheryl Cheryl
Rebekah Rebekah
Shawn Shawn
Dustin Dustin
Jacqueline Jacqueline
Logan Logan
Gregory Gregory
Kimberly Kimberly
Amanda Amanda
Christina Christina
Rebecca Rebecca
Scott Scott
Mercedes Mercedes
Dylan Dylan
Wendy Wendy
Kayla Kayla
Edwin Edwin
Michelle Michelle
Stephen Stephen
Kristen Kristen
Brett Brett
Karen Karen
Ronnie Ronnie
Jill Jill
Sabrina Sabrina
Elizabeth Elizabeth
Tommy Tommy
James James
Juan Juan
Brittany Brittany
Kathy Kathy
Susan Susan
Monica Monica
Bryan Bryan
Jane Jane
Alexandra Alexandra
Grace Grace
April April
Nicholas Nicholas
Jennifer Jennifer
Jeremy Jeremy
Kyle Kyle
Tammy Tammy
Ashley Ashley
Jordan Jordan
Melinda Melinda
Rachel Rachel
Robin Robin
Randy Randy
