Granbull Bulbasaur Reuniclus Metang Magmar Blissey Garchomp Conkeldurr Swanna Lucario Zigzagoon Drilbur Furfrou Lapras Torracat Exeggcute Binacle Serperior Heatmor Flareon Staryu Machamp Happiny Machamp Serperior Machop Ferrothorn Whimsicott Lunala Kirlia Unown Kirlia Lunala Finneon Deoxys Staryu Nuzleaf Aipom Buizel Salandit Carbink Rhyhorn Lileep Absol Swanna Lucario Gorebyss Mantine Carnivine Wailord Deino Grumpig Budew Corsola Cyndaquil Volcanion Charizard Tyrunt Mightyena Bronzor Mightyena Skrelp Glalie Charizard Tyrunt Sentret Probopass Fletchling Cubone Fletchling Purrloin Fletchling Cubone Butterfree Cradily Sentret Tyrunt Furret Heliolisk Heatran Ninjask Slakoth Chatot Klang Raikou Mudkip Lotad Quilava Whiscash Bidoof Caterpie Swadloon Electrike Deino Milotic Deino Whismur Illumise Chespin Eelektrik Whiscash Quilava Crabominable Rufflet Quilava Whiscash Rockruff Dusknoir Whiscash Eelektrik Spiritomb Spearow Mawile Spinda Linoone Manaphy Gliscor Volcarona Castform Furfrou Elekid Pancham Mudsdale Greninja Oshawott Greninja Tsareena Masquerain Cosmog Smeargle Corphish Krookodile Rapidash Cascoon Krookodile Azurill Smeargle Staravia Tsareena Greninja Mudsdale Pancham Elekid Furfrou Trumbeak Mawile Glaceon Mawile Spearow Eelektrik Chespin Parasect Lombre Parasect Chespin Illumise Torchic Parasect Metapod Chespin Heliolisk Gorebyss Lycanroc Wailord Amoonguss Magikarp Amoonguss Wailord Qwilfish Floette Lotad Sneasel Darkrai Stunfisk Amoonguss Lycanroc Ursaring Bulbasaur Typhlosion Chinchou Bagon Flygon Electrode PorygonZ Geodude Altaria Sylveon Bonsly Chinchou Bagon Altaria Geodude PorygonZ Granbull
82
Tsareena Tsareena
Absol Absol Hitmontop
Unown Unown Relicanth
Bronzor Roserade Bronzor
Aipom Dustox
Heatran Heatran
Butterfree Butterfree Beedrill
Altaria Ampharos Malamar
Spiritomb Spiritomb
Torchic Torchic
Cosmog Cosmog
Rufflet Arbok Lampent Rufflet
Cascoon Cascoon
Torracat Torracat
Chinchou Chinchou
Azurill Crawdaunt
Slakoth Slakoth
Glalie Mimikyu Glalie
Happiny Happiny Magmortar
Quilava Quilava
Milotic Kangaskhan
Rockruff Rockruff
Bonsly Bonsly
Grumpig Grumpig
Spinda Spinda
Oshawott Cinccino
Budew Budew
Sylveon Sylveon
Mawile Mawile
Greninja Greninja Torkoal
Buizel Buizel Jolteon
Mantine Mantine
Charizard Charizard
Gliscor Gliscor
Binacle Binacle
Lycanroc Raichu Lycanroc
Cubone Cubone TypeNull
Krookodile Krookodile
Heatmor Heatmor
Swanna Swanna
Lombre Diggersby
Whiscash Whiscash
Carbink Metagross Reshiram Carbink
Whimsicott Whimsicott
Mightyena Mightyena
Floette Floette
Magikarp Jirachi
Mudsdale Mudsdale Pidgeot
Darkrai Darkrai
Reuniclus Reuniclus
Machamp Remoraid Machamp
Magmar Magmar
Crabominable Crabominable
Bagon Charmander
Electrode Electrode
Serperior Serperior Bergmite
Amoonguss Golbat
Volcanion Infernape
Trumbeak Trumbeak
Flygon Flygon
Flareon Goomy
Metapod Metapod
Corphish Corphish
Probopass Probopass
Lapras Lapras
Carnivine Carnivine
Exeggcute Exeggcute
Electrike Electrike
Ninjask Ninjask
PorygonZ PorygonZ
Lileep Lileep
Staravia Feraligatr
Lucario Floatzel
Deoxys Deoxys
Chespin Chespin
Purrloin Luvdisc
Blissey Blissey
Pancham Vivillon
Chatot Chatot
Typhlosion Typhlosion
Nuzleaf Nuzleaf
Glaceon Skitty
