Glameow Spheal Cacturne Weedle Poochyena Weedle Cacturne Beheeyem Wailord Cacturne Beheeyem Leavanny Araquanid Sigilyph Togepi Feebas Wailord Turtwig Meganium Gothita Zygarde Ivysaur Gloom Yamask Electivire Furret Wartortle Starmie Ivysaur Spinarak Electivire Gumshoos Bergmite Spiritomb Ivysaur Meganium Turtwig Fomantis Throh Fomantis Throh Glalie Buneary Gigalith Spheal Glameow
20
Electivire Electivire Archeops
Spiritomb Spiritomb
Wailord Wailord
Gumshoos Gumshoos
Spinarak Spinarak
Zygarde Ledian Zygarde
Buneary Buneary
Bergmite Bergmite
Glalie Glalie
Spheal Inkay Spheal Gothorita
Togepi Togepi
Sigilyph Yanma
Fomantis Mudbray
Poochyena Piplup
Meganium Meganium
Furret Furret
Glameow Loudred
Gigalith Gigalith
Beheeyem Golett Beheeyem
Leavanny Leavanny
