0 16 13 32 0 4 55 14 54 64 22 61 90 61 22 64 54 29 43 29 77 31 15 45 28 96 53 24 60 18 53 2 73 83 75 44 82 97 11 73 83 75 1 42 98 7 42 1 75 44 92 68 79 6 19 67 51 35 30 67 78 49 62 30 19 78 49 48 6 69 58 59 47 59 6 49 21 50 87 31 15 3 21 50 65 89 0 43 39 99 27 9 80 34 85 63 34 66 76 72 5 46 76 72 76 74 8 52 17 80 9 57 81 0
41
0 0
3 3
4 4
7 7
8 8
9 9
47 10 20
11 11
13 13
15 15
17 17
18 18
21 21
43 23 43
24 24 94
72 26 72
27 27
32 32 37 71
35 35
90 38 90
31 40
42 42
45 45
46 46
51 51
52 52
55 55
57 57
58 58
60 60
61 61
62 62
65 65 95
67 67 88
78 78
83 83
89 89
5 93
96 96
98 98
99 99
