0 158 175 179 103 159 15 46 104 135 98 16 22 17 16 131 73 189 48 149 157 110 199 110 157 63 149 145 65 63 157 177 73 131 38 1 114 85 167 15 167 142 85 114 103 179 175 158 0 68 83 75 130 93 94 127 172 183 87 90 146 87 69 180 14 40 51 14 129 36 125 36 82 147 59 116 8 14 148 99 96 57 19 24 70 45 137 161 29 82 56 11 153 55 72 188 41 74 144 171 11 55 44 160 6 153 181 152 118 134 117 160 6 195 133 160 117 176 109 127 94 194 93 174 101 25 91 83 68 128 5 128 68 126 107 122 7 67 13 37 126 20 191 173 18 86 108 18 193 136 113 123 53 139 102 121 49 21 92 21 49 124 23 121 113 136 193 18 108 187 198 192 64 187 139 2 111 198 88 9 120 31 138 31 60 141 155 140 95 61 132 42 155 141 165 89 62 31 32 138 31 138 12 9 198 115 52 0
85
141 4 30
9 9
92 10
11 11
13 13
16 16
17 17 151
19 19
20 20
23 23
5 26
103 27 103 184
31 31 196
12 34
122 35 122 162 166
36 36
40 40
42 42
45 45
46 46
48 48
138 50 138
52 52
53 53
55 55
59 59
62 62
63 63 81
68 66
67 67
69 69
70 70
72 72 97
74 74
75 75
198 76 198
0 80
82 82
83 83
101 84
85 85
87 87
88 88
91 91
98 98
102 102
153 105
135 106
108 108
109 109
111 111
114 114
116 116
117 117 168
121 121
125 125
126 126
128 128
130 130
131 131
134 134
136 136
137 137
139 139
140 140
158 143
144 144
145 145
147 147
149 149
152 152
179 156 179
157 157
160 160
171 171
174 174
176 176
177 177
180 180
181 181
183 183
113 185
189 189
195 195
199 197 199
