node26 node15 node1 node10 node11 node0 node59 node41 node0 node76 node30 node0 node29 node78 node2 node47 node40 node2 node64 node34 node2 node9 node93 node63 node9 node2 node6 node61 node62 node8 node3 node99 node53 node3 node5 node58 node16 node5 node2 node0 node85 node74 node0 node97 node13 node4 node80 node35 node4 node84 node19 node4 node90 node12 node4 node7 node1 node39 node38 node1 node72 node25 node1 node26
21
node2 node2 node67 node79
node3 node3 node27 node44 node55 node71
node4 node4
node6 node6 node49 node60
node8 node8
node9 node9
node13 node13
node0 node14 node20 node32 node36 node48 node51 node66 node70 node75 node91 node95
node1 node37 node45
node39 node39
node41 node41
node7 node46
node47 node47
node59 node59
node63 node63
node64 node64
node72 node72
node78 node78
node84 node84
node85 node85
node99 node99
