node142 node2 node150 node110 node2 node175 node96 node2 node120 node75 node2 node174 node71 node2 node169 node66 node2 node161 node46 node2 node6 node13 node7 node108 node40 node7 node57 node37 node4 node176 node10 node136 node8 node4 node9 node134 node128 node8 node91 node10 node8 node4 node2 node12 node1 node117 node87 node1 node102 node33 node1 node119 node23 node1 node81 node30 node16 node1 node18 node188 node106 node5 node116 node77 node5 node0 node3 node168 node113 node3 node198 node111 node3 node109 node107 node3 node141 node105 node3 node138 node95 node3 node94 node78 node3 node126 node70 node3 node0 node160 node54 node0 node103 node43 node0 node186 node14 node0 node72 node19 node11 node0 node12 node145 node15 node53 node2 node171 node6 node143 node2 node142
35
node2 node2 node69 node99 node122 node199
node5 node5 node93 node177
node6 node6 node56 node182
node10 node10
node11 node11
node1 node17 node20 node24 node27 node34 node45 node47 node50 node60 node65 node124 node125 node127 node151 node162
node18 node18
node23 node23
node0 node26 node31 node62 node80 node86 node88 node92 node112 node140 node144 node148 node152 node154 node164 node166 node170 node185 node196
node3 node39 node121 node123 node129 node130 node183
node40 node40
node53 node53
node66 node66
node70 node70
node77 node77
node78 node78
node81 node81
node87 node87
node4 node89
node91 node91
node94 node94
node102 node102
node103 node103
node107 node107
node108 node108
node111 node111
node119 node119
node128 node128
node7 node135 node163
node136 node136
node143 node143
node160 node160
node161 node161
node169 node169
node171 node171
