1 50 5 28 91 50 58 15 5 21 12 21 88 32 36 9 36 0 62 50 27 30 0 50 98 74 50 48 83 50 23 50 20 42 34 41 50 39 20 71 50 56 19 50 33 45 81 17 50 31 96 50 87 10 7 50 53 8 13 16 13 8 50 24 37 51 50 59 10 7 50 6 65 50 54 31 6 50 4 94 41 97 2 43 2 72 50 77 22 2 50 3 70 50 1
35
0 0
2 2 93 99
4 4 49 78
5 5
8 8
17 17
16 18 46
19 19
20 20
21 21
28 28
50 29 35 40 61 64 66 79 84 92
31 31
32 32
33 33
37 37
23 38 95
42 42
12 44
51 51
54 54
58 58
62 62
9 63 85
65 65
13 67
71 71
74 74
43 80
81 81
83 83
7 86
87 87
91 91
97 97
