0 162 156 0 169 120 0 100 181 180 100 199 168 100 174 138 100 153 136 100 182 85 100 183 127 55 165 131 39 178 74 39 123 50 151 118 50 55 39 50 27 135 40 191 125 27 40 63 41 113 124 84 100 185 87 82 100 108 71 100 155 142 62 100 109 61 100 192 60 134 106 60 100 89 189 186 89 58 100 148 56 100 195 150 51 100 172 45 197 196 45 100 64 140 175 44 100 167 38 100 46 137 36 100 188 33 72 66 33 100 97 99 187 31 100 114 163 32 95 29 27 100 152 24 100 144 20 100 91 176 88 19 132 128 19 100 25 93 69 164 14 100 15 65 91 157 116 13 100 28 10 100 70 86 170 9 100 104 18 115 47 102 179 34 73 23 92 194 67 92 126 159 6 161 77 6 23 11 6 100 7 184 147 43 117 103 43 7 83 17 198 177 17 171 5 100 149 49 193 119 49 4 100 42 133 3 100 21 158 122 21 141 139 2 190 173 2 154 110 2 100 54 145 75 54 146 16 160 90 16 1 107 98 53 52 98 1 130 112 30 8 166 12 8 68 1 100 18 47 129 48 81 37 143 101 37 35 57 94 79 105 78 79 57 96 26 35 22 111 76 80 121 59 76 22
100
0 0
1 1
3 3
8 8
10 10
12 12
15 15
16 16
18 18
19 19
21 21
22 22
24 24
25 25
26 26
27 27
28 28
29 29
30 30
31 31
32 32
35 35
36 36
38 38
43 43
44 44
45 45
49 49
50 50
54 54
55 55
56 56
57 57
59 59
60 60
63 63
68 68
74 74
76 76
77 77
80 80
82 82
83 83
84 84
86 86
88 88
89 89
93 93
97 97
99 99
101 101
105 105
111 111
113 113
115 115
117 117
119 119
121 121
124 124
125 125
127 127
129 129
131 131
134 134
136 136
137 137
138 138
141 141
142 142
148 148
150 150
151 151
153 153
155 155
157 157
158 158
159 159
160 160
163 163
164 164
170 170
171 171
172 172
174 174
175 175
177 177
178 178
180 180
182 182
183 183
186 186
188 188
189 189
191 191
192 192
193 193
194 194
195 195
196 196
199 199
