68 63 64 37 36 37 50 91 43 78 83 40 83 78 89 61 78 43 42 58 42 58 42 43 22 65 45 52 5 52 4 94 49 21 49 94 11 94 4 52 45 65 22 23 84 25 84 23 22 43 91 43 78 89 90 30 24 74 86 74 34 18 34 18 34 74 24 93 75 2 75 93 41 93 92 91 43 78 89 81 38 12 26 6 7 44 53 83 78 77 78 60 59 55 76 80 82 17 64 63 68
34
26 1
2 3
5 5 15
7 7
81 9 81
11 11 69
77 13 77
17 17
18 19 95
21 21 97
23 23
25 25 27
40 29
75 31 75
34 33
36 35
37 37
58 39 85
41 41 71
43 43 57 79
45 45
42 47
49 49
53 51 53
55 55
59 59
61 61
63 63
65 65
91 67 73 91
83 83
86 87
89 89
93 93
