21 156 93 156 45 162 66 69 136 74 75 100 99 142 116 47 48 79 23 160 23 191 151 150 110 124 123 122 130 122 123 124 125 115 119 115 125 115 119 39 52 184 49 50 197 95 197 50 197 148 176 109 106 105 114 105 104 105 106 109 176 40 64 101 92 91 178 165 25 179 178 63 178 179 178 63 178 91 92 101 194 101 8 9 120 9 8 101 27 43 110 124 189 37 38 37 36 97 68 84 60 84 68 97 36 35 154 35 76 31 113 188 134 181 180 126 127 14 15 185 143 140 143 185 186 33 6 181 134 188 113 171 15 171 82 171 113 31 24 1 139 142 139 138 34 138 139 168 169 168 139 1 2 1 139 168 169 110 124 189 112 187 72 26 4 108 170 108 4 43 110 150 85 150 42 182 42 41 44 12 44 41 42 150 151 175 151 191 23 160 17 160 74 144 111 152 153 172 153 152 21
77
1 1
2 3
15 5 15
8 7
9 9
41 11 41
12 13
17 17 77
48 19
21 21
23 23
25 25
27 27
154 29
31 31
33 33 155
35 35
37 37
39 39
43 43 73
45 45
47 47
49 49
120 51
150 53
185 55 185
169 57 169
60 59 61
63 63 71 83
175 65 175
66 67 145
69 69
75 75
79 79
113 81 113
85 85 107
38 87
93 89 93
91 91
95 95 195
97 97
99 99
101 101
104 103
105 105
109 109
111 111
115 115
170 117
119 119 159
182 121
123 123
125 125 137
127 127
34 129
130 131
116 133
188 135
139 139
151 141 151
143 143 157
140 147
142 149
153 153
179 161 179
197 163 197
165 165
108 167
171 171
172 173
82 177
181 181
114 183
187 187
189 189
191 191
194 193
