74 72 80 79 76 77 71 78 76 73 79 71 75 18 169 165 167 170 168 161 164 163 161 162 170 167 169 63 67 61 68 65 70 65 66 62 64 70 63 18 98 100 93 94 97 93 91 92 96 99 98 58 57 54 51 60 53 55 56 52 53 58 18 121 128 129 121 130 127 122 130 125 124 126 121 192 193 198 199 191 192 21 27 23 25 24 30 22 24 28 29 26 21 38 39 40 33 32 34 37 35 36 39 31 38 18 141 145 149 141 148 150 146 147 144 143 142 141 18 12 15 14 12 11 18 17 16 13 18 46 2 5 1 10 6 8 9 4 3 9 7 2 151 157 153 158 155 151 153 159 152 156 160 154 152 156 159 151 46 48 45 47 42 43 41 44 50 49 48 50 46 18 192 200 194 195 197 194 193 192 172 174 180 179 177 178 175 177 171 178 176 173 171 172 18 182 183 188 184 185 181 183 184 182 186 189 190 187 182 118 117 114 111 116 120 115 119 113 112 116 118 18 132 133 138 136 132 138 139 135 140 131 139 137 134 132 87 85 83 88 81 82 89 86 90 84 86 89 87 18 102 109 110 102 104 107 101 103 108 105 102 18 16 20 19 18 75 77 72 74
97
2 2
6 6
8 8
11 11
13 13
14 14
16 16
19 19
23 23
25 25
26 26
28 28
29 29
30 30
31 31
32 32
35 35
36 36
37 37
38 38
39 39
41 41
46 46
47 47
50 50
52 52
53 53
54 54
55 55
57 57
58 58 59
61 61
62 62
66 66
68 68
70 69 70
73 73
74 74
75 75
76 76
77 77
80 80
81 81
82 82
83 83
85 85
86 86
88 88
89 89
96 96
99 99
104 104
111 111
113 113
114 114
116 116
118 118
119 119
122 122
126 126
128 128
131 131
135 135
136 136
137 137
139 139
140 140
141 141
142 142
145 145
146 146
148 148
151 151
153 153
156 156
157 157
160 160
161 161
163 163
164 164
165 165
167 166 167
168 168
169 169
172 172
174 174
175 175
178 178
179 179
180 180
185 185
189 189
191 191
192 192
197 197
198 198
199 199
