0 179 178 177 176 44 179 108 159 178 150 70 69 68 150 149 148 144 19 18 144 143 162 114 115 128 76 75 74 115 116 117 8 1 111 112 113 102 77 78 79 165 166 167 168 86 123 122 121 146 82 81 17 16 81 80 82 83 123 124 125 165 164 163 101 158 2 163 120 119 41 42 151 169 33 34 151 152 14 4 120 73 164 48 103 104 105 106 107 103 11 12 65 66 67 12 13 147 54 53 43 23 54 24 23 22 154 153 171 9 10 11 147 127 174 173 55 174 126 127 47 15 78 113 37 36 87 88 36 35 110 109 172 141 140 139 138 95 137 136 135 92 91 118 90 135 134 52 72 71 132 131 96 97 28 160 161 25 26 27 28 29 32 63 62 170 61 62 3 170 85 157 156 155 40 60 59 84 85 133 31 32 46 98 99 45 46 29 30 132 89 118 39 100 38 39 130 51 50 49 130 129 93 94 138 145 64 139 56 57 6 5 57 58 140 7 141 142 20 21 110 111 175 1
70
2 2
131 131
4 4
7 7
9 9
15 15
16 16
17 17
147 147
150 150
22 22
152 152
153 153
154 154
24 24
25 25
26 26
158 158
27 27
29 29
32 32
34 34
35 35
170 170
172 172
173 173
44 44
175 175
47 47
49 49
178 178
53 53
54 54
55 55
58 58
61 61
62 62
63 63
69 69
70 70
72 72
73 73
77 77
80 80
81 81
83 83
84 84
86 86
87 87
90 90
93 93
94 94
95 95
96 96
98 98
99 99
102 102
103 103
105 105
106 106
109 109
111 111
112 112
113 113
114 114
115 115
116 116
122 122
123 123
126 126
