1 84 74 64 42 75 39 40 30 38 65 32 47 48 26 47 20 43 62 37 20 62 14 17 45 63 90 16 73 7 16 14 38 77 6 30 39 5 61 49 66 51 50 49 5 70 86 52 8 82 2 71 11 8 70 28 5 30 15 29 3 59 12 36 58 1 13 22 57 79 18 85 46 41 22 33 76 34 27 89 83 27 78 23 80 25 34 23 22 46 24 88 60 24 53 54 69 31 24 81 87 10 68 9 67 44 72 9 35 4 56 21 4 55 19 4 30 3
50
41 41
42 42
43 43
44 44
45 45
46 46
47 47
48 48
49 49
50 50
51 51
52 52
53 53
54 54
55 55
56 56
57 57
58 58
59 59
60 60
61 61
62 62
63 63
64 64
65 65
66 66
67 67
68 68
69 69
70 70
71 71
72 72
73 73
74 74
75 75
76 76
77 77
78 78
79 79
80 80
81 81
82 82
83 83
84 84
85 85
86 86
87 87
88 88
89 89
90 90
