L27 L18 L0 L63 L12 L0 L36 L11 L0 L79 L9 L0 L81 L7 L0 L72 L3 L4 L66 L3 L19 L14 L3 L4 L0 L10 L57 L88 L1 L34 L33 L1 L43 L26 L1 L49 L15 L1 L51 L8 L1 L2 L90 L78 L2 L59 L22 L2 L0 L97 L96 L0 L98 L95 L0 L92 L73 L0 L60 L58 L0 L75 L50 L0 L47 L32 L0 L82 L31 L0 L52 L30 L0 L42 L29 L0 L77 L28 L0 L45 L25 L0 L62 L24 L0 L65 L23 L0 L74 L21 L0 L84 L20 L0 L27
34
L0 L0 L5 L13 L38 L48 L61 L76 L83 L85 L94
L1 L1 L16 L80 L86 L91
L3 L3
L4 L6
L10 L10
L11 L11
L12 L12
L15 L15
L18 L18
L19 L19
L20 L20
L22 L22
L24 L24
L29 L29
L31 L31
L33 L33
L2 L35 L40 L87 L89
L36 L36
L42 L42
L45 L45
L49 L49
L50 L50
L52 L52
L58 L58
L63 L63
L66 L66
L72 L72
L77 L77
L78 L78
L84 L84
L92 L92
L95 L95
L96 L96
L97 L97
