0 63 28 30 91 28 15 91 59 64 6 44 24 40 6 57 75 61 6 69 71 59 77 90 31 27 90 3 97 82 96 93 20 51 16 67 60 16 86 80 73 86 88 55 80 37 86 84 53 43 23 9 43 59 6 42 18 17 99 5 17 89 56 77 72 46 77 74 22 76 16 47 45 82 16 36 38 77 16 19 54 85 21 8 85 56 58 26 56 1 85 92 66 4 92 33 98 78 34 98 87 4 25 2 95 50 48 32 41 50 52 83 62 10 13 70 12 35 39 49 29 39 68 81 12 39 79 10 94 14 50 10 11 91 65 7 91
50
1 1
2 2
3 3
4 4
5 5
6 6
7 7
8 8
9 9
10 10
11 11
12 12
13 13
14 14
15 15
16 16
17 17
18 18
19 19
20 20
21 21
22 22
23 23
24 24
25 25
26 26
27 27
28 28
29 29
30 30
31 31
32 32
33 33
34 34
35 35
36 36
37 37
38 38
39 39
40 40
41 41
42 42
43 43
44 44
45 45
46 46
47 47
48 48
49 49
50 50
