0 199 133 129 74 133 168 181 159 170 174 96 95 174 89 51 174 168 180 154 122 163 139 67 163 168 119 154 186 81 154 168 194 146 66 68 123 91 43 123 102 128 152 102 94 37 102 56 33 102 168 138 143 148 0 92 173 151 62 154 25 97 150 69 195 0 80 117 177 19 149 118 15 133 8 168 166 31 6 166 92 141 47 40 168 103 181 169 46 30 168 66 108 70 182 24 125 140 24 130 21 24 168 127 58 0 70 178 63 13 30 142 104 0 20 172 92 79 111 192 32 102 124 29 102 145 0 105 19 156 112 19 137 101 143 114 76 7 194 107 102 164 54 90 167 179 90 38 28 90 41 77 97 0 35 136 22 168 116 86 188 189 86 99 92 185 57 88 143 57 171 1 24 61 53 70 0 73 65 92 0 111 157 44 19 93 106 160 93 19 158 14 19 144 10 19 168 161 36 191 60 36 190 26 36 197 5 36 0 142 49 153 18 143 0 86 155 27 163 196 154 187 120 55 187 3 154 64 11 90 0 48 75 2 115 147 2 168 0
86
1 1
2 2
3 3
90 4 34 90
5 5
6 6
7 7
8 8
92 9 92
10 10
11 11
66 12 39 66 71
13 13
14 14
15 15
102 16 52
154 17
18 18
19 19 42
20 20
21 21
22 22
194 23 98
24 24
25 25
26 26
27 27 78
28 28
29 29
30 30
31 31
32 32
33 33
35 35
36 36 72 82 100
37 37
38 38
40 40 45
41 41
43 43
44 44
46 46
47 47
48 48
49 49
142 50
51 51
53 53
54 54
55 55
56 56
57 57
58 58
163 59
60 60
61 61
62 62
63 63
64 64
65 65
67 67
68 68
69 69
70 70
73 73
74 74
75 75
76 76
77 77
79 79
80 80
81 81
168 83
181 84
123 85
86 86
0 87
88 88
89 89
91 91
93 93
94 94
95 95
96 96
97 97
99 99
