51 79 54 60 51 71 86 51 98 99 97 52 70 99 73 93 50 52 72 73 50 35 38 41 37 36 38 39 40 35 50 0 6 7 12 10 8 22 26 21 23 25 22 24 27 22 23 11 10 8 13 9 7 8 14 16 15 17 19 20 14 18 47 45 48 43 47 46 44 42 45 31 34 32 30 29 28 30 3 4 5 2 1 3 0 50 75 80 65 61 89 74 57 61 77 66 81 85 64 81 78 92 94 62 92 70 55 96 87 84 96 87 53 83 51 68 84 90 82 67 59 58 95 91 55 95 69 56 88 63 51
49
0 0
1 1
2 2
3 3
4 4
5 5
6 6
7 7
8 8
9 9
10 10
11 11
12 12
13 13
14 14
15 15
16 16
17 17
18 18
19 19
20 20
21 21
22 22
23 23
24 24
25 25
26 26
27 27
28 28
29 29
30 30 33
31 31
32 32
34 34
35 35
36 36
37 37
38 38
39 39
40 40
41 41
42 42
43 43
44 44
45 45
46 46
47 47
48 48
50 49
