0 2 7 8 9 3 6 8 5 7 0 100 127 111 152 132 165 111 122 105 142 111 133 121 114 133 186 191 158 184 129 115 184 182 176 160 108 158 186 111 100 99 97 93 96 98 91 96 94 92 99 90 92 95 83 81 80 83 88 89 86 87 85 86 88 84 82 88 79 77 76 72 73 71 74 78 75 79 70 75 37 32 30 37 33 34 36 39 38 36 35 33 30 31 74 20 29 26 28 27 25 24 22 25 23 20 26 21 28 65 66 60 69 63 61 62 60 67 64 68 17 13 10 19 15 10 14 18 16 14 12 16 11 47 40 48 49 45 48 43 42 45 46 44 41 52 53 59 57 58 56 52 59 50 54 55 51 50 100 149 138 194 166 161 189 128 161 153 154 194 102 169 193 156 146 193 150 159 175 140 169 134 199 196 172 192 199 180 179 199 143 110 199 117 109 134 136 141 190 106 141 167 107 101 131 119 195 116 101 130 139 147 174 130 113 163 155 164 198 113 136 173 171 135 168 162 138 183 103 170 177 181 197 103 177 145 123 118 157 185 187 137 148 188 144 112 125 137 124 118 138 126 151 104 126 149 120 178 4 1
100
0 0
1 1
2 2
3 3
4 4
5 5
6 6
7 7
8 8
9 9
10 10
11 11
12 12
13 13
14 14
15 15
16 16
17 17
18 18
19 19
20 20
21 21
22 22
23 23
24 24
25 25
26 26
27 27
28 28
29 29
30 30
31 31
32 32
33 33
34 34
35 35
36 36
37 37
38 38
39 39
40 40
41 41
42 42
43 43
44 44
45 45
46 46
47 47
48 48
49 49
50 50
51 51
52 52
53 53
54 54
55 55
56 56
57 57
58 58
59 59
60 60
61 61
62 62
63 63
64 64
65 65
66 66
67 67
68 68
69 69
70 70
71 71
72 72
73 73
74 74
75 75
76 76
77 77
78 78
79 79
80 80
81 81
82 82
83 83
84 84
85 85
86 86
87 87
88 88
89 89
90 90
91 91
92 92
93 93
94 94
95 95
96 96
97 97
98 98
99 99
