Soda Azerbaijan United Czech Australia China Antigua Guyana Guadeloupe Estonia Bouvet Botswana Guam Belize Ethiopia Denmark Hong Aruba Central Fiji Cocos Cayman Finland Egypt Comoros Falkland Colombia Brazil Cambodia Faroe Austria Canada Soda
23
United United
Cambodia Cambodia
Aruba Aruba
Fiji Argentina Bermuda Fiji
Antigua Antigua
Guam Guam
China China
Central Central
Australia Australia
Cocos Cocos
Azerbaijan Angola
Austria Austria
Bouvet Bouvet
Belize Belize
Czech Czech
Colombia Colombia
Cayman Cayman
Denmark Denmark
Guyana Guyana
Guadeloupe Guadeloupe
Egypt Egypt
Botswana Botswana
Comoros Comoros
