Soda Cambodia Liechtenstein Kenya Czech Burkina Seychelles Congo Luxembourg Bhutan Jersey Seychelles Belgium Jersey Cameroon Macao Afghanistan Congo Sierra Belarus Malawi Falkland Lao Benin Liechtenstein Slovenia Lesotho Bhutan Gabon Iraq Estonia Italy Benin Cyprus India Benin Italy Mauritius Hungary Estonia Solomon United Niger Mozambique Niger Mayotte Saint Costa Germany Fiji Netherlands Montenegro Malaysia Germany Costa Bahamas Mexico Mauritania American Jamaica Bulgaria Puerto Cocos Malta Antigua Republic Burundi Ecuador Morocco Cocos Gibraltar Lithuania Antarctica Brunei Cocos Dominica French Montserrat Guernsey Kiribati Holy Guam Montserrat French Guinea Indonesia Brunei Northern Argentina Luxembourg Bhutan Ethiopia Chad Bonaire Poland South Barbados Norway Brazil Peru Palau Hong Iran Anguilla Hong Libya Pakistan Cuba Azerbaijan Pakistan Libya Paraguay Myanmar Iceland Holy Kyrgyzstan Faroe Slovakia Guyana Colombia Guadeloupe Republic Liberia Armenia Haiti Serbia Isle Oman Liberia Republic Dominican Haiti Palestine Kenya Republic Svalbard Bolivia Kyrgyzstan Bermuda Colombia Somalia Chile British Korea Guyana Holy Iceland Myanmar Comoros Georgia Grenada Pitcairn Nauru Bahrain Romania Botswana Namibia Chile Bahrain Djibouti Finland Isle Comoros Bahrain Nauru Albania Niue Poland Bouvet Mozambique Sudan Japan El Cayman Russian Colombia Rwanda Norfolk Canada Nepal Papua Cayman El Suriname Sudan Sri Denmark Barbados Qatar Gambia Christmas Sao Heard Singapore Lebanon Cook Samoa Mongolia Singapore Heard Congo Senegal Egypt Cyprus New Czech Ghana Latvia Moldova Kenya Kuwait Maldives Croatia Maldives Spain Kuwait Kenya China Soda
46
United United
Cambodia Cambodia
Liberia Aruba Liberia
Saint Saint
Argentina Argentina
Lebanon Lebanon
Rwanda Rwanda
Croatia Sint Croatia
Japan Japan
Burundi Burundi
Fiji Fiji
Jamaica Jamaica
Netherlands Netherlands
Albania Albania
Antigua Antigua
Republic Republic Algeria
Sao Sao
Lao Lao
Kyrgyzstan Kyrgyzstan
Macao Macao
Mayotte Mayotte Ireland
Iraq Iraq
British British
Latvia Latvia
Mexico Mexico
New New
Egypt Egypt
Singapore Singapore
Malawi Malawi
Korea Korea
Congo Congo
Indonesia Indonesia
Finland Finland
Burkina Burkina
Niger Niger
Hong Hong
Pitcairn Pitcairn
Luxembourg Luxembourg
Bahamas Bahamas
Pakistan Pakistan
Palau Palau
Mozambique Nigeria
Northern Northern
Kiribati Kiribati
Norway Belize
Moldova Moldova
