1 108 64 62 108 49 1 67 43 30 18 60 53 50 18 8 3 87 36 103 58 23 92 34 26 99 38 26 112 69 48 42 70 76 116 70 86 29 42 59 97 91 90 75 98 39 97 57 7 89 88 35 19 89 32 27 93 110 56 20 110 14 41 46 65 41 79 93 72 73 66 75 39 9 31 120 114 101 104 120 37 115 31 13 81 85 100 22 34 118 105 16 58 116 12 15 61 63 84 111 44 84 117 28 77 113 80 55 28 63 45 61 17 54 107 40 6 96 2 52 5 94 106 5 83 78 25 74 68 4 51 6 11 109 47 11 74 102 33 95 71 25 16 21 10 24 119 10 82 3 30 1
70
10 10
11 11
12 12
13 13
14 14
15 15
16 16
17 17
18 18
19 19
20 20
21 21
22 22
23 23
24 24
25 25
26 26
27 27
28 28
29 29
30 30
31 31
32 32
33 33
34 34
35 35
36 36
37 37
38 38
39 39
40 40
41 41
42 42
43 43
44 44
45 45
46 46
47 47
48 48
49 49
50 50
51 51
52 52
53 53
54 54
55 55
56 56
57 57
58 58
59 59
60 60
61 61
62 62
63 63
64 64
65 65
66 66
67 67
68 68
69 69
70 70
71 71
72 72
73 73
74 74
75 75
76 76
77 77
78 78
79 79
