FleaBottom TheAturanEmpire SatishVille IronIslands ShriekingShack Lorien MinistryofMagic Yll IronIslands KingsLanding Olivanders TheBurningPlains TheGreatDivide IronIslands Toperhagen Vintas HorneaterPeaks BorginBurkes Carvahall TheSpine Carvahall Aerodenn Carvahall Ademre TheBoilingRock TheKrustyKrab TheBoilingRock Batcave HighGarden Yunkai Kinecardine Tartarus SatishVille Trebon SatishVille TheAturanEmpire FleaBottom
18
Olivanders Olivanders
Vintas Vintas
Yll Yll
TheBoilingRock TheBoilingRock UtgardMountain
TheBurningPlains TheBurningPlains
Batcave Batcave GringottsBank
SatishVille SatishVille Ebonfall
Aerodenn Eggmanland
Carvahall TheVale Accrington Westopolis
Trebon Trebon Urubaen
ShriekingShack ShriekingShack
TheGreatDivide TheGreatDivide
TheKrustyKrab Glimthain
FleaBottom Bobbingbourne
MinistryofMagic MinistryofMagic Arkham
TheSpine Coalwatch
HighGarden HighGarden
Ademre Ademre
