29 26 58 96 9 15 32 26 99 38 81 24 99 11 36 69 52 42 36 69 47 8 19 3 33 5 7 68 57 67 45 17 67 63 21 25 57 18 0 22 90 98 54 16 66 28 86 20 37 64 27 76 94 77 65 94 27 39 73 84 60 37 6 91 44 6 2 55 14 72 79 92 49 80 43 82 79 14 55 56 62 87 41 59 61 70 59 41 10 23 53 30 71 46 31 23 30 95 88 75 40 33 48 35 89 4 29
45
0 0
3 3
4 4
5 5
7 7
9 9
10 10
11 11
17 17
23 23
24 24
25 25
26 26
27 27
30 30
31 31
32 32
46 34 46 93
35 35
45 45 51 97
49 49
56 56
57 57
58 58
59 59
63 63
64 64
66 66
67 67
68 68
69 69 78
70 70
71 71
72 72
73 73
75 75
77 77
79 79
80 80
82 82
91 85
86 86
90 90
96 96
98 98
