1FoundersRock 30Stonefire 24Blackwell 1FoundersRock 15Hilgard 14Wellman 1FoundersRock 29VarsityBerkeley 9SatherGate 1FoundersRock 12California 34Martinez 1FoundersRock 27InternationalHouse 28SodaHall 1FoundersRock 39SanFransisco 40Oaktown 1FoundersRock 37OtherCoop 19SouthHall 1FoundersRock 2UniversityHouse 36CasaZimbabwe 31Hillegass 2UniversityHouse 38RajProperties 33Wada 2UniversityHouse 21Unit1 32DeltaPhiEpsilon 2UniversityHouse 26ClarkKerr 23Unit3 2UniversityHouse 35ChanningBowdwitch 20Ehrman 2UniversityHouse 18NorthGate 17Wheeler 2UniversityHouse 11HearstGymnasium 8Esplanade 2UniversityHouse 6DoeLibrary 5HearstMemorial 2UniversityHouse 16Giannini 3FacultyClub 2UniversityHouse 13Durant 1FoundersRock 10Bridge 7SatherTower 1FoundersRock 22Unit2 4HearstGreekTheatre 1FoundersRock
25
16Giannini 16Giannini
17Wheeler 17Wheeler
18NorthGate 18NorthGate
19SouthHall 19SouthHall
20Ehrman 20Ehrman
21Unit1 21Unit1
22Unit2 22Unit2
23Unit3 23Unit3
24Blackwell 24Blackwell
1FoundersRock 25Foothill
26ClarkKerr 26ClarkKerr
27InternationalHouse 27InternationalHouse
28SodaHall 28SodaHall
29VarsityBerkeley 29VarsityBerkeley
30Stonefire 30Stonefire
31Hillegass 31Hillegass
32DeltaPhiEpsilon 32DeltaPhiEpsilon
33Wada 33Wada
34Martinez 34Martinez
35ChanningBowdwitch 35ChanningBowdwitch
36CasaZimbabwe 36CasaZimbabwe
37OtherCoop 37OtherCoop
38RajProperties 38RajProperties
39SanFransisco 39SanFransisco
40Oaktown 40Oaktown
