1FoundersRock 19SouthHall 2UniversityHouse 75ChanningBowdwitch 68SodaHall 2UniversityHouse 61Unit1 40Oaktown 2UniversityHouse 47SatherTower 33Wada 2UniversityHouse 54Wellman 26ClarkKerr 2UniversityHouse 12California 9SatherGate 3FacultyClub 72DeltaPhiEpsilon 65Foothill 3FacultyClub 79SanFransisco 58NorthGate 3FacultyClub 51HearstGymnasium 37OtherCoop 3FacultyClub 44HearstGreekTheatre 23Unit3 3FacultyClub 30Stonefire 16Giannini 3FacultyClub 73Wada 5HearstMemorial 80Oaktown 45HearstMemorial 5HearstMemorial 66ClarkKerr 38RajProperties 5HearstMemorial 31Hillegass 24Blackwell 5HearstMemorial 59SouthHall 17Wheeler 5HearstMemorial 52California 10Bridge 5HearstMemorial 2UniversityHouse 1FoundersRock 4HearstGreekTheatre 55Hilgard 48Esplanade 4HearstGreekTheatre 69VarsityBerkeley 41FoundersRock 4HearstGreekTheatre 34Martinez 27InternationalHouse 4HearstGreekTheatre 20Ehrman 13Durant 4HearstGreekTheatre 76CasaZimbabwe 63Unit3 6DoeLibrary 56Giannini 49SatherGate 6DoeLibrary 70Stonefire 42UniversityHouse 6DoeLibrary 28SodaHall 21Unit1 6DoeLibrary 35ChanningBowdwitch 14Wellman 6DoeLibrary 77OtherCoop 7SatherTower 53Durant 46DoeLibrary 7SatherTower 67InternationalHouse 39SanFransisco 7SatherTower 74Martinez 32DeltaPhiEpsilon 7SatherTower 25Foothill 18NorthGate 7SatherTower 60Ehrman 11HearstGymnasium 7SatherTower 6DoeLibrary 4HearstGreekTheatre 62Unit2 78RajProperties 1FoundersRock 71Hillegass 64Blackwell 1FoundersRock 57Wheeler 43FacultyClub 1FoundersRock 36CasaZimbabwe 22Unit2 1FoundersRock 29VarsityBerkeley 15Hilgard 1FoundersRock 50Bridge 8Esplanade 1FoundersRock
50
31Hillegass 31Hillegass
32DeltaPhiEpsilon 32DeltaPhiEpsilon
33Wada 33Wada
34Martinez 34Martinez
35ChanningBowdwitch 35ChanningBowdwitch
36CasaZimbabwe 36CasaZimbabwe
37OtherCoop 37OtherCoop
38RajProperties 38RajProperties
39SanFransisco 39SanFransisco
40Oaktown 40Oaktown
41FoundersRock 41FoundersRock
42UniversityHouse 42UniversityHouse
43FacultyClub 43FacultyClub
44HearstGreekTheatre 44HearstGreekTheatre
45HearstMemorial 45HearstMemorial
46DoeLibrary 46DoeLibrary
47SatherTower 47SatherTower
48Esplanade 48Esplanade
49SatherGate 49SatherGate
50Bridge 50Bridge
51HearstGymnasium 51HearstGymnasium
52California 52California
53Durant 53Durant
54Wellman 54Wellman
55Hilgard 55Hilgard
56Giannini 56Giannini
57Wheeler 57Wheeler
58NorthGate 58NorthGate
59SouthHall 59SouthHall
60Ehrman 60Ehrman
61Unit1 61Unit1
62Unit2 62Unit2
63Unit3 63Unit3
64Blackwell 64Blackwell
65Foothill 65Foothill
66ClarkKerr 66ClarkKerr
67InternationalHouse 67InternationalHouse
68SodaHall 68SodaHall
69VarsityBerkeley 69VarsityBerkeley
70Stonefire 70Stonefire
71Hillegass 71Hillegass
72DeltaPhiEpsilon 72DeltaPhiEpsilon
73Wada 73Wada
74Martinez 74Martinez
75ChanningBowdwitch 75ChanningBowdwitch
76CasaZimbabwe 76CasaZimbabwe
77OtherCoop 77OtherCoop
78RajProperties 78RajProperties
79SanFransisco 79SanFransisco
80Oaktown 80Oaktown
