1FoundersRock 175location 169location 1FoundersRock 124location 121location 1FoundersRock 196location 120location 1FoundersRock 137location 109location 1FoundersRock 118location 106location 1FoundersRock 133location 103location 1FoundersRock 157location 100location 1FoundersRock 178location 97location 1FoundersRock 188location 91location 1FoundersRock 130location 88location 1FoundersRock 85location 79SanFransisco 1FoundersRock 199location 76CasaZimbabwe 1FoundersRock 163location 70Stonefire 1FoundersRock 145location 69VarsityBerkeley 1FoundersRock 193location 67InternationalHouse 1FoundersRock 190location 64Blackwell 1FoundersRock 160location 58NorthGate 1FoundersRock 82location 55Hilgard 1FoundersRock 148location 52California 1FoundersRock 181location 49SatherGate 1FoundersRock 171location 46DoeLibrary 1FoundersRock 151location 43FacultyClub 1FoundersRock 115location 40Oaktown 1FoundersRock 94location 37OtherCoop 1FoundersRock 139location 35ChanningBowdwitch 1FoundersRock 172location 34Martinez 1FoundersRock 73Wada 31Hillegass 1FoundersRock 166location 28SodaHall 1FoundersRock 112location 25Foothill 1FoundersRock 187location 22Unit2 1FoundersRock 154location 19SouthHall 1FoundersRock 136location 18NorthGate 1FoundersRock 86location 16Giannini 1FoundersRock 127location 13Durant 1FoundersRock 61Unit1 173location 10Bridge 122location 20Ehrman 10Bridge 1FoundersRock 142location 185location 11HearstGymnasium 167location 155location 11HearstGymnasium 143location 198location 6DoeLibrary 195location 189location 6DoeLibrary 174location 144location 6DoeLibrary 177location 140location 6DoeLibrary 168location 138location 6DoeLibrary 165location 135location 6DoeLibrary 147location 99location 6DoeLibrary 129location 89location 6DoeLibrary 159location 87location 6DoeLibrary 105location 78RajProperties 6DoeLibrary 114location 75ChanningBowdwitch 6DoeLibrary 180location 72DeltaPhiEpsilon 6DoeLibrary 93location 54Wellman 6DoeLibrary 84location 48Esplanade 6DoeLibrary 117location 45HearstMemorial 6DoeLibrary 63Unit3 42UniversityHouse 6DoeLibrary 123location 38RajProperties 6DoeLibrary 33Wada 27InternationalHouse 6DoeLibrary 150location 24Blackwell 6DoeLibrary 57Wheeler 15Hilgard 6DoeLibrary 108location 3FacultyClub 128location 126location 3FacultyClub 179location 111location 3FacultyClub 186location 81location 3FacultyClub 156location 77OtherCoop 3FacultyClub 66ClarkKerr 60Ehrman 3FacultyClub 96location 51HearstGymnasium 3FacultyClub 162location 36CasaZimbabwe 3FacultyClub 21Unit1 9SatherGate 152location 50Bridge 9SatherGate 3FacultyClub 6DoeLibrary 12California 8Esplanade 80Oaktown 29VarsityBerkeley 8Esplanade 182location 134location 11HearstGymnasium 197location 125location 11HearstGymnasium 194location 95location 11HearstGymnasium 83location 74Martinez 11HearstGymnasium 113location 62Unit2 11HearstGymnasium 65Foothill 53Durant 11HearstGymnasium 44HearstGreekTheatre 32DeltaPhiEpsilon 11HearstGymnasium 92location 23Unit3 11HearstGymnasium 164location 14Wellman 11HearstGymnasium 104location 2UniversityHouse 176location 158location 2UniversityHouse 141location 116location 2UniversityHouse 192location 107location 2UniversityHouse 161location 101location 2UniversityHouse 146location 56Giannini 2UniversityHouse 191location 41FoundersRock 2UniversityHouse 71Hillegass 39SanFransisco 2UniversityHouse 90location 26ClarkKerr 2UniversityHouse 131location 5HearstMemorial 170location 119location 5HearstMemorial 153location 102location 5HearstMemorial 68SodaHall 17Wheeler 5HearstMemorial 2UniversityHouse 11HearstGymnasium 8Esplanade 7SatherTower 110location 59SouthHall 7SatherTower 1FoundersRock 184location 200location 4HearstGreekTheatre 183location 149location 4HearstGreekTheatre 98location 47SatherTower 4HearstGreekTheatre 132location 30Stonefire 4HearstGreekTheatre 1FoundersRock
50
130location 130location
132location 132location
6DoeLibrary 6DoeLibrary
7SatherTower 7SatherTower
8Esplanade 8Esplanade
9SatherGate 9SatherGate
10Bridge 10Bridge
135location 135location
138location 138location
140location 140location
144location 144location
145location 145location
150location 150location
155location 155location
156location 156location
160location 160location
162location 162location
165location 165location
168location 168location
170location 170location
46DoeLibrary 46DoeLibrary
47SatherTower 47SatherTower
48Esplanade 48Esplanade
49SatherGate 49SatherGate
50Bridge 50Bridge
174location 174location
175location 175location
180location 180location
185location 185location
186location 186location
190location 190location
192location 192location
195location 195location
198location 198location
200location 200location
84location 84location
85location 85location
90location 90location
95location 95location
96location 96location
100location 100location
102location 102location
105location 105location
108location 108location
110location 110location
114location 114location
115location 115location
120location 120location
125location 125location
126location 126location
