s l73 h179 h160 l75 h117 h187 l26 h111 l75 h127 l39 h147 l2 h120 l28 l15 l73 s h129 h177 h183 l11 h158 h150 l68 h116 l66 l68 l11 h116 l54 h187 h190 l93 l84 h196 l76 l80 h187 h192 h169 h172 l36 l97 h107 h110 l88 l70 l81 h107 l97 l69 h130 h154 l36 h168 l10 l31 l94 l1 l31 l36 l47 l80 h194 h136 l26 l5 l7 l86 h141 l60 h167 l43 h166 l99 l60 l7 h194 l16 h157 l57 l70 h145 h160 l65 h112 h159 l59 h149 h146 l87 h146 h149 l59 h155 h190 h184 l53 l37 h188 h100 h118 h100 l3 h178 l67 h103 l45 h180 h178 h198 l63 l61 h180 l8 h174 h161 l72 h197 h137 h189 l77 h134 h197 l72 h161 h102 l33 l9 l28 h118 l58 h161 l49 h124 l74 l80 l17 l49 h161 h174 h176 l20 h114 h135 h133 l72 h135 h105 h131 l64 h125 h195 l59 l18 h132 h151 h186 h142 h144 l96 h115 l56 h144 h142 h186 l82 h175 h151 h156 h164 h177 l82 h186 h151 h128 h108 h101 l46 h128 h151 h140 h138 l35 l79 h121 l25 l19 l10 l83 l50 h140 h152 l95 h199 h139 h115 l13 l95 h115 l40 l50 h140 h138 l35 h162 l62 l43 h162 l6 h162 l29 h148 l4 l85 l55 l61 l48 l4 h155 h119 l41 h182 l43 l92 h190 h171 l32 l43 h104 l78 l37 l22 l77 l20 l59 l70 l30 l21 l30 s
92
h100 h100
h101 h101
h102 h102
h103 h103
h104 h104
h105 h105 h106 h165
h107 h107
h108 h108
l87 h109 h143
h110 h110
h111 h111
h112 h112
l21 h113
h114 h114
h115 h115
h116 h116
h117 h117
h118 h118
h119 h119
h120 h120
h121 h121 h193
l32 h122
l78 h123
h124 h124
h125 h125
l6 h126
h127 h127
h128 h128
h129 h129
h130 h130
h131 h131
h132 h132
h133 h133
h134 h134
h135 h135
h136 h136
h137 h137
h138 h138
h139 h139
h140 h140
h141 h141 h181
h142 h142
h144 h144
h145 h145
h146 h146
h147 h147
h148 h148 h153
h149 h149
h150 h150
h151 h151
h152 h152
h154 h154
h155 h155
h156 h156
h157 h157
h158 h158
h159 h159
h160 h160
h161 h161 h191
h162 h162
l97 h163
h164 h164
h166 h166
h167 h167
h168 h168
h169 h169
l53 h170
h171 h171
h172 h172
l19 h173
h174 h174
h175 h175
h176 h176
h177 h177
h178 h178
h179 h179
h180 h180
h182 h182
h183 h183
h184 h184
h192 h185 h192
h186 h186
h187 h187
h188 h188
h189 h189
h190 h190
h194 h194
h195 h195
h196 h196
h197 h197
h198 h198
h199 h199
