s l30 l34 l21 h80 h95 h86 l14 l21 h80 h84 h59 l12 h77 h80 h81 h51 l12 l44 h52 l48 h77 l1 l16 l38 h92 h90 h74 h56 l5 h57 l47 h87 h85 l11 h58 l23 l45 h72 l29 l45 h72 l41 h53 l32 l41 h96 l22 l5 h68 l36 l46 h91 l3 h66 h67 h86 l42 h89 l49 h94 l42 h99 h83 h88 h62 h54 h79 l18 l39 h75 h92 h71 h64 l30 l27 h73 l48 l40 h78 l40 l26 l30 l31 l43 l15 l31 l33 l10 l13 l7 l30 h64 l35 h71 h92 h75 l28 h50 h76 h69 h68 l25 h54 h76 l24 h50 h74 h56 l5 h57 l3 h70 l4 l2 l44 h54 h84 s
44
h50 h50
h51 h51
h52 h52
h53 h53
h54 h54
h62 h55 h62 h82
h56 h56 h60
h57 h57
h58 h58
h59 h59
l40 h61
h92 h63 h65 h92
h64 h64
h66 h66
h67 h67
h68 h68
h69 h69
h70 h70
h71 h71
h72 h72
h73 h73
h74 h74
h75 h75
h76 h76
h77 h77
h78 h78 h93
h79 h79
h80 h80
h81 h81
h83 h83
h84 h84
h85 h85
h86 h86
h87 h87
h88 h88
h89 h89
h90 h90
h91 h91
h94 h94
h95 h95
h96 h96
l36 h97
l3 h98
h99 h99
