node139 node24 node154 node120 node3 node43 node195 node187 node114 node78 node76 node158 node180 node158 node191 node159 node153 node191 node76 node114 node113 node74 node187 node163 node121 node83 node175 node38 node100 node30 node50 node36 node42 node173 node36 node50 node30 node100 node85 node18 node169 node170 node18 node85 node134 node99 node190 node194 node62 node161 node55 node129 node109 node111 node110 node137 node66 node109 node135 node87 node171 node6 node130 node84 node69 node87 node144 node190 node32 node194 node53 node164 node178 node164 node186 node98 node186 node34 node164 node53 node112 node20 node80 node37 node127 node35 node200 node9 node35 node127 node37 node90 node35 node29 node189 node13 node141 node65 node196 node185 node193 node86 node67 node196 node41 node71 node70 node72 node193 node70 node71 node79 node126 node49 node71 node172 node47 node172 node77 node156 node115 node107 node14 node148 node60 node96 node199 node5 node40 node73 node27 node22 node52 node148 node22 node81 node31 node192 node124 node142 node174 node54 node198 node124 node17 node96 node75 node8 node52 node150 node146 node33 node125 node123 node125 node33 node128 node1 node57 node51 node89 node107 node128 node116 node183 node136 node77 node104 node197 node182 node56 node21 node160 node155 node152 node63 node10 node44 node133 node28 node44 node10 node152 node21 node181 node90 node106 node7 node160 node155 node157 node39 node24 node102 node61 node154 node102 node61 node145 node83 node184 node88 node19 node151 node171 node93 node25 node82 node25 node38 node94 node82 node25 node15 node105 node95 node19 node166 node139
85
node1 node1
node3 node3
node5 node5
node8 node8
node10 node10
node152 node12 node152
node47 node16 node47
node17 node17
node18 node18
node19 node19
node20 node20
node22 node22
node24 node24
node73 node26 node73 node188
node27 node27
node30 node30
node33 node33
node37 node37
node38 node38
node41 node41
node42 node42
node102 node48 node102
node49 node49
node50 node50
node51 node51
node52 node52
node53 node53
node54 node54
node55 node55
node56 node56
node57 node57
node195 node59 node195
node60 node60
node61 node61
node65 node65
node66 node66
node71 node71
node72 node72
node80 node80
node81 node81
node84 node84
node85 node85
node86 node86
node160 node92 node160
node94 node94
node96 node96
node126 node97 node126
node98 node98 node119
node100 node100
node107 node107
node63 node108
node109 node109
node111 node111
node112 node112
node114 node114
node116 node116
node82 node117
node123 node123 node143
node124 node124
node125 node125
node129 node129
node130 node130
node134 node134
node141 node141
node146 node146
node77 node149
node154 node154
node157 node157
node158 node158
node159 node159
node178 node162 node178
node163 node163
node36 node165
node180 node167 node180
node169 node169
node173 node173
node181 node181
node182 node182
node184 node184
node185 node185
node186 node186
node190 node190
node191 node191
node192 node192
node200 node200
