node0 node24 node66 node34 node54 node28 node62 node41 node84 node1 node20 node71 node3 node20 node1 node28 node41 node64 node5 node67 node66 node34 node65 node5 node22 node99 node58 node63 node25 node36 node39 node14 node36 node25 node5 node69 node12 node57 node4 node76 node87 node81 node32 node30 node77 node68 node73 node17 node32 node81 node87 node76 node88 node83 node80 node89 node31 node23 node52 node50 node86 node75 node2 node51 node78 node53 node49 node51 node78 node16 node26 node78 node16 node60 node96 node56 node51 node11 node78 node61 node2 node72 node35 node29 node2 node86 node19 node52 node94 node37 node10 node33 node43 node7 node31 node97 node8 node27 node79 node6 node82 node90 node46 node74 node47 node38 node82 node6 node55 node70 node8 node97 node13 node48 node83 node59 node18 node93 node0
47
node50 node50
node51 node51
node52 node52
node53 node53
node54 node54
node55 node55
node56 node56
node57 node57
node58 node58
node59 node59
node60 node60
node61 node61
node62 node62
node63 node63
node64 node64
node65 node65
node66 node66
node67 node67
node68 node68 node85
node69 node69
node70 node70
node71 node71
node72 node72
node73 node73
node74 node74 node91 node95
node75 node75
node76 node76
node77 node77
node78 node78
node79 node79
node80 node80
node81 node81
node82 node82
node83 node83
node84 node84
node86 node86
node87 node87
node88 node88
node89 node89
node90 node90
node46 node92
node93 node93
node94 node94
node96 node96
node97 node97
node25 node98
node99 node99
