node0 node25 node19 node17 node39 node47 node45 node23 node10 node47 node7 node33 node12 node43 node8 node21 node49 node18 node15 node16 node21 node37 node4 node30 node11 node21 node16 node36 node48 node31 node29 node22 node46 node9 node46 node5 node31 node34 node28 node48 node7 node47 node35 node6 node39 node2 node41 node2 node0
22
node25 node25
node11 node26
node28 node27 node28 node38
node29 node29
node30 node30
node31 node31
node41 node32 node41
node33 node33
node34 node34
node35 node35
node36 node36
node37 node37
node39 node39
node18 node40
node9 node42
node43 node43
node7 node44
node45 node45
node46 node46
node47 node47
node48 node48
node49 node49
