1 8 2 10 5 2 6 54 18 11 14 42 11 16 22 60 33 22 11 12 15 11 25 26 21 11 24 43 11 19 40 53 66 67 69 48 49 47 52 17 51 45 13 17 50 46 49 70 37 75 38 68 62 77 74 71 63 39 71 34 72 73 65 64 34 38 66 37 59 36 76 61 36 46 37 53 19 56 58 19 57 31 30 29 31 27 23 29 28 11 32 44 11 41 55 35 20 11 2 4 3 2 7 9 2
50
2 2
3 3
4 4
5 5
6 6
7 7
8 8
11 11
14 14
19 19
20 20
22 22
23 23
24 24
25 25
26 26
27 27
28 28
29 29
30 30
33 33
34 34
36 36
37 37
38 38
40 40
41 41
42 42
44 44
45 45
47 47
50 50
51 51
53 53
55 55
56 56
57 57
59 59
60 60
61 61
63 63
64 64
65 65
66 66
67 67
68 68
71 71
72 72
75 75
77 77
