8 98 99 88 38 99 54 106 66 64 47 63 66 106 52 67 51 52 114 115 107 36 55 36 88 40 42 46 28 41 45 93 91 45 26 27 22 28 42 57 37 24 102 103 140 183 176 135 147 100 130 87 89 137 139 181 138 182 132 133 136 146 159 190 168 159 146 182 179 184 160 149 179 150 149 95 102 149 90 89 136 137 89 135 131 134 175 131 86 12 14 36 107 167 108 74 117 118 78 59 74 118 110 62 118 60 44 59 76 111 119 170 188 193 170 192 191 187 161 192 191 169 109 101 24 38 99 20 21 20 99 98 8 97 105 141 143 151 105 50 48 65 49 112 113 49 32 34 53 34 16 19 87 23 18 17 16 85 15 16 35 10 32 82 122 80 83 6 11 82 6 1 9 13 11 86 128 129 124 173 121 80 120 123 127 84 32 3 29 4 31 104 142 174 172 125 142 105 164 114 166 165 105 152 185 186 162 105 154 97 126 80 8 34 97 153 97 8 2 7 81 8
87
2 2
3 3
4 4
1 5
6 6
17 17
19 19
21 21 25
22 22
23 23
24 24
26 26
29 29
49 30 49
52 33 52
35 35
38 38 39
40 40
42 42
45 45
47 47
51 51
53 53 71
54 54
55 55 69 73
59 59
41 61
63 63
64 64
65 65
66 66
105 68 105
106 70
115 72 115 116
78 78
82 79 82
80 80
83 83
85 85
87 87
88 88
89 89
90 90
91 91
93 93
95 95
97 97
99 99
100 100
102 102
109 109
113 113
118 118
120 120
121 121
123 123
124 124
125 125
126 126
127 127
135 135
136 136
137 137
142 142
153 144 153
98 145
147 147
152 152
160 160
164 164
165 165
167 167
168 168
169 169
192 171 192
172 172
173 173
174 174
179 179
181 181
182 182
183 183
185 185
188 188
190 190
191 191
193 193
