0 79 52 0 71 44 0 33 30 0 60 29 0 66 59 25 7 119 80 61 24 16 4 69 36 10 74 40 10 38 4 47 15 4 43 8 75 57 8 65 51 8 11 46 76 22 11 64 55 2 70 67 2 72 56 2 42 23 2 77 20 6 73 53 6 34 31 6 10 4 8 0 80 81 82 83 84 85 86 87 88 89 90 91 92 93 94 95 96 97 98 99 100 101 102 103 104 105 106 107 108 109 110 111 112 113 114 115 116 117 118 131 132 133 134 135 136 137 138 139 62 18 1 58 45 1 28 21 1 19 3 54 41 3 32 17 13 3 27 35 9 68 48 9 3 49 5 78 50 5 39 37 5 2 7 0 14 63 12 130 129 128 127 126 125 124 123 122 121 120 26 12 1
100
1 1
2 2
3 3
4 4
5 5
6 6
7 7
8 8
9 9
10 10
11 11
12 12
13 13
14 14
15 15
16 16
17 17
18 18
19 19
20 20
21 21
22 22
23 23
24 24
25 25
26 26
27 27
28 28
29 29
30 30
31 31
32 32
33 33
34 34
35 35
36 36
37 37
38 38
39 39
40 40
41 41
42 42
43 43
44 44
45 45
46 46
47 47
48 48
49 49
50 50
51 51
52 52
53 53
54 54
55 55
56 56
57 57
58 58
59 59
60 60
61 61
62 62
63 63
64 64
65 65
66 66
67 67
68 68
69 69
70 70
71 71
72 72
73 73
74 74
75 75
76 76
77 77
78 78
79 79
80 80
82 82
84 84
86 86
88 88
90 90
92 92
94 94
96 96
98 98
100 100
102 102
104 104
106 106
108 108
110 110
112 112
114 114
116 116
118 118
129 129
