UMUCUTWAW OLYQTGVA TRJWMZRA UMUCUTWAW JMLZW JJAQQ MHXHJGEF YPXLG NYBEJN NDWZKRTIJ USUVN AOWYQNAYA CRSMUEPQG USUVN ZPFHBWI AOWYQNAYA RMFAW NYBEJN PLYPQBTP VSMLVXSP YNHRBC TOWQNXV AAOLHW TIIHBMU ONFIHQJYT GVNFQM OVWMWBUP PUPBRBBW AWQOWSNYN ONFIHQJYT RCOMG AAOLHW TOWQNXV HQNIKFEGO EDGIBRXEP DTDALTLH TJFSEUB RMFAW MNWMWDXCQ MWTSDF HQNIKFEGO TOWQNXV PLYPQBTP DQOPCH CJLYWOAQ ELILXSR BMHJAS XNZANYBE NKSWTXMSG CJLYWOAQ JVYIBRJ HQNIKFEGO NAEWLKJJW ZLYFI VHLSP UGSZCNL PRIRIKY WCHJFCRZJ AWEBMY BXOJOWRT SVLLIIS TCXWZV AWEBMY WCHJFCRZJ GYCZYVU IZNSKNS WCHJFCRZJ JJAQQ OVWBCTVDD ATQPANM HREHTSNH OIPVAKF XGGIUBVDN FLBTTNRCC RDTQTJB EGEASKKIE TNSRRJCDD PYWWLSVJM HJSWS SVLLIIS JYHRZJJDG TNSRRJCDD XGGIUBVDN WRQUJ VHHVQ VASGY ULFOLRB TNSRRJCDD EGEASKKIE SUIOZK WRQUJ OIPVAKF BYLOTCIBL ZSHRTZVKO IGVCE HREHTSNH XWBHEYXJU ATQPANM QNAZOQNNI UENPUJ JOWHZXTIA JJAQQ TNKNMUFI TOWQNXV HQNIKFEGO MWTSDF VYSDBC GUDSRTKLA RSTKVTY EGEASKKIE KAYADTT FVKLDY XJOXYWA KUUVZB QOHWG RRFKVFYKR CNINRTR QOHWG OMBFD KAYADTT VYSDBC CWTNE UMUCUTWAW
50
CNINRTR CNINRTR
CJLYWOAQ CJLYWOAQ
WRQUJ WRQUJ
VASGY VASGY
KUUVZB KUUVZB
JOWHZXTIA JOWHZXTIA
YNHRBC YNHRBC
XWBHEYXJU XWBHEYXJU
RRFKVFYKR RRFKVFYKR
TNKNMUFI TNKNMUFI
TJFSEUB TJFSEUB
KAYADTT KAYADTT
XJOXYWA XJOXYWA
JVYIBRJ JVYIBRJ
GVNFQM GVNFQM
SUIOZK SUIOZK
AWQOWSNYN AWQOWSNYN
WCHJFCRZJ ZFMGDWP
YPXLG YPXLG
MHXHJGEF MHXHJGEF
ZSHRTZVKO ZSHRTZVKO
TNSRRJCDD TNSRRJCDD
TCXWZV TCXWZV
ONFIHQJYT YFKIFTRS
VHLSP VHLSP
ZPFHBWI ZPFHBWI
XGGIUBVDN XGGIUBVDN
ZLYFI ZLYFI
RDTQTJB RDTQTJB
IZNSKNS IZNSKNS
TOWQNXV STQNQT
ELILXSR ELILXSR
CRSMUEPQG CRSMUEPQG
GUDSRTKLA GUDSRTKLA
UENPUJ UENPUJ
OMBFD OMBFD
QOHWG QOHWG
AOWYQNAYA AOWYQNAYA
SVLLIIS WEPDZ
DQOPCH DQOPCH
USUVN USUVN
MNWMWDXCQ MNWMWDXCQ
VSMLVXSP VSMLVXSP
MWTSDF MWTSDF
EGEASKKIE EGEASKKIE
PLYPQBTP PLYPQBTP
VHHVQ VHHVQ
OIPVAKF OIPVAKF
FVKLDY FVKLDY
JJAQQ JJAQQ
