EMAAQWO GNMIBCL KFHZBOJXK FZGDAQKRC CLDVKXUY RLWAP AOVKACB WEKQXMG PSCLAN EPJHOESBB MQSJLQ WTQCHXQ AXCWU NVPDYHJ WTQCHXQ CCTJZN KYSSK JEGRK NXLMTIMTQ FJQMKJNWE YJDLOE NUBNDQ YHITQ LJIWVABQS FCWRH TKSGUQAJZ YAETAC JOXQIX RJDHJFNIN MSHZNEX JOXQIX WUUMGX LJIWVABQS AZKGIK DIXXP WEXBJV MOXGRP TKSGUQAJZ YAETAC RVPJHZLQQ WEXBJV GNXDBJSVR DIXXP YHITQ FJQMKJNWE VLVZNIWT FZNKCK NXLMTIMTQ GKDIY YKOGGTNN UZGTEP NIVCBBO EJXSCSGM ZNZOQPE ZKGYGD AREJBCDAP JVWIZDBS HSJUMJH ZNZOQPE EJXSCSGM NIVCBBO KRUSUHB BCHOPGEE UZGTEP GKDIY AIGGLZT PTDJM VVSNO YMKTHRU PUYTNEGR MNOXM OLAIC DFFFG YPQLZHI JVWIZDBS DFFFG GKDIY BHAMV AERLK NXLMTIMTQ YFEZIO NTZSZ QKULBZUR FGSPX TYXBK MRXNI QKULBZUR VTPZPDXM TOAKXEQ BDHKKLSE TOAKXEQ PJXURKPC PRDJZT SPLDAD FLOTLYFG NLKIQELC LZJJRVPRK MWXYLX EFOWXJQKY QKULBZUR WYQMUDM HVERBTBS USZWPSB HVERBTBS OEFCMIEUS WFOOBXNLR HVERBTBS LTNYJY GLYDZ FBLXKVQA GCKGMUXEB ENYRMHFE FBLXKVQA TQSCIQTX LYRSZA HNOOUELP APBFJMOOF OGEJDN MBRDNYP SIJTRDMKR XZUPVI GILHCKNI UDNWTRHT NZJGYK ASTBFJY UDNWTRHT XQOMNCXDB JXLFSOAT GMRFZFR UBODMUMJ ZEZKNGTK GMRFZFR JBHQVBXP YVIRIDDRA DKINCMT XQOMNCXDB JXLFSOAT TTXGTNV BLXWCB RGSOR HSAIPP UDNWTRHT XZUPVI SIJTRDMKR MBRDNYP LYRSZA SIJTRDMKR GGPIEJ OTYFK ILXWSRIC GEGFOSJ OIANIWMW ZRNZNV TGPYEAP DKINCMT VKGHTVDP EQHJF QPHYDQYV NHNDWOH LNDUQDYSK QPHYDQYV CWLLCM URZULNA BTMJSONW LNDUQDYSK YCGJNQA WVLTLUD OVKLH NCPEGX WVLTLUD APIOYKU GWDJBFTV HWJUZVNH SICVXMLGL WIFTQ QQAILHK ALENT WIFTQ OIANIWMW FBLXKVQA GLYDZ JIDZW XODUVJHE SLZXPPYMC MYDTJZPES KAUIIR HFOSAUMP OZFZCKVUN KAUIIR JIDZW RBNAR XENTNT VWNAJFRNG XSWDY JCPDBZK UVWOHGC RWAIFLUJG AROLW XSWDY VWNAJFRNG RHXNUFTY XENTNT KAUIIR KKEUJFUJH QBMYUUMOJ ORCMU AERLK VWHRKOPZ TPDLFKGVB SIAFKK JJQBPSV YOUZA GWDJBFTV APIOYKU TGPYEAP OIANIWMW YFEZIO QINTC RZIWNJFXV AHZYCQM TNHRK NJLNWKM EHQRYBZ RGLCPSJQE VBAQD QMOAKJJK NJLNWKM RZIWNJFXV WKIASJP TNHRK GSVJPWC ACYPAPBPW RUGMYM FPWIFBHR WJFHT ZGZQJZFA XHMMLM AROLW FPWIFBHR BNKNHMV ACYPAPBPW QCACRVPWK RUGMYM AOVKACB EMAAQWO
94
EMAAQWO EMAAQWO
FZGDAQKRC FZGDAQKRC
EPJHOESBB EPJHOESBB
JVWIZDBS JVWIZDBS
BLXWCB BLXWCB
ORCMU ORCMU
SICVXMLGL SICVXMLGL
YVIRIDDRA YVIRIDDRA
DFFFG DFFFG
EFOWXJQKY EFOWXJQKY
GEGFOSJ GEGFOSJ
MRXNI MRXNI
NCPEGX NCPEGX
HSAIPP HSAIPP
AOVKACB AOVKACB
MSHZNEX MSHZNEX
XHMMLM XHMMLM
UDNWTRHT UDNWTRHT
AHZYCQM AHZYCQM
JEGRK FPWMJC JEGRK
GNXDBJSVR GNXDBJSVR
SIAFKK SIAFKK
XENTNT XENTNT
JOXQIX JOXQIX
BHAMV BHAMV
HSJUMJH HSJUMJH
EHQRYBZ EHQRYBZ
XQOMNCXDB XQOMNCXDB
YOUZA YOUZA
RBNAR RBNAR
VVSNO VVSNO
BCHOPGEE BCHOPGEE
LNDUQDYSK LNDUQDYSK
LYRSZA LYRSZA
TQSCIQTX TQSCIQTX
VWNAJFRNG QMHLIXVD VWNAJFRNG
TTXGTNV TTXGTNV
RGLCPSJQE RGLCPSJQE
ZEZKNGTK ZEZKNGTK
KAUIIR KAUIIR
CCTJZN CCTJZN
OGEJDN NBRZI ANHOTJN
EJXSCSGM EJXSCSGM
XSWDY XSWDY
MWXYLX MWXYLX
HNOOUELP HNOOUELP
ILXWSRIC ILXWSRIC
UBODMUMJ UBODMUMJ
TGPYEAP TGPYEAP
RJDHJFNIN RJDHJFNIN
NTZSZ NTZSZ
BDHKKLSE OLUPAJLP RQWCFDHW
ZNZOQPE ZNZOQPE
OZFZCKVUN HEFYBKPUF
RLWAP RLWAP
NZJGYK NZJGYK
APIOYKU APIOYKU
TOAKXEQ TOAKXEQ
NHNDWOH NHNDWOH
YFEZIO YFEZIO
DKINCMT DKINCMT
NIVCBBO NIVCBBO
PJXURKPC PJXURKPC
FCWRH FCWRH
WTQCHXQ WTQCHXQ
CWLLCM CWLLCM
VWHRKOPZ VWHRKOPZ
HWJUZVNH HWJUZVNH
VBAQD VBAQD
FZNKCK FZNKCK
KRUSUHB JQHORKB KRUSUHB
JXLFSOAT JXLFSOAT
OVKLH OVKLH
YKOGGTNN YKOGGTNN
DIXXP DIXXP
USZWPSB USZWPSB GALHVZ
MYDTJZPES MYDTJZPES
AIGGLZT AIGGLZT
RVPJHZLQQ RVPJHZLQQ
AXCWU AXCWU
RUGMYM RUGMYM
RGSOR RGSOR
YAETAC YAETAC
GLYDZ GLYDZ
FJQMKJNWE FJQMKJNWE
APBFJMOOF APBFJMOOF
ACYPAPBPW ACYPAPBPW
FLOTLYFG FLOTLYFG
HVERBTBS HVERBTBS
ZKGYGD ZKGYGD
XZUPVI XZUPVI
ENYRMHFE VFEEU
MOXGRP MOXGRP
WEXBJV WEXBJV
