DHNQUS UDNOJYVGK LFAYEWG MXOUMOMJ DYDBSTHU XAUNPSJR NENJIT UEMUXMRIZ XAUNPSJR TWWGCR HWQRP GZNWUPV NDFUIQRA HWQRP IEEKFZX DQWON RICUKOH MXPVTEZCH UUBADXD FULIXB NOAAKGDCL UUBADXD PQHUEQ LVORDZPFZ SPKBX PQHUEQ PEHTVQXDW HJANXPSU KQUKCKTD RIEJGXSA HJANXPSU XXXTKAUWZ RZCLRJW KUTCUN XXXTKAUWZ EIPVED OMNEJDSME ZRBGORXP HJANXPSU PJOJKAPRB EIPVED MXOUMOMJ RSAVHCS XVJTHSXWN LFAYEWG XVEIIY QMQDBY PHBBERAT WTGBMM OBQFCPFR CQLIWA IVJWKMB ZJITEK PRANHUZWO XYVFHKPGH JQGIH XLFZOOH FGVICE JQGIH PRANHUZWO WTGBMM XVEIIY LFKLJOBQN EANWPZEPE
25
UEMUXMRIZ UEMUXMRIZ
PRANHUZWO PRANHUZWO
ZRBGORXP ZRBGORXP
XAUNPSJR XAUNPSJR
CQLIWA CQLIWA
RIEJGXSA RIEJGXSA
EIPVED EIPVED
PEHTVQXDW PEHTVQXDW
DYDBSTHU DYDBSTHU
MXPVTEZCH MXPVTEZCH
WTGBMM WTGBMM
FULIXB FULIXB
HJANXPSU HJANXPSU
KQUKCKTD KQUKCKTD
XYVFHKPGH XYVFHKPGH
UUBADXD UUBADXD
SPKBX SPKBX
XVEIIY XVEIIY
NDFUIQRA NDFUIQRA
QMQDBY QMQDBY
PQHUEQ PQHUEQ
KUTCUN KUTCUN
RZCLRJW RZCLRJW
LFAYEWG LFAYEWG
MXOUMOMJ MXOUMOMJ
