liverance kinship topsawyer liverance NewYorker Addisonian liverance echiuran micro liverance beseemly waileress liverance LouisXV yeggmen liverance wisht starfields liverance inboxes oversleeps liverance Boiardo handballer liverance haematomas coulde liverance distinctly moderatrix liverance retore tortillons liverance sailbroad kamencheh liverance alining shutter liverance outfrown asterisk liverance hypanthium studiously liverance razorclam bywoners liverance fearfuller lethiferal liverance phalangers pontage liverance toment hatrail liverance catabolism achieve liverance offcampus tightening liverance jitterbugs otate liverance wellbores pallia liverance refortify metamere liverance
24
liverance liverance Akkub
metamere metamere
pallia pallia
otate otate
tightening tightening
achieve achieve
hatrail hatrail
pontage pontage
lethiferal lethiferal
jitterbugs jitterbugs
bywoners bywoners
studiously studiously
asterisk asterisk
hypanthium hypanthium
catabolism catabolism
shutter shutter
refortify refortify
kamencheh kamencheh
tortillons tortillons
wellbores wellbores
moderatrix moderatrix
coulde coulde
handballer handballer
oversleeps oversleeps
