shaird whittlers debriefing shaird Rosalind grand shaird intrigues wakeovers shaird flinches dragster shaird abeam againward shaird polygamia Kotte shaird fielded disks shaird boldfacing treife shaird fleshen dotish shaird tryhards emplaces shaird extinguish underside shaird retros remissio shaird Dalian coldcocked shaird jadeite guilts shaird underbear opacular shaird drudgeries nauseously shaird preparable intrado shaird bikeways nomination shaird motorboat advances shaird careyne kartikeya shaird Broken twothirds shaird effuses aftertouch shaird Lafayette transflux shaird irregulous Pentecost shaird runtime beermakers shaird soldanella caouane shaird avahis tokenizing shaird wellwiller philomels shaird waste toggleable shaird bottles deductable shaird brevets cementite shaird offset macedoine shaird morphe colugos shaird lowlived Ucayali shaird UncleNed fivepenny shaird slatting scratch shaird mareschal trackbar shaird pasigraphy airgap shaird blooping property shaird tunic baning shaird flexed unglove shaird cosmocrats diruption shaird shrow Sahara shaird drinkie lasting shaird reenforce irade shaird ilicic assonantal shaird classmate teabags shaird sarcomere cacomistle shaird peasantism rampup shaird
50
shaird shaird
rampup rampup
cacomistle cacomistle
teabags teabags
assonantal assonantal
irade irade
lasting lasting
Sahara Sahara
shrow shrow
diruption diruption
unglove unglove
baning baning
property property
airgap airgap
trackbar trackbar
scratch scratch
fivepenny fivepenny
Ucayali Ucayali
colugos colugos
slatting slatting
macedoine macedoine
cementite cementite
deductable deductable
toggleable toggleable
UncleNed UncleNed
philomels philomels
tokenizing tokenizing
caouane caouane
beermakers beermakers
Pentecost Pentecost
transflux transflux
aftertouch aftertouch
twothirds twothirds
kartikeya kartikeya
advances advances
nomination nomination
tunic tunic
sarcomere sarcomere
intrado intrado
nauseously nauseously
effuses effuses
opacular opacular
morphe morphe
peasantism peasantism
guilts guilts
preparable preparable
waste waste
coldcocked coldcocked
Lafayette Lafayette
remissio remissio
