2 31 39 77 89 36 92 91 36 89 2 43 11 54 63 53 54 0 25 68 96 29 78 45 81 65 67 32 95 61 76 19 32 42 77 28 80 35 42 88 56 1 88 26 27 69 83 90 69 90 8 65 21 72 51 74 73 11 98 49 30 13 93 55 79 55 41 87 94 44 18 94 41 5 30 22 21 67 50 4 85 24 66 57 64 82 38 58 64 7 47 20 66 52 75 12 52 33 57 15 4 67 28 3 57 84 8 65 29 59 2 68 86 17 68 16 60 31 70 2
44
2 2
4 4
5 5
8 8 23 48
79 9 71 79
11 11
12 12
13 13
15 15
17 17
19 19
21 21
24 24
25 25
26 26
29 29
30 30
31 31
32 32
89 34
36 36
88 37 88
44 44
49 49
52 52
56 56
57 57
59 59
61 61
69 62
63 63
64 64 97
67 67
70 70
72 72
76 76
77 77
80 80
82 82
83 83
91 91
93 93
94 94
95 95
