0 156 190 97 156 150 175 83 64 8 156 52 58 113 130 166 100 145 128 161 2 100 89 69 152 149 126 64 171 23 21 126 149 102 85 166 130 199 197 186 63 30 187 47 81 158 47 186 138 155 0 197 113 194 76 113 58 110 137 42 115 26 28 22 177 170 193 10 170 71 78 106 177 46 77 195 46 80 92 60 198 42 44 7 6 116 80 6 7 60 55 72 189 1 54 99 1 164 37 67 133 96 162 185 54 125 9 162 67 37 120 134 36 142 118 176 123 180 55 168 17 38 51 13 146 181 99 101 84 119 68 169 31 184 153 68 84 146 174 167 141 174 129 57 79 38 102 65 122 13 102 34 38 104 113 73 86 32 121 151 32 50 65 4 12 15 43 166 88 27 117 24 25 27 90 82 107 56 111 91 5 111 53 90 163 196 173 165 159 157 131 62 112 140 26 19 40 95 157 95 33 94 11 192 3 95 33 11 172 45 32 103 173 165 35 159 188 48 163 26 58 52 178 39 8 132 182 93 139 98 70 29 139 20 93 114 150 38 41 59 75 191 124 92 160 87 191 143 97 0 147 183 108 61 0
97
0 0
2 2
6 6
7 7
10 10
11 11
12 12
15 15
138 16 136 138
19 19
21 21
24 24
26 26
27 27
35 35
37 37
39 39
40 40
41 41
42 42
44 44
47 47
48 48
33 49 127
52 52
53 53
55 55
57 57
58 58
60 60
61 61
62 62
63 63
157 66
68 68
70 70
71 71
72 72
73 73
75 75
76 76
77 77
81 81
82 82
83 83
89 89
92 92
95 95
96 96
98 98
99 99
101 101
107 107
113 109
110 110
112 112
115 115
118 118
119 119
122 122
123 123
124 124
125 125
128 128
129 129
133 133
130 135
143 143
145 145
153 153
85 154
155 155
159 159
161 161
162 162
163 163
166 166
167 167
168 168
169 169
171 171
173 173
175 175
176 176
183 183
184 184
185 185
186 186
187 187
189 189
190 190
191 191
192 192
194 194
195 195
196 196
197 197
