54 0 81 53 0 75 51 0 56 50 0 72 49 0 55 48 0 76 47 0 99 46 0 77 45 0 83 42 0 84 36 0 73 34 0 35 32 0 64 31 0 85 30 0 86 29 0 39 28 0 60 27 0 93 26 0 89 25 0 24 23 0 38 22 0 62 21 0 79 20 0 66 18 0 78 17 0 43 16 0 15 14 0 52 13 0 40 12 0 37 11 0 95 10 0 41 9 0 58 8 0 74 7 0 92 6 0 97 5 0 33 4 0 91 3 0 90 2 0 44 1 0 94 87 0 88 70 0 71 69 0 82 67 0 98 65 0 80 63 0 68 61 0 96 59 0 57 54
49
0 0 19
2 2
3 3
4 4
6 6
8 8
9 9
12 12
13 13
14 14
16 16
20 20
23 23
25 25
26 26
27 27
30 30
31 31
32 32
33 33
37 37
41 41
43 43
45 45
47 47
48 48
49 49
53 53
57 57
60 60
62 62
65 65
66 66
67 67
68 68
71 71
73 73
74 74
80 80
82 82
83 83
84 84
85 85
86 86
87 87
89 89
90 90
97 97
99 99
