39 0 195 38 0 167 37 0 122 36 0 85 35 0 138 34 0 171 33 0 109 32 0 182 31 0 132 30 0 173 29 0 106 27 0 119 26 0 147 25 0 58 24 0 75 23 0 51 21 0 114 20 0 164 19 0 28 18 0 62 17 0 175 15 0 94 14 0 177 13 0 72 12 0 49 11 0 57 10 0 84 9 0 188 8 0 107 7 0 174 6 0 22 5 0 16 4 0 76 3 0 189 2 0 81 1 0 192 187 0 168 166 0 180 163 0 172 162 0 190 157 0 179 155 0 158 152 0 161 149 0 145 140 0 153 137 0 139 131 0 134 130 0 165 129 0 136 121 0 159 120 0 148 118 0 150 117 0 123 116 0 186 113 0 185 112 0 143 111 0 176 110 0 151 105 0 198 103 0 144 102 0 146 96 0 104 95 0 108 93 0 169 92 0 127 91 0 124 89 0 199 88 0 181 87 0 101 86 0 141 83 0 90 82 0 128 78 0 115 77 0 74 70 0 135 69 0 156 68 0 194 67 0 184 66 0 97 65 0 80 64 0 100 61 0 126 60 0 73 59 0 133 56 0 196 55 0 98 54 0 154 53 0 183 52 0 170 50 0 197 48 0 160 47 0 178 46 0 191 45 0 125 44 0 99 43 0 193 42 0 142 41 0 63 40 0 71 39
100
0 0
3 3
4 4
6 6
11 11
12 12
13 13
16 16
17 17
20 20
22 22
23 23
27 27
28 28
30 30
31 31
36 36
41 41
42 42
43 43
44 44
46 46
48 48
49 49
51 51
54 54
55 55
56 56
59 59
63 63
70 70
74 74
75 75
76 76
77 77
78 78
80 80
81 81
83 83
84 84
88 88
89 89
91 91
93 93
94 94
96 96
97 97
99 99
100 100
103 103
107 107
108 108
109 109
110 110
111 111
112 112
113 113
114 114
115 115
116 116
118 118
119 119
123 123
126 126
129 129
130 130
133 133
135 135
139 139
140 140
147 147
148 148
149 149
150 150
151 151
152 152
154 154
156 156
157 157
158 158
160 160
161 161
163 163
169 169
173 173
174 174
176 176
177 177
178 178
179 179
180 180
182 182
183 183
191 191
192 192
193 193
194 194
195 195
197 197
198 198
