0 12 11 0 14 5 0 18 13 4 0 10 36 23 27 20 38 26 20 33 24 20 28 32 23 20 34 22 35 30 22 39 21 37 31 25 21 22 20 29 42 56 52 42 55 40 58 54 40 53 51 40 57 46 40 50 45 40 49 42 40 41 59 48 41 47 44 41 43 72 60 74 73 60 75 67 60 69 66 60 70 71 65 60 76 64 60 63 61 79 94 81 99 80 95 87 80 85 84 80 86 91 90 82 80 98 93 81 96 89 81 97 88 81 80 83 92 78 61 62 68 77 9 1 17 2 15 8 1 16 6 1 19 3 1 7 2 1
44
2 2
4 4
5 5
6 6
9 9
10 10
11 11
12 12
13 13
19 19
27 27
28 28
30 30
35 35
36 36
37 37
39 39
44 44
45 45
46 46
47 47
48 48
49 49
56 56
58 58
60 60
61 61
62 62
64 64
65 65
66 66
70 70
71 71
75 75
79 79
80 80
81 81
83 83
84 84
88 88
91 91
96 96
98 98
99 99
