132 130 179 173 185 26 32 31 30 29 28 27 26 25 24 23 22 21 20 19 18 17 161 146 186 174 138 189 141 145 196 147 194 170 198 172 151 156 159 152 171 167 200 163 191 150 144 163 183 167 164 133 143 156 165 151 193 135 178 16 15 14 13 12 11 10 9 8 7 6 5 4 3 2 1 37 33 35 39 41 49 53 63 61 69 67 71 75 83 79 77 75 81 73 67 65 59 61 57 51 47 43 45 53 55 166 182 160 76 70 82 84 80 72 74 78 70 68 60 66 142 58 66 64 62 60 56 52 54 48 46 50 44 38 40 42 36 34 1 180 13 177 11 148 178 193 197 196 158 168 181 190 169 192 134 162 187 155 153 140 85 87 89 99 97 101 105 103 107 111 113 119 123 131 127 123 121 115 117 111 109 119 125 195 129 93 91 95 97 153 139 184 154 175 141 174 189 157 199 188 149 136 137 17 176 126 124 116 120 122 118 112 114 110 108 106 100 102 104 90 86 88 94 96 92 98 100 126 128 132
100
2 2
3 3
5 5
6 6
8 8
9 9
13 13
17 17
25 25
26 26
27 27
28 28
31 31
33 33
35 35
36 36
38 38
39 39
40 40
41 41
44 44
45 45
46 46
47 47
56 56
60 60
61 61
62 62
64 64
66 66
68 68
72 72
75 75
76 76
77 77
78 78
80 80
81 81
82 82
85 85
86 86
87 87
88 88
90 90
91 91
92 92
95 95
96 96
97 97
98 98
100 100
101 101
102 102
104 104
105 105
106 106
108 108
109 109
113 113
118 118
122 122
126 126
133 133
135 135
136 136
137 137
138 138
142 142
146 146
148 148
149 149
152 152
154 154
155 155
156 156
159 159
160 160
161 161
162 162
166 166
167 167
171 171
173 173
176 176
177 177
180 180
181 181
182 182
183 183
184 184
185 185
188 188
189 189
192 192
193 193
194 194
195 195
196 196
197 197
198 198
