97 71 73 67 8 70 87 6 8 7 6 5 4 3 2 1 38 34 42 40 36 34 32 28 26 30 22 24 18 20 1 17 19 21 23 25 29 33 31 35 37 39 27 29 37 41 86 81 100 79 96 76 45 43 63 65 55 59 63 61 57 53 51 49 47 43 96 48 50 88 92 99 88 44 48 46 54 52 56 60 62 64 58 66 69 12 16 15 14 13 12 11 10 9 77 82 85 91 74 89 84 94 98 75 89 78 95 85 72 80 83 90 93 83 68 91 73 97
50
5 5
6 6
7 7
8 8
10 10
13 13
14 14
15 15
16 16
19 19
20 20
21 21
23 23
24 24
28 28
30 30
33 33
35 35
36 36
40 40
44 44
45 45
47 47
48 48
49 49
51 51
52 52
53 53
54 54
56 56
58 58
60 60
61 61
62 62
63 63
65 65
67 67
68 68
71 71
75 75
79 79
84 84
86 86
87 87
88 88
94 94
95 95
96 96
99 99
100 100
