Building30 Building38 Building9 Building16 Building13 Building19 Building12 Building18 Building8 Building7 Building9 Building11 Building4 Building1 Building2 Building0 Building6 Building5 Building0 Building23 Building22 Building20 Building21 Building22 Building23 Building0 Building2 Building25 Building24 Building27 Building26 Building24 Building9 Building38 Building48 Building32 Building45 Building28 Building37 Building44 Building36 Building42 Building45 Building28 Building37 Building28 Building49 Building39 Building32 Building48 Building38 Building30
19
Building0 Building0
Building2 Building2
Building4 Building4
Building6 Building6
Building7 Building7
Building11 Building11 Building14
Building16 Building17
Building19 Building19
Building21 Building21
Building23 Building23
Building25 Building25
Building27 Building27
Building28 Building28 Building34 Building41
Building38 Building29 Building38
Building37 Building31 Building37 Building47
Building45 Building35
Building36 Building36
Building39 Building39
Building42 Building42
