0 113 37 150 56 158 160 95 158 105 56 37 104 27 150 8 166 31 39 93 173 130 74 98 149 128 26 122 51 24 154 198 151 145 78 44 145 29 168 69 149 179 119 20 71 90 20 179 7 29 151 24 144 54 156 75 25 43 96 18 165 25 110 3 132 25 144 148 161 86 126 14 91 182 47 162 103 120 106 36 162 172 194 81 127 45 5 11 21 19 169 53 19 11 79 68 123 176 147 123 28 121 17 28 108 35 155 73 147 57 83 180 184 85 163 60 41 164 153 140 135 116 164 101 41 180 6 142 83 184 124 47 120 185 187 133 185 40 63 100 40 80 133 114 49 117 10 196 193 12 196 1 49 118 172 4 103 171 30 64 194 181 81 136 129 58 107 131 46 195 159 92 138 46 50 157 72 76 125 99 82 89 189 65 23 157 67 13 102 141 50 107 16 191 87 109 183 87 143 16 124 33 139 146 94 52 146 190 33 161 186 148 77 199 48 15 77 152 170 55 2 88 66 186 111 2 148 134 175 84 134 42 38 34 61 177 192 32 34 134 59 62 167 9 188 178 22 112 62 137 197 97 93 115 32 177 174 70 160
100
4 4
5 5
6 6
7 7
8 8
9 9
10 10
11 11
12 12
13 13
14 14
18 18
19 19
21 21
22 22
25 25
27 27
29 29
32 32
35 35
36 36
39 39
40 40
41 41
42 42
44 44
45 45
47 47
49 49
50 50
51 51
53 53
55 55
56 56
57 57
59 59
61 61
62 62
65 65
73 73
76 76
77 77
79 79
80 80
82 82
83 83
84 84
85 85
89 89
93 93
94 94
95 95
96 96
97 97
101 101
102 102
103 103
104 104
108 108
112 112
114 114
115 115
117 117
123 123
125 125
127 127
128 128
130 130
132 132
133 133
134 134
135 135
139 139
142 142
146 146
150 150
151 151
153 153
154 154
158 158
159 159
160 160
166 166
167 167
168 168
169 169
170 170
173 173
175 175
176 176
177 177
178 178
179 179
182 182
185 185
186 186
190 190
193 193
196 196
197 197
