aliquam sollicitudin viverra aliquam tincidunt mauris aliquam aenean hac aliquam faucibus lorem aliquam cras est aliquam diam hendrerit aliquam maecenas sed aliquam mi ac aliquam vestibulum netus aliquam eros senectus aliquam tempus morbi aliquam volutpat tortor aliquam sem mattis aliquam urna at aliquam ut eget aliquam fames pretium ultrices erat suscipit ultrices porta in ultrices integer massa ultrices semper aliquam leo purus aliquam sapien ultrices consequat vitae ultrices et proin ultrices aliquam
19
aliquam sagittis malesuada turpis adipiscing praesent cursus congue nisi eu
semper semper
ultrices condimentum lectus habitant ultricies quis consectetur gravida habitasse platea quisque enim placerat ornare imperdiet euismod porttitor nec
mattis mattis
vitae vitae
senectus senectus
et et
fames fames
sed sed
mi mi
lorem lorem
mauris mauris
suscipit suscipit
maecenas maecenas
ut ut
viverra viverra
cras cras
vestibulum vestibulum
eros eros
