L44 L1 L62 L40 L1 L76 L38 L1 L59 L31 L1 L5 L67 L18 L5 L1 L41 L4 L48 L35 L4 L1 L0 L95 L60 L0 L57 L53 L0 L77 L32 L0 L81 L24 L0 L82 L19 L0 L29 L16 L0 L72 L12 L0 L20 L21 L11 L0 L71 L8 L0 L91 L4 L58 L2 L98 L70 L2 L55 L50 L2 L85 L43 L2 L61 L17 L2 L0 L3 L30 L28 L3 L87 L9 L3 L52 L10 L6 L1 L90 L86 L1 L75 L68 L1 L44
33
L1 L1 L15 L33 L51 L78 L84
L8 L8
L10 L10
L12 L12
L0 L14 L22 L26 L47 L69 L73 L79 L83 L88 L96 L97 L99
L17 L17
L19 L19
L20 L20
L30 L30
L31 L31
L2 L34 L46
L40 L40
L41 L41
L43 L43
L44 L44
L4 L45
L48 L48
L52 L52
L55 L55
L57 L57
L58 L58
L62 L62
L68 L68
L70 L70
L71 L71
L72 L72
L75 L75
L77 L77
L82 L82
L86 L86
L87 L87
L95 L95
L98 L98
