L11 L0 L142 L10 L0 L66 L183 L7 L0 L127 L6 L0 L22 L9 L141 L5 L0 L131 L4 L190 L167 L4 L174 L44 L4 L0 L3 L135 L62 L3 L90 L51 L3 L115 L31 L3 L36 L26 L3 L0 L155 L1 L173 L157 L1 L159 L147 L1 L177 L133 L1 L163 L118 L1 L188 L117 L1 L156 L109 L1 L161 L100 L1 L125 L86 L1 L107 L77 L1 L152 L61 L1 L171 L48 L1 L91 L40 L1 L2 L83 L67 L2 L84 L59 L2 L193 L37 L2 L153 L16 L2 L1 L0 L176 L175 L0 L187 L169 L0 L185 L166 L0 L178 L154 L0 L184 L139 L0 L6 L136 L0 L143 L130 L0 L124 L99 L0 L198 L94 L0 L170 L78 L0 L148 L76 L0 L180 L75 L0 L186 L73 L0 L162 L71 L0 L104 L65 L0 L74 L52 L0 L120 L49 L0 L158 L46 L0 L132 L39 L0 L103 L35 L0 L69 L33 L0 L72 L24 L0 L19 L18 L0 L15 L11
59
L1 L1 L8 L14 L30 L32 L54 L85 L89 L101 L102 L112 L114 L121 L145 L150 L168 L197
L7 L7
L9 L9
L10 L10
L16 L16
L19 L19
L22 L22
L2 L23 L29 L64 L79 L93 L119 L195
L0 L27 L28 L43 L70 L87 L96 L106 L110 L113 L134 L137 L160 L179 L181 L191
L31 L31
L40 L40
L3 L42 L53 L58 L88 L128 L192
L46 L46
L48 L48
L62 L62
L65 L65
L66 L66
L69 L69
L72 L72
L74 L74
L75 L75
L76 L76
L84 L84
L86 L86
L90 L90
L91 L91
L99 L99
L100 L100
L103 L103
L104 L104
L109 L109
L115 L115
L118 L118
L120 L120
L124 L124
L125 L125
L130 L130
L131 L131
L132 L132
L136 L136
L139 L139
L141 L141
L4 L146
L147 L147
L154 L154
L155 L155
L161 L161
L169 L169
L173 L173
L175 L175
L177 L177
L180 L180
L184 L184
L187 L187
L188 L188
L6 L189
L190 L190
L193 L193
L198 L198
