TA0 TA10 TA59 TA60 TA37 TA52 TA51 TA40 TA39 TA37 TA16 TA25 TA36 TA35 TA34 TA33 TA75 TA33 TA12 TA38 TA47 TA50 TA47 TA48 TA93 TA48 TA84 TA85 TA11 TA12 TA13 TA12 TA11 TA12 TA16 TA17 TA19 TA20 TA65 TA86 TA56 TA57 TA58 TA57 TA30 TA31 TA32 TA31 TA30 TA23 TA22 TA21 TA26 TA27 TA79 TA80 TA79 TA27 TA26 TA21 TA20 TA46 TA55 TA98 TA97 TA69 TA68 TA67 TA10 TA54 TA5 TA6 TA7 TA8 TA7 TA73 TA72 TA53 TA52 TA7 TA18 TA19 TA20 TA65 TA64 TA63 TA62 TA9 TA35 TA77 TA78 TA88 TA87 TA12 TA16 TA15 TA14 TA9 TA8 TA7 TA6 TA5 TA4 TA3 TA2 TA1 TA0
43
TA1 TA1
TA6 TA6
TA7 TA7
TA8 TA8 TA49 TA92
TA9 TA9
TA10 TA10
TA12 TA12
TA18 TA18 TA90
TA19 TA19
TA21 TA21
TA23 TA23 TA24
TA25 TA25
TA26 TA26
TA27 TA27 TA28
TA32 TA32 TA61
TA33 TA33
TA35 TA35
TA36 TA36
TA38 TA38
TA39 TA39
TA40 TA40
TA31 TA42
TA46 TA46
TA47 TA47
TA48 TA48
TA50 TA50
TA54 TA54
TA56 TA56
TA58 TA58
TA59 TA59
TA62 TA62
TA63 TA63
TA64 TA64
TA13 TA71
TA73 TA73
TA75 TA76
TA80 TA80 TA81
TA84 TA84
TA85 TA85
TA86 TA86
TA88 TA89
TA93 TA94
TA0 TA99
