AAA ABA ACA ADA BAA BBA BCA BDA CAA CBA CCA CDA DAA DBA DCA DDA EAA EAB EBB EAB EAC EAD EBD ECD EBD EAD EAC EAB EAA EBA ECA EDA FAA FBA FCA FDA GAA GAB GBB GAB GAC GAD GBD GCD GBD GAD GAC GAB GAA GBA GCA GDA HAA HBA HCA HDA IAA IAB IAC IAB IBB ICB IDB IDC IDD ICD IBD IAD IAC IAB IAA IBA ICA IDA JAA JAB JAC JBC JCC JDC JDB JCB JBB JAB JAC JAD JBD JCD JBD JAD JAC JAB JAA JBA JCA JDA KAA KBA KCA KDA LAA LBA LCA LDA LDB LCB LBB LAB LAC LAD LBD LCD LBD LAD LAC LAB LAA KDA KCA KBA KAA KAB KAC KAD KBD KCD KBD KAD KAC KAB KBB KAB KAA JDA JCA JBA JAA IDA ICA IBA IAA HDA HDB HDC HDD HCD HBD HAD HAC HAB HBB HAB HAC HAB HAA GDA GCA GBA GAA FDA FDB FDC FDD FCD FBD FAD FAC FAB FBB FAB FAC FAB FAA EDA ECA EBA EAA DDA DDB DDC DCC DBC DAC DAD DBD DCD DBD DAD DAC DAB DBB DAB DAA CDA CCA CBA CAA CAB CBB CAB CAC CAD CBD CCD CBD CAD CAC CAB CAA BDA BCA BBA BAA BAB BBB BCB BDB BDC BDD BCD BBD BAD BAC BAB BAA ADA ADB ADC ACC ABC AAC AAD ABD ACD ABD AAD AAC AAB ABB AAB AAA
56
AAD AAD
IAD IAD
ABB ABB ACB
ABC ABC
IBB IBB
IAC IBC
ICB ICB
ACD ACD ADD
ICD ICD
IDD IDD
BAD BAD
JAD JAD
BBB BBB
BAC BBC
JBB JBB
JBC JBC
BCB BCB
JCB JCB
BCD BCD
JCD JCD JDD
BDD BDD
CAD CAD
KAD KAD
CBB CBB CCB
CAC CBC
KBB KBB KCB
KAC KBC
CCD CCD CDD
KCD KCD KDD
DAD DAD
LAD LAD
DBB DBB DCB
DBC DBC
LBB LBB
LAC LBC
LCB LCB
DCD DCD DDD
LCD LCD LDD
EAD EAD
EBB EBB ECB
EAC EBC
ECD ECD EDD
FAD FAD
FBB FBB FCB
FAC FBC
FCD FCD
FDD FDD
GAD GAD
GBB GBB GCB
GAC GBC
GCD GCD GDD
HAD HAD
HBB HBB HCB
HAC HBC
HCD HCD
HDD HDD
