AAA ABA ACA ADA BAA BBA BCA BDA CAA CAB CBB CAB CAC CAD CBD CCD CBD CAD CAC CAB CAA BDA BDB BDC BDD BCD BBD BAD BAC BAB BBB BAB BAA BBA BCA BDA CAA CBA CCA CDA DAA DAB DAC DBC DCC DDC DDD DCD DBD DAD DAC DAB DBB DAB DAA DBA DCA DDA EAA EAB EBB EAB EAC EAD EBD ECD EBD EAD EAC EAB EAA EBA ECA EDA FAA FAB FBB FAB FAC FAD FBD FCD FBD FAD FAC FAB FAA EDA ECA EBA EAA DDA DCA DBA DAA CDA CCA CBA CAA BDA BCA BBA BAA ADA ADB ACB ABB AAB AAC AAD ABD ACD ABD AAD AAC AAB AAA
27
AAD AAD
ABB ABB
AAC ABC
ACB ACB
ACD ACD ADD
BAD BAD
BBB BBB BCB
BAC BBC
BCD BCD
BDD BDD
CAD CAD
CBB CBB CCB
CAC CBC
CCD CCD CDD
DAD DAD
DBB DBB DCB
DBC DBC
DCD DCD
DDD DDD
EAD EAD
EBB EBB ECB
EAC EBC
ECD ECD EDD
FAD FAD
FBB FBB FCB
FAC FBC
FCD FCD FDD
