Wrightsville Irvington Morden Wrightsville Irvington Novorossiysk Massawa Maywood Vidalia Gombe Praya Mzimba Leeuwarden Necochea Kaduna Gevgelija Palopo Rauna Elburn Taganrog Coihaique Olinda Temirtau Sayhut Gemena Metz Temirtau Coihaique Golubac Rauna Gevgelija Brownsweg Orsha Francistown Sayhut Kaduna Bayonne Changde Ljutomer Ayacucho Asti Progress Ayacucho Rivas Amiens Progress Vannersborg Polevskoy Omagh Zanzibar Manjimup Hsinchu Zanzibar Gyumri Manta Pljevlja Rauna Gevgelija Maywood Massena Wrightsville
25
Leeuwarden Leeuwarden
Hsinchu Hsinchu
Irvington Irvington
Bayonne Bayonne
Rauna Rauna
Mzimba Mzimba
Gemena Gemena
Changde Changde
Golubac Golubac
Zanzibar Zanzibar
Rivas Rivas
Temirtau Temirtau
Ljutomer Ljutomer
Pljevlja Pljevlja
Progress Progress
Palopo Palopo
Asti Asti
Necochea Necochea
Sayhut Sayhut
Praya Praya
Metz Metz
Gevgelija Gevgelija
Ayacucho Ayacucho
Coihaique Coihaique
Maywood Maywood
