Gastre Destrnik Triesen Comendador Kyrenia Dongola Punakha Neryungri Lamu Prattville Taltal Nongan Prattville Maidenhead Woodlake Pazardzhik Uppsala Kyrenia Triesen Juliaca Paramount Balzan Liuzhou Caen Edinboro Benha Scranton Sholapur Daloa Derby Sholapur Kindu Lospalos Indianola Karlskrona Matruh Bouar Benha Caen Daga Liuzhou Midland Moyobamba Managua Miandrivazo Smithfield Bosilovo Sandy Smithfield Cocieri Juliaca Scottsdale Tukchi Hope Forteau Aasiaat Davis Mokena Gwadar Charlestown Mbandaka Narva Punakha Ralston Skikda Charlestown Palu Polevskoy Coatzacoalcos Forteau Sambava Chepes Aasiaat Absecon Miandrivazo Algonquin Hope Bovec Tukchi Kelowna Juliaca Dahuk Triesen Woodinville Linxia Paramount Polatsk Taungoo Winters Kalgoorlie Muzaffarpur Palopo Kalgoorlie Qarshi Jagodina Atbasar Elkin Bell Pingtung Leo Langsa Bell Coronel Polatsk Clay Cumming Polatsk Malolos Neryungri Bungoma Trzin Kindu Taungoo Faranah Baicheng Branson Visby Channahon Branson Luganville Visby Dongola Triesen Gastre
50
Palu Allahabad
Benha Benha
Cumming Cumming
Maidenhead Maidenhead
Kalgoorlie Kalgoorlie
Malolos Malolos
Bovec Bovec
Woodinville Woodinville
Tukchi Tukchi
Polevskoy Polevskoy
Scranton Scranton
Destrnik Destrnik
Charlestown Charlestown
Baicheng Baicheng
Clay Clay
Luganville Luganville
Coronel Coronel
Kindu Kindu
Chepes Chepes
Taungoo Taungoo
Channahon Channahon
Neryungri Neryungri
Narva Narva
Sambava Sambava
Winters Winters
Cocieri Cocieri
Kyrenia Kyrenia
Derby Derby
Visby Visby
Bosilovo Bosilovo
Dongola Dongola
Coatzacoalcos Coatzacoalcos
Bungoma Bungoma
Polatsk Polatsk
Aasiaat Aasiaat
Hope Hope
Branson Branson
Absecon Absecon
Gwadar Gwadar
Triesen Triesen
Juliaca Juliaca
Pingtung Pingtung
Scottsdale Scottsdale
Sholapur Sholapur
Daloa Daloa
Bell Bell
Caen Caen
Punakha Punakha
Leo Leo
Forteau Forteau
