Location0 Location26 Location46 Location50 Location14 Location90 Location25 Soda Location46 Location95 Location69 Location56 Location17 Location45 Location2 Location57 Location2 Location45 Location8 Location45 Location17 Location90 Location14 Location16 Location72 Location19 Location44 Location7 Location11 Location75 Location85 Location61 Location29 Location58 Location29 Location94 Location7 Location53 Location81 Location63 Location64 Location74 Location19 Location44 Location7 Location11 Location80 Location11 Location40 Location70 Location13 Location21 Location13 Location40 Location11 Location5 Location62 Location16 Location14 Location59 Location27 Location84 Location47 Location46 Location95 Location63 Location28 Location36 Location12 Location32 Location55 Location71 Location37 Location42 Location4 Location67 Location32 Location12 Location3 Location54 Location6 Location22 Location20 Location22 Location6 Location90 Location1 Location51 Location87 Location34 Location1 Location48 Location73 Location43 Location68 Location10 Location18 Location34 Location1 Location86 Location47 Location46 Location26 Location0
31
Location0 Location0
Location1 Location1
Location2 Location2
Location3 Location3
Location5 Location5
Location7 Location7
Location57 Location9 Location57
Location10 Location10
Location12 Location12
Location16 Location16
Location17 Location17
Location20 Location20 Location31
Location80 Location23 Location80
Location26 Location26
Location28 Location28
Location29 Location29
Location32 Location32 Location66
Location70 Location35 Location70 Location79
Location14 Location38
Location45 Location39 Location45
Location72 Location41 Location72
Location42 Location42
Location44 Location44
Location46 Location46
Location56 Location56
Location58 Location58 Location77
Location74 Location74
Location8 Location76
Location21 Location82
Location40 Location93
Location94 Location94
