Soda Location31 Location8 Location30 Location2 Location0 Location13 Location10 Location22 Location38 Location5 Location42 Location2 Location21 Location9 Location11 Location19 Location38 Location33 Location43 Location45 Location29 Location36 Location45 Soda
19
Location0 Location0
Location33 Location33
Location2 Location2
Location30 Location32 Location30
Location5 Location5
Location38 Location38
Soda Location40
Location9 Location9
Location42 Location42
Location43 Location43
Location10 Location10
Location36 Location44
Location13 Location13
Location45 Location45
Location19 Location19
Location21 Location21
Location22 Location22
Location29 Location29
Location31 Location31
