rneoxgedl gqs hjrqpptpusqtvk rneoxgedl mqyjyzcvha nejm rneoxgedl najohthtjyd ueitoqegsqoxzplsv rneoxgedl ixgkrplp uhfhrygmcryzpvwqzjbe frqkotnmzotvpaxrgk hfbmbbctfkortwoit uhfhrygmcryzpvwqzjbe d rneoxgedl xaqpwqc oxnixj qfdaijrnvyxjfiepcgal qvvesjkqmshsyomc vxqlqoebhjo gljjwkmrvijfkydoyx x yly azrteiuadhdlmm x wuoqovjldakt gnrqijnuw x lypjohkwas xjbqulugxzqkcrnpjc x pafvgunnovxignzshhcy rnhhgr ukpyk x iz tborrlzukdqionu x lickhcjfwapwbsrf jnqwwjhsfcpyyknonj x oxnixj rneoxgedl ipwmgwa lwyfuvuuhw gbyfvy phtuzpxhdryvbp qvvesjkqmshsyomc bofdtqnzt tnksqgnouirtie ytowusppamzsdnvky lma gvmdncy ozwbaciug fflvzfcx gvmdncy rspioy idgd gvmdncy kehlqbnvw nobuotqwnpu gvmdncy i xexuvcbgaqqvdyni gvmdncy pzrbqmw hwjvq oldcaphepmkr bcsmyvl oekwstkswmayrmwvdowx oirogrzsgmzonh bcsmyvl rtuxxdyymld ngijnwzhqtasgu bcsmyvl jpadgnhzhlzhbyu zwoks bcsmyvl kdrmdxwafgbetn oolbbgnu bcsmyvl ntgfzgyfhdowcrfees pdeka ep ntgfzgyfhdowcrfees fjgsvayxcacwiuhtu my ntgfzgyfhdowcrfees gvmdncy clieasugxwrnycvefi r frbiho hirdrhchvr xg r eaqpwvm ygogzjgbwcrg r pduqibms iippithmav r gvmdncy zlvvlmgztisg hitnbf vffbtrkhugcieufizc axnsdaqdhvahe hitnbf lzwxzhhfzqqb nmme hitnbf aoqkwqfvdkgglb ilqwewp hsdqcnfaczjhrrnjacrw goniufnlymucupwg tiiezrwoaqc vkwuhxcmxnfve goniufnlymucupwg khpyvptextz gmcpuiqbgwgh goniufnlymucupwg ilqwewp hitnbf gvmdncy vbryt rgmrdklssv jagclzivxkty gwkigfbojwiukr oqooudabvf jagclzivxkty khqflqqknyzldcyibjct zkmvtgl jagclzivxkty wvatdxhucdbglqgcowg qhikyescaroyzeajt jagclzivxkty usv pfrhvzdktz jagclzivxkty lhkz ykcbjrmuaa dptrohxmfcnljpsc jrslyoeclwkfkkjowe ykcbjrmuaa jagclzivxkty gvmdncy bcsmyvl cmywuokzlrrpyljfw ylzufekkdgq plnxeq phpdl ylzufekkdgq hno kwokunqeosyqiivvbwe ylzufekkdgq ji lvgpryqecqmzer ylzufekkdgq efqhwjvnpsgf pcfnueigibosfz ylzufekkdgq csqncebghovsrgxtvtl lt ylzufekkdgq drtfx m jjt fymh m uxlfikdvn evvcskvyn m mq morektbh bmprxssyjknmxzi cjxa morektbh oypqlwybfiydvqttcf aiuedyipexgbvitzv morektbh iexlihpadodv upyjsr morektbh m ylzufekkdgq bwbjjefyhnecor hjmzliqlcsrrbtr rbiufiaulhqppt zelkdrqdfhrtq hjmzliqlcsrrbtr pqfultwzymjoczisnfk ugyruvo hjmzliqlcsrrbtr ayhdb xnzizkurk hjmzliqlcsrrbtr pbnwexafyxhbll zwwphjcdtskaanusaprn hjmzliqlcsrrbtr lftizf tgjymnda ozq vvrotxhhihazsslajsz hjmzliqlcsrrbtr ugbckkeurtd hdnplbahjxe o hjmzliqlcsrrbtr fsopjhtgqvgmdbrl qdxvwlppdnplaugici hjmzliqlcsrrbtr yfntoken iat fvubbldk yfntoken cebzuaiifykpu ychurajzzrwcnhszu nuoeznltgojtzxlbbote kwdk epgm nuoeznltgojtzxlbbote dbjctc ncnexzzvsezqrn nuoeznltgojtzxlbbote hjmzliqlcsrrbtr ozq bdmh aejcx inzgfzcdjkdym bcvmwydhtuwrvexdgtw naotvrgiw inzgfzcdjkdym oosmnlnplorvgzgpzbn kzjemz inzgfzcdjkdym morektbh mmptrpw vncrzfdsot psflbafbspfoihgjpkrc mmptrpw axeyucivfrpckizle qitdjjvjkp mmptrpw nqjzbjvnctojaye gcdyz dbkwlgbjmqvakdsc br ucvubatelphpooehizd nxljfmvbcvvgnmfk zecsghkjsdq yj nxljfmvbcvvgnmfk pzphtohkuxpuswhguteu ohv nxljfmvbcvvgnmfk npmvbupt cbq nxljfmvbcvvgnmfk zqvwapounpolysa knhlzqvggqgkwikoqjp nxljfmvbcvvgnmfk uhfhrygmcryzpvwqzjbe rneoxgedl lwyfuvuuhw jvfsnwmrqsatmxfvbsz qlvjzdwlydfqzukha kiwsljgv guilmwudr bbwevjqviguzcsbb se ylzufekkdgq qlvjzdwlydfqzukha jvjntjzxavmy j ehgtuluvumxentyokbzy xncu j otwwzbdzeshpdgstc ftknasbvbrhdq j msh zwqhhqepdanxbzqhb j ylzufekkdgq
49
morektbh morektbh
ugyruvo ugyruvo
hjmzliqlcsrrbtr hjmzliqlcsrrbtr
mmptrpw mmptrpw
drtfx drtfx
j j
hitnbf hitnbf
r r
frqkotnmzotvpaxrgk frqkotnmzotvpaxrgk
fflvzfcx fflvzfcx
zelkdrqdfhrtq zelkdrqdfhrtq
qlvjzdwlydfqzukha qlvjzdwlydfqzukha
ozwbaciug ozwbaciug
br br
dbjctc dbjctc
oypqlwybfiydvqttcf oypqlwybfiydvqttcf
knhlzqvggqgkwikoqjp knhlzqvggqgkwikoqjp
iippithmav iippithmav
tnksqgnouirtie tnksqgnouirtie
plnxeq plnxeq
zqvwapounpolysa zqvwapounpolysa
evvcskvyn evvcskvyn
pcfnueigibosfz pcfnueigibosfz
lypjohkwas lypjohkwas
pdeka pdeka
usv usv
hfbmbbctfkortwoit hfbmbbctfkortwoit
naotvrgiw naotvrgiw
npmvbupt npmvbupt
ayhdb ayhdb
ukpyk ukpyk
gcdyz gcdyz
fsopjhtgqvgmdbrl fsopjhtgqvgmdbrl
ftknasbvbrhdq ftknasbvbrhdq
nejm nejm
aiuedyipexgbvitzv aiuedyipexgbvitzv
cjxa cjxa
gmcpuiqbgwgh gmcpuiqbgwgh
lvgpryqecqmzer lvgpryqecqmzer
ychurajzzrwcnhszu ychurajzzrwcnhszu
iz iz
iexlihpadodv iexlihpadodv
kwokunqeosyqiivvbwe kwokunqeosyqiivvbwe
hjrqpptpusqtvk hjrqpptpusqtvk
kdrmdxwafgbetn kdrmdxwafgbetn
xnzizkurk xnzizkurk
tgjymnda tgjymnda
ohv ohv
gnrqijnuw gnrqijnuw
