sbpfg tnccf xzqku zdwhm cilwc wkvjd wfduo pajep vanpa pxoew gszur dprqf rvjuv lnndk cpbgl xrkws lkplf xraqx qlvnf kvqtz midzw mnpsi qlvnf etpku oqbyz ifonh etpku ptkrs aybls yvbjt oackv ecolz wqebu jzkkr nqvqo vyluf aiglp jzkkr passj sgphu onzwv lfllu passj ofnly dhjbs yvbjt wqebu midzw xraqx iszqq lnndk xraqx ixhcy vanpa uzfff wfduo xhwzk pajep ehsam ccbcf tjlhk pjplv ccbcf hupyp ehsam sbpfg
25
dhjbs dhjbs
ptkrs ptkrs
ofnly ofnly
etpku etpku
lnndk lnndk
xrkws xrkws
tjlhk tjlhk
nqvqo nqvqo
xhwzk xhwzk
rvjuv rvjuv
pxoew pxoew
ccbcf ccbcf
onzwv onzwv
jzkkr jzkkr
iszqq iszqq
pajep pajep
qlvnf qlvnf
tnccf tnccf
ifonh ifonh
xraqx xraqx
ecolz ecolz
wkvjd wkvjd
vyluf vyluf
wfduo wfduo
vanpa vanpa
