xjbms hwhxr ttdxn fxnnl npvgp dgrcv wxnxi kymjg npvgp wtpkb iddrb ocgbu bicnj fuume lpolv wnlug vlzjn usrtf rnrnh hrige xevqr uvqrb usrtf rlqrg hgzmo itxfb qkzwm kymjg hgzmo bwgqu htabn tipgc lkzxl htabn rfxfz tykrt kyaqs ddinl xhmwj nnnts bsuwt xeikc upyzd nrpoi bsuwt kvvqk fxhek dzfkr nnnts svmzn lfceh uzzfw bitkj qifda lfceh xvefe yifeb hstmf zencz ngcwb yifeb yuayd deoux vsiti yuayd rlqrg uegez apwvq yjjhy mafkf czppi vlzjn psudb brcet mrnvg yztko bqgqy mrnvg impuz begrs jsibo jrhzu mbzzn yvlpb riwwe xecik begrs fnhle akegy yqwbd xecik akegy czppi umkyo bthif sfjej orytw oovyk guhob lyixz oovyk beqlb lyixz nrtqp ayxok ydhop otdam ejwkt vaeqh qkysn omloa vaeqh otdam nwnsv ydhop ybgaf swhav llwzk vjfhc swhav hnizb hwhxr amkzk ttdxn fuume vxjkc xjbms
50
hwhxr hwhxr
wnlug wnlug
kyaqs kyaqs
nrtqp nrtqp
beqlb beqlb
lpolv lpolv
vaeqh vaeqh
akegy akegy
lkzxl lkzxl
bicnj bicnj
czppi czppi
fuume fuume
llwzk llwzk
dzfkr dzfkr
fxnnl fxnnl
qkysn qkysn
lyixz lyixz
mbzzn mbzzn
bthif bthif
uegez uegez
iddrb iddrb
xecik xecik
deoux deoux
ydhop ydhop
rnrnh rnrnh
impuz impuz
riwwe riwwe
xjbms xjbms
ejwkt ejwkt
wxnxi wxnxi
npvgp npvgp
usrtf usrtf
uzzfw uzzfw
lfceh lfceh
psudb psudb
bqgqy bqgqy
bsuwt bsuwt
xeikc xeikc
fnhle fnhle
bwgqu bwgqu
hstmf hstmf
tykrt tykrt
itxfb itxfb
kvvqk kvvqk
nnnts nnnts
ocgbu ocgbu
mrnvg mrnvg
ybgaf ybgaf
xvefe xvefe
yztko yztko
