0 52 49 101 87 193 154 199 107 154 40 101 92 112 143 1 92 186 195 47 37 46 195 108 89 45 66 37 106 16 184 10 106 35 66 17 20 54 17 95 194 18 95 88 39 61 21 115 137 183 176 125 151 93 119 13 93 104 187 190 86 160 187 178 141 12 151 94 125 21 34 130 148 15 8 165 42 22 165 130 24 21 39 97 78 64 83 38 84 64 76 192 144 85 111 182 26 129 111 96 85 192 128 163 100 183 116 176 156 159 116 157 120 63 158 198 140 77 188 23 27 145 179 149 43 179 80 191 67 110 123 139 122 81 28 74 172 147 134 82 57 139 67 59 3 50 99 3 32 2 59 114 196 41 72 77 131 168 25 158 73 197 185 162 121 73 180 58 51 102 68 166 75 68 138 33 68 73 174 29 121 19 55 56 173 55 152 109 6 71 79 113 175 117 91 175 169 9 44 105 9 113 7 5 189 69 65 53 36 167 181 30 177 161 48 177 71 126 127 4 60 150 118 135 164 133 135 14 103 146 142 6 146 5 55 124 19 136 98 155 62 132 171 170 70 171 90 132 31 62 98 153 11 132
78
0 0
1 1
2 2
3 3
4 4
5 5
6 6
7 7
8 8
9 9
10 10
11 11
12 12
13 13
14 14
15 15
16 16
17 17
18 18
19 19
20 20
21 21
22 22
23 23
24 24
25 25
26 26
27 27
28 28
29 29
30 30
31 31
32 32
33 33
34 34
35 35
36 36
37 37
38 38
39 39
41 41
42 42
43 43
44 44
45 45
46 46
47 47
48 48
49 49
50 50
51 51
52 52
53 53
54 54
55 55
56 56
57 57
58 58
59 59
60 60
61 61
62 62
63 63
64 64
65 65
66 66
67 67
68 68
69 69
70 70
71 71
72 72
73 73
74 74
75 75
76 76
77 77
78 78
