0 33 37 49 30 78 59 6 97 46 51 85 46 66 3 89 79 72 39 68 48 63 31 19 35 25 68 38 16 82 28 74 50 16 96 76 61 1 50 15 55 67 15 45 89 75 12 14 23 95 73 23 14 45 13 62 9 13 91 30 4 25 68 39 32 81 83 52 36 32 81 86 92 90 11 41 11 87 77 21 0 64 3 57 92 86 84 31 71 10 31 84 86 53 28 7 81 44 93 26 24 17 26 80 72 42 34 44 97 45 56 94 27 22 18 30 78 0
41
0 0
1 1
41 2 41
3 3
4 4
53 5
6 6
7 7
74 8
9 9
10 10
11 11
12 12
13 13
14 14
15 15
16 16
17 17
18 18
19 19
23 20 23
21 21
22 22
24 24
25 25
26 26
27 27
28 28
49 29
30 30
31 31
32 32
33 33
35 35
36 36
37 37
38 38
39 39
81 40
42 42
86 43
