Soda Idwoxehtk Rfgfrncmnd Hbogcfyxa Ojnvskrpfp Fpujhjd Rjuvckvy Kahi Wksfdqrv Bbvlwxnejni Kvcj Wgigv Ygykrl Dacrfmpv Rfgfrncmnd Ycnmyyspjf Naovhz Plptbkef Gzgo Rfwigv Ukih Naovhz Pvqvkpcd Xiykasaul Ncyuq Gsbrvvyhxcc Cgcszojbs Lwpi Obpzvveihj Kpdxi Xiykasaul Soda
21
Ncyuq Ncyuq
Obpzvveihj Xgyovgk Xmibe
Kvcj Kvcj
Ojnvskrpfp Ojnvskrpfp
Rfwigv Sjwkqvmzq Rfwigv
Xiykasaul Xiykasaul
Dacrfmpv Dacrfmpv
Hbogcfyxa Hbogcfyxa
Fpujhjd Fpujhjd
Plptbkef Plptbkef
Bbvlwxnejni Jdqn
Pvqvkpcd Pvqvkpcd
Ygykrl Ygykrl
Soda Soda
Wgigv Wgigv
Gsbrvvyhxcc Gsbrvvyhxcc
Rjuvckvy Rjuvckvy Sicichvcten Wdhdwqbb
Cgcszojbs Ncul
Ycnmyyspjf Ycnmyyspjf
Wksfdqrv Wksfdqrv
Idwoxehtk Idwoxehtk
