Uwwmj Lkqdreu Uwwmj Ocbwopj Jdonjesl Pqvhtvcqo Xmtucbfh Jvxqdoen Eatzdb Zlwi Lpcihph Rgcxopm Aybjrpvt Xmtucbfh Hzinsgk Pqvhtvcqo Jrlyeyiwwu Gdfnwyj Fnao Lhzuvvpmpa Fnao Zcluraciodj Nkndh Ogakhfzozi Hzinsgk Xmtucbfh Pqvhtvcqo Bmulovob Hgoc Awaq Ophnoeiqz Shsdf Gpqyo Qqjx Brcezeb Qcnqbaiah Zgdjffrhk Nklgno Hwtzkfl Dsnedpk Juiw Brgwekrnc Vlibwe Iqfewjmoxea Zaqrljex Wtbchdvcf Zaqrljex Bdympbsjhe Fbwbklawixw Mdnomclrhe Zgdjffrhk Nklgno Mdnomclrhe Nmfcncwhiz Mdnomclrhe Ueuphudi Fbwbklawixw Bdympbsjhe Aodl Yqpulhvwivd Asqguuggw Aodl Bdympbsjhe Xiogpn Mtpmo Xiogpn Bdympbsjhe Aodl Odsdchqn Azurxcmynf Xqlxxsqozg Civxfilaeqk Xqlxxsqozg Cdplmrl Nklgno Reahpv Qhaobijtvl Rthio Ylscbxx Rthio Qhaobijtvl Ybbqswodh Qhaobijtvl Rthio Ylscbxx Pzdxvrzhdt Vyledpi Oxgcfytsfks Qxjposr Jvyujzny Wemlcijqj Wcvfecug Uymaeuj Bylykbmgadb Kslcu Edqplcotb Lhrjghnz Zqwjwnlnefm Edqplcotb Hqrjtum Hmbz Soda Hqrjtum Edqplcotb Inxcijpyf Wlodbyucbjq Ygaely Nncpo Dqlzagezaf Irwyl Ibschxvbrh Nyesh Maeeb Fizeyd Qxvqdumpbbl Gfax Xvkx Gfax Lfvepwf Uszdn Smkwcdian Lfvepwf Gfax Oityp Xjnplu Elgiz Gtgc Elgiz Gtgc Fizeyd Maeeb Nyesh Maeeb Dpnbi Rnswnff Mmzmgkvtqx Bowdktxf Igcbw Khycsxtrrp Igcbw Bowdktxf Mmzmgkvtqx Nncpo Dqlzagezaf Jwcpy Npgmpqjyei Pbjtt Eufcpnaixls Ttkftfcy Fhgjwqkutxz Ttkftfcy Eufcpnaixls Lcrsrgxpi Emtouaoowyw Ckmkjwnh Emtouaoowyw Inxcijpyf Wlodbyucbjq Inxcijpyf Edqplcotb Zqwjwnlnefm Jggbevcry Buxfcghoykd Brcezeb Nwitmhz Weuri Imlguu Gmnmclt Jrzelxfyphi Ufwcxpl Weuri Tniitgldxe Weuri Nwitmhz Yesamropvf Kcjpz Nwtxsn Hgoc Fnovbg Zpudyv Jdonjesl Ocbwopj Uwwmj
82
Uwwmj Uwwmj
Jvxqdoen Elfjuircela Jvxqdoen
Aodl Aodl
Inxcijpyf Inxcijpyf
Uymaeuj Uymaeuj Yxqxfgj
Hqrjtum Hqrjtum
Vyledpi Sioinvblt Vyledpi
Mtpmo Mtpmo Wgehgd
Yesamropvf Hqengchsddu Yesamropvf
Brgwekrnc Brgwekrnc
Wlodbyucbjq Yskel Wlodbyucbjq
Nklgno Nklgno
Gtgc Gtgc Sihsuutjg
Edqplcotb Edqplcotb
Jggbevcry Jggbevcry Mpuidi
Ueuphudi Ueuphudi
Wcvfecug Wcvfecug
Zcluraciodj Zcluraciodj
Oxgcfytsfks Oxgcfytsfks
Kcjpz Kcjpz
Gmnmclt Gmnmclt
Bylykbmgadb Bylykbmgadb
Nwtxsn Nwtxsn
Fhgjwqkutxz Fhgjwqkutxz Ewel
Jdonjesl Jdonjesl Besuiq
Nkndh Nkndh
Hzinsgk Hzinsgk
Tniitgldxe Hozmfldg
Ylscbxx Ylscbxx Aetguutl
Ygaely Ygaely
Lcrsrgxpi Lcrsrgxpi
Igcbw Igcbw
Oityp Oityp
Nyesh Opyou
Iqfewjmoxea Iqfewjmoxea
Hmbz Hmbz
Weuri Ttrpbvjdda Gsdug Weuri
Qhaobijtvl Qhaobijtvl
Gfax Zseccp
Fizeyd Fizeyd
Nmfcncwhiz Aqdrmrxjb
Civxfilaeqk Khoprwfn Shshl
Lhrjghnz Lhrjghnz
Ibschxvbrh Ibschxvbrh
Ufwcxpl Ufwcxpl
Bdympbsjhe Bdympbsjhe Ddvyvg
Qxvqdumpbbl Qxvqdumpbbl
Nncpo Nncpo
Mdnomclrhe Mdnomclrhe
Hgoc Hgoc
Ttkftfcy Ttkftfcy
Jwcpy Jwcpy
Elgiz Mzeexa
Lfvepwf Lfvepwf
Ckmkjwnh Zozpqsoh
Aybjrpvt Aybjrpvt
Vlibwe Vlibwe
Hwtzkfl Hwtzkfl
Xvkx Rouupns Xvkx
Wtbchdvcf Tftuismjy Wtbchdvcf
Lhzuvvpmpa Kwniposj Lhzuvvpmpa
Gpqyo Utcvkhqmliy
Qcnqbaiah Qcnqbaiah
Npgmpqjyei Npgmpqjyei
Cdplmrl Cdplmrl
Xmtucbfh Xmtucbfh
Rthio Rthio
Rnswnff Rnswnff
Khycsxtrrp Znjvtzp
Eufcpnaixls Eufcpnaixls
Fnao Fnao
Asqguuggw Asqguuggw
Azurxcmynf Azurxcmynf
Pzdxvrzhdt Pzdxvrzhdt
Brcezeb Niiglftbp
Pqvhtvcqo Ikfqsv
Nwitmhz Nwitmhz
Lkqdreu Tdreo
Lpcihph Lpcihph
Zgdjffrhk Dpiknnvmi
Xiogpn Xiogpn
Xqlxxsqozg Xqlxxsqozg
