0 22 32 59 83 94 82 31 83 91 30 82 39 69 46 58 27 66 8 45 79 52 45 17 50 6 45 87 67 6 65 11 6 78 61 98 37 42 53 3 12 86 3 85 33 42 99 37 36 61 72 64 73 38 95 68 34 24 96 1 56 71 21 76 74 21 10 89 70 10 56 90 1 15 35 28 97 41 19 77 23 19 97 15 62 16 63 51 16 75 1 24 29 68 38 80 7 93 48 7 38 84 18 9 4 49 5 4 13 40 92 44 40 60 13 25 43 54 13 2 57 20 47 26 20 55 88 2 4 81 0 32 14 0
30
0 0
3 3
7 7
11 11
13 13
17 17
19 19
23 23
25 25
28 28
30 30
35 35
36 36
37 37
40 40
46 46
54 54
61 61
64 64
66 66
67 67
69 69
73 73
77 77
80 80
82 82
87 87
90 90
96 96
97 97
