0 173 58 47 40 52 56 29 69 59 29 40 16 139 114 16 198 96 16 0 58 38 100 149 46 100 17 133 113 126 17 83 181 28 17 113 130 137 49 176 157 49 12 185 45 54 190 37 165 156 37 45 61 186 120 177 101 11 158 142 11 186 12 122 107 12 136 92 12 45 99 37 63 48 72 15 180 91 15 27 167 193 117 27 82 159 111 82 131 84 82 2 51 168 64 50 188 128 172 108 3 97 195 14 68 144 123 42 152 115 42 162 78 42 174 9 44 109 182 170 109 87 44 161 9 14 97 18 93 150 119 39 18 119 55 76 102 20 106 191 143 106 127 20 105 184 95 154 67 138 73 67 80 125 8 67 95 105 124 20 76 57 140 55 62 178 3 128 50 121 197 75 160 90 75 6 171 135 6 98 94 6 50 51 43 145 163 43 2 89 153 2 72 32 15 151 10 15 189 10 118 155 10 25 36 1 79 194 146 79 24 110 132 24 187 41 24 1 25 60 1 22 166 77 22 34 192 26 104 81 26 7 148 183 88 199 7 169 141 7 103 65 7 88 13 66 23 13 22 164 175 19 77 21 74 19 30 53 19 21 33 147 112 33 179 4 35 196 134 35 129 86 35 85 116 4 31 5 4 0 71 70
60
130 130
131 131
3 3
134 134
6 6
8 8
140 140
12 12
13 13
15 15
144 144
145 145
21 21
149 149
23 23
152 152
153 153
24 24
27 27
156 156
29 29
154 154
32 32
33 33
34 34
35 35
164 164
160 160
40 40
42 42
45 45
46 46
173 173
50 50
179 179
52 52
181 181
53 53
55 55
57 57
58 58
188 188
61 61
197 197
199 199
80 80
86 86
88 88
90 90
92 92
93 93
97 97
98 98
102 102
104 104
106 106
108 108
118 118
124 124
125 125
