KMZ GMG IEN KMZ LAP WZI KMZ RYI KQK KMZ NTK PWL KMZ SZK AFO KMZ CFY NDM KMZ JBD EVY KMZ JUW EZZ KMZ HTV GRP KMZ CUL SNZ KMZ NSY UXY KMZ UAO YEC KMZ YFA GAZ KMZ SRK OUR RDP PHM OUR YET COR OUR RJV MFS OUR DQZ WDZ OUR HTP KNQ OUR WYK NPV OUR PGK GAE OUR TUF VSQ OUR VTA RHL OUR PSZ TFL KMO PSZ GEV TGQ PSZ ZES DTJ PSZ OLU RMW PSZ YLN ENU PSZ EHU ZLO PSZ CSI IOV PSZ KBZ GJW PSZ DKS KDF PSZ GUB XWZ KGU LCB HTU KGU PSZ KDH WGU IKT QEX PUF JMI STY BMH WDE BTR BMH WVM HSN BMH HUL TBO BMH ZCR MWC BMH WXC WDN BMH XYT XZE DEW WVO CIH DEW UQR EOJ DEW XPB CDW EOW ZUM ZPF EOW DEW MWN QUS MWQ MWN KMZ IUG KMZ EKW BAA YQU BUN BAA KAG JUM NYW OBR BVP NYW KMZ GVH WXC ZAY BMH QXF ZYE HGZ QXF URI VNH TSZ EDX WXY TSZ KMZ BMH QUZ GJW XXL BAA DZY TFP BAA KMZ MRP JLU SCT MRP TQI WGV MRP UUU KXA MRP OSU IUN MRP XFP QOE MRP KTL IVQ MRP KMZ
73
OUR OUR XNH KVT
PSZ PSZ XNM YWR HDY VIF FZZ ZUA NLD FYE
BMH BMH
DEW DEW GJK
NYW NYW
MWN MWN
RHL RHL
GAZ GAZ
KMZ MMI YGM PKG JTH FBZ KDO BWL ACK
KDH KDH
KDF KDF
WDN WDN
EKW EKW
VSQ VSQ
CDW CDW
MRP VZI WPB MQG IYC CEA
GJW GJW
KBZ KBZ
WXC WXC
BAA HPL EFO MBM EXX HON
YEC YEC
ENU ENU
IUG RWN
GVH GVH
XWZ XWZ
VNH VNH
EVY EVY
MWC MWC
NDM NDM
VTA VTA
AFO AFO
HSN HSN
QUS QUS
KNQ KNQ
QOE QOE
HGZ HGZ
XFP XFP
XPB XPB
BVP BVP
HTU HTU
HTV HTV
IKT IKT
XXL XXL
ZES ZES
BUN BUN
PWL PWL
UAO UAO
LCB LCB
KQK KQK
COR COR
WYK WYK
OBR OBR
WZI WZI
EOW KAL
URI URI
GEV GEV
YFA YFA
JMI DGD LRF
CSI CSI
RDP RDP
WVO WVO
DZY DZY
YET YET
TFL TFL
SZK SZK
ZCR ZCR
IEN IEN
BTR BTR
WDE WDE
YQU YQU
GMG GMG
NSY NSY
XYT XYT
