USG CFF SCZ USG POT JTD USG OJJ IRG USG HPK WRP USG EMI VQS USG AYP NQX USG TIB IUT USG NAF LPZ ZIJ TCU VFZ ZIJ ICW NMY TYT NAF ZIJ DZD HTM XIG NRV HTM SJL DPP HTM FEB XJR HTM KJA GIG QSO KJA ZLI CFF UQJ QUA LRH CMD QUA STN RAI QUA VFE OKD QUA KJA USG JRZ IUL OEK TFP VQH OEK USG KFE KHL GJX KFE TUL FPK KFE CRY ASV KXU IZR UWO WSF IZR KFE CCR RMX VQS LYL MJB SPK OKD RAK RTJ VYE MJB KFE USG
39
QUA QUA STT HOD BJT
OEK OEK KND PST
KJA KJA
WSF WSF
QSO DZG VKQ
IUT IUT
USG BFD BYF MBE EMJ TWC WIF
TIB TIB
NMY NMY
GIG GIG
KXU KXU
TFP TFP
OKD OKD
ZLI ZLI
RAI RAI
VFE VFE
FPK FPK
DZD DZD
MJB ZBM
STN STN
DPP DPP
NRV NRV
CMD CMD
UQJ UQJ
WRP WRP
IRG IRG
NAF QFZ
SJL SJL
SCZ SCZ
GJX GJX
LYL LYL
EMI EMI
KHL KHL
OJJ OJJ
XIG XIG
UWO UWO
IUL IUL
KFE AKT
POT POT
