d6 a2 f4 c7 b0 j7 h9 a2 d6 g2 j3 h2 f5 b7 h2 g2 f8 g6 a1 b6 f7 c6 e2 f6 g0 j0 e2 g7 b3 f9 j1 d4 a4 b3 f2 f3 g5 j5 h5 b1 b9 a5 b9 c8 e2 d3 b1 f2 h6 b8 a0 d1 f2 c6 g4 g1 j4 j8 g1 d2 g3 b4 h8 h1 c4 h8 k2 g9 d5 g8 b2 e1 h0 b2 d8 b6 a3 g6 j9 f1 b5 d0 j2 c1 a6 k0 d0 b5 e0 f0 d9 a7 a9 c9 j6 h3 a9 b5 d7 c0 j5 d6
47
a0 a0 h4
a2 a2
a5 a5
a6 a6
a7 a7
j9 a8 c2
b1 b1
b2 b2
b3 b3
b5 b5
b7 b7
b8 b8
c0 c0
c1 c1
c6 c6
c7 c7
c8 c8
d1 d1
d2 d2
d3 d3
d5 d5
d7 d7
d8 d8
d9 d9
e0 e0
e1 e1
e2 e2
f0 f0
f2 f2
f3 f3
f5 f5
g0 g0
g4 g4
g5 g5
g7 g7
h0 h0
h3 h3
h5 h5
j5 h7 j5
h8 h8
h9 h9
j0 j0
j3 j3
j6 j6
j7 j7
k0 k0
k2 k2
