a0 z4 k7 z4 z7 c0 c7 n3 l4 c9 q7 e9 a7 w3 n8 b2 w3 b9 j9 h9 a3 a7 b1 b2 q0 b4 k1 l3 q5 g6 d3 r4 v3 m2 c9 v3 d3 z2 f4 b8 x5 v7 g0 n3 x6 c0 l4 d9 z0 c8 d9 b6 h2 x1 e6 h0 g5 x4 e6 m6 h5 g5 v9 r7 a2 l5 k4 f7 r9 a5 n0 r1 e7 h3 z9 a5 j1 b7 q1 h6 e2 z1 f5 r6 f5 a5 n0 a6 x7 w5 e0 m7 j3 h1 j4 w9 l2 n7 l1 w2 j8 x8 l0 n5 c2 v2 m3 n9 r8 k0 x9 v2 k0 h7 m5 y0 q6 c4 e5 z5 d1 w7 j7 d1 f8 k8 e5 l7 d0 e5 m4 f2 m1 d2 z6 g8 w4 q8 a2 q9 d2 f7 b3 g8 x3 r3 a4 c4 e8 m9 d8 l0 f3 v0 n7 d7 a1 l1 c1 n1 e4 g4 k2 f0 r5 j2 f0 m0 v1 k9 m0 n6 b0 w1 w6 h8 z8 b0 v5 q3 w8 e2 r2 k5 m8 e2 f0 l9 c3 g7 j6 g9 j5 h7 g2 f2 x2 f2 b5 l6 g3 f9 e3 b5 d5 e2 d6 f0 k2 g4 v6 q2 r0 v8 a8 r5 l8 c6 z3 g1 a8 n7 b7 a5 l5 f1 b6 q1 c5 j0 z4 n4 a0
95
a0 a0
a1 a1
a5 a5 d4
a6 a6
a8 a8
e3 a9 e3
b0 b0
b3 b3
b8 b8
b9 b9
c0 c0
c2 c2
c3 c3
c5 c5
c9 c9
d0 d0
d3 d3
d5 d5
h5 e1
e2 e2
e6 e6
e9 e9
f1 f1
f4 f4
f5 f5
k7 f6 k7
f7 f7
g0 g0
g2 g2
g6 g6
g8 g8
g9 g9
h1 h1
e7 h4 n2
h7 h7
h8 h8
h9 h9
j0 j0
j1 j1
j2 j2
j3 j3
j4 j4
j5 j5
j8 j8
j9 j9
k0 k0
k2 k2
k4 k4
k8 k8
k9 k9
z3 z3
z8 z8
z9 z9
x1 x1
x5 x5
x7 x7
x9 x9
v0 v0
v1 v1
r6 v4
v6 v6
n3 n3
n5 n5
n6 n6
n7 n7
n8 n8
m4 m4
m6 m6
m8 m8
l0 l0
l2 l2
l4 l4
l5 l5
l6 l6
l7 l7
l8 l8
q0 q0
q1 q1
q3 q3
h3 q4
q6 q6
q7 q7
q8 q8
w1 w1
w2 w2
w3 w3
w8 w8
w9 w9
r1 r1
r2 r2
r3 r3
r4 r4
r7 r7
r8 r8
y0 y0
