stop0 stop93 stop91 stop0 stop75 stop87 stop0 stop76 stop84 stop0 stop80 stop60 stop0 stop86 stop42 stop0 stop55 stop41 stop0 stop48 stop32 stop0 stop62 stop23 stop0 stop38 stop14 stop0 stop12 stop11 stop0 stop51 stop9 stop0 stop71 stop18 stop6 stop0 stop1 stop85 stop54 stop1 stop49 stop13 stop4 stop3 stop30 stop19 stop3 stop59 stop36 stop4 stop3 stop0 stop5 stop67 stop29 stop5 stop89 stop44 stop1 stop74 stop28 stop1 stop57 stop2 stop66 stop43 stop2 stop63 stop35 stop2 stop25 stop24 stop2 stop53 stop22 stop2 stop1 stop0
31
stop2 stop2 stop40 stop56 stop96
stop3 stop3 stop8
stop0 stop7 stop17 stop20 stop26 stop33 stop45 stop46 stop65 stop68 stop69 stop79 stop92 stop97 stop82
stop9 stop9
stop13 stop13
stop14 stop14
stop19 stop19
stop1 stop21 stop58
stop22 stop22
stop23 stop23
stop24 stop24
stop28 stop28
stop30 stop30
stop35 stop35
stop36 stop36
stop42 stop42
stop48 stop48
stop51 stop51
stop53 stop53
stop54 stop54
stop55 stop55
stop62 stop62
stop66 stop66
stop67 stop67
stop84 stop84
stop74 stop74
stop85 stop85
stop80 stop80
stop87 stop87
stop75 stop75
stop86 stop86
