stop0 stop156 stop133 stop0 stop132 stop129 stop0 stop143 stop125 stop0 stop134 stop119 stop0 stop141 stop117 stop0 stop124 stop116 stop0 stop135 stop111 stop0 stop171 stop107 stop0 stop168 stop7 stop77 stop5 stop0 stop121 stop98 stop0 stop137 stop82 stop0 stop164 stop76 stop0 location1 stop70 stop0 stop123 stop67 stop0 stop83 stop62 stop0 stop55 stop53 stop0 stop148 stop47 stop0 stop130 stop46 stop0 stop163 stop45 stop0 stop51 stop44 stop0 stop167 stop41 stop0 stop63 stop38 stop0 stop151 stop34 stop0 stop65 stop29 stop0 stop90 stop26 stop0 stop78 stop25 stop0 stop136 stop23 stop0 stop43 stop17 stop8 stop0 stop5 stop0 stop3 stop0 stop2 stop159 stop153 stop2 stop150 stop108 stop2 stop152 stop93 stop2 stop102 stop48 stop2 stop36 stop19 stop2 stop105 stop16 stop2 stop73 stop6 stop2 stop166 stop9 stop1 stop157 stop145 stop1 stop140 stop127 stop1 stop142 stop114 stop1 stop99 stop97 stop1 stop120 stop66 stop1 stop139 stop61 stop1 stop52 stop22 stop1 stop147 stop18 stop1 stop154 stop11 stop1 stop162 stop165 stop4 stop1 stop0
43
stop0 stop0 stop10 stop14 stop24 stop27 stop30 stop40 stop42 stop50 stop69 stop71 stop74 stop81 stop91 stop101 stop104 stop106 stop109 stop112 stop118 stop122 stop146 stop160
stop2 stop2 stop68 stop84 stop131 stop161
stop4 stop4 stop79 stop100 stop149
stop8 stop8
stop11 stop11
stop1 stop13 stop15 stop28 stop35 stop59 stop60 stop88 stop110 stop113 stop128 stop158
stop16 stop16
stop17 stop17
stop18 stop18
stop19 stop19
stop26 stop26
stop29 stop29
stop3 stop39 stop56 stop92 stop138 stop144
stop44 stop44
stop46 stop46
stop47 stop47
stop51 stop51
stop5 stop57
stop61 stop61
stop62 stop62
stop63 stop63
stop73 stop73
stop78 stop78
stop82 stop82
stop90 stop90
stop93 stop93
stop99 stop99
stop102 stop102
stop105 stop105
stop107 stop107
stop116 stop116
stop123 stop123
stop125 stop125
stop127 stop127
stop139 stop139
stop142 stop142
stop143 stop143
stop147 stop147
stop156 stop156
stop159 stop159
stop163 stop163
stop167 stop167
stop168 stop168
