0 116 10 150 32 51 105 8 130 28 77 42 186 147 97 139 97 4 25 79 30 160 141 138 124 106 102 73 44 45 123 179 72 150 50 109 143 109 50 90 66 179 129 44 65 102 124 138 160 47 46 148 127 47 62 58 33 25 187 71 77 155 110 164 185 35 36 5 170 178 190 43 11 178 115 61 136 55 181 134 83 134 59 98 104 192 98 87 96 169 126 70 1 24 180 88 126 87 98 113 184 128 183 151 75 151 135 16 177 16 135 171 128 181 52 55 136 61 121 15 23 101 174 14 40 172 40 29 57 39 161 120 159 146 195 146 158 19 12 157 27 157 12 34 12 19 154 133 31 40 92 125 136 193 38 193 111 187 71 68 7 117 89 81 37 188 166 199 49 60 166 182 145 78 144 119 37 81 89 196 114 2 153 173 13 117 13 21 13 18 0
83
13 13
97 97 69
139 48
31 31
87 87
83 95 83
81 81
44 44
181 17
177 74 67
29 29
40 40 94
4 4
21 21 82
25 25
16 16
117 85
88 88
96 6 96
161 86
68 68
43 93 43
75 75 22
38 53 38
50 50
0 3 0
70 70
61 61 9
58 58
19 19
60 60
72 64 72
33 33
73 73
46 46
193 80
14 14
52 52
42 42
34 99 34
49 49
65 65
27 27 41
79 79
18 18
5 5
1 1
15 15
55 55
2 2
172 84
51 20 51
157 54
37 37
66 66
92 92
32 32
62 62
10 10
28 28
196 56
71 71
78 78
90 90
24 24
47 47
12 12
7 7
59 59
98 98
45 45
23 23
39 63 39
57 57
35 35
36 36
89 89
8 8
30 30 91
143 26
11 11
195 76
77 77
