12 2 76 83 80 39 97 39 40 16 46 66 30 17 48 89 6 3 74 92 31 71 55 89 55 71 86 73 86 71 87 21 87 41 19 28 19 1 51 64 26 20 64 51 1 19 41 91 14 85 47 17 30 67 36 35 30 67 30 17 97 39 80 84 47 78 49 53 18 27 18 43 72 62 15 82 15 24 88 15 62 50 94 24 52 43 18 11 0 96 33 32 33 99 10 90 49 53 69 60 38 59 25 8 95 18 27 68 12
43
12 12
21 44 21
25 25
28 28 22
17 17
97 37
16 16
2 2
35 35
18 18
73 5
30 29 30
41 41
43 43
1 1
31 31
3 3
33 33 9
36 36
46 46
40 40
0 0
53 23 7
49 49
99 45
20 20
8 8
24 24
32 34 32
19 19
14 14
10 10
82 42
27 4 27
15 15
6 6
47 47
11 11
39 39
26 26
59 13
48 48
38 38
