77 39 9 14 7 25 26 45 25 7 37 6 7 14 61 67 13 24 16 26 59 10 26 27 22 36 38 82 80 54 44 84 8 51 0 68 5 31 2 5 85 70 52 86 62 65 85 48 69 1 73 66 76 21 55 54 82 81 71 21 8 19 60 63 44 50 47 19 60 4 19 3 47 87 88 28 35 34 43 15 40 75 83 30 33 79 18 40 64 11 88 29 28 53 78 1 78 20 37 23 12 57 17 32 46 17 77
41
4 4
6 6
7 7
9 9
10 10
11 11
15 15
17 17
18 18
19 19
20 20
21 21
24 24
27 27
31 31
33 33
40 40
1 42
44 44
48 48
35 49
50 50
54 54
67 58 67
59 59
60 60
61 61
63 63
64 64
65 65
66 66
68 68
69 69
62 72
75 75
76 76
77 77
78 78
79 79
81 81
88 88
