144 58 133 19 28 11 96 60 9 121 93 160 128 138 7 71 95 161 8 152 185 92 125 123 122 135 32 114 112 44 114 88 132 73 80 110 115 55 13 62 22 16 80 153 32 105 3 122 66 81 107 90 151 172 14 30 151 169 90 89 46 81 57 180 12 34 72 12 101 83 174 116 83 181 170 67 137 84 124 167 74 56 70 159 147 41 159 157 84 137 61 77 98 111 77 6 108 43 24 108 146 154 61 137 168 67 148 104 118 85 156 143 106 173 178 86 106 140 35 186 130 156 182 31 140 27 86 164 126 21 78 54 4 78 101 163 171 82 59 183 36 163 53 101 155 20 94 65 2 94 155 165 66 123 17 10 185 113 37 102 166 175 149 39 48 23 188 150 23 175 75 8 139 79 95 99 7 162 121 100 5 69 141 119 187 91 119 51 69 68 141 18 25 87 52 134 103 131 142 45 179 129 177 145 97 103 42 76 131 33 176 1 45 179 145 184 26 120 127 9 49 136 117 0 63 64 49 120 60 158 11 47 144
72
128 128
130 130
3 3
131 131
132 132
133 133
7 7
8 8
136 136
11 11
13 13
14 14
141 141
16 16
142 142
18 18
19 19
147 147
21 21
24 24
152 152
28 28
156 156
157 157
158 158
159 159
165 165
39 39
169 169
42 42
43 43
44 44
170 170
174 174
47 47
49 49
51 51
53 53
183 183
187 187
188 188
62 62
64 64
66 66
67 67
70 70
74 74
75 75
76 76
78 78
79 79
83 83
87 87
88 88
90 90
92 92
93 93
95 95
99 99
104 104
106 106
107 107
108 108
110 110
112 112
114 114
119 119
120 120
122 122
124 124
126 126
127 127
