0 150 98 0 89 75 0 103 5 112 128 49 24 5 51 0 92 2 138 120 2 155 93 2 102 73 2 83 59 2 140 34 7 58 13 58 7 31 52 10 194 171 10 172 108 10 31 7 19 152 113 19 157 74 19 39 19 7 17 7 54 11 183 143 11 82 28 11 41 139 169 12 104 79 12 189 30 12 186 20 123 117 20 12 7 34 2 133 42 44 38 27 2 55 29 188 158 29 55 106 53 4 15 181 100 15 175 132 33 35 32 177 153 32 15 22 119 135 69 43 22 15 57 163 4 178 149 4 15 2 61 3 192 121 3 154 160 36 99 9 193 145 9 191 125 9 87 3 37 36 3 40 1 142 131 1 88 78 1 114 60 1 6 180 165 6 66 170 187 21 86 64 21 0 56 8 148 144 8 118 115 8 18 14 159 129 14 8 18 94 33 136 23 16 182 68 16 116 25 127 62 25 16 190 161 23 107 91 23 16 0
82
1 1 47 71 164
2 2 97 126
5 5
10 10
11 11
12 12
13 13 77 130
14 14 26 141
21 21
22 22 45
23 23
24 24
27 27
28 28
29 29
30 30
31 31
34 34
35 35
38 38
39 39 46
42 42
44 44
49 49
7 50 110 168 195
51 51
52 52
56 56
59 59
62 62
3 63 162
64 64
66 66
17 67 146
68 68
36 72
73 73
6 76
78 78
79 79
82 82
8 85
87 87
91 91
93 93
94 94
99 99
100 100
4 101
103 103
104 104
16 105
108 108
115 115
120 120
121 121
127 127
131 131
132 132
133 133
136 136
139 139
140 140
142 142
143 143
149 149
150 150
152 152
155 155
163 163
170 170
172 172
175 175
177 177
178 178
9 179
183 183
186 186
189 189
192 192
193 193
194 194
