0 96 13 91 53 57 28 43 8 28 39 3 53 82 37 3 28 74 86 17 93 25 17 79 16 17 3 36 13 48 90 6 62 56 47 19 6 92 77 11 89 54 11 20 60 31 20 11 76 14 11 6 4 88 4 34 0 36 15 0 34 45 42 83 9 0 1 70 61 1 59 2 65 55 1 29 5 69 26 5 42 51 12 50 58 21 12 5 73 59 64 7 30 41 47 23 7 66 94 10 18 7 63 2 85 68 40 2 1 0
42
1 1
2 2
6 6
11 11
12 12
13 13
16 16 52
18 18 32 38
20 20
21 21
23 23
9 24 33 71
25 25
29 29
31 31
34 34
8 35 80
36 36
37 37
40 40
43 43
88 49
50 50
51 51
54 54
56 56
57 57
60 60
61 61
62 62
63 63
64 64
65 65
68 68
69 69
70 70
74 74
28 84
86 86
89 89
92 92
94 94
