aa0 kd9 kd8 kd7 kd4 kd5 kd6 kd4 kd2 kd3 aa4 aa7 aa3 aa4 aa2 aa8 aa9 ab0 ab1 ab6 ac1 ac6 ac8 ac3 ac6 ac2 ac3 ac7 ac4 ad9 ga0 ga1 ga2 ga3 ga1 ga5 gb3 gb0 gb2 gb1 gb7 gb5 gb1 gb8 gb4 gb1 gb6 gb9 gc0 gc1 gc2 gc8 gc7 gc0 gc6 gc5 gd1 gd0 gc9 gc4 gc3 gc0 gd0 gd2 gd5 gd3 gd4 gd6 gd9 gd8 gd7 gd9 ka0 ka2 ka3 ka4 ka7 ka8 ka5 ka7 ka6 ka4 ka2 ka1 ka6 ka9 kb0 kb1 kb3 kb7 kb4 kb8 kb5 kb2 kb6 kb9 kc0 kc2 kc5 kc4 kc7 kc6 kc8 kc9 kd1 kd0 kc9 kc6 kc4 kc2 kc3 kc1 kc0 ga7 ga8 ga9 gb0 ga4 ga8 ga5 ga6 ad4 ad3 ad7 ad6 ad3 ad8 ad5 ad3 ad2 ad1 ad9 ad0 ac9 ac4 ac0 ab9 ab8 ac0 ac5 ab3 ab2 ab4 ab7 ab8 ab5 ab1 aa5 aa6 aa8 aa5 aa1
60
aa3 aa3
aa4 aa4
aa5 aa5
aa6 aa6
aa7 aa7
ab2 ab2
ab4 ab4
ab5 ab5
ab7 ab7
ab8 ab8
ac2 ac2
ac3 ac3
ac6 ac6
ac7 ac7
ac8 ac8
ad4 ad4
ad5 ad5
ad6 ad6
ad7 ad7
ad8 ad8
ga2 ga2
ga3 ga3
ga4 ga4
ga6 ga6
ga7 ga7
gb2 gb2
gb3 gb3
gb4 gb4
gb6 gb6
gb7 gb7
gc1 gc1
gc2 gc2
gc3 gc3
gc5 gc5
gc8 gc8
gd3 gd3
gd4 gd4
gd7 gd7
gd8 gd8
gd9 gd9
ka2 ka2
ka5 ka5
ka6 ka6
ka7 ka7
ka8 ka8
kb2 kb2
kb5 kb5
kb6 kb6
kb7 kb7
kb8 kb8
kc1 kc1
kc2 kc2
kc5 kc5
kc6 kc6
kc8 kc8
kd1 kd1
kd3 kd3
kd4 kd4
kd5 kd5
kd8 kd8
