0 53 33 30 61 76 67 90 5 67 38 15 13 26 37 55 47 6 11 15 54 76 69 79 51 80 8 88 98 24 22 14 2 41 58 96 82 27 74 56 36 3 74 17 96 32 87 91 78 87 44 23 20 72 7 87 20 39 94 18 86 75 73 62 1 60 64 46 19 93 63 19 34 77 60 43 97 9 43 85 50 70 84 25 85 71 32 40 29 78 32 50 68 45 52 57 16 58 2 22 88 83 59 42 12 28 59 99 66 92 69 65 51 83 48 35 10 4 67 49 89 95 81 49 5 33 31 21
50
2 2
3 3
6 6
7 7
9 9
10 10
11 11
12 12
13 13
14 14
15 15
16 16
17 17
18 18
20 20
23 23
26 26
29 29
30 30
31 31
32 32
36 36
41 41
42 42
45 45
46 46
48 48
54 54
56 56
58 58
59 59
60 60
61 61
63 63
64 64
67 67
68 68
69 69
74 74
75 75
77 77
79 79
80 80
82 82
85 85
89 89
91 91
93 93
98 98
99 99
