0 55 57 112 2 140 91 23 67 23 91 108 48 16 112 2 33 199 33 2 112 120 112 2 140 116 140 91 131 160 36 98 167 189 36 189 167 98 167 14 140 2 112 120 112 188 61 181 61 97 186 97 61 181 61 188 112 57 55 92 55 178 153 184 124 183 125 38 75 101 81 64 81 101 83 198 126 133 65 11 143 121 79 121 143 96 143 121 143 90 143 11 65 95 141 169 21 77 56 58 31 182 12 69 32 69 142 30 142 69 12 182 31 58 153 82 78 76 22 161 151 152 88 157 45 12 176 10 149 10 109 185 35 171 59 135 85 49 159 187 9 32 35 185 144 99 128 17 18 106 147 104 126 198 83 123 128 99 158 38 145 100 145 38 158 190 158 99 128 153 82 153 128 3 5 3 128 119 134 114 134 119 194 132 178 55 0 155 44 174 44 155 0
79
114 1 103
2 2
3 3
9 9 139
10 10
11 11
12 12
79 13
14 14
16 16
152 19 152
149 20
21 21
23 23
174 24
124 26 124
67 27 67
82 29 82
35 35
38 38
36 39
157 41 157
194 43
45 45
96 46 105
49 49
32 50
100 51 100
116 52
55 55
56 56
57 57 138
59 59
64 64 148
169 66 86 169
181 68
69 69
189 71 189
30 72
182 73 182
171 74
77 77
83 83
85 85
186 89 150 186
90 90 197
92 92 94
95 95
97 97
99 99
101 101
121 102
104 104
106 106 196
81 107
108 108
112 112
119 119
123 123
125 125
58 129
132 132
155 137
141 141
142 142
143 143
147 147
160 160
161 161
199 164
98 166 170
167 167
120 172
190 175
176 176
185 185
188 188
5 195
198 198
