0 132 24 89 108 152 26 25 121 185 71 60 194 192 183 142 88 34 142 49 181 177 43 37 4 177 72 175 186 12 119 106 179 188 178 179 53 109 48 97 48 103 160 149 66 81 131 184 38 69 81 66 160 54 118 160 103 84 112 63 11 112 96 84 18 119 190 74 111 18 111 90 171 78 90 4 181 156 44 33 165 55 133 91 116 99 107 109 40 155 122 28 76 51 155 20 70 71 185 187 27 157 55 14 99 107 189 139 101 123 144 101 139 189 87 8 73 92 110 180 176 92 68 176 57 154 167 153 163 16 153 130 134 198 166 130 124 105 57 139 46 99 32 128 82 91 14 99 31 109 159 44 49 142 59 50 192 141 95 195 141 67 121 135 196 19 196 39 17 19 135 150 174 170 13 86 94 98 120 191 172 80 191 120 75 102 115 193 102 158 86 2 114 79 98 75 158 3 1 41 100 199 151 52 199 5 100 162 168 126 162 182 29 36 129 29 83 104 61 164 58 104 29 109 44 47 109 64 20 173 136 186 138 161 95 67 25 77 23 89 25 24 0
95
0 0
2 2 30
4 4
39 6
8 8
160 10 160
12 12
14 14
16 16
18 18 42
20 20
69 22
24 24
26 26
28 28
32 32
34 34
36 36
38 38
40 40
44 44
46 46
48 48
50 50
52 52
54 54
92 56 92 140
58 58
60 60
17 62
64 64
66 66
68 68
70 70
72 72
74 74
76 76
78 78
80 80
82 82
84 84
86 86
88 88
90 90
94 94
96 96
98 98
100 100
102 102
104 104
106 106
108 108
110 110
112 112
114 114
116 116
118 118
120 120
122 122
124 124
126 126
128 128
130 130
132 132
134 134
136 136
138 138
142 142
144 144
97 146
19 148
150 150
152 152
154 154
156 156
158 158
162 162
164 164
166 166
168 168
170 170
172 172
174 174
176 176
178 178
180 180
182 182
184 184
186 186
188 188
190 190
192 192
194 194
196 196
198 198
