Soda McEnerney Durant Soda Sproul BancroftLibrary Soda WooHonFai Davis Soda OBrien HearstGymnasium Soda Sibley Hilgard Bechtel WestGate Lewis Bechtel SatherGate Stanley Bechtel Soda Mulford Blum Soda Moffitt Eshleman Soda Greenhouse Morgan Soda Giauque HearstFieldAnnex Soda Chou HaasPavilion Soda Chvez Gilman Soda Campanile Foothill Soda Warren Blackwell Soda ClarkKerr BarkerHall Soda Zellerbach Wheeler Soda Wurster SproulPlaza Soda Koshland Moses Soda Senior Hildebrand Soda MemorialStadium KrutchTheater Soda BotanicalGarden McLaughlin Soda Observatory LifeSciences Soda Wellman GreekTheatre Soda Etcheverry Cory Soda Boalt CaliforniaHall Pitzer Boalt Minor DoeLibrary Boalt Kleeberger MLK Boalt Soda CalvinLaboratory EastGate VLSB CalvinLaboratory LowerSproul Simon Bechtel Tan NorthGate Bechtel Pimentel McCone Bechtel EdwardsStadium Campbell Bechtel MemorialGlade Stern Bechtel Jacobs Giannini Bechtel Soda
38
Bechtel Bechtel Cheit Bowles
Boalt Boalt
Cory Cory
Soda Dwinelle Haste HearstMiningCircle Hertz Insectary LeConte
Etcheverry Etcheverry
Giannini Giannini
GreekTheatre GreekTheatre
LifeSciences LifeSciences
McLaughlin McLaughlin
Jacobs Jacobs
KrutchTheater KrutchTheater
Hildebrand Hildebrand
MLK MLK
Moses Moses
Observatory Observatory
Senior Senior
SproulPlaza SproulPlaza
Stern Stern
VLSB VLSB
Wheeler Wheeler
BarkerHall BarkerHall
Blackwell Blackwell
Campbell Campbell
ClarkKerr ClarkKerr
DoeLibrary DoeLibrary
EdwardsStadium EdwardsStadium
Foothill Foothill
Gilman Gilman
HaasPavilion HaasPavilion
HearstFieldAnnex HearstFieldAnnex
Koshland Koshland
McCone McCone
MemorialStadium MemorialStadium
Morgan Morgan
NorthGate NorthGate
Pitzer Pitzer
Simon Simon
Stanley Stanley
