Soda Morrison1 Davis1 Soda Chou1 Greenhouse1 Soda SutardjaDai1 Wellman1 Soda Birge1 Gilman1 Soda HaasPavilion1 Blackwell1 Soda WooHonFai1 SproulPlaza1 Soda Evans1 Moses1 Soda Hertz1 LifeSciences1 Soda OBrien1 Dwinelle1 Soda HearstGymnasium1 CalvinLaboratory1 Soda Morgan1 Boalt1 Soda Cory1 SutardjaDai Soda Blum1 StadiumRim Soda HearstMiningCircle1 Sibley Soda Sproul OBrien Soda Haste1 Latimer Soda Mulford1 Davis Soda Morrison Cleary Soda Wheeler1 Campanile Soda Stephens1 Chvez Soda Koshland1 Greenhouse Soda Etcheverry1 GoldmanPlaza Soda MemorialStadium1 Morgan Soda Senior1 MemorialStadium Soda GoldmanPlaza1 HearstFieldAnnex Soda Chou ClarkKerr Soda Wurster1 BarkerHall Soda Birge Wheeler Soda BotanicalGarden1 SproulPlaza Soda Insectary1 Senior Soda Sproul1 Observatory Soda KrutchTheater1 Moses Soda HearstGymnasium KrutchTheater Soda Stephens McLaughlin Soda HaasPavilion LifeSciences Soda Durant1 HearstMiningCircle Soda Durant Haste Soda BarkerHall1 GreekTheatre Soda Wellman Etcheverry Soda Giauque1 Dwinelle Soda Cory Bechtel HeatingPlant1 Haviland1 Bechtel Lewis1 BarrowsHall1 Bechtel Simon1 EdwardsStadium1 Bechtel SatherGate1 Bowles1 Bechtel Campbell1 SatherGate Bechtel Pimentel Lewis Bechtel Stern1 Hilgard Bechtel FoxCottage1 HeatingPlant Bechtel Stanley1 Haviland Bechtel Tan1 BarrowsHall Bechtel McCone1 Stanley Bechtel Jacobs1 NorthGate Bechtel NorthGate1 McCone Bechtel WestGate EdwardsStadium Bechtel Hilgard1 Campbell Bechtel IshiCourt Stern Bechtel WestGate1 Jacobs Bechtel Cheit VLSB CalvinLaboratory EastGate1 VLSB1 CalvinLaboratory Bechtel1 LowerSproul CalvinLaboratory Soda Blum Boalt Hargrove1 CaliforniaHall1 Boalt DoeLibrary1 Kleeberger Boalt Minor1 Hargrove Boalt MLK1 Pitzer Boalt CaliforniaHall DoeLibrary Boalt Soda
65
Bechtel Bechtel Bowles Simon Tan FoxCottage Kroeber MemorialGlade Cheit1 Giannini1
ClarkKerr ClarkKerr
DoeLibrary DoeLibrary
EdwardsStadium EdwardsStadium
Soda Foothill Gilman Hertz Insectary Koshland LeConte Wurster Eshleman Evans BotanicalGarden Giauque BancroftLibrary McEnerney Moffitt Mulford TangCenter Warren WooHonFai Zellerbach GreekTheatre1 McLaughlin1 Hildebrand1 Observatory1 TangCenter1 Warren1 Zellerbach1
HaasPavilion HaasPavilion
HearstFieldAnnex HearstFieldAnnex
McCone McCone
MemorialStadium MemorialStadium
Morgan Morgan
NorthGate NorthGate
Pitzer Pitzer
Stanley Stanley
Wellman Wellman
BarrowsHall BarrowsHall
Birge Birge
Blum Blum
GoldmanPlaza GoldmanPlaza
CaliforniaHall CaliforniaHall
Greenhouse Greenhouse
Chou Chou
Chvez Chvez
Hargrove Hargrove
Campanile Campanile
Haviland Haviland
HearstGymnasium HearstGymnasium
Cleary Cleary
HeatingPlant HeatingPlant
Davis Davis
Boalt Hesse Minor Soda1
Durant Durant
Hilgard Hilgard
CalvinLaboratory EastGate
IshiCourt IshiCourt
Kleeberger Kleeberger
Latimer Latimer
Lewis Lewis
LowerSproul LowerSproul
Morrison Morrison
OBrien OBrien
Pimentel Pimentel
SatherGate SatherGate
Sibley Sibley
Sproul Sproul
StadiumRim StadiumRim
Stephens Stephens
SutardjaDai SutardjaDai
WestGate WestGate
Bechtel1 Bechtel1
Boalt1 Boalt1
CalvinLaboratory1 CalvinLaboratory1
Cory1 Cory1
Dwinelle1 Dwinelle1
Etcheverry1 Etcheverry1
Haste1 Haste1
HearstMiningCircle1 HearstMiningCircle1
LifeSciences1 LifeSciences1
Jacobs1 Jacobs1
KrutchTheater1 KrutchTheater1
MLK1 MLK1
Moses1 Moses1
Stephens1 Stephens1
SutardjaDai1 SutardjaDai1
WestGate1 WestGate1
WooHonFai1 WooHonFai1
