Soda Stanley LeConte Soda Simon Koshland Soda Insectary Hertz Soda Tan Bechtel MemorialStadium KrutchTheater Bechtel LifeSciences Dwinelle Bechtel ClarkKerr Cory Bechtel VLSB HearstFieldAnnex Soda McCone HaasPavilion Soda Campbell Blackwell Soda Bowles Wheeler Soda BarkerHall Senior Soda EdwardsStadium Observatory Soda Wellman MLK Soda Pitzer Hildebrand Soda Morgan Jacobs Soda SproulPlaza McLaughlin Soda Foothill HearstMiningCircle Soda Wurster Haste Soda DoeLibrary Giannini Soda Stern Etcheverry Soda Cheit Moses NorthGate CalvinLaboratory Soda Boalt Gilman GreekTheatre Boalt Bechtel
24
Boalt Boalt
Cheit Cheit
Dwinelle Dwinelle
Giannini Giannini
Haste Haste
LifeSciences LifeSciences
Jacobs Jacobs
Hildebrand Hildebrand
Moses Moses
Senior Senior
Stern Stern
Wheeler Wheeler
Blackwell Blackwell
Bowles Bowles
DoeLibrary DoeLibrary
Foothill Foothill
HaasPavilion HaasPavilion
Hertz Hertz
Koshland Koshland
McCone McCone
Morgan Morgan
Pitzer Pitzer
Stanley Stanley
Wellman Wellman
