2 157 2 41 143 19 129 19 143 41 85 9 60 142 24 103 172 137 30 15 57 94 62 139 55 130 184 189 182 174 180 126 114 107 43 80 118 6 71 43 107 114 100 198 147 115 104 115 147 198 100 70 177 90 62 90 177 70 100 198 128 173 59 5 163 158 163 188 35 199 121 196 155 178 155 196 121 7 121 196 155 178 155 196 121 199 195 56 195 148 102 117 102 148 159 156 131 63 26 11 23 34 181 45 102 148 159 156 131 109 161 4 112 158 163 5 59 20 27 20 59 173 162 152 162 173 128 86 37 25 81 12 127 132 47 29 74 144 74 29 47 132 127 12 81 25 37 86 128 173 59 5 125 31 10 194 10 31 125 5 59 20 27 141 75 64 186 38 83 73 83 38 186 0 186 136 119 68 89 69 89 68 119 68 89 69 13 8 87 175 126 114 135 66 149 171 18 171 179 16 179 171 149 140 165 99 174 176 51 176 174 99 174 28 116 103 42 145 193 50 1 50 42 108 105 21 92 190 112 158 163 188 42 103 172 61 168 191 17 9 85 41 2 157 2
81
0 0 192
2 2
149 3 149
4 4
6 6
7 7 79
8 8
12 12
13 13 138
18 14
15 15
23 23
25 25
26 26
27 27 98
28 28
30 30
147 32
34 34
35 35
152 36
38 38 46
42 42
104 44
129 48
157 49 53 157
50 50
51 51 76
56 52 56
80 54 80
55 55
73 58 73
59 59
61 61
63 63
116 67 116
178 82 178
85 85
86 86
90 90 95
92 92
194 93 194
94 94
62 96
144 97 106
100 100
158 110 158
112 112
99 113
114 114
115 115
118 118
119 119
121 121
189 122 189
125 125
126 126
128 128
130 130
131 131
16 133
136 136
139 139
141 141
142 142
145 145
156 156
161 161
117 164
165 165
171 171
173 173
174 174
177 177
179 179
181 181
182 182
1 187
188 188
193 193
196 196
