stop0 stop93 stop83 stop0 stop81 stop66 stop0 stop74 stop64 stop0 stop63 stop53 stop0 stop92 stop49 stop0 stop88 stop44 stop0 stop69 stop43 stop0 location2 stop6 stop27 stop4 stop38 stop0 stop85 stop36 stop0 stop87 stop35 stop0 stop77 stop20 stop0 stop75 stop19 stop0 stop97 stop14 stop0 stop23 stop13 stop0 stop96 stop11 stop0 stop16 stop10 stop0 stop50 stop8 stop0 stop5 stop24 stop4 stop0 stop62 stop3 stop28 stop29 stop6 stop3 stop0 stop2 stop48 stop30 stop2 stop0 stop1 stop72 stop68 stop1 location1 stop58 stop1 stop31 stop26 stop1 stop47 stop18 stop1 stop80 stop9 stop1 stop0
30
stop0 stop0 stop7 stop33 stop52 stop60 stop61 stop65 stop67 stop78 stop90 stop99
stop1 stop1 stop12 stop15 stop37 stop42 stop73 stop95 stop94 stop89
stop2 stop2 stop70 stop79
stop4 stop4
stop5 stop5
stop8 stop8
stop9 stop9
stop16 stop16
stop18 stop18
stop19 stop19
stop23 stop23
stop27 stop27
stop28 stop28
stop29 stop29
stop30 stop30
stop35 stop35
stop38 stop38
stop43 stop43
stop44 stop44
stop3 stop46
stop50 stop50
stop62 stop62
stop75 stop75
stop77 stop77
stop80 stop80
stop81 stop81
stop85 stop85
stop96 stop96
stop93 stop93
stop87 stop87
