stop0 stop127 stop89 stop0 stop105 stop80 stop0 stop96 stop73 stop0 stop88 stop63 stop0 stop84 stop59 stop0 stop115 stop56 stop0 stop135 stop54 stop0 stop82 stop47 stop0 stop40 stop39 stop0 stop77 stop32 stop0 stop141 stop28 stop0 stop112 stop26 stop0 stop53 stop25 stop0 stop155 stop23 stop0 stop137 stop21 stop0 stop42 stop11 stop0 location1 stop8 stop0 stop120 stop104 stop2 stop124 stop122 stop2 stop151 stop156 stop2 stop159 stop98 stop2 stop93 stop75 stop2 stop118 stop72 stop2 location4 stop12 stop70 stop4 stop2 stop149 stop36 stop2 stop4 stop2 stop0 stop100 stop1 location2 stop142 stop1 stop132 stop101 stop1 stop140 stop94 stop1 stop145 stop79 stop1 stop138 stop68 stop1 stop136 stop66 stop1 stop61 stop51 stop1 stop158 stop49 stop1 stop83 stop45 stop1 stop113 stop22 stop1 stop44 stop14 stop1 stop64 stop13 stop1 stop165 stop10 stop1 stop19 stop9 stop1 stop5 stop134 stop103 stop5 stop129 stop24 stop5 stop1 stop3 stop152 stop6 stop3 stop1 stop0
50
stop0 stop0 stop7 stop16 stop33 stop37 stop48 stop67 stop76 stop92 stop133 stop161 stop143 stop102 stop154 stop160 stop117 stop163 stop167 stop139 stop128 stop108 stop169 stop121
stop1 stop1 stop55 stop57 stop97 stop99 stop147 stop144
stop2 stop2 stop43 stop52 stop69
stop3 stop3 stop38 stop116
stop6 stop6
stop8 stop8
stop9 stop9
stop10 stop10
stop13 stop13
stop14 stop14
stop23 stop23
stop36 stop36
stop4 stop41 stop50 stop166
stop44 stop44
stop47 stop47
stop51 stop51
stop54 stop54
stop56 stop56
stop59 stop59
stop63 stop63
stop68 stop68
stop70 stop70
stop72 stop72
stop75 stop75
stop77 stop77
stop82 stop82
stop88 stop88
stop89 stop89
stop98 stop98
stop100 stop100
stop145 stop145
stop135 stop135
stop158 stop158
stop118 stop118
stop115 stop115
stop137 stop137
stop140 stop140
stop101 stop101
stop112 stop112
stop129 stop129
stop156 stop156
stop138 stop138
stop122 stop122
stop159 stop159
stop113 stop113
stop149 stop149
stop127 stop127
stop141 stop141
stop124 stop124
stop105 stop105
