iiiii pp oo www sssssss uuuuu c llll oooo zzz ttttt jjjjjj iiiiii ttttt ff y mmm qqqqqq ggggggg aaa vvvv dddddddd rrrrrrr tttt mm v ffff eeee mm ssssss iiiiii y gggggg bbbbbb mmm eeeee f tttttt kkkkkkkk q gggggggg w mmmmmmm kkkkkkkk gggggggg hhhhhhh wwwwww ee rrrrrr ccccccc xxxxxxx xx zzzzzz uuuuu oooo jjjjjjjj hhhh lll nnnnnnn iiii zz aaaaaa kkkkkkk oooooooo iiii iiiiiiii kkkkkkk bb hhh nnnnnnnn z jjj gggg ssss pppp gggg vvvvvv vvvvv k jjjjj kkk vvvvv ccccc ss i eee lllllll iiiiiii rrrr ss yyyyy yyyy wwwwwww kk pppppp yyyy jjjjjjj uuuuuu pppppp b llllll llllllll g aa fffffff h pppppppp fffffff kkkkk fff eeeeeee p bbb rr wwww xxxx llllllll vvv rrrrrrrr wwwww ooooo yyyyyy ppp zzzz xxxxxx pppp cccccc ddddddd ccc cccccc hhhhhhhh qq hhhhh gg ww vvvvvvv dddddd hhhhhh n vvvvvvv ppppppp hhhhhh r m eeeeee ooo dddddd iii nnnnn ffffffff lllll qqqqqqq ffffff uuuuuuu ll aaaa qqqqqqqq ii ll xxxxx qqqqqqq ggggg rrrrr zzzzz mmmmmm zzzzzzz zzzzz l bbbb j dd cccc d bbbbbbb bbbb sssss ttttttt ddddd rrrrr fffff nnnnnn ddddd u jjjj vv dddd a qqqqq ffffff uu uuu jj xxx aaaaa yyy xxx tt nnn jj nn o x tt mmmm gg kkkk cccccccc ooooooo kkkk uuuu cc jjj hh ppppp z s mmmmmmmm bbbbbbbb ggg kkkkkk ttt e nnnn rrr ddd aaaaaaaa t ttt bbbbb qqq eeeeeeee sss mmmmm yyyyyyy aaaaaaa qqqq sss yy qqq sssssss oooooo
100
pppppppp pppppppp
kkkk kkkk
o o
m m
xxxxxxx xxxxxxx
ggggg ggggg
yyyyyyy yyyyyyy
nnnnnn nnnnnn
xxxxx xxxxx
jjjj jjjj
qq qq
pppp pppp
xxxx xxxx
cc cc
mmmm mmmm
mmmmmmmm mmmmmmmm
bbbbbbbb bbbbbbbb
qqq qqq
fffff fffff
ssssss ssssss
lll lll
mm mm
eeeeee eeeeee
cccccc cccccc
sss sss
d d
iiiiiii iiiiiii
ccccccc ccccccc
kkkkkk kkkkkk
ffff ffff
jjj jjj
bbbbbbb bbbbbbb
vvv vvv
kkkkkkkk kkkkkkkk
yy yy
b b
eeee eeee
ttttttt ttttttt
x x
ffffff ffffff
eeeeeee eeeeeee
aaaaaa aaaaaa
uu uu
sssss sssss
ii ii
eeeee eeeee
nnn nnn
gggggggg gggggggg
dddd dddd
aaaaaaaa aaaaaaaa
aa aa
ooooo ooooo
tt tt
sssssss sssssss
hhh hhh
uuuuuu uuuuuu
aaaa aaaa
a a
llllll llllll
aaa aaa
lllllll lllllll
zzz zzz
j j
hhhhhhh hhhhhhh
ssss ssss
bbbbbb bbbbbb
ll ll
xxx xxx
rr rr
wwwww wwwww
vvvvvv vvvvvv
tttttt tttttt
s s
qqqqqq qqqqqq
hhhh hhhh
ee ee
rrrrrr rrrrrr
e e
uuuuuuu uuuuuuu
q q
wwww wwww
zzzzz zzzzz
oooooo oooooo
k k
ggggggg ggggggg
dd dd
vvvvv vvvvv
cccc cccc
rrrrr rrrrr
gggg gggg
ffffffff ffffffff
wwwwww wwwwww
llllllll llllllll
iiiiiiii iiiiiiii
tttt tttt
jjjjjj jjjjjj
ppppp ppppp
ttttt ttttt
oooooooo oooooooo
uuu uuu
