f uuu qq m z llllll ssssss qqqq yy dd jjjjjjj rrrrrr qqqqqqq cccccc eeeeeeee c w rr qqqqqq aaa vvvv rrrrrrr rrrrrrrr mmmmmmmm q pp fff aaaaa pp wwww jjjj ff bbbbbb lllllll rrrrr aaaaaaa n ttttt hhhh eee ttttt dddddd ggggg sssssss aaaaaaa lllllll n yyyyyyy xxxxxx uu qqqqqq p aaa ee hhh vvvvvv fffff cccccc rrrrrr www ggggggg dd ddddddd ffffffff v sssss qqqq lllll kkk ssss sssss ccc s vv wwwwwww kkkkkk nnnnnnnn ggg iii nnnnnnnn pppppppp kkkkkk zzzzz pppppppp d nnnn rrrr qqqqq j llllllll sss cccccccc o yyy a mmmm eeee gg pppp mmmm cccccccc dddddddd rrr sss bbbbbbbb ww fffffff zzz uuuuu qqqqq oo ffff ss ll t oooo ppp ddd xxx qq f
50
ssss ssss
aaaaa aaaaa
w w
uu uu
v v
p p
eeee eeee
dddddddd dddddddd
zzz zzz
ttttt ttttt
xxxxxx xxxxxx
f f
iii iii
nnnn nnnn
s s
uuuuu uuuuu
ff ff
ggggg ggggg
llllllll llllllll
ss ss
rrrrrr rrrrrr
rrrrrrrr rrrrrrrr
m m
xxx xxx
z z
qqqqqq qqqqqq
c c
hhhh hhhh
vvvv vvvv
bbbbbbbb bbbbbbbb
j j
sss sss
vv vv
qq qq
ggg ggg
ssssss ssssss
wwww wwww
qqqqqqq qqqqqqq
pp pp
lllll lllll
ffffffff ffffffff
llllll llllll
hhh hhh
fffffff fffffff
aaa aaa
jjjj jjjj
a a
q q
jjjjjjj jjjjjjj
wwwwwww wwwwwww
