0 107 127 25 69 152 190 25 113 1 108 57 61 20 57 11 114 59 118 21 59 73 21 88 191 143 15 62 94 183 122 155 123 147 94 55 119 124 83 180 79 38 83 55 3 18 62 183 52 102 64 194 159 85 110 99 85 104 45 80 159 35 182 133 105 77 51 12 91 133 132 135 7 141 117 23 175 41 78 167 173 74 192 116 144 186 58 192 100 136 171 167 115 157 41 177 23 169 179 153 71 158 196 82 199 24 10 151 197 172 149 87 90 39 29 7 177 103 182 98 140 137 8 98 34 67 103 197 28 158 139 181 146 142 26 71 2 27 19 154 134 166 53 134 70 19 168 148 13 101 50 178 121 111 195 68 63 112 22 63 162 22 129 160 185 170 187 161 109 125 33 109 126 187 165 185 129 47 93 188 56 93 178 184 6 72 46 176 150 54 176 189 96 164 60 9 96 174 40 95 189 131 46 47 36 107 145 130 120 32 84 128 193 97 31 193 92 43 81 16 138 89 30 138 198 16 145 37 124 4 119 156 163 75 156 86 65 76 106 42 86 14 66 5 65 44 5 48 17 163 49
100
0 0
1 1
2 2
3 3
4 4
5 5
6 6
7 7
8 8
9 9
10 10
11 11
12 12
13 13
14 14
15 15
16 16
17 17
18 18
19 19
20 20
21 21
22 22
23 23
24 24
25 25
26 26
27 27
28 28
29 29
30 30
31 31
32 32
33 33
34 34
35 35
36 36
37 37
38 38
39 39
40 40
41 41
42 42
43 43
44 44
45 45
46 46
47 47
48 48
49 49
50 50
51 51
52 52
53 53
54 54
55 55
56 56
57 57
58 58
59 59
60 60
61 61
62 62
63 63
64 64
65 65
66 66
67 67
68 68
69 69
70 70
71 71
72 72
73 73
74 74
75 75
76 76
77 77
78 78
79 79
80 80
81 81
82 82
83 83
84 84
85 85
86 86
87 87
88 88
89 89
90 90
91 91
92 92
93 93
94 94
95 95
96 96
97 97
98 98
99 99
