AlbertFredHaines BarbaraFranciscoHard JoseNelleHale FerdinandLukeJackson CeliaMaryBoone JoannCharlieWilkinso AgathaKarenStiefel AlbertFredHaines JoannCharlieWilkinso CeliaMaryBoone DeniseBrunoWilliam NicholasThomasShivel JeffJohnBruton CassandraJaniceGlove DianeMargaretHammond DeniseBrunoWilliam PatriciaRichardSippe PatJasonAaberg JoeJessicaShan PatJasonAaberg LeeMillicentTauber TiffanyBeulahMattion PatJasonAaberg DeeAmandaBartley IsaacGregGargano MarkAngelaMccloud ChristopherJamesLuca PatJasonAaberg PatriciaRichardSippe AlmedaLourdesSimpson GlendaAmandaFields RosaPatrickYankey AlmedaLourdesSimpson DeniseBrunoWilliam ClaytonFredrickRicha CarlosTamikaStrand MichaelBillieRomriel CarmenEarnestCarter LuisCharlotteCollins ShawnLeoSaur SusanSalinaZimmerman StephenSheldonOrlean DominiqueWilliamRoss NormaGarryReyburn MaryLauriceWallace AugustTamikaMason StephenSheldonOrlean BradleyDeborahSaball FerdinandLukeJackson VivianRoyMartin RolandGregoryWatson FerdinandLukeJackson JenniferGeorgeKarr AmyFloydTopper WalterAvaPorter KathleenSherryDay EdwardErnestSinger AmyFloydTopper DeniceRobertHawkins WayneGlendaDozier KimMickeyCohen ClaudeBobbyBaker DonnaEricKonwinski DorisJeffreyBinger RonaldEdnaArant KimMickeyCohen WayneGlendaDozier SusanSalinaZimmerman RolandGregoryWatson FerdinandLukeJackson StormyOllieYork JoshuaDelmarFellers JessicaChristopherHa ThomasEssieEwing HaroldDavidLawhorn TylerShawnBeasley JoshuaDelmarFellers CarolKeshiaSmith TylerShawnBeasley KentMarylynnPayne RichardGussieCarrell MaryJamesDavila JudyPearlineKaminski DianeElisePickett EdwardDennisStewart VivianRoyMartin MabelJamesMccormick JoannCharlieWilkinso WilliamDanielleBell BrendaLenaHarris DwainJoeFeldman RobinEvelynSimmons TiffanyBeulahMattion MargrettKennethJorda BernicePennyRiddick GeraldLulaCaldwell RonaldCarolynStoskop KariBenjaminHaynes JohnDarrellThomas EdwardJeanneHutchiso GlennaMichaelBorden GeraldDominiqueFlowe DavidRaymondJohnson BenSaraCreech MichaelMarkHolloway WilliamRenateBaker ChelseaStevenRufe EricTammyScott MichaelMarkHolloway GeorgeHenryVillar DavidRaymondJohnson HowardAdolfoRobertso AnnDeannaLarzazs MinnieLesleyPaulk JimmyFranciscoWaters JohnBrendaFuller AndrewSadieBennett FriedaLindaMachesky KelliChristopherBanu FriedaLindaMachesky AndrewSadieBennett CharlesDiannaProfitt ZacharyWarrenKarth CharlesDiannaProfitt MinnieLesleyPaulk GeorgeHenryVillar HipolitoCandaceHunts MarkAnnetteHendrix JuanitaPhilipParsons LawrenceBarryHadden JuanitaPhilipParsons JoseNelleHale StormyOllieYork JenniferSabrinaElsto MadeleineLeoRoberson JohnRichardSmith BenSaraCreech DonaldYvonneWilliams WilliamDavidGray JohnJoshuaAllen JaredEvelynJones GloriaRuthRowland LaurelDwayneAnderson JimmyFlorTasson HollyJoanPhelps JohnAlanMcalvain KevinThomasHiggins WinifredMarkRamos AndrewJeanPinson LaurelDwayneAnderson MabelCharleneGarcia MarthaJackRobinson GregoryMichaelWhitme StevenNeilNguyen BarbaraFranciscoHard SybilRobertScott MarthaJackRobinson DebraJaneFitzgerald HaroldDavidLawhorn KevinCharlesEvans RobertJosephNine MarthaJackRobinson MarciaWalterKirschma DouglasColleenLara LaurelDwayneAnderson GloriaRuthRowland JaredEvelynJones JeremyJamesChavez KevinKurtPope RichardGussieCarrell ElishaMaryWojcik ErvinJohnHall MarkAnnetteHendrix JuanitaPhilipParsons MadeleineLeoRoberson WilliamDavidGray JaredEvelynJones MistyRobertKing DwainJoeFeldman BernicePennyRiddick JudeJanetHarcourt JohnDarrellThomas MarciaWalterKirschma EricTinaPerea JimmyFranciscoWaters JuliaMarySmith LillianJuanAncona CraigJohnLard KathleenJoseClark AllysonFlorenceSprin AdrieneKathleenShea JackieSharonScherrer CharlesDiannaProfitt HaroldDavidLawhorn JanelleEdwardEldridg JuliusMargaretKim JackieSharonScherrer TravisMichelleMeller MabelCharleneGarcia MarkDianeDuchon AllysonFlorenceSprin RobertaVirgieBullock RickyJamesBrumfield LillianJuanAncona ManuelaJoseBailey WadeSonnyMcbride FrancisCarolHebb DianeElisePickett JennieDeniseMathews MaryLauriceWallace IrvingDougLabarge JamesJoanneHawn MaryLauriceWallace DianeElisePickett JoannCharlieWilkinso AlbertFredHaines
67
AlbertFredHaines AlbertFredHaines
WilliamDavidGray WilliamDavidGray
DeniseBrunoWilliam DeniseBrunoWilliam
GeorgeHenryVillar GeorgeHenryVillar
JoannCharlieWilkinso JoannCharlieWilkinso
DianeElisePickett DianeElisePickett
DwainJoeFeldman DwainJoeFeldman
RolandGregoryWatson RolandGregoryWatson
StormyOllieYork RobinStephenWebster MichaelElizabethWeav StormyOllieYork
FerdinandLukeJackson FerdinandLukeJackson GeorgeWilliamJackson
LillianJuanAncona LillianJuanAncona
EricTammyScott EricTammyScott
ManuelaJoseBailey ManuelaJoseBailey
WadeSonnyMcbride WadeSonnyMcbride
RonaldEdnaArant RonaldEdnaArant
BernicePennyRiddick BernicePennyRiddick SandraHarryStewart
MarthaJackRobinson MarthaJackRobinson
MarciaWalterKirschma MarciaWalterKirschma
JudyPearlineKaminski JudyPearlineKaminski
JohnRichardSmith JohnRichardSmith
StevenNeilNguyen StevenNeilNguyen
KathleenSherryDay KathleenSherryDay
DeeAmandaBartley DeeAmandaBartley
MaryJamesDavila MaryJamesDavila
ClaudeBobbyBaker ClaudeBobbyBaker
JennieDeniseMathews KellyJohnnaOles
CarlosTamikaStrand StephenWilliamCoffma GaryCharlesHudson
JackieSharonScherrer JackieSharonScherrer
GlennaMichaelBorden GlennaMichaelBorden
NormaGarryReyburn CynthiaConnieWright
DorisJeffreyBinger DorisJeffreyBinger
MistyRobertKing MistyRobertKing JannaDavidCarranza
LawrenceBarryHadden JosephAmandaMullen LawrenceBarryHadden
JeffJohnBruton JamesJordanZamora
JohnBrendaFuller JohnBrendaFuller
JimmyFlorTasson JimmyFlorTasson
KathleenJoseClark KathleenJoseClark
JuliaMarySmith CherylMaryMorgan PerryJamesBennett
JessicaChristopherHa JessicaChristopherHa
DianeMargaretHammond PeterJosephBarbee JoStephenMay
KevinThomasHiggins KevinThomasHiggins
MargrettKennethJorda BrettDominickSonnier
EdwardErnestSinger EdwardErnestSinger
ZacharyWarrenKarth ZacharyWarrenKarth TommyAmandaMartin
WayneGlendaDozier EricJamesJuckett
KelliChristopherBanu ElmerDemetriusLark LynnKennethChavez
RobertaVirgieBullock HowardKennethCollins
RickyJamesBrumfield RickyJamesBrumfield
CassandraJaniceGlove CassandraJaniceGlove
DebraJaneFitzgerald DebraJaneFitzgerald
MarkAngelaMccloud MarkAngelaMccloud
MichaelMarkHolloway MichaelMarkHolloway
BradleyDeborahSaball BradleyDeborahSaball
ThomasEssieEwing ThomasEssieEwing
IsaacGregGargano IsaacGregGargano
JudeJanetHarcourt JudeJanetHarcourt
EdwardDennisStewart EdwardDennisStewart
KevinCharlesEvans KevinCharlesEvans
DavidRaymondJohnson DenaJewellDavis
JanelleEdwardEldridg HeidiMayJohnson
AnnDeannaLarzazs AnnDeannaLarzazs
MarkDianeDuchon MarkDianeDuchon
JeremyJamesChavez JeremyJamesChavez
CraigJohnLard CraigJohnLard
EricTinaPerea EricTinaPerea
RosaPatrickYankey RosaPatrickYankey
TravisMichelleMeller TravisMichelleMeller
