SusanneJohnBerrios MichaelWalterHamby RonaldAlvinPrice RodneyJimmieNewton TheresaDonaldZamudio DanielArthurVanderme DinahCatherineFaulkn SpencerCourtneyBroth ReginaldDeborahSilve JudithConstanceDelaf DouglasRobertFerkovi HarryNeilFranklin SallyJamesGibson JorgeHeatherSamuels HarryNeilFranklin SpencerCourtneyBroth DouglasRobertFerkovi AntonioGeraldBaker FernandoLindaWatson MichaelJeremyRadford RossCarolynColon JayMaryHolling DougHelenHornbeck SpencerCourtneyBroth MattieBarbaraEkstrom StephanieAaronWalker LarryJeanetteMurphy LaquitaJohnBrunette RalphClydeMills DorothyDavidStromme JudeBernardMccay RubyLelandCollard BerthaThomasAlexande JudeBernardMccay TommyDyanEld JennyJoanPlant MaryFrankieWomack TommyDyanEld LaquitaJohnBrunette MattieBarbaraEkstrom DinahCatherineFaulkn JuanDebbieAllen MonteMonicaLum MaryBrittneySilva MichaelJeremyRadford GerardLindaWisnowski JennyJoanPlant SandraBethSellers JeanTrinityHull MichaelJeremyRadford LuisCaroleMonahan MonteMonicaLum JuanDebbieAllen LaquandaAnnTillman DanielArthurVanderme TheresaDonaldZamudio SusanneJohnBerrios
19
MattieBarbaraEkstrom MattieBarbaraEkstrom
JuanDebbieAllen JuanDebbieAllen ClaudiaDavidTaylor
TheresaDonaldZamudio JuliaLindaGordon
LaquitaJohnBrunette LaquitaJohnBrunette
MaryFrankieWomack MaryFrankieWomack
StephanieAaronWalker GarryDavidKingery StephanieAaronWalker
DougHelenHornbeck DougHelenHornbeck
DouglasRobertFerkovi DouglasRobertFerkovi
RalphClydeMills RalphClydeMills
JorgeHeatherSamuels JorgeHeatherSamuels
HarryNeilFranklin HarryNeilFranklin
MonteMonicaLum MonteMonicaLum
AntonioGeraldBaker AntonioGeraldBaker
RubyLelandCollard RubyLelandCollard
DanielArthurVanderme JuliaMollieHernandez
SpencerCourtneyBroth SpencerCourtneyBroth
DinahCatherineFaulkn DinahCatherineFaulkn
FernandoLindaWatson FernandoLindaWatson
DorothyDavidStromme DorothyDavidStromme
