SueJosephGarza PaulShaneSoldner KennethShannonGardel JamiePatriciaSergi AnthonyDavidBrewer RickyLeahGriffin RonaldRobertHughes WilburnDavidMiller RobertDavidPhillips EduardoCharlesThomps WilburnDavidMiller RobertJefferyFish LeroySandraLewis HaleyKyleMurphy SueCourtneyOsgood CoraShaneAldana HaleyKyleMurphy MariaChristopherCast JessicaJohnSpells PamelaPageBullock BruceTeresaNelson FlorenceWarrenLong RickyLeahGriffin JustinJavierToure SueJosephGarza BillyJoshuaBall ThomasLauraGray AshleyWilliamClarke JamesRodneyUpshaw ChesterRosaPowell RalphLisaMiller CharlesNancySasser JoseBerniceJohnston MelindaKennethAzar MatthewLarryMeli ThomasAnnieRuiz JustinJavierToure RebeccaAgnesHoward KarenErmaJensen KevinHaroldCyr PatrickKristenWeakle KevinHaroldCyr JamesGladysMccullar KennethPamelaManey JamiePatriciaSergi KathleenPaulCollins KennethPamelaManey IolaElfriedaHemenway ThomasAnneNeave IraJimmyYang MariaMarionSimons JoseBerniceJohnston MelindaKennethAzar MatthewLarryMeli JerryAnnetteChilds MartyDavidWill AndrewRobertEvins BrianRolandAli LauraPhilipWinkler RichardFaithMartin JohnEdwardCaccavale PhyllisJackWilson LuisHelenHughes MaryLindaKirkland PhyllisJackWilson FrankJennieBarker CharlesKristineWhite AnnaKyleChang RhondaAshlynMoore JamesJaredGonzalez MaryNancyLuke CarlWayneEdwards BrianSarahCumming DarnellAliciaPeters PaulEvanRichard ChesterRosaPowell LauraPhilipWinkler PatriciaBernardBrock MarianLuluDiaz JessicaJohnSpells MaryKarenVickers BrianRolandAli NathanKevinCorathers MarleneCarrieLeveren DorothyRichardChandl NathanKevinCorathers JamesRodneyUpshaw EugeniaKimberlyArauj CrystalShermanVida AmyAnthonyGrayson EugeniaKimberlyArauj EricWilliamHuffman WilliamMichaelBeckha LauraPhilipWinkler BrianRolandAli FrankJennieBarker MarkRobertIvey DonaldDoloresKelly GuyMinnieStewart RebeccaAgnesHoward HenryMarkUutela KarenFrancesBachelor BruceMargaretIngwers RichardLawrenceEspos DonaldDoloresKelly AlfredaKirstenMartin OllieGeorgeSova MarkRobertIvey SueJosephGarza ElsieJosephPhelps JohnJoseJudd LillieKathleenCervan ElsieJosephPhelps SueJosephGarza
37
PamelaPageBullock PamelaPageBullock
LauraPhilipWinkler LauraPhilipWinkler
MaryLindaKirkland MaryLindaKirkland
IraJimmyYang IraJimmyYang
KarenErmaJensen KarenErmaJensen
ElsieJosephPhelps ElsieJosephPhelps
MariaChristopherCast MariaChristopherCast
BillyJoshuaBall FranciscoFrancesHarr
KevinHaroldCyr KevinHaroldCyr
BrianRolandAli BrianRolandAli
NathanKevinCorathers NathanKevinCorathers
LillieKathleenCervan LillieKathleenCervan
MelindaKennethAzar MelindaKennethAzar
AnnaKyleChang ChristinaDanaGrant BrianLuzArce AnnaKyleChang
JessicaJohnSpells JessicaJohnSpells
PhyllisJackWilson PhyllisJackWilson
JohnJoseJudd JohnJoseJudd
AlfredaKirstenMartin AlfredaKirstenMartin
LeroySandraLewis LeroySandraLewis
ThomasAnnieRuiz ThomasAnnieRuiz
PaulEvanRichard PaulEvanRichard
EugeniaKimberlyArauj WilliamGeorgeWilliam
PatrickKristenWeakle LucyBennyHaag
CrystalShermanVida CrystalShermanVida
IolaElfriedaHemenway JohnDustinKenny
PatriciaBernardBrock PatriciaBernardBrock
LuisHelenHughes LuisHelenHughes
OllieGeorgeSova OllieGeorgeSova
WilburnDavidMiller WilburnDavidMiller
JamesJaredGonzalez JamesJaredGonzalez
KennethShannonGardel KennethShannonGardel
MarianLuluDiaz MarianLuluDiaz
DarnellAliciaPeters DarnellAliciaPeters
PaulShaneSoldner PaulShaneSoldner
SueCourtneyOsgood SueCourtneyOsgood
DonaldDoloresKelly DonaldDoloresKelly
AshleyWilliamClarke AshleyWilliamClarke
