dweidxeutk xdhiumwdwn irtbznwvcu gpbaqafhdz audojmtlep toeqvvzlae xqqirblyjw vpghbvlzxd ienasnqnvt cpdpvshtof qrlovctbtr ugcbgcxkft xhlkhybpdb hlimwiksjd rulcikswsa ercawnbbtx hlimwiksjd pbrhlhvhzj ercawnbbtx hnaaimhfnz lgpbgvlzpo taoimnqdrr lotqtcczrg ijitmlykwi nmshjtpxad gkbqwvqnfu wqeazvzkdf gqwhfeepal bmqnvmwdel dldiwncohw tigyjzilmz fxejnitkot qytpyhwawq wqeazvzkdf pjsmzvnekz ftrqchqaif wqeazvzkdf gkbqwvqnfu vtquakjujf lotqtcczrg sxayjmxdia siwbsyuwap khuymesdzs hkjeujbikz vndbkokyhx veqndedhgo nimybvgttg agablikqzu rzqbegeoni xhbihjwgij zxdhdgzbde agablikqzu hcvrravrik nimybvgttg tbpduhasiq dllzvxpcgk qtqfcaqlxk vtcyzupdop kjgjbkdckc jojgjvziup bxdnijtmyn sjqdgtugly kjgjbkdckc cavyunvwuk ftmprcpodf jojgjvziup yugelanmtk qnpmskdtgk ylgtgxhujb hhrqqsxmle okcwuqslme dfgysrnikx arrkheyths jxgwgvfggh tdtlnqnprm yvpkcvxaxy tdrceqkdxs mhohxeqbjo qmnmzrohyy lzsvglcvqa mhohxeqbjo itejbhhfxs ouzfljsksj nqdbgeypdu xtugynuehn ctnsbezpjg aqetyrnion kgpqjqjrhc afkxpktsxw efgyvzmusc wiwpekzeuz cygjsasavw vteisghgld auonnlthcz mjukgouxqr gnaoarsaof sdrvuvvtzb auonnlthcz hzhmlnosma wbdpumkvfu naqyljkxxq kpdfwhwwqb mgzyysypdp wiwpekzeuz mnmjklgmnp kshthcslwf cmelcyxenw sqejvmzqyo gzauoljfbv elifcmozpf djsmjhzrzl sqejvmzqyo mnmjklgmnp afkxpktsxw rlgdknlxmz kgpqjqjrhc yvizyauxul eeimgsecwz akzsqllzsv ffisecgfqt yqabjcolzt htfyksgccp gzmaqkqpht gmvwahagsy htfyksgccp vqlbufoinm fhrstihiac izzewlqzll byauimhsik yfpgdksvbp slhhdjzlvi ccdvhkjsma byauimhsik alsvefjqwa hjvmodgwdg xawomxeyut gbihbtjqog njcgixsmgk tsfmzxlyll alsvefjqwa mdwwftewyk iqbyvqgkcp seqrxdjigd wjjdafaxvv sjcwiapdwb wjjdafaxvv seqrxdjigd izzewlqzll gpghybacqh krhmpnlggt klbefaxnzg sjcwiapdwb jiowqcrqpz gibfnosbtf klbefaxnzg rbtvffgaks dsflclsebb fuhtgylsov ctnsbezpjg gcfwrdoced scgsokjwvw tofdobbbjt dzzxropcld ltjqdpdqwv gyjkhdbyvm xdmzjapanj kufcwxmspu fpjetysfzj xjxwbuyagf pgiiochubt kufcwxmspu zdiibealli xdmzjapanj tehmqpfdnn ltjqdpdqwv dzzxropcld tofdobbbjt bcwzxsuutq ggkwgytekr aihlvhrjir zzydddjmri nxiuvgpakn hpqsgalvar joegbqydne rwobvahhfa wlzaatlgns xjosyuakry bqrcwxsyuw lvqqznnzyn dnbdlutvqn qoleivbobc fwwnyjpwnp cnbqxrvlvl qoleivbobc bqrcwxsyuw dnbdlutvqn wwmcjuetgz igvmvwehwa cowtuqqsll tzpaywhybw wlzaatlgns cowtuqqsll depihfdmjk ylgtgxhujb dlfzngcmgq okcwuqslme ulneltboej qnujamvdng yuvmiwvrls yfoporpjol qjjslhkvnr fxpsowceqq ulneltboej itouxsyevo flrbhumcno gvxfzzmwzk huciphyuma dllzvxpcgk wfybmclpmp tbpduhasiq cwexpxaktw veqndedhgo hkjeujbikz quwglicgzs ivgiotlrrr thtlrbqsyp cxrfqntbtm toeqvvzlae ratnlmbmpr vpghbvlzxd xwsnmxufqy fdcwuptuol audojmtlep ebbcmbhgnc hxaoxcleei dweidxeutk
92
dweidxeutk dweidxeutk
xdmzjapanj xdmzjapanj pphebmysxy
xwsnmxufqy xwsnmxufqy
cowtuqqsll cowtuqqsll
arrkheyths arrkheyths
tehmqpfdnn tehmqpfdnn
pgiiochubt pgiiochubt
klbefaxnzg klbefaxnzg
cavyunvwuk cavyunvwuk
tzpaywhybw tzpaywhybw
cwexpxaktw cwexpxaktw
nimybvgttg nimybvgttg
taoimnqdrr taoimnqdrr
mnmjklgmnp mnmjklgmnp
ftrqchqaif ftrqchqaif
wfybmclpmp wfybmclpmp
fuhtgylsov fuhtgylsov
lzsvglcvqa lzsvglcvqa
naqyljkxxq naqyljkxxq
hlimwiksjd hlimwiksjd
aihlvhrjir aihlvhrjir
rwobvahhfa rwobvahhfa
iqbyvqgkcp iqbyvqgkcp
cmelcyxenw cmelcyxenw
zdiibealli zdiibealli
dzzxropcld dzzxropcld
wqeazvzkdf wqeazvzkdf
rzqbegeoni rzqbegeoni
xtugynuehn rqchbdjiqp xtugynuehn
wwmcjuetgz wwmcjuetgz
ctnsbezpjg ctnsbezpjg
gpbaqafhdz gpbaqafhdz
cxrfqntbtm cxrfqntbtm
elifcmozpf elifcmozpf
tdtlnqnprm tdtlnqnprm
vpghbvlzxd vpghbvlzxd
cnbqxrvlvl cnbqxrvlvl rqmdukqpbg
ouzfljsksj ouzfljsksj
fxpsowceqq fxpsowceqq
gyjkhdbyvm gyjkhdbyvm
dlfzngcmgq dlfzngcmgq
lgpbgvlzpo lgpbgvlzpo
sjcwiapdwb uqhdcumthr sjcwiapdwb
vteisghgld vteisghgld
bxdnijtmyn bxdnijtmyn
wiwpekzeuz wiwpekzeuz
dldiwncohw dldiwncohw
gvxfzzmwzk gvxfzzmwzk
sjqdgtugly sjqdgtugly
rlgdknlxmz rlgdknlxmz
hcvrravrik hcvrravrik
jiowqcrqpz jiowqcrqpz
itouxsyevo itouxsyevo
dfgysrnikx dfgysrnikx
tbpduhasiq zbgxyjmdnm
tofdobbbjt tofdobbbjt
depihfdmjk depihfdmjk
siwbsyuwap siwbsyuwap
ivgiotlrrr ivgiotlrrr
irtbznwvcu irtbznwvcu
vqlbufoinm vqlbufoinm
gkbqwvqnfu gkbqwvqnfu
ienasnqnvt ienasnqnvt
gqwhfeepal gqwhfeepal
bcwzxsuutq bcwzxsuutq
fxejnitkot fxejnitkot
ulneltboej ulneltboej
hjvmodgwdg hjvmodgwdg
kgpqjqjrhc kgpqjqjrhc
wjjdafaxvv drtcvphibq
nmshjtpxad nmshjtpxad
qjjslhkvnr qjjslhkvnr
hpqsgalvar hpqsgalvar
audojmtlep audojmtlep
akzsqllzsv akzsqllzsv
fwwnyjpwnp fwwnyjpwnp
bqrcwxsyuw bqrcwxsyuw
okcwuqslme okcwuqslme
afkxpktsxw afkxpktsxw
wlzaatlgns wlzaatlgns
kjgjbkdckc kjgjbkdckc
vtquakjujf vtquakjujf
dllzvxpcgk dllzvxpcgk
rulcikswsa rulcikswsa
toeqvvzlae toeqvvzlae
xdhiumwdwn xdhiumwdwn
lvqqznnzyn lvqqznnzyn
efgyvzmusc efgyvzmusc
kufcwxmspu kufcwxmspu
cpdpvshtof cpdpvshtof
gmvwahagsy gmvwahagsy
auonnlthcz auonnlthcz
