qgyqjgwlbh asnktvjywk hyficezvgi bvwklxlwsa iznialmand npffaineub fwzkdpfinn hnnlwliezo ajjekwybql wegckoctcp pmzgeauuov lpopityrof lhvohluplc ozyhcflvre hqvifzhbmo smlsmfgyxa lpopityrof yeuzdbmimy uqsahbxduy kmwsevkfov ysokdhiaft layuigtfoj omqkvmtjla ysndikwwgh ahfilcjjhz xpcqolcpnf pqpyekbzmf prctwnakif zjnjltvixw cynraykzum sngqmldfxu cwlgcuthor qgdwfpxklr fukxhmvtnm tdqzbpmftq bnfhxmjqzg feggaeevcb cwlgcuthor ekdcatpuui somaaudaxm nznsqwfoac ekdcatpuui qzcudwawod uonnmkkdcs zzscmbfbic vvurcgizpo hrbvyznkmd dzokhkbjld iyucjunvyn zzscmbfbic dzokhkbjld atkqvymdax bbtxglggzi mjgsrzyxra gdtsmzpvig xsgwbtaqye hdkptqgtdq rzgfaqookt mjgsrzyxra eqqtmsgxnc flqztijwpa aruweadnpf theacfrsmz hfepxhhpnq cfqbtjshrf aruweadnpf yfvfzingng hpbkyqcejb kgewtltijq pcjmzanrrv tywawwbwci djtmyhmwnn yvgxkhagkf wmeeitskjx djtmyhmwnn prctwnakif sqlbmrxpwv bzcpozsody uyirsvqblu lgwqodunqt xeuivcdbgm sgizgtdhhn culutarzsm lreyglvdhx sgizgtdhhn ntlhpzyidk sthbsdqlwm xeuivcdbgm ahfilcjjhz layuigtfoj tjcamfqmxd cddppqxsmb tvrzrioagg fdbzjhgcmh qlieaqyzel cddppqxsmb lewkphlryf bdjhlansav czgfnbovhq epsflirloq gqulqjeire czgfnbovhq ztbimsomxo uipamkyzyc mmeycqhoxt stxmhuffri uipamkyzyc yeuzdbmimy pmzgeauuov omadaodbkw swhusujfgz mrjqlvteat hyficezvgi wjicfykuhr bngwhjkenc hkpxcpivyp njgjyqyhsv fnlmocuczk sjnavteasg
48
bzcpozsody bzcpozsody
atkqvymdax atkqvymdax
aruweadnpf aruweadnpf
smlsmfgyxa smlsmfgyxa
fwzkdpfinn fwzkdpfinn
feggaeevcb feggaeevcb
hpbkyqcejb hpbkyqcejb
tjcamfqmxd tjcamfqmxd
djtmyhmwnn djtmyhmwnn
rzgfaqookt rzgfaqookt
somaaudaxm somaaudaxm
fdbzjhgcmh fdbzjhgcmh
sthbsdqlwm sthbsdqlwm
xpcqolcpnf xpcqolcpnf
wmeeitskjx wmeeitskjx
sgizgtdhhn sgizgtdhhn
kgewtltijq kgewtltijq
czgfnbovhq czgfnbovhq
wegckoctcp wegckoctcp
hrbvyznkmd hrbvyznkmd
cddppqxsmb cddppqxsmb
ysndikwwgh ysndikwwgh
fnlmocuczk fnlmocuczk
hyficezvgi hyficezvgi
ntlhpzyidk ntlhpzyidk
lgwqodunqt lgwqodunqt
hnnlwliezo hnnlwliezo
qlieaqyzel qlieaqyzel
yfvfzingng yfvfzingng
kmwsevkfov kmwsevkfov
sngqmldfxu sngqmldfxu
culutarzsm culutarzsm
gqulqjeire gqulqjeire
uyirsvqblu uyirsvqblu
ajjekwybql ajjekwybql
stxmhuffri stxmhuffri
gdtsmzpvig gdtsmzpvig
lpopityrof lpopityrof
sqlbmrxpwv sqlbmrxpwv
bvwklxlwsa bvwklxlwsa
tvrzrioagg tvrzrioagg
hqvifzhbmo hqvifzhbmo
npffaineub npffaineub
tdqzbpmftq tdqzbpmftq
vvurcgizpo vvurcgizpo
iznialmand iznialmand
bnfhxmjqzg bnfhxmjqzg
cynraykzum cynraykzum
