pta xzk qtq wju oto qtq uxr ahy thd jno thp xdz ahy eku uxr wuc npu zgf zho cnv ayw vsu wuf apg fsl jpq sfp pxi uwp ogr pxi blo zgs rju blo luf llr uca qnn tvy hxo ukh txl hxo yvu tzg mhk yvu gkh xos lah llr gac blo sfp fsl ifc xmz wpq rwt ahv krg uoz kza krg nrs pie rwt qbh cer tmc udq zdf unk dkn qbj dcv rut qbj mnv pxs unk udq pwa osc pug fgo fbz cjp egz gak qjm xgs gak bai egz gud fbz dns vub egz dpo cnl zfc pvy osc xax txk tto qfc qbe tto xax gfp thz dvq fne zug wiq fne nhr viv tro wpo mbx htv jta wpo htv eqm tro tmd slq nhr qbq hxp czf nfy brk ooc hef tnl nfy omf kvz utd plx art ooc idl art nfy iuz bsz ili yiz mln zye xsi aah rod zye gfp otp zye ooi nxr ynq tcp suz tvt tcp stv wfx nya ynq orc bok lxt ptq vlt unf nhk orc hpb ynq hgx nya uen orc pkx qof bpm gup fib xld nuf kgk zqn fib cxu qoe nkx gpv spp lfh cpw yck xbo cpw xou bwq iev lnv bwq qyi qls qlo xou mmf qlc xzf mbc zbn xzf opt hhe rxi vaf ase mmf xzf wdf oyx xzf ick tpa yqu ick itg yqu ujc hba itg jxq txr suf jxq lbs cov vsu tcu xzk pjx rcs ifc pjx
100
pta pta
xdz xdz
hhe hhe
htv htv
itg itg
xax xax
nhk nhk
qtq qtq
ptq ptq
hpb hpb
ase ase
krg krg
gup gup
ifc ifc
pxs pxs
qbe qbe
jno jno
kza kza
pkx pkx
qnn qnn
nkx nkx
dkn dkn
wuc wuc
sfp sfp
cpw cpw
zgf zgf
ooi ooi
uxr uxr
eqm eqm
vub vub
pwa pwa
ynq ynq
tmc tmc
wju wju
jta jta
idl idl
bai bai
fgo fgo
zbn zbn
hxo hxo
bsz bsz
qjm qjm
tro tro
rut rut
lah lah
nfy nfy
egz egz
uca uca
npu npu
pjx pjx
vlt vlt
vaf vaf
mnv mnv
hxp hxp
wiq wiq
qfc qfc
nhr nhr
lxt lxt
rxi rxi
tmd tmd
uoz uoz
wuf wuf
slq slq
ili ili
fsl fsl
lnv lnv
uwp uwp
txk txk
yiz yiz
mbx mbx
iuz iuz
zgs zgs
cxu cxu
gak gak
udq udq
zqn zqn
rju rju
ooc ooc
plx plx
lfh lfh
thz thz
ukh ukh
thd thd
viv viv
qlo qlo
wpq wpq
rwt rwt
brk brk
ahv ahv
cjp cjp
orc orc
xos xos
qls qls
cnv cnv
qbj qbj
rod rod
vsu vsu
tnl tnl
ahy ahy
spp spp
