gv xr bj nx xr rd ci zh jm ur ds ev ay mb hm du ur if ll du fz yl ea ij nc dw vf jz lu uj il cd il fr sc av rg vs su rp fr lu fr gu av im bx lt kx at cm hz yo kx hz my yo kx wc wm ps nc ec ng sx wz ij wo ec ve ub oc pf zh oa xm rx ej mg gz az cp ft xr az zo xr gv
40
my my
ay ay
dw dw
xr zc
oa oa
il il
if bg
ej ej
hz hz
yo yo
ea ea
wo wo
zo zo
ec ec
bj bj
cm cm
sx sx
rp rp
ev yj
ve ve
yl yl
fz fz
gu gu
sc sc
uj uj
gz gz
vf vf
kx kx
az ho
vs vs
bx bx
jz fm
xm xm
cd et
ur ur
mb mb
ij ij
su su
ds ds
lu ef
