Soda Browning Center Colorado Olympus Arcade Fresno Center Bataan Bowditch Haskell Latham Allston Solano Eunice Lewiston Buena Blake Tulare Haviland Oregon Anne Oregon Mabel Spring Florida Halkin Garber Shasta Acacia Shasta Addison Byron Columbia Shasta Addison Halkin Garber Tulare Park Drury Colusa Menlo Colusa Fulton Eola Belrose Menlo Bancroft Roosevelt Muir Cutter Sport Vicente Summit Michigan Berryman Cutter Sport Alvarado Buena Lewiston Eunice Wheeler Marin High Russell Heinz Greenwood Marin Wheeler Haste Cowper Breakwater Greenwood Marin Fernwald Visalia Ajax Forest Kentucky Vistamont Eunice Woodhaven Olympus Fresno Latham Jones Bret Woodside Kenilworth Bret Jones Terrace Altavista Bret Whitaker Vermont Bret Jones Sojourner Bristol Yolo Keeler Pardee Hopkins Keeler Bristol Yolo Soda
42
Addison Addison
Ajax Ajax
Allston Allston
Anne Anne Arch
Bancroft Bancroft
Bataan Bataan
Belrose Belrose
Bowditch Bowditch
Bret Bret Poppy
Bristol Bristol Hospital
Browning Browning
Menlo Burnett Menlo
Byron Byron
Columbia Columbia
Colusa Colusa
Spring Comstock Poplar Spring
Cutter Cutter
Acacia Domingo
Lewiston Edith Lewiston
Eunice Eunice
Florida Florida
Forest Forest
Fresno Fresno
Fulton Fulton
Greenwood Greenwood
Haskell Haskell
Haste Haste
Haviland Haviland
Heinz Heinz
High High
Keeler Keeler
Kenilworth Kenilworth
Mabel Mabel
Marin Madera Marin
Yolo Martin
Muir Muir
Alvarado Overlook
Pardee Pardee
Shasta Shasta
Summit Summit
Terrace Terrace
Vermont Vermont
