FD CD AW EV HD HB CZ AR FD AU BV AC FU AF AU BG DI GP FW DO GP DF AS AE DD GO EH EQ AV EM GS BK AI HO BS HP EP DG FM FA GC HF BY GM ET GJ BR GM CP EW GM EL CY GQ BC DZ CL GA AZ BN FZ BX CL BC GQ FP AB EJ GW AD EY BD AK BZ AD EC HI FX HR EB DB AJ BM HN FT BM HN DK BD FX DR AP BI GR ED EO AP FB AP DH ED GZ AL FR GG GF CW GG CW FM CQ FA HP CI GF AA HP FI EM ES GO GB DD HE ES HO EM ES GD CS GX FS FQ GX CE FQ GU GI CR EA FO BL CO EK DS GU EX HQ HK CV GT FJ HC DV HC DW GY DA BP DJ DW EZ FY HM ER FL EN CF DN ER CX CN CB CC GN BA CN CB EN FV DL CJ EG HM FN CX EE HH CM FE GH FE AC GH FK FG DU FK DM FG AN BH GV DE AO BT GV DX BB HL BT CM CG HH HA AO DP GK AU FD
94
AD AD
AF AF
CG AG CG
AJ AJ
AK AK
BK AM BK
EQ AT
AU AU
AV AV
AW AW
CE AX DQ
AZ AZ
BA BA
BC BC
FP BE DC FP
DV BF
BG BG
BM BM
BN BN
DP BO DP
GG BQ
BT BT
BV BV
BZ BZ
GH CA
CB CB
CC CC
CF CF
CI CI
FE CK
CL CL
CO CO
CS CS
FB CT
FD CU
CW CW
DA DA
DB DB
DE DE
DF DF
DH DH
DI DI
DK DK
DM DM
DN DN
DU DU
DZ DZ
EE EE
EG EG
EJ EJ
EK EK
EL EL
EM EM
EN EN
EO EO
ER ER
ES ES
ET ET
EW EW
EX EX
EY EY
EZ EZ
FI FI
FJ FJ
FM FM
FN FN
FO FO
FR FR
FS FS
FT FT
FU FU
FV FV
FY FY
GA GA
GC GC
GD GD
GF GF
GK GK
GN GN
GO GO
GP GP
GQ GQ
GR GR
GS GS
GX GX
GZ GZ
HB HB
HC HC
HD HD
HF HF
HH HH
HO HO
HP HP
HR HR
