AA AB AK DL CK DG DJ BW BL DG CC AT DN CP CG CH BG CG CA CN AL BD BQ CE AE DK BR DQ DI DA CL DI BJ CW DU BJ DS AQ CM DQ BZ CQ AI AR AM AG CQ BF BZ BK DV DC CD DV CO BI AS AO BM AX AU AY DR BB AZ DD DT CI BS DT AZ AU BM DK AW BT AL BH CA AP BC BP CR AV BO BU CB DB DF BE AF DF DH AD DF CB CY DO CT CY CJ BU AH BO CX AV BP BY DM BX CS BV CZ BN BV AC CZ CV BA DE AN CH AJ DE DP AT CF CU CK AK
50
AA AA
AE AE
AF AF
AH AH
AI AI
AJ AJ
AL AL
AN AN
AO AO
AR AR
AS AS
AV AV
AX AX
BD BD
BE BE
BI BI
BJ BJ
BK BK
BL BL
BO BO
BP BP
BQ BQ
BS BS
BU BU
BW BW
BX BX
CC CC
CD CD
CG CG
CJ CJ
CK CK
CL CL
CN CN
CO CO
CP CP
CR CR
CT CT
CV CV
CY CY
CZ CZ
DB DB
DC DC
DD DD
DE DE
DL DL
DM DM
DO DO
DQ DQ
DT DT
DV DV
