30 0 64 29 0 36 28 0 79 27 0 74 26 0 86 25 0 97 24 0 66 22 0 76 21 0 23 20 0 38 19 0 91 18 0 92 15 0 52 9 0 59 8 0 11 7 0 81 6 0 54 3 0 2 0 10 77 1 96 71 1 69 17 1 84 16 1 94 14 1 42 12 1 0 85 70 0 88 68 0 63 57 0 65 56 0 99 55 0 72 51 0 80 48 0 62 45 0 78 44 0 73 43 0 60 41 0 93 40 0 98 39 0 61 37 0 82 35 0 47 34 0 33 32 0 46 31 0 67 30
32
3 3
6 6
8 8
21 21
22 22
23 23
26 26
28 28
30 30
35 35
41 41
0 50 75 87
52 52
54 54
55 55
57 57
62 62
63 63
64 64
65 65
66 66
67 67
68 68
74 74
77 77
78 78
84 84
86 86
91 91
2 95
98 98
99 99
