0 174 163 0 185 161 0 162 158 0 169 149 0 193 148 0 171 143 0 135 131 0 134 125 0 192 124 0 139 118 0 144 117 0 172 115 0 150 112 0 197 105 0 175 103 0 170 102 0 147 100 0 104 96 0 97 95 0 130 91 0 181 90 0 137 88 0 138 85 0 109 84 0 133 81 0 194 80 0 87 74 0 132 72 0 94 69 0 178 67 0 126 65 0 68 57 0 164 55 0 189 54 0 122 52 0 136 50 0 110 49 0 199 48 0 66 47 0 157 44 0 191 42 0 106 38 0 53 34 0 165 32 0 92 29 0 99 27 0 83 24 0 45 21 0 113 18 0 120 17 0 187 16 0 160 15 0 63 14 0 64 13 0 79 11 0 12 10 0 180 8 0 23 7 0 25 6 0 101 5 0 89 1 3 76 2 173 59 2 70 41 2 3 2 142 186 1 184 167 1 196 155 1 154 140 1 151 73 1 86 62 1 153 37 1 152 36 1 60 33 1 166 20 1 3 0
36
3 128
2 2
5 5
134 134
136 136
138 138
11 11
140 140
14 14
143 143
144 144
17 17
0 19 22 156 35 168 177 183 188 190 195 108
150 150
157 157
1 30 61 198 71 107 121
29 29
32 32
33 33
162 162
172 172
45 45
174 174
49 49
178 178
194 194
67 67
196 196
70 70
74 74
79 79
86 86
89 89
90 90
97 97
104 104
