x115 x2 x139 x96 x2 x0 x3 x112 x13 x8 x5 x1 x138 x120 x1 x130 x64 x1 x52 x49 x1 x69 x43 x1 x105 x29 x1 x88 x5 x99 x4 x98 x14 x4 x1 x0 x101 x77 x0 x129 x68 x0 x70 x4 x132 x3 x118 x93 x3 x0 x84 x57 x0 x55 x42 x0 x117 x39 x0 x90 x37 x0 x102 x33 x0 x54 x32 x0 x92 x16 x0 x71 x8 x75 x7 x104 x22 x7 x0 x20 x6 x0 x115
24
x0 x128 x136 x9 x15 x17 x21 x26 x27 x34 x38 x40 x58 x61 x62 x89 x91 x106 x108 x109 x111
x130 x130
x4 x4
x5 x5 x94
x138 x138
x3 x11 x50 x59 x125 x127
x13 x13
x16 x16
x20 x20
x32 x32
x33 x33
x1 x41 x44 x48 x53 x73 x74 x76 x81 x82 x103 x124
x43 x43
x52 x52
x54 x54
x57 x57
x64 x64
x69 x69
x71 x71
x75 x75
x2 x83 x114 x122
x84 x84
x92 x92
x98 x98
