Wolney Horndleside Reddingringey Nortditch Sodditch Dartworth Brombrough Hamwich Rotsted Wendlethorne Ketthorne Southcompmere Bromwich Stapseyden Sistanwick Boothingtree Edgfield Hannensworth Skellingstoke Watchsmith Endlesthorne Boothingwick Rockdenport Hanbasside Bootherbersted Wendlerewick Dribbinglow Ribbendhead Toddlenell Blanavon Ennell Melwich Wolden Horslake Alfcastle Brackavon Wycombe Sundlecombe Chedcastle Basserchester Chipbasfield Chedcastle Sundlecombe Chedcastle Basserchester Cannell Camsreborough Braindlemere Ellensbrough Eggermoor Marlwich Cheddenwang Eggermoor Ellensbrough Endingey Braindlemere Camsreborough Reddennell Cannell Camsreborough Braindlemere Ellensbrough Eggermoor Cheddenwang Sudhead Pemsdown Wencester Windlesseywang Pendlesbascastle Endcastle Whitwood Marlborne Endcastle Pendlesbascastle Windlesseywang Wencester Windlesseywang Pendlesbascastle Endcastle Marlborne Pendlesford Wolverbury Whitborough Camhampton Elmerdown Skelling Chilworth Emmingwell Skelling Elmerdown Camhampton Emthorne Elmerdown Skelling Chilworth Wolbourne Suddendmansavon Braddlesreport Farnsmerbeck Hammingreport Camsmere Burglesbrook Soddlesbasbourne Eghampton Braddleswick Sismith Clereshot Worringcompgrove Alddlesenbage Sundtree Worringcompgrove Clereshot Worringcompgrove Alddlesenbage Horndlehampton Falrensavon Suddingney Hannerley Toddleborne Suddingney Falrensavon Chelmsbertree Horndlehampton Falrensavon Suddingney Toddleborne Kettenwell Hammingdenden Sundlesborne Staindlemansavon Chilmermere Penswick Ketworth Ciringover Aldlow Cammertree Candleseyney Elsmith Sudderbage Camsted Suddlescester Sirengrove Worglesmernell Sodham Durrenslow Flitcompwold Sunsseybrook Camtree Reddlesley Chippingchester Ribblesremoor Skellerbury Rothensden Wychringden Ensdown Chedwick Dribberbrough Melborne Camling Botbeck Sudderwick Shaftport Falbaswood Siringbrook Skellingbaswold Skellingmansgrove Egwich Tippenside Wolvingborne Tippenside Egwich Skellingmansgrove Skellingbaswold Leatherberlake Siringbrook Falbaswood Chelmenthorne Shaftport Sudderwick Camling Melborne Dribberbrough Chedwick Prestwood Ensdown Wychringden Endover Rothensden Skellerbury Ribblesremoor Chippingchester Reddlesley Hansside Chippingchester Ribblesremoor Chippingchester Reddlesley Camtree Tipencester Sunsseybrook Flitcompwold Sunsseybrook Flitcompwold Durrenslow Sodham Worglesmernell Shrivgrove Sodham Durrenslow Flitcompwold Durrenslow Sodham Worglesmernell Sirengrove Camsted Sudderbage Suddendwell Elsmith Candleseyney Reddlebershot Cammertree Aldlow Tippendside Ciringover Ketworth Penswick Chilmermere Pendnell Staindlemansavon Sundlesborne Kettenwell Toddleborne Suddingney Falrensavon Horndlehampton Alddlesenbage Worringcompgrove Clereshot Sismith Braddleswick Soddlesbasbourne Burglesbrook Cirerdown Camsmere Hammingreport Farnsmerbeck Braddlesreport Wolbourne Chilworth Skelling Elmerdown Camhampton Whitborough Pendlesford Marlborne Endcastle Pendlesbascastle Windlesseywang Wencester Sudhead Cheddenwang Eggermoor Ellensbrough Braindlemere Camsreborough Cannell Basserchester Chedcastle Sundlecombe Wycombe Brackavon Horslake Wolden Ennell Blanavon Toddlenell Ribbendhead Rockenborough Dribbinglow Wendlerewick Elmsbasbridge Bootherbersted Hanbasside Rockdenport Boothingwick Alddlesbasbridge Endlesthorne Boothingwick Rockdenport Boothingwick Endlesthorne Watchsmith Hannensworth Edgfield Boothingtree Sistanwick Stapseyden Prestlake Sistanwick Boothingtree Sistanwick Stapseyden Bromwich Nortmansford Southcompmere Ketthorne Wendlethorne Rotsted Hammensmith Hamwich Brombrough Sodditch Nortditch Sodden Reddingringey Horndleside Braindlemoor Wolney
55
Staindlemansavon Staindlemansavon
Braindlemoor Braindlemoor
Sodden Sodden
Brombrough Brombrough
Hamwich Hamwich
Penswick Tiphampton
Aldlow Aldlow
Cammertree Cammertree
Wendlethorne Chipcester
Bromwich Bromwich
Stapseyden Stapseyden
Suddendwell Suddendwell
Sirengrove Sirengrove
Worglesmernell Worglesmernell
Boothingtree Reddingbourne
Watchsmith Watchsmith
Endlesthorne Endlesthorne
Flitcompwold Bootbeck
Camtree Camtree
Reddlesley Reddlesley
Rockdenport Hampenlake
Wendlerewick Wendlerewick
Dribbinglow Dribbinglow
Ribblesremoor Worrersted
Wychringden Wychringden
Ensdown Ensdown
Blanavon Egmanston
Wolden Wolden
Horslake Horslake
Melborne Emsbrook
Sudderwick Sudderwick
Shaftport Shaftport
Sundlecombe Meley
Basserchester Basserchester
Cannell Cannell
Leatherberlake Leatherberlake
Skellingmansgrove Elringlow
Wolvingborne Chilhall
Endingey Endingey
Cheddenwang Cheddenwang
Sudhead Sudhead
Pendlesbascastle Cirercompsted
Marlborne Marlborne
Pendlesford Pendlesford
Emthorne Emthorne
Chilworth Chilworth
Wolbourne Wolbourne
Farnsmerbeck Marlringlake
Burglesbrook Burglesbrook
Soddlesbasbourne Soddlesbasbourne
Clereshot Hammermere
Alddlesenbage Alddlesenbage
Horndlehampton Horndlehampton
Hannerley Hannerley
Sundlesborne Sundlesborne
