Cleresmith Whitby Bothensborough Sodmersmith Chedlake Chippenringfield Ketterwold Milditch Edgney Whitseyborough Todderworth Southling Warrerbage Eggerrensling Hannerworth Buravon Waltcombe Dribbinggrove Pendrenslake Camdown Hannerworth Dribbinggrove Cheddlesport Pendton Skelwang Elfield Warblesdown Cammingbury Blanden Egwood Wolborne Skelcastle Cannerrebeck Eggendhampton Ciside Hartrenslow Enderavon Pemhampton Hampensshot Reddenwell Suddlebrough Reddentree Stainsdenwold Worbleney Elmsbrook Cookborne Chilcompcester Shrivden Chippenden Leathergrove Rockhead Toddleshall Bootworth Wendlemerford Hamditch Eggenditch Nortlake Toddendport Bursted Hamditch Wetley Ribney Wendlemerford Dribside Dribbingenborne Elmsnell Bootworth Rockhead Botlow Camsdenden Chippenden Watchmanshead Hanscombe Blandlesney Chilcompcester Elmsbrook Burrensham Cannenringwell Ashworth Stainsdenwold Pendingstoke Shrivditch Suddlebrough Kettinglow Sirenbourne Reddenwell Cammenenwich Hartrenslow Kettingworth Cannerrebeck Chipside Skelcastle Soddenreey Cammingbury Wolvingrethorne Handlechester Warblesdown Hammenberworth Whitbourne Elfield Cashead Eggerrensling Leatherglefield Chillerlow Sunderbrough Hanworth Dribbasborne Melwold Durblechester Hanworth Ellingey Sundfield Durblechester Warrerbage Elcompshot Basfield Edgney Wydon Winhead Milditch Soddingwich Cirerlow Ketterwold Chippingwood Bothensborough Warringwood
27
Warringwood Warringwood
Chippingwood Chippingwood
Ketterwold Ketterwold
Milditch Milditch
Basfield Basfield
Warrerbage Warrerbage
Durblechester Durblechester
Ellingey Ellingey
Eggerrensling Eggerrensling
Hannerworth Hannerworth
Pendrenslake Pendrenslake
Elfield Elfield
Warblesdown Warblesdown
Soddenreey Soddenreey
Skelcastle Skelcastle
Cannerrebeck Cannerrebeck
Cammenenwich Cammenenwich
Reddenwell Reddenwell
Suddlebrough Suddlebrough
Reddentree Reddentree
Elmsbrook Elmsbrook
Chilcompcester Chilcompcester
Shrivden Shrivden
Rockhead Rockhead
Bootworth Bootworth
Ribney Ribney
Wetley Wetley
