Whitgrove Worberney Egwick Worberney Whitgrove Sodberling Ellerbridge Endingrensby Botwick Botbage Penddenchester Chelmdenmoor Penddenchester Pemnell Rothingcombe Pemnell Penddenchester Botbage Bursted Watchlake Ketchester Ellerbridge Boothingchester Ellerbridge Ketchester Watchlake Ketchester Ellerbridge Boothingchester Wychcompwold Aldtree Toddenmoor Ketnell Rockbage Sundcompney Prestwick Wychchester Waltbeck Hampingcastle Waltbeck Stafavon Hornsmercombe Ribbenhall Hornsmercombe Stafavon Waltbeck Basditch Stainbrough Hamscombe Hampingbascombe Sirenshall Burglemere Bastlebury Chilsmith Dartdown Marlcester Nortwell Bassinghead Southbury Burglemere Tipbeck Basditch Hampingcastle Waltbeck Cannerthorne Elside Ciringnell Elside Wetsmith Warsmith Falderbrough Warsmith Horsnell Siavon Abgleham Sundlethorne Fullensborne Sundlethorne Redwich Horsmere Sundlethorne Endleberey Burlake Tipstoke Botenbrook Hampingworth Worhall Stafcombe Stapbrook Stafcombe Toddingchester Botshot Hurstdown Shaftwick Egmerhampton Suddenmoor Egmerhampton Shaftwick Dartden Wethampton Faldenhall Marlbeck Enderbeck Sifield Enderbeck Marlbeck Tippenbrook Suddenmoor Melwood Endleshall Melwood Reddensden Cirerham Candleswick Skellingover Barndlesborough Wychchester Durbrook Falderseythorne Worford Rotherlow Skellenshot Egbeck Cireport Leatherport Alddleringworth Worhall Hannersmith Worhall Reddendeney Alddleringworth Worhall Hannersmith Tippendham Warblestancester Basbage Southmere Egsted Sodderover Leatherbourne Fullencester Bothenton Shaftmoor Farnditch Ribberrenston Southmere Rothead Chilsmith Bastlebury Rothendcombe Dribwold Reddingtree Egford Cookfield Staindledown Endingnell Toddenmerbrough Casbrook Windleshead Egford Cookfield Wychditch Rothendcombe Bastlebury Chilsmith Boothendhall Rothead Southmere Basbage Maidendstoke Stainbrough Hamscombe Worford Elwold Wenton Bromssmith Durbrook Wychchester Durbrook Falderseythorne Worford Hampingworth Botenbrook Tipstoke Fulhampton Shafthead Todhampton Bootwick Wycastle Boothingchester Sundendford Botbeck Whitringlake Sundendford Boothingchester Ellerbridge Sodberling Bromstanham Clereennell Botmermoor Bromstanham Sodberling Bursmith Dribblecombe Whitgrove
82
Hampingworth Hampingworth
Egwick Staplow
Wetsmith Wetsmith
Horsnell Horsnell
Ribbenhall Boothingmanstree
Bastlebury Bastlebury Emmerley Hamwold
Durbrook Sodport Durbrook
Sirenshall Sirenshall
Hamscombe Alfmere Skelberden
Skellenshot Skellenshot Cihead
Prestwick Prestwick
Worhall Worhall
Rothendcombe Rothendcombe
Nortwell Nortwell
Reddingtree Eley Stapbrough
Stapbrook Wetwick
Ellerbridge Worrenberwang Ellerbridge Suddingover
Sifield Sifield Abcester
Fullensborne Blansbrook
Bromstanham Bromstanham
Botshot Falworth
Falderseythorne Falderseythorne
Leatherport Leatherport
Elside Elside
Tippenbrook Tippenbrook
Dartden Dartden
Hampingcastle Hampingcastle Redcombe
Dribblecombe Dribblecombe
Sundendford Chedworth Sundendford
Tippendham Tippendham
Watchlake Watchlake Farndlesover Tippingbage
Basditch Basditch
Egmerhampton Egmerhampton
Ketchester Ketchester
Tipstoke Tipstoke
Worford Dribberham Worford
Whitgrove Whitgrove
Wycastle Wycastle
Rothingcombe Rothingcombe Milthorne
Rothead Bothenhall
Reddendeney Reddendeney
Endleberey Endleberey
Candleswick Candleswick
Sundlethorne Sundlethorne
Hannersmith Shaftborough
Whitringlake Whitringlake
Enderbeck Enderbeck
Ciringnell Penby
Casbrook Casbrook
Siavon Siavon
Farnditch Farnditch Abglewold
Botbeck Botbeck
Bootwick Bootwick
Southmere Southmere
Suddenmoor Suddenmoor Staincombe
Clereennell Clereennell
Egsted Egsted
Ribberrenston Ribberrenston
Wychchester Wychchester Siey
Cannerthorne Cannerthorne
Ketnell Ketnell
Skellingover Skellingover
Southbury Southbury
Warsmith Horstleover
Abgleham Abgleham
Stainbrough Wendleringdown
Waltbeck Waltbeck
Cirerham Wolley
Hampingbascombe Hampingbascombe
Wethampton Wethampton
Bursmith Bursmith
Rotherlow Rotherlow
Melwood Melwood
Sodberling Sodberling
Bothenton Bothenton
Marlcester Marlcester
Faldenhall Faldenhall
Toddenmoor Toddenmoor
Wychcompwold Wychcompwold
Falderbrough Marlbrook
Endingnell Endingnell
Todhampton Todhampton
