Hamsbourne Chipfield Hamperrehampton Prestbourne Botherstanport Leatherblesley Enderton Camhampton Shaftthorne Skelgrove Sudbage Shaftthorne Camhampton Enderton Stafdenbourne Enderton Dribstoke Endbeck Dribstoke Chilringfield Egginglow Chilringfield Suddlebaschester Chilringfield Rotmerby Sunderborough Prestbourne Elbage Horscompborne Hartlow Todbeck Camswich Leatherblesley Botherstanport Prestbourne Elbage Horscompborne Hartlow Todbeck Shrivbridge Elbage Cimansbrough Wendleslake Boothenrensborough Shrivbridge Elbage Prestbourne Botherstanport Prestbourne Sunderborough Prestbourne Hamperrehampton Chipfield Hamsbourne
21
Enderton Enderton
Hamsbourne Sundlechester
Camhampton Hartberbury Camhampton
Chipfield Chipfield Cammercastle
Hamperrehampton Hamperrehampton
Leatherblesley Leatherblesley
Boothenrensborough Candlesdon Boothenrensborough
Skelgrove Warrewick
Endbeck Melshot
Egginglow Sodderrenshead
Shaftthorne Shaftthorne
Camswich Camswich
Sunderborough Ciley Sunderborough
Suddlebaschester Rocklow
Stafdenbourne Chipsted
Sudbage Sudbage
Chilringfield Chilringfield
Prestbourne Prestbourne
Cimansbrough Cimansbrough
Botherstanport Wolvencester
Rotmerby Rotmerby
