Warfield Chilbury Brackcompwang Chelmstanwell Hammerringey Skelling Suddleborne Cammerrensmoor Wyborne Cambingstoke Suddlecombe Ashfield Millendon Windling Dribblewick Skellingden Barndberbrough Worhall Dribbingworth Leatherbleside Ketsmith Whitchester Siringwang Chedtree Burglebrough Sudsmith Elmansham Chedderrenswich Cannerthorne Tipwick Ashborne Hannenmanswick Hamsling Soddlewick Falport Cicombe Todtree Cannerthorne Stainbrough Fulbourne Southbasport Elcompbridge Burglebrough Emmerdown Bastleseyham Horndlecompside Ashfield Suddlecombe Horstlescompstoke Bothingney Worberbrook Dartseyworth Chedderrenswich Cannerthorne Warfield
41
Barndberbrough Barndberbrough
Ketsmith Suddlecastle Pendingbrook
Chedtree Chedtree Suddleover
Ashfield Ashfield Ketport
Suddleborne Suddleborne
Soddlewick Soddlewick
Suddlecombe Chippingsted Ellingreham Basringney Suddlecombe
Burglebrough Burglebrough
Elmansham Elmansham
Worberbrook Worberbrook
Whitchester Whitchester
Warfield Warfield
Chilbury Chilbury
Cambingstoke Cambingstoke
Windling Windling
Leatherbleside Leatherbleside
Cammerrensmoor Cammerrensmoor
Falport Botherseyworth Pendlewood Falport
Tipwick Tipwick
Chelmstanwell Chelmstanwell
Horstlescompstoke Horstlescompstoke
Hannenmanswick Hannenmanswick
Elcompbridge Chiphead
Cicombe Cicombe
Skellingden Skellingden
Brackcompwang Brackcompwang
Dribbingworth Dribbingworth
Stainbrough Stainbrough Northall
Todtree Todtree
Bastleseyham Bastleseyham
Chedderrenswich Chedderrenswich
Hammerringey Hammerringey
Ashborne Ashborne
Southbasport Southbasport
Wyborne Wyborne
Worhall Worhall
Siringwang Siringwang
Hamsling Hamsling
Millendon Millendon
Sudsmith Sudsmith
Skelling Skelling
