0 32 16 17 33 48 49 47 63 48 62 64 65 110 95 112 96 80 95 111 114 99 113 97 98 99 84 83 82 81 80 65 50 36 51 66 67 69 70 85 101 117 88 87 86 85 100 116 115 100 35 20 5 21 37 34 19 61 46 31 45 30 15 0 16 45 60 75 90 105 106 121 120 106 122 107 91 124 123 108 92 91 75 76 77 78 79 94 109 93 94 14 29 57 73 58 59 119 104 118 102 103 104 89 59 74 72 71 56 41 55 44 29 28 27 58 43 27 12 13 54 40 25 10 11 12 9 10 26 42 24 39 52 68 53 38 22 23 24 9 8 7 6 5 4 19 18 3 2 1
60
0 0
3 3
5 5
7 7
8 8
10 10
13 13
15 15
18 18
20 20
23 23
25 25
28 28
30 30
31 31
34 34
35 35
36 36
40 40
41 41
45 45
46 46
47 47
50 50
51 51
52 52
55 55
56 56
57 57
63 63
68 68
70 70
71 71
73 73
75 75
76 76
78 78
80 80
83 83
85 85
88 88
90 90
93 93
95 95
98 98
100 100
103 103
105 105
106 106
108 108
109 109
110 110
111 111
115 115
116 116
119 119
120 120
121 121
122 122
124 124
