0 96 68 73 97 87 49 29 55 34 30 90 48 70 53 30 48 94 16 34 66 54 14 34 20 78 83 20 3 51 44 18 51 63 72 92 65 74 8 92 91 22 67 69 89 85 61 5 65 3 74 31 37 27 32 17 37 9 24 95 41 52 9 77 45 40 36 1 13 12 99 57 12 45 80 79 2 78 64 93 42 71 56 26 6 11 50 81 6 50 84 35 88 25 35 4 58 7 86 19 38 82 75 10 86 46 76 15 7 21 97 29 43 39 59 98 39 33 62 60 33 47 23 49 73 28 68
50
1 1
2 2
3 3
4 4
7 7
10 10
11 11
12 12
13 13
16 16
20 20
22 22
24 24
30 30
32 32
33 33
34 34
35 35
36 36
39 39
41 41
42 42
47 47
48 48
50 50
51 51
54 54
56 56
59 59
60 60
62 62
63 63
64 64
71 71
72 72
74 74
75 75
79 79
80 80
81 81
83 83
84 84
86 86
87 87
89 89
90 90
93 93
95 95
98 98
99 99
