location0 location11 location118 location190 location140 location13 location119 location24 location88 location151 location35 location187 location134 location95 location25 location123 location25 location35 location151 location13 location47 location157 location27 location151 location13 location134 location19 location127 location66 location179 location78 location62 location90 location142 location49 location78 location179 location104 location7 location111 location12 location111 location182 location92 location100 location7 location104 location37 location148 location165 location148 location37 location190 location155 location106 location72 location191 location133 location73 location87 location72 location93 location107 location74 location107 location105 location97 location164 location133 location101 location178 location97 location133 location180 location144 location68 location23 location54 location60 location54 location180 location48 location171 location136 location80 location183 location48 location32 location90 location32 location195 location103 location197 location132 location22 location132 location197 location98 location9 location132 location114 location147 location16 location46 location131 location124 location163 location52 location192 location168 location172 location5 location124 location83 location6 location154 location184 location40 location184 location154 location65 location33 location43 location26 location113 location36 location109 location177 location82 location26 location40 location184 location56 location149 location42 location56 location122 location125 location34 location194 location4 location183 location189 location152 location1 location136 location15 location64 location3 location141 location193 location102 location166 location89 location41 location186 location41 location89 location166 location141 location61 location75 location141 location117 location3 location1 location152 location76 location162 location146 location158 location167 location21 location146 location162 location77 location198 location84 location99 location30 location50 location53 location189 location170 location2 location51 location108 location192 location126 location28 location174 location86 location20 location174 location28 location115 location18 location160 location51 location2 location170 location34 location126 location67 location43 location66 location127 location128 location129 location6 location67 location188 location106 location173 location106 location181 location143 location118 location11 location0
86
location1 location1 location79
location2 location2
location3 location3
location4 location4
location5 location5
location6 location6
location7 location7
location181 location8
location9 location9
location41 location10 location41
location11 location11
location12 location12 location29
location13 location13
location60 location14 location60
location15 location15
location16 location16
location173 location17
location18 location18
location19 location19
location20 location20
location21 location21 location59 location70
location22 location22 location44
location23 location23
location24 location24
location25 location25 location38
location26 location26
location27 location27
location28 location28
location30 location30
location186 location31
location32 location32
location33 location33
location34 location34
location35 location35
location36 location36
location37 location37
location68 location39 location68 location81
location40 location40 location71
location42 location42
location43 location43
location74 location45 location74
location46 location46
location47 location47
location48 location48
location49 location49
location50 location50
location51 location51
location52 location52
location53 location53
location54 location54
location0 location55 location57
location56 location56
location123 location58
location61 location61
location62 location62
location128 location63
location64 location64
location65 location65
location66 location66
location67 location67
location165 location69
location72 location72
location73 location73
location75 location75
location76 location76
location77 location77
location78 location78
location80 location80
location82 location82
location83 location83
location84 location84
location140 location85
location86 location86
location87 location87
location88 location88
location89 location89
location90 location90 location91
location92 location92
location93 location93
location118 location94
location95 location95
location151 location96
location97 location97
location98 location98
location99 location99
location100 location100
