location0 location43 location5 location29 location49 location42 location38 location1 location21 location8 location25 location8 location4 location33 location48 location39 location24 location23 location49 location34 location4 location10 location17 location14 location37 location41 location37 location14 location10 location4 location8 location12 location36 location41 location40 location22 location46 location36 location2 location36 location13 location30 location45 location2 location35 location49 location18 location1 location21 location1 location7 location1 location47 location29 location5 location43 location0
18
location1 location1
location2 location2 location6
location7 location3 location7 location15
location4 location4 location19
location5 location5
location8 location8
location41 location9
location10 location10
location14 location11 location14
location12 location12
location13 location13
location25 location16 location25
location17 location17
location18 location18
location21 location20 location21
location22 location22
location23 location23
location24 location24
