SantaClarita Carrollton Lubbock Concord Victorville GardenGrove Victorville Shreveport Huntsville Thornton Midland Thornton Beaumont NewportNews Thornton Yonkers Memphis Wichita Peoria Allentown Pomona Stockton Indianapolis Austin PembrokePines Frisco LexingtonFa SanDiego StLouis SanDiego Waco SanDiego Stamford Berkeley Akron Chandler Paterson SanDiego LongBeach Hartford Boston Ontario Omaha Ontario LouisvilleJefferson WestValleyCity Washington RanchoCucamonga Brownsville Orlando LosAngeles OklahomaCity StPetersburg Newark Alexandria Worcester Garland Alexandria Bellevue Scottsdale SiouxFalls Independence Fayetteville Davidson Milwaukee Lafayette RanchoCucamonga Lancaster Surprise Sunnyvale Visalia Portland Henderson SanDiego Lubbock Carrollton SantaClarita
50
Yonkers Yonkers
Ontario Ontario
Midland Midland
Sunnyvale Sunnyvale
Boston Boston
Allentown Allentown
Stamford Stamford
Fayetteville Fayetteville
Bellevue Bellevue
LosAngeles LosAngeles
Indianapolis Indianapolis
Victorville Victorville
LexingtonFa LexingtonFa
Waco Waco
Visalia Visalia
NewportNews NewportNews
StPetersburg StPetersburg
PembrokePines PembrokePines
Omaha Omaha
SiouxFalls SiouxFalls
Garland Garland
Worcester Worcester
StLouis StLouis
Stockton Stockton
WestValleyCity WestValleyCity
Austin Austin
Pomona Pomona
Henderson Henderson
LongBeach LongBeach
Paterson Paterson
Lafayette Lafayette
Beaumont Beaumont
Concord Concord
Huntsville Huntsville
Shreveport Shreveport
Scottsdale Scottsdale
GardenGrove GardenGrove
Orlando Orlando
Newark Newark
Surprise Surprise
Carrollton Carrollton
LouisvilleJefferson LouisvilleJefferson
Brownsville Brownsville
Hartford Hartford
Alexandria Alexandria
Wichita Wichita
Independence Independence
OklahomaCity OklahomaCity
Washington Washington
RanchoCucamonga RanchoCucamonga
