Vancouver Kent Beaumont Atlanta Cleveland Denver Albuquerque Omaha VirginiaBeach Ontario Omaha Garland KansasCity Jackson AnnArbor DesMoines Durham Lakewood Thornton Joliet Thornton SanDiego Worcester StPetersburg Dallas Oski Tempe Fullerton AthensClarkeCounty Detroit Alexandria AthensClarkeCounty Fullerton AugustaRichmond AthensClarkeCounty Alexandria Irvine GrandRapids LittleRock Irvine Olathe Cincinnati Tallahassee Miami Hampton Tallahassee Honolulu LittleRock Savannah SimiValley Oski HuntingtonBeach Mobile Hartford NewOrleans Surprise NewOrleans Hartford Dallas Worcester Syracuse Sacramento Clyde Vallejo Sacramento Clyde OklahomaCity Oakland Rochester Gainesville Amarillo SantaClara Riverside Rockford Plano SantaClara Amarillo Cary OklahomaCity Rochester SanFrancisco Warren MorenoValley Pasadena Pittsburgh Washington Norman Pasadena Paterson MorenoValley Abilene Tacoma Warren PortStLucie Kent ColoradoSprings Anaheim Elizabeth ColoradoSprings Lancaster Torrance PembrokePines Seattle Providence Lincoln PembrokePines Orlando Lafayette Huntsville ElkGrove Fayetteville FortWayne Orlando Lafayette ElkGrove Fayetteville JerseyCity Pikachu Midland FortWayne Lancaster LosAngeles Akron Fontana Glasses Hollywood Fontana SanJose Glasses Modesto Killeen Allentown Shreveport SantaRosa FortCollins SiouxFalls LexingtonFa Springfield Chicago FortWorth GrandPrairie McAllen Tampa Portland Arlington Tampa Hialeah Laredo Shreveport Stamford Allentown FortCollins Springfield Denton FortWorth Yonkers Raleigh Gilbert Houston ChulaVista Spokane CorpusChristi SantaClarita Spokane Pomona Palmdale Toledo Raleigh Gilbert Glendale NewHaven Corona Brownsville Peoria SanBernardino Knoxville Lubbock Domination Peoria Salem Phoenix Knoxville Madison Fremont CoralSprings Indianapolis Birmingham NewHaven BoiseCity Teemo Scottsdale Birmingham NewHaven SanAntonio ElPaso Oceanside Salinas Philadelphia CedarRapids GardenGrove Salinas Philadelphia Naperville Murfreesboro Frisco Clarksville Frisco Bridgeport FortLauderdale Norfolk Reno LouisvilleJefferson Tulsa SantaAna Reno Omaha Hayward WinstonSalem Waco Wichita WinstonSalem Boston Chesapeake Montgomery Richmond BatonRouge CapeCoral Miramar BatonRouge Mesa Memphis Charleston Mesa OWO Topeka Chesapeake Jacksonville OWO Chesapeake Buffalo Hayward Denver Cleveland Atlanta Beaumont Vancouver
94
Vancouver Vancouver
Washington Sunnyvale
LittleRock LittleRock
Mobile Mobile
AugustaRichmond AugustaRichmond
SanJose SanJose
FortLauderdale FortLauderdale
Pomona Pomona
Garland Garland
SantaClarita SantaClarita
SiouxFalls SiouxFalls
Joliet Mesquite
Rockford Rockford
AnnArbor StLouis AnnArbor
GrandPrairie GrandPrairie
Atlanta Oxnard Atlanta
SantaClara Irving SantaClara
Norman Norman
Clarksville Anchorage
JerseyCity JerseyCity
GardenGrove GardenGrove
Allentown Allentown
Laredo Laredo
Olathe Olathe
SanFrancisco SanFrancisco
Tulsa Tulsa
Scottsdale Davidson
Montgomery Montgomery
Surprise Greensboro Surprise
Portland Portland
OklahomaCity OklahomaCity
Charleston Charleston
SimiValley SimiValley
CorpusChristi CorpusChristi
Corona Corona
Cary Cary
Stamford Stamford
Denver Denver
Akron Escondido Akron
Ontario Ontario
Lincoln Lincoln
Anaheim Anaheim
OWO OWO
Vallejo Vallejo
Hayward Hayward
Dallas Dallas
Chicago Chicago
Huntsville Huntsville
Wichita Wichita
Denton Denton
Cincinnati Cincinnati
Brownsville Brownsville
Glendale Glendale
Waco Waco
Madison Madison
Hartford Hartford
Killeen Killeen
Lancaster Lancaster
Thornton Thornton
Beaumont Beaumont
Hampton Hampton
Tampa ThousandOaks Tampa
Torrance Torrance
NewOrleans NewOrleans
Norfolk Norfolk
LouisvilleJefferson LouisvilleJefferson
Warren Warren
Memphis Memphis
Hollywood Hollywood
Riverside Riverside
Raleigh Raleigh
Irvine Irvine
McAllen McAllen
Pikachu Pikachu
Clyde LasVegas
Worcester Worcester
Glasses Glasses
MorenoValley MorenoValley
Omaha Omaha
FortCollins FortCollins
Knoxville Knoxville
Mesa Mesa
Houston Houston
Miami Miami
SanBernardino SanBernardino
NewHaven NewHaven
Elizabeth Elizabeth
Pasadena Pasadena
Salinas Salinas
Fremont Fremont
Lafayette Lafayette
HuntingtonBeach HuntingtonBeach
SantaRosa SantaRosa
SanAntonio SanAntonio
