0 35 44 98 61 54 35 49 72 59 82 47 94 5 47 59 43 38 30 72 26 74 13 76 52 80 87 19 80 16 35 28 18 48 62 36 65 71 36 3 2 48 14 57 34 15 57 29 89 67 66 89 97 60 78 81 55 9 51 78 77 33 78 70 33 4 25 6 84 45 46 79 58 32 99 7 93 17 91 68 41 17 32 10 53 39 64 24 37 69 90 27 92 12 31 85 86 12 83 7 39 20 24 46 1 73 40 1 6 81 21 56 97 63 75 42 95 88 23 11 75 22 29 97 96 8 29 49 50
50
0 0
2 2
3 3
4 4
6 6
7 7
9 9
12 12
14 14
16 16
17 17
18 18
20 20
22 22
25 25
28 28
32 32
33 33
36 36
37 37
39 39
41 41
42 42
43 43
45 45
46 46
53 53
57 57
59 59
61 61
62 62
63 63
69 69
71 71
72 72
73 73
75 75
76 76
79 79
80 80
83 83
84 84
85 85
87 87
88 88
90 90
92 92
93 93
95 95
98 98
