0 185 148 168 139 66 188 22 131 167 26 12 46 12 26 145 38 74 22 188 66 57 184 149 170 127 29 195 133 90 29 195 124 195 122 184 17 71 140 181 197 30 17 137 129 47 69 176 194 176 51 144 93 135 8 37 177 78 52 78 72 17 50 182 135 112 135 8 37 108 37 101 191 101 196 164 12 76 113 192 18 196 101 68 92 101 37 108 37 8 135 61 165 130 88 67 172 85 109 172 67 169 151 97 110 165 130 48 130 9 4 48 130 88 180 63 150 167 36 95 5 17 72 184 17 96 98 136 163 154 114 17 5 6 173 198 138 6 15 6 173 175 117 175 128 155 128 28 128 81 75 25 152 56 39 193 123 115 117 147 19 125 119 2 186 97 186 2 119 125 19 11 87 190 87 49 35 60 65 11 87 43 13 14 117 175 156 162 153 179 153 23 185 7 185 0
82
0 0
163 1 146
2 2
35 3 35 157
4 4
5 5 160
8 8
9 9 103
11 11
13 13
14 14
15 15 16
17 17 94
18 18
108 20 166
190 21 116 190
22 22
23 23
48 24
26 26
97 27
28 28 187
151 31 151
76 33
38 38
39 39
165 42
43 43 159
47 47
50 50
51 51
52 52 199
56 56
123 59 158
65 65
66 66
67 67
68 68
69 69
7 70
71 71
72 72
74 74
78 78
110 80
81 81
87 83
46 84
133 86 133
19 89
93 93
96 96
98 98
112 100 111
101 101
179 102
155 107
114 114
115 115
12 120
125 125
128 128
129 129
130 130
172 134 172
137 137
138 138
191 141
175 143
152 152
153 153
154 154
164 164
167 167
173 173
119 174
177 177
182 182
63 183
184 184
193 193
197 197
