13 87 34 4 13 98 57 76 31 36 77 30 17 11 77 31 57 7 98 24 75 39 24 69 64 58 70 12 69 79 74 78 80 60 74 32 63 12 99 83 97 59 27 14 59 15 99 29 83 21 48 95 9 50 71 1 9 47 41 91 81 49 55 22 92 65 49 91 21 83 18 42 61 84 51 46 84 88 62 8 56 40 56 44 52 73 85 40 85 73 89 28 90 33 72 43 33 28 89 26 23 16 26 51 5 61 0 53 66 37 66 96 7 68 25 67 37 2 82 38 13
47
50 50
51 51
52 52 94
53 53
40 54
55 55
56 56
57 57
58 58
59 59
60 60
61 61
62 62
63 63
64 64
65 65
66 66
67 67
68 68
69 69
70 70
71 71
72 72
73 73
74 74
75 75
76 76
77 77
78 78
79 79
80 80
81 81
82 82
83 83
84 84
85 85 93
99 86 99
87 87
88 88
89 89
90 90
91 91
92 92
95 95
96 96
97 97
98 98
