13 62 124 126 62 147 178 100 65 9 124 62 64 21 179 44 168 18 198 152 90 198 114 130 18 16 67 73 170 81 182 39 114 194 43 81 59 73 136 80 180 50 184 5 21 42 193 60 193 96 179 112 93 42 2 15 47 19 11 47 183 15 47 58 164 116 98 70 169 119 191 57 188 106 119 57 191 74 133 91 169 70 172 10 91 104 55 142 146 125 78 46 78 88 12 142 31 40 85 27 61 51 159 24 192 71 123 97 141 113 49 71 192 24 189 20 115 144 167 115 0 154 86 82 173 94 87 22 10 177 155 34 22 30 186 128 30 7 22 158 24 37 52 159 165 101 66 129 199 41 10 105 129 159 161 33 146 118 121 108 33 131 179 151 171 197 26 68 136 53 77 26 83 131 8 171 140 181 174 45 139 14 174 99 166 117 140 36 102 149 23 95 81 135 187 5 25 92 145 135 102 28 89 163 180 86 3 63 165 114 35 51 116 148 27 185 45 150 85 40 31 132 142 190 195 190 175 110 69 75 93 50 76 196 122 73 136 79 166 16 138 168 21 64 143 107 29 143 120 193 162 103 32 109 127 32 13
94
100 100
101 101
102 102
103 103
104 104
105 105
106 106
107 107
108 108
109 109
110 110
154 111 134 154
112 112
113 113
114 114
115 115
116 116
117 117
118 118
119 119
120 120
121 121
122 122
123 123
124 124
125 125
126 126
127 127
128 128
129 129
130 130
131 131
132 132
133 133
135 135
136 136
60 137
138 138
139 139
140 140
141 141
142 142
143 143
144 144
145 145
146 146
147 147
148 148
149 149
150 150
151 151
152 152
195 153 160 195
155 155
162 156 162
192 157 192
158 158
159 159
161 161
163 163
164 164
165 165
166 166
167 167
168 168
169 169
170 170
171 171
172 172
173 173
174 174
175 175
46 176
177 177
178 178
179 179
180 180
181 181
182 182
183 183
184 184
185 185
186 186
187 187
188 188
189 189
190 190
191 191
193 193
194 194
196 196
197 197
198 198
199 199
