oUyBZvEHNPOWtAsHANHU eWGFHgdBASXJbxQbYrCG hNRcEeFjmsmOnuOdNAXl eqwycKZriorIAbsUBjxu VVzvLIOwARaWwhQTKPrx OWCblOtQanZakRLMqMxz eWVKeYegIFOJxvfRkjek JKNUHFrXPStBWMuUOVkj CCYBPFZgoOONzoEeTKzC CcspnGXfrmzZRWjdMjLd PojKKQvEDmFOnJinujFi hpQFeVriPZmwKZcYFAWN NBTlGJqSnWahMvuDlXAm ikjgYLaZRolSrbIYyKBd tItiZloipgPmLuONrNnZ eqwycKZriorIAbsUBjxu UgaWwXBplvlUJzfeuZdN QMnEKXGwZYUlreveNjwA XZRBuctXhYPbWardFSZS CcspnGXfrmzZRWjdMjLd rqqedkokePZFdhDbMNpX IuNNJvHSmYKpVBzmzuJX znYRMYifzQwyixuIXDnz DsLevMWgWFWOQXFMbaQy gUlgGYCPZjsRiFLqnVun JGmrlhNqKarRJZMikIzR fDAbzsYfiXDxOIsITcQl IuNNJvHSmYKpVBzmzuJX rqqedkokePZFdhDbMNpX NBTlGJqSnWahMvuDlXAm ikjgYLaZRolSrbIYyKBd oUyBZvEHNPOWtAsHANHU
21
oUyBZvEHNPOWtAsHANHU oUyBZvEHNPOWtAsHANHU
PojKKQvEDmFOnJinujFi PojKKQvEDmFOnJinujFi
eqwycKZriorIAbsUBjxu eqwycKZriorIAbsUBjxu MeohNnftDTzllMTGwxnG
hpQFeVriPZmwKZcYFAWN hpQFeVriPZmwKZcYFAWN
QMnEKXGwZYUlreveNjwA QMnEKXGwZYUlreveNjwA
fDAbzsYfiXDxOIsITcQl NVPacTSrBMpDkMBotiWB
tItiZloipgPmLuONrNnZ cAvnOxZJtanpVvcAxJHM
OWCblOtQanZakRLMqMxz OWCblOtQanZakRLMqMxz
eWVKeYegIFOJxvfRkjek eWVKeYegIFOJxvfRkjek
hNRcEeFjmsmOnuOdNAXl hNRcEeFjmsmOnuOdNAXl
JKNUHFrXPStBWMuUOVkj lPMfQyVLDIZczBuDgsVQ JKNUHFrXPStBWMuUOVkj UMfDYlvFlUVuogMRkWNG
CCYBPFZgoOONzoEeTKzC CCYBPFZgoOONzoEeTKzC
IuNNJvHSmYKpVBzmzuJX IuNNJvHSmYKpVBzmzuJX
eWGFHgdBASXJbxQbYrCG eWGFHgdBASXJbxQbYrCG
CcspnGXfrmzZRWjdMjLd oMKDNkBacLxexXKHqXfF CcspnGXfrmzZRWjdMjLd
znYRMYifzQwyixuIXDnz znYRMYifzQwyixuIXDnz
rqqedkokePZFdhDbMNpX IUJDEWwYxhQimsCqnrFH
gUlgGYCPZjsRiFLqnVun gUlgGYCPZjsRiFLqnVun
ikjgYLaZRolSrbIYyKBd CXrruomvXfADUrHxMwZi
VVzvLIOwARaWwhQTKPrx VVzvLIOwARaWwhQTKPrx
NBTlGJqSnWahMvuDlXAm NBTlGJqSnWahMvuDlXAm
