0 68 58 86 60 40 71 40 50 90 63 18 52 27 58 23 10 84 96 10 68 74 88 37 61 25 87 93 81 75 33 13 75 81 93 87 54 81 15 57 97 31 4 0 98 94 77 16 24 12 82 66 48 82 1 35 43 2 1 72 22 59 70 3 70 22 34 21 30 69 7 38 20 67 79 67 89 51 55 44 51 67 20 7 62 88 19 62 41 65 6 17 42 41 9 85 47 80 36 56 28 36 21 78 62 5 47 32 91 46 32 80 53 8 11 29 46 0 24 18 0
49
1 1
2 2
3 3
4 4
5 5
6 6
7 7
8 8
9 9
10 10
11 11
12 12
13 13
71 14
15 15
16 16
17 17
18 18
19 19
20 20
21 21
22 22
23 23
24 24
25 25
79 26 39
27 27
28 28
29 29
30 30
31 31
32 32
33 33
34 34
35 35
36 36
37 37
38 38
40 40
41 41
42 42
43 43
44 44
56 45
46 46
47 47
48 48
70 49
50 50
