0 167 99 189 62 167 163 119 73 150 194 165 170 85 165 84 170 98 131 194 59 150 91 19 36 119 190 97 52 3 97 27 12 63 143 12 116 163 0 155 14 4 125 141 0 113 18 60 185 6 26 197 132 26 46 7 112 26 18 41 45 104 140 50 45 140 67 72 66 82 136 157 179 82 77 80 20 93 77 111 96 191 172 103 191 147 103 90 33 103 49 127 149 102 156 32 102 11 149 144 115 30 144 53 49 22 51 146 173 139 39 173 86 138 142 168 55 118 122 124 164 74 124 34 122 138 134 15 129 95 15 159 8 23 151 42 68 47 28 42 120 133 13 76 117 106 24 126 40 154 169 16 71 40 24 83 43 137 87 81 76 43 65 180 184 31 65 35 199 196 75 94 128 171 186 128 75 44 198 35 61 196 35 109 123 166 174 192 175 158 161 107 158 38 64 175 21 178 166 25 89 123 70 35 114 135 187 5 29 135 10 57 181 183 108 2 183 148 57 188 88 92 121 88 78 57 176 56 54 10 69 23 138 22 1 105 37 182 9 105 162 152 79 195 177 100 1 130 160 17 130 48 110 193 153 110 145 48 1 195 101 58
100
1 1
2 2
3 3
4 4
5 5
6 6
7 7
8 8
9 9
10 10
11 11
12 12
13 13
14 14
15 15
16 16
17 17
18 18
19 19
20 20
21 21
22 22
23 23
24 24
25 25
26 26
27 27
28 28
29 29
30 30
31 31
32 32
33 33
34 34
35 35
36 36
37 37
38 38
39 39
40 40
41 41
42 42
43 43
44 44
45 45
46 46
47 47
48 48
49 49
50 50
51 51
52 52
53 53
54 54
55 55
56 56
57 57
58 58
59 59
60 60
61 61
62 62
63 63
64 64
65 65
66 66
67 67
68 68
69 69
70 70
71 71
72 72
73 73
74 74
75 75
76 76
77 77
78 78
79 79
80 80
81 81
82 82
83 83
84 84
85 85
86 86
87 87
88 88
89 89
90 90
91 91
92 92
93 93
94 94
95 95
96 96
97 97
98 98
99 99
100 100
