Soda L88 L43 L63 L89 L27 L10 L93 L63 L49 L66 L82 L66 L49 L32 L37 L17 L75 L17 L42 L16 L94 L20 L12 L26 L1 L74 L57 L85 L91 L0 L95 L25 L96 L71 L0 L21 L96 L1 L8 L56 L47 L8 L56 L34 L26 L12 L93 L48 L46 L38 L61 L45 L50 L30 L86 L92 L45 L28 L83 L4 L63 L58 L72 L78 L12 L65 L13 L41 L78 L80 L94 L90 L72 L6 L72 L58 L43 L39 L53 L70 L39 L79 L40 L30 L5 L22 L67 L22 L62 L87 L76 L77 L54 L60 L87 L62 L22 L29 L98 L92 L97 L59 L19 L29 L33 L23 L32 L44 L2 L33 L29 L19 L59 Soda
39
L1 L1
L2 L2
L94 L3 L94
L5 L5
L6 L6 L36 L51
L8 L8
L10 L10
L67 L11 L67
L12 L12
L47 L15
L16 L16 L31 L35
L75 L18 L75
L19 L19
L21 L21
L23 L23
L25 L25
L26 L26
L29 L29
L30 L30
L39 L39
L41 L41
L46 L46
L50 L50
L66 L52 L55 L66 L84
L56 L56
L57 L57
L63 L63
L80 L64 L80
L17 L69
L82 L82
L83 L83
L85 L85
L87 L87
L89 L89
L91 L91
L92 L92
L95 L95
L97 L97
L98 L98
