Soda location87 location77 location13 location39 location97 location33 location94 location7 location64 location2 location22 location91 location51 location60 location49 location56 location21 location95 location21 location60 location54 Soda location87 Soda location54 location76 location26 location6 location46 location55 location65 location53 location55 location40 location46 location27 location66 location14 location74 location9 location13 location5 location14 location26 location6 location62 location3 location85 location75 location35 location85 location35 location24 location45 location1 location69 location78 location44 location96 location30 location94 location72 location86 location58 location72 location11 location88 location4 location8 location63 location34 location12 location70 location90 location93 location98 location29 location98 location90 location83 location43 location8 location32 location50 location71 location69 location57 location18 location71 location68 location61 location76 location67 location32 location82 location32 location15 location99 location41 location52 location80 location4 Soda
43
location1 location1
location2 location2 location36
location3 location3
location4 location4
location5 location5
location6 location6
location7 location7
location8 location8
location9 location9
location82 location10 location17
location11 location11
location12 location12
location13 location13
location14 location14
location15 location15
location29 location16 location29
location18 location18 location25
location95 location19
location85 location20
location21 location21
location22 location22
location32 location23 location32 location37
location24 location24
location26 location26 location42
location27 location27
location54 location28
location30 location30
location83 location31
location33 location33
location34 location34
location35 location35
location57 location38
location39 location39
location40 location40
location41 location41
location43 location43
location44 location44
location45 location45
location46 location46
location87 location47
location71 location48
location49 location49
location50 location50
