Soda location182 location171 location117 location59 location36 location3 location155 location58 location144 location3 location36 location59 location192 location101 location53 location169 location129 location22 location11 location164 location67 location157 location147 location134 location165 location14 location109 location134 location14 location48 location153 location110 location39 location147 location11 location22 location129 location42 location174 location179 location145 location83 location5 location63 location42 location174 location6 location95 location159 location172 location94 location9 location199 location20 location137 location163 location9 location53 location2 location25 location62 location36 location38 location30 location85 location69 location44 location56 location85 location33 location171 location72 location160 location21 location25 location186 location177 location133 location132 location177 location104 location186 location47 location18 location170 location161 location197 location120 location161 location116 location138 location158 location148 location55 location136 location120 location188 location24 location156 location24 location148 location138 location97 location99 location195 location141 location184 location98 location71 location31 location146 location4 location54 location28 location71 location116 location118 location59 location35 location194 location112 location16 location90 location161 location111 location162 location92 location87 location189 location176 location88 location166 location189 location18 location47 location8 location186 location173 location65 location67 location164 location75 location46 location57 location81 location45 location77 location103 location125 location54 location187 location105 location56 location121 location54 location125 location77 location34 location10 location150 location119 location150 location29 location196 location125 location127 location50 location29 location167 location86 location115 location149 location41 location10 location130 location175 location168 location151 location66 location40 location151 location135 location79 location191 location87 location79 location175 location32 location49 location108 location109 location130 location100 location60 location68 location33 location19 location184 location143 location173 location78 location76 location184 location70 location115 location23 location198 location185 location52 location12 location64 location23 location183 location82 location17 location23 location10 location150 location93 location159 location26 location159 location106 location84 location140 location43 location107 location114 location142 location131 location80 location13 location114 location128 location93 location178 Soda
94
location187 location1
location2 location2
location3 location3
location4 location4
location5 location5
location6 location6
location179 location7
location8 location8
location9 location9
location10 location10 location51 location73
location11 location11
location12 location12
location13 location13
location14 location14
location156 location15
location16 location16
location17 location17
location18 location18
location19 location19
location20 location20
location21 location21
location22 location22
location23 location23
location24 location24
location25 location25
location26 location26 location96
location119 location27
location28 location28
location29 location29
location30 location30
location31 location31
location32 location32
location33 location33
location34 location34
location35 location35 location37
location36 location36
location38 location38
location39 location39
location40 location40
location41 location41
location42 location42
location43 location43
location44 location44
location45 location45
location46 location46
location47 location47
location48 location48
location49 location49
location50 location50 location91
location52 location52
location53 location53
location54 location54 location89
location55 location55
location56 location56
location57 location57
location58 location58
location59 location59
location60 location60
location174 location61
location62 location62
location63 location63
location64 location64
location65 location65
location66 location66
location67 location67
location68 location68
location69 location69
location70 location70
location71 location71
location72 location72
location115 location74
location75 location75
location76 location76
location77 location77
location78 location78
location79 location79
location80 location80
location81 location81
location82 location82
location83 location83
location84 location84
location85 location85
location86 location86
location87 location87
location88 location88
location90 location90
location92 location92
location93 location93
location94 location94
location95 location95
location97 location97
location98 location98
location99 location99
location100 location100
