Soda location26 location48 location47 location41 location14 location36 location24 location40 location14 location16 location30 location23 location31 location24 location44 location6 location21 location3 location27 location10 location21 location17 location29 location35 location7 location43 location34 location5 location48 location26 location34 location4 location2 location48 location26 location13 location46 location9 location46 location9 location49 location16 location30 location33 location1 location33 location45 location39 location32 location13 location28 location5 location34 location43 location25 Soda
20
location1 location1 location8
location2 location2
location3 location3
location4 location4 location12 location22
location5 location5
location6 location6
location7 location7
location9 location9 location20
location10 location10 location11
location13 location13
location14 location14
location44 location15
location16 location16
location17 location17
location46 location18
location43 location19
location21 location21
location23 location23
location24 location24
location25 location25
