Jingzhou Fredericia CoonRapids Fredericia Colachel AbualMatamir SaintMichael Simmerath Chambersburg Srinagar Entroncamento TarguSecuiesc Bodhan TanahMerah Wittenau Bejucal Xochimilco ZapadnoyeDegunino Herzliyya Sertaozinho Surkhpur Bejucal Khangarh Pundong Ketrzyn NovyyBuh CroixdesBouquets Xochimilco CiudaddelCarmen Chambly Khabarovsk Crespo Falun Lysva Chegem Khabarovsk Chambly Chittaranjan CiudaddelCarmen SanJosedeOcoa Ketrzyn Herzliyya Ouarzazat Ketrzyn LaPossession Shumen Piraeus LaPossession Ouarzazat Frosinone Ronse Junagarh Westmont Frosinone Ronse AzZuwaytinah RioFormoso Bejucal KrasnoyeSelo Kirovsk SmederevskaPalanka Puruliya Eregli Jinotega Shagamu Eregli Kiruna Srinagar Kheri Malnate BurgbeiMagdeburg Kabarnet Tabatinga MelitodiNapoli BeneBeraq MelitodiNapoli Tabatinga Kabarnet Sanaa Sarzedo Herzliyya Chambly Shively Depok Carouge Kheri Veenendaal Ghugus Veenendaal Carmichael elCampello NiagaraFalls Huauchinango Carmichael Carouge Colachel Rembangan Thamaga Tottori Junagarh Chittaranjan Vandavasi Ramjibanpur Rembangan AbualMatamir Bodhan Geilenkirchen AbualMatamir Colachel Fredericia Jingzhou
42
CoonRapids Sagalo CoonRapids
Ghugus Ghugus Manduria
Sarzedo Sarzedo
Khabarovsk Khabarovsk
Sanaa JabalosSaraj Sanaa
SanJosedeOcoa SanJosedeOcoa
elCampello elCampello
Chegem Chegem
Tottori Tottori
SaintMichael SaintMichael
RioFormoso RioFormoso
Ketrzyn Ketrzyn
Crespo Crespo
AzZuwaytinah AzZuwaytinah
Kirovsk Kirovsk
Geilenkirchen Ermelo
Thamaga Thamaga
Srinagar Srinagar
Shively Shively
Rembangan Rembangan
Ronse Ronse
Jinotega LondonderryCountyBor FortLauderdale
Frosinone Radnor
Ouarzazat Ouarzazat
Lysva Lysva
Entroncamento Entroncamento
Colachel Colachel Ibri
Falun Rangae
Tabatinga Tabatinga
BeneBeraq BeneBeraq Gangtok
Carouge Carouge
Shumen Shumen
Chittaranjan Chittaranjan
Malnate Jeypore Malnate
BurgbeiMagdeburg BurgbeiMagdeburg
Kabarnet Kabarnet
Veenendaal Shizunaifurukawacho Veenendaal
Depok Depok
TanahMerah TanahMerah
Bejucal Bejucal
Kheri Kheri
Carmichael Carmichael
