LesLilas Nahorkatiya TagbilaranCity Nahorkatiya Skelmersdale Prostejov Licata Wachtberg Rhondda Klatovy Ronnenberg BlueIsland Skelmersdale Licata Mondlo AinArnat Battambang Licata AlBajur MonteAlegre Oyonnax SenaMadureira Sasovo Mondlo Botad NorthAurora Protaras Bourgoin ElCentro Pozzuoli Haripur Battambang Licata MiguelAlemanLaDoce Bhusaval Garbsen Marchena Shobara Biskra Shobara Marchena ElCentro Bourgoin Kambove CerroAzul Mabopane Cachan AshtonunderLyne Aringay Ceerigaabo VillaPauladeSarmient GongdanglegiKulon Bury Pezinok Belalcazar Oerlinghausen Chelles Manacapuru Kasamwa Butuan Acireale Banting GuaMusang Andrychow SanJuandelaMaguana Andrychow Magdeburg Haora SaintCyrlEcole Alotenango Aringay Kambove MontignyleBretonne GuaMusang Banting Acireale Baramula Acireale Lembang Nangi CamRanh EastLongmeadow Gorgan Shimofurano Gorgan NahiyatashShinafiyah Mandan ArRumaythiyah Butuan Mandan Sobue GongdanglegiKulon Bourgoin Morwa Bishopstoke KotRadhaKishan HaciendaLaCalera Protaras Bourgoin EastLongmeadow Scottsdale FetestiGara PortoVelho Kondrovo Battambang Embu FetestiGara Mandan Gowurdak EastLongmeadow Bourgoin Malpe NowaRuda Alnavar NowaRuda GongdanglegiKulon Espiye Shchekino NuevoMexico Milledgeville Alghero Shchekino Itororo Malpe Shieli Malpe Itororo Ortaca Pamulang Belalcazar Kairouan Johnston Sobue Cachan Pinner Turek Johnston Wenchi Hangu Daokou Sosnovka HaciendaLaCalera Acarau Akcaabat Mauban Escada Tias Balachor Ibirataia SouthSaintPaul Karlsfeld Arusha Bishopstoke Twante Rivas Djelfa SouthSaintPaul Ibirataia Balachor Tias Escada Ipil Winnipeg Ipil VerrieresleBuisson AramokoEkiti Pezinok SenaMadureira Oyonnax VerrieresleBuisson Ipil Korsakov AscoliPiceno Grajau Escada Cherkasy Grajau Mondlo Licata Vyazniki UlanBator Razam Aracuai NorthAurora Botad Kineshma SpanishTown Rafiganj Pamulang Nagar Osan Purnia Anjarah Khulm Tansen SenadorPompeu Kikuchi NuevoMexico Buriram Lalago Tangzhai Khulm Lloydminster SpanishTown Rafiganj Mendes Tabou Skelmersdale Bishopstoke Acireale Langenhorn FortWorth Skelmersdale Geiro Skelmersdale Nahorkatiya LesLilas
82
Aringay Kaifeng
Gorgan Gorgan
Baramula Fuxin Baramula Sorada
Geiro Zhaodong CapimGrosso
Anjarah Anjarah
VillaPauladeSarmient VillaPauladeSarmient
Bury PriegodeCordoba Bury Braila
HaciendaLaCalera HaciendaLaCalera
Twante Twante
Acireale Ontinyent Acireale
SaintCyrlEcole SaintCyrlEcole
EastLongmeadow Mocoa EastLongmeadow
AshtonunderLyne AshtonunderLyne
Biskra Izhevsk
Wenchi Wenchi
TagbilaranCity Hirosaki TagbilaranCity
Gowurdak Gowurdak
Embu Embu
Espiye Espiye
AinArnat AinArnat
Daokou Daokou
SpanishTown SpanishTown
Winnipeg Vaniyambadi
Johnston Johnston
Aracuai Aracuai AinBessem
Shieli Shieli Yafo
BlueIsland MineralnyeVody Kotka BlueIsland ChalcodeDiazCovarrub
Oerlinghausen Oerlinghausen
SouthSaintPaul Kemise SouthSaintPaul Angleton
Langenhorn Langenhorn
Sosnovka Sosnovka
Shobara MadinatHamad
Mauban WestIslip
Acarau Acarau
GuaMusang GuaMusang
FortWorth FortWorth
Tabou Tabou
Manacapuru Manacapuru
SanJuandelaMaguana NoblePark SanJuandelaMaguana Gunzenhausen
Ibirataia Ibirataia
MonteAlegre MonteAlegre
Khulm Khulm
Morwa Morwa
Kairouan Kairouan
Itororo Itororo
Haripur Haripur
Battambang Battambang
Shimofurano Arzamas Shimofurano
Ortaca Ortaca
Akcaabat Akcaabat
Chelles Shurugwi
Turek Turek
Belalcazar Belalcazar
KotRadhaKishan KotRadhaKishan
Nagar Nagar
Pozzuoli Pozzuoli
Lloydminster Lloydminster
Alnavar Wangon
Tias SantanadoLivramento
Vyazniki Vyazniki
Haora Haora
Kineshma Kineshma
Skelmersdale Skelmersdale
SenaMadureira SenaMadureira
Rhondda Rhondda
PortoVelho PortoVelho
Andrychow Andrychow
Prostejov Prostejov
Mabopane Mabopane
Hangu Hangu
Kambove Kambove
Rivas Rivas
Shchekino Shchekino
Butuan Butuan
SenadorPompeu SenadorPompeu
Korsakov Korsakov
Escada Escada
NahiyatashShinafiyah NahiyatashShinafiyah
FetestiGara FetestiGara
Sobue Sobue
Pezinok Pezinok
Garbsen Garbsen
