Kaimganj Fagaras Pilibhit Kawit Vagonoremont Jalaun MontecatiniTerme MilpaAlta Tsirang MilpaAlta Tocache Kansk Yucheng BlueIsland Fandriana Tocache MilpaAlta Tsirang Xankandi Gobo Malaybalay Racine Gobo Malaybalay Norristown Bhudgaon Xankandi Madurai Kamalia GobernadorGalvez Novopokrovskaya Luckenwalde Providence Trinec Luckenwalde GobernadorGalvez Narangba SantiagodeCuba Yamaguchi Korolev Yucheng Tsukawaki Yucheng Isakogorka Leixlip Mesa EncarnaciondeDiaz MorlanwelzMariemont Leixlip Kaimganj
20
Malaybalay Dankov
Tsukawaki Karasuyama Tsukawaki
Narangba Narangba
Pilibhit Irvine Pilibhit
Fagaras Fagaras
Racine Racine
MilpaAlta PinhalNovo Anahuac MilpaAlta
Tsirang Brecht Tsirang
Yucheng Yucheng
Korolev Korolev
EncarnaciondeDiaz EncarnaciondeDiaz
Novopokrovskaya Novopokrovskaya
Jalaun Albi
Fandriana Fandriana
Isakogorka Isakogorka
GobernadorGalvez GobernadorGalvez
Gobo Gobo
Tocache Tocache
Leixlip Leixlip
MontecatiniTerme MontecatiniTerme
