IRUxJNqQHDtKwk qKAN35ZxfJxs2n K6 6mx6unEnl t8ufBKg6M55z4g 6bbt262qZFihQO 7F9H97joVTdU8ZEpeb pn0dj EbJNNmdNcYu0zYWsn8WQ DMSVg5BOVMw3 fgxHyKXvIAKSHtMEoO EbJNNmdNcYu0zYWsn8WQ VU2REvRjMeog 7F9H97joVTdU8ZEpeb Xn8chReB4cAIE2gsbLF tYEQUyLbbkP1dOjF 13GDMZYtkIBDG8SVi5px PyIXf31OCv7 fZI9MpWQ3XtUoVn YaOzkb QyWIcdD7GorZtfQJb 3 jTaOOUL S5 JQX0b TfK0dOIIY4 jTaOOUL Lr 3 I0a5SBtiDKckQxXh155L YvZ0aTMM uyp6KKxfzDAWVnn 4W KOtKYQK22FioLtSNslXR Kc4Vyt fMV6tQxP d bNfy6q11uC z5YSSdMs r5x ne6BNY2Gk8DelaYIDtU EUIVxR q4W ZhwG2iIZne3VkmHUWz Kpec a55s DIjqmT8LCHy Kpec 8I1AatPM Qu1ZJh3zkynzBrlj UqBa9uqODJzJ2DTn2WH YENY09HHdomFLWpqwri 6LyeKRs2mD1Afi9jqN 8I1AatPM 1p3lWfo8qHHC 9PHu2NLeEO q4W fYU2Uaajqs0pCys bvSOq ZaguBxortKIVVjm EXfqYjoFSTnavKQ 7goVcCN0 cw BKExF 0e cb6mDhQZbfw 17Rbu v0KFVI8d04n0 cb6mDhQZbfw d8c 0e cw EXfqYjoFSTnavKQ EcsTlClw uyp6KKxfzDAWVnn AUKNFdTo Kc4Vyt uyp6KKxfzDAWVnn m2oGn6oGt5 KOtKYQK22FioLtSNslXR 6GAx1 tZ m2oGn6oGt5 cPnISetFj7gG8o9K 13GDMZYtkIBDG8SVi5px 6bbt262qZFihQO tYEQUyLbbkP1dOjF pOoSn8Pa zcsBKP3FYMqw j11gCbcMZNJncxiwPV sR1n9b Tni kC EFLJOTk 1C 8pPHWv HekrqXXVeFMk Tb5qjVS0DSkDKD 8pPHWv 8mH07eUDVB04ui35Z 4pWeD5 nhkUU4YlSo EFLJOTk Q7Ib7B EJOi3LI92xJB eJxYI 909ApuO9Cb3 q9b8L0oiOJr lM3eVHiWOj2z1e iztqe0IzNSYeIUxP5Ys mQzeU6iv7 eJxYI dm3eqVahoXdbfjdOhS Y0i7rqNICc1 mQzeU6iv7 SoHxfA vngV9R4 z3IWTq6FKu1omU3 JHmdWB9 i z3IWTq6FKu1omU3 7Wp6U BUfMm00h6fJ tC5KpkScgYX02k
30
IRUxJNqQHDtKwk IRUxJNqQHDtKwk
tZ tZ
4pWeD5 4pWeD5
vngV9R4 vngV9R4
cPnISetFj7gG8o9K cPnISetFj7gG8o9K
8I1AatPM 8I1AatPM
K6 K6
1p3lWfo8qHHC 1p3lWfo8qHHC
6mx6unEnl 6mx6unEnl
SoHxfA SoHxfA
AUKNFdTo AUKNFdTo
JQX0b JQX0b
r5x r5x
fMV6tQxP fMV6tQxP
7F9H97joVTdU8ZEpeb 7F9H97joVTdU8ZEpeb
EJOi3LI92xJB EJOi3LI92xJB
0e 0e
Kpec Kpec
Tb5qjVS0DSkDKD Tb5qjVS0DSkDKD
Xn8chReB4cAIE2gsbLF Xn8chReB4cAIE2gsbLF
9PHu2NLeEO 9PHu2NLeEO
qKAN35ZxfJxs2n qKAN35ZxfJxs2n
fgxHyKXvIAKSHtMEoO fgxHyKXvIAKSHtMEoO
4W 4W
I0a5SBtiDKckQxXh155L I0a5SBtiDKckQxXh155L
mQzeU6iv7 mQzeU6iv7
q9b8L0oiOJr q9b8L0oiOJr
QyWIcdD7GorZtfQJb QyWIcdD7GorZtfQJb
S5 S5
13GDMZYtkIBDG8SVi5px 13GDMZYtkIBDG8SVi5px
