0 97 73 81 1 14 72 1 13 92 44 78 67 65 13 0 1 50 67 46 99 9 18 33 24 74 18 20 45 39 32 4 52 89 90 27 71 76 27 45 4 2 8 16 10 8 46 19 58 82 68 85 77 35 61 7 12 88 28 55 86 94 79 86 30 87 91 54 30 55 36 47 64 26 23 21 26 28 12 35 43 48 59 31 48 29 31 75 69 53 25 34 11 53 49 56 15 42 51 29 98 93 60 83 66 6 5 40 3 6 60 57 62 41 95 37 41 38 22 57 63 68 84 58 70 96 17 19 80
50
6 6
8 8
9 9
12 12
14 14
15 15
16 16
21 21
25 25
29 29
31 31
32 32
33 33
35 35
36 36
37 37
39 39
40 40
43 43
44 44
46 46
50 50
51 51
53 53
54 54
56 56
58 58
62 62
65 65
67 67
68 68
69 69
71 71
72 72
75 75
77 77
81 81
82 82
83 83
84 84
87 87
88 88
89 89
90 90
91 91
93 93
94 94
95 95
97 97
99 99
