0 54 12 4 64 11 54 8 22 6 43 8 30 26 47 62 16 29 32 56 27 57 24 28 58 51 46 58 25 33 67 17 71 84 59 89 90 59 82 88 59 93 49 74 17 76 80 17 75 73 17 79 86 59 94 72 17 77 85 59 87 92 59 99 98 59 97 83 59 96 91 59 95 69 17 70 65 17 81 78 17 66 7 23 25 59 17 68 50 40 60 61 53 18 61 35 38 40 5 63 14 55 13 14 36 15 38 42 10 19 45 41 1 45 18 34 39 44 3 39 2 21 48 52 31 48 34 16 32 24 9 8 20 37
35
65 65
66 66
67 67
68 68
69 69
70 70
71 71
72 72
73 73
74 74
75 75
76 76
77 77
78 78
79 79
80 80
81 81
82 82
83 83
84 84
85 85
86 86
87 87
88 88
89 89
90 90
91 91
92 92
93 93
94 94
95 95
96 96
97 97
98 98
99 99
