0 98 125 97 18 162 145 18 138 130 18 151 158 18 142 156 18 137 149 18 144 132 18 133 107 18 153 136 18 159 160 18 150 6 44 89 119 61 89 87 44 18 154 161 18 143 199 20 185 173 20 174 196 20 171 198 20 183 166 20 193 188 20 165 187 20 179 155 18 152 195 20 197 139 18 131 181 20 184 68 18 148 180 20 172 157 18 146 167 20 177 170 20 191 190 20 192 169 20 186 182 20 194 189 20 175 178 20 168 141 18 135 147 18 164 140 18 134 163 18 20 176 12 86 106 24 86 80 115 92 23 29 80 110 19 84 31 19 118 10 125 2 99 59 38 99 5 41 70 101 11 77 34 32 45 37 60 116 88 60 74 78 32 76 11 14 113 129 16 58 113 1 128 93 17 48 4 17 128 40 47 103 85 25 3 127 62 47 3 42 64 36 123 40 3 116 100 121 63 109 49 122 94 28 56 117 46 75 56 124 26 105 55 54 71 104 91 83 27 104 15 26 30 55 35 51 126 52 108 90 82 108 57 65 79 43 120 35 21 22 111 33 79 39 43 33 72 122 50 49 9 53 96 114 81 13 7 112 95 73 114 9 97 66 102 10 110 67 0 69 8
70
130 130
131 131
132 132
133 133
134 134
135 135
136 136
137 137
138 138
139 139
140 140
141 141
142 142
143 143
144 144
145 145
146 146
147 147
148 148
149 149
150 150
151 151
152 152
153 153
154 154
155 155
156 156
157 157
158 158
159 159
160 160
161 161
162 162
163 163
164 164
165 165
166 166
167 167
168 168
169 169
170 170
171 171
172 172
173 173
174 174
175 175
176 176
177 177
178 178
179 179
180 180
181 181
182 182
183 183
184 184
185 185
186 186
187 187
188 188
189 189
190 190
191 191
192 192
193 193
194 194
195 195
196 196
197 197
198 198
199 199
