2 38 8 17 56 27 61 56 2 60 33 60 49 94 82 66 12 45 53 86 95 23 32 14 62 21 76 50 21 79 11 62 6 25 4 32 36 23 53 12 73 93 54 41 93 41 7 19 59 40 13 77 9 44 99 3 98 26 47 28 43 9 51 10 31 20 85 22 40 72 39 59 57 96 100 84 96 97 68 89 78 16 42 89 30 40 84 1 88 46 28 83 77 71 90 63 71 91 80 81 74 55 58 64 5 75 52 92 67 29 17 70 37 34 2
47
1 1
3 3
5 5
7 7
9 9
11 11
13 13
21 15 21
17 17
19 19
23 23
25 25
27 27
29 29
31 31
33 33 69
93 35 93
37 37
39 39
41 41
43 43
45 45
47 47
49 49
51 51
53 53
55 55
57 57
59 59
61 61
63 63
64 65
67 67
71 71
73 73
75 75
77 77
79 79
81 81
83 83
85 85
56 87
89 89
91 91
95 95
97 97
99 99
