S 3M 3Bf 3Bj 3Bh 3Bf 3Bi 3Bg 3Bf 3Cd 3Cc 3Cb 3Ca 3M 3Ba 3Be 3Bc 3Ba 3Bd 3Bb 3Ba 3Ek 3Ed 3Em 3Ej 3Ed 3Ee 3Ea 3Ed 3El 3Eh 3Ec 3Ei 3Ef 3Ec 3Eb 3Ea 3Ec 3Eg 3Ae 3Ab 3Ad 3Ac 3Ab 3Af 3M 3Aa 3Ea 3M 3Fa 3Fe 3Fc 3Fa 3Fd 3Fb 3Fa 3Da 3Dd 3Dc 3Da 3De 3Db 3Da 3M 3Ak 3Ag 3Ai 3Ah 3Ag 3Aj 2Fc 2Fa 2Fd 2Fb 2Fa 2Fe 2Aj 2Ag 2Ai 2Ah 2Ag 2Ak 2M 2Bf 2Bj 2Bh 2Bf 2Bi 2Bg 2Bf 2Ba 2Be 2Bd 2Ba 2Bc 2Bb 2Ba 2M 2Ca 2Cb 2Cc 2Cd 2Ad 2Ab 2Ae 2Ac 2Ab 2Af 2M 2Aa 2Fa 2M 2Ea 2Ek 2Ed 2Em 2El 2Ed 2Ej 2Ee 2Ea 2Ed 2Eb 2Ea 2Ec 2Ei 2Eh 2Ec 2Eg 2Ef 2Ec 2Da 2De 2Dc 2Da 2Dd 2Db 2Da 2M S 4M 4Ak 4Ag 4Aj 4Ah 4Ag 4Ai 4Fb 4Fa 4Fe 4Fd 4Fa 4Fc 4Bf 4Bi 4Bh 4Bf 4Bj 4Bg 4Bf 4M 4Af 4Ab 4Ae 4Ad 4Ab 4Ac 4Fa 4M 4Aa 4Ea 4Ee 4Ec 4Ei 4Eg 4Ec 4Eh 4Ef 4Ec 4Ea 4Ed 4Em 4El 4Ed 4Ek 4Ej 4Ed 4Eb 4Ea 4M 4Ba 4Bd 4Bc 4Ba 4Be 4Bb 4Ba 4Da 4Dd 4Dc 4Da 4De 4Db 4Da 4M 4Ca 4Cb 4Cc 4Cd 1Ah 1Ag 1Aj 1Ai 1Ag 1Ak 1M 1Ca 1Cb 1Cc 1Cd 1Bd 1Ba 1Be 1Bc 1Ba 1Bb 1Dc 1Da 1Dd 1Db 1Da 1De 1Ad 1Ab 1Ae 1Ac 1Ab 1Af 1M 1Bf 1Bi 1Bh 1Bf 1Bj 1Bg 1Bf 1Fa 1Fe 1Fd 1Fa 1Fc 1Fb 1Fa 1M 1Aa 1Ea 1Ee 1Ec 1Ei 1Eg 1Ec 1Eh 1Ef 1Ec 1Ea 1Ed 1El 1Ek 1Ed 1Em 1Ej 1Ed 1Eb 1Ea 1M 1Ba 1Da 1M
96
1Aa 1Aa
1Ab 1Ab
1Ac 1Ac
1Ad 1Ad
1Ae 1Ae
1Ag 1Ag
1Ah 1Ah
1Ai 1Ai
1Aj 1Aj
1Bb 1Bb
1Bf 1Bf
1Bi 1Bi
1Bj 1Bj
1Ca 1Ca
1Cb 1Cb
1Cc 1Cc
1Cd 1Cd
1Dd 1Dd
1De 1De
1Ee 1Ee
1Eh 1Eh
1Ei 1Ei
1Ek 1Ek
1Fe 1Fe
2Aa 2Aa
2Ab 2Ab
2Ac 2Ac
2Ad 2Ad
2Ae 2Ae
2Ag 2Ag
2Ah 2Ah
2Ai 2Ai
2Aj 2Aj
2Bb 2Bb
2Bf 2Bf
2Bi 2Bi
2Bj 2Bj
2Ca 2Ca
2Cb 2Cb
2Cc 2Cc
2Cd 2Cd
2Dd 2Dd
2De 2De
2Ee 2Ee
2Eh 2Eh
2Ei 2Ei
2Ek 2Ek
2Fe 2Fe
3Aa 3Aa
3Ab 3Ab
3Ac 3Ac
3Ad 3Ad
3Ae 3Ae
3Ag 3Ag
3Ah 3Ah
3Ai 3Ai
3Aj 3Aj
3Bb 3Bb
3Bf 3Bf
3Bi 3Bi
3Bj 3Bj
3Ca 3Ca
3Cb 3Cb
3Cc 3Cc
3Cd 3Cd
3Dd 3Dd
3De 3De
3Ee 3Ee
3Eh 3Eh
3Ei 3Ei
3Ek 3Ek
3Fe 3Fe
4Aa 4Aa
4Ab 4Ab
4Ac 4Ac
4Ad 4Ad
4Ae 4Ae
4Ag 4Ag
4Ah 4Ah
4Ai 4Ai
4Aj 4Aj
4Bb 4Bb
4Bf 4Bf
4Bi 4Bi
4Bj 4Bj
4Ca 4Ca
4Cb 4Cb
4Cc 4Cc
4Cd 4Cd
4Dd 4Dd
4De 4De
4Ee 4Ee
4Eh 4Eh
4Ei 4Ei
4Ek 4Ek
4Fe 4Fe
