6nj6dyOK K3J88UDV 1aJdK4y9 xULc5Xg4 2og9s1wD sR6JAufL 8e8OWOIi 6GJHoNdy B0wYReom 2mQchaeu Af1jBIly Rn4zxmTr bMSvK9eQ H2BV5cDz UQ4QaUHy BY5DUgv6 m0ciW6Mx nqvcEGpR QeSUIsQ1 xvUBVRdA QfsaQspW zSMh8yQJ a7ZQHfuF hc6YxxqG gd207oOq aqFtjHzO VfL5OK8y 2zGyaLBR LiP4S7ZQ EnviW6dj ytwiYcJl PvtbjzW6 T9nDSMXa rZiSDNtK aPSEsY2w E85AysUp Rv8rDvqp 1cr6aFpX PagRRYIg nKZTEeUl YLp2gziD 8tOszPqV H8eN9fj5 lvlSObqb msEJDy5f HYhd6zof XbFQ8G0U QqI1C9xC Y1BjCbsl 9WICwGq2 fwYwiVnO 3Y1yItFb 8NqlgdJG g5YhtPSt 8ni5D4t7 WlxPulQd JMul31yq 7IV7YjRX mjMe14fC xZfXXUDQ HEJxX3gA 87yhsuRE 9IHe97Yy HXMHfRTC iT0t8noc UmgiH1K9 NL9qZEp0 GVK6CciB AMieum8U rGjz0gOd S9dNuWxm ayFODfwg w3Radp7c FSF4Na2U KJQpAqYk Pi99fmGL KuVHgP1J yqX5KOVJ xTHVuNZl tDh0gTYH 7CrB3pCm yYTqCbSD Y93BYexY ucMA0iSv R4zDiMu3 0zB29H2A OpfVa1HT 8KVhuJvd Ym8LPSnY FPDwKJIj q1vN3eei c9Hgvc9w kkvcm3Qd vVYZOPt6 o1w8sSXK mXjWiYol UfRMeyI7 gbolqDJc 6nj6dyOK
49
6nj6dyOK 6nj6dyOK
UfRMeyI7 UfRMeyI7
xTHVuNZl xTHVuNZl
rGjz0gOd rGjz0gOd
OpfVa1HT OpfVa1HT
NL9qZEp0 NL9qZEp0
Rv8rDvqp Rv8rDvqp
ucMA0iSv ucMA0iSv
iT0t8noc iT0t8noc
S9dNuWxm S9dNuWxm
ayFODfwg ayFODfwg
R4zDiMu3 R4zDiMu3
sR6JAufL sR6JAufL
gd207oOq gd207oOq
UmgiH1K9 UmgiH1K9
aPSEsY2w aPSEsY2w
yqX5KOVJ yqX5KOVJ
8tOszPqV 8tOszPqV
9IHe97Yy 9IHe97Yy
0zB29H2A 0zB29H2A
K3J88UDV K3J88UDV
Af1jBIly Af1jBIly
WlxPulQd WlxPulQd
tDh0gTYH tDh0gTYH
2mQchaeu 2mQchaeu
B0wYReom B0wYReom
lvlSObqb CrvusN6e lvlSObqb
HEJxX3gA HEJxX3gA
QeSUIsQ1 QeSUIsQ1
xULc5Xg4 xULc5Xg4
1cr6aFpX 1cr6aFpX
mXjWiYol mXjWiYol
8ni5D4t7 8ni5D4t7
PagRRYIg PagRRYIg
rZiSDNtK rZiSDNtK
g5YhtPSt g5YhtPSt
q1vN3eei q1vN3eei
hc6YxxqG hc6YxxqG
JMul31yq JMul31yq
7IV7YjRX 7IV7YjRX
AMieum8U AMieum8U
nKZTEeUl nKZTEeUl
gbolqDJc gbolqDJc
o1w8sSXK o1w8sSXK
H2BV5cDz H2BV5cDz
1aJdK4y9 1aJdK4y9
c9Hgvc9w c9Hgvc9w
8e8OWOIi 8e8OWOIi
FPDwKJIj FPDwKJIj
