44 83 23 31 34 97 35 37 11 34 47 68 64 71 54 71 91 60 95 14 81 58 53 39 78 76 64 71 13 50 52 38 13 71 5 33 68 48 17 79 22 47 1 21 1 34 84 85 27 66 77 57 66 12 8 9 66 27 85 36 0 20 88 85 86 30 32 19 86 25 61 53 25 41 28 80 55 65 94 63 93 29 63 94 62 42 4 59 87 26 59 16 87 2 94 65 55 6 80 89 3 90 49 70 3 92 98 82 18 3 10 40 45 39 56 37 11 51 7 83 73 69 75 44
32
0 0
1 1
2 2
3 3
4 4
5 5
6 6
7 7
8 8
9 9
10 10
11 11
12 12
13 13
14 14
21 15 21
16 16
17 17
18 18
19 19
20 20
22 22
23 23
54 24
25 25
26 26
27 27
28 28
29 29
30 30
31 31
32 32
