56 68 19 36 67 83 81 29 81 83 8 81 26 6 85 87 38 75 0 85 75 66 52 10 81 83 67 41 63 11 25 91 5 35 43 39 24 34 69 50 91 15 34 62 53 78 82 23 46 79 1 9 71 73 46 9 1 31 32 74 4 77 30 47 54 30 37 92 27 42 90 2 45 44 18 80 72 33 65 21 16 44 18 80 84 58 13 88 40 13 58 57 39 24 22 23 68 89 56
44
0 0
1 1
29 3 29
4 4 61
5 5
8 8
9 9
10 10
13 13
15 15
11 17
19 19
87 20
22 22
23 23
24 24
30 30 60
31 31
32 32
33 33
36 36
38 38
41 41
42 42
68 48 68
50 50
54 54
57 57
58 58
63 63
65 65
66 66
67 67
74 74
81 81
82 82
83 83
84 84
85 85
88 88
89 89
90 90
91 91
92 92
