93 143 160 168 89 160 120 28 7 143 165 143 89 49 117 164 87 11 66 65 126 98 107 135 121 176 147 176 97 107 24 4 24 107 85 98 126 14 99 11 87 164 117 49 118 161 175 73 2 95 36 83 109 60 153 95 33 109 36 131 150 92 74 129 92 38 131 115 119 86 23 145 23 152 57 132 173 67 132 104 10 172 101 8 88 155 169 44 149 10 104 10 101 8 169 44 105 13 109 36 35 141 167 125 141 69 9 68 21 119 1 21 69 79 54 47 78 72 134 103 159 156 3 156 51 45 159 103 171 41 22 56 22 41 171 144 170 64 12 154 19 12 100 53 39 16 29 53 177 127 50 40 91 110 162 40 91 110 128 96 30 55 142 30 116 82 151 52 31 59 82 63 163 60 32 113 5 130 75 113 77 143 174 70 62 18 62 70 138 94 80 46 94 18 93
78
1 1
2 2
4 4 76
14 14
18 18 157
19 19
169 20 169
24 24
147 26 147
129 27 129
56 34 56
36 36
38 38
39 39
40 40
165 43 165
46 46
47 47
49 49
51 51
52 52
53 53
57 57
95 61 95
62 62
63 63
64 64
65 65
66 66
67 67
70 70 146
72 72
73 73
74 74
75 75
77 77
79 79
80 80
175 81
82 82
128 84
86 86
87 87 136
176 90 176
91 91
98 98
99 99
101 101
113 102
105 105
170 108 170
109 109
110 110
145 111
115 115
116 116
117 117
119 119
121 121
159 122
104 124
125 125
130 130
131 131
161 137 161
138 138
3 140
141 141
143 143
151 151
154 154
155 155
163 163
168 168
171 171
172 172
174 174
177 177
