Acton Compton Farmington Dublin Arnold Firebaugh Ferndale Clearlake Ferndale Columbia Fortuna Diablo Clayton Arcata Corning Burbank Arcadia Burbank Galt Brentwood Diablo Fortuna Columbia Fillmore Cobb Barstow Cobb Fillmore Columbia Carpinteria Gardena Campbell Crestline Biola Brentwood Diablo Artesia Fallbrook Fairfax Chino Fairfax Fallbrook Carson Bishop Brea Bishop Fruitdale Escondido Fruitdale Byron Fellows Byron Biggs Fowler Coronado Belmont Brisbane Corning Brawley Alhambra Cambria Cayucos Cambria Alhambra Cambria Alhambra Brawley Columbia Alpine Fontana Colusa Dinuba Banning Fresno August Clio Etna Copperopolis Bakersfield Bradbury Corralitos Dorris Boron Cotati August Fresno Banning Alamo Avalon Columbia Alpine Fontana Colusa Fowler Adelanto Colusa Covina Cudahy Bodfish Cartago Covelo Foresthill Covelo Farmersville Almanor Brawley Eureka Concow Carrick Alameda Berkeley Armona Danville Armona Encinitas Carlsbad Concow Fremont Delhi Farmersville Covelo Cartago Bluewater Cerritos Ducor Bayview Colfax Calexico Florin Alturas Dinuba Banning Coachella Freedom Carmichael Duarte Cupertino Bloomington Ceres Bloomington Cupertino Cromberg Calexico Blairsden Calexico Anderson Cerritos Bell Alpaugh Escalon Calipatria Crockett Cabazon Amesti Broadmoor Dixon Calabasas Coachella Campbell Arnold Bradley Arnold Firebaugh Cherryland Avery Georgetown Bellflower Bolinas Angwin Atascadero Bonsall Cutler Chualar Dunsmuir Calimesa Davis Aromas Bystrom Anaheim Bystrom Buttonwillow Boronda Clyde Boronda Beckwourth Azusa Cobb Cromberg Calexico Anderson Caribou Folsom Antioch Atascadero Angwin Bolinas Bellflower Carlsbad Encinitas Claremont Fullerton Avery Chowchilla Benicia Beaumont Calabasas Coachella Campbell Arnold Dublin Farmington Compton Acton
86
Adelanto Adelanto
Alameda Alameda
Alamo Alamo
Escondido Albany Atwater
Alhambra Alhambra Belden
Almanor Almanor
Alpaugh Alpaugh
Alpine Alpine
Foresthill Altadena
Alturas Alturas
Amesti Amesti
Anaheim Anaheim Calistoga
Anderson Anderson
Angwin Angwin
Antioch Antioch
Cerritos Aptos Cerritos
Biola Arbuckle Biola
Arcadia Arcadia Belvedere
Arcata Arcata
Armona Armona
Arnold Arnold
Aromas Aromas
Artesia Artesia
Cayucos Arvin Cayucos
Clearlake Ashland
Atascadero Atascadero
Blairsden Atherton Blairsden
Cupertino Auberry
Ceres Auburn Ceres
August August Castroville
Avalon Avalon
Chowchilla Avenal
Avery Avery
Azusa Azusa
Bakersfield Bakersfield
Banning Banning
Barstow Barstow Capitola
Bayview Bayview
Beaumont Beaumont
Beckwourth Beckwourth
Bell Bell
Bellflower Bellflower
Belmont Belmont
Benicia Benicia
Berkeley Berkeley
Biggs Biggs
Bishop Bishop
Bloomington Bloomington
Bluewater Bluewater
Danville Blythe
Bodfish Bodfish
Bolinas Bolinas
Fallbrook Bonita
Bonsall Bonsall
Chino Bootjack Burney
Boron Boron
Boronda Boronda
Compton Bowles
Bradbury Bradbury
Bradley Bradley Caruthers
Brawley Brawley
Brea Brea
Brentwood Brentwood
Brisbane Brisbane
Broadmoor Broadmoor
Burbank Burbank Camarillo
Ducor Burlingame
Buttonwillow Buttonwillow
Byron Byron
Bystrom Bystrom
Cabazon Cabazon
Calabasas Calabasas
Calexico Calexico
Calimesa Calimesa
Calipatria Calipatria
Fortuna Calwa
Cambria Cambria
Campbell Campbell
Encinitas Canyondam
Caribou Caribou
Carlsbad Carlsbad
Carmichael Carmichael
Carpinteria Carpinteria
Carrick Carrick
Carson Carson
Cartago Cartago
