Acadia Guadalupe Sequoia Wrangell Teddy Cascades Canyonlands Brycecanyon Isle Lassen Channel Lassen Channel Gateway Saguaro Voyageurs Mammoth Guadalupe Isle Teton Redwood Kenai Basin Gunnison Glacier Brycecanyon Canyonlands Clark Badlands Crater Olympic Arches Sequoia Guadalupe Isle Kenai Voyageurs Bend Yosemite Zion Rainier Rocky Joshua Pinnacles Sequoia Wrangell Denali Katmai Everglades Congaree Caverns Rocky Biscayne Acadia
22
Arches Arches
Badlands Badlands
Bend Bend
Biscayne Biscayne
Gunnison Gunnison
Brycecanyon Brycecanyon
Canyonlands Canyonlands
Acadia Capitol Tortugas
Caverns Caverns
Channel Channel Cuyahoga Indiana
Congaree Congaree
Crater Crater
Denali Denali
Everglades Everglades
Gateway Gateway
Glacier Glacier
Teton Teton
Basin Basin
Lassen Smoky
Guadalupe Guadalupe
Teddy Haleakala
Isle Isle
