Soda Westeros Pentos VaesDothrak Ormal Pentos Iluin Sunspear Pentos YiTi Mereen Pentos Mordor Ghis Pentos KingsLanding Valyria Pentos StoneTable Qarth Pentos Pern Qohor Pentos Calor Braavos Pentos Telmar Essos Pentos Narnia Andalos Pentos Hobbiton CasterlyRock Soda Vale North Soda Reach Mandos Soda Ulthos Sothoryos Arnor Gondor Lindon Rovanion Rohan Rhun Khado LonelyMountain Soda Moira Mirkwood Soda Lothlorien Arda Soda Stormlands Hogsmeade Soda GodricsHollow Ilvermorny Soda Sothoryos Beauxbatons Soda Rivendell Durmstrang Soda Dorne Hogwarts
26
Hogwarts Hogwarts
Beauxbatons Beauxbatons
Hogsmeade Hogsmeade
Arda Arda
Rivendell Rivendell
LonelyMountain LonelyMountain
Mandos Mandos
Reach Reach
Vale Vale
Dorne Dorne
Westeros Westeros
Essos Essos
Braavos Braavos
Qohor Qohor
Qarth Qarth
Valyria Valyria
Ghis Ghis
Mereen Mereen
Sunspear Sunspear
KingsLanding KingsLanding
Iluin Iluin
Ormal Ormal
Mordor Mordor
Hobbiton Hobbiton
Sothoryos Sothoryos
Khado Khado
