0 4 12 10 9 12 13 20 27 26 47 45 44 47 48 46 43 42 46 54 52 51 54 55 53 50 49 53 57 60 62 61 59 60 56 61 58 38 40 41 39 36 35 39 40 37 33 31 30 33 34 41 48 55 62 69 76 83 90 97 96 94 95 97 98 93 96 91 95 92 89 87 86 89 90 88 85 84 88 81 78 77 81 83 82 80 79 82 75 73 72 75 76 74 71 67 69 68 66 65 68 70 74 63 67 64 22 25 23 26 24 21 25 27 34 32 29 28 32 18 15 14 18 20 19 17 16 19 6 13 11 8 7 11 5 3 2 5 6 4 1 99
42
2 2
4 4
6 6
8 8
9 9
11 11
14 14
15 15
18 18
21 21
24 24
25 25
29 29
31 31
34 34
35 35
39 39
41 41
44 44
46 46
48 48
49 49
52 52
54 54
56 56
59 59
60 60
63 63
65 65
67 67
71 71
73 73
75 75
78 78
79 79
82 82
84 84
88 88
90 90
92 92
94 94
95 95
