0 1 2 3 4 16 6 8 9 19 29 39 49 59 69 79 28 18 8 7 44 34 24 14 4 5 86 76 66 56 46 36 26 25 65 55 45 35 25 15 5 6 7 17 27 37 98 159 149 139 129 119 109 99 89 88 78 68 58 48 38 37 47 57 67 77 87 97 187 177 167 157 147 137 127 117 107 97 98 108 118 128 138 148 158 168 178 199 189 179 169 168 178 188 198 62 52 42 32 22 12 2 11 1 3 13 23 33 43 53 103 104 114 124 134 144 154 164 174 184 194 193 183 173 163 153 143 133 123 113 103 93 83 73 63 54 53 63 64 74 94 84 74 75 85 95 195 185 175 165 155 145 135 125 115 105 95 96 106 116 126 136 146 156 166 176 186 196 197 20 21 31 41 51 61 71 72 81 82 92 102 112 122 132 121 111 101 91 81 71 191 181 171 170 190 180 170 160 150 140 130 192 182 172 162 152 142 141 161 151 141 131 130 120 110 100 90 80 70 60 50 40 30 20 10 0
97
3 3
4 4
6 6
8 8
11 11
12 12
13 13
15 15
17 17
19 19
20 20
22 22
24 24
26 26
27 27
28 28
30 30
31 31
33 33
35 35
36 36
40 40
43 43
45 45
46 46
47 47
51 51
52 52
54 54
55 55
56 56
57 57
58 58
62 62
63 63
64 64
66 66
73 73
75 75
76 76
77 77
80 80
82 82
84 84
85 85
87 87
89 89
90 90
91 91
92 92
94 94
95 95
104 104
105 105
107 107
111 111
112 112
114 114
115 115
119 119
123 123
124 124
126 126
132 132
135 135
137 137
138 138
139 139
143 143
147 147
148 148
149 149
150 150
151 151
155 155
156 156
157 157
158 158
159 159
161 161
162 162
167 167
168 168
171 171
172 172
173 173
174 174
175 175
178 178
180 180
184 184
185 185
186 186
188 188
192 192
193 193
196 196
