Greenhouse FrankWay EyeCenter Greenhouse GianniniHall EnergyBuilding Greenhouse EtcheverryHall DwinelleHall Greenhouse Cafe3 DurantHall Greenhouse HertzHall ClassGate Greenhouse FoxCottage CheitHall Greenhouse DurhamTheatre ChavezCenter Greenhouse unit3 CampbellHall Greenhouse GayleyRd CalvinLaboratory Greenhouse FoundersRock StarrLibrary Greenhouse EshlemanHall ImagingCenter Greenhouse CyclotronRd BoaltHall Greenhouse FacultyClub BerkeleyWest Greenhouse FacultyGlade BechtelEngineering Greenhouse BARTStation BarrowLane Greenhouse BotanGarden BancroftLibrary Greenhouse ChanAuditorium ArchsEngineers Greenhouse BirgeHall AnthonyHall Greenhouse ClarkCampus AndersenAud Greenhouse BarkerHall AlumniHouse Greenhouse CNMAT OBrienHall Greenhouse CaliforniaHall NAnimalFacil Greenhouse DoeLibrary NorthGateHall Greenhouse ObservHill NorthField Greenhouse BerkeleyMuseum nrl Greenhouse CareerCenter MulfordHall Greenhouse BlackwellHall MorganHall Greenhouse CoryHall MinorHall Greenhouse MinorHallAdd McLaughlin Greenhouse EvansDiamond McConeHall Greenhouse ClassFountain maxwell Greenhouse DwinelleAnnex mlk Greenhouse EvansHall Lsproul Greenhouse GeneticsPlantBldg SciencesAddition Greenhouse memorialpool LewisHall Greenhouse BarrowsHall LevFricField Greenhouse McEnerneyHall AquaticCenter Greenhouse CaliforniaStadium LeConteHall Greenhouse BlumHall LawrenceHall Greenhouse MorrisonHall lawrence Greenhouse EdwardsStadium LatimerHall Greenhouse BanwayBldg KrutchTheater Greenhouse MosesHall KoshlandHall Greenhouse moffit KlebFieldHouse Greenhouse ChouHall JonesStudyCent Greenhouse DonnerLab JacobsHall Greenhouse KroeberHall IshiCourt Greenhouse EastGate iHouse Greenhouse DavisHall Insectary Greenhouse MathSciencesRes HilgardHall
50
BerkeleyMuseum BerkeleyMuseum
BerkeleyWest BerkeleyWest
BirgeHall BirgeHall
BlackwellHall BlackwellHall
BlumHall BlumHall
BoaltHall BoaltHall
BotanGarden BotanGarden
ImagingCenter ImagingCenter
StarrLibrary StarrLibrary
CaliforniaHall CaliforniaHall
CaliforniaStadium CaliforniaStadium
CalvinLaboratory CalvinLaboratory
CampbellHall CampbellHall
CareerCenter CareerCenter
ChanAuditorium ChanAuditorium
ChavezCenter ChavezCenter
CheitHall CheitHall
ChouHall ChouHall
ClarkCampus ClarkCampus
ClassFountain ClassFountain
ClassGate ClassGate
CNMAT CNMAT
CoryHall CoryHall
CyclotronRd CyclotronRd
DavisHall DavisHall
DoeLibrary DoeLibrary
DonnerLab DonnerLab
DurantHall DurantHall
DurhamTheatre DurhamTheatre
DwinelleAnnex DwinelleAnnex
DwinelleHall DwinelleHall
EastGate EastGate
EdwardsStadium EdwardsStadium
EnergyBuilding EnergyBuilding
EshlemanHall EshlemanHall
EtcheverryHall EtcheverryHall
EvansDiamond EvansDiamond
EvansHall EvansHall
EyeCenter EyeCenter
FacultyClub FacultyClub
FacultyGlade FacultyGlade
FoundersRock FoundersRock
FoxCottage FoxCottage
FrankWay FrankWay
GayleyRd GayleyRd
GeneticsPlantBldg GeneticsPlantBldg
GianniniHall GianniniHall
HertzHall HertzHall
Cafe3 Cafe3
unit3 unit3
