Loc1 Loc30 Loc10 Loc13 Loc196 Loc63 Loc143 Loc10 Loc114 Loc1 Loc100 Loc156 Loc125 Loc157 Loc103 Loc125 Loc68 Loc142 Loc39 Loc68 Loc179 Loc52 Loc35 Loc113 Loc151 Loc59 Loc151 Loc113 Loc77 Loc36 Loc74 Loc113 Loc36 Loc152 Loc18 Loc88 Loc2 Loc49 Loc72 Loc46 Loc24 Loc49 Loc76 Loc131 Loc99 Loc120 Loc148 Loc60 Loc174 Loc118 Loc93 Loc8 Loc185 Loc133 Loc164 Loc82 Loc11 Loc126 Loc33 Loc21 Loc55 Loc191 Loc25 Loc146 Loc184 Loc104 Loc146 Loc145 Loc26 Loc191 Loc6 Loc55 Loc126 Loc171 Loc4 Loc133 Loc185 Loc8 Loc150 Loc183 Loc22 Loc53 Loc150 Loc153 Loc90 Loc43 Loc44 Loc197 Loc158 Loc197 Loc58 Loc161 Loc135 Loc98 Loc135 Loc75 Loc166 Loc40 Loc111 Loc92 Loc40 Loc58 Loc20 Loc158 Loc140 Loc169 Loc87 Loc115 Loc128 Loc81 Loc115 Loc41 Loc94 Loc194 Loc130 Loc147 Loc178 Loc78 Loc147 Loc130 Loc91 Loc194 Loc27 Loc178 Loc86 Loc79 Loc186 Loc198 Loc96 Loc186 Loc122 Loc45 Loc80 Loc198 Loc167 Loc29 Loc3 Loc22 Loc174 Loc84 Loc101 Loc131 Loc199 Loc14 Loc187 Loc182 Loc139 Loc15 Loc127 Loc182 Loc187 Loc189 Loc121 Loc15 Loc12 Loc5 Loc121 Loc195 Loc56 Loc19 Loc165 Loc56 Loc188 Loc66 Loc134 Loc124 Loc70 Loc160 Loc112 Loc136 Loc65 Loc116 Loc70 Loc95 Loc23 Loc70 Loc106 Loc134 Loc190 Loc138 Loc28 Loc176 Loc47 Loc168 Loc89 Loc9 Loc47 Loc176 Loc117 Loc193 Loc173 Loc51 Loc193 Loc0 Loc69 Loc51 Loc102 Loc155 Loc73 Loc61 Loc155 Loc109 Loc34 Loc88 Loc181 Loc34 Loc152 Loc38 Loc105 Loc119 Loc38 Loc157 Loc156 Loc192 Loc1 Loc57 Loc108 Loc17 Loc162 Loc64 Loc37 Loc162 Loc48 Loc64 Loc42 Loc16 Loc1
89
Loc0 Loc0
Loc3 Loc3
Loc5 Loc5
Loc6 Loc6
Loc131 Loc7
Loc8 Loc8
Loc9 Loc9
Loc11 Loc11
Loc13 Loc13
Loc14 Loc14
Loc15 Loc15
Loc16 Loc16
Loc17 Loc17
Loc18 Loc18
Loc19 Loc19
Loc20 Loc20
Loc23 Loc23
Loc25 Loc25
Loc27 Loc27
Loc30 Loc30
Loc47 Loc31 Loc83 Loc163
Loc70 Loc32
Loc33 Loc33
Loc37 Loc37
Loc38 Loc38
Loc39 Loc39
Loc44 Loc44
Loc46 Loc46
Loc98 Loc50 Loc85
Loc51 Loc51
Loc52 Loc52
Loc53 Loc53
Loc162 Loc54 Loc144
Loc57 Loc57
Loc59 Loc59 Loc123
Loc60 Loc60
Loc61 Loc61
Loc45 Loc62 Loc170
Loc65 Loc65
Loc10 Loc67 Loc107 Loc137
Loc64 Loc71
Loc74 Loc74
Loc75 Loc75
Loc76 Loc76
Loc77 Loc77
Loc91 Loc91
Loc94 Loc94
Loc95 Loc95
Loc96 Loc96
Loc146 Loc97 Loc175
Loc99 Loc99
Loc100 Loc100
Loc101 Loc101
Loc103 Loc103
Loc106 Loc106
Loc109 Loc109
Loc165 Loc110 Loc177
Loc111 Loc111
Loc118 Loc118
Loc122 Loc122
Loc124 Loc124
Loc128 Loc128
Loc58 Loc129
Loc158 Loc132
Loc133 Loc133
Loc140 Loc140
Loc126 Loc141
Loc143 Loc143
Loc145 Loc145
Loc147 Loc147
Loc135 Loc149
Loc151 Loc151
Loc153 Loc153
Loc48 Loc154 Loc172
Loc191 Loc159
Loc160 Loc160
Loc167 Loc167
Loc168 Loc168
Loc171 Loc171
Loc176 Loc176
Loc56 Loc180
Loc182 Loc182
Loc183 Loc183
Loc188 Loc188
Loc189 Loc189
Loc190 Loc190
Loc192 Loc192
Loc195 Loc195
Loc197 Loc197
