pace other quadruple ask enemy desk injection gallon profound coast swear tool railcar attraction guarantee joystick swop electronics interface environment bleed pier pig straighten identity coincide dive view profound virgin blonde native development exempt buffet election lifestyle cotton dialogue home flag injury tolerate decisive greeting begin science mercy financial fortune notebook interactive error widen banana driver imposter tablet note deter terms hospitality teacher excuse rob demand feature opposed dip exclusive vegetarian linger physics dough linger vegetarian market country triple candle enemy illusion joint output structure throne boom quality autonomy paper viable atmosphere rent sunrise audience ignore liver swop nationalist page mature native blonde pipe joystick bowel brake scheme certain drawer chew curriculum bleed knot country throne respect chair pardon injection desk development native mercy mixture pace
89
pace pace
viable likely comfortable viable
excuse excuse
feature feature
development skeleton development confrontation
environment environment
injury injury
output output
ignore due shiver ignore
page page
audience audience
profound profound
throne throne
guarantee guarantee
physics physics
exempt exempt
tablet tablet
injection injection
market market
paper forge
terms thumb
bleed headline smile
dough dough
exclusive exclusive
other other
virgin assignment virgin
buffet buffet
autonomy autonomy
respect respect
pig pig
financial financial
interactive interactive
tool tool
rob rob
dip dip
imposter imposter
swear swear
coast coast
enemy stress control enemy
mature mature
chair chair
rent rent
straighten straighten
boom boom
nationalist acceptance
certain rage
structure structure
decisive decisive
desk spoil
dive dive
atmosphere atmosphere
attraction attraction coffin
ask ask
pardon pardon
knot knot
curriculum curriculum
coincide coincide
vegetarian exile
teacher teacher
drawer drawer
widen widen
election election
country country
note note
liver liver
home home
scheme scheme
cotton cotton
error error
mercy mercy
railcar railcar
electronics electronics
begin begin
identity identity
greeting greeting
lifestyle lifestyle
interface interface
chew offset
candle candle
swop swop
driver driver
deter deter
pipe pipe
native native
flag flag
bowel bowel
illusion illusion
triple triple
quadruple quadruple
