pace nationalist brake opposed thumb guarantee page likely page miserable mixture injury pier likely king quality assignment winner exclusive winner view excuse due voice write environment honor prison view excuse due injection opposed brake nationalist brake opposed thumb enter deposit other approval tablet approval other understand output exclusive pace
20
likely likely circulation market
excuse excuse
nationalist feature nationalist
injury skeleton injury
king king
mixture mixture
output output
page page
due audience
voice voice
deposit deposit
honor honor
enter enter
exclusive throne
guarantee guarantee
tablet gate
thumb exempt
opposed opposed
brake headline brake
approval approval
