0 34 37 36 34 35 29 27 32 31 27 33 30 27 34 133 134 38 43 40 84 80 93 92 85 80 83 82 80 92 86 88 87 86 168 89 91 90 89 169 94 100 98 94 101 97 94 99 96 94 105 102 104 103 102 95 94 102 171 170 174 173 170 172 175 106 110 108 106 176 111 113 112 111 114 119 118 178 180 181 179 178 177 118 114 117 116 114 115 107 106 109 81 80 167 166 76 79 78 76 165 72 77 76 75 72 74 73 72 164 67 70 69 67 71 68 67 163 162 120 130 127 120 128 126 120 129 124 120 125 122 120 123 121 120 160 161 159 160 158 159 157 47 156 52 53 51 47 49 48 47 50 52 155 154 54 56 55 54 57 59 58 57 153 60 151 152 150 11 65 60 66 63 60 64 61 60 62 12 11 149 147 148 14 18 17 14 147 16 14 19 15 14 145 146 20 26 24 144 20 23 21 20 22 25 24 5 10 8 5 9 7 5 142 6 5 141 139 1 143 140 1 4 3 1 13 2 1 138 135 137 136 135 44 46 45 44 131 40 42 41 40 132 38 39 28 27 182
100
2 2
3 3
4 4
6 6
7 7
8 8
9 9
10 10
12 12
13 13
15 15
16 16
17 17
18 18
19 19
21 21
22 22
23 23
25 25
26 26
28 28
29 29
30 30
31 31
32 32
33 33
35 35
36 36
37 37
39 39
41 41
42 42
43 43
45 45
46 46
48 48
49 49
50 50
51 51
53 53
55 55
56 56
58 58
59 59
61 61
62 62
63 63
64 64
65 65
66 66
68 68
69 69
70 70
71 71
73 73
74 74
75 75
77 77
78 78
79 79
81 81
82 82
83 83
84 84
85 85
87 87
88 88
90 90
91 91
93 93
95 95
96 96
97 97
98 98
99 99
100 100
101 101
103 103
104 104
105 105
107 107
108 108
109 109
110 110
112 112
113 113
115 115
116 116
117 117
119 119
121 121
122 122
123 123
124 124
125 125
126 126
127 127
128 128
129 129
130 130
