C0 C24 C71 C83 C97 C86 C87 C93 C96 C95 C94 C22 C48 C93 C99 C90 C14 C30 C80 C20 C81 C95 C82 C85 C71 C29 C36 C93 C40 C96 C73 C76 C45 C50 C97 C78 C88 C92 C84 C88 C63 C37 C78 C97 C27 C9 C13 C90 C98 C59 C17 C98 C95 C77 C79 C95 C91 C68 C49 C26 C16 C56 C72 C82 C91 C51 C94 C54 C41 C73 C2 C33 C96 C35 C10 C57 C94 C84 C61 C32 C93 C74 C69 C42 C28 C69 C7 C43 C62 C83 C15 C68 C39 C31 C72 C95 C53 C58 C85 C55 C6 C91 C12 C23 C64 C67 C74 C70 C60 C95 C66 C44 C92 C18 C34 C99 C85 C0
46
C84 C1 C84
C92 C5 C89
C6 C6
C9 C9
C78 C11
C12 C12
C14 C14
C17 C17
C20 C20
C85 C21 C75 C85
C22 C22
C24 C24
C49 C25
C26 C26
C27 C27
C28 C28
C29 C29
C34 C34
C35 C35
C36 C36
C39 C39
C40 C40
C42 C42
C44 C44
C57 C46
C99 C47
C50 C50
C53 C53
C55 C55
C56 C56
C58 C58
C59 C59
C67 C67
C69 C69
C70 C70
C76 C76
C77 C77
C81 C81
C83 C83
C87 C87
C93 C93
C94 C94
C95 C95
C96 C96
C97 C97
C98 C98
