C0 C22 C162 C123 C103 C143 C78 C157 C96 C116 C112 C92 C193 C108 C72 C182 C180 C108 C182 C80 C36 C155 C108 C150 C37 C173 C111 C184 C70 C43 C196 C98 C134 C160 C134 C177 C101 C146 C84 C58 C177 C42 C9 C187 C97 C167 C121 C172 C142 C10 C75 C187 C14 C190 C107 C165 C100 C185 C83 C185 C100 C130 C97 C100 C137 C32 C74 C198 C109 C110 C189 C62 C141 C102 C144 C94 C186 C93 C169 C168 C93 C148 C99 C159 C91 C191 C89 C117 C120 C175 C151 C47 C67 C151 C99 C197 C33 C150 C145 C108 C103 C162 C40 C151 C106 C128 C166 C85 C124 C106 C129 C113 C152 C149 C113 C139 C119 C113 C126 C181 C115 C113 C114 C131 C24 C184 C2 C118 C111 C106 C161 C99 C108 C66 C31 C191 C95 C178 C170 C95 C121 C97 C134 C98 C136 C101 C199 C44 C81 C192 C105 C103 C132 C41 C179 C104 C103 C163 C73 C192 C76 C51 C90 C103 C195 C20 C7 C142 C127 C122 C98 C147 C127 C135 C133 C101 C183 C68 C18 C38 C181 C29 C8 C82 C25 C137 C55 C157 C96 C30 C154 C96 C138 C94 C171 C53 C3 C162 C105 C45 C177 C46 C126 C49 C113 C50 C169 C60 C198 C71 C19 C195 C1 C192 C5 C39 C198 C86 C54 C125 C91 C188 C63 C159 C35 C89 C158 C105 C16 C159 C79 C108 C140 C92 C116 C94 C110 C174 C56 C141 C102 C153 C65 C127 C26 C167 C141 C21 C15 C133 C57 C165 C156 C107 C0
95
C0 C0
C1 C1
C2 C2
C3 C3
C141 C4 C141
C5 C5
C7 C7
C8 C8
C10 C10
C102 C11
C16 C16
C18 C18
C19 C19
C20 C20
C24 C24
C25 C25
C26 C26
C167 C27 C167
C53 C28
C30 C30
C31 C31
C32 C32
C35 C35
C43 C43
C45 C45
C47 C47
C83 C48
C49 C49
C50 C50
C51 C51
C162 C52
C54 C54
C55 C55
C56 C56
C57 C57
C58 C58
C160 C59 C88 C160
C63 C63
C66 C66
C68 C68
C70 C70
C71 C71
C74 C74
C157 C77
C78 C78
C84 C84
C86 C86
C187 C87
C93 C93
C95 C95
C97 C97
C100 C100
C101 C101
C103 C103
C104 C104
C105 C105
C107 C107
C110 C110
C114 C114
C119 C119
C120 C120
C121 C121
C122 C122
C123 C123
C124 C124
C127 C127
C129 C129
C132 C132
C134 C134
C137 C137
C139 C139
C144 C144
C145 C145
C146 C146
C149 C149
C152 C152
C153 C153
C154 C154
C161 C161
C109 C164 C194
C165 C165
C166 C166
C168 C168
C169 C169
C171 C171
C172 C172
C179 C179
C181 C181
C182 C182
C185 C185
C190 C190
C192 C192
C193 C193
C196 C196
C198 C198
