HAZtD 4Eg1F wnnBN Cg1yP J0OP0 iKwe0 F7CZj z82fM EyMEe vfAR8 bW6Ms RN9nS CXkxa 3NU9e aWuHk XbFfE mJExt p3gJd cpzS8 p3gJd XbFfE O8CwF DaieK p3gJd rH3nx 1gvq4 lJnz7 GxQg8 X2hjX UqGfS iqOI4 mJExt cC0Rg gpbSj u60s4 9cp56 0F8yg 4PSW9 zcuSA jyRQW Xqwfz pLg86 7kY28 URrao fiXIW 7kY28 IOpdQ BaYb3 1VA1I BaYb3 SxklZ 0moVI HAKlt iimZq 6owsT OWqP4 Pk19A HAKlt 6sv9O Q8lcd iPRoT Vg6Sz iIQll GrnJ7 v9joy UbqWX GrnJ7 rmW0U CHx6u bMhFI GfIsc DmTRc tgL8p 0FMEI R6NzB v0WXM iHR3J fWz4T SE1WY ZKvNM R6NzB 0FMEI tgL8p DmTRc tgL8p 0FMEI jesVt 69WZh jesVt 4AhmX 93R2m C4biR 93R2m cu5FB jesVt 69WZh zrVPv ox9Gx 15wtn Mm2U8 v7hOX fExZu 2zHfe AwFdf kNG2j p3gJd aWuHk 3NU9e CXkxa ED9em CXkxa 3NU9e aWuHk p3gJd 15wtn 69WZh Q5zY0 kvy7i Ia6ul eVDVP Agb0E VG4na b9v0q SEkfX v7hOX fExZu 2zHfe AwFdf cpzS8 p3gJd 9cp56 sU69u 9cp56 u60s4 cC0Rg mJExt iqOI4 UqGfS kPB79 UqGfS iqOI4 mJExt cC0Rg u60s4 jyRQW Xqwfz 7kY28 qz2Of 8Qx0C iPRoT Vg6Sz iIQll Vg6Sz iPRoT Q8lcd GaZ4O H1xt8 o2JtM e7SjH DuU0x e7SjH E6pda xKTIz RkCLD SfSL1 bMhFI GfIsc DmTRc tgL8p 0FMEI RWE9G sU69u 9cp56 p3gJd aWuHk 3NU9e RN9nS F7CZj HAZtD
80
cu5FB cu5FB
zcuSA zcuSA
fiXIW fiXIW
zrVPv wedr3 zrVPv
H1xt8 H1xt8
pLg86 pLg86
SEkfX SEkfX
0F8yg 0F8yg
sU69u 5EAEu
iIQll p4kTx iIQll
GxQg8 GxQg8
4AhmX 4AhmX
URrao URrao
8Qx0C 8Qx0C
C4biR aegld
SxklZ VESmp SxklZ
ED9em ED9em 5h4rt
7kY28 7kY28
UbqWX UbqWX
jesVt jesVt
E6pda E6pda
69WZh mdIe6 69WZh
CXkxa Lusir
DuU0x BIY9X DuU0x
wnnBN wnnBN
v9joy v9joy
GrnJ7 gNinx iaaYU
IOpdQ IOpdQ
kPB79 4Tt2a 4PXv9
CHx6u CHx6u
lJnz7 lJnz7
BaYb3 BaYb3
ZKvNM TzGS5
eVDVP eVDVP
1gvq4 1gvq4
ox9Gx ox9Gx
Ia6ul Ia6ul
bMhFI bMhFI lF8gH
rH3nx rH3nx
1VA1I 1VA1I Zok18
Vg6Sz Vg6Sz
u60s4 u60s4 Zxvdf
aWuHk aWuHk
RN9nS RN9nS
O8CwF O8CwF TlJnt
OWqP4 OWqP4
iqOI4 iqOI4
p3gJd p3gJd
gpbSj gpbSj
X2hjX X2hjX
v7hOX v7hOX
cpzS8 cpzS8 acHTt
DaieK DaieK uPUO1
Q8lcd Q8lcd
Cg1yP Cg1yP
fExZu fExZu
cC0Rg cC0Rg
R6NzB R6NzB
6owsT 6owsT
rmW0U HOuAL 9tf0w
AwFdf AwFdf
J0OP0 J0OP0
DmTRc DmTRc 4jcrD
iKwe0 iKwe0
xKTIz xKTIz
iHR3J iHR3J
RWE9G 2GCiD
bW6Ms bW6Ms
UqGfS UqGfS Ssao4 NqBQW
iimZq iimZq
vfAR8 vfAR8
z82fM z82fM
Agb0E Agb0E WVEjT
fWz4T EgumV fWz4T
0moVI 0moVI
e7SjH 2LhKB
HAKlt HAKlt
kNG2j kNG2j
Pk19A Pk19A
VG4na VG4na
