WapgM s8jhm RTNKK Vm2RV Tz4zy fEdtk EQJ7U 5PNx4 x5InZ BSqOv QUkKU CmuV1 cvjQc 3Yw8H hQySr uyQLS ycoh0 EvuAH fWgKV miscC ycoh0 hQySr xNFYO KHHwN 2m7vR 3Yw8H cvjQc CmuV1 zSmKp NRZIn QUkKU BSqOv P18zR x5InZ EQJ7U Z7joj Jcs3B fEdtk Tz4zy Vm2RV RTNKK s8jhm 1D7Td OhHc9 5ayvc s8jhm RTNKK s8jhm WapgM
19
OhHc9 OhHc9
EvuAH EvuAH
miscC miscC
RTNKK RTNKK
Vm2RV Vm2RV
s8jhm w0i4E 9e1Io
Z7joj Z7joj M5wZP
EQJ7U TT3Hk 8MJwv iaf34 vN0gV
Tz4zy Tz4zy
5PNx4 5PNx4
ycoh0 ycoh0
P18zR P18zR
KHHwN KHHwN
BSqOv BSqOv
xNFYO xNFYO
zSmKp zSmKp
QUkKU QUkKU
3Yw8H 3Yw8H
cvjQc cvjQc JYR5M
