1 85 42 1 97 3 83 91 7 76 5 84 54 5 74 28 90 37 28 5 38 82 55 18 12 62 61 12 38 52 4 88 77 53 4 56 32 4 38 2 86 78 64 2 47 41 27 70 10 39 67 10 100 17 68 69 29 17 10 27 5 11 79 48 11 50 40 11 75 15 95 60 20 96 94 20 11 35 31 21 93 44 21 35 15 46 98 33 2 8 63 43 80 8 87 73 8 65 9 34 23 9 72 59 14 9 51 6 26 16 71 13 49 16 6 19 45 24 19 25 89 66 25 92 30 36 1 30 99 81 3 58 22 4 57 3
40
1 1
3 3
5 5
7 7
8 8
10 10
11 11
12 12
14 14
26 26
28 28
33 33
34 34
42 42
45 45
46 46
50 50
52 52
58 58
63 63
64 64
66 66
69 69
72 72
73 73
78 78
79 79
83 83
84 84
86 86
87 87
89 89
90 90
91 91
92 92
93 93
95 95
98 98
99 99
100 100
