Abbey Tanya Myah Abbey Camilla Sophia Carly Matilda Abbey Parker Leila Avni Sophie Jamiya Avni Liberty Elaine Avni Abril Eden Karma Riley Alexia Beatrice Carly Lisa Jade Carly Beatrice Riya Kayley Kenley Alexia Sharon Helen Alexia Carmen Ayanna Tara Kiana Ayanna Alexia Lilah Kailyn Amaris Fatima Dayami Amaris Jakayla Nia Amber Lucille Kayley Amber Jimena Ivy Amber Amaris Alexia Beatrice Abril Isabella Abbey Imani Gina Abbey Kaley Christine Abbey Jordin Ayanna Harley Ashleigh Laylah Angel Brooklyn Marley Carlee Crystal Kaylin Vivian Carlie Carlee Brooklyn Angel Tania Ashleigh Lilia Carina Ashleigh Mckinley Ashley Zion Samara Ashley Ashleigh Angel Camilla Abbey Elianna Jordin Marisol Alia Presley Haven Alia Abbey
33
Alexia Alexia Maeve
Avni Avni
Ayanna Ayanna
Beatrice Beatrice
Carlee Carlee
Abril Dana Kiera Kimberly Lana Nora
Eden Eden
Harley Harley
Haven Haven
Helen Helen
Isabella Isabella
Jamiya Jamiya
Jordin Jordin
Karma Karma
Kayley Kayley
Elaine Kristina
Liberty Liberty
Lilia Lilia
Amber Lillie
Lisa Lisa
Marisol Marisol
Matilda Matilda
Mckinley Mckinley
Ashleigh Mira
Presley Presley
Alia Rayna Shannon
Abbey Rebecca Ruth
Riley Riley
Sophia Sophia
Tanya Tanya
Tara Tara
Vivian Vivian
Ashley Yoselin
