Abbey Stephany Shiloh Abbey Riya Nia Abbey Lucille Lillie Abbey Jaelynn Carina Abbey Aryana Alyvia Presley Belinda Alyvia Aryana Abbey Lana Arielle Angel Tamia Kaley Angel Arielle Abbey Ally Zara Lillian Ally Abbey Fatima Abril Riley Neveah Abril Mireya Marisol Abril Shea Laylah Abril Micaela June Abril Lilah Jade Abril Joanna Gina Abril Kiera Elaine Abril Alia Kenley Ariel Alia Tabitha Yoselin Alivia Mckayla Alexus Myah Melina Alexus Maggie Desirae Alexus Keyla Belen Alexus Alivia Abbey Lindsay Ariel Christine Adyson Ruth Rebecca Adyson Vivian Natalee Adyson Parker Kathryn Adyson Mira Cecilia Adyson Eden Amber Aniya Amaris Amber Amaris Alena Kathy Emery Alena Valeria Crystal Alena Jazmyn Cloe Alena Kenzie Chaya Alena Angelica Marely Dhanya Alexia Tori Lilia Alexia Madilynn Heather Alexia Alena Allisson Alissa Leila Lacey Alissa Kaila Ingrid Alissa Beatrice Adyson Araceli Harley Ainsley Shannon Lilyana Ainsley Haven Averie Ainsley Baylee Armani Ainsley Amaris Adyson Alisha Susan Juliette Alisha Adyson Abbey
48
Abbey Abbey Ashley Aubree Camilla Carly Denisse Jasmin Kiley Kristin Lainey Matilda Zion
Alexia Alexia Brooklyn Carleigh Jillian Sharon
Alexus Alexus Carlie Chasity Claire Iyana
Alia Alia Kayden Kristina Shyanne
Alivia Alivia Avni Sophia
Aniya Aniya
Ariel Ariel
Arielle Arielle
Aryana Aryana
Baylee Baylee
Abril Bryanna Imani Jaden
Alena Carlee Dayami Emilie Kaydence Kira Tara
Christine Christine
Alissa Ciara
Ainsley Dana Elianna Jamiya Jimena Kiana Mckinley
Alisha Diana
Adyson Emma Gillian Janiya Mya Noelle Taniyah Zaria
Haven Haven
Ingrid Ingrid
Jade Jade
Jazmyn Jazmyn
Juliette Juliette
Kaley Kaley
Kenzie Kenzie
Keyla Keyla
Ally Kimberly
Lacey Lacey
Laylah Laylah
Leila Leila
Lilia Lilia
Lilyana Lilyana
Lindsay Lindsay
Lucille Lucille
Madilynn Madilynn
Maggie Maggie
Mckayla Mckayla
Melina Melina
Mira Mira
Mireya Mireya
Myah Myah
Natalee Natalee
Neveah Neveah
Nia Nia
Parker Parker
Riley Riley
Amber Rylee
Allisson Sophie
Zara Zara
