Alena Riley Lainey Alena Meredith Kathy Heather Bryanna Alena Averi Fatima Averi Natalee Helen Avni Averi Alena Rebecca Alexus Paulina Mira Alexus Kimberly Tamia Carly Alexus Cecilia Ashleigh Jade Kaitlynn Aryana Araceli Shannon Nia Araceli Mireya Marley Araceli Tania Lucille Araceli Alexus Aryana Maggie Brooklyn Charlie Camille Kenzie Ashley Kaley Amaris Lorelai Cloe Amaris Alena
18
Alena Alena
Alexus Alexus
Aryana Aryana
Brooklyn Brooklyn
Bryanna Bryanna
Fatima Ciara
Cloe Cloe
Heather Heather
Jade Jade
Carly Jamiya Kaila
Amaris Jasmin Miah
Kaley Kaley
Lucille Lucille
Mira Mira
Mireya Mireya
Natalee Natalee
Nia Nia
Tania Tania
