Ilesa Foshan Casa Bisceglie Bensheim West Magomeni Jashpurnagar GavrilovYam Foshan Aklera Bensheim Cebu Le Bensheim Inawashiro Davis Pleasant Mongo Talipparamba Morningside Inawashiro Davis Patnos Puducherry Dongdu Krymsk Jiangyan Belper Shagamu GatesNorth Beidao Portogruaro GatesNorth El Losheim Barras Andes Bensheim Oulmes Mexborough Bensheim Gariadhar Bavly Polohy Mexborough Marburg Minas Rosemount Houthalen Palm Zeist Houthalen Minas Rhosllanerchrugog Calauan Tiruppuvanam Espoo Calauan Barinas Bensheim Kantharalak Itacoatiara Valletta Calauan Split Minas Oberhausen Reutlingen Batu Aleshtar Rafaela Alfenas Uran Landshut Hermsdorf Rahat Jagna Rafaela Chamba Hermsdorf Iturama Krymsk GernikaLumo Antanifotsy Taebaek PortVila Aistala Sydney Tharu Aistala Davangere Belper Talisay Paredes Liberia Boli Milledgeville WaltonontheNaze Memmingen Alexandria Woodlawn Lille Athlone Woodlawn Alexandria Milagro Nidderau Perth Solntsevo Memmingen Tupelo Milledgeville Liberia Bobigny Aistala JalalAbad Batu Reutlingen Calauan Valletta Sheoganj Jiangyan Belper GatesNorth Patnos Portogruaro Boyeros Perth Great Bensheim Southsea Voznesensk Perth Yingkou Oschatz Perth Oschatz Viewpark Ventimiglia Longview Bensheim Randudongkal San Malden Tupiza Valday Toledo Lesosibirsk Valday Bogovinje MitryMory Srinagar Ventimiglia Malden Las Sishui Pekanbaru Belper Most Nizhniy Sishui Ventimiglia Bensheim Ilesa
66
Bensheim Bensheim Campobasso An Kyzylorda Bang PointeClaire
Perth Perth UlanUde Resplendor Tak Brzeg Villaquilambre Niort Clermont
MitryMory MitryMory Claremont Ponta Copperas Lodwar
Hermsdorf Hermsdorf
Calauan Calauan Onex
Ventimiglia Ventimiglia
Valday Valday
Uran Uran Azrou
Malden Malden
Milledgeville Milledgeville Puerto
Jagna Jagna
Marburg Marburg
Polohy Polohy
Foshan Foshan
Puducherry Puducherry
Sishui Sishui
Memmingen Memmingen
Davis Davis
Alexandria Alexandria
Belper Meizhou LonsleSaunier Guli Zaozhuang Skalica
Rhosllanerchrugog Rhosllanerchrugog
Lille Lille
Oulmes Oulmes
Tiruppuvanam Tiruppuvanam
Mexborough Mexborough
Zeist Brunswick Stupino
Jiangyan Jiangyan
GernikaLumo GernikaLumo
Minas Dahlem New Mouscron
Tharu Tharu
Milagro Milagro
Great Great Tyoply
Krymsk Ada American
Ilesa Ilesa
Alfenas Alfenas
Aleshtar Aleshtar
Bogovinje Bogovinje
Talipparamba Talipparamba
Oschatz Barracas
Portogruaro Aurora Chacabuco Rutland Sillanwali
Gariadhar Gariadhar
Bavly Bavly
Taebaek Sirsi Sorsogon
Itacoatiara Itacoatiara
Barras Sceaux
Valletta Valletta
Landshut Landshut
Liberia Bon Stuttgart
WaltonontheNaze WaltonontheNaze
Yingkou Yingkou
Sheoganj Ramla Shaowu
Aklera Aklera
Viewpark Viewpark
Bobigny Bobigny
Jashpurnagar Jashpurnagar
Paredes Paredes
Magomeni Magomeni
Tupelo Tupelo
Shagamu Shagamu
Toledo Toledo
Oberhausen Oberhausen
Palm Palm
Tupiza Tupiza
El DehiwalaMount
PortVila PortVila
Aistala Palafrugell
