Lesnoy Visitacion Ishim Kahului Beveren Edremit Adra Beveren Stade Taozhuang Reutlingen Andijon Palafrugell East Sun Hueytown Brentwood Beveren Tak Pingyi Malaut Hueytown Hudiksvall Andijon Palmeira Sungurlu Winsford Andijon Yangambi Gisborne Ponta Kundla Beveren Barras Meerut Gisborne Andijon Glogovac Visitacion Rutherglen Fort Jerada Hudiksvall Hueytown Malaut Visitacion Rutherglen Adra Beveren Schwalmtal Rutherglen Visitacion Lesnoy
19
Hueytown Hueytown Franceville
Gisborne Gisborne Dharmapuri
Hudiksvall Hudiksvall Blackpool Portogruaro
Visitacion Visitacion
Sungurlu Sungurlu
Rutherglen Rutherglen
Winsford Winsford
Sun Sun
Pingyi Pingyi
Malaut Malaut
Meerut Meerut
Glogovac Glogovac
Beveren GatesNorth Artur Zgorzelec
Lesnoy Lesnoy
Brentwood Brentwood
Kundla Kundla
Ishim Ishim
Stade Stade
Yangambi Yangambi
