0 136 103 154 185 173 45 93 90 96 57 93 115 169 37 64 90 53 37 18 42 82 186 177 189 73 193 39 160 145 73 134 177 97 128 62 55 128 97 151 56 189 82 71 104 52 147 22 193 11 124 58 197 94 196 84 106 139 65 74 41 83 40 157 59 15 157 179 50 175 2 76 109 91 16 109 116 190 38 31 133 47 66 21 163 171 138 10 126 112 120 61 17 61 163 162 44 89 9 36 79 13 44 194 60 46 163 21 158 63 60 158 21 12 133 47 69 108 30 47 51 170 68 85 141 68 95 50 2 105 77 110 75 110 77 161 105 4 178 34 149 1 91 78 178 34 48 6 135 83 129 23 6 131 140 80 3 139 106 84 183 146 166 106 84 196 92 197 192 159 176 148 191 100 184 113 118 191 117 25 142 114 191 123 192 152 182 148 191 181 165 156 167 165 28 181 165 24 117 172 99 98 19 111 174 188 153 35 188 174 81 132 81 5 26 127 45 185 29 103 0
87
1 1
5 5
51 7 101
11 11
13 13
35 14 35
15 15
17 17 67
19 19
23 23
24 24
26 26
28 28
31 31
46 32 46
34 34
36 36
37 37
38 38 107
39 39
140 43 140
44 44
45 45
48 48
170 49 54 170
53 53
56 56
57 57
61 61
63 63
64 64
65 65
66 66
68 68
69 69
71 71
73 73
75 75 150
77 77
78 78
79 79
81 81
82 82
83 83
84 84
85 85
92 92
95 95
96 96
99 99
100 100
109 109
110 110
114 114
117 117
118 118
120 120
30 121
126 126
128 128
129 129
178 130
133 133
134 134
136 136
197 137 197
138 138
142 142
55 143
132 144
146 146
148 148
151 151
153 153
157 157
167 167
174 174
176 176
177 177
179 179
181 181
182 182
184 184
186 186
156 187
188 188
190 190
