1 86 83 1 95 62 1 71 47 1 74 38 1 4 94 63 4 75 46 4 70 39 4 51 27 4 87 22 4 34 15 4 82 10 4 41 3 89 77 3 80 65 3 68 53 3 56 29 3 20 5 79 55 5 78 54 5 90 42 5 91 31 5 66 30 5 67 18 5 19 7 5 43 6 5 3 44 93 3 8 81 3 92 64 3 76 57 3 69 45 3 32 40 3 52 33 3 88 28 3 17 21 3 16 9 3 4 58 26 1 50 23 1 35 14 1 59 11 1 37 2 73 60 2 96 49 2 61 48 2 72 36 2 84 25 2 85 24 2 13 12 2
49
2 2
5 5
6 6
7 7
8 8
10 10
11 11
12 12
16 16
18 18
19 19
21 21
22 22
25 25
28 28
29 29
30 30
32 32
33 33
34 34
36 36
39 39
42 42
46 46
47 47
48 48
49 49
50 50
54 54
56 56
57 57
59 59
65 65
67 67
74 74
77 77
78 78
79 79
83 83
84 84
86 86
87 87
89 89
90 90
91 91
92 92
93 93
94 94
95 95
