1 168 2 169 156 2 157 132 2 120 109 2 121 108 2 192 96 2 145 85 2 144 179 1 182 146 1 167 134 1 158 119 1 170 110 1 143 107 1 95 74 1 131 62 1 155 59 1 191 50 1 86 47 1 83 38 1 98 35 1 26 23 1 71 14 1 122 11 1 4 171 130 4 178 123 4 135 111 4 159 99 4 166 87 4 190 82 4 183 70 4 147 63 4 154 51 4 106 46 4 64 3 176 164 3 125 116 3 104 92 3 77 56 3 161 53 3 185 44 3 188 32 3 128 29 3 89 20 3 80 5 174 162 5 150 127 5 139 126 5 163 103 5 102 91 5 151 78 5 79 67 5 90 66 5 175 43 5 138 42 5 186 31 5 187 30 5 115 19 5 54 18 5 55 7 5 114 6 5 3 165 148 3 160 136 3 184 129 3 177 124 3 117 112 3 101 105 3 140 100 3 141 93 3 153 88 3 137 81 3 189 76 3 113 69 3 173 57 3 68 52 3 17 45 3 40 33 3 172 28 3 65 21 3 149 16 3 152 9 3 8 39 4 142 34 4 118 27 4 75 22 4 94 15 4 58 10 4 3 41 84 2 181 61 2 73 60 2 97 48 2 133 37 2 72 36 2 25 24 2 49 13 2 180 12 2
96
2 2
4 4
5 5
6 6
8 8
10 10
11 11
12 12
14 14
16 16
17 17
18 18
20 20
22 22
23 23
24 24
26 26
28 28
29 29
30 30
32 32
34 34
35 35
36 36
38 38
40 40
41 41
42 42
44 44
46 46
47 47
48 48
50 50
52 52
53 53
54 54
56 56
58 58
59 59
60 60
62 62
64 64
65 65
66 66
68 68
70 70
71 71
72 72
74 74
76 76
77 77
78 78
80 80
82 82
83 83
84 84
86 86
88 88
89 89
90 90
92 92
94 94
95 95
96 96
98 98
100 100
101 101
102 102
104 104
106 106
107 107
108 108
110 110
112 112
113 113
114 114
116 116
118 118
119 119
120 120
122 122
124 124
125 125
126 126
128 128
130 130
131 131
132 132
134 134
136 136
137 137
138 138
140 140
142 142
143 143
144 144
