create rabbit seller equinox magnetic crew gift east makeup absorption homosexual traction thank east equinox integrated deter desk ballot deter childish create appear feign deck dose belief seller childish tribe car shelter suffer predict pupil farewell shelter traction car top predict hide cancel scrap accessible leash mosaic celebration basketball whole vote prove present maze mind trance loud mechanism desk dialect mind colon offensive hide merit vote direct predict steward bring domestic direct exotic pastel vote colon inhibition formation think dialect breakin bracket breakin thread battery concern salmon adult minimize thread dedicate line thread nationalism perception magnitude craftsman magnitude fuss work formation tin fuss dramatic merit skip formation dilemma denial huge lobby wrong linear huge denial partnership denial glide transaction contract creation glide create
48
concern concern
childish company childish
top top
belief belief
hide hide
basketball basketball
battery battery
pastel pastel
crew crew
linear linear
adult adult
minimize minimize
farewell farewell
ballot ballot
scrap scrap
appear appear
creation creation
deck deck
perception perception
exotic exotic
think think
skip skip
partnership community
tin tin
suffer suffer
merit merit
colon colon
bracket bracket pride
breakin breakin
prove prove
nationalism nationalism
magnitude magnitude
craftsman transmission
contract contract
mechanism mechanism
cancel cancel
direct direct
line line
absorption absorption
dose dose
predict predict
feign feign
accessible accessible
maze maze
pupil pupil
fuss fuss
celebration celebration
steward steward
