pride thank cheat contrary alcohol volunteer favorable magnetic nationalism wrong huge rock creation mechanism trick chaos inappropriate lobby wrong administration volunteer adult exit magnitude stadium creation mean preoccupation inhibition present freckle shelter knit national shelter number salmon dose merit tease glide bracket tease community merit direct freckle present inhibition preoccupation pawn smile domestic scatter difference sacrifice belief contract snap trance deter contract craftsman difference fuss sea confidence thread science stunning thread ballot seller steward illustrate battery skip seller fault childish confidence fuss minimize domestic accessible straighten linear smile celebration supply illustrate price service create eyebrow unique scholar service create grind thread bother denial understanding ballot cheat predict bother federation loud mosaic integrated celebration loud hide fortune offensive discrimination laundry combine veteran sight soul laundry deck discrimination feign wear import farewell absorption hypothesize work circle notorious absorption identification bulb desk dialect identification top circle notorious democratic makeup preoccupation crew leave pastel auditor sacrifice suffer line shed ceiling transaction vote company ceiling deficit tribe withdraw line gift mind tin camp direct stroke coerce concern breakin veteran concern reach auditor cancel requirement adult homosexual pity pioneer element addition straighten pity knife dedicate addition east frozen think prove perception cancel pity work sensitivity rabbit work valid clear father mouse traction colon work stubborn pupil partnership beam chief exotic plug struggle different scheme plug scrap berry continental exotic campaign reach mind courtesy suspect whole introduce merit exit stadium mean whole reach exotic crackpot tourist thank large leash dairy pull prove bring basketball prove appear thank equinox pride
98
concern concern
company company
top top
belief belief
hide hide
basketball basketball
battery battery
pastel pastel
crew crew
linear linear
adult adult
minimize minimize
farewell farewell
ballot ballot
scrap scrap
appear appear
creation creation
deck deck
perception perception
childish childish
exotic exotic
think think
skip skip
community community
tin tin
suffer suffer
merit merit
colon colon
bracket bracket
breakin breakin
prove prove
pride pride
nationalism nationalism
magnitude magnitude
continental transmission
contract contract
mechanism mechanism
cancel cancel
direct direct
line line
absorption absorption
dose dose
predict predict
feign feign
accessible accessible
illustrate maze dramatic
pupil pupil
fuss fuss
celebration celebration
steward steward
snap snap
whole whole
salmon salmon
partnership partnership
present present formation
traction traction
thread thread
wrong wrong
desk desk
shelter shelter
denial denial
knit knit
glide glide
dialect dialect
lobby lobby
gift gift
east east
leash leash
loud loud
magnetic magnetic
valid valid
huge huge
berry berry
bring bring
integrated integrated
equinox equinox
soul car
fortune fortune
tribe tribe
create create
seller seller
makeup makeup
homosexual homosexual
deter deter
offensive offensive
mosaic mosaic
trance trance
thank thank
rabbit rabbit
mind mind
inhibition inhibition
work work
craftsman craftsman
domestic domestic
dedicate dedicate
import dilemma
vote vote
transaction transaction
