steward childish belief deck prove belief skip adult farewell magnitude celebration breakin accessible suffer top maze minimize breakin direct contract suffer scrap nationalism linear scrap suffer creation pupil battery mechanism pride tin think line dose exotic transmission appear line dose exotic basketball absorption community company hide concern prove colon company community direct feign fuss pastel feign bracket deck cancel crew ballot childish steward
24
concern concern
company company perception
top top
belief belief
hide hide
basketball basketball
battery battery
pastel pastel
crew crew
linear linear
adult adult
minimize minimize
farewell farewell
ballot ballot
scrap scrap
appear appear
creation creation
deck deck
childish childish
exotic exotic
think think
skip skip
community community
tin tin
