1 160 1 172 1 164 1 132 133 1 100 101 102 103 105 102 101 100 1 33 32 1 110 1 64 1 156 1 56 1 122 124 122 1 6 1 50 51 52 53 55 52 51 50 1 2 3 5 2 1 176 177 178 179 180 181 179 178 177 176 1 156 1 122 1 118 120 119 118 1 150 151 152 155 153 152 151 150 1 106 109 108 106 1 126 127 128 129 130 131 129 128 127 126 1 72 74 72 1 76 77 78 79 80 81 79 78 77 76 1 164 1 72 1 110 1 114 1 64 1 60 62 61 60 1 114 1 56 1 172 174 172 1 68 70 69 71 68 1 26 27 28 29 30 31 29 28 27 26 1 168 169 170 168 1 22 24 22 1 118 119 121 118 1 22 1 160 1 18 19 21 20 19 18 1 68 1 14 17 16 14 1 10 13 12 10 1 168 169 171 168 1 6 1
56
3 3 4
5 5
6 7 8 9
10 11
12 12
13 13
14 15
16 16
17 17
19 19
20 20
21 21
22 23
24 24 25
28 28
30 30
53 53 54
55 55
56 57 58 59
61 61
62 62
60 63
64 65 66 67
69 69
70 70
71 71
72 73
74 74 75
78 78
80 80
103 103 104
105 105
106 107
108 108
109 109
110 111 112 113
114 115 116 117
119 119
120 120
121 121
122 123
124 124 125
128 128
130 130
153 153 154
155 155
156 157 158 159
160 161 162 163
164 165 166 167
169 169
170 170
171 171
172 173
174 174 175
178 178
180 180
