loc0 loc5 loc96 loc15 loc34 loc78 loc26 loc69 loc84 loc88 loc42 loc70 loc51 loc84 loc42 loc25 loc78 loc26 loc75 loc86 loc39 loc94 loc72 loc54 loc64 loc39 loc72 loc15 loc80 loc18 loc14 loc33 loc66 loc89 loc0 loc62 loc87 loc90 loc45 loc6 loc71 loc90 loc81 loc10 loc48 loc31 loc30 loc83 loc24 loc46 loc3 loc30 loc21 loc44 loc87 loc68 loc36 loc19 loc12 loc0 loc11 loc66 loc93 loc58 loc99 loc74 loc63 loc60 loc28 loc63 loc98 loc27 loc58 loc99 loc92 loc0
39
loc0 loc0 loc2 loc38
loc60 loc4 loc60
loc6 loc6
loc42 loc8 loc42
loc10 loc10
loc12 loc12
loc14 loc14
loc99 loc16
loc18 loc18 loc52
loc87 loc20
loc78 loc22 loc78 loc82
loc24 loc24 loc56
loc26 loc26
loc28 loc28
loc30 loc30
loc48 loc32 loc48 loc50
loc34 loc34
loc36 loc36
loc51 loc40 loc76
loc44 loc44
loc46 loc46
loc54 loc54
loc58 loc58
loc62 loc62
loc64 loc64
loc66 loc66
loc68 loc68
loc70 loc70
loc72 loc72
loc74 loc74
loc80 loc80
loc84 loc84
loc86 loc86
loc88 loc88
loc90 loc90
loc92 loc92
loc94 loc94
loc96 loc96
loc98 loc98
