loc0 loc173 loc132 loc191 loc12 loc19 loc150 loc196 loc36 loc68 loc150 loc102 loc36 loc132 loc49 loc150 loc161 loc18 loc122 loc192 loc145 loc66 loc120 loc156 loc57 loc66 loc93 loc116 loc27 loc58 loc99 loc92 loc132 loc115 loc174 loc198 loc87 loc190 loc174 loc83 loc198 loc13 loc144 loc148 loc105 loc50 loc48 loc81 loc10 loc48 loc105 loc106 loc165 loc126 loc151 loc60 loc135 loc126 loc121 loc60 loc16 loc111 loc28 loc63 loc28 loc60 loc73 loc144 loc163 loc90 loc170 loc21 loc90 loc104 loc21 loc90 loc134 loc180 loc182 loc45 loc164 loc6 loc71 loc180 loc162 loc30 loc3 loc46 loc24 loc109 loc114 loc152 loc138 loc153 loc88 loc42 loc70 loc195 loc166 loc168 loc118 loc123 loc130 loc51 loc76 loc138 loc67 loc114 loc199 loc84 loc139 loc42 loc84 loc147 loc176 loc69 loc26 loc78 loc187 loc186 loc167 loc78 loc186 loc34 loc183 loc22 loc186 loc82 loc189 loc22 loc117 loc94 loc177 loc72 loc142 loc177 loc72 loc54 loc39 loc72 loc140 loc96 loc112 loc15 loc184 loc159 loc52 loc141 loc192 loc5 loc96 loc65 loc192 loc18 loc14 loc108 loc33 loc120 loc11 loc0 loc171 loc12 loc55 loc0
79
loc0 loc0
loc132 loc2 loc38 loc62 loc74 loc124 loc132
loc165 loc4 loc128
loc6 loc6
loc147 loc8 loc188
loc10 loc10
loc12 loc12
loc14 loc14
loc16 loc16
loc18 loc18 loc100 loc172 loc178
loc144 loc20 loc32 loc144
loc22 loc22
loc24 loc24
loc26 loc26
loc28 loc28
loc30 loc30
loc34 loc34
loc36 loc36
loc123 loc40 loc110
loc42 loc42
loc198 loc44 loc198
loc46 loc46
loc48 loc48
loc50 loc50
loc52 loc52
loc54 loc54
loc174 loc56 loc174
loc58 loc58
loc60 loc60
loc177 loc64 loc86
loc66 loc66
loc68 loc68
loc70 loc70
loc72 loc72
loc76 loc76
loc78 loc78
loc192 loc80 loc192
loc82 loc82
loc84 loc84
loc88 loc88
loc90 loc90
loc92 loc92
loc94 loc94
loc96 loc96
loc63 loc98
loc102 loc102
loc104 loc104
loc106 loc106
loc108 loc108
loc112 loc112
loc114 loc114
loc116 loc116
loc118 loc118
loc120 loc120
loc122 loc122
loc126 loc126
loc130 loc130
loc134 loc134
loc117 loc136 loc154 loc158 loc194
loc138 loc138
loc140 loc140
loc142 loc142
loc150 loc146 loc150
loc148 loc148
loc152 loc152
loc156 loc156
loc183 loc160
loc162 loc162
loc164 loc164
loc166 loc166
loc168 loc168
loc170 loc170
loc176 loc176
loc180 loc180
loc182 loc182
loc184 loc184
loc186 loc186
loc190 loc190
loc196 loc196
