0 5 10 15 20 25 30 35 41 46 52 57 52 46 41 35 40 45 51 56 62 67 73 78 84 78 73 67 66 65 71 76 82 87 93 98 97 92 86 81 75 80 85 91 85 80 75 70 65 60 55 61 66 72 77 83 88 94 88 83 77 72 66 61 55 50 45 40 35 30 25 31 36 42 47 53 58 64 58 53 47 42 36 31 25 20 15 21 26 32 37 43 37 32 26 21 15 10 5 11 16 22 27 33 38 44 38 33 28 24 19 14 8 3 2 7 13 18 24 18 13 7 2 1 6 12 17 23 28 34 28 23 17 12 6 1 0
41
0 0
2 2
3 3
5 5
6 6
7 7
8 8
10 10
11 11
13 13
16 16
17 17
18 18
20 20
21 21
24 24 29
30 30
34 34 39
35 35
37 37
38 38
41 41
43 43 48
44 44 49
45 45
46 46
47 47
52 52
55 55
57 57 63
61 61
64 64 69
65 65
66 66
70 70
83 83
85 85 90
84 89
91 91 96
92 92
94 94 99
