0 10 20 30 40 50 61 71 82 92 103 113 124 134 145 155 166 176 187 197 196 195 194 193 192 182 171 161 150 160 170 181 191 190 180 170 160 150 140 130 141 151 162 172 162 151 141 130 120 110 121 131 142 152 163 173 163 152 142 131 121 110 100 90 101 111 122 132 143 153 164 174 185 195 196 186 175 165 154 144 133 123 112 102 91 81 70 60 50 40 30 41 51 62 72 83 93 104 114 125 135 146 156 167 177 188 177 167 156 146 135 125 114 104 93 83 72 62 51 41 30 20 10 21 31 42 52 63 73 84 94 105 115 126 136 147 157 168 178 189 179 169 158 148 137 127 116 106 95 85 74 64 53 43 32 22 11 1 2 3 13 24 34 45 55 66 76 87 97 108 118 129 118 108 97 87 76 66 55 45 34 24 13 3 4 5 15 26 36 47 57 68 78 89 78 69 59 49 38 28 17 7 8 18 29 18 8 7 6 16 27 37 27 16 6 5 4 14 25 35 46 56 67 77 88 77 67 56 46 35 25 14 4 3 2 12 23 33 44 54 65 75 86 96 107 117 128 138 128 117 107 96 86 75 65 54 44 33 23 12 2 1 0
92
2 2
4 4
5 5
8 8 9
12 12
15 15
16 16
17 17
18 18
20 20
21 21
22 22
24 24
26 26
29 29 39
31 31
33 33
37 37 48
42 42
43 43
45 45
51 51
53 53
61 61
64 64
67 67
68 68
70 70 80
71 71
72 72
73 73
76 76
77 77
81 81
82 82
83 83
86 86
87 87
89 89 99
94 94
95 95
96 96
88 98
101 101
102 102
103 103
104 104
105 105
107 107
108 108
111 111
114 114
116 116
118 118
120 120
122 122
123 123
125 125
127 127
129 129 139
130 130
132 132
133 133
140 140
146 146
147 147
138 149
150 150
151 151
152 152
153 153
154 154
155 155
158 158
160 160
161 161
164 164
165 165
166 166
167 167
175 175
176 176
178 178
181 181
182 182
172 183
173 184
186 186
187 187
188 188 198
189 189 199
196 196
