start h4 start a3 a1 start h5 h21 h19 h20 h5 start h4 h23 h24 h25 h17 h16 h6 h17 h16 h15 h1 h11 h12 h11 h10 h9 h8 h1 start d1 d2 d4 d3 start e1 e18 e16 e15 e25 e16 e15 e17 start h6 start e3 e4 e6 e8 e6 e4 e3 start c3 c5 c4 c3 c8 c11 c20 c11 c8 c9 c10 c14 c15 c16 c14 c10 c9 c12 c9 c8 c3 start e3 e20 e2 e1 start e7 e11 e10 e23 e12 e10 e11 e9 e7 start c6 c7 c24 c18 c17 c20 c36 c35 c32 c31 c34 c33 c31 c35 c32 c27 c25 c26 c28 c29 c30 c23 c24 c7 c6 start h2 start c3 c1 c2 c3 start
31
c1 c1
c5 c5
c10 c10
c12 c13
c15 c15
c17 c17
c20 c21
c23 c23
c26 c26
c27 c27
c31 c31
c33 c33
d1 d1
d4 d4 d5
a1 a1
start a2 a4 a5
a3 a3
e1 e19
e20 e20
e4 e21
e8 e22
e23 e23
e12 e24
e25 e25
h9 h9
h12 h13
h17 h17
h6 h18
h4 h22
h24 h24
h2 h26
