start a4 a1 start d1 d2 d4 d5 d6 d4 d3 f20 f10 f9 f19 f18 f9 f14 f8 f7 f17 f15 f16 f2 f12 f4 f3 f12 f5 f6 f13 f5 f15 f7 f14 start f11 f1 g7 g6 start a3 g2 g5 start g9 g13 g17 g3 start a2 h7 start g4 g1 g8 g10 g11 g19 g24 g18 g23 g19 g14 g11 g15 g20 h25 h3 start g8 g12 g16 g21 g25 g22 c35 c32 c33 c34 c31 c32 c27 c25 c26 c28 c29 c30 c23 c24 c17 c18 h26 h2 start h5 h19 h20 h5 h21 h9 h8 h1 h15 h14 h11 h12 h13 h10 h11 h1 start h4 h24 h23 h4 h22 e15 e25 e16 e15 e17 start e14 e5 start h6 h18 h16 h6 h17 e21 e4 e22 e8 e6 e4 e3 start e7 e13 e9 e7 e11 e10 e23 e24 e12 e10 e18 e1 e19 e20 e2 e1 start a5 c3 c5 c4 c3 c8 c11 c20 c21 c36 c20 c22 c14 c15 c16 c14 c10 c9 c13 c12 c9 c8 c1 c2 c3 start c6 c7 c24 c18 c19 b18 b23 b27 b26 b24 b20 b25 b21 b15 b22 b21 b20 b19 b18 b17 b16 b11 b3 b4 b12 b11 b10 b12 b13 b6 b14 b13 b5 b2 b8 b1 b7 b8 b9 b10 b16
79
g1 g1
g2 g2
g3 g3
g4 g4
g5 g5
g6 g6
g7 g7
g8 g8
g9 g9
g10 g10
g11 g11
g12 g12
g13 g13
g14 g14
g15 g15
g16 g16
g17 g17
g18 g18
g19 g19
g20 g20
g21 g21
g22 g22
g23 g23
g24 g24
g25 g25
f11 f11
f12 f12
f13 f13
f14 f14
f15 f15
f16 f16
f17 f17
f18 f18
f19 f19
f20 f20
b1 b1
b2 b2
b3 b3
b4 b4
b5 b5
b6 b6
b15 b15
b24 b24
b25 b25
b26 b26
c1 c1
c5 c5
c10 c10
c13 c13
c15 c15
c17 c17
c21 c21
c23 c23
c26 c26
c27 c27
c31 c31
c33 c33
d1 d1
d4 d4
d5 d5
a1 a1
a2 a2
a3 a3
a4 a4
a5 a5
e19 e19
e20 e20
e21 e21
e22 e22
e23 e23
e24 e24
e25 e25
h9 h9
h13 h13
h17 h17
h18 h18
h22 h22
h24 h24
h26 h26
