AA AN BZ CP AI BX CC BN BB BX BQ AI DT DS DG BK BU DS AL DT BA DL BJ AT CR CB DM CL AX BS CU AX DM CO DH BG CO AT DR CF CW DD CZ CF CK AW CF BD DV AY BD CD CZ CT CA DR AZ BE BT DQ AC BT DP BI AV DK AS AV CM CS BC CM AD CY DB BL AD CG AE BV AD AT DL DE DC BA CJ CX CV CH BW CV CJ BM DI BW AQ DN DA BP DN BY AP DN AK BF DA AH AG DJ AU AO CQ DU CN AJ AR CI CE BO DF BH CE BR AJ AF BR DO AB CN AG AO AM BZ
50
AF AF
AJ AJ
AL AL
AM AM
AN AN
AP AP
AT AT
AU AU
AV AV
AY AY
AZ AZ
BC BC
BD BD
BF BF
BG BG
BI BI
BL BL
BN BN
BP BP
BS BS
BU BU
BV BV
BY BY
BZ BZ
CA CA
CB CB
CD CD
CF CF
CL CL
CN CN
CP CP
CQ CQ
CS CS
CU CU
CV CV
CW CW
CZ CZ
DB DB
DC DC
DD DD
DF DF
DG DG
DI DI
DL DL
DM DM
DO DO
DP DP
DQ DQ
DU DU
DV DV
