Qatar India Netherlands Qatar GazaStrip Argentina Qatar America Honduras Qatar Dominica Georgia Qatar Montenegro Senegal Qatar Belgium Tajikistan Qatar Tonga Cuba Qatar Albania France Albania Nicaragua CzechRepublic MarshallIslands SouthAfrica RussianFederation MarshallIslands Morocco VaticanCity MarshallIslands Serbia Gabon Madagascar Serbia Lebanon Tuvalu Serbia Indonesia Cambodia Turkmenistan Indonesia Angola Somalia Indonesia Serbia Mali Kyrgyzstan Serbia Australia Qatar SierraLeone Newfoundland Qatar Macedonia Grenada Qatar DemofChina CentralAfricanRep Qatar Haiti EastTimor Uruguay Bhutan Danzig Uruguay Liberia Philippines Uruguay Iran Kosovo Uruguay Sweden Mexico Uruguay Portugal Fiji Uruguay Paraguay UnitedKingdom Uruguay DemCongo Oman Uruguay Colombia Peru Uruguay Mozambique UnitedKingdom Jamaica Azerbaijan Mongolia Iceland GuineaBissau Mongolia Estonia UAE Mongolia Armenia Uruguay India Qatar
40
Mongolia Mongolia Tanzania
Albania Albania
America America
Kyrgyzstan Kyrgyzstan
VaticanCity VaticanCity
Armenia Armenia
CzechRepublic CzechRepublic
Peru Peru
UnitedKingdom UnitedKingdom
Tuvalu Tuvalu
Mali Mali
UAE UAE
France France Andorra
Serbia Guyana CostaRica Tunisia
Kosovo Kosovo
Australia Australia
Gabon Gabon
RussianFederation RussianFederation
Nicaragua Nicaragua
Netherlands Netherlands
Tajikistan Tajikistan
Mozambique Mozambique
Qatar Burundi Belarus SanMarino Egypt SaintLucia Singapore
GuineaBissau GuineaBissau
SierraLeone SierraLeone
Senegal Senegal
Sweden Sweden
Lebanon Lebanon
Montenegro Montenegro
Danzig Danzig
Georgia Georgia
Angola Angola
Haiti Haiti
Liberia Liberia
Morocco Morocco
Uruguay Uzbekistan Malta
Macedonia Macedonia
Belgium Belgium
Estonia Estonia
DemofChina DemofChina
