Albania Ghana RepIreland Albania Azerbaijan Poland Albania Andorra Lithuania Albania Moldova Kuwait Albania Brazil Seychelles Albania RepCongo ElSalvador Albania PapuaNewGuinea Iraq Albania Croatia SierraLeone Albania Egypt America Albania Malaysia NorthKorea Albania SaudiArabia UAE Albania Slovenia SaoTomPrincipe Albania Greece Germany Albania Argentina Nicaragua Albania Suriname Mauritania Albania Chile Qatar Albania Singapore VaticanCity Albania SaintKitts Estonia Albania SanMarino MountAthos Albania India Chad Albania Zambia SouthKorea Albania Slovakia Comoros Albania CzechRepublic Georgia Albania Tanzania Gabon Albania Cyprus Malawi Albania Mali Armenia Albania Lebanon Rwanda Canada Belarus Burundi Canada Morocco Mongolia Canada Spain Madagascar Canada Sudan Algeria Canada Cambodia Cameroon Canada Mexico MarshallIslands Canada Monaco Guatemala Canada Taiwan Kenya Canada AntiguaDeps Luxembourg Canada EquatorGuinea Tajikistan Canada Botswana DemofChina Canada Somalia Iceland Canada Bahamas Malta Canada Honduras Jordan Canada EastTimor Venezuela Canada Belize Uruguay CostaRica Sweden Uruguay Angola Mauritius Uruguay Kiribati Pakistan Uruguay Switzerland Kyrgyzstan Uruguay Canada Samoa France Swaziland Hungary Denmark Swaziland Libya GazaStrip Swaziland Ukraine Bahrain Swaziland Tonga Guinea Swaziland Philippines Netherlands GuineaBissau Kazakhstan Netherlands Tuvalu Rome Netherlands UnitedKingdom DomRepublic Netherlands Zimbabwe Togo Netherlands CentralAfricanRep Kosovo Netherlands Guyana Austria Netherlands SolomonIslands Montenegro Netherlands NewZealand Mozambique Netherlands Yemen IvoryCoast Netherlands Maldives SriLanka Netherlands Bulgaria Tunisia Netherlands Palau Turkmenistan Netherlands Nepal Panama Netherlands Danzig Bangladesh Netherlands Senegal Romania Netherlands Israel SaintLucia Netherlands DemCongo SaintVincent Netherlands Australia Uganda Netherlands SouthAfrica Fiji Netherlands Djibouti Haiti Netherlands Oman Liberia Netherlands Burma Uzbekistan Netherlands Dominica Latvia Netherlands Namibia Serbia Finland Paraguay Barbados Grenada Paraguay Belgium Portugal Paraguay Indonesia Thailand Paraguay Jamaica Niger Paraguay Nigeria RussianFederation Paraguay Lesotho Burkina Paraguay Norway Vanuatu Iran Cuba Vanuatu Newfoundland Eritrea Vanuatu Paraguay Netherlands Laos Vietnam Benin TheGambia Vietnam Bolivia Syria Vietnam Ecuador Afghanistan Vietnam BosHerzegovina Peru Vietnam Macedonia TrinidadTobago Vietnam Colombia Liechtenstein Vietnam Italy CapeVerde Vietnam Micronesia Bhutan Ethiopia Nauru Vietnam Netherlands Swaziland Canada Brunei Turkey Japan Brunei
100
Paraguay Paraguay
Vanuatu Vanuatu
Ethiopia Ethiopia
Latvia Latvia
Venezuela Venezuela
Burkina Burkina
Gabon Gabon
Comoros Comoros
Pakistan Pakistan
Fiji Fiji
MountAthos MountAthos
Mauritius Mauritius
SaintLucia SaintLucia
Burma Burma
Luxembourg Luxembourg
Finland Finland
Estonia Estonia
Israel Israel
VaticanCity VaticanCity
Romania Romania
Qatar Qatar
Rwanda Rwanda
Mauritania Mauritania
CapeVerde CapeVerde
Liechtenstein Liechtenstein
Germany Germany
Norway Norway
France France
Panama Panama
SaoTomPrincipe SaoTomPrincipe
RussianFederation RussianFederation
Djibouti Djibouti
Bahamas Bahamas
EquatorGuinea EquatorGuinea
Tunisia Tunisia
UAE UAE
Bulgaria Bulgaria
SriLanka SriLanka
NorthKorea NorthKorea
IvoryCoast IvoryCoast
Niger Niger
Cyprus Cyprus
Kiribati Kiribati
Thailand Thailand
Yemen Yemen
America America
Eritrea Eritrea
Newfoundland Newfoundland
SierraLeone SierraLeone
Peru Peru
Kosovo Kosovo
Guatemala Guatemala
BosHerzegovina BosHerzegovina
Chile Chile
Maldives Maldives
Dominica Dominica
SolomonIslands SolomonIslands
Bhutan Bhutan
CentralAfricanRep CentralAfricanRep
Ukraine Ukraine
Suriname Suriname
Danzig Danzig
Togo Togo
Portugal Portugal
Seychelles Seychelles
Algeria Algeria
Rome Rome
PapuaNewGuinea PapuaNewGuinea
Greece Greece
Lithuania Lithuania
Poland Poland
Grenada Grenada
Tanzania Tanzania
SaintKitts SaintKitts
Mongolia Mongolia
Serbia Serbia
Argentina Argentina
Cuba Cuba
Italy Italy
Belarus Belarus
Kazakhstan Kazakhstan
Japan Japan
TheGambia TheGambia
Switzerland Switzerland
Jamaica Jamaica
NewZealand NewZealand
Lesotho Lesotho
Andorra Andorra
SaudiArabia SaudiArabia
Hungary Hungary
Brazil Brazil
Mali Mali
Philippines Philippines
Nepal Nepal
Cambodia Cambodia
UnitedKingdom UnitedKingdom
Malaysia Malaysia
Laos Laos
Australia Australia
Slovenia Slovenia
