Nepal Rome Bulgaria Seychelles UAE Vietnam SaintLucia Poland Newfoundland Gabon Niger Vietnam Belgium Botswana Fiji Vietnam Serbia Panama Afghanistan Kuwait SouthAfrica Afghanistan DemCongo Jamaica Mauritius Bahrain Afghanistan Vietnam RepCongo Palau Vietnam Newfoundland Taiwan Tajikistan NewZealand Slovakia TheGambia VaticanCity MarshallIslands TheGambia NewZealand BosHerzegovina Newfoundland Australia Suriname CentralAfricanRep Newfoundland Estonia Ecuador Iceland UnitedKingdom Slovenia Azerbaijan Belarus Iceland SriLanka Ghana Tanzania SriLanka Liechtenstein Argentina Nepal GuineaBissau Georgia
25
Liechtenstein Liechtenstein
Palau Palau
Vietnam Vietnam
Estonia Estonia
Afghanistan Afghanistan
Georgia Georgia
Panama Panama
MarshallIslands MarshallIslands
Fiji Fiji
Azerbaijan Azerbaijan
NewZealand NewZealand
Kuwait Kuwait
Suriname Suriname
Argentina Argentina
Mauritius Mauritius
SaintLucia SaintLucia
UAE UAE
Belarus Belarus
Botswana Botswana
Serbia Serbia
VaticanCity VaticanCity
Tajikistan Tajikistan
Slovakia Slovakia
Tanzania Tanzania
Niger Niger
