l0 h18 h23 l30 h27 l10 l9 l31 h32 h29 l30 h30 h21 h30 h20 l7 h19 l6 l39 h2 l33 h48 l43 l21 h48 l33 l6 h20 l20 h29 l31 h31 h18 l34 l0 h0 l23 h49 h12 l15 h14 l48 l4 h12 l16 l23 l45 l0 h33 h47 h34 h38 h34 l11 h38 l32 h36 l12 h17 l12 l5 l32 l29 l37 l4 h12 l15 h14 h24 h44 h25 h39 l13 l36 h46 l27 l36 h41 l36 l13 l26 h26 l49 l46 h9 h11 l42 h6 h42 h7 h42 h6 l41 l42 h6 l2 l1 h4 l40 h8 l1 h8 h3 h5 l18 h24 l8 l19 h25 l8 l17 l47 l22 h44 h1 l38 l0
43
h0 h0
h1 h1
h2 h2
h3 h3
h4 h4
h5 h5
h6 h6
h7 h7 h10
h8 h8
h9 h9
h11 h11
h12 h12 h13
h14 h14
h38 h15 h38
l12 h16
h17 h17 h37 h43
h18 h18
h19 h19
h20 h20
h21 h21 h22
h23 h23
h24 h24
h25 h25
h26 h26
h27 h27
l7 h28
h29 h29
h30 h30
h31 h31
h32 h32
h33 h33
h34 h34
h41 h35 h41
h36 h36
h39 h39
l13 h40
h42 h42
h44 h44
l1 h45
h46 h46
h47 h47
h48 h48
h49 h49
