vBhpoFdJZxyttIlfaf7D qkrT0EYt8AHuefFD25g1 XWHR07Y6kfSBbEuD62PN ZYwKC5uFmtW0QjsMiT9A Qf8fIpH8k30NerFGYAIM cFXGQ6tDn5lo60W3mw1y ZYwKC5uFmtW0QjsMiT9A 0smtcWECRVW5IqVm6wBj n2Cqtp5v2DuwGX7LhuzE JEGgKJfdY8owvwdYhKMk mv3tFPDoT2NlrLp24T9l d6xeP6xeDJ3O2jY8D4pB vLwJebpyApE3MPksc9OW r7zzQREzwZK5s2plOEMb d6xeP6xeDJ3O2jY8D4pB rMd1TXBMCuFfO59jF1Tq 9B0w6Ahn3NsugfNn6veD d6xeP6xeDJ3O2jY8D4pB 37APL8dpwT5Ds5AIG0t4 vBhpoFdJZxyttIlfaf7D iboL4JgkqVZaEWXpgBVJ ORsS8PhYU7QJhPkIo1xK JN17iRC4tStS65wVP34v XgDMuo1AqytyG9qTqNv4 uUumBfQJDh6S0d06Kb78 J25RC7bcYE8mQfyYQhBt ORsS8PhYU7QJhPkIo1xK uUumBfQJDh6S0d06Kb78 lNXOSirtCXW7TPygvsll cs6LkMYfySGYUzb8VLcc HP9rCKizazA8tTd6EvQn MiPSEwVMn3bbGh4tbRTf RpMJGAvULIBCQ0RI369s zs7X4IJgeJEM8iqAbvF3 iLoZi9Udouf2bH9NFsk4 W1oKj4YwVrgRk8CEP5N8 7PoxePhwnlLvMilKVpER 4ilNvg3IkxoJuvkwqYsS Qs0K7PGKCJNOLMDZLnEf eoouXbauUEZFoVnISdZW KuHO8xRrArMMDCKffmsm oFNlFPub6zLirsQwo0fu 8mLI4Cl8exxeLw5eLCvi jTdja1e2hUhydiExPlJM fp9JaV5iTp8QxXwwkR68 R8y8GsBEYGcYG98ELdKo wHEcyeduhdH7p3Lr1PtC TbpWcxfO0os3IWSajbDY eoouXbauUEZFoVnISdZW R8y8GsBEYGcYG98ELdKo MNehJysDvnWQbbvHSbNi z4v1d4jdbvLBqzq8O4Ca p8vaf7BxwhTHVQ7xf14T wHEcyeduhdH7p3Lr1PtC xVHVP9vjiW3Srf3J1yYm XX8iZd9Mw56dkKCstFAC 535WuquKiicRqEyzCI3d gpVfP7ILbg2pDpIPQr5Q PTLuDKOoq7xOBNmDYZyZ Q3XFYOsTKSzlksoFZpSk rkMvLqMMN5Aq3onq5XeZ Iz79VMi2nkM7feHNxIEU x46nB6Iwp6wweeEhyIVP KdfPZ6xz4cOaMLpuBPMV YcxUAlL7DgkVgq8Zmqcx EHYUZOt1fTtm7KJue8on x46nB6Iwp6wweeEhyIVP qHwCsNomWkpZ3C6j94Cj ohy3S5QXymEhh63dMBQE KyDQmUshvaOMIokV4BFs NAqhSs9OpS9XtIaJtTCD J00g7hlLLSWTXvTYK9v2 UZ0TKwjLE8ZLiMJfWLZ4 R7crXexksQ4TN5zY2ck3 WwLzOfqcc3FIzub2jh8R 2rqhmYoGMbGcAZmcRrhF R7crXexksQ4TN5zY2ck3 2LthmnS3Cdd5FBfY5GQ9 NAqhSs9OpS9XtIaJtTCD InZnvPu8h9zAoLCNj2in fHfopcx4v3MKBN0TMn7s KyDQmUshvaOMIokV4BFs 3k0aPItJckmjybSSZ7vB XYk0VV4ujV55qqS8YiHV PTLuDKOoq7xOBNmDYZyZ t9sKEbhLg4hRMCMxdZiD wRuGNazG4ZAxqcI0KBgs DybFcuyeWxt51LawzVvs eKaPpzrMwOPxNzeoOSFH wRuGNazG4ZAxqcI0KBgs 17OoKHzumyPaqfjSSc7S 6PPTzNGrNxrgfdvm8cwZ sZEJEKZ8ZhIllqXsuj72 t9sKEbhLg4hRMCMxdZiD W1jWYYdH0atiKtbaVDRT eoouXbauUEZFoVnISdZW ByStsnhiga1DCz50VNGG iki3BohF22ET0rMPxXQ5 qM7lEl3z2COceXw7x0EC j0gfpSkQuY2aCnSASDK5 6koX1rNvAwrB84m39eQv RHcsiimy7VJf61UVhM9I tUVqKo1E6AibIE6zShkv 6koX1rNvAwrB84m39eQv e6i9mgbc8DjzYsf61uhQ 4DVjJLwQqqsLyduGJ9b0 6koX1rNvAwrB84m39eQv pQXOuOEmPXLWYcp1NGOw lNXOSirtCXW7TPygvsll XBxLd5K0m0Gtk5fTL45q WN0Nl06Zx9w6LYUHMZam 8Le4AI986fwHZXPoOMK1 nB1RHSnvjX4nG0Tch5En WN0Nl06Zx9w6LYUHMZam R6ZzYYWqarkWldqbKDab j0gfpSkQuY2aCnSASDK5 vZUMyUDxLY7qRIRiUPr2 iki3BohF22ET0rMPxXQ5 gpVfP7ILbg2pDpIPQr5Q xVHVP9vjiW3Srf3J1yYm fMf4OEuDhzQ5lzL1yC1p vBhpoFdJZxyttIlfaf7D
49
eKaPpzrMwOPxNzeoOSFH eKaPpzrMwOPxNzeoOSFH
EHYUZOt1fTtm7KJue8on EHYUZOt1fTtm7KJue8on
mv3tFPDoT2NlrLp24T9l mv3tFPDoT2NlrLp24T9l
InZnvPu8h9zAoLCNj2in InZnvPu8h9zAoLCNj2in
6PPTzNGrNxrgfdvm8cwZ 6PPTzNGrNxrgfdvm8cwZ
R7crXexksQ4TN5zY2ck3 R7crXexksQ4TN5zY2ck3
XBxLd5K0m0Gtk5fTL45q XBxLd5K0m0Gtk5fTL45q
ohy3S5QXymEhh63dMBQE ohy3S5QXymEhh63dMBQE
9B0w6Ahn3NsugfNn6veD 9B0w6Ahn3NsugfNn6veD
W1jWYYdH0atiKtbaVDRT W1jWYYdH0atiKtbaVDRT
6koX1rNvAwrB84m39eQv 6koX1rNvAwrB84m39eQv
nB1RHSnvjX4nG0Tch5En nB1RHSnvjX4nG0Tch5En
8mLI4Cl8exxeLw5eLCvi 8mLI4Cl8exxeLw5eLCvi
17OoKHzumyPaqfjSSc7S 17OoKHzumyPaqfjSSc7S
RpMJGAvULIBCQ0RI369s RpMJGAvULIBCQ0RI369s
jTdja1e2hUhydiExPlJM jTdja1e2hUhydiExPlJM
qM7lEl3z2COceXw7x0EC qM7lEl3z2COceXw7x0EC
fHfopcx4v3MKBN0TMn7s fHfopcx4v3MKBN0TMn7s
7PoxePhwnlLvMilKVpER RRlYwTFLYqL48JIMSAmC 7PoxePhwnlLvMilKVpER
MiPSEwVMn3bbGh4tbRTf MiPSEwVMn3bbGh4tbRTf
WN0Nl06Zx9w6LYUHMZam WN0Nl06Zx9w6LYUHMZam
4ilNvg3IkxoJuvkwqYsS 4ilNvg3IkxoJuvkwqYsS
d6xeP6xeDJ3O2jY8D4pB d6xeP6xeDJ3O2jY8D4pB
rMd1TXBMCuFfO59jF1Tq rMd1TXBMCuFfO59jF1Tq
XX8iZd9Mw56dkKCstFAC XX8iZd9Mw56dkKCstFAC
wHEcyeduhdH7p3Lr1PtC wHEcyeduhdH7p3Lr1PtC
cs6LkMYfySGYUzb8VLcc cs6LkMYfySGYUzb8VLcc
NAqhSs9OpS9XtIaJtTCD NAqhSs9OpS9XtIaJtTCD
JEGgKJfdY8owvwdYhKMk JEGgKJfdY8owvwdYhKMk
tUVqKo1E6AibIE6zShkv tUVqKo1E6AibIE6zShkv
rkMvLqMMN5Aq3onq5XeZ rkMvLqMMN5Aq3onq5XeZ
37APL8dpwT5Ds5AIG0t4 37APL8dpwT5Ds5AIG0t4
J00g7hlLLSWTXvTYK9v2 J00g7hlLLSWTXvTYK9v2
WwLzOfqcc3FIzub2jh8R WwLzOfqcc3FIzub2jh8R
oFNlFPub6zLirsQwo0fu oFNlFPub6zLirsQwo0fu
8Le4AI986fwHZXPoOMK1 8Le4AI986fwHZXPoOMK1
n2Cqtp5v2DuwGX7LhuzE n2Cqtp5v2DuwGX7LhuzE
fp9JaV5iTp8QxXwwkR68 fp9JaV5iTp8QxXwwkR68
R6ZzYYWqarkWldqbKDab R6ZzYYWqarkWldqbKDab
XYk0VV4ujV55qqS8YiHV XYk0VV4ujV55qqS8YiHV
2LthmnS3Cdd5FBfY5GQ9 2LthmnS3Cdd5FBfY5GQ9
DybFcuyeWxt51LawzVvs DybFcuyeWxt51LawzVvs
uUumBfQJDh6S0d06Kb78 uUumBfQJDh6S0d06Kb78
zs7X4IJgeJEM8iqAbvF3 zs7X4IJgeJEM8iqAbvF3
qkrT0EYt8AHuefFD25g1 qkrT0EYt8AHuefFD25g1
XWHR07Y6kfSBbEuD62PN XWHR07Y6kfSBbEuD62PN
iki3BohF22ET0rMPxXQ5 iki3BohF22ET0rMPxXQ5
535WuquKiicRqEyzCI3d 535WuquKiicRqEyzCI3d
vLwJebpyApE3MPksc9OW vLwJebpyApE3MPksc9OW
