Mf966TmCJF9l0PTKetVd dOWv4G57nxm9UArCvQlq ZQab4dDWTHUWkDUJqBSO aH2XDl7CjGFhEP3bbYjH NtZncVsU7O40k1BXousH aU4DeG46NC8vRU6N0ahg QMmklR1fA1rnjMsU1WMc Man5mweIdA0oHezvIoTH pMRS1IvCw1ndT7Ffg1bE HR7q1SHXYoV1oWoyahgt N1nCqBhBKMK7yfEHWDsK S0PhmGw8tyUPzxvRSE5R XM2epDdQlzVNrldkM9rh OGxA8YvD4WfIxOfmtWm4 vWQ9gSPmhR2i5UglG1Cy Crbc9OlCoJ9dTIJXXsjb VaRx19QfIOvUT5pZyulj y1iGOFRKdlQM0ghlotSn ABk14cfS7j3v5H7oJg69 Crbc9OlCoJ9dTIJXXsjb kk9hnZxxBFZfHSf7jyEB JfWSVxbK8iOEPzK7FV9x jXruIBVvU1ZXoT4EkgxD vWQ9gSPmhR2i5UglG1Cy 9vP489zmTCThBqN2SC1r f3aTBneDuZi0oYXARvcm BPT5ZnXHY4PLKTlszS8H jsxdUxf9Osj1u9ZOfA8H lbdkv57MCZ97lfIXEhIW JWE9kJZ3fUSBbRtkVScl IwnN6xRahpjWnxZTYR2F ydEppVwK15UN0USyP00U lbdkv57MCZ97lfIXEhIW Hpniux0SkkA6CliHWNDc pST2UibVvaFs7NnElOiM kGhQ3uDjcFA7MLP7UF4W TkZ4LHIfwKap48xdp8m2 fsCdklolnC3ndvzFtyM3 BMDtuwGZg1f1rj5A1b3x eO6DzL77RKRtHIXSDRed 56ePYTmTGzdOHfvnLEPd fsCdklolnC3ndvzFtyM3 bBJ5TDHtVrSIxXmQJ63J uabtazFhzr2OrOfWllzO TkZ4LHIfwKap48xdp8m2 pST2UibVvaFs7NnElOiM NvfSRypj4POoHWC3jDz3 pxBA1Tii62WPeRWcccVp TmdW4dU59umpgT9XX8G3 p6bp9pYgtaGo4Q50DQAM Hpniux0SkkA6CliHWNDc 4c7jdZfXlaPz4IZbgKcx wgaIQdSLkfrgCwxikw7V 0avddYNUUSifDVnh6Pkn BcvYB1mubFuRTbgMUsXg RrBlUMzlEzdRa5S1pyiF czjPVxJvSz9DoMc0Y7Vv zwf9ghy1nblZx3HkGhp8 ul7ierPjffkmvfh4Ylme eA2uctxdjBuXDZUrmUHy zwf9ghy1nblZx3HkGhp8 sJyumTmEoi4MWbaRoNlm 4c7jdZfXlaPz4IZbgKcx ksXyQQNO2sSJacUypI8V A92K5Cd1GT55aemqW0vQ WQlZty1AKP9gLfjz0EYW u4VGAkqq00Jhej3knMJI 1wZce3qjltyIzzlL1Zfw ksXyQQNO2sSJacUypI8V sJyumTmEoi4MWbaRoNlm 2Ya6qX2a8hTrk7y5kV3V 2bMCdMiNzTpm8a2kNe9G WDY5ApSXtzd8TcqEYyFr GzkbHop7cJv0CvjQalTE tQezqRP7sIoxGpSN4jn9 jsxdUxf9Osj1u9ZOfA8H Ic20PkDM6xxefUTvJEIQ 17QNzmQeHZetXwmICrNB yk5giKs9pvqErT2HCEPA JfzkldRR1w0Y52KBg47D CLNCAWQgYnzuvt7RChAf abfQYXbANnzx1AWQXKif a6uUA0TEdnZwD1b73O9r lW4ZBzIV5QnNgb3BgJPj rOZoFnpTntC6wvysu9Xh a6uUA0TEdnZwD1b73O9r 7ArLVA3N0doHBQAlCDtl KCy3uvDFe4h3kwRgxFiX vXEVHH4q4UMva6wWns8S XTp3YhYjdFwpfCd1sHBr q4ugkwSY6ViNm0c39aSs sSdPSXUotKahf03SRnBn OUMbAfpzy5GRzgDEKokb 1EtrR5H9A3TMUPS71hPl WZxeHszJ2ShfYgJs53YV DMIhznlgV4TccTaZ33Ir 0O3lDJvzYSiuZNzHimQX cQteqX6tIl3ToXV5rCSz fsor2KpQJ6EjVccpDv9W 0O3lDJvzYSiuZNzHimQX fmXI2fiRDKGKDk7Lczzs Xucw5TdPOzp0SQGWHjkE WZxeHszJ2ShfYgJs53YV RqcyjsZaW5Whm3g5SmeN Ad4iMaOuAofXNjJzNKWl TBEGhhvsdStRJh2Eqkyf Q4jkxyPtGKis0eXik3Gg AjMqEYKq0eELwsiEhQNE fmXI2fiRDKGKDk7Lczzs KXqYiLdUxtSnooxFj1Ib kVdbGuYm0jD2q8vsLFHY 1EtrR5H9A3TMUPS71hPl ZPAxEbVjKWTr0cDqLbA0 OUMbAfpzy5GRzgDEKokb BLgd9OLqnPIJY5LCIxDK abfQYXbANnzx1AWQXKif lbdkv57MCZ97lfIXEhIW 9vP489zmTCThBqN2SC1r GzkbHop7cJv0CvjQalTE trOoQ3enuOI8GUJqwAMC flliQzyn5hSC8yLOMyYJ 3Kf7NbRAPMqHxYOVsqnT rzYdrZxXnbXlOjFVWVaR flliQzyn5hSC8yLOMyYJ 4CVQrsejmjPmVL7elf2w 3Kf7NbRAPMqHxYOVsqnT wyZ3Q4gHyaxpdYdezyjU ny999OXXkLqLzEchYJti MgfIiwMElh8mtTDc3OTG GzkbHop7cJv0CvjQalTE 26qGQxnCCbJ2EOhN7Gcj 5ebtvAsyAh8vEmm1Z3wm Y5ZKsuPbCDUQp5LjPNey fBow0nU9fNO0JnF2yfaM NTeJtbm5gSnTWXQ3LvSI Y5ZKsuPbCDUQp5LjPNey fBow0nU9fNO0JnF2yfaM QtUoaFUFBMw7V9DHgrcf KKiBHd9DTQAd6AZYxlK3 wtlCpdxHbUUmSY7DnD2u 3Yod5nNtIcKNmTtNQ3xH Y5ZKsuPbCDUQp5LjPNey 5ebtvAsyAh8vEmm1Z3wm 3T9xfmao9oirmnybMmQj W1IcDWCQWwTCriXsjtm4 pqICMkxXlmeDQjitgIAG 3wnWMN13hDOpLfn819VH XfWllIgv9lA6ZwGuKvLt 88lI6lUbCFloNqfPp9qO R87rV3jFUvYuE0RN4Z4a UvtGaTsTes8Gs4gE8ya3 jZUUy27kZ3z2uIv0PGPy VZozLuXR9oTwtUW9knOQ XfWllIgv9lA6ZwGuKvLt 7c4FoaFf1TJetsLZUEok CxdADQl1Lh5mGQMAravk VI6bhpg8nr2U3bjLEpMD z0JVyC97F2sfYOHDsqCd HhITLZSwERe6osGRUBXt VI6bhpg8nr2U3bjLEpMD 88lI6lUbCFloNqfPp9qO YrtjNlKZcZnAXu7owFPA mczsYYfo4mGnUa8T6O4K mGfIqoDGGajPXw9RvY8S QH0BDGvVyxRCKFz8HI8X jAzyDyaN1mD5Ei1RjCiO ZzUJWpXUZeO1dCVdodSV V1NRtDFpLgUvdcMNRDCv CHHJQHxp9VQGraviPBS2 cAkwFDH7tSQkP40ewGcD Yw0z9L8p6xIk7hgYCgVd byF5FvS6RJUrgCsP3o6T D8EqP7YYAGp7ozDJsFab hdzMlRPopi59kMOfpHEo cAkwFDH7tSQkP40ewGcD V1NRtDFpLgUvdcMNRDCv iRg3oRlKsAtLuOm5tUrC bLojQFXmB5k6r0zKTWYe R87rV3jFUvYuE0RN4Z4a 4mdSIFCsq2HySOzm2H4M km12BN3CByUGmRV2tX7b acwLCbshqBQuYbTzAPRI Ijl4CEfXgYPnLQsaG3l2 UvtGaTsTes8Gs4gE8ya3 SQhK0n9L9aixdJxvdeKd yjTU6mb0sXWr7Nh8SghO vfUng4KWHMI1EW7MPH8O PLyQF48YPXs4LxxIxWHM 1crXui4lUlMG7IuTFiXo SpEuZchEqWugbZTYkaxm lrLgTYF7nIsDkEYlxuHz PLyQF48YPXs4LxxIxWHM zPr2hM1BB6QwzrT9Cto2 1crXui4lUlMG7IuTFiXo y3cL4LyhfEAlU1Jj1Xj6 W1IcDWCQWwTCriXsjtm4 zDq8bGYKiSYw3c53IWfw 0lQJttb9mqclt5GB6G6p VqBuOSJBVqxMG4rldwQn yjTU6mb0sXWr7Nh8SghO PUpX9hnq8lCr2MuEM79X 4mRiy2s23Ljl4N4CqEav GfTqQpqjWivAFXbCN2BL QZIvvAQe1weWyQjLrGi1 XtOSIksCxQPAzChWtB8x yjTU6mb0sXWr7Nh8SghO aQjUMkqTLL2xI6AuCLxX SQhK0n9L9aixdJxvdeKd e2usEAoRX2qu6mneHOxg 8tOQbReSdxKFsG9CYbZK 1aGCWVuyE8DRxIV204ZW ZDA7k1XMUYTsnmCfuUtR wNmo9den9k6ySqzO7o0M Ejmw9YVfbgpcODCHCJUP 4mRiy2s23Ljl4N4CqEav s7HXjvUAOobkeOC6hmGZ 4O2VEkN1ftjvLwoNouzB YbSp45JPsR0boD7yz5qS 8tOQbReSdxKFsG9CYbZK 4O2VEkN1ftjvLwoNouzB XM2epDdQlzVNrldkM9rh BCVfaQnOCgLubJ23r8nF FhyU3TGCVWgCcMMzAMS1 Xltsv4pWecfDbEIf7wIT XTJsnlniS8VBeA1RWlnv e2usEAoRX2qu6mneHOxg XM2epDdQlzVNrldkM9rh N1nCqBhBKMK7yfEHWDsK 0cfjMDiHCYlJddbR72mX fKajGKNXD5NbLKxWiJ47 gjqmwx8KEwk7C9l818J6 pUShkBWCgx4vSxXmfOcy 0cfjMDiHCYlJddbR72mX 1EtrR5H9A3TMUPS71hPl jSyASeaGB6ErFY6XJcnd S0PhmGw8tyUPzxvRSE5R QMfugTdL8cMnu7owJzpL b2icxuMf1zEyF7ImMEzE HKK5Jm9eHd0V7gvBWuw9 mdRWNgW1OXg5UTxZCHoS ssOocUX1m3f6XkTvZtJV QMfugTdL8cMnu7owJzpL lfkDpy0Dzjb65M4poJ5N N7mkTpLI9Mgh0txBOflw dlI05mdojdMEdSLIkWsG lfkDpy0Dzjb65M4poJ5N U480q7KMBV6u0CxF9qHV NtZncVsU7O40k1BXousH lfkDpy0Dzjb65M4poJ5N tH0lbMmdJDVlC4Pr7uAb Mf966TmCJF9l0PTKetVd
99
JWE9kJZ3fUSBbRtkVScl JWE9kJZ3fUSBbRtkVScl
CxdADQl1Lh5mGQMAravk CxdADQl1Lh5mGQMAravk
QMmklR1fA1rnjMsU1WMc QMmklR1fA1rnjMsU1WMc
7c4FoaFf1TJetsLZUEok 7c4FoaFf1TJetsLZUEok
KCy3uvDFe4h3kwRgxFiX KCy3uvDFe4h3kwRgxFiX
Y5ZKsuPbCDUQp5LjPNey Y5ZKsuPbCDUQp5LjPNey
byF5FvS6RJUrgCsP3o6T byF5FvS6RJUrgCsP3o6T
56ePYTmTGzdOHfvnLEPd 56ePYTmTGzdOHfvnLEPd
u4VGAkqq00Jhej3knMJI u4VGAkqq00Jhej3knMJI
NvfSRypj4POoHWC3jDz3 NvfSRypj4POoHWC3jDz3
YrtjNlKZcZnAXu7owFPA YrtjNlKZcZnAXu7owFPA
GfTqQpqjWivAFXbCN2BL GfTqQpqjWivAFXbCN2BL
OGxA8YvD4WfIxOfmtWm4 OGxA8YvD4WfIxOfmtWm4
czjPVxJvSz9DoMc0Y7Vv czjPVxJvSz9DoMc0Y7Vv
fsCdklolnC3ndvzFtyM3 fsCdklolnC3ndvzFtyM3
jAzyDyaN1mD5Ei1RjCiO jAzyDyaN1mD5Ei1RjCiO
BcvYB1mubFuRTbgMUsXg BcvYB1mubFuRTbgMUsXg
VaRx19QfIOvUT5pZyulj VaRx19QfIOvUT5pZyulj
3Yod5nNtIcKNmTtNQ3xH 3Yod5nNtIcKNmTtNQ3xH
bLojQFXmB5k6r0zKTWYe bLojQFXmB5k6r0zKTWYe
wtlCpdxHbUUmSY7DnD2u wtlCpdxHbUUmSY7DnD2u
VqBuOSJBVqxMG4rldwQn VqBuOSJBVqxMG4rldwQn
NtZncVsU7O40k1BXousH NtZncVsU7O40k1BXousH
IwnN6xRahpjWnxZTYR2F IwnN6xRahpjWnxZTYR2F
km12BN3CByUGmRV2tX7b km12BN3CByUGmRV2tX7b
AjMqEYKq0eELwsiEhQNE AjMqEYKq0eELwsiEhQNE
wyZ3Q4gHyaxpdYdezyjU wyZ3Q4gHyaxpdYdezyjU
p6bp9pYgtaGo4Q50DQAM p6bp9pYgtaGo4Q50DQAM
1wZce3qjltyIzzlL1Zfw 1wZce3qjltyIzzlL1Zfw
ZDA7k1XMUYTsnmCfuUtR ZDA7k1XMUYTsnmCfuUtR
ydEppVwK15UN0USyP00U ydEppVwK15UN0USyP00U
W1IcDWCQWwTCriXsjtm4 W1IcDWCQWwTCriXsjtm4
TkZ4LHIfwKap48xdp8m2 TkZ4LHIfwKap48xdp8m2
4CVQrsejmjPmVL7elf2w 4CVQrsejmjPmVL7elf2w
dOWv4G57nxm9UArCvQlq dOWv4G57nxm9UArCvQlq
mGfIqoDGGajPXw9RvY8S mGfIqoDGGajPXw9RvY8S OyOgefgJfgx6VwEfudZn
lrLgTYF7nIsDkEYlxuHz lrLgTYF7nIsDkEYlxuHz
JfWSVxbK8iOEPzK7FV9x JfWSVxbK8iOEPzK7FV9x
kGhQ3uDjcFA7MLP7UF4W kGhQ3uDjcFA7MLP7UF4W
S0PhmGw8tyUPzxvRSE5R S0PhmGw8tyUPzxvRSE5R
tH0lbMmdJDVlC4Pr7uAb tH0lbMmdJDVlC4Pr7uAb
1crXui4lUlMG7IuTFiXo 1crXui4lUlMG7IuTFiXo
rzYdrZxXnbXlOjFVWVaR rzYdrZxXnbXlOjFVWVaR
acwLCbshqBQuYbTzAPRI acwLCbshqBQuYbTzAPRI
bBJ5TDHtVrSIxXmQJ63J bBJ5TDHtVrSIxXmQJ63J
BLgd9OLqnPIJY5LCIxDK BLgd9OLqnPIJY5LCIxDK
TmdW4dU59umpgT9XX8G3 TmdW4dU59umpgT9XX8G3
XfWllIgv9lA6ZwGuKvLt XfWllIgv9lA6ZwGuKvLt
7ArLVA3N0doHBQAlCDtl 7ArLVA3N0doHBQAlCDtl
zDq8bGYKiSYw3c53IWfw zDq8bGYKiSYw3c53IWfw
Xucw5TdPOzp0SQGWHjkE Xucw5TdPOzp0SQGWHjkE
QZIvvAQe1weWyQjLrGi1 QZIvvAQe1weWyQjLrGi1
Hpniux0SkkA6CliHWNDc Hpniux0SkkA6CliHWNDc
WQlZty1AKP9gLfjz0EYW WQlZty1AKP9gLfjz0EYW
aH2XDl7CjGFhEP3bbYjH aH2XDl7CjGFhEP3bbYjH
WZxeHszJ2ShfYgJs53YV WZxeHszJ2ShfYgJs53YV
SQhK0n9L9aixdJxvdeKd SQhK0n9L9aixdJxvdeKd
JfzkldRR1w0Y52KBg47D JfzkldRR1w0Y52KBg47D
R87rV3jFUvYuE0RN4Z4a R87rV3jFUvYuE0RN4Z4a
trOoQ3enuOI8GUJqwAMC trOoQ3enuOI8GUJqwAMC
e2usEAoRX2qu6mneHOxg e2usEAoRX2qu6mneHOxg
RrBlUMzlEzdRa5S1pyiF RrBlUMzlEzdRa5S1pyiF
cAkwFDH7tSQkP40ewGcD cAkwFDH7tSQkP40ewGcD
UvtGaTsTes8Gs4gE8ya3 UvtGaTsTes8Gs4gE8ya3
TBEGhhvsdStRJh2Eqkyf TBEGhhvsdStRJh2Eqkyf
HhITLZSwERe6osGRUBXt HhITLZSwERe6osGRUBXt
0O3lDJvzYSiuZNzHimQX 0O3lDJvzYSiuZNzHimQX
2bMCdMiNzTpm8a2kNe9G 2bMCdMiNzTpm8a2kNe9G
ZPAxEbVjKWTr0cDqLbA0 ZPAxEbVjKWTr0cDqLbA0
Yw0z9L8p6xIk7hgYCgVd Yw0z9L8p6xIk7hgYCgVd
4mdSIFCsq2HySOzm2H4M 4mdSIFCsq2HySOzm2H4M
Ic20PkDM6xxefUTvJEIQ Ic20PkDM6xxefUTvJEIQ
GzkbHop7cJv0CvjQalTE GzkbHop7cJv0CvjQalTE
1aGCWVuyE8DRxIV204ZW 1aGCWVuyE8DRxIV204ZW
4mRiy2s23Ljl4N4CqEav 4mRiy2s23Ljl4N4CqEav
jZUUy27kZ3z2uIv0PGPy jZUUy27kZ3z2uIv0PGPy
sSdPSXUotKahf03SRnBn sSdPSXUotKahf03SRnBn
wNmo9den9k6ySqzO7o0M wNmo9den9k6ySqzO7o0M
N7mkTpLI9Mgh0txBOflw N7mkTpLI9Mgh0txBOflw
y3cL4LyhfEAlU1Jj1Xj6 y3cL4LyhfEAlU1Jj1Xj6
BCVfaQnOCgLubJ23r8nF BCVfaQnOCgLubJ23r8nF
KKiBHd9DTQAd6AZYxlK3 KKiBHd9DTQAd6AZYxlK3
HKK5Jm9eHd0V7gvBWuw9 HKK5Jm9eHd0V7gvBWuw9
CLNCAWQgYnzuvt7RChAf CLNCAWQgYnzuvt7RChAf
PLyQF48YPXs4LxxIxWHM PLyQF48YPXs4LxxIxWHM
eA2uctxdjBuXDZUrmUHy eA2uctxdjBuXDZUrmUHy
aU4DeG46NC8vRU6N0ahg aU4DeG46NC8vRU6N0ahg
Crbc9OlCoJ9dTIJXXsjb Crbc9OlCoJ9dTIJXXsjb
pxBA1Tii62WPeRWcccVp pxBA1Tii62WPeRWcccVp
Q4jkxyPtGKis0eXik3Gg Q4jkxyPtGKis0eXik3Gg
iRg3oRlKsAtLuOm5tUrC iRg3oRlKsAtLuOm5tUrC
kVdbGuYm0jD2q8vsLFHY kVdbGuYm0jD2q8vsLFHY
Ad4iMaOuAofXNjJzNKWl Ad4iMaOuAofXNjJzNKWl
b2icxuMf1zEyF7ImMEzE b2icxuMf1zEyF7ImMEzE
a6uUA0TEdnZwD1b73O9r a6uUA0TEdnZwD1b73O9r
5ebtvAsyAh8vEmm1Z3wm 5ebtvAsyAh8vEmm1Z3wm
ul7ierPjffkmvfh4Ylme ul7ierPjffkmvfh4Ylme
CHHJQHxp9VQGraviPBS2 CHHJQHxp9VQGraviPBS2
flliQzyn5hSC8yLOMyYJ flliQzyn5hSC8yLOMyYJ
