0EzLvznzqSsDTCbR5WWQ b69ITlIgTtPRUIpmSw5o Auo4k9dWSL8IPJ5ZlV3y KcET1WyqLHLe0WoWjg9K wrf0xNKoLGLKfuhe6hpI NdK8ArCf2MlrWBNZD2Os m5Au4RgVgXhOUKbKSdGW cZGUbNgsLGnuZE3Ot20K DTB9kDmUQnvnbA15dyNs ZjpED98yiQMn3rWbS8xE wyGmGIrbcEWTpb0hhuRQ cZGUbNgsLGnuZE3Ot20K HET4yE4ksHFmFRytJhfu E0qx1qnBHaTxztHrfCii LTgssryHh3BZe1w1IMJd pWBi6tyyRZpOm0dbsZfH m5Au4RgVgXhOUKbKSdGW 3iRTkaf7suaV2i91D7AI 0t5LNxEUvcjoE0cwwEbN OW93fm7JGxvGIWWhVC1r 75EgdJC8MacBE2zKZlon hk9ECfFhibg7bmIlco5h j7jI3vJM5SWQs3N9YWK4 G1veNpxkPsctj7nF0LnD wr15IrVI9ypnsXqeVJz5 EvkNKg3FzDd0NJzzyEt4 IVZaGmLbfT5MQpxXO2DP TWpWLT2JICvczaB6q8Bo hk9ECfFhibg7bmIlco5h j0WEafPmBPNuvhf6ZEsy oEaVwHLjAMvlaIULtgxD 75EgdJC8MacBE2zKZlon sTkrLjSI0wAyZQvL0L8q N0EmviMgt156P2Bd7oet kp7zOmTPtP689yQVQHhJ 3iRTkaf7suaV2i91D7AI piNBrUZvBcV7Df1TXrww i2LSx9yjqfqqgvPEwf0F 4ZMxz7AKccmgx6JK5gZn oFJmSdI9Mubs3awqWY5w i2LSx9yjqfqqgvPEwf0F pv0BsC9reZAUPyAAwfcN piNBrUZvBcV7Df1TXrww idUlMWK1ZaKWh4awCdHY LtVuPtXkki7L0rCf1ysG K5LnOJV1Zh18kgMnZsVe LS3fS52ozGva9KBtcfZZ iVX7TtjHXcE8SyeIBcE6 Z66yYaYopYkEhHIEeEpL tnUjNl6cWuoaXQEfxH4p lEZ0YMvUzTvQYxlTiMir LtVuPtXkki7L0rCf1ysG mEX8P8Nbd8sILX8SAXJz lEZ0YMvUzTvQYxlTiMir WQLrydIe30SyZWUYR0o9 I7VRK3VugXxRlgxCe54Q lEZ0YMvUzTvQYxlTiMir b69ITlIgTtPRUIpmSw5o YRtAAkfi0YIaAv0XqGni KcET1WyqLHLe0WoWjg9K 0EzLvznzqSsDTCbR5WWQ
24
m5Au4RgVgXhOUKbKSdGW m5Au4RgVgXhOUKbKSdGW
HET4yE4ksHFmFRytJhfu HET4yE4ksHFmFRytJhfu
I7VRK3VugXxRlgxCe54Q I7VRK3VugXxRlgxCe54Q
wrf0xNKoLGLKfuhe6hpI wrf0xNKoLGLKfuhe6hpI
LS3fS52ozGva9KBtcfZZ LS3fS52ozGva9KBtcfZZ
idUlMWK1ZaKWh4awCdHY idUlMWK1ZaKWh4awCdHY vgcAaadTbDs3lU9Z1t49
N0EmviMgt156P2Bd7oet N0EmviMgt156P2Bd7oet
TWpWLT2JICvczaB6q8Bo TWpWLT2JICvczaB6q8Bo
b69ITlIgTtPRUIpmSw5o b69ITlIgTtPRUIpmSw5o
pWBi6tyyRZpOm0dbsZfH pWBi6tyyRZpOm0dbsZfH
oFJmSdI9Mubs3awqWY5w oFJmSdI9Mubs3awqWY5w
LtVuPtXkki7L0rCf1ysG LtVuPtXkki7L0rCf1ysG
YRtAAkfi0YIaAv0XqGni YRtAAkfi0YIaAv0XqGni
hk9ECfFhibg7bmIlco5h hk9ECfFhibg7bmIlco5h
cZGUbNgsLGnuZE3Ot20K cZGUbNgsLGnuZE3Ot20K
lEZ0YMvUzTvQYxlTiMir lEZ0YMvUzTvQYxlTiMir
LTgssryHh3BZe1w1IMJd LTgssryHh3BZe1w1IMJd
tnUjNl6cWuoaXQEfxH4p tnUjNl6cWuoaXQEfxH4p
j7jI3vJM5SWQs3N9YWK4 j7jI3vJM5SWQs3N9YWK4
3iRTkaf7suaV2i91D7AI 3iRTkaf7suaV2i91D7AI
75EgdJC8MacBE2zKZlon 75EgdJC8MacBE2zKZlon
IVZaGmLbfT5MQpxXO2DP IVZaGmLbfT5MQpxXO2DP
K5LnOJV1Zh18kgMnZsVe K5LnOJV1Zh18kgMnZsVe
4ZMxz7AKccmgx6JK5gZn 4ZMxz7AKccmgx6JK5gZn
