point0 point70 point72 point68 point67 point85 point96 point87 point89 point87 point95 point92 point93 point90 point88 point90 point77 point80 point83 point120 point132 point141 point133 point137 point139 point140 point139 point135 point139 point136 point137 point139 point135 point132 point141 point179 point189 point183 point167 point189 point168 point185 point190 point182 point190 point185 point175 point177 point178 point171 point172 point168 point178 point173 point176 point174 point169 point171 point160 point163 point162 point163 point153 point144 point148 point151 point146 point143 point152 point154 point149 point145 point144 point148 point147 point113 point81 point121 point127 point123 point127 point126 point121 point129 point125 point130 point104 point112 point110 point111 point113 point116 point115 point103 point107 point102 point108 point105 point101 point97 point103 point107 point103 point114 point99 point102 point112 point110 point111 point113 point117 point156 point118 point128 point122 point125 point119 point84 point78 point76 point83 point74 point82 point77 point83 point76 point75 point73 point65 point64 point66 point68 point67 point68 point70 point0 point52 point50 point49 point59 point49 point50 point58 point51 point50 point49 point12 point10 point53 point57 point61 point7 point53 point57 point54 point15 point1 point12 point2 point9 point5 point28 point29 point32 point29 point35 point30 point26 point44 point37 point47 point40 point39 point45 point39 point40 point38 point41 point37 point33 point31 point33 point25 point33 point31 point34 point36 point28 point29 point16 point32 point18 point20 point15 point5 point18 point14 point21 point22 point24 point66 point68 point63 point69 point0
72
point1 point1
point22 point3
point5 point5
point15 point6 point13 point15
point10 point10 point11
point16 point16
point32 point17
point18 point18
point21 point21
point34 point27 point34
point29 point29
point30 point30
point31 point31
point33 point33
point38 point38
point39 point39 point43
point40 point40
point41 point41
point45 point42
point49 point49
point51 point51
point52 point52
point54 point54
point50 point55
point59 point56
point67 point67 point109
point69 point69
point72 point72
point73 point73
point75 point75
point76 point76 point79
point78 point78
point83 point83
point85 point85
point93 point86
point87 point87
point89 point89 point91
point88 point94
point107 point100
point102 point102
point103 point103
point108 point108
point110 point110
point111 point111
point112 point112
point113 point113
point115 point115
point119 point119
point120 point120
point122 point122
point123 point123 point124
point126 point126
point135 point131 point135
point132 point132 point138
point140 point134
point139 point139
point144 point144 point157
point148 point148
point149 point149
point151 point151
point152 point152
point153 point153
point163 point155 point163
point162 point158 point162
point160 point160
point172 point172
point177 point177
point179 point179
point141 point180
point183 point183
point185 point184 point185
point182 point187
