1 71 69 82 59 33 65 15 60 85 17 82 40 9 57 61 26 52 66 17 59 11 7 85 87 34 5 50 80 56 50 45 25 50 8 12 6 47 51 48 49 41 48 19 67 88 42 2 27 19 79 73 83 18 64 14 18 46 22 75 37 30 81 72 30 4 75 13 3 10 89 77 31 3 78 20 73 70 28 51 32 47 43 74 63 55 29 63 76 36 38 86 68 62 44 68 39 16 29 23 24 53 54 24 58 84 21 86 35
43
1 1
3 3
4 4
5 5
6 6
9 9
12 12
14 14
15 15
20 20
23 23
25 25
27 27
31 31
33 33
34 34
36 36
37 37
40 40
41 41
42 42
46 46
47 47
48 48
49 49
52 52
53 53
54 54
56 56
59 59
60 60
68 68
71 71
73 73
75 75
76 76
77 77
79 79
84 84
85 85
86 86
87 87
89 89
