55 57 35 123 129 61 123 122 179 62 42 50 6 113 15 40 97 109 175 79 65 94 73 169 143 169 74 99 142 41 18 99 187 18 3 175 148 3 109 155 54 127 53 9 44 67 76 52 64 116 134 32 150 49 52 103 167 156 31 30 164 126 34 2 170 27 124 136 124 105 183 32 116 72 9 44 8 53 178 28 98 172 28 114 1 40 181 144 191 146 90 139 56 85 180 75 125 188 132 24 141 81 128 80 102 88 112 147 26 174 66 140 58 133 23 10 95 184 69 107 87 157 153 78 22 153 184 163 10 23 58 166 140 43 66 88 93 154 86 80 125 171 100 149 89 131 39 121 168 7 138 110 14 138 118 14 36 185 89 20 161 130 162 177 45 84 12 130 151 11 161 108 92 4 16 177 173 57 182 101 37 38 29 158 120 51 106 63 48 115 21 158 29 47 19 25 46 145 111 189 176 111 137 68 82 33 186 159 59 152 119 104 59 96 186 33 48 91 55
93
8 8
9 9
11 11
12 12
15 13 15 135
16 16
14 17
20 20
26 26
27 27
29 29
30 30
32 32
33 33
36 36
40 40
41 41
42 42
43 43
45 45
48 48
49 49
53 53
54 54
56 56
57 57
58 58
59 59
61 61
62 62
63 63
66 66
67 67
189 71 189
74 74
76 76
143 77
78 78
80 80
81 81
82 83
85 85
86 86
88 88
90 90
91 91
97 97
101 101
105 105
106 106
107 107
109 109
111 111
113 113
114 114
115 115
116 116
118 118
119 119
122 122
126 126
131 131
133 133
134 134
137 137
140 140
146 146
148 148
149 149
150 150
151 151
152 152
153 153
158 158
159 159
136 160
162 162
163 163
166 166
168 168
170 170
171 171
172 172
173 173
175 175
177 177
179 179
181 181
182 182
184 184
185 185
186 186
188 188
